[35m[1mConsolidate compiler generated dependencies of target ControlMotor[0m
[ 50%] [32mBuilding CXX object CMakeFiles/ControlMotor.dir/src/ControlMotor.cpp.o[0m
[01m[K/home/ubuntu/Desktop/AK8064_ws_Jun/src/motor_driver/src/ControlMotor.cpp:[m[K In member function â€˜[01m[Kvirtual void MotorController::control(const MotorData&)[m[Kâ€™:
[01m[K/home/ubuntu/Desktop/AK8064_ws_Jun/src/motor_driver/src/ControlMotor.cpp:1001:37:[m[K [01;31m[Kerror: [m[Kâ€˜[01m[Kcurrent_repeat[m[Kâ€™ was not declared in this scope; did you mean â€˜[01m[Kcurrent_repeat_[m[Kâ€™?
 1001 |                                 if ([01;31m[Kcurrent_repeat[m[K < repeat_) {
      |                                     [01;31m[K^~~~~~~~~~~~~~[m[K
      |                                     [32m[Kcurrent_repeat_[m[K
gmake[2]: *** [CMakeFiles/ControlMotor.dir/build.make:76: CMakeFiles/ControlMotor.dir/src/ControlMotor.cpp.o] Error 1
gmake[1]: *** [CMakeFiles/Makefile2:137: CMakeFiles/ControlMotor.dir/all] Error 2
gmake: *** [Makefile:146: all] Error 2
