[01m[K/home/ubuntu/Desktop/AK8064_ws_Jun/src/motor_driver/src/ControlMotor.cpp:[m[K In member function â€˜[01m[Kvoid MotorController::initializeParameters()[m[Kâ€™:
[01m[K/home/ubuntu/Desktop/AK8064_ws_Jun/src/motor_driver/src/ControlMotor.cpp:2154:70:[m[K [01;31m[Kerror: [m[Kâ€˜[01m[Ktemp_positions_cmd[m[Kâ€™ was not declared in this scope; did you mean â€˜[01m[Ktemp_positions[m[Kâ€™?
 2154 | fix_ + "target_positions_cmd", [01;31m[Ktemp_positions_cmd[m[K);
      |                                [01;31m[K^~~~~~~~~~~~~~~~~~[m[K
      |                                [32m[Ktemp_positions[m[K
gmake[2]: *** [CMakeFiles/ControlMotor.dir/build.make:76: CMakeFiles/ControlMotor.dir/src/ControlMotor.cpp.o] Error 1
gmake[1]: *** [CMakeFiles/Makefile2:137: CMakeFiles/ControlMotor.dir/all] Error 2
gmake: *** [Makefile:146: all] Error 2
