[0.006s] Invoking command in '/home/ubuntu/Desktop/AK8064_ws_Jun/build/motor_driver': AMENT_PREFIX_PATH=/home/ubuntu/Desktop/AK8064_ws_Jun/install/can_interface:${AMENT_PREFIX_PATH} CMAKE_PREFIX_PATH=/home/ubuntu/Desktop/AK8064_ws_Jun/install/can_interface:/opt/ros/humble LD_LIBRARY_PATH=/home/ubuntu/Desktop/AK8064_ws_Jun/install/can_interface/lib:${LD_LIBRARY_PATH} /usr/bin/cmake --build /home/ubuntu/Desktop/AK8064_ws_Jun/build/motor_driver -- -j8 -l8
[0.034s] [35m[1mConsolidate compiler generated dependencies of target ControlMotor[0m
[0.048s] [ 50%] [32mBuilding CXX object CMakeFiles/ControlMotor.dir/src/ControlMotor.cpp.o[0m
[1.811s] [01m[K/home/ubuntu/Desktop/AK8064_ws_Jun/src/motor_driver/src/ControlMotor.cpp:[m[K In member function â€˜[01m[Kvirtual void MotorController::setParameters(const std::vector<rcl_interfaces::msg::Parameter_<std::allocator<void> >, std::allocator<rcl_interfaces::msg::Parameter_<std::allocator<void> > > >&)[m[Kâ€™:
[1.811s] [01m[K/home/ubuntu/Desktop/AK8064_ws_Jun/src/motor_driver/src/ControlMotor.cpp:1920:30:[m[K [01;31m[Kerror: [m[Kno matching function for call to â€˜[01m[KMotorController::validateSpeed(float&)[m[Kâ€™
[1.811s]  1920 |                 [01;31m[KvalidateSpeed(new_speed)[m[K;
[1.811s]       |                 [01;31m[K~~~~~~~~~~~~~^~~~~~~~~~~[m[K
[1.811s] [01m[K/home/ubuntu/Desktop/AK8064_ws_Jun/src/motor_driver/src/ControlMotor.cpp:2092:10:[m[K [01;36m[Knote: [m[Kcandidate: â€˜[01m[Kvoid MotorController::validateSpeed()[m[Kâ€™
[1.811s]  2092 |     void [01;36m[KvalidateSpeed[m[K() {
[1.811s]       |          [01;36m[K^~~~~~~~~~~~~[m[K
[1.811s] [01m[K/home/ubuntu/Desktop/AK8064_ws_Jun/src/motor_driver/src/ControlMotor.cpp:2092:10:[m[K [01;36m[Knote: [m[K  candidate expects 0 arguments, 1 provided
[1.811s] [01m[K/home/ubuntu/Desktop/AK8064_ws_Jun/src/motor_driver/src/ControlMotor.cpp:1924:30:[m[K [01;31m[Kerror: [m[Kno matching function for call to â€˜[01m[KMotorController::validateAccel(float&)[m[Kâ€™
[1.811s]  1924 |                 [01;31m[KvalidateAccel(new_accel)[m[K;
[1.812s]       |                 [01;31m[K~~~~~~~~~~~~~^~~~~~~~~~~[m[K
[1.812s] [01m[K/home/ubuntu/Desktop/AK8064_ws_Jun/src/motor_driver/src/ControlMotor.cpp:2100:10:[m[K [01;36m[Knote: [m[Kcandidate: â€˜[01m[Kvoid MotorController::validateAccel()[m[Kâ€™
[1.812s]  2100 |     void [01;36m[KvalidateAccel[m[K() {
[1.812s]       |          [01;36m[K^~~~~~~~~~~~~[m[K
[1.812s] [01m[K/home/ubuntu/Desktop/AK8064_ws_Jun/src/motor_driver/src/ControlMotor.cpp:2100:10:[m[K [01;36m[Knote: [m[K  candidate expects 0 arguments, 1 provided
[1.812s] [01m[K/home/ubuntu/Desktop/AK8064_ws_Jun/src/motor_driver/src/ControlMotor.cpp:1928:29:[m[K [01;31m[Kerror: [m[Kno matching function for call to â€˜[01m[KMotorController::validateStep(int&)[m[Kâ€™
[1.812s]  1928 |                 [01;31m[KvalidateStep(new_step)[m[K;
[1.812s]       |                 [01;31m[K~~~~~~~~~~~~^~~~~~~~~~[m[K
[1.812s] [01m[K/home/ubuntu/Desktop/AK8064_ws_Jun/src/motor_driver/src/ControlMotor.cpp:2108:10:[m[K [01;36m[Knote: [m[Kcandidate: â€˜[01m[Kvoid MotorController::validateStep()[m[Kâ€™
[1.812s]  2108 |     void [01;36m[KvalidateStep[m[K() {
[1.812s]       |          [01;36m[K^~~~~~~~~~~~[m[K
[1.812s] [01m[K/home/ubuntu/Desktop/AK8064_ws_Jun/src/motor_driver/src/ControlMotor.cpp:2108:10:[m[K [01;36m[Knote: [m[K  candidate expects 0 arguments, 1 provided
[1.812s] [01m[K/home/ubuntu/Desktop/AK8064_ws_Jun/src/motor_driver/src/ControlMotor.cpp:1932:31:[m[K [01;31m[Kerror: [m[Kno matching function for call to â€˜[01m[KMotorController::validateRepeat(int&)[m[Kâ€™
[1.813s]  1932 |                 [01;31m[KvalidateRepeat(new_repeat)[m[K;
[1.813s]       |                 [01;31m[K~~~~~~~~~~~~~~^~~~~~~~~~~~[m[K
[1.813s] [01m[K/home/ubuntu/Desktop/AK8064_ws_Jun/src/motor_driver/src/ControlMotor.cpp:2115:10:[m[K [01;36m[Knote: [m[Kcandidate: â€˜[01m[Kvoid MotorController::validateRepeat()[m[Kâ€™
[1.813s]  2115 |     void [01;36m[KvalidateRepeat[m[K() {
[1.813s]       |          [01;36m[K^~~~~~~~~~~~~~[m[K
[1.813s] [01m[K/home/ubuntu/Desktop/AK8064_ws_Jun/src/motor_driver/src/ControlMotor.cpp:2115:10:[m[K [01;36m[Knote: [m[K  candidate expects 0 arguments, 1 provided
[4.300s] gmake[2]: *** [CMakeFiles/ControlMotor.dir/build.make:76: CMakeFiles/ControlMotor.dir/src/ControlMotor.cpp.o] Error 1
[4.300s] gmake[1]: *** [CMakeFiles/Makefile2:137: CMakeFiles/ControlMotor.dir/all] Error 2
[4.300s] gmake: *** [Makefile:146: all] Error 2
[4.301s] Invoked command in '/home/ubuntu/Desktop/AK8064_ws_Jun/build/motor_driver' returned '2': AMENT_PREFIX_PATH=/home/ubuntu/Desktop/AK8064_ws_Jun/install/can_interface:${AMENT_PREFIX_PATH} CMAKE_PREFIX_PATH=/home/ubuntu/Desktop/AK8064_ws_Jun/install/can_interface:/opt/ros/humble LD_LIBRARY_PATH=/home/ubuntu/Desktop/AK8064_ws_Jun/install/can_interface/lib:${LD_LIBRARY_PATH} /usr/bin/cmake --build /home/ubuntu/Desktop/AK8064_ws_Jun/build/motor_driver -- -j8 -l8
