[01m[K/home/ubuntu/Desktop/AK8064_ws_Jun/src/motor_driver/src/ControlMotor.cpp:1547:2:[m[K [01;31m[Kerror: [m[Kexpected â€˜[01m[K}[m[Kâ€™ at end of input
 1547 | }
      |  [01;31m[K^[m[K
[01m[K/home/ubuntu/Desktop/AK8064_ws_Jun/src/motor_driver/src/ControlMotor.cpp:953:49:[m[K [01;36m[Knote: [m[Kto match this â€˜[01m[K{[m[Kâ€™
  953 | otorController : public IMotorController [01;36m[K{[m[K
      |                                          [01;36m[K^[m[K

[01m[K/home/ubuntu/Desktop/AK8064_ws_Jun/src/motor_driver/src/ControlMotor.cpp:[m[K In constructor â€˜[01m[KMotorController::MotorController(uint8_t, std::shared_ptr<ICANInterface>, rclcpp::Node*, const string&)[m[Kâ€™:
[01m[K/home/ubuntu/Desktop/AK8064_ws_Jun/src/motor_driver/src/ControlMotor.cpp:957:11:[m[K [01;31m[Kerror: [m[Kclass â€˜[01m[KMotorController[m[Kâ€™ does not have any field named â€˜[01m[Kmotor_id_[m[Kâ€™
  957 |         : [01;31m[Kmotor_id_[m[K(motor_id), can_(can), node_(node), logger_(node->get_logger()),
      |           [01;31m[K^~~~~~~~~[m[K
[01m[K/home/ubuntu/Desktop/AK8064_ws_Jun/src/motor_driver/src/ControlMotor.cpp:957:32:[m[K [01;31m[Kerror: [m[Kclass â€˜[01m[KMotorController[m[Kâ€™ does not have any field named â€˜[01m[Kcan_[m[Kâ€™
  957 |         : motor_id_(motor_id), [01;31m[Kcan_[m[K(can), node_(node), logger_(node->get_logger()),
      |                                [01;31m[K^~~~[m[K
[01m[K/home/ubuntu/Desktop/AK8064_ws_Jun/src/motor_driver/src/ControlMotor.cpp:957:43:[m[K [01;31m[Kerror: [m[Kclass â€˜[01m[KMotorController[m[Kâ€™ does not have any field named â€˜[01m[Knode_[m[Kâ€™
  957 | otor_id_(motor_id), can_(can), [01;31m[Knode_[m[K(node), logger_(node->get_logger()),
      |                                [01;31m[K^~~~~[m[K

[01m[K/home/ubuntu/Desktop/AK8064_ws_Jun/src/motor_driver/src/ControlMotor.cpp:957:56:[m[K [01;31m[Kerror: [m[Kclass â€˜[01m[KMotorController[m[Kâ€™ does not have any field named â€˜[01m[Klogger_[m[Kâ€™
  957 | r_id), can_(can), node_(node), [01;31m[Klogger_[m[K(node->get_logger()),
      |                                [01;31m[K^~~~~~~[m[K

[01m[K/home/ubuntu/Desktop/AK8064_ws_Jun/src/motor_driver/src/ControlMotor.cpp:958:11:[m[K [01;31m[Kerror: [m[Kclass â€˜[01m[KMotorController[m[Kâ€™ does not have any field named â€˜[01m[Kstate_[m[Kâ€™
  958 |           [01;31m[Kstate_[m[K(State::INITIALIZING), is_origin_set_(false), is_home_(false),
      |           [01;31m[K^~~~~~[m[K
[01m[K/home/ubuntu/Desktop/AK8064_ws_Jun/src/motor_driver/src/ControlMotor.cpp:958:18:[m[K [01;31m[Kerror: [m[Kâ€˜[01m[KState[m[Kâ€™ has not been declared
  958 |           state_([01;31m[KState[m[K::INITIALIZING), is_origin_set_(false), is_home_(false),
      |                  [01;31m[K^~~~~[m[K
[01m[K/home/ubuntu/Desktop/AK8064_ws_Jun/src/motor_driver/src/ControlMotor.cpp:958:40:[m[K [01;31m[Kerror: [m[Kclass â€˜[01m[KMotorController[m[Kâ€™ does not have any field named â€˜[01m[Kis_origin_set_[m[Kâ€™
  958 |   state_(State::INITIALIZING), [01;31m[Kis_origin_set_[m[K(false), is_home_(false),
      |                                [01;31m[K^~~~~~~~~~~~~~[m[K

[01m[K/home/ubuntu/Desktop/AK8064_ws_Jun/src/motor_driver/src/ControlMotor.cpp:958:63:[m[K [01;31m[Kerror: [m[Kclass â€˜[01m[KMotorController[m[Kâ€™ does not have any field named â€˜[01m[Kis_home_[m[Kâ€™
  958 | IZING), is_origin_set_(false), [01;31m[Kis_home_[m[K(false),
      |                                [01;31m[K^~~~~~~~[m[K

[01m[K/home/ubuntu/Desktop/AK8064_ws_Jun/src/motor_driver/src/ControlMotor.cpp:959:11:[m[K [01;31m[Kerror: [m[Kclass â€˜[01m[KMotorController[m[Kâ€™ does not have any field named â€˜[01m[Kcurrent_target_index_[m[Kâ€™
  959 |           [01;31m[Kcurrent_target_index_[m[K(0), reach_counter_(0), target_reached_(true),
      |           [01;31m[K^~~~~~~~~~~~~~~~~~~~~[m[K
[01m[K/home/ubuntu/Desktop/AK8064_ws_Jun/src/motor_driver/src/ControlMotor.cpp:959:37:[m[K [01;31m[Kerror: [m[Kclass â€˜[01m[KMotorController[m[Kâ€™ does not have any field named â€˜[01m[Kreach_counter_[m[Kâ€™
  959 |      current_target_index_(0), [01;31m[Kreach_counter_[m[K(0), target_reached_(true),
      |                                [01;31m[K^~~~~~~~~~~~~~[m[K

[01m[K/home/ubuntu/Desktop/AK8064_ws_Jun/src/motor_driver/src/ControlMotor.cpp:959:56:[m[K [01;31m[Kerror: [m[Kclass â€˜[01m[KMotorController[m[Kâ€™ does not have any field named â€˜[01m[Ktarget_reached_[m[Kâ€™
  959 | _index_(0), reach_counter_(0), [01;31m[Ktarget_reached_[m[K(true),
      |                                [01;31m[K^~~~~~~~~~~~~~~[m[K

[01m[K/home/ubuntu/Desktop/AK8064_ws_Jun/src/motor_driver/src/ControlMotor.cpp:960:11:[m[K [01;31m[Kerror: [m[Kclass â€˜[01m[KMotorController[m[Kâ€™ does not have any field named â€˜[01m[Kspeed_[m[Kâ€™
  960 |           [01;31m[Kspeed_[m[K(10000.0), accel_(1000.0), min_angle_(0.0), max_angle_(90.0),
      |           [01;31m[K^~~~~~[m[K
[01m[K/home/ubuntu/Desktop/AK8064_ws_Jun/src/motor_driver/src/ControlMotor.cpp:960:28:[m[K [01;31m[Kerror: [m[Kclass â€˜[01m[KMotorController[m[Kâ€™ does not have any field named â€˜[01m[Kaccel_[m[Kâ€™
  960 |           speed_(10000.0), [01;31m[Kaccel_[m[K(1000.0), min_angle_(0.0), max_angle_(90.0),
      |                            [01;31m[K^~~~~~[m[K
[01m[K/home/ubuntu/Desktop/AK8064_ws_Jun/src/motor_driver/src/ControlMotor.cpp:960:44:[m[K [01;31m[Kerror: [m[Kclass â€˜[01m[KMotorController[m[Kâ€™ does not have any field named â€˜[01m[Kmin_angle_[m[Kâ€™
  960 | eed_(10000.0), accel_(1000.0), [01;31m[Kmin_angle_[m[K(0.0), max_angle_(90.0),
      |                                [01;31m[K^~~~~~~~~~[m[K

[01m[K/home/ubuntu/Desktop/AK8064_ws_Jun/src/motor_driver/src/ControlMotor.cpp:960:61:[m[K [01;31m[Kerror: [m[Kclass â€˜[01m[KMotorController[m[Kâ€™ does not have any field named â€˜[01m[Kmax_angle_[m[Kâ€™
  960 | cel_(1000.0), min_angle_(0.0), [01;31m[Kmax_angle_[m[K(90.0),
      |                                [01;31m[K^~~~~~~~~~[m[K

[01m[K/home/ubuntu/Desktop/AK8064_ws_Jun/src/motor_driver/src/ControlMotor.cpp:961:11:[m[K [01;31m[Kerror: [m[Kclass â€˜[01m[KMotorController[m[Kâ€™ does not have any field named â€˜[01m[Kstep_[m[Kâ€™
  961 |           [01;31m[Kstep_[m[K(5), target_position_(0.0), reach_count_max_(100),
      |           [01;31m[K^~~~~[m[K
[01m[K/home/ubuntu/Desktop/AK8064_ws_Jun/src/motor_driver/src/ControlMotor.cpp:961:21:[m[K [01;31m[Kerror: [m[Kclass â€˜[01m[KMotorController[m[Kâ€™ does not have any field named â€˜[01m[Ktarget_position_[m[Kâ€™
  961 |           step_(5), [01;31m[Ktarget_position_[m[K(0.0), reach_count_max_(100),
      |                     [01;31m[K^~~~~~~~~~~~~~~~[m[K
[01m[K/home/ubuntu/Desktop/AK8064_ws_Jun/src/motor_driver/src/ControlMotor.cpp:961:44:[m[K [01;31m[Kerror: [m[Kclass â€˜[01m[KMotorController[m[Kâ€™ does not have any field named â€˜[01m[Kreach_count_max_[m[Kâ€™
  961 | ep_(5), target_position_(0.0), [01;31m[Kreach_count_max_[m[K(100),
      |                                [01;31m[K^~~~~~~~~~~~~~~~[m[K

[01m[K/home/ubuntu/Desktop/AK8064_ws_Jun/src/motor_driver/src/ControlMotor.cpp:962:11:[m[K [01;31m[Kerror: [m[Kclass â€˜[01m[KMotorController[m[Kâ€™ does not have any field named â€˜[01m[Ksafety_checker_[m[Kâ€™
  962 |           [01;31m[Ksafety_checker_[m[K(min_angle_, max_angle_, MAX_MOTOR_TEMPERATURE),
      |           [01;31m[K^~~~~~~~~~~~~~~[m[K
[01m[K/home/ubuntu/Desktop/AK8064_ws_Jun/src/motor_driver/src/ControlMotor.cpp:962:27:[m[K [01;31m[Kerror: [m[Kâ€˜[01m[Kmin_angle_[m[Kâ€™ was not declared in this scope
  962 |           safety_checker_([01;31m[Kmin_angle_[m[K, max_angle_, MAX_MOTOR_TEMPERATURE),
      |                           [01;31m[K^~~~~~~~~~[m[K
[01m[K/home/ubuntu/Desktop/AK8064_ws_Jun/src/motor_driver/src/ControlMotor.cpp:962:39:[m[K [01;31m[Kerror: [m[Kâ€˜[01m[Kmax_angle_[m[Kâ€™ was not declared in this scope
  962 |    safety_checker_(min_angle_, [01;31m[Kmax_angle_[m[K, MAX_MOTOR_TEMPERATURE),
      |                                [01;31m[K^~~~~~~~~~[m[K

[01m[K/home/ubuntu/Desktop/AK8064_ws_Jun/src/motor_driver/src/ControlMotor.cpp:962:51:[m[K [01;31m[Kerror: [m[Kâ€˜[01m[KMAX_MOTOR_TEMPERATURE[m[Kâ€™ was not declared in this scope
  962 | ecker_(min_angle_, max_angle_, [01;31m[KMAX_MOTOR_TEMPERATURE[m[K),
      |                                [01;31m[K^~~~~~~~~~~~~~~~~~~~~[m[K

[01m[K/home/ubuntu/Desktop/AK8064_ws_Jun/src/motor_driver/src/ControlMotor.cpp:963:11:[m[K [01;31m[Kerror: [m[Kclass â€˜[01m[KMotorController[m[Kâ€™ does not have any field named â€˜[01m[Kstate_publisher_[m[Kâ€™
  963 |           [01;31m[Kstate_publisher_[m[K(node, name), param_prefix_(name + "."),
      |           [01;31m[K^~~~~~~~~~~~~~~~[m[K
[01m[K/home/ubuntu/Desktop/AK8064_ws_Jun/src/motor_driver/src/ControlMotor.cpp:963:41:[m[K [01;31m[Kerror: [m[Kclass â€˜[01m[KMotorController[m[Kâ€™ does not have any field named â€˜[01m[Kparam_prefix_[m[Kâ€™
  963 |  state_publisher_(node, name), [01;31m[Kparam_prefix_[m[K(name + "."),
      |                                [01;31m[K^~~~~~~~~~~~~[m[K

[01m[K/home/ubuntu/Desktop/AK8064_ws_Jun/src/motor_driver/src/ControlMotor.cpp:964:11:[m[K [01;31m[Kerror: [m[Kclass â€˜[01m[KMotorController[m[Kâ€™ does not have any field named â€˜[01m[Klast_command_[m[Kâ€™
  964 |           [01;31m[Klast_command_[m[K(""), last_command_time_(node_->now()), repeat_(1), current_repeat_(0) {
      |           [01;31m[K^~~~~~~~~~~~~[m[K
[01m[K/home/ubuntu/Desktop/AK8064_ws_Jun/src/motor_driver/src/ControlMotor.cpp:964:30:[m[K [01;31m[Kerror: [m[Kclass â€˜[01m[KMotorController[m[Kâ€™ does not have any field named â€˜[01m[Klast_command_time_[m[Kâ€™
  964 |           last_command_(""), [01;31m[Klast_command_time_[m[K(node_->now()), repeat_(1), current_repeat_(0) {
      |                              [01;31m[K^~~~~~~~~~~~~~~~~~[m[K
[01m[K/home/ubuntu/Desktop/AK8064_ws_Jun/src/motor_driver/src/ControlMotor.cpp:964:49:[m[K [01;31m[Kerror: [m[Kâ€˜[01m[Knode_[m[Kâ€™ was not declared in this scope; did you mean â€˜[01m[Knode[m[Kâ€™?
  964 | mmand_(""), last_command_time_([01;31m[Knode_[m[K->now()), repeat_(1), current_repeat_(0) {
      |                                [01;31m[K^~~~~[m[K
      |                                [32m[Knode[m[K
[01m[K/home/ubuntu/Desktop/AK8064_ws_Jun/src/motor_driver/src/ControlMotor.cpp:964:64:[m[K [01;31m[Kerror: [m[Kclass â€˜[01m[KMotorController[m[Kâ€™ does not have any field named â€˜[01m[Krepeat_[m[Kâ€™
  964 | t_command_time_(node_->now()), [01;31m[Krepeat_[m[K(1), current_repeat_(0) {
      |                                [01;31m[K^~~~~~~[m[K

[01m[K/home/ubuntu/Desktop/AK8064_ws_Jun/src/motor_driver/src/ControlMotor.cpp:964:76:[m[K [01;31m[Kerror: [m[Kclass â€˜[01m[KMotorController[m[Kâ€™ does not have any field named â€˜[01m[Kcurrent_repeat_[m[Kâ€™
  964 | me_(node_->now()), repeat_(1), [01;31m[Kcurrent_repeat_[m[K(0) {
      |                                [01;31m[K^~~~~~~~~~~~~~~[m[K

[01m[K/home/ubuntu/Desktop/AK8064_ws_Jun/src/motor_driver/src/ControlMotor.cpp:965:9:[m[K [01;31m[Kerror: [m[Kâ€˜[01m[KinitializeParameters[m[Kâ€™ was not declared in this scope
  965 |         [01;31m[KinitializeParameters[m[K();
      |         [01;31m[K^~~~~~~~~~~~~~~~~~~~[m[K
[01m[K/home/ubuntu/Desktop/AK8064_ws_Jun/src/motor_driver/src/ControlMotor.cpp:966:9:[m[K [01;31m[Kerror: [m[Kâ€˜[01m[KsetOrigin[m[Kâ€™ was not declared in this scope; did you mean â€˜[01m[Ksetregid[m[Kâ€™?
  966 |         [01;31m[KsetOrigin[m[K();
      |         [01;31m[K^~~~~~~~~[m[K
      |         [32m[Ksetregid[m[K
[01m[K/home/ubuntu/Desktop/AK8064_ws_Jun/src/motor_driver/src/ControlMotor.cpp:967:9:[m[K [01;31m[Kerror: [m[Kâ€˜[01m[KinitializeCommandMap[m[Kâ€™ was not declared in this scope
  967 |         [01;31m[KinitializeCommandMap[m[K();
      |         [01;31m[K^~~~~~~~~~~~~~~~~~~~[m[K
[01m[K/home/ubuntu/Desktop/AK8064_ws_Jun/src/motor_driver/src/ControlMotor.cpp:[m[K In member function â€˜[01m[Kvirtual void MotorController::handleCommand(const string&)[m[Kâ€™:
[01m[K/home/ubuntu/Desktop/AK8064_ws_Jun/src/motor_driver/src/ControlMotor.cpp:972:64:[m[K [01;31m[Kerror: [m[Kâ€˜[01m[Kmotor_id_[m[Kâ€™ was not declared in this scope; did you mean â€˜[01m[KmotorId[m[Kâ€™?
  972 | < std::hex << static_cast<int>([01;31m[Kmotor_id_[m[K) << ": ";
      |                                [01;31m[K^~~~~~~~~[m[K
      |                                [32m[KmotorId[m[K
[01m[K/home/ubuntu/Desktop/AK8064_ws_Jun/src/motor_driver/src/ControlMotor.cpp:974:14:[m[K [01;31m[Kerror: [m[Kâ€˜[01m[Kis_origin_set_[m[Kâ€™ was not declared in this scope; did you mean â€˜[01m[KisOriginSet[m[Kâ€™?
  974 |         if (![01;31m[Kis_origin_set_[m[K) {
      |              [01;31m[K^~~~~~~~~~~~~~[m[K
      |              [32m[KisOriginSet[m[K
In file included from [01m[K/opt/ros/humble/include/rclcpp/rclcpp/client.hpp:40[m[K,
                 from [01m[K/opt/ros/humble/include/rclcpp/rclcpp/callback_group.hpp:24[m[K,
                 from [01m[K/opt/ros/humble/include/rclcpp/rclcpp/any_executable.hpp:20[m[K,
                 from [01m[K/opt/ros/humble/include/rclcpp/rclcpp/memory_strategy.hpp:25[m[K,
                 from [01m[K/opt/ros/humble/include/rclcpp/rclcpp/memory_strategies.hpp:18[m[K,
                 from [01m[K/opt/ros/humble/include/rclcpp/rclcpp/executor_options.hpp:20[m[K,
                 from [01m[K/opt/ros/humble/include/rclcpp/rclcpp/executor.hpp:37[m[K,
                 from [01m[K/opt/ros/humble/include/rclcpp/rclcpp/executors/multi_threaded_executor.hpp:25[m[K,
                 from [01m[K/opt/ros/humble/include/rclcpp/rclcpp/executors.hpp:21[m[K,
                 from [01m[K/opt/ros/humble/include/rclcpp/rclcpp/rclcpp.hpp:155[m[K,
                 from [01m[K/home/ubuntu/Desktop/AK8064_ws_Jun/src/motor_driver/src/ControlMotor.cpp:750[m[K:
[01m[K/home/ubuntu/Desktop/AK8064_ws_Jun/src/motor_driver/src/ControlMotor.cpp:976:25:[m[K [01;31m[Kerror: [m[Kâ€˜[01m[Klogger_[m[Kâ€™ was not declared in this scope
  976 |             RCLCPP_WARN([01;31m[Klogger_[m[K, "%s", response.str().c_str());
      |                         [01;31m[K^~~~~~~[m[K
[01m[K/home/ubuntu/Desktop/AK8064_ws_Jun/src/motor_driver/src/ControlMotor.cpp:976:13:[m[K [01;31m[Kerror: [m[Ktemplate argument 1 is invalid
  976 |             [01;31m[KRCLCPP_WARN[m[K(logger_, "%s", response.str().c_str());
      |             [01;31m[K^~~~~~~~~~~[m[K
[01m[K/home/ubuntu/Desktop/AK8064_ws_Jun/src/motor_driver/src/ControlMotor.cpp:976:13:[m[K [01;31m[Kerror: [m[Ktemplate argument 1 is invalid
  976 |             [01;31m[KRCLCPP_WARN[m[K(logger_, "%s", response.str().c_str());
      |             [01;31m[K^~~~~~~~~~~[m[K
[01m[K/home/ubuntu/Desktop/AK8064_ws_Jun/src/motor_driver/src/ControlMotor.cpp:976:13:[m[K [01;31m[Kerror: [m[Ktemplate argument 1 is invalid
  976 |             [01;31m[KRCLCPP_WARN[m[K(logger_, "%s", response.str().c_str());
      |             [01;31m[K^~~~~~~~~~~[m[K
[01m[K/home/ubuntu/Desktop/AK8064_ws_Jun/src/motor_driver/src/ControlMotor.cpp:977:13:[m[K [01;31m[Kerror: [m[Kâ€˜[01m[Kstate_publisher_[m[Kâ€™ was not declared in this scope; did you mean â€˜[01m[KStatePublisher[m[Kâ€™?
  977 |             [01;31m[Kstate_publisher_[m[K.publishResponse(response.str());
      |             [01;31m[K^~~~~~~~~~~~~~~~[m[K
      |             [32m[KStatePublisher[m[K
[01m[K/home/ubuntu/Desktop/AK8064_ws_Jun/src/motor_driver/src/ControlMotor.cpp:981:14:[m[K [01;31m[Kerror: [m[Kâ€˜[01m[Kis_home_[m[Kâ€™ was not declared in this scope
  981 |         if (![01;31m[Kis_home_[m[K && last_data_.position == 0.0) {
      |              [01;31m[K^~~~~~~~[m[K
[01m[K/home/ubuntu/Desktop/AK8064_ws_Jun/src/motor_driver/src/ControlMotor.cpp:981:26:[m[K [01;31m[Kerror: [m[Kâ€˜[01m[Klast_data_[m[Kâ€™ was not declared in this scope
  981 |         if (!is_home_ && [01;31m[Klast_data_[m[K.position == 0.0) {
      |                          [01;31m[K^~~~~~~~~~[m[K
In file included from [01m[K/opt/ros/humble/include/rclcpp/rclcpp/client.hpp:40[m[K,
                 from [01m[K/opt/ros/humble/include/rclcpp/rclcpp/callback_group.hpp:24[m[K,
                 from [01m[K/opt/ros/humble/include/rclcpp/rclcpp/any_executable.hpp:20[m[K,
                 from [01m[K/opt/ros/humble/include/rclcpp/rclcpp/memory_strategy.hpp:25[m[K,
                 from [01m[K/opt/ros/humble/include/rclcpp/rclcpp/memory_strategies.hpp:18[m[K,
                 from [01m[K/opt/ros/humble/include/rclcpp/rclcpp/executor_options.hpp:20[m[K,
                 from [01m[K/opt/ros/humble/include/rclcpp/rclcpp/executor.hpp:37[m[K,
                 from [01m[K/opt/ros/humble/include/rclcpp/rclcpp/executors/multi_threaded_executor.hpp:25[m[K,
                 from [01m[K/opt/ros/humble/include/rclcpp/rclcpp/executors.hpp:21[m[K,
                 from [01m[K/opt/ros/humble/include/rclcpp/rclcpp/rclcpp.hpp:155[m[K,
                 from [01m[K/home/ubuntu/Desktop/AK8064_ws_Jun/src/motor_driver/src/ControlMotor.cpp:750[m[K:
[01m[K/home/ubuntu/Desktop/AK8064_ws_Jun/src/motor_driver/src/ControlMotor.cpp:983:25:[m[K [01;31m[Kerror: [m[Kâ€˜[01m[Klogger_[m[Kâ€™ was not declared in this scope
  983 |             RCLCPP_WARN([01;31m[Klogger_[m[K, "%s", response.str().c_str());
      |                         [01;31m[K^~~~~~~[m[K
[01m[K/home/ubuntu/Desktop/AK8064_ws_Jun/src/motor_driver/src/ControlMotor.cpp:983:13:[m[K [01;31m[Kerror: [m[Ktemplate argument 1 is invalid
  983 |             [01;31m[KRCLCPP_WARN[m[K(logger_, "%s", response.str().c_str());
      |             [01;31m[K^~~~~~~~~~~[m[K
[01m[K/home/ubuntu/Desktop/AK8064_ws_Jun/src/motor_driver/src/ControlMotor.cpp:983:13:[m[K [01;31m[Kerror: [m[Ktemplate argument 1 is invalid
  983 |             [01;31m[KRCLCPP_WARN[m[K(logger_, "%s", response.str().c_str());
      |             [01;31m[K^~~~~~~~~~~[m[K
[01m[K/home/ubuntu/Desktop/AK8064_ws_Jun/src/motor_driver/src/ControlMotor.cpp:983:13:[m[K [01;31m[Kerror: [m[Ktemplate argument 1 is invalid
  983 |             [01;31m[KRCLCPP_WARN[m[K(logger_, "%s", response.str().c_str());
      |             [01;31m[K^~~~~~~~~~~[m[K
[01m[K/home/ubuntu/Desktop/AK8064_ws_Jun/src/motor_driver/src/ControlMotor.cpp:984:13:[m[K [01;31m[Kerror: [m[Kâ€˜[01m[Kstate_publisher_[m[Kâ€™ was not declared in this scope; did you mean â€˜[01m[KStatePublisher[m[Kâ€™?
  984 |             [01;31m[Kstate_publisher_[m[K.publishResponse(response.str());
      |             [01;31m[K^~~~~~~~~~~~~~~~[m[K
      |             [32m[KStatePublisher[m[K
[01m[K/home/ubuntu/Desktop/AK8064_ws_Jun/src/motor_driver/src/ControlMotor.cpp:989:17:[m[K [01;31m[Kerror: [m[Kâ€˜[01m[Klast_data_[m[Kâ€™ was not declared in this scope
  989 |             if ([01;31m[Klast_data_[m[K.position < 0.0 || last_data_.position > 90.0) {
      |                 [01;31m[K^~~~~~~~~~[m[K
In file included from [01m[K/opt/ros/humble/include/rclcpp/rclcpp/client.hpp:40[m[K,
                 from [01m[K/opt/ros/humble/include/rclcpp/rclcpp/callback_group.hpp:24[m[K,
                 from [01m[K/opt/ros/humble/include/rclcpp/rclcpp/any_executable.hpp:20[m[K,
                 from [01m[K/opt/ros/humble/include/rclcpp/rclcpp/memory_strategy.hpp:25[m[K,
                 from [01m[K/opt/ros/humble/include/rclcpp/rclcpp/memory_strategies.hpp:18[m[K,
                 from [01m[K/opt/ros/humble/include/rclcpp/rclcpp/executor_options.hpp:20[m[K,
                 from [01m[K/opt/ros/humble/include/rclcpp/rclcpp/executor.hpp:37[m[K,
                 from [01m[K/opt/ros/humble/include/rclcpp/rclcpp/executors/multi_threaded_executor.hpp:25[m[K,
                 from [01m[K/opt/ros/humble/include/rclcpp/rclcpp/executors.hpp:21[m[K,
                 from [01m[K/opt/ros/humble/include/rclcpp/rclcpp/rclcpp.hpp:155[m[K,
                 from [01m[K/home/ubuntu/Desktop/AK8064_ws_Jun/src/motor_driver/src/ControlMotor.cpp:750[m[K:
[01m[K/home/ubuntu/Desktop/AK8064_ws_Jun/src/motor_driver/src/ControlMotor.cpp:991:30:[m[K [01;31m[Kerror: [m[Kâ€˜[01m[Klogger_[m[Kâ€™ was not declared in this scope
  991 |                 RCLCPP_ERROR([01;31m[Klogger_[m[K, "%s", response.str().c_str());
      |                              [01;31m[K^~~~~~~[m[K
[01m[K/home/ubuntu/Desktop/AK8064_ws_Jun/src/motor_driver/src/ControlMotor.cpp:991:17:[m[K [01;31m[Kerror: [m[Ktemplate argument 1 is invalid
  991 |                 [01;31m[KRCLCPP_ERROR[m[K(logger_, "%s", response.str().c_str());
      |                 [01;31m[K^~~~~~~~~~~~[m[K
[01m[K/home/ubuntu/Desktop/AK8064_ws_Jun/src/motor_driver/src/ControlMotor.cpp:991:17:[m[K [01;31m[Kerror: [m[Ktemplate argument 1 is invalid
  991 |                 [01;31m[KRCLCPP_ERROR[m[K(logger_, "%s", response.str().c_str());
      |                 [01;31m[K^~~~~~~~~~~~[m[K
[01m[K/home/ubuntu/Desktop/AK8064_ws_Jun/src/motor_driver/src/ControlMotor.cpp:991:17:[m[K [01;31m[Kerror: [m[Ktemplate argument 1 is invalid
  991 |                 [01;31m[KRCLCPP_ERROR[m[K(logger_, "%s", response.str().c_str());
      |                 [01;31m[K^~~~~~~~~~~~[m[K
[01m[K/home/ubuntu/Desktop/AK8064_ws_Jun/src/motor_driver/src/ControlMotor.cpp:992:17:[m[K [01;31m[Kerror: [m[Kâ€˜[01m[Kstate_publisher_[m[Kâ€™ was not declared in this scope; did you mean â€˜[01m[KStatePublisher[m[Kâ€™?
  992 |                 [01;31m[Kstate_publisher_[m[K.publishResponse(response.str());
      |                 [01;31m[K^~~~~~~~~~~~~~~~[m[K
      |                 [32m[KStatePublisher[m[K
[01m[K/home/ubuntu/Desktop/AK8064_ws_Jun/src/motor_driver/src/ControlMotor.cpp:994:30:[m[K [01;31m[Kerror: [m[Kâ€˜[01m[KState[m[Kâ€™ has not been declared
  994 |                 transitionTo([01;31m[KState[m[K::PAUSED);
      |                              [01;31m[K^~~~~[m[K
[01m[K/home/ubuntu/Desktop/AK8064_ws_Jun/src/motor_driver/src/ControlMotor.cpp:994:17:[m[K [01;31m[Kerror: [m[Kâ€˜[01m[KtransitionTo[m[Kâ€™ was not declared in this scope
  994 |                 [01;31m[KtransitionTo[m[K(State::PAUSED);
      |                 [01;31m[K^~~~~~~~~~~~[m[K
[01m[K/home/ubuntu/Desktop/AK8064_ws_Jun/src/motor_driver/src/ControlMotor.cpp:999:9:[m[K [01;31m[Kerror: [m[Kâ€˜[01m[Klast_command_time_[m[Kâ€™ was not declared in this scope
  999 |         [01;31m[Klast_command_time_[m[K = node_->now();
      |         [01;31m[K^~~~~~~~~~~~~~~~~~[m[K
[01m[K/home/ubuntu/Desktop/AK8064_ws_Jun/src/motor_driver/src/ControlMotor.cpp:999:30:[m[K [01;31m[Kerror: [m[Kâ€˜[01m[Knode_[m[Kâ€™ was not declared in this scope; did you mean â€˜[01m[Kmode_t[m[Kâ€™?
  999 |         last_command_time_ = [01;31m[Knode_[m[K->now();
      |                              [01;31m[K^~~~~[m[K
      |                              [32m[Kmode_t[m[K
[01m[K/home/ubuntu/Desktop/AK8064_ws_Jun/src/motor_driver/src/ControlMotor.cpp:1001:19:[m[K [01;31m[Kerror: [m[Kâ€˜[01m[Kcommand_map_[m[Kâ€™ was not declared in this scope
 1001 |         auto it = [01;31m[Kcommand_map_[m[K.find(command);
      |                   [01;31m[K^~~~~~~~~~~~[m[K
In file included from [01m[K/opt/ros/humble/include/rclcpp/rclcpp/client.hpp:40[m[K,
                 from [01m[K/opt/ros/humble/include/rclcpp/rclcpp/callback_group.hpp:24[m[K,
                 from [01m[K/opt/ros/humble/include/rclcpp/rclcpp/any_executable.hpp:20[m[K,
                 from [01m[K/opt/ros/humble/include/rclcpp/rclcpp/memory_strategy.hpp:25[m[K,
                 from [01m[K/opt/ros/humble/include/rclcpp/rclcpp/memory_strategies.hpp:18[m[K,
                 from [01m[K/opt/ros/humble/include/rclcpp/rclcpp/executor_options.hpp:20[m[K,
                 from [01m[K/opt/ros/humble/include/rclcpp/rclcpp/executor.hpp:37[m[K,
                 from [01m[K/opt/ros/humble/include/rclcpp/rclcpp/executors/multi_threaded_executor.hpp:25[m[K,
                 from [01m[K/opt/ros/humble/include/rclcpp/rclcpp/executors.hpp:21[m[K,
                 from [01m[K/opt/ros/humble/include/rclcpp/rclcpp/rclcpp.hpp:155[m[K,
                 from [01m[K/home/ubuntu/Desktop/AK8064_ws_Jun/src/motor_driver/src/ControlMotor.cpp:750[m[K:
[01m[K/home/ubuntu/Desktop/AK8064_ws_Jun/src/motor_driver/src/ControlMotor.cpp:1006:25:[m[K [01;31m[Kerror: [m[Kâ€˜[01m[Klogger_[m[Kâ€™ was not declared in this scope
 1006 |             RCLCPP_WARN([01;31m[Klogger_[m[K, "%s", response.str().c_str());
      |                         [01;31m[K^~~~~~~[m[K
[01m[K/home/ubuntu/Desktop/AK8064_ws_Jun/src/motor_driver/src/ControlMotor.cpp:1006:13:[m[K [01;31m[Kerror: [m[Ktemplate argument 1 is invalid
 1006 |             [01;31m[KRCLCPP_WARN[m[K(logger_, "%s", response.str().c_str());
      |             [01;31m[K^~~~~~~~~~~[m[K
[01m[K/home/ubuntu/Desktop/AK8064_ws_Jun/src/motor_driver/src/ControlMotor.cpp:1006:13:[m[K [01;31m[Kerror: [m[Ktemplate argument 1 is invalid
 1006 |             [01;31m[KRCLCPP_WARN[m[K(logger_, "%s", response.str().c_str());
      |             [01;31m[K^~~~~~~~~~~[m[K
[01m[K/home/ubuntu/Desktop/AK8064_ws_Jun/src/motor_driver/src/ControlMotor.cpp:1006:13:[m[K [01;31m[Kerror: [m[Ktemplate argument 1 is invalid
 1006 |             [01;31m[KRCLCPP_WARN[m[K(logger_, "%s", response.str().c_str());
      |             [01;31m[K^~~~~~~~~~~[m[K
[01m[K/home/ubuntu/Desktop/AK8064_ws_Jun/src/motor_driver/src/ControlMotor.cpp:1007:13:[m[K [01;31m[Kerror: [m[Kâ€˜[01m[Kstate_publisher_[m[Kâ€™ was not declared in this scope; did you mean â€˜[01m[KStatePublisher[m[Kâ€™?
 1007 |             [01;31m[Kstate_publisher_[m[K.publishResponse(response.str());
      |             [01;31m[K^~~~~~~~~~~~~~~~[m[K
      |             [32m[KStatePublisher[m[K
[01m[K/home/ubuntu/Desktop/AK8064_ws_Jun/src/motor_driver/src/ControlMotor.cpp:[m[K In member function â€˜[01m[Kvirtual void MotorController::control(const MotorData&)[m[Kâ€™:
[01m[K/home/ubuntu/Desktop/AK8064_ws_Jun/src/motor_driver/src/ControlMotor.cpp:1014:44:[m[K [01;31m[Kerror: [m[Kâ€˜[01m[Kstate_[m[Kâ€™ was not declared in this scope; did you mean â€˜[01m[Kstatic[m[Kâ€™?
 1014 | pdated_data.state = stateToString([01;31m[Kstate_[m[K);
      |                                   [01;31m[K^~~~~~[m[K
      |                                   [32m[Kstatic[m[K
[01m[K/home/ubuntu/Desktop/AK8064_ws_Jun/src/motor_driver/src/ControlMotor.cpp:1014:30:[m[K [01;31m[Kerror: [m[Kâ€˜[01m[KstateToString[m[Kâ€™ was not declared in this scope
 1014 |         updated_data.state = [01;31m[KstateToString[m[K(state_);
      |                              [01;31m[K^~~~~~~~~~~~~[m[K
[01m[K/home/ubuntu/Desktop/AK8064_ws_Jun/src/motor_driver/src/ControlMotor.cpp:1016:9:[m[K [01;31m[Kerror: [m[Kâ€˜[01m[Klast_data_[m[Kâ€™ was not declared in this scope
 1016 |         [01;31m[Klast_data_[m[K = updated_data;
      |         [01;31m[K^~~~~~~~~~[m[K
[01m[K/home/ubuntu/Desktop/AK8064_ws_Jun/src/motor_driver/src/ControlMotor.cpp:1019:14:[m[K [01;31m[Kerror: [m[Kâ€˜[01m[Ksafety_checker_[m[Kâ€™ was not declared in this scope; did you mean â€˜[01m[KSafetyChecker[m[Kâ€™?
 1019 |         if (![01;31m[Ksafety_checker_[m[K.check(updated_data, logger_)) {
      |              [01;31m[K^~~~~~~~~~~~~~~[m[K
      |              [32m[KSafetyChecker[m[K
[01m[K/home/ubuntu/Desktop/AK8064_ws_Jun/src/motor_driver/src/ControlMotor.cpp:1019:50:[m[K [01;31m[Kerror: [m[Kâ€˜[01m[Klogger_[m[Kâ€™ was not declared in this scope
 1019 | y_checker_.check(updated_data, [01;31m[Klogger_[m[K)) {
      |                                [01;31m[K^~~~~~~[m[K

[01m[K/home/ubuntu/Desktop/AK8064_ws_Jun/src/motor_driver/src/ControlMotor.cpp:1024:9:[m[K [01;31m[Kerror: [m[Kâ€˜[01m[Kstate_publisher_[m[Kâ€™ was not declared in this scope; did you mean â€˜[01m[KStatePublisher[m[Kâ€™?
 1024 |         [01;31m[Kstate_publisher_[m[K.publish(updated_data, target_reached_);
      |         [01;31m[K^~~~~~~~~~~~~~~~[m[K
      |         [32m[KStatePublisher[m[K
[01m[K/home/ubuntu/Desktop/AK8064_ws_Jun/src/motor_driver/src/ControlMotor.cpp:1024:48:[m[K [01;31m[Kerror: [m[Kâ€˜[01m[Ktarget_reached_[m[Kâ€™ was not declared in this scope; did you mean â€˜[01m[KisTargetReached[m[Kâ€™?
 1024 | blisher_.publish(updated_data, [01;31m[Ktarget_reached_[m[K);
      |                                [01;31m[K^~~~~~~~~~~~~~~[m[K
      |                                [32m[KisTargetReached[m[K
[01m[K/home/ubuntu/Desktop/AK8064_ws_Jun/src/motor_driver/src/ControlMotor.cpp:1027:18:[m[K [01;31m[Kerror: [m[Kâ€˜[01m[KState[m[Kâ€™ has not been declared
 1027 |             case [01;31m[KState[m[K::INITIALIZING:
      |                  [01;31m[K^~~~~[m[K
[01m[K/home/ubuntu/Desktop/AK8064_ws_Jun/src/motor_driver/src/ControlMotor.cpp:1028:55:[m[K [01;31m[Kerror: [m[Kâ€˜[01m[KPOSITION_TOLERANCE[m[Kâ€™ was not declared in this scope
 1028 | ::abs(updated_data.position) < [01;31m[KPOSITION_TOLERANCE[m[K) {
      |                                [01;31m[K^~~~~~~~~~~~~~~~~~[m[K

[01m[K/home/ubuntu/Desktop/AK8064_ws_Jun/src/motor_driver/src/ControlMotor.cpp:1029:21:[m[K [01;31m[Kerror: [m[Kâ€˜[01m[Kis_origin_set_[m[Kâ€™ was not declared in this scope; did you mean â€˜[01m[KisOriginSet[m[Kâ€™?
 1029 |                     [01;31m[Kis_origin_set_[m[K = true;
      |                     [01;31m[K^~~~~~~~~~~~~~[m[K
      |                     [32m[KisOriginSet[m[K
[01m[K/home/ubuntu/Desktop/AK8064_ws_Jun/src/motor_driver/src/ControlMotor.cpp:1030:34:[m[K [01;31m[Kerror: [m[Kâ€˜[01m[KState[m[Kâ€™ has not been declared
 1030 |                   transitionTo([01;31m[KState[m[K::HOMING);
      |                                [01;31m[K^~~~~[m[K

[01m[K/home/ubuntu/Desktop/AK8064_ws_Jun/src/motor_driver/src/ControlMotor.cpp:1030:21:[m[K [01;31m[Kerror: [m[Kâ€˜[01m[KtransitionTo[m[Kâ€™ was not declared in this scope
 1030 |                     [01;31m[KtransitionTo[m[K(State::HOMING);
      |                     [01;31m[K^~~~~~~~~~~~[m[K
[01m[K/home/ubuntu/Desktop/AK8064_ws_Jun/src/motor_driver/src/ControlMotor.cpp:1033:18:[m[K [01;31m[Kerror: [m[Kâ€˜[01m[KState[m[Kâ€™ has not been declared
 1033 |             case [01;31m[KState[m[K::HOMING:
      |                  [01;31m[K^~~~~[m[K
[01m[K/home/ubuntu/Desktop/AK8064_ws_Jun/src/motor_driver/src/ControlMotor.cpp:1034:17:[m[K [01;31m[Kerror: [m[Kâ€˜[01m[Kcan_[m[Kâ€™ was not declared in this scope
 1034 |                 [01;31m[Kcan_[m[K->setPositionSpeed(motor_id_, 0.0, static_cast<int>(speed_), static_cast<int>(accel_));
      |                 [01;31m[K^~~~[m[K
[01m[K/home/ubuntu/Desktop/AK8064_ws_Jun/src/motor_driver/src/ControlMotor.cpp:1034:40:[m[K [01;31m[Kerror: [m[Kâ€˜[01m[Kmotor_id_[m[Kâ€™ was not declared in this scope; did you mean â€˜[01m[KmotorId[m[Kâ€™?
 1034 |         can_->setPositionSpeed([01;31m[Kmotor_id_[m[K, 0.0, static_cast<int>(speed_), static_cast<int>(accel_));
      |                                [01;31m[K^~~~~~~~~[m[K
      |                                [32m[KmotorId[m[K
[01m[K/home/ubuntu/Desktop/AK8064_ws_Jun/src/motor_driver/src/ControlMotor.cpp:1034:73:[m[K [01;31m[Kerror: [m[Kâ€˜[01m[Kspeed_[m[Kâ€™ was not declared in this scope
 1034 | tor_id_, 0.0, static_cast<int>([01;31m[Kspeed_[m[K), static_cast<int>(accel_));
      |                                [01;31m[K^~~~~~[m[K

[01m[K/home/ubuntu/Desktop/AK8064_ws_Jun/src/motor_driver/src/ControlMotor.cpp:1034:99:[m[K [01;31m[Kerror: [m[Kâ€˜[01m[Kaccel_[m[Kâ€™ was not declared in this scope; did you mean â€˜[01m[Kaccess[m[Kâ€™?
 1034 | t<int>(speed_), static_cast<int>([01;31m[Kaccel_[m[K));
      |                                  [01;31m[K^~~~~~[m[K
      |                                  [32m[Kaccess[m[K
[01m[K/home/ubuntu/Desktop/AK8064_ws_Jun/src/motor_driver/src/ControlMotor.cpp:1035:55:[m[K [01;31m[Kerror: [m[Kâ€˜[01m[KPOSITION_TOLERANCE[m[Kâ€™ was not declared in this scope
 1035 | ::abs(updated_data.position) < [01;31m[KPOSITION_TOLERANCE[m[K) {
      |                                [01;31m[K^~~~~~~~~~~~~~~~~~[m[K

[01m[K/home/ubuntu/Desktop/AK8064_ws_Jun/src/motor_driver/src/ControlMotor.cpp:1036:21:[m[K [01;31m[Kerror: [m[Kâ€˜[01m[Kis_home_[m[Kâ€™ was not declared in this scope
 1036 |                     [01;31m[Kis_home_[m[K = true;
      |                     [01;31m[K^~~~~~~~[m[K
In file included from [01m[K/opt/ros/humble/include/rclcpp/rclcpp/client.hpp:40[m[K,
                 from [01m[K/opt/ros/humble/include/rclcpp/rclcpp/callback_group.hpp:24[m[K,
                 from [01m[K/opt/ros/humble/include/rclcpp/rclcpp/any_executable.hpp:20[m[K,
                 from [01m[K/opt/ros/humble/include/rclcpp/rclcpp/memory_strategy.hpp:25[m[K,
                 from [01m[K/opt/ros/humble/include/rclcpp/rclcpp/memory_strategies.hpp:18[m[K,
                 from [01m[K/opt/ros/humble/include/rclcpp/rclcpp/executor_options.hpp:20[m[K,
                 from [01m[K/opt/ros/humble/include/rclcpp/rclcpp/executor.hpp:37[m[K,
                 from [01m[K/opt/ros/humble/include/rclcpp/rclcpp/executors/multi_threaded_executor.hpp:25[m[K,
                 from [01m[K/opt/ros/humble/include/rclcpp/rclcpp/executors.hpp:21[m[K,
                 from [01m[K/opt/ros/humble/include/rclcpp/rclcpp/rclcpp.hpp:155[m[K,
                 from [01m[K/home/ubuntu/Desktop/AK8064_ws_Jun/src/motor_driver/src/ControlMotor.cpp:750[m[K:
[01m[K/home/ubuntu/Desktop/AK8064_ws_Jun/src/motor_driver/src/ControlMotor.cpp:1038:33:[m[K [01;31m[Kerror: [m[Kâ€˜[01m[Klogger_[m[Kâ€™ was not declared in this scope
 1038 |                    RCLCPP_INFO([01;31m[Klogger_[m[K, "Motor 0x%02X reached Home Position!", motor_id_);
      |                                [01;31m[K^~~~~~~[m[K

[01m[K/home/ubuntu/Desktop/AK8064_ws_Jun/src/motor_driver/src/ControlMotor.cpp:1038:21:[m[K [01;31m[Kerror: [m[Ktemplate argument 1 is invalid
 1038 |                     [01;31m[KRCLCPP_INFO[m[K(logger_, "Motor 0x%02X reached Home Position!", motor_id_);
      |                     [01;31m[K^~~~~~~~~~~[m[K
[01m[K/home/ubuntu/Desktop/AK8064_ws_Jun/src/motor_driver/src/ControlMotor.cpp:1038:21:[m[K [01;31m[Kerror: [m[Ktemplate argument 1 is invalid
 1038 |                     [01;31m[KRCLCPP_INFO[m[K(logger_, "Motor 0x%02X reached Home Position!", motor_id_);
      |                     [01;31m[K^~~~~~~~~~~[m[K
[01m[K/home/ubuntu/Desktop/AK8064_ws_Jun/src/motor_driver/src/ControlMotor.cpp:1038:21:[m[K [01;31m[Kerror: [m[Ktemplate argument 1 is invalid
 1038 |                     [01;31m[KRCLCPP_INFO[m[K(logger_, "Motor 0x%02X reached Home Position!", motor_id_);
      |                     [01;31m[K^~~~~~~~~~~[m[K
[01m[K/home/ubuntu/Desktop/AK8064_ws_Jun/src/motor_driver/src/ControlMotor.cpp:1039:34:[m[K [01;31m[Kerror: [m[Kâ€˜[01m[KState[m[Kâ€™ has not been declared
 1039 |                   transitionTo([01;31m[KState[m[K::MOVING);
      |                                [01;31m[K^~~~~[m[K

[01m[K/home/ubuntu/Desktop/AK8064_ws_Jun/src/motor_driver/src/ControlMotor.cpp:1039:21:[m[K [01;31m[Kerror: [m[Kâ€˜[01m[KtransitionTo[m[Kâ€™ was not declared in this scope
 1039 |                     [01;31m[KtransitionTo[m[K(State::MOVING);
      |                     [01;31m[K^~~~~~~~~~~~[m[K
[01m[K/home/ubuntu/Desktop/AK8064_ws_Jun/src/motor_driver/src/ControlMotor.cpp:1042:18:[m[K [01;31m[Kerror: [m[Kâ€˜[01m[KState[m[Kâ€™ has not been declared
 1042 |             case [01;31m[KState[m[K::MOVING: {
      |                  [01;31m[K^~~~~[m[K
[01m[K/home/ubuntu/Desktop/AK8064_ws_Jun/src/motor_driver/src/ControlMotor.cpp:1043:21:[m[K [01;31m[Kerror: [m[Kâ€˜[01m[Ktarget_positions_[m[Kâ€™ was not declared in this scope
 1043 |                 if ([01;31m[Ktarget_positions_[m[K.empty() && last_command_.empty()) {
      |                     [01;31m[K^~~~~~~~~~~~~~~~~[m[K
[01m[K/home/ubuntu/Desktop/AK8064_ws_Jun/src/motor_driver/src/ControlMotor.cpp:1043:50:[m[K [01;31m[Kerror: [m[Kâ€˜[01m[Klast_command_[m[Kâ€™ was not declared in this scope
 1043 |  (target_positions_.empty() && [01;31m[Klast_command_[m[K.empty()) {
      |                                [01;31m[K^~~~~~~~~~~~~[m[K

In file included from [01m[K/opt/ros/humble/include/rclcpp/rclcpp/client.hpp:40[m[K,
                 from [01m[K/opt/ros/humble/include/rclcpp/rclcpp/callback_group.hpp:24[m[K,
                 from [01m[K/opt/ros/humble/include/rclcpp/rclcpp/any_executable.hpp:20[m[K,
                 from [01m[K/opt/ros/humble/include/rclcpp/rclcpp/memory_strategy.hpp:25[m[K,
                 from [01m[K/opt/ros/humble/include/rclcpp/rclcpp/memory_strategies.hpp:18[m[K,
                 from [01m[K/opt/ros/humble/include/rclcpp/rclcpp/executor_options.hpp:20[m[K,
                 from [01m[K/opt/ros/humble/include/rclcpp/rclcpp/executor.hpp:37[m[K,
                 from [01m[K/opt/ros/humble/include/rclcpp/rclcpp/executors/multi_threaded_executor.hpp:25[m[K,
                 from [01m[K/opt/ros/humble/include/rclcpp/rclcpp/executors.hpp:21[m[K,
                 from [01m[K/opt/ros/humble/include/rclcpp/rclcpp/rclcpp.hpp:155[m[K,
                 from [01m[K/home/ubuntu/Desktop/AK8064_ws_Jun/src/motor_driver/src/ControlMotor.cpp:750[m[K:
[01m[K/home/ubuntu/Desktop/AK8064_ws_Jun/src/motor_driver/src/ControlMotor.cpp:1044:34:[m[K [01;31m[Kerror: [m[Kâ€˜[01m[Klogger_[m[Kâ€™ was not declared in this scope
 1044 |                   RCLCPP_ERROR([01;31m[Klogger_[m[K, "Motor 0x%02X: No target positions or command!", motor_id_);
      |                                [01;31m[K^~~~~~~[m[K

[01m[K/home/ubuntu/Desktop/AK8064_ws_Jun/src/motor_driver/src/ControlMotor.cpp:1044:21:[m[K [01;31m[Kerror: [m[Ktemplate argument 1 is invalid
 1044 |                     [01;31m[KRCLCPP_ERROR[m[K(logger_, "Motor 0x%02X: No target positions or command!", motor_id_);
      |                     [01;31m[K^~~~~~~~~~~~[m[K
[01m[K/home/ubuntu/Desktop/AK8064_ws_Jun/src/motor_driver/src/ControlMotor.cpp:1044:21:[m[K [01;31m[Kerror: [m[Ktemplate argument 1 is invalid
 1044 |                     [01;31m[KRCLCPP_ERROR[m[K(logger_, "Motor 0x%02X: No target positions or command!", motor_id_);
      |                     [01;31m[K^~~~~~~~~~~~[m[K
[01m[K/home/ubuntu/Desktop/AK8064_ws_Jun/src/motor_driver/src/ControlMotor.cpp:1044:21:[m[K [01;31m[Kerror: [m[Ktemplate argument 1 is invalid
 1044 |                     [01;31m[KRCLCPP_ERROR[m[K(logger_, "Motor 0x%02X: No target positions or command!", motor_id_);
      |                     [01;31m[K^~~~~~~~~~~~[m[K
[01m[K/home/ubuntu/Desktop/AK8064_ws_Jun/src/motor_driver/src/ControlMotor.cpp:1046:34:[m[K [01;31m[Kerror: [m[Kâ€˜[01m[KState[m[Kâ€™ has not been declared
 1046 |                   transitionTo([01;31m[KState[m[K::PAUSED);
      |                                [01;31m[K^~~~~[m[K

[01m[K/home/ubuntu/Desktop/AK8064_ws_Jun/src/motor_driver/src/ControlMotor.cpp:1046:21:[m[K [01;31m[Kerror: [m[Kâ€˜[01m[KtransitionTo[m[Kâ€™ was not declared in this scope
 1046 |                     [01;31m[KtransitionTo[m[K(State::PAUSED);
      |                     [01;31m[K^~~~~~~~~~~~[m[K
[01m[K/home/ubuntu/Desktop/AK8064_ws_Jun/src/motor_driver/src/ControlMotor.cpp:1049:22:[m[K [01;31m[Kerror: [m[Kâ€˜[01m[Klast_command_[m[Kâ€™ was not declared in this scope
 1049 |                 if (![01;31m[Klast_command_[m[K.empty()) {
      |                      [01;31m[K^~~~~~~~~~~~~[m[K
[01m[K/home/ubuntu/Desktop/AK8064_ws_Jun/src/motor_driver/src/ControlMotor.cpp:1050:55:[m[K [01;31m[Kerror: [m[Kâ€˜[01m[Ktarget_position_[m[Kâ€™ was not declared in this scope
 1050 | _->setPositionSpeed(motor_id_, [01;31m[Ktarget_position_[m[K, static_cast<int>(speed_), static_cast<int>(accel_));
      |                                [01;31m[K^~~~~~~~~~~~~~~~[m[K

In file included from [01m[K/opt/ros/humble/include/rclcpp/rclcpp/client.hpp:40[m[K,
                 from [01m[K/opt/ros/humble/include/rclcpp/rclcpp/callback_group.hpp:24[m[K,
                 from [01m[K/opt/ros/humble/include/rclcpp/rclcpp/any_executable.hpp:20[m[K,
                 from [01m[K/opt/ros/humble/include/rclcpp/rclcpp/memory_strategy.hpp:25[m[K,
                 from [01m[K/opt/ros/humble/include/rclcpp/rclcpp/memory_strategies.hpp:18[m[K,
                 from [01m[K/opt/ros/humble/include/rclcpp/rclcpp/executor_options.hpp:20[m[K,
                 from [01m[K/opt/ros/humble/include/rclcpp/rclcpp/executor.hpp:37[m[K,
                 from [01m[K/opt/ros/humble/include/rclcpp/rclcpp/executors/multi_threaded_executor.hpp:25[m[K,
                 from [01m[K/opt/ros/humble/include/rclcpp/rclcpp/executors.hpp:21[m[K,
                 from [01m[K/opt/ros/humble/include/rclcpp/rclcpp/rclcpp.hpp:155[m[K,
                 from [01m[K/home/ubuntu/Desktop/AK8064_ws_Jun/src/motor_driver/src/ControlMotor.cpp:750[m[K:
[01m[K/home/ubuntu/Desktop/AK8064_ws_Jun/src/motor_driver/src/ControlMotor.cpp:1051:33:[m[K [01;31m[Kerror: [m[Kâ€˜[01m[Klogger_[m[Kâ€™ was not declared in this scope
 1051 |                    RCLCPP_INFO([01;31m[Klogger_[m[K, "Motor 0x%02X cmd not empty!", motor_id_);
      |                                [01;31m[K^~~~~~~[m[K

[01m[K/home/ubuntu/Desktop/AK8064_ws_Jun/src/motor_driver/src/ControlMotor.cpp:1051:21:[m[K [01;31m[Kerror: [m[Ktemplate argument 1 is invalid
 1051 |                     [01;31m[KRCLCPP_INFO[m[K(logger_, "Motor 0x%02X cmd not empty!", motor_id_);
      |                     [01;31m[K^~~~~~~~~~~[m[K
[01m[K/home/ubuntu/Desktop/AK8064_ws_Jun/src/motor_driver/src/ControlMotor.cpp:1051:21:[m[K [01;31m[Kerror: [m[Ktemplate argument 1 is invalid
 1051 |                     [01;31m[KRCLCPP_INFO[m[K(logger_, "Motor 0x%02X cmd not empty!", motor_id_);
      |                     [01;31m[K^~~~~~~~~~~[m[K
[01m[K/home/ubuntu/Desktop/AK8064_ws_Jun/src/motor_driver/src/ControlMotor.cpp:1051:21:[m[K [01;31m[Kerror: [m[Ktemplate argument 1 is invalid
 1051 |                     [01;31m[KRCLCPP_INFO[m[K(logger_, "Motor 0x%02X cmd not empty!", motor_id_);
      |                     [01;31m[K^~~~~~~~~~~[m[K
[01m[K/home/ubuntu/Desktop/AK8064_ws_Jun/src/motor_driver/src/ControlMotor.cpp:1052:78:[m[K [01;31m[Kerror: [m[Kâ€˜[01m[KPOSITION_TOLERANCE[m[Kâ€™ was not declared in this scope
 1052 | position - target_position_) < [01;31m[KPOSITION_TOLERANCE[m[K) {
      |                                [01;31m[K^~~~~~~~~~~~~~~~~~[m[K

[01m[K/home/ubuntu/Desktop/AK8064_ws_Jun/src/motor_driver/src/ControlMotor.cpp:1053:25:[m[K [01;31m[Kerror: [m[Kâ€˜[01m[Kreach_counter_[m[Kâ€™ was not declared in this scope
 1053 |                         [01;31m[Kreach_counter_[m[K++;
      |                         [01;31m[K^~~~~~~~~~~~~~[m[K
[01m[K/home/ubuntu/Desktop/AK8064_ws_Jun/src/motor_driver/src/ControlMotor.cpp:1054:47:[m[K [01;31m[Kerror: [m[Kâ€˜[01m[Kreach_count_max_[m[Kâ€™ was not declared in this scope
 1054 |          if (reach_counter_ >= [01;31m[Kreach_count_max_[m[K) {
      |                                [01;31m[K^~~~~~~~~~~~~~~~[m[K

In file included from [01m[K/opt/ros/humble/include/rclcpp/rclcpp/client.hpp:40[m[K,
                 from [01m[K/opt/ros/humble/include/rclcpp/rclcpp/callback_group.hpp:24[m[K,
                 from [01m[K/opt/ros/humble/include/rclcpp/rclcpp/any_executable.hpp:20[m[K,
                 from [01m[K/opt/ros/humble/include/rclcpp/rclcpp/memory_strategy.hpp:25[m[K,
                 from [01m[K/opt/ros/humble/include/rclcpp/rclcpp/memory_strategies.hpp:18[m[K,
                 from [01m[K/opt/ros/humble/include/rclcpp/rclcpp/executor_options.hpp:20[m[K,
                 from [01m[K/opt/ros/humble/include/rclcpp/rclcpp/executor.hpp:37[m[K,
                 from [01m[K/opt/ros/humble/include/rclcpp/rclcpp/executors/multi_threaded_executor.hpp:25[m[K,
                 from [01m[K/opt/ros/humble/include/rclcpp/rclcpp/executors.hpp:21[m[K,
                 from [01m[K/opt/ros/humble/include/rclcpp/rclcpp/rclcpp.hpp:155[m[K,
                 from [01m[K/home/ubuntu/Desktop/AK8064_ws_Jun/src/motor_driver/src/ControlMotor.cpp:750[m[K:
[01m[K/home/ubuntu/Desktop/AK8064_ws_Jun/src/motor_driver/src/ControlMotor.cpp:1058:41:[m[K [01;31m[Kerror: [m[Kâ€˜[01m[Klogger_[m[Kâ€™ was not declared in this scope
 1058 |                    RCLCPP_INFO([01;31m[Klogger_[m[K, "Motor 0x%02X: Reached target position %.2f",
      |                                [01;31m[K^~~~~~~[m[K

[01m[K/home/ubuntu/Desktop/AK8064_ws_Jun/src/motor_driver/src/ControlMotor.cpp:1058:29:[m[K [01;31m[Kerror: [m[Ktemplate argument 1 is invalid
 1058 |                             [01;31m[KRCLCPP_INFO[m[K(logger_, "Motor 0x%02X: Reached target position %.2f",
      |                             [01;31m[K^~~~~~~~~~~[m[K
[01m[K/home/ubuntu/Desktop/AK8064_ws_Jun/src/motor_driver/src/ControlMotor.cpp:1058:29:[m[K [01;31m[Kerror: [m[Ktemplate argument 1 is invalid
 1058 |                             [01;31m[KRCLCPP_INFO[m[K(logger_, "Motor 0x%02X: Reached target position %.2f",
      |                             [01;31m[K^~~~~~~~~~~[m[K
[01m[K/home/ubuntu/Desktop/AK8064_ws_Jun/src/motor_driver/src/ControlMotor.cpp:1058:29:[m[K [01;31m[Kerror: [m[Ktemplate argument 1 is invalid
 1058 |                             [01;31m[KRCLCPP_INFO[m[K(logger_, "Motor 0x%02X: Reached target position %.2f",
      |                             [01;31m[K^~~~~~~~~~~[m[K
[01m[K/home/ubuntu/Desktop/AK8064_ws_Jun/src/motor_driver/src/ControlMotor.cpp:1062:25:[m[K [01;31m[Kerror: [m[Kâ€˜[01m[Kreach_counter_[m[Kâ€™ was not declared in this scope
 1062 |                         [01;31m[Kreach_counter_[m[K = 0;
      |                         [01;31m[K^~~~~~~~~~~~~~[m[K
[01m[K/home/ubuntu/Desktop/AK8064_ws_Jun/src/motor_driver/src/ControlMotor.cpp:1066:25:[m[K [01;31m[Kerror: [m[Kâ€˜[01m[Kcurrent_target_index_[m[Kâ€™ was not declared in this scope
 1066 |                     if ([01;31m[Kcurrent_target_index_[m[K >= target_positions_.size()) {
      |                         [01;31m[K^~~~~~~~~~~~~~~~~~~~~[m[K
[01m[K/home/ubuntu/Desktop/AK8064_ws_Jun/src/motor_driver/src/ControlMotor.cpp:1066:50:[m[K [01;31m[Kerror: [m[Kâ€˜[01m[Ktarget_positions_[m[Kâ€™ was not declared in this scope
 1066 |   if (current_target_index_ >= [01;31m[Ktarget_positions_[m[K.size()) {
      |                                [01;31m[K^~~~~~~~~~~~~~~~~[m[K

In file included from [01m[K/opt/ros/humble/include/rclcpp/rclcpp/client.hpp:40[m[K,
                 from [01m[K/opt/ros/humble/include/rclcpp/rclcpp/callback_group.hpp:24[m[K,
                 from [01m[K/opt/ros/humble/include/rclcpp/rclcpp/any_executable.hpp:20[m[K,
                 from [01m[K/opt/ros/humble/include/rclcpp/rclcpp/memory_strategy.hpp:25[m[K,
                 from [01m[K/opt/ros/humble/include/rclcpp/rclcpp/memory_strategies.hpp:18[m[K,
                 from [01m[K/opt/ros/humble/include/rclcpp/rclcpp/executor_options.hpp:20[m[K,
                 from [01m[K/opt/ros/humble/include/rclcpp/rclcpp/executor.hpp:37[m[K,
                 from [01m[K/opt/ros/humble/include/rclcpp/rclcpp/executors/multi_threaded_executor.hpp:25[m[K,
                 from [01m[K/opt/ros/humble/include/rclcpp/rclcpp/executors.hpp:21[m[K,
                 from [01m[K/opt/ros/humble/include/rclcpp/rclcpp/rclcpp.hpp:155[m[K,
                 from [01m[K/home/ubuntu/Desktop/AK8064_ws_Jun/src/motor_driver/src/ControlMotor.cpp:750[m[K:
[01m[K/home/ubuntu/Desktop/AK8064_ws_Jun/src/motor_driver/src/ControlMotor.cpp:1067:38:[m[K [01;31m[Kerror: [m[Kâ€˜[01m[Klogger_[m[Kâ€™ was not declared in this scope
 1067 |                   RCLCPP_ERROR([01;31m[Klogger_[m[K, "Motor 0x%02X: Invalid target index!", motor_id_);
      |                                [01;31m[K^~~~~~~[m[K

[01m[K/home/ubuntu/Desktop/AK8064_ws_Jun/src/motor_driver/src/ControlMotor.cpp:1067:25:[m[K [01;31m[Kerror: [m[Ktemplate argument 1 is invalid
 1067 |                         [01;31m[KRCLCPP_ERROR[m[K(logger_, "Motor 0x%02X: Invalid target index!", motor_id_);
      |                         [01;31m[K^~~~~~~~~~~~[m[K
[01m[K/home/ubuntu/Desktop/AK8064_ws_Jun/src/motor_driver/src/ControlMotor.cpp:1067:25:[m[K [01;31m[Kerror: [m[Ktemplate argument 1 is invalid
 1067 |                         [01;31m[KRCLCPP_ERROR[m[K(logger_, "Motor 0x%02X: Invalid target index!", motor_id_);
      |                         [01;31m[K^~~~~~~~~~~~[m[K
[01m[K/home/ubuntu/Desktop/AK8064_ws_Jun/src/motor_driver/src/ControlMotor.cpp:1067:25:[m[K [01;31m[Kerror: [m[Ktemplate argument 1 is invalid
 1067 |                         [01;31m[KRCLCPP_ERROR[m[K(logger_, "Motor 0x%02X: Invalid target index!", motor_id_);
      |                         [01;31m[K^~~~~~~~~~~~[m[K
[01m[K/home/ubuntu/Desktop/AK8064_ws_Jun/src/motor_driver/src/ControlMotor.cpp:1068:38:[m[K [01;31m[Kerror: [m[Kâ€˜[01m[KState[m[Kâ€™ has not been declared
 1068 |                   transitionTo([01;31m[KState[m[K::STOPPED);
      |                                [01;31m[K^~~~~[m[K

[01m[K/home/ubuntu/Desktop/AK8064_ws_Jun/src/motor_driver/src/ControlMotor.cpp:1068:25:[m[K [01;31m[Kerror: [m[Kâ€˜[01m[KtransitionTo[m[Kâ€™ was not declared in this scope
 1068 |                         [01;31m[KtransitionTo[m[K(State::STOPPED);
      |                         [01;31m[K^~~~~~~~~~~~[m[K
[01m[K/home/ubuntu/Desktop/AK8064_ws_Jun/src/motor_driver/src/ControlMotor.cpp:1071:36:[m[K [01;31m[Kerror: [m[Kâ€˜[01m[Ktarget_positions_[m[Kâ€™ was not declared in this scope
 1071 |                 float target = [01;31m[Ktarget_positions_[m[K[current_target_index_];
      |                                [01;31m[K^~~~~~~~~~~~~~~~~[m[K

[01m[K/home/ubuntu/Desktop/AK8064_ws_Jun/src/motor_driver/src/ControlMotor.cpp:1071:54:[m[K [01;31m[Kerror: [m[Kâ€˜[01m[Kcurrent_target_index_[m[Kâ€™ was not declared in this scope
 1071 | oat target = target_positions_[[01;31m[Kcurrent_target_index_[m[K];
      |                                [01;31m[K^~~~~~~~~~~~~~~~~~~~~[m[K

[01m[K/home/ubuntu/Desktop/AK8064_ws_Jun/src/motor_driver/src/ControlMotor.cpp:1073:82:[m[K [01;31m[Kerror: [m[Kâ€˜[01m[KPOSITION_TOLERANCE[m[Kâ€™ was not declared in this scope
 1073 | ated_data.position - target) < [01;31m[KPOSITION_TOLERANCE[m[K;
      |                                [01;31m[K^~~~~~~~~~~~~~~~~~[m[K

[01m[K/home/ubuntu/Desktop/AK8064_ws_Jun/src/motor_driver/src/ControlMotor.cpp:1075:25:[m[K [01;31m[Kerror: [m[Kâ€˜[01m[Kreach_counter_[m[Kâ€™ was not declared in this scope
 1075 |                         [01;31m[Kreach_counter_[m[K++;
      |                         [01;31m[K^~~~~~~~~~~~~~[m[K
[01m[K/home/ubuntu/Desktop/AK8064_ws_Jun/src/motor_driver/src/ControlMotor.cpp:1076:47:[m[K [01;31m[Kerror: [m[Kâ€˜[01m[Kreach_count_max_[m[Kâ€™ was not declared in this scope
 1076 |          if (reach_counter_ >= [01;31m[Kreach_count_max_[m[K) {
      |                                [01;31m[K^~~~~~~~~~~~~~~~[m[K

[01m[K/home/ubuntu/Desktop/AK8064_ws_Jun/src/motor_driver/src/ControlMotor.cpp:1081:33:[m[K [01;31m[Kerror: [m[Kâ€˜[01m[Krepeat_counter_[m[Kâ€™ was not declared in this scope
 1081 |                                [01;31m[Krepeat_counter_[m[K++; // TÄƒng biáº¿n Ä‘áº¿m láº·p
      |                                [01;31m[K^~~~~~~~~~~~~~~[m[K

[01m[K/home/ubuntu/Desktop/AK8064_ws_Jun/src/motor_driver/src/ControlMotor.cpp:1082:56:[m[K [01;31m[Kerror: [m[Kâ€˜[01m[Krepeat_[m[Kâ€™ was not declared in this scope
 1082 |          if (repeat_counter_ >= [01;31m[Krepeat_[m[K) {
      |                                 [01;31m[K^~~~~~~[m[K

In file included from [01m[K/opt/ros/humble/include/rclcpp/rclcpp/client.hpp:40[m[K,
                 from [01m[K/opt/ros/humble/include/rclcpp/rclcpp/callback_group.hpp:24[m[K,
                 from [01m[K/opt/ros/humble/include/rclcpp/rclcpp/any_executable.hpp:20[m[K,
                 from [01m[K/opt/ros/humble/include/rclcpp/rclcpp/memory_strategy.hpp:25[m[K,
                 from [01m[K/opt/ros/humble/include/rclcpp/rclcpp/memory_strategies.hpp:18[m[K,
                 from [01m[K/opt/ros/humble/include/rclcpp/rclcpp/executor_options.hpp:20[m[K,
                 from [01m[K/opt/ros/humble/include/rclcpp/rclcpp/executor.hpp:37[m[K,
                 from [01m[K/opt/ros/humble/include/rclcpp/rclcpp/executors/multi_threaded_executor.hpp:25[m[K,
                 from [01m[K/opt/ros/humble/include/rclcpp/rclcpp/executors.hpp:21[m[K,
                 from [01m[K/opt/ros/humble/include/rclcpp/rclcpp/rclcpp.hpp:155[m[K,
                 from [01m[K/home/ubuntu/Desktop/AK8064_ws_Jun/src/motor_driver/src/ControlMotor.cpp:750[m[K:
[01m[K/home/ubuntu/Desktop/AK8064_ws_Jun/src/motor_driver/src/ControlMotor.cpp:1084:49:[m[K [01;31m[Kerror: [m[Kâ€˜[01m[Klogger_[m[Kâ€™ was not declared in this scope
 1084 |                    RCLCPP_INFO([01;31m[Klogger_[m[K, "Motor 0x%02X: All targets reached %d times.", motor_id_, repeat_);
      |                                [01;31m[K^~~~~~~[m[K

[01m[K/home/ubuntu/Desktop/AK8064_ws_Jun/src/motor_driver/src/ControlMotor.cpp:1084:37:[m[K [01;31m[Kerror: [m[Ktemplate argument 1 is invalid
 1084 |                                [01;31m[KRCLCPP_INFO[m[K(logger_, "Motor 0x%02X: All targets reached %d times.", motor_id_, repeat_);
      |                                [01;31m[K^~~~~~~~~~~[m[K

[01m[K/home/ubuntu/Desktop/AK8064_ws_Jun/src/motor_driver/src/ControlMotor.cpp:1084:37:[m[K [01;31m[Kerror: [m[Ktemplate argument 1 is invalid
 1084 |                                [01;31m[KRCLCPP_INFO[m[K(logger_, "Motor 0x%02X: All targets reached %d times.", motor_id_, repeat_);
      |                                [01;31m[K^~~~~~~~~~~[m[K

[01m[K/home/ubuntu/Desktop/AK8064_ws_Jun/src/motor_driver/src/ControlMotor.cpp:1084:37:[m[K [01;31m[Kerror: [m[Ktemplate argument 1 is invalid
 1084 |                                [01;31m[KRCLCPP_INFO[m[K(logger_, "Motor 0x%02X: All targets reached %d times.", motor_id_, repeat_);
      |                                [01;31m[K^~~~~~~~~~~[m[K

[01m[K/home/ubuntu/Desktop/AK8064_ws_Jun/src/motor_driver/src/ControlMotor.cpp:1086:50:[m[K [01;31m[Kerror: [m[Kâ€˜[01m[KState[m[Kâ€™ has not been declared
 1086 |                   transitionTo([01;31m[KState[m[K::STOPPED);
      |                                [01;31m[K^~~~~[m[K

[01m[K/home/ubuntu/Desktop/AK8064_ws_Jun/src/motor_driver/src/ControlMotor.cpp:1086:37:[m[K [01;31m[Kerror: [m[Kâ€˜[01m[KtransitionTo[m[Kâ€™ was not declared in this scope
 1086 |                                [01;31m[KtransitionTo[m[K(State::STOPPED);
      |                                [01;31m[K^~~~~~~~~~~~[m[K

In file included from [01m[K/opt/ros/humble/include/rclcpp/rclcpp/client.hpp:40[m[K,
                 from [01m[K/opt/ros/humble/include/rclcpp/rclcpp/callback_group.hpp:24[m[K,
                 from [01m[K/opt/ros/humble/include/rclcpp/rclcpp/any_executable.hpp:20[m[K,
                 from [01m[K/opt/ros/humble/include/rclcpp/rclcpp/memory_strategy.hpp:25[m[K,
                 from [01m[K/opt/ros/humble/include/rclcpp/rclcpp/memory_strategies.hpp:18[m[K,
                 from [01m[K/opt/ros/humble/include/rclcpp/rclcpp/executor_options.hpp:20[m[K,
                 from [01m[K/opt/ros/humble/include/rclcpp/rclcpp/executor.hpp:37[m[K,
                 from [01m[K/opt/ros/humble/include/rclcpp/rclcpp/executors/multi_threaded_executor.hpp:25[m[K,
                 from [01m[K/opt/ros/humble/include/rclcpp/rclcpp/executors.hpp:21[m[K,
                 from [01m[K/opt/ros/humble/include/rclcpp/rclcpp/rclcpp.hpp:155[m[K,
                 from [01m[K/home/ubuntu/Desktop/AK8064_ws_Jun/src/motor_driver/src/ControlMotor.cpp:750[m[K:
[01m[K/home/ubuntu/Desktop/AK8064_ws_Jun/src/motor_driver/src/ControlMotor.cpp:1089:49:[m[K [01;31m[Kerror: [m[Kâ€˜[01m[Klogger_[m[Kâ€™ was not declared in this scope
 1089 |                    RCLCPP_INFO([01;31m[Klogger_[m[K, "Motor 0x%02X: Starting repeat %d of %d.", motor_id_, repeat_counter_ + 1, repeat_);
      |                                [01;31m[K^~~~~~~[m[K

[01m[K/home/ubuntu/Desktop/AK8064_ws_Jun/src/motor_driver/src/ControlMotor.cpp:1089:37:[m[K [01;31m[Kerror: [m[Ktemplate argument 1 is invalid
 1089 |                                [01;31m[KRCLCPP_INFO[m[K(logger_, "Motor 0x%02X: Starting repeat %d of %d.", motor_id_, repeat_counter_ + 1, repeat_);
      |                                [01;31m[K^~~~~~~~~~~[m[K

[01m[K/home/ubuntu/Desktop/AK8064_ws_Jun/src/motor_driver/src/ControlMotor.cpp:1089:37:[m[K [01;31m[Kerror: [m[Ktemplate argument 1 is invalid
 1089 |                                [01;31m[KRCLCPP_INFO[m[K(logger_, "Motor 0x%02X: Starting repeat %d of %d.", motor_id_, repeat_counter_ + 1, repeat_);
      |                                [01;31m[K^~~~~~~~~~~[m[K

[01m[K/home/ubuntu/Desktop/AK8064_ws_Jun/src/motor_driver/src/ControlMotor.cpp:1089:37:[m[K [01;31m[Kerror: [m[Ktemplate argument 1 is invalid
 1089 |                                [01;31m[KRCLCPP_INFO[m[K(logger_, "Motor 0x%02X: Starting repeat %d of %d.", motor_id_, repeat_counter_ + 1, repeat_);
      |                                [01;31m[K^~~~~~~~~~~[m[K

[01m[K/home/ubuntu/Desktop/AK8064_ws_Jun/src/motor_driver/src/ControlMotor.cpp:1094:25:[m[K [01;31m[Kerror: [m[Kâ€˜[01m[Kreach_counter_[m[Kâ€™ was not declared in this scope
 1094 |                         [01;31m[Kreach_counter_[m[K = 0;
      |                         [01;31m[K^~~~~~~~~~~~~~[m[K
[01m[K/home/ubuntu/Desktop/AK8064_ws_Jun/src/motor_driver/src/ControlMotor.cpp:1099:18:[m[K [01;31m[Kerror: [m[Kâ€˜[01m[KState[m[Kâ€™ has not been declared
 1099 |             case [01;31m[KState[m[K::PAUSED:
      |                  [01;31m[K^~~~~[m[K
[01m[K/home/ubuntu/Desktop/AK8064_ws_Jun/src/motor_driver/src/ControlMotor.cpp:1100:51:[m[K [01;31m[Kerror: [m[Kâ€˜[01m[Ktarget_position_[m[Kâ€™ was not declared in this scope
 1100 | _->setPositionSpeed(motor_id_, [01;31m[Ktarget_position_[m[K,
      |                                [01;31m[K^~~~~~~~~~~~~~~~[m[K

[01m[K/home/ubuntu/Desktop/AK8064_ws_Jun/src/motor_driver/src/ControlMotor.cpp:1103:74:[m[K [01;31m[Kerror: [m[Kâ€˜[01m[KPOSITION_TOLERANCE[m[Kâ€™ was not declared in this scope
 1103 | position - target_position_) < [01;31m[KPOSITION_TOLERANCE[m[K &&
      |                                [01;31m[K^~~~~~~~~~~~~~~~~~[m[K

[01m[K/home/ubuntu/Desktop/AK8064_ws_Jun/src/motor_driver/src/ControlMotor.cpp:1104:55:[m[K [01;31m[Kerror: [m[Kâ€˜[01m[KVELOCITY_TOLERANCE[m[Kâ€™ was not declared in this scope
 1104 | ::abs(updated_data.velocity) < [01;31m[KVELOCITY_TOLERANCE[m[K) {
      |                                [01;31m[K^~~~~~~~~~~~~~~~~~[m[K

In file included from [01m[K/opt/ros/humble/include/rclcpp/rclcpp/client.hpp:40[m[K,
                 from [01m[K/opt/ros/humble/include/rclcpp/rclcpp/callback_group.hpp:24[m[K,
                 from [01m[K/opt/ros/humble/include/rclcpp/rclcpp/any_executable.hpp:20[m[K,
                 from [01m[K/opt/ros/humble/include/rclcpp/rclcpp/memory_strategy.hpp:25[m[K,
                 from [01m[K/opt/ros/humble/include/rclcpp/rclcpp/memory_strategies.hpp:18[m[K,
                 from [01m[K/opt/ros/humble/include/rclcpp/rclcpp/executor_options.hpp:20[m[K,
                 from [01m[K/opt/ros/humble/include/rclcpp/rclcpp/executor.hpp:37[m[K,
                 from [01m[K/opt/ros/humble/include/rclcpp/rclcpp/executors/multi_threaded_executor.hpp:25[m[K,
                 from [01m[K/opt/ros/humble/include/rclcpp/rclcpp/executors.hpp:21[m[K,
                 from [01m[K/opt/ros/humble/include/rclcpp/rclcpp/rclcpp.hpp:155[m[K,
                 from [01m[K/home/ubuntu/Desktop/AK8064_ws_Jun/src/motor_driver/src/ControlMotor.cpp:750[m[K:
[01m[K/home/ubuntu/Desktop/AK8064_ws_Jun/src/motor_driver/src/ControlMotor.cpp:1108:37:[m[K [01;31m[Kerror: [m[Kâ€˜[01m[Klogger_[m[Kâ€™ was not declared in this scope
 1108 |                    RCLCPP_INFO([01;31m[Klogger_[m[K, "Motor 0x%02X: Successfully paused at position %.2f",
      |                                [01;31m[K^~~~~~~[m[K

[01m[K/home/ubuntu/Desktop/AK8064_ws_Jun/src/motor_driver/src/ControlMotor.cpp:1108:25:[m[K [01;31m[Kerror: [m[Ktemplate argument 1 is invalid
 1108 |                         [01;31m[KRCLCPP_INFO[m[K(logger_, "Motor 0x%02X: Successfully paused at position %.2f",
      |                         [01;31m[K^~~~~~~~~~~[m[K
[01m[K/home/ubuntu/Desktop/AK8064_ws_Jun/src/motor_driver/src/ControlMotor.cpp:1108:25:[m[K [01;31m[Kerror: [m[Ktemplate argument 1 is invalid
 1108 |                         [01;31m[KRCLCPP_INFO[m[K(logger_, "Motor 0x%02X: Successfully paused at position %.2f",
      |                         [01;31m[K^~~~~~~~~~~[m[K
[01m[K/home/ubuntu/Desktop/AK8064_ws_Jun/src/motor_driver/src/ControlMotor.cpp:1108:25:[m[K [01;31m[Kerror: [m[Ktemplate argument 1 is invalid
 1108 |                         [01;31m[KRCLCPP_INFO[m[K(logger_, "Motor 0x%02X: Successfully paused at position %.2f",
      |                         [01;31m[K^~~~~~~~~~~[m[K
[01m[K/home/ubuntu/Desktop/AK8064_ws_Jun/src/motor_driver/src/ControlMotor.cpp:1115:18:[m[K [01;31m[Kerror: [m[Kâ€˜[01m[KState[m[Kâ€™ has not been declared
 1115 |             case [01;31m[KState[m[K::STOPPED:
      |                  [01;31m[K^~~~~[m[K
[01m[K/home/ubuntu/Desktop/AK8064_ws_Jun/src/motor_driver/src/ControlMotor.cpp:1118:18:[m[K [01;31m[Kerror: [m[Kâ€˜[01m[KState[m[Kâ€™ has not been declared
 1118 |             case [01;31m[KState[m[K::ERROR:
      |                  [01;31m[K^~~~~[m[K
[01m[K/home/ubuntu/Desktop/AK8064_ws_Jun/src/motor_driver/src/ControlMotor.cpp:1123:96:[m[K [01;31m[Kerror: [m[Ka function-definition is not allowed here before â€˜[01m[K{[m[Kâ€™ token
 1123 | s::msg::Parameter>& parameters) override [01;31m[K{[m[K
      |                                          [01;31m[K^[m[K

[01m[K/home/ubuntu/Desktop/AK8064_ws_Jun/src/motor_driver/src/ControlMotor.cpp:1174:21:[m[K [01;35m[Kwarning: [m[Kempty parentheses were disambiguated as a function declaration [[01;35m[K]8;;https://gcc.gnu.org/onlinedocs/gcc/Warning-Options.html#index-Wvexing-parse-Wvexing-parse]8;;[m[K]
 1174 |     bool isOriginSet[01;35m[K()[m[K const override { return is_origin_set_; }
      |                     [01;35m[K^~[m[K
[01m[K/home/ubuntu/Desktop/AK8064_ws_Jun/src/motor_driver/src/ControlMotor.cpp:1174:21:[m[K [01;36m[Knote: [m[Kremove parentheses to default-initialize a variable
 1174 |     bool isOriginSet[01;36m[K()[m[K const override { return is_origin_set_; }
      |                     [01;36m[K^~[m[K
      |                     [31m[K--[m[K
[01m[K/home/ubuntu/Desktop/AK8064_ws_Jun/src/motor_driver/src/ControlMotor.cpp:1174:21:[m[K [01;36m[Knote: [m[Kor replace parentheses with braces to value-initialize a variable
[01m[K/home/ubuntu/Desktop/AK8064_ws_Jun/src/motor_driver/src/ControlMotor.cpp:1174:39:[m[K [01;31m[Kerror: [m[Ka function-definition is not allowed here before â€˜[01m[K{[m[Kâ€™ token
 1174 | l isOriginSet() const override [01;31m[K{[m[K return is_origin_set_; }
      |                                [01;31m[K^[m[K

[01m[K/home/ubuntu/Desktop/AK8064_ws_Jun/src/motor_driver/src/ControlMotor.cpp:1175:25:[m[K [01;35m[Kwarning: [m[Kempty parentheses were disambiguated as a function declaration [[01;35m[K]8;;https://gcc.gnu.org/onlinedocs/gcc/Warning-Options.html#index-Wvexing-parse-Wvexing-parse]8;;[m[K]
 1175 |     bool isTargetReached[01;35m[K()[m[K const override { return target_reached_; }
      |                         [01;35m[K^~[m[K
[01m[K/home/ubuntu/Desktop/AK8064_ws_Jun/src/motor_driver/src/ControlMotor.cpp:1175:25:[m[K [01;36m[Knote: [m[Kremove parentheses to default-initialize a variable
 1175 |     bool isTargetReached[01;36m[K()[m[K const override { return target_reached_; }
      |                         [01;36m[K^~[m[K
      |                         [31m[K--[m[K
[01m[K/home/ubuntu/Desktop/AK8064_ws_Jun/src/motor_driver/src/ControlMotor.cpp:1175:25:[m[K [01;36m[Knote: [m[Kor replace parentheses with braces to value-initialize a variable
[01m[K/home/ubuntu/Desktop/AK8064_ws_Jun/src/motor_driver/src/ControlMotor.cpp:1175:43:[m[K [01;31m[Kerror: [m[Ka function-definition is not allowed here before â€˜[01m[K{[m[Kâ€™ token
 1175 | TargetReached() const override [01;31m[K{[m[K return target_reached_; }
      |                                [01;31m[K^[m[K

[01m[K/home/ubuntu/Desktop/AK8064_ws_Jun/src/motor_driver/src/ControlMotor.cpp:1176:20:[m[K [01;35m[Kwarning: [m[Kempty parentheses were disambiguated as a function declaration [[01;35m[K]8;;https://gcc.gnu.org/onlinedocs/gcc/Warning-Options.html#index-Wvexing-parse-Wvexing-parse]8;;[m[K]
 1176 |     uint8_t motorId[01;35m[K()[m[K const override { return motor_id_; }
      |                    [01;35m[K^~[m[K
[01m[K/home/ubuntu/Desktop/AK8064_ws_Jun/src/motor_driver/src/ControlMotor.cpp:1176:20:[m[K [01;36m[Knote: [m[Kremove parentheses to default-initialize a variable
 1176 |     uint8_t motorId[01;36m[K()[m[K const override { return motor_id_; }
      |                    [01;36m[K^~[m[K
      |                    [31m[K--[m[K
[01m[K/home/ubuntu/Desktop/AK8064_ws_Jun/src/motor_driver/src/ControlMotor.cpp:1176:20:[m[K [01;36m[Knote: [m[Kor replace parentheses with braces to value-initialize a variable
[01m[K/home/ubuntu/Desktop/AK8064_ws_Jun/src/motor_driver/src/ControlMotor.cpp:1176:38:[m[K [01;31m[Kerror: [m[Ka function-definition is not allowed here before â€˜[01m[K{[m[Kâ€™ token
 1176 | nt8_t motorId() const override [01;31m[K{[m[K return motor_id_; }
      |                                [01;31m[K^[m[K

[01m[K/home/ubuntu/Desktop/AK8064_ws_Jun/src/motor_driver/src/ControlMotor.cpp:1178:26:[m[K [01;31m[Kerror: [m[Ka function-definition is not allowed here before â€˜[01m[K{[m[Kâ€™ token
 1178 |     void stop() override [01;31m[K{[m[K
      |                          [01;31m[K^[m[K
[01m[K/home/ubuntu/Desktop/AK8064_ws_Jun/src/motor_driver/src/ControlMotor.cpp:1191:1:[m[K [01;31m[Kerror: [m[Kexpected primary-expression before â€˜[01m[Kprivate[m[Kâ€™
 1191 | [01;31m[Kprivate[m[K:
      | [01;31m[K^~~~~~~[m[K
[01m[K/home/ubuntu/Desktop/AK8064_ws_Jun/src/motor_driver/src/ControlMotor.cpp:1194:31:[m[K [01;31m[Kerror: [m[Kâ€˜[01m[KState[m[Kâ€™ was not declared in this scope; did you mean â€˜[01m[K_xstate[m[Kâ€™?
 1194 |     std::string stateToString([01;31m[KState[m[K state) {
      |                               [01;31m[K^~~~~[m[K
      |                               [32m[K_xstate[m[K
[01m[K/home/ubuntu/Desktop/AK8064_ws_Jun/src/motor_driver/src/ControlMotor.cpp:1206:33:[m[K [01;31m[Kerror: [m[Ka function-definition is not allowed here before â€˜[01m[K{[m[Kâ€™ token
 1206 |     void initializeCommandMap() [01;31m[K{[m[K
      |                                 [01;31m[K^[m[K
[01m[K/home/ubuntu/Desktop/AK8064_ws_Jun/src/motor_driver/src/ControlMotor.cpp:1298:66:[m[K [01;31m[Kerror: [m[Ka function-definition is not allowed here before â€˜[01m[K{[m[Kâ€™ token
 1298 | ns(const std::vector<double>& positions) [01;31m[K{[m[K
      |                                          [01;31m[K^[m[K

[01m[K/home/ubuntu/Desktop/AK8064_ws_Jun/src/motor_driver/src/ControlMotor.cpp:1308:26:[m[K [01;31m[Kerror: [m[Ka function-definition is not allowed here before â€˜[01m[K{[m[Kâ€™ token
 1308 |     void validateSpeed() [01;31m[K{[m[K
      |                          [01;31m[K^[m[K
[01m[K/home/ubuntu/Desktop/AK8064_ws_Jun/src/motor_driver/src/ControlMotor.cpp:1316:26:[m[K [01;31m[Kerror: [m[Ka function-definition is not allowed here before â€˜[01m[K{[m[Kâ€™ token
 1316 |     void validateAccel() [01;31m[K{[m[K
      |                          [01;31m[K^[m[K
[01m[K/home/ubuntu/Desktop/AK8064_ws_Jun/src/motor_driver/src/ControlMotor.cpp:1324:25:[m[K [01;31m[Kerror: [m[Ka function-definition is not allowed here before â€˜[01m[K{[m[Kâ€™ token
 1324 |     void validateStep() [01;31m[K{[m[K
      |                         [01;31m[K^[m[K
[01m[K/home/ubuntu/Desktop/AK8064_ws_Jun/src/motor_driver/src/ControlMotor.cpp:1331:27:[m[K [01;31m[Kerror: [m[Ka function-definition is not allowed here before â€˜[01m[K{[m[Kâ€™ token
 1331 |     void validateRepeat() [01;31m[K{[m[K
      |                           [01;31m[K^[m[K
[01m[K/home/ubuntu/Desktop/AK8064_ws_Jun/src/motor_driver/src/ControlMotor.cpp:1338:10:[m[K [01;31m[Kerror: [m[Kvariable or field â€˜[01m[KtransitionTo[m[Kâ€™ declared void
 1338 |     void [01;31m[KtransitionTo[m[K(State new_state) {
      |          [01;31m[K^~~~~~~~~~~~[m[K
[01m[K/home/ubuntu/Desktop/AK8064_ws_Jun/src/motor_driver/src/ControlMotor.cpp:1338:29:[m[K [01;31m[Kerror: [m[Kexpected â€˜[01m[K)[m[Kâ€™ before â€˜[01m[Knew_state[m[Kâ€™
 1338 |     void transitionTo(State [01;31m[Knew_state[m[K) {
      |                             [01;31m[K^~~~~~~~~[m[K
[01m[K/home/ubuntu/Desktop/AK8064_ws_Jun/src/motor_driver/src/ControlMotor.cpp:1338:22:[m[K [01;36m[Knote: [m[Kto match this â€˜[01m[K([m[Kâ€™
 1338 |     void transitionTo[01;36m[K([m[KState new_state) {
      |                      [01;36m[K^[m[K
[01m[K/home/ubuntu/Desktop/AK8064_ws_Jun/src/motor_driver/src/ControlMotor.cpp:1346:22:[m[K [01;31m[Kerror: [m[Ka function-definition is not allowed here before â€˜[01m[K{[m[Kâ€™ token
 1346 |     void setOrigin() [01;31m[K{[m[K
      |                      [01;31m[K^[m[K
[01m[K/home/ubuntu/Desktop/AK8064_ws_Jun/src/motor_driver/src/ControlMotor.cpp:1360:33:[m[K [01;31m[Kerror: [m[Ka function-definition is not allowed here before â€˜[01m[K{[m[Kâ€™ token
 1360 |     void initializeParameters() [01;31m[K{[m[K
      |                                 [01;31m[K^[m[K
[01m[K/home/ubuntu/Desktop/AK8064_ws_Jun/src/motor_driver/src/ControlMotor.cpp:1396:5:[m[K [01;31m[Kerror: [m[Kexpected primary-expression before â€˜[01m[Kpublic[m[Kâ€™
 1396 |     [01;31m[Kpublic[m[K:
      |     [01;31m[K^~~~~~[m[K
[01m[K/home/ubuntu/Desktop/AK8064_ws_Jun/src/motor_driver/src/ControlMotor.cpp:1399:5:[m[K [01;31m[Kerror: [m[Kexpected primary-expression before â€˜[01m[Kprivate[m[Kâ€™
 1399 |     [01;31m[Kprivate[m[K:
      |     [01;31m[K^~~~~~~[m[K
[01m[K/home/ubuntu/Desktop/AK8064_ws_Jun/src/motor_driver/src/ControlMotor.cpp:1408:20:[m[K [01;31m[Kerror: [m[Kâ€˜[01m[Krclcpp::Logger::Logger()[m[Kâ€™ is private within this context
 1408 |     rclcpp::Logger [01;31m[Klogger_[m[K;
      |                    [01;31m[K^~~~~~~[m[K
In file included from [01m[K/opt/ros/humble/include/rclcpp/rclcpp/logging.hpp:23[m[K,
                 from [01m[K/opt/ros/humble/include/rclcpp/rclcpp/client.hpp:40[m[K,
                 from [01m[K/opt/ros/humble/include/rclcpp/rclcpp/callback_group.hpp:24[m[K,
                 from [01m[K/opt/ros/humble/include/rclcpp/rclcpp/any_executable.hpp:20[m[K,
                 from [01m[K/opt/ros/humble/include/rclcpp/rclcpp/memory_strategy.hpp:25[m[K,
                 from [01m[K/opt/ros/humble/include/rclcpp/rclcpp/memory_strategies.hpp:18[m[K,
                 from [01m[K/opt/ros/humble/include/rclcpp/rclcpp/executor_options.hpp:20[m[K,
                 from [01m[K/opt/ros/humble/include/rclcpp/rclcpp/executor.hpp:37[m[K,
                 from [01m[K/opt/ros/humble/include/rclcpp/rclcpp/executors/multi_threaded_executor.hpp:25[m[K,
                 from [01m[K/opt/ros/humble/include/rclcpp/rclcpp/executors.hpp:21[m[K,
                 from [01m[K/opt/ros/humble/include/rclcpp/rclcpp/rclcpp.hpp:155[m[K,
                 from [01m[K/home/ubuntu/Desktop/AK8064_ws_Jun/src/motor_driver/src/ControlMotor.cpp:750[m[K:
[01m[K/opt/ros/humble/include/rclcpp/rclcpp/logger.hpp:114:3:[m[K [01;36m[Knote: [m[Kdeclared private here
  114 |   [01;36m[KLogger[m[K()
      |   [01;36m[K^~~~~~[m[K
[01m[K/home/ubuntu/Desktop/AK8064_ws_Jun/src/motor_driver/src/ControlMotor.cpp:1409:11:[m[K [01;31m[Kerror: [m[Kexpected â€˜[01m[K;[m[Kâ€™ before â€˜[01m[Kstate_[m[Kâ€™
 1409 |     State [01;31m[Kstate_[m[K;
      |           [01;31m[K^~~~~~[m[K
[01m[K/home/ubuntu/Desktop/AK8064_ws_Jun/src/motor_driver/src/ControlMotor.cpp:1423:19:[m[K [01;31m[Kerror: [m[Kno matching function for call to â€˜[01m[KSafetyChecker::SafetyChecker()[m[Kâ€™
 1423 |     SafetyChecker [01;31m[Ksafety_checker_[m[K;
      |                   [01;31m[K^~~~~~~~~~~~~~~[m[K
[01m[K/home/ubuntu/Desktop/AK8064_ws_Jun/src/motor_driver/src/ControlMotor.cpp:860:5:[m[K [01;36m[Knote: [m[Kcandidate: â€˜[01m[KSafetyChecker::SafetyChecker(float, float, int)[m[Kâ€™
  860 |     [01;36m[KSafetyChecker[m[K(float min_angle, float max_angle, int max_temperature)
      |     [01;36m[K^~~~~~~~~~~~~[m[K
[01m[K/home/ubuntu/Desktop/AK8064_ws_Jun/src/motor_driver/src/ControlMotor.cpp:860:5:[m[K [01;36m[Knote: [m[K  candidate expects 3 arguments, 0 provided
[01m[K/home/ubuntu/Desktop/AK8064_ws_Jun/src/motor_driver/src/ControlMotor.cpp:858:7:[m[K [01;36m[Knote: [m[Kcandidate: â€˜[01m[Kconstexpr SafetyChecker::SafetyChecker(const SafetyChecker&)[m[Kâ€™
  858 | class [01;36m[KSafetyChecker[m[K {
      |       [01;36m[K^~~~~~~~~~~~~[m[K
[01m[K/home/ubuntu/Desktop/AK8064_ws_Jun/src/motor_driver/src/ControlMotor.cpp:858:7:[m[K [01;36m[Knote: [m[K  candidate expects 1 argument, 0 provided
[01m[K/home/ubuntu/Desktop/AK8064_ws_Jun/src/motor_driver/src/ControlMotor.cpp:858:7:[m[K [01;36m[Knote: [m[Kcandidate: â€˜[01m[Kconstexpr SafetyChecker::SafetyChecker(SafetyChecker&&)[m[Kâ€™
[01m[K/home/ubuntu/Desktop/AK8064_ws_Jun/src/motor_driver/src/ControlMotor.cpp:858:7:[m[K [01;36m[Knote: [m[K  candidate expects 1 argument, 0 provided
[01m[K/home/ubuntu/Desktop/AK8064_ws_Jun/src/motor_driver/src/ControlMotor.cpp:[m[K In member function â€˜[01m[Kvoid MotorController::MotorControlNode::controlLoop()[m[Kâ€™:
[01m[K/home/ubuntu/Desktop/AK8064_ws_Jun/src/motor_driver/src/ControlMotor.cpp:1488:59:[m[K [01;31m[Kerror: [m[Kâ€˜[01m[KVELOCITY_CONVERSION_FACTOR[m[Kâ€™ is not a member of â€˜[01m[KMotorController[m[Kâ€™
 1488 | a.velocity *= MotorController::[01;31m[KVELOCITY_CONVERSION_FACTOR[m[K;
      |                                [01;31m[K^~~~~~~~~~~~~~~~~~~~~~~~~~[m[K

[01m[K/home/ubuntu/Desktop/AK8064_ws_Jun/src/motor_driver/src/ControlMotor.cpp:[m[K At global scope:
[01m[K/home/ubuntu/Desktop/AK8064_ws_Jun/src/motor_driver/src/ControlMotor.cpp:1547:2:[m[K [01;31m[Kerror: [m[Kexpected unqualified-id at end of input
 1547 | }
      |  [01;31m[K^[m[K
In file included from [01m[K/usr/include/c++/11/memory:76[m[K,
                 from [01m[K/opt/ros/humble/include/rclcpp/rclcpp/rclcpp.hpp:153[m[K,
                 from [01m[K/home/ubuntu/Desktop/AK8064_ws_Jun/src/motor_driver/src/ControlMotor.cpp:750[m[K:
/usr/include/c++/11/bits/unique_ptr.h: In instantiation of â€˜[01m[Ktypename std::_MakeUniq<_Tp>::__single_object std::make_unique(_Args&& ...) [with _Tp = MotorController; _Args = {int, std::shared_ptr<ICANInterface>&, MotorController::MotorControlNode*, const char (&)[21]}; typename std::_MakeUniq<_Tp>::__single_object = std::unique_ptr<MotorController, std::default_delete<MotorController> >][m[Kâ€™:
[01m[K/home/ubuntu/Desktop/AK8064_ws_Jun/src/motor_driver/src/ControlMotor.cpp:1441:65:[m[K   required from here
[01m[K/usr/include/c++/11/bits/unique_ptr.h:962:30:[m[K [01;31m[Kerror: [m[Kinvalid new-expression of abstract class type â€˜[01m[KMotorController[m[Kâ€™
  962 |     { return unique_ptr<_Tp>([01;31m[Knew _Tp(std::forward<_Args>(__args)...)[m[K); }
      |                              [01;31m[K^~~~~~~~~~~~~~~~~~~~~~~~~~~~~~~~~~~~~~~[m[K
[01m[K/home/ubuntu/Desktop/AK8064_ws_Jun/src/motor_driver/src/ControlMotor.cpp:953:7:[m[K [01;36m[Knote: [m[K  because the following virtual functions are pure within â€˜[01m[KMotorController[m[Kâ€™:
  953 | class [01;36m[KMotorController[m[K : public IMotorController {
      |       [01;36m[K^~~~~~~~~~~~~~~[m[K
[01m[K/home/ubuntu/Desktop/AK8064_ws_Jun/src/motor_driver/src/ControlMotor.cpp:849:18:[m[K [01;36m[Knote: [m[K    â€˜[01m[Kvirtual void IMotorController::setParameters(const std::vector<rcl_interfaces::msg::Parameter_<std::allocator<void> >, std::allocator<rcl_interfaces::msg::Parameter_<std::allocator<void> > > >&)[m[Kâ€™
  849 |     virtual void [01;36m[KsetParameters[m[K(const std::vector<rcl_interfaces::msg::Parameter>& parameters) = 0;
      |                  [01;36m[K^~~~~~~~~~~~~[m[K
[01m[K/home/ubuntu/Desktop/AK8064_ws_Jun/src/motor_driver/src/ControlMotor.cpp:850:18:[m[K [01;36m[Knote: [m[K    â€˜[01m[Kvirtual bool IMotorController::isOriginSet() const[m[Kâ€™
  850 |     virtual bool [01;36m[KisOriginSet[m[K() const = 0;
      |                  [01;36m[K^~~~~~~~~~~[m[K
[01m[K/home/ubuntu/Desktop/AK8064_ws_Jun/src/motor_driver/src/ControlMotor.cpp:851:18:[m[K [01;36m[Knote: [m[K    â€˜[01m[Kvirtual bool IMotorController::isTargetReached() const[m[Kâ€™
  851 |     virtual bool [01;36m[KisTargetReached[m[K() const = 0;
      |                  [01;36m[K^~~~~~~~~~~~~~~[m[K
[01m[K/home/ubuntu/Desktop/AK8064_ws_Jun/src/motor_driver/src/ControlMotor.cpp:852:18:[m[K [01;36m[Knote: [m[K    â€˜[01m[Kvirtual void IMotorController::stop()[m[Kâ€™
  852 |     virtual void [01;36m[Kstop[m[K() = 0;
      |                  [01;36m[K^~~~[m[K
[01m[K/home/ubuntu/Desktop/AK8064_ws_Jun/src/motor_driver/src/ControlMotor.cpp:854:21:[m[K [01;36m[Knote: [m[K    â€˜[01m[Kvirtual uint8_t IMotorController::motorId() const[m[Kâ€™
  854 |     virtual uint8_t [01;36m[KmotorId[m[K() const = 0;
      |                     [01;36m[K^~~~~~~[m[K
gmake[2]: *** [CMakeFiles/ControlMotor.dir/build.make:76: CMakeFiles/ControlMotor.dir/src/ControlMotor.cpp.o] Error 1
gmake[1]: *** [CMakeFiles/Makefile2:137: CMakeFiles/ControlMotor.dir/all] Error 2
gmake: *** [Makefile:146: all] Error 2
