[0.006s] Invoking command in '/home/ubuntu/Desktop/AK8064_ws_Jun/build/motor_driver': AMENT_PREFIX_PATH=/home/ubuntu/Desktop/AK8064_ws_Jun/install/can_interface:${AMENT_PREFIX_PATH} CMAKE_PREFIX_PATH=/home/ubuntu/Desktop/AK8064_ws_Jun/install/can_interface:/opt/ros/humble LD_LIBRARY_PATH=/home/ubuntu/Desktop/AK8064_ws_Jun/install/can_interface/lib:${LD_LIBRARY_PATH} /usr/bin/cmake --build /home/ubuntu/Desktop/AK8064_ws_Jun/build/motor_driver -- -j8 -l8
[0.038s] [35m[1mConsolidate compiler generated dependencies of target ControlMotor[0m
[0.053s] [ 50%] [32mBuilding CXX object CMakeFiles/ControlMotor.dir/src/ControlMotor.cpp.o[0m
[1.790s] [01m[K/home/ubuntu/Desktop/AK8064_ws_Jun/src/motor_driver/src/ControlMotor.cpp:[m[K In member function â€˜[01m[Kvoid MotorController::handlePaused(const MotorData&)[m[Kâ€™:
[1.790s] [01m[K/home/ubuntu/Desktop/AK8064_ws_Jun/src/motor_driver/src/ControlMotor.cpp:1993:29:[m[K [01;31m[Kerror: [m[Kâ€˜[01m[Kfmt[m[Kâ€™ has not been declared
[1.790s]  1993 |             auto response = [01;31m[Kfmt[m[K::format("Motor 0x{:02X}: Failed to maintain pause position: {}", motor_id_, e.what());
[1.790s]       |                             [01;31m[K^~~[m[K
[1.791s] [01m[K/home/ubuntu/Desktop/AK8064_ws_Jun/src/motor_driver/src/ControlMotor.cpp:[m[K In member function â€˜[01m[Kvoid MotorController::handleError(const MotorData&)[m[Kâ€™:
[1.791s] [01m[K/home/ubuntu/Desktop/AK8064_ws_Jun/src/motor_driver/src/ControlMotor.cpp:2006:22:[m[K [01;31m[Kerror: [m[Kno matching function for call to â€˜[01m[KMotorController::handleStopped()[m[Kâ€™
[1.791s]  2006 |         [01;31m[KhandleStopped()[m[K;
[1.791s]       |         [01;31m[K~~~~~~~~~~~~~^~[m[K
[1.791s] [01m[K/home/ubuntu/Desktop/AK8064_ws_Jun/src/motor_driver/src/ControlMotor.cpp:2001:10:[m[K [01;36m[Knote: [m[Kcandidate: â€˜[01m[Kvoid MotorController::handleStopped(const MotorData&)[m[Kâ€™
[1.791s]  2001 |     void [01;36m[KhandleStopped[m[K(const MotorData& data) {
[1.791s]       |          [01;36m[K^~~~~~~~~~~~~[m[K
[1.791s] [01m[K/home/ubuntu/Desktop/AK8064_ws_Jun/src/motor_driver/src/ControlMotor.cpp:2001:10:[m[K [01;36m[Knote: [m[K  candidate expects 1 argument, 0 provided
[1.791s] [01m[K/home/ubuntu/Desktop/AK8064_ws_Jun/src/motor_driver/src/ControlMotor.cpp:2013:25:[m[K [01;31m[Kerror: [m[Kno matching function for call to â€˜[01m[KMotorController::handleHoming()[m[Kâ€™
[1.791s]  2013 |             [01;31m[KhandleHoming()[m[K;
[1.791s]       |             [01;31m[K~~~~~~~~~~~~^~[m[K
[1.791s] [01m[K/home/ubuntu/Desktop/AK8064_ws_Jun/src/motor_driver/src/ControlMotor.cpp:1923:10:[m[K [01;36m[Knote: [m[Kcandidate: â€˜[01m[Kvoid MotorController::handleHoming(const MotorData&)[m[Kâ€™
[1.791s]  1923 |     void [01;36m[KhandleHoming[m[K(const MotorData& data) {
[1.791s]       |          [01;36m[K^~~~~~~~~~~~[m[K
[1.791s] [01m[K/home/ubuntu/Desktop/AK8064_ws_Jun/src/motor_driver/src/ControlMotor.cpp:1923:10:[m[K [01;36m[Knote: [m[K  candidate expects 1 argument, 0 provided
[4.160s] gmake[2]: *** [CMakeFiles/ControlMotor.dir/build.make:76: CMakeFiles/ControlMotor.dir/src/ControlMotor.cpp.o] Error 1
[4.160s] gmake[1]: *** [CMakeFiles/Makefile2:137: CMakeFiles/ControlMotor.dir/all] Error 2
[4.160s] gmake: *** [Makefile:146: all] Error 2
[4.162s] Invoked command in '/home/ubuntu/Desktop/AK8064_ws_Jun/build/motor_driver' returned '2': AMENT_PREFIX_PATH=/home/ubuntu/Desktop/AK8064_ws_Jun/install/can_interface:${AMENT_PREFIX_PATH} CMAKE_PREFIX_PATH=/home/ubuntu/Desktop/AK8064_ws_Jun/install/can_interface:/opt/ros/humble LD_LIBRARY_PATH=/home/ubuntu/Desktop/AK8064_ws_Jun/install/can_interface/lib:${LD_LIBRARY_PATH} /usr/bin/cmake --build /home/ubuntu/Desktop/AK8064_ws_Jun/build/motor_driver -- -j8 -l8
