[0.006s] Invoking command in '/home/ubuntu/Desktop/AK8064_ws_Jun/build/motor_driver': CMAKE_PREFIX_PATH=/home/ubuntu/Desktop/AK8064_ws_Jun/install/can_interface:/home/ubuntu/Desktop/AK8064_ws_Jun/install/motor_driver:/home/ubuntu/Desktop/AK8064_ws_Jun/install/keyboard_control:/opt/ros/humble /usr/bin/cmake --build /home/ubuntu/Desktop/AK8064_ws_Jun/build/motor_driver -- -j8 -l8
[0.039s] [35m[1mConsolidate compiler generated dependencies of target ControlMotor[0m
[0.068s] [ 50%] [32mBuilding CXX object CMakeFiles/ControlMotor.dir/src/ControlMotor.cpp.o[0m
[1.894s] [01m[K/home/ubuntu/Desktop/AK8064_ws_Jun/src/motor_driver/src/ControlMotor.cpp:[m[K In member function â€˜[01m[Kvoid MotorController::initializeParameters()[m[Kâ€™:
[1.894s] [01m[K/home/ubuntu/Desktop/AK8064_ws_Jun/src/motor_driver/src/ControlMotor.cpp:2175:38:[m[K [01;31m[Kerror: [m[Kâ€˜[01m[Ktemp_positions_cmd[m[Kâ€™ was not declared in this scope; did you mean â€˜[01m[Ktemp_positions[m[Kâ€™?
[1.894s]  2175 |   target_positions_cmd_.resize([01;31m[Ktemp_positions_cmd[m[K.size());
[1.894s]       |                                [01;31m[K^~~~~~~~~~~~~~~~~~[m[K
[1.894s]       |                                [32m[Ktemp_positions[m[K
[4.422s] gmake[2]: *** [CMakeFiles/ControlMotor.dir/build.make:76: CMakeFiles/ControlMotor.dir/src/ControlMotor.cpp.o] Error 1
[4.422s] gmake[1]: *** [CMakeFiles/Makefile2:137: CMakeFiles/ControlMotor.dir/all] Error 2
[4.422s] gmake: *** [Makefile:146: all] Error 2
[4.424s] Invoked command in '/home/ubuntu/Desktop/AK8064_ws_Jun/build/motor_driver' returned '2': CMAKE_PREFIX_PATH=/home/ubuntu/Desktop/AK8064_ws_Jun/install/can_interface:/home/ubuntu/Desktop/AK8064_ws_Jun/install/motor_driver:/home/ubuntu/Desktop/AK8064_ws_Jun/install/keyboard_control:/opt/ros/humble /usr/bin/cmake --build /home/ubuntu/Desktop/AK8064_ws_Jun/build/motor_driver -- -j8 -l8
