[0.008s] Invoking command in '/home/ubuntu/Desktop/AK8064_ws_Jun/build/motor_driver': AMENT_PREFIX_PATH=/home/ubuntu/Desktop/AK8064_ws_Jun/install/can_interface:${AMENT_PREFIX_PATH} CMAKE_PREFIX_PATH=/home/ubuntu/Desktop/AK8064_ws_Jun/install/can_interface:/opt/ros/humble LD_LIBRARY_PATH=/home/ubuntu/Desktop/AK8064_ws_Jun/install/can_interface/lib:${LD_LIBRARY_PATH} /usr/bin/cmake --build /home/ubuntu/Desktop/AK8064_ws_Jun/build/motor_driver -- -j8 -l8
[0.053s] [35m[1mConsolidate compiler generated dependencies of target ControlMotor[0m
[0.072s] [ 50%] [32mBuilding CXX object CMakeFiles/ControlMotor.dir/src/ControlMotor.cpp.o[0m
[1.991s] [01m[K/home/ubuntu/Desktop/AK8064_ws_Jun/src/motor_driver/src/ControlMotor.cpp:814:36:[m[K [01;31m[Kerror: [m[Kâ€˜[01m[KMotorData[m[Kâ€™ does not name a type
[1.991s]   814 |         virtual void control(const [01;31m[KMotorData[m[K& data) = 0;
[1.991s]       |                                    [01;31m[K^~~~~~~~~[m[K
[1.994s] [01m[K/home/ubuntu/Desktop/AK8064_ws_Jun/src/motor_driver/src/ControlMotor.cpp:829:22:[m[K [01;31m[Kerror: [m[Kâ€˜[01m[KMotorData[m[Kâ€™ does not name a type
[1.994s]   829 |     bool check(const [01;31m[KMotorData[m[K& data, const rclcpp::Logger& logger) const {
[1.994s]       |                      [01;31m[K^~~~~~~~~[m[K
[1.994s] [01m[K/home/ubuntu/Desktop/AK8064_ws_Jun/src/motor_driver/src/ControlMotor.cpp:[m[K In member function â€˜[01m[Kbool SafetyChecker::check(const int&, const rclcpp::Logger&) const[m[Kâ€™:
[1.994s] [01m[K/home/ubuntu/Desktop/AK8064_ws_Jun/src/motor_driver/src/ControlMotor.cpp:830:18:[m[K [01;31m[Kerror: [m[Krequest for member â€˜[01m[Ktemperature[m[Kâ€™ in â€˜[01m[Kdata[m[Kâ€™, which is of non-class type â€˜[01m[Kconst int[m[Kâ€™
[1.994s]   830 |         if (data.[01;31m[Ktemperature[m[K > max_temperature_ || data.error != 0) {
[1.994s]       |                  [01;31m[K^~~~~~~~~~~[m[K
[1.994s] [01m[K/home/ubuntu/Desktop/AK8064_ws_Jun/src/motor_driver/src/ControlMotor.cpp:830:57:[m[K [01;31m[Kerror: [m[Krequest for member â€˜[01m[Kerror[m[Kâ€™ in â€˜[01m[Kdata[m[Kâ€™, which is of non-class type â€˜[01m[Kconst int[m[Kâ€™
[1.994s]   830 |         if (data.temperature > max_temperature_ || data.[01;31m[Kerror[m[K != 0) {
[1.994s]       |                                                         [01;31m[K^~~~~[m[K
[1.994s] In file included from [01m[K/opt/ros/humble/include/rclcpp/rclcpp/logging.hpp:24[m[K,
[1.994s]                  from [01m[K/opt/ros/humble/include/rclcpp/rclcpp/client.hpp:40[m[K,
[1.994s]                  from [01m[K/opt/ros/humble/include/rclcpp/rclcpp/callback_group.hpp:24[m[K,
[1.994s]                  from [01m[K/opt/ros/humble/include/rclcpp/rclcpp/any_executable.hpp:20[m[K,
[1.994s]                  from [01m[K/opt/ros/humble/include/rclcpp/rclcpp/memory_strategy.hpp:25[m[K,
[1.994s]                  from [01m[K/opt/ros/humble/include/rclcpp/rclcpp/memory_strategies.hpp:18[m[K,
[1.994s]                  from [01m[K/opt/ros/humble/include/rclcpp/rclcpp/executor_options.hpp:20[m[K,
[1.995s]                  from [01m[K/opt/ros/humble/include/rclcpp/rclcpp/executor.hpp:37[m[K,
[1.995s]                  from [01m[K/opt/ros/humble/include/rclcpp/rclcpp/executors/multi_threaded_executor.hpp:25[m[K,
[1.995s]                  from [01m[K/opt/ros/humble/include/rclcpp/rclcpp/executors.hpp:21[m[K,
[1.995s]                  from [01m[K/opt/ros/humble/include/rclcpp/rclcpp/rclcpp.hpp:155[m[K,
[1.995s]                  from [01m[K/home/ubuntu/Desktop/AK8064_ws_Jun/src/motor_driver/src/ControlMotor.cpp:727[m[K:
[1.995s] [01m[K/home/ubuntu/Desktop/AK8064_ws_Jun/src/motor_driver/src/ControlMotor.cpp:831:77:[m[K [01;31m[Kerror: [m[Krequest for member â€˜[01m[Ktemperature[m[Kâ€™ in â€˜[01m[Kdata[m[Kâ€™, which is of non-class type â€˜[01m[Kconst int[m[Kâ€™
[1.995s]   831 | PP_ERROR(logger, "Motor issue! Temp: %dÂ°C, Error: %d", data.[01;31m[Ktemperature[m[K, data.error);
[1.995s]       |                                                             [01;31m[K^~~~~~~~~~~[m[K
[1.995s] 
[1.995s] [01m[K/home/ubuntu/Desktop/AK8064_ws_Jun/src/motor_driver/src/ControlMotor.cpp:831:95:[m[K [01;31m[Kerror: [m[Krequest for member â€˜[01m[Kerror[m[Kâ€™ in â€˜[01m[Kdata[m[Kâ€™, which is of non-class type â€˜[01m[Kconst int[m[Kâ€™
[1.995s]   831 | r, "Motor issue! Temp: %dÂ°C, Error: %d", data.temperature, data.[01;31m[Kerror[m[K);
[1.995s]       |                                                                 [01;31m[K^~~~~[m[K
[1.995s] 
[1.995s] [01m[K/home/ubuntu/Desktop/AK8064_ws_Jun/src/motor_driver/src/ControlMotor.cpp:834:18:[m[K [01;31m[Kerror: [m[Krequest for member â€˜[01m[Kposition[m[Kâ€™ in â€˜[01m[Kdata[m[Kâ€™, which is of non-class type â€˜[01m[Kconst int[m[Kâ€™
[1.995s]   834 |         if (data.[01;31m[Kposition[m[K < min_angle_ || data.position > max_angle_) {
[1.995s]       |                  [01;31m[K^~~~~~~~[m[K
[1.995s] [01m[K/home/ubuntu/Desktop/AK8064_ws_Jun/src/motor_driver/src/ControlMotor.cpp:834:48:[m[K [01;31m[Kerror: [m[Krequest for member â€˜[01m[Kposition[m[Kâ€™ in â€˜[01m[Kdata[m[Kâ€™, which is of non-class type â€˜[01m[Kconst int[m[Kâ€™
[1.995s]   834 |         if (data.position < min_angle_ || data.[01;31m[Kposition[m[K > max_angle_) {
[1.995s]       |                                                [01;31m[K^~~~~~~~[m[K
[1.996s] In file included from [01m[K/opt/ros/humble/include/rclcpp/rclcpp/logging.hpp:24[m[K,
[1.996s]                  from [01m[K/opt/ros/humble/include/rclcpp/rclcpp/client.hpp:40[m[K,
[1.996s]                  from [01m[K/opt/ros/humble/include/rclcpp/rclcpp/callback_group.hpp:24[m[K,
[1.996s]                  from [01m[K/opt/ros/humble/include/rclcpp/rclcpp/any_executable.hpp:20[m[K,
[1.996s]                  from [01m[K/opt/ros/humble/include/rclcpp/rclcpp/memory_strategy.hpp:25[m[K,
[1.996s]                  from [01m[K/opt/ros/humble/include/rclcpp/rclcpp/memory_strategies.hpp:18[m[K,
[1.996s]                  from [01m[K/opt/ros/humble/include/rclcpp/rclcpp/executor_options.hpp:20[m[K,
[1.996s]                  from [01m[K/opt/ros/humble/include/rclcpp/rclcpp/executor.hpp:37[m[K,
[1.996s]                  from [01m[K/opt/ros/humble/include/rclcpp/rclcpp/executors/multi_threaded_executor.hpp:25[m[K,
[1.996s]                  from [01m[K/opt/ros/humble/include/rclcpp/rclcpp/executors.hpp:21[m[K,
[1.996s]                  from [01m[K/opt/ros/humble/include/rclcpp/rclcpp/rclcpp.hpp:155[m[K,
[1.996s]                  from [01m[K/home/ubuntu/Desktop/AK8064_ws_Jun/src/motor_driver/src/ControlMotor.cpp:727[m[K:
[1.996s] [01m[K/home/ubuntu/Desktop/AK8064_ws_Jun/src/motor_driver/src/ControlMotor.cpp:836:31:[m[K [01;31m[Kerror: [m[Krequest for member â€˜[01m[Kposition[m[Kâ€™ in â€˜[01m[Kdata[m[Kâ€™, which is of non-class type â€˜[01m[Kconst int[m[Kâ€™
[1.996s]   836 |                          data.[01;31m[Kposition[m[K, min_angle_, max_angle_);
[1.996s]       |                               [01;31m[K^~~~~~~~[m[K
[1.996s] [01m[K/home/ubuntu/Desktop/AK8064_ws_Jun/src/motor_driver/src/ControlMotor.cpp:[m[K At global scope:
[1.997s] [01m[K/home/ubuntu/Desktop/AK8064_ws_Jun/src/motor_driver/src/ControlMotor.cpp:864:24:[m[K [01;31m[Kerror: [m[Kâ€˜[01m[KMotorData[m[Kâ€™ does not name a type
[1.997s]   864 |     void publish(const [01;31m[KMotorData[m[K& data, bool target_reached) {
[1.997s]       |                        [01;31m[K^~~~~~~~~[m[K
[2.006s] [01m[K/home/ubuntu/Desktop/AK8064_ws_Jun/src/motor_driver/src/ControlMotor.cpp:915:38:[m[K [01;31m[Kerror: [m[Kâ€˜[01m[KInt8[m[Kâ€™ is not a member of â€˜[01m[Kstd_msgs::msg[m[Kâ€™
[2.006s]   915 |     rclcpp::Publisher<std_msgs::msg::[01;31m[KInt8[m[K>::SharedPtr temperature_publisher_;
[2.006s]       |                                      [01;31m[K^~~~[m[K
[2.006s] [01m[K/home/ubuntu/Desktop/AK8064_ws_Jun/src/motor_driver/src/ControlMotor.cpp:915:42:[m[K [01;31m[Kerror: [m[Ktemplate argument 1 is invalid
[2.006s]   915 |     rclcpp::Publisher<std_msgs::msg::Int8[01;31m[K>[m[K::SharedPtr temperature_publisher_;
[2.006s]       |                                          [01;31m[K^[m[K
[2.016s] [01m[K/home/ubuntu/Desktop/AK8064_ws_Jun/src/motor_driver/src/ControlMotor.cpp:915:45:[m[K [01;31m[Kerror: [m[Kexpected â€˜[01m[K;[m[Kâ€™ at end of member declaration
[2.016s]   915 |     rclcpp::Publisher<std_msgs::msg::Int8>::[01;31m[KSharedPtr[m[K temperature_publisher_;
[2.016s]       |                                             [01;31m[K^~~~~~~~~[m[K
[2.016s]       |                                                      [32m[K;[m[K
[2.019s] [01m[K/home/ubuntu/Desktop/AK8064_ws_Jun/src/motor_driver/src/ControlMotor.cpp:915:55:[m[K [01;31m[Kerror: [m[Kâ€˜[01m[Ktemperature_publisher_[m[Kâ€™ does not name a type
[2.019s]   915 |     rclcpp::Publisher<std_msgs::msg::Int8>::SharedPtr [01;31m[Ktemperature_publisher_[m[K;
[2.019s]       |                                                       [01;31m[K^~~~~~~~~~~~~~~~~~~~~~[m[K
[2.032s] [01m[K/home/ubuntu/Desktop/AK8064_ws_Jun/src/motor_driver/src/ControlMotor.cpp:[m[K In constructor â€˜[01m[KStatePublisher::StatePublisher(rclcpp::Node*, const string&)[m[Kâ€™:
[2.032s] [01m[K/home/ubuntu/Desktop/AK8064_ws_Jun/src/motor_driver/src/ControlMotor.cpp:860:9:[m[K [01;31m[Kerror: [m[Kâ€˜[01m[Ktemperature_publisher_[m[Kâ€™ was not declared in this scope; did you mean â€˜[01m[Kresponse_publisher_[m[Kâ€™?
[2.032s]   860 |         [01;31m[Ktemperature_publisher_[m[K = node->create_publisher<std_msgs::msg::Int8>(name + "_temperature", 10);
[2.032s]       |         [01;31m[K^~~~~~~~~~~~~~~~~~~~~~[m[K
[2.032s]       |         [32m[Kresponse_publisher_[m[K
[2.032s] [01m[K/home/ubuntu/Desktop/AK8064_ws_Jun/src/motor_driver/src/ControlMotor.cpp:860:72:[m[K [01;31m[Kerror: [m[Kâ€˜[01m[KInt8[m[Kâ€™ is not a member of â€˜[01m[Kstd_msgs::msg[m[Kâ€™
[2.032s]   860 | perature_publisher_ = node->create_publisher<std_msgs::msg::[01;31m[KInt8[m[K>(name + "_temperature", 10);
[2.032s]       |                                                             [01;31m[K^~~~[m[K
[2.032s] 
[2.032s] [01m[K/home/ubuntu/Desktop/AK8064_ws_Jun/src/motor_driver/src/ControlMotor.cpp:860:77:[m[K [01;31m[Kerror: [m[Kno matching function for call to â€˜[01m[Krclcpp::Node::create_publisher<<expression error> >(std::__cxx11::basic_string<char>, int)[m[Kâ€™
[2.032s]   860 | ure_publisher_ = [01;31m[Knode->create_publisher<std_msgs::msg::Int8>(name + "_temperature", 10)[m[K;
[2.033s]       |                  [01;31m[K~~~~~~~~~~~~~~~~~~~~~~~~~~~~~~~~~~~~~~~~~~~^~~~~~~~~~~~~~~~~~~~~~~~~~~[m[K
[2.033s] 
[2.033s] In file included from [01m[K/opt/ros/humble/include/rclcpp/rclcpp/node.hpp:1321[m[K,
[2.033s]                  from [01m[K/opt/ros/humble/include/rclcpp/rclcpp/executors/single_threaded_executor.hpp:28[m[K,
[2.033s]                  from [01m[K/opt/ros/humble/include/rclcpp/rclcpp/executors.hpp:22[m[K,
[2.033s]                  from [01m[K/opt/ros/humble/include/rclcpp/rclcpp/rclcpp.hpp:155[m[K,
[2.033s]                  from [01m[K/home/ubuntu/Desktop/AK8064_ws_Jun/src/motor_driver/src/ControlMotor.cpp:727[m[K:
[2.033s] [01m[K/opt/ros/humble/include/rclcpp/rclcpp/node_impl.hpp:73:1:[m[K [01;36m[Knote: [m[Kcandidate: â€˜[01m[Ktemplate<class MessageT, class AllocatorT, class PublisherT> std::shared_ptr<PublisherT> rclcpp::Node::create_publisher(const string&, const rclcpp::QoS&, const rclcpp::PublisherOptionsWithAllocator<AllocatorT>&)[m[Kâ€™
[2.033s]    73 | [01;36m[KNode[m[K::create_publisher(
[2.033s]       | [01;36m[K^~~~[m[K
[2.033s] [01m[K/opt/ros/humble/include/rclcpp/rclcpp/node_impl.hpp:73:1:[m[K [01;36m[Knote: [m[K  template argument deduction/substitution failed:
[2.033s] [01m[K/home/ubuntu/Desktop/AK8064_ws_Jun/src/motor_driver/src/ControlMotor.cpp:860:77:[m[K [01;31m[Kerror: [m[Ktemplate argument 1 is invalid
[2.033s]   860 | ure_publisher_ = [01;31m[Knode->create_publisher<std_msgs::msg::Int8>(name + "_temperature", 10)[m[K;
[2.033s]       |                  [01;31m[K~~~~~~~~~~~~~~~~~~~~~~~~~~~~~~~~~~~~~~~~~~~^~~~~~~~~~~~~~~~~~~~~~~~~~~[m[K
[2.033s] 
[2.033s] [01m[K/home/ubuntu/Desktop/AK8064_ws_Jun/src/motor_driver/src/ControlMotor.cpp:[m[K In member function â€˜[01m[Kvoid StatePublisher::publish(const int&, bool)[m[Kâ€™:
[2.033s] [01m[K/home/ubuntu/Desktop/AK8064_ws_Jun/src/motor_driver/src/ControlMotor.cpp:865:29:[m[K [01;31m[Kerror: [m[Krequest for member â€˜[01m[Kposition[m[Kâ€™ in â€˜[01m[Kdata[m[Kâ€™, which is of non-class type â€˜[01m[Kconst int[m[Kâ€™
[2.034s]   865 |         if (std::isnan(data.[01;31m[Kposition[m[K) || std::isnan(data.velocity) || std::isnan(data.current)) {
[2.034s]       |                             [01;31m[K^~~~~~~~[m[K
[2.034s] [01m[K/home/ubuntu/Desktop/AK8064_ws_Jun/src/motor_driver/src/ControlMotor.cpp:865:58:[m[K [01;31m[Kerror: [m[Krequest for member â€˜[01m[Kvelocity[m[Kâ€™ in â€˜[01m[Kdata[m[Kâ€™, which is of non-class type â€˜[01m[Kconst int[m[Kâ€™
[2.034s]   865 |         if (std::isnan(data.position) || std::isnan(data.[01;31m[Kvelocity[m[K) || std::isnan(data.current)) {
[2.034s]       |                                                          [01;31m[K^~~~~~~~[m[K
[2.034s] [01m[K/home/ubuntu/Desktop/AK8064_ws_Jun/src/motor_driver/src/ControlMotor.cpp:865:87:[m[K [01;31m[Kerror: [m[Krequest for member â€˜[01m[Kcurrent[m[Kâ€™ in â€˜[01m[Kdata[m[Kâ€™, which is of non-class type â€˜[01m[Kconst int[m[Kâ€™
[2.034s]   865 | a.position) || std::isnan(data.velocity) || std::isnan(data.[01;31m[Kcurrent[m[K)) {
[2.034s]       |                                                             [01;31m[K^~~~~~~[m[K
[2.034s] 
[2.034s] [01m[K/home/ubuntu/Desktop/AK8064_ws_Jun/src/motor_driver/src/ControlMotor.cpp:869:18:[m[K [01;31m[Kerror: [m[Krequest for member â€˜[01m[Kstate[m[Kâ€™ in â€˜[01m[Kdata[m[Kâ€™, which is of non-class type â€˜[01m[Kconst int[m[Kâ€™
[2.034s]   869 |         if (data.[01;31m[Kstate[m[K.empty()) {
[2.034s]       |                  [01;31m[K^~~~~[m[K
[2.034s] [01m[K/home/ubuntu/Desktop/AK8064_ws_Jun/src/motor_driver/src/ControlMotor.cpp:874:29:[m[K [01;31m[Kerror: [m[Krequest for member â€˜[01m[Kposition[m[Kâ€™ in â€˜[01m[Kdata[m[Kâ€™, which is of non-class type â€˜[01m[Kconst int[m[Kâ€™
[2.034s]   874 |         pos_msg.data = data.[01;31m[Kposition[m[K;
[2.035s]       |                             [01;31m[K^~~~~~~~[m[K
[2.035s] [01m[K/home/ubuntu/Desktop/AK8064_ws_Jun/src/motor_driver/src/ControlMotor.cpp:878:29:[m[K [01;31m[Kerror: [m[Krequest for member â€˜[01m[Kvelocity[m[Kâ€™ in â€˜[01m[Kdata[m[Kâ€™, which is of non-class type â€˜[01m[Kconst int[m[Kâ€™
[2.035s]   878 |         vel_msg.data = data.[01;31m[Kvelocity[m[K;
[2.035s]       |                             [01;31m[K^~~~~~~~[m[K
[2.035s] [01m[K/home/ubuntu/Desktop/AK8064_ws_Jun/src/motor_driver/src/ControlMotor.cpp:886:31:[m[K [01;31m[Kerror: [m[Krequest for member â€˜[01m[Kstate[m[Kâ€™ in â€˜[01m[Kdata[m[Kâ€™, which is of non-class type â€˜[01m[Kconst int[m[Kâ€™
[2.035s]   886 |         state_msg.data = data.[01;31m[Kstate[m[K.empty() ? "UNKNOWN" : data.state;
[2.035s]       |                               [01;31m[K^~~~~[m[K
[2.035s] [01m[K/home/ubuntu/Desktop/AK8064_ws_Jun/src/motor_driver/src/ControlMotor.cpp:886:64:[m[K [01;31m[Kerror: [m[Krequest for member â€˜[01m[Kstate[m[Kâ€™ in â€˜[01m[Kdata[m[Kâ€™, which is of non-class type â€˜[01m[Kconst int[m[Kâ€™
[2.035s]   886 |         state_msg.data = data.state.empty() ? "UNKNOWN" : data.[01;31m[Kstate[m[K;
[2.035s]       |                                                                [01;31m[K^~~~~[m[K
[2.035s] [01m[K/home/ubuntu/Desktop/AK8064_ws_Jun/src/motor_driver/src/ControlMotor.cpp:889:24:[m[K [01;31m[Kerror: [m[Kâ€˜[01m[KInt8[m[Kâ€™ is not a member of â€˜[01m[Kstd_msgs::msg[m[Kâ€™
[2.035s]   889 |         std_msgs::msg::[01;31m[KInt8[m[K temp_msg;
[2.035s]       |                        [01;31m[K^~~~[m[K
[2.042s] [01m[K/home/ubuntu/Desktop/AK8064_ws_Jun/src/motor_driver/src/ControlMotor.cpp:890:9:[m[K [01;31m[Kerror: [m[Kâ€˜[01m[Ktemp_msg[m[Kâ€™ was not declared in this scope
[2.042s]   890 |         [01;31m[Ktemp_msg[m[K.data = data.temperature;
[2.042s]       |         [01;31m[K^~~~~~~~[m[K
[2.043s] [01m[K/home/ubuntu/Desktop/AK8064_ws_Jun/src/motor_driver/src/ControlMotor.cpp:890:30:[m[K [01;31m[Kerror: [m[Krequest for member â€˜[01m[Ktemperature[m[Kâ€™ in â€˜[01m[Kdata[m[Kâ€™, which is of non-class type â€˜[01m[Kconst int[m[Kâ€™
[2.043s]   890 |         temp_msg.data = data.[01;31m[Ktemperature[m[K;
[2.043s]       |                              [01;31m[K^~~~~~~~~~~[m[K
[2.054s] [01m[K/home/ubuntu/Desktop/AK8064_ws_Jun/src/motor_driver/src/ControlMotor.cpp:891:9:[m[K [01;31m[Kerror: [m[Kâ€˜[01m[Ktemperature_publisher_[m[Kâ€™ was not declared in this scope; did you mean â€˜[01m[Kresponse_publisher_[m[Kâ€™?
[2.054s]   891 |         [01;31m[Ktemperature_publisher_[m[K->publish(temp_msg);
[2.054s]       |         [01;31m[K^~~~~~~~~~~~~~~~~~~~~~[m[K
[2.054s]       |         [32m[Kresponse_publisher_[m[K
[2.054s] [01m[K/home/ubuntu/Desktop/AK8064_ws_Jun/src/motor_driver/src/ControlMotor.cpp:894:33:[m[K [01;31m[Kerror: [m[Krequest for member â€˜[01m[Kcurrent[m[Kâ€™ in â€˜[01m[Kdata[m[Kâ€™, which is of non-class type â€˜[01m[Kconst int[m[Kâ€™
[2.054s]   894 |         current_msg.data = data.[01;31m[Kcurrent[m[K;
[2.054s]       |                                 [01;31m[K^~~~~~~[m[K
[2.055s] [01m[K/home/ubuntu/Desktop/AK8064_ws_Jun/src/motor_driver/src/ControlMotor.cpp:[m[K At global scope:
[2.055s] [01m[K/home/ubuntu/Desktop/AK8064_ws_Jun/src/motor_driver/src/ControlMotor.cpp:919:7:[m[K [01;31m[Kerror: [m[Kredefinition of â€˜[01m[Kclass IMotorController[m[Kâ€™
[2.055s]   919 | class [01;31m[KIMotorController[m[K {
[2.055s]       |       [01;31m[K^~~~~~~~~~~~~~~~[m[K
[2.055s] [01m[K/home/ubuntu/Desktop/AK8064_ws_Jun/src/motor_driver/src/ControlMotor.cpp:812:7:[m[K [01;36m[Knote: [m[Kprevious definition of â€˜[01m[Kclass IMotorController[m[Kâ€™
[2.055s]   812 | class [01;36m[KIMotorController[m[K {
[2.055s]       |       [01;36m[K^~~~~~~~~~~~~~~~[m[K
[2.055s] [01m[K/home/ubuntu/Desktop/AK8064_ws_Jun/src/motor_driver/src/ControlMotor.cpp:931:7:[m[K [01;31m[Kerror: [m[Kredefinition of â€˜[01m[Kclass ICANInterface[m[Kâ€™
[2.055s]   931 | class [01;31m[KICANInterface[m[K {
[2.055s]       |       [01;31m[K^~~~~~~~~~~~~[m[K
[2.055s] [01m[K/home/ubuntu/Desktop/AK8064_ws_Jun/src/motor_driver/src/ControlMotor.cpp:742:7:[m[K [01;36m[Knote: [m[Kprevious definition of â€˜[01m[Kclass ICANInterface[m[Kâ€™
[2.055s]   742 | class [01;36m[KICANInterface[m[K {
[2.056s]       |       [01;36m[K^~~~~~~~~~~~~[m[K
[2.059s] [01m[K/home/ubuntu/Desktop/AK8064_ws_Jun/src/motor_driver/src/ControlMotor.cpp:1001:24:[m[K [01;31m[Kerror: [m[Kâ€˜[01m[KMotorData[m[Kâ€™ does not name a type
[2.059s]  1001 |     void control(const [01;31m[KMotorData[m[K& data) override {
[2.059s]       |                        [01;31m[K^~~~~~~~~[m[K
[2.063s] [01m[K/home/ubuntu/Desktop/AK8064_ws_Jun/src/motor_driver/src/ControlMotor.cpp:1427:5:[m[K [01;31m[Kerror: [m[Kâ€˜[01m[KMotorData[m[Kâ€™ does not name a type
[2.063s]  1427 |     [01;31m[KMotorData[m[K last_data_;
[2.063s]       |     [01;31m[K^~~~~~~~~[m[K
[2.083s] [01m[K/home/ubuntu/Desktop/AK8064_ws_Jun/src/motor_driver/src/ControlMotor.cpp:[m[K In member function â€˜[01m[Kvirtual void MotorController::handleCommand(const string&)[m[Kâ€™:
[2.083s] [01m[K/home/ubuntu/Desktop/AK8064_ws_Jun/src/motor_driver/src/ControlMotor.cpp:971:26:[m[K [01;31m[Kerror: [m[Kâ€˜[01m[Klast_data_[m[Kâ€™ was not declared in this scope
[2.083s]   971 |         if (!is_home_ && [01;31m[Klast_data_[m[K.position == 0.0) {
[2.083s]       |                          [01;31m[K^~~~~~~~~~[m[K
[2.090s] [01m[K/home/ubuntu/Desktop/AK8064_ws_Jun/src/motor_driver/src/ControlMotor.cpp:979:17:[m[K [01;31m[Kerror: [m[Kâ€˜[01m[Klast_data_[m[Kâ€™ was not declared in this scope
[2.090s]   979 |             if ([01;31m[Klast_data_[m[K.position < 0.0 || last_data_.position > 90.0) {
[2.090s]       |                 [01;31m[K^~~~~~~~~~[m[K
[2.099s] [01m[K/home/ubuntu/Desktop/AK8064_ws_Jun/src/motor_driver/src/ControlMotor.cpp:[m[K In member function â€˜[01m[Kvirtual void MotorController::control(const int&)[m[Kâ€™:
[2.099s] [01m[K/home/ubuntu/Desktop/AK8064_ws_Jun/src/motor_driver/src/ControlMotor.cpp:1002:9:[m[K [01;31m[Kerror: [m[Kâ€˜[01m[KMotorData[m[Kâ€™ was not declared in this scope
[2.099s]  1002 |         [01;31m[KMotorData[m[K updated_data = data;
[2.099s]       |         [01;31m[K^~~~~~~~~[m[K
[2.105s] [01m[K/home/ubuntu/Desktop/AK8064_ws_Jun/src/motor_driver/src/ControlMotor.cpp:1003:9:[m[K [01;31m[Kerror: [m[Kâ€˜[01m[Kupdated_data[m[Kâ€™ was not declared in this scope
[2.105s]  1003 |         [01;31m[Kupdated_data[m[K.state = stateToString(state_);
[2.105s]       |         [01;31m[K^~~~~~~~~~~~[m[K
[2.113s] [01m[K/home/ubuntu/Desktop/AK8064_ws_Jun/src/motor_driver/src/ControlMotor.cpp:1004:9:[m[K [01;31m[Kerror: [m[Kâ€˜[01m[Klast_data_[m[Kâ€™ was not declared in this scope
[2.113s]  1004 |         [01;31m[Klast_data_[m[K = updated_data;
[2.113s]       |         [01;31m[K^~~~~~~~~~[m[K
[2.125s] [01m[K/home/ubuntu/Desktop/AK8064_ws_Jun/src/motor_driver/src/ControlMotor.cpp:[m[K In member function â€˜[01m[Kvirtual void MotorController::stop()[m[Kâ€™:
[2.126s] [01m[K/home/ubuntu/Desktop/AK8064_ws_Jun/src/motor_driver/src/ControlMotor.cpp:1173:47:[m[K [01;31m[Kerror: [m[Kâ€˜[01m[Klast_data_[m[Kâ€™ was not declared in this scope
[2.126s]  1173 |             can_->setPositionSpeed(motor_id_, [01;31m[Klast_data_[m[K.position, static_cast<int>(speed_), static_cast<int>(accel_));
[2.126s]       |                                               [01;31m[K^~~~~~~~~~[m[K
[2.132s] [01m[K/home/ubuntu/Desktop/AK8064_ws_Jun/src/motor_driver/src/ControlMotor.cpp:[m[K In lambda function:
[2.132s] [01m[K/home/ubuntu/Desktop/AK8064_ws_Jun/src/motor_driver/src/ControlMotor.cpp:1204:36:[m[K [01;31m[Kerror: [m[Kâ€˜[01m[Klast_data_[m[Kâ€™ was not declared in this scope
[2.132s]  1204 |                 target_position_ = [01;31m[Klast_data_[m[K.position + step_;
[2.132s]       |                                    [01;31m[K^~~~~~~~~~[m[K
[2.139s] [01m[K/home/ubuntu/Desktop/AK8064_ws_Jun/src/motor_driver/src/ControlMotor.cpp:[m[K In lambda function:
[2.139s] [01m[K/home/ubuntu/Desktop/AK8064_ws_Jun/src/motor_driver/src/ControlMotor.cpp:1228:36:[m[K [01;31m[Kerror: [m[Kâ€˜[01m[Klast_data_[m[Kâ€™ was not declared in this scope
[2.139s]  1228 |                 target_position_ = [01;31m[Klast_data_[m[K.position - step_;
[2.139s]       |                                    [01;31m[K^~~~~~~~~~[m[K
[2.148s] [01m[K/home/ubuntu/Desktop/AK8064_ws_Jun/src/motor_driver/src/ControlMotor.cpp:[m[K In lambda function:
[2.148s] [01m[K/home/ubuntu/Desktop/AK8064_ws_Jun/src/motor_driver/src/ControlMotor.cpp:1253:36:[m[K [01;31m[Kerror: [m[Kâ€˜[01m[Klast_data_[m[Kâ€™ was not declared in this scope
[2.148s]  1253 |                 target_position_ = [01;31m[Klast_data_[m[K.position;
[2.148s]       |                                    [01;31m[K^~~~~~~~~~[m[K
[2.263s] [01m[K/home/ubuntu/Desktop/AK8064_ws_Jun/src/motor_driver/src/ControlMotor.cpp:[m[K In member function â€˜[01m[Kvoid MotorControlNode::controlLoop()[m[Kâ€™:
[2.264s] [01m[K/home/ubuntu/Desktop/AK8064_ws_Jun/src/motor_driver/src/ControlMotor.cpp:1488:29:[m[K [01;31m[Kerror: [m[Kâ€˜[01m[KMotorData[m[Kâ€™ was not declared in this scope
[2.264s]  1488 |                             [01;31m[KMotorData[m[K data;
[2.264s]       |                             [01;31m[K^~~~~~~~~[m[K
[2.264s] [01m[K/home/ubuntu/Desktop/AK8064_ws_Jun/src/motor_driver/src/ControlMotor.cpp:1489:61:[m[K [01;31m[Kerror: [m[Kâ€˜[01m[Kdata[m[Kâ€™ was not declared in this scope; did you mean â€˜[01m[Kstd::data[m[Kâ€™?
[2.264s]  1489 |                             can_->decodeMotorData(raw_data, [01;31m[Kdata[m[K.position, data.velocity, data.current,
[2.264s]       |                                                             [01;31m[K^~~~[m[K
[2.264s]       |                                                             [32m[Kstd::data[m[K
[2.264s] In file included from [01m[K/usr/include/c++/11/array:41[m[K,
[2.264s]                  from [01m[K/usr/include/c++/11/tuple:39[m[K,
[2.264s]                  from [01m[K/usr/include/c++/11/bits/unique_ptr.h:37[m[K,
[2.265s]                  from [01m[K/usr/include/c++/11/memory:76[m[K,
[2.265s]                  from [01m[K/opt/ros/humble/include/rclcpp/rclcpp/rclcpp.hpp:153[m[K,
[2.265s]                  from [01m[K/home/ubuntu/Desktop/AK8064_ws_Jun/src/motor_driver/src/ControlMotor.cpp:727[m[K:
[2.265s] [01m[K/usr/include/c++/11/bits/range_access.h:319:5:[m[K [01;36m[Knote: [m[Kâ€˜[01m[Kstd::data[m[Kâ€™ declared here
[2.265s]   319 |     [01;36m[Kdata[m[K(initializer_list<_Tp> __il) noexcept
[2.265s]       |     [01;36m[K^~~~[m[K
[4.783s] gmake[2]: *** [CMakeFiles/ControlMotor.dir/build.make:76: CMakeFiles/ControlMotor.dir/src/ControlMotor.cpp.o] Error 1
[4.783s] gmake[1]: *** [CMakeFiles/Makefile2:137: CMakeFiles/ControlMotor.dir/all] Error 2
[4.783s] gmake: *** [Makefile:146: all] Error 2
[4.785s] Invoked command in '/home/ubuntu/Desktop/AK8064_ws_Jun/build/motor_driver' returned '2': AMENT_PREFIX_PATH=/home/ubuntu/Desktop/AK8064_ws_Jun/install/can_interface:${AMENT_PREFIX_PATH} CMAKE_PREFIX_PATH=/home/ubuntu/Desktop/AK8064_ws_Jun/install/can_interface:/opt/ros/humble LD_LIBRARY_PATH=/home/ubuntu/Desktop/AK8064_ws_Jun/install/can_interface/lib:${LD_LIBRARY_PATH} /usr/bin/cmake --build /home/ubuntu/Desktop/AK8064_ws_Jun/build/motor_driver -- -j8 -l8
