[0.017s] Invoking command in '/home/ubuntu/Desktop/AK8064_ws_Jun/build/motor_driver': CMAKE_PREFIX_PATH=/home/ubuntu/Desktop/AK8064_ws_Jun/install/can_interface:/home/ubuntu/Desktop/AK8064_ws_Jun/install/motor_driver:/opt/ros/humble /usr/bin/cmake --build /home/ubuntu/Desktop/AK8064_ws_Jun/build/motor_driver -- -j8 -l8
[0.099s] [35m[1mConsolidate compiler generated dependencies of target ControlMotor[0m
[0.136s] [ 50%] [32mBuilding CXX object CMakeFiles/ControlMotor.dir/src/ControlMotor.cpp.o[0m
[5.496s] [01m[K/home/ubuntu/Desktop/AK8064_ws_Jun/src/motor_driver/src/ControlMotor.cpp:1066:2:[m[K [01;31m[Kerror: [m[Kexpected â€˜[01m[K}[m[Kâ€™ at end of input
[5.496s]  1066 | }
[5.496s]       |  [01;31m[K^[m[K
[5.496s] [01m[K/home/ubuntu/Desktop/AK8064_ws_Jun/src/motor_driver/src/ControlMotor.cpp:205:49:[m[K [01;36m[Knote: [m[Kto match this â€˜[01m[K{[m[Kâ€™
[5.497s]   205 | ass MotorController : public IMotorController [01;36m[K{[m[K
[5.497s]       |                                               [01;36m[K^[m[K
[5.497s] 
[5.497s] [01m[K/home/ubuntu/Desktop/AK8064_ws_Jun/src/motor_driver/src/ControlMotor.cpp:[m[K In constructor â€˜[01m[KMotorController::MotorController(uint8_t, std::shared_ptr<ICANInterface>, rclcpp::Node*, const string&)[m[Kâ€™:
[5.497s] [01m[K/home/ubuntu/Desktop/AK8064_ws_Jun/src/motor_driver/src/ControlMotor.cpp:209:11:[m[K [01;31m[Kerror: [m[Kclass â€˜[01m[KMotorController[m[Kâ€™ does not have any field named â€˜[01m[Kmotor_id_[m[Kâ€™
[5.497s]   209 |         : [01;31m[Kmotor_id_[m[K(motor_id), can_(can), node_(node), logger_(node->get_logger()),
[5.498s]       |           [01;31m[K^~~~~~~~~[m[K
[5.498s] [01m[K/home/ubuntu/Desktop/AK8064_ws_Jun/src/motor_driver/src/ControlMotor.cpp:209:32:[m[K [01;31m[Kerror: [m[Kclass â€˜[01m[KMotorController[m[Kâ€™ does not have any field named â€˜[01m[Kcan_[m[Kâ€™
[5.498s]   209 |         : motor_id_(motor_id), [01;31m[Kcan_[m[K(can), node_(node), logger_(node->get_logger()),
[5.498s]       |                                [01;31m[K^~~~[m[K
[5.498s] [01m[K/home/ubuntu/Desktop/AK8064_ws_Jun/src/motor_driver/src/ControlMotor.cpp:209:43:[m[K [01;31m[Kerror: [m[Kclass â€˜[01m[KMotorController[m[Kâ€™ does not have any field named â€˜[01m[Knode_[m[Kâ€™
[5.498s]   209 |   : motor_id_(motor_id), can_(can), [01;31m[Knode_[m[K(node), logger_(node->get_logger()),
[5.499s]       |                                     [01;31m[K^~~~~[m[K
[5.499s] 
[5.499s] [01m[K/home/ubuntu/Desktop/AK8064_ws_Jun/src/motor_driver/src/ControlMotor.cpp:209:56:[m[K [01;31m[Kerror: [m[Kclass â€˜[01m[KMotorController[m[Kâ€™ does not have any field named â€˜[01m[Klogger_[m[Kâ€™
[5.499s]   209 | (motor_id), can_(can), node_(node), [01;31m[Klogger_[m[K(node->get_logger()),
[5.499s]       |                                     [01;31m[K^~~~~~~[m[K
[5.499s] 
[5.499s] [01m[K/home/ubuntu/Desktop/AK8064_ws_Jun/src/motor_driver/src/ControlMotor.cpp:210:11:[m[K [01;31m[Kerror: [m[Kclass â€˜[01m[KMotorController[m[Kâ€™ does not have any field named â€˜[01m[Kstate_[m[Kâ€™
[5.499s]   210 |           [01;31m[Kstate_[m[K(State::INITIALIZING), mode_(Mode::MANUAL), is_origin_set_(false),
[5.499s]       |           [01;31m[K^~~~~~[m[K
[5.499s] [01m[K/home/ubuntu/Desktop/AK8064_ws_Jun/src/motor_driver/src/ControlMotor.cpp:210:40:[m[K [01;31m[Kerror: [m[Kclass â€˜[01m[KMotorController[m[Kâ€™ does not have any field named â€˜[01m[Kmode_[m[Kâ€™
[5.500s]   210 |        state_(State::INITIALIZING), [01;31m[Kmode_[m[K(Mode::MANUAL), is_origin_set_(false),
[5.500s]       |                                     [01;31m[K^~~~~[m[K
[5.500s] 
[5.500s] [01m[K/home/ubuntu/Desktop/AK8064_ws_Jun/src/motor_driver/src/ControlMotor.cpp:210:61:[m[K [01;31m[Kerror: [m[Kclass â€˜[01m[KMotorController[m[Kâ€™ does not have any field named â€˜[01m[Kis_origin_set_[m[Kâ€™
[5.500s]   210 | INITIALIZING), mode_(Mode::MANUAL), [01;31m[Kis_origin_set_[m[K(false),
[5.500s]       |                                     [01;31m[K^~~~~~~~~~~~~~[m[K
[5.500s] 
[5.500s] [01m[K/home/ubuntu/Desktop/AK8064_ws_Jun/src/motor_driver/src/ControlMotor.cpp:211:11:[m[K [01;31m[Kerror: [m[Kclass â€˜[01m[KMotorController[m[Kâ€™ does not have any field named â€˜[01m[Kis_home_[m[Kâ€™
[5.500s]   211 |           [01;31m[Kis_home_[m[K(false), current_target_index_(0), reach_counter_(0),
[5.501s]       |           [01;31m[K^~~~~~~~[m[K
[5.501s] [01m[K/home/ubuntu/Desktop/AK8064_ws_Jun/src/motor_driver/src/ControlMotor.cpp:211:28:[m[K [01;31m[Kerror: [m[Kclass â€˜[01m[KMotorController[m[Kâ€™ does not have any field named â€˜[01m[Kcurrent_target_index_[m[Kâ€™
[5.501s]   211 |           is_home_(false), [01;31m[Kcurrent_target_index_[m[K(0), reach_counter_(0),
[5.501s]       |                            [01;31m[K^~~~~~~~~~~~~~~~~~~~~[m[K
[5.501s] [01m[K/home/ubuntu/Desktop/AK8064_ws_Jun/src/motor_driver/src/ControlMotor.cpp:211:54:[m[K [01;31m[Kerror: [m[Kclass â€˜[01m[KMotorController[m[Kâ€™ does not have any field named â€˜[01m[Kreach_counter_[m[Kâ€™
[5.501s]   211 | _(false), current_target_index_(0), [01;31m[Kreach_counter_[m[K(0),
[5.501s]       |                                     [01;31m[K^~~~~~~~~~~~~~[m[K
[5.501s] 
[5.501s] [01m[K/home/ubuntu/Desktop/AK8064_ws_Jun/src/motor_driver/src/ControlMotor.cpp:212:11:[m[K [01;31m[Kerror: [m[Kclass â€˜[01m[KMotorController[m[Kâ€™ does not have any field named â€˜[01m[Ktarget_reached_[m[Kâ€™
[5.502s]   212 |           [01;31m[Ktarget_reached_[m[K(true), speed_(10000.0), accel_(1000.0), min_angle_(0.0),
[5.502s]       |           [01;31m[K^~~~~~~~~~~~~~~[m[K
[5.502s] [01m[K/home/ubuntu/Desktop/AK8064_ws_Jun/src/motor_driver/src/ControlMotor.cpp:212:34:[m[K [01;31m[Kerror: [m[Kclass â€˜[01m[KMotorController[m[Kâ€™ does not have any field named â€˜[01m[Kspeed_[m[Kâ€™
[5.502s]   212 |           target_reached_(true), [01;31m[Kspeed_[m[K(10000.0), accel_(1000.0), min_angle_(0.0),
[5.502s]       |                                  [01;31m[K^~~~~~[m[K
[5.502s] [01m[K/home/ubuntu/Desktop/AK8064_ws_Jun/src/motor_driver/src/ControlMotor.cpp:212:51:[m[K [01;31m[Kerror: [m[Kclass â€˜[01m[KMotorController[m[Kâ€™ does not have any field named â€˜[01m[Kaccel_[m[Kâ€™
[5.502s]   212 | et_reached_(true), speed_(10000.0), [01;31m[Kaccel_[m[K(1000.0), min_angle_(0.0),
[5.502s]       |                                     [01;31m[K^~~~~~[m[K
[5.502s] 
[5.503s] [01m[K/home/ubuntu/Desktop/AK8064_ws_Jun/src/motor_driver/src/ControlMotor.cpp:212:67:[m[K [01;31m[Kerror: [m[Kclass â€˜[01m[KMotorController[m[Kâ€™ does not have any field named â€˜[01m[Kmin_angle_[m[Kâ€™
[5.503s]   212 | ), speed_(10000.0), accel_(1000.0), [01;31m[Kmin_angle_[m[K(0.0),
[5.503s]       |                                     [01;31m[K^~~~~~~~~~[m[K
[5.503s] 
[5.503s] [01m[K/home/ubuntu/Desktop/AK8064_ws_Jun/src/motor_driver/src/ControlMotor.cpp:213:11:[m[K [01;31m[Kerror: [m[Kclass â€˜[01m[KMotorController[m[Kâ€™ does not have any field named â€˜[01m[Kmax_angle_[m[Kâ€™
[5.503s]   213 |           [01;31m[Kmax_angle_[m[K(90.0), step_(5), target_position_(0.0), pause_position_(0.0),
[5.503s]       |           [01;31m[K^~~~~~~~~~[m[K
[5.503s] [01m[K/home/ubuntu/Desktop/AK8064_ws_Jun/src/motor_driver/src/ControlMotor.cpp:213:29:[m[K [01;31m[Kerror: [m[Kclass â€˜[01m[KMotorController[m[Kâ€™ does not have any field named â€˜[01m[Kstep_[m[Kâ€™
[5.503s]   213 |           max_angle_(90.0), [01;31m[Kstep_[m[K(5), target_position_(0.0), pause_position_(0.0),
[5.503s]       |                             [01;31m[K^~~~~[m[K
[5.504s] [01m[K/home/ubuntu/Desktop/AK8064_ws_Jun/src/motor_driver/src/ControlMotor.cpp:213:39:[m[K [01;31m[Kerror: [m[Kclass â€˜[01m[KMotorController[m[Kâ€™ does not have any field named â€˜[01m[Ktarget_position_[m[Kâ€™
[5.504s]   213 |         max_angle_(90.0), step_(5), [01;31m[Ktarget_position_[m[K(0.0), pause_position_(0.0),
[5.504s]       |                                     [01;31m[K^~~~~~~~~~~~~~~~[m[K
[5.504s] 
[5.504s] [01m[K/home/ubuntu/Desktop/AK8064_ws_Jun/src/motor_driver/src/ControlMotor.cpp:213:62:[m[K [01;31m[Kerror: [m[Kclass â€˜[01m[KMotorController[m[Kâ€™ does not have any field named â€˜[01m[Kpause_position_[m[Kâ€™
[5.504s]   213 | ), step_(5), target_position_(0.0), [01;31m[Kpause_position_[m[K(0.0),
[5.504s]       |                                     [01;31m[K^~~~~~~~~~~~~~~[m[K
[5.504s] 
[5.505s] [01m[K/home/ubuntu/Desktop/AK8064_ws_Jun/src/motor_driver/src/ControlMotor.cpp:214:11:[m[K [01;31m[Kerror: [m[Kclass â€˜[01m[KMotorController[m[Kâ€™ does not have any field named â€˜[01m[Kreach_count_max_[m[Kâ€™
[5.505s]   214 |           [01;31m[Kreach_count_max_[m[K(100), safety_checker_(min_angle_, max_angle_, MAX_MOTOR_TEMPERATURE),
[5.505s]       |           [01;31m[K^~~~~~~~~~~~~~~~[m[K
[5.505s] [01m[K/home/ubuntu/Desktop/AK8064_ws_Jun/src/motor_driver/src/ControlMotor.cpp:214:34:[m[K [01;31m[Kerror: [m[Kclass â€˜[01m[KMotorController[m[Kâ€™ does not have any field named â€˜[01m[Ksafety_checker_[m[Kâ€™
[5.505s]   214 |           reach_count_max_(100), [01;31m[Ksafety_checker_[m[K(min_angle_, max_angle_, MAX_MOTOR_TEMPERATURE),
[5.505s]       |                                  [01;31m[K^~~~~~~~~~~~~~~[m[K
[5.511s] [01m[K/home/ubuntu/Desktop/AK8064_ws_Jun/src/motor_driver/src/ControlMotor.cpp:214:50:[m[K [01;31m[Kerror: [m[Kâ€˜[01m[Kmin_angle_[m[Kâ€™ was not declared in this scope
[5.512s]   214 | ch_count_max_(100), safety_checker_([01;31m[Kmin_angle_[m[K, max_angle_, MAX_MOTOR_TEMPERATURE),
[5.512s]       |                                     [01;31m[K^~~~~~~~~~[m[K
[5.512s] 
[5.527s] [01m[K/home/ubuntu/Desktop/AK8064_ws_Jun/src/motor_driver/src/ControlMotor.cpp:214:62:[m[K [01;31m[Kerror: [m[Kâ€˜[01m[Kmax_angle_[m[Kâ€™ was not declared in this scope
[5.527s]   214 | _(100), safety_checker_(min_angle_, [01;31m[Kmax_angle_[m[K, MAX_MOTOR_TEMPERATURE),
[5.527s]       |                                     [01;31m[K^~~~~~~~~~[m[K
[5.527s] 
[5.552s] [01m[K/home/ubuntu/Desktop/AK8064_ws_Jun/src/motor_driver/src/ControlMotor.cpp:214:74:[m[K [01;31m[Kerror: [m[Kâ€˜[01m[KMAX_MOTOR_TEMPERATURE[m[Kâ€™ was not declared in this scope
[5.552s]   214 | ty_checker_(min_angle_, max_angle_, [01;31m[KMAX_MOTOR_TEMPERATURE[m[K),
[5.552s]       |                                     [01;31m[K^~~~~~~~~~~~~~~~~~~~~[m[K
[5.553s] 
[5.553s] [01m[K/home/ubuntu/Desktop/AK8064_ws_Jun/src/motor_driver/src/ControlMotor.cpp:215:11:[m[K [01;31m[Kerror: [m[Kclass â€˜[01m[KMotorController[m[Kâ€™ does not have any field named â€˜[01m[Kstate_publisher_[m[Kâ€™
[5.553s]   215 |           [01;31m[Kstate_publisher_[m[K(node, name), param_prefix_(name + "."),
[5.553s]       |           [01;31m[K^~~~~~~~~~~~~~~~[m[K
[5.553s] [01m[K/home/ubuntu/Desktop/AK8064_ws_Jun/src/motor_driver/src/ControlMotor.cpp:215:41:[m[K [01;31m[Kerror: [m[Kclass â€˜[01m[KMotorController[m[Kâ€™ does not have any field named â€˜[01m[Kparam_prefix_[m[Kâ€™
[5.553s]   215 |       state_publisher_(node, name), [01;31m[Kparam_prefix_[m[K(name + "."),
[5.554s]       |                                     [01;31m[K^~~~~~~~~~~~~[m[K
[5.554s] 
[5.554s] [01m[K/home/ubuntu/Desktop/AK8064_ws_Jun/src/motor_driver/src/ControlMotor.cpp:216:11:[m[K [01;31m[Kerror: [m[Kclass â€˜[01m[KMotorController[m[Kâ€™ does not have any field named â€˜[01m[Klast_command_[m[Kâ€™
[5.554s]   216 |           [01;31m[Klast_command_[m[K(""), pre_pause_command_(""), last_command_time_(node_->now()),
[5.554s]       |           [01;31m[K^~~~~~~~~~~~~[m[K
[5.554s] [01m[K/home/ubuntu/Desktop/AK8064_ws_Jun/src/motor_driver/src/ControlMotor.cpp:216:30:[m[K [01;31m[Kerror: [m[Kclass â€˜[01m[KMotorController[m[Kâ€™ does not have any field named â€˜[01m[Kpre_pause_command_[m[Kâ€™
[5.554s]   216 |           last_command_(""), [01;31m[Kpre_pause_command_[m[K(""), last_command_time_(node_->now()),
[5.554s]       |                              [01;31m[K^~~~~~~~~~~~~~~~~~[m[K
[5.554s] [01m[K/home/ubuntu/Desktop/AK8064_ws_Jun/src/motor_driver/src/ControlMotor.cpp:216:54:[m[K [01;31m[Kerror: [m[Kclass â€˜[01m[KMotorController[m[Kâ€™ does not have any field named â€˜[01m[Klast_command_time_[m[Kâ€™
[5.555s]   216 | mmand_(""), pre_pause_command_(""), [01;31m[Klast_command_time_[m[K(node_->now()),
[5.555s]       |                                     [01;31m[K^~~~~~~~~~~~~~~~~~[m[K
[5.555s] 
[5.564s] [01m[K/home/ubuntu/Desktop/AK8064_ws_Jun/src/motor_driver/src/ControlMotor.cpp:216:73:[m[K [01;31m[Kerror: [m[Kâ€˜[01m[Knode_[m[Kâ€™ was not declared in this scope; did you mean â€˜[01m[Knode[m[Kâ€™?
[5.564s]   216 | se_command_(""), last_command_time_([01;31m[Knode_[m[K->now()),
[5.564s]       |                                     [01;31m[K^~~~~[m[K
[5.564s]       |                                     [32m[Knode[m[K
[5.564s] [01m[K/home/ubuntu/Desktop/AK8064_ws_Jun/src/motor_driver/src/ControlMotor.cpp:217:11:[m[K [01;31m[Kerror: [m[Kclass â€˜[01m[KMotorController[m[Kâ€™ does not have any field named â€˜[01m[Krepeat_[m[Kâ€™
[5.564s]   217 |           [01;31m[Krepeat_[m[K(1) {
[5.564s]       |           [01;31m[K^~~~~~~[m[K
[5.588s] [01m[K/home/ubuntu/Desktop/AK8064_ws_Jun/src/motor_driver/src/ControlMotor.cpp:218:9:[m[K [01;31m[Kerror: [m[Kâ€˜[01m[KinitializeParameters[m[Kâ€™ was not declared in this scope
[5.588s]   218 |         [01;31m[KinitializeParameters[m[K();
[5.588s]       |         [01;31m[K^~~~~~~~~~~~~~~~~~~~[m[K
[5.601s] [01m[K/home/ubuntu/Desktop/AK8064_ws_Jun/src/motor_driver/src/ControlMotor.cpp:219:9:[m[K [01;31m[Kerror: [m[Kâ€˜[01m[KsetOrigin[m[Kâ€™ was not declared in this scope; did you mean â€˜[01m[Ksetregid[m[Kâ€™?
[5.601s]   219 |         [01;31m[KsetOrigin[m[K();
[5.601s]       |         [01;31m[K^~~~~~~~~[m[K
[5.601s]       |         [32m[Ksetregid[m[K
[5.626s] [01m[K/home/ubuntu/Desktop/AK8064_ws_Jun/src/motor_driver/src/ControlMotor.cpp:220:9:[m[K [01;31m[Kerror: [m[Kâ€˜[01m[KinitializeCommandMap[m[Kâ€™ was not declared in this scope
[5.626s]   220 |         [01;31m[KinitializeCommandMap[m[K();
[5.626s]       |         [01;31m[K^~~~~~~~~~~~~~~~~~~~[m[K
[5.639s] [01m[K/home/ubuntu/Desktop/AK8064_ws_Jun/src/motor_driver/src/ControlMotor.cpp:[m[K In member function â€˜[01m[Kvirtual void MotorController::handleCommand(const string&)[m[Kâ€™:
[5.639s] [01m[K/home/ubuntu/Desktop/AK8064_ws_Jun/src/motor_driver/src/ControlMotor.cpp:225:64:[m[K [01;31m[Kerror: [m[Kâ€˜[01m[Kmotor_id_[m[Kâ€™ was not declared in this scope; did you mean â€˜[01m[KmotorId[m[Kâ€™?
[5.639s]   225 | 0x" << std::hex << static_cast<int>([01;31m[Kmotor_id_[m[K) << ": ";
[5.639s]       |                                     [01;31m[K^~~~~~~~~[m[K
[5.640s]       |                                     [32m[KmotorId[m[K
[5.654s] [01m[K/home/ubuntu/Desktop/AK8064_ws_Jun/src/motor_driver/src/ControlMotor.cpp:227:14:[m[K [01;31m[Kerror: [m[Kâ€˜[01m[Kis_origin_set_[m[Kâ€™ was not declared in this scope; did you mean â€˜[01m[KisOriginSet[m[Kâ€™?
[5.654s]   227 |         if (![01;31m[Kis_origin_set_[m[K) {
[5.654s]       |              [01;31m[K^~~~~~~~~~~~~~[m[K
[5.654s]       |              [32m[KisOriginSet[m[K
[5.668s] In file included from [01m[K/opt/ros/humble/include/rclcpp/rclcpp/client.hpp:40[m[K,
[5.668s]                  from [01m[K/opt/ros/humble/include/rclcpp/rclcpp/callback_group.hpp:24[m[K,
[5.668s]                  from [01m[K/opt/ros/humble/include/rclcpp/rclcpp/any_executable.hpp:20[m[K,
[5.668s]                  from [01m[K/opt/ros/humble/include/rclcpp/rclcpp/memory_strategy.hpp:25[m[K,
[5.668s]                  from [01m[K/opt/ros/humble/include/rclcpp/rclcpp/memory_strategies.hpp:18[m[K,
[5.668s]                  from [01m[K/opt/ros/humble/include/rclcpp/rclcpp/executor_options.hpp:20[m[K,
[5.668s]                  from [01m[K/opt/ros/humble/include/rclcpp/rclcpp/executor.hpp:37[m[K,
[5.668s]                  from [01m[K/opt/ros/humble/include/rclcpp/rclcpp/executors/multi_threaded_executor.hpp:25[m[K,
[5.669s]                  from [01m[K/opt/ros/humble/include/rclcpp/rclcpp/executors.hpp:21[m[K,
[5.669s]                  from [01m[K/opt/ros/humble/include/rclcpp/rclcpp/rclcpp.hpp:155[m[K,
[5.669s]                  from [01m[K/home/ubuntu/Desktop/AK8064_ws_Jun/src/motor_driver/src/ControlMotor.cpp:5[m[K:
[5.669s] [01m[K/home/ubuntu/Desktop/AK8064_ws_Jun/src/motor_driver/src/ControlMotor.cpp:229:25:[m[K [01;31m[Kerror: [m[Kâ€˜[01m[Klogger_[m[Kâ€™ was not declared in this scope
[5.669s]   229 |             RCLCPP_WARN([01;31m[Klogger_[m[K, "%s", response.str().c_str());
[5.669s]       |                         [01;31m[K^~~~~~~[m[K
[5.669s] [01m[K/home/ubuntu/Desktop/AK8064_ws_Jun/src/motor_driver/src/ControlMotor.cpp:229:13:[m[K [01;31m[Kerror: [m[Ktemplate argument 1 is invalid
[5.669s]   229 |             [01;31m[KRCLCPP_WARN[m[K(logger_, "%s", response.str().c_str());
[5.669s]       |             [01;31m[K^~~~~~~~~~~[m[K
[5.669s] [01m[K/home/ubuntu/Desktop/AK8064_ws_Jun/src/motor_driver/src/ControlMotor.cpp:229:13:[m[K [01;31m[Kerror: [m[Ktemplate argument 1 is invalid
[5.670s]   229 |             [01;31m[KRCLCPP_WARN[m[K(logger_, "%s", response.str().c_str());
[5.670s]       |             [01;31m[K^~~~~~~~~~~[m[K
[5.670s] [01m[K/home/ubuntu/Desktop/AK8064_ws_Jun/src/motor_driver/src/ControlMotor.cpp:229:13:[m[K [01;31m[Kerror: [m[Ktemplate argument 1 is invalid
[5.670s]   229 |             [01;31m[KRCLCPP_WARN[m[K(logger_, "%s", response.str().c_str());
[5.670s]       |             [01;31m[K^~~~~~~~~~~[m[K
[5.684s] [01m[K/home/ubuntu/Desktop/AK8064_ws_Jun/src/motor_driver/src/ControlMotor.cpp:230:13:[m[K [01;31m[Kerror: [m[Kâ€˜[01m[Kstate_publisher_[m[Kâ€™ was not declared in this scope; did you mean â€˜[01m[KStatePublisher[m[Kâ€™?
[5.684s]   230 |             [01;31m[Kstate_publisher_[m[K.publishResponse(response.str());
[5.684s]       |             [01;31m[K^~~~~~~~~~~~~~~~[m[K
[5.684s]       |             [32m[KStatePublisher[m[K
[5.697s] [01m[K/home/ubuntu/Desktop/AK8064_ws_Jun/src/motor_driver/src/ControlMotor.cpp:234:14:[m[K [01;31m[Kerror: [m[Kâ€˜[01m[Kis_home_[m[Kâ€™ was not declared in this scope
[5.697s]   234 |         if (![01;31m[Kis_home_[m[K && last_data_.position == 0.0) {
[5.697s]       |              [01;31m[K^~~~~~~~[m[K
[5.712s] [01m[K/home/ubuntu/Desktop/AK8064_ws_Jun/src/motor_driver/src/ControlMotor.cpp:234:26:[m[K [01;31m[Kerror: [m[Kâ€˜[01m[Klast_data_[m[Kâ€™ was not declared in this scope
[5.712s]   234 |         if (!is_home_ && [01;31m[Klast_data_[m[K.position == 0.0) {
[5.712s]       |                          [01;31m[K^~~~~~~~~~[m[K
[5.725s] In file included from [01m[K/opt/ros/humble/include/rclcpp/rclcpp/client.hpp:40[m[K,
[5.726s]                  from [01m[K/opt/ros/humble/include/rclcpp/rclcpp/callback_group.hpp:24[m[K,
[5.726s]                  from [01m[K/opt/ros/humble/include/rclcpp/rclcpp/any_executable.hpp:20[m[K,
[5.726s]                  from [01m[K/opt/ros/humble/include/rclcpp/rclcpp/memory_strategy.hpp:25[m[K,
[5.726s]                  from [01m[K/opt/ros/humble/include/rclcpp/rclcpp/memory_strategies.hpp:18[m[K,
[5.726s]                  from [01m[K/opt/ros/humble/include/rclcpp/rclcpp/executor_options.hpp:20[m[K,
[5.726s]                  from [01m[K/opt/ros/humble/include/rclcpp/rclcpp/executor.hpp:37[m[K,
[5.726s]                  from [01m[K/opt/ros/humble/include/rclcpp/rclcpp/executors/multi_threaded_executor.hpp:25[m[K,
[5.726s]                  from [01m[K/opt/ros/humble/include/rclcpp/rclcpp/executors.hpp:21[m[K,
[5.727s]                  from [01m[K/opt/ros/humble/include/rclcpp/rclcpp/rclcpp.hpp:155[m[K,
[5.727s]                  from [01m[K/home/ubuntu/Desktop/AK8064_ws_Jun/src/motor_driver/src/ControlMotor.cpp:5[m[K:
[5.727s] [01m[K/home/ubuntu/Desktop/AK8064_ws_Jun/src/motor_driver/src/ControlMotor.cpp:236:25:[m[K [01;31m[Kerror: [m[Kâ€˜[01m[Klogger_[m[Kâ€™ was not declared in this scope
[5.727s]   236 |             RCLCPP_WARN([01;31m[Klogger_[m[K, "%s", response.str().c_str());
[5.727s]       |                         [01;31m[K^~~~~~~[m[K
[5.727s] [01m[K/home/ubuntu/Desktop/AK8064_ws_Jun/src/motor_driver/src/ControlMotor.cpp:236:13:[m[K [01;31m[Kerror: [m[Ktemplate argument 1 is invalid
[5.727s]   236 |             [01;31m[KRCLCPP_WARN[m[K(logger_, "%s", response.str().c_str());
[5.727s]       |             [01;31m[K^~~~~~~~~~~[m[K
[5.727s] [01m[K/home/ubuntu/Desktop/AK8064_ws_Jun/src/motor_driver/src/ControlMotor.cpp:236:13:[m[K [01;31m[Kerror: [m[Ktemplate argument 1 is invalid
[5.728s]   236 |             [01;31m[KRCLCPP_WARN[m[K(logger_, "%s", response.str().c_str());
[5.728s]       |             [01;31m[K^~~~~~~~~~~[m[K
[5.728s] [01m[K/home/ubuntu/Desktop/AK8064_ws_Jun/src/motor_driver/src/ControlMotor.cpp:236:13:[m[K [01;31m[Kerror: [m[Ktemplate argument 1 is invalid
[5.728s]   236 |             [01;31m[KRCLCPP_WARN[m[K(logger_, "%s", response.str().c_str());
[5.728s]       |             [01;31m[K^~~~~~~~~~~[m[K
[5.741s] [01m[K/home/ubuntu/Desktop/AK8064_ws_Jun/src/motor_driver/src/ControlMotor.cpp:237:13:[m[K [01;31m[Kerror: [m[Kâ€˜[01m[Kstate_publisher_[m[Kâ€™ was not declared in this scope; did you mean â€˜[01m[KStatePublisher[m[Kâ€™?
[5.742s]   237 |             [01;31m[Kstate_publisher_[m[K.publishResponse(response.str());
[5.742s]       |             [01;31m[K^~~~~~~~~~~~~~~~[m[K
[5.742s]       |             [32m[KStatePublisher[m[K
[5.757s] [01m[K/home/ubuntu/Desktop/AK8064_ws_Jun/src/motor_driver/src/ControlMotor.cpp:242:17:[m[K [01;31m[Kerror: [m[Kâ€˜[01m[Klast_data_[m[Kâ€™ was not declared in this scope
[5.757s]   242 |             if ([01;31m[Klast_data_[m[K.position < 0.0 || last_data_.position > 90.0) {
[5.758s]       |                 [01;31m[K^~~~~~~~~~[m[K
[5.771s] In file included from [01m[K/opt/ros/humble/include/rclcpp/rclcpp/client.hpp:40[m[K,
[5.771s]                  from [01m[K/opt/ros/humble/include/rclcpp/rclcpp/callback_group.hpp:24[m[K,
[5.771s]                  from [01m[K/opt/ros/humble/include/rclcpp/rclcpp/any_executable.hpp:20[m[K,
[5.771s]                  from [01m[K/opt/ros/humble/include/rclcpp/rclcpp/memory_strategy.hpp:25[m[K,
[5.772s]                  from [01m[K/opt/ros/humble/include/rclcpp/rclcpp/memory_strategies.hpp:18[m[K,
[5.772s]                  from [01m[K/opt/ros/humble/include/rclcpp/rclcpp/executor_options.hpp:20[m[K,
[5.772s]                  from [01m[K/opt/ros/humble/include/rclcpp/rclcpp/executor.hpp:37[m[K,
[5.772s]                  from [01m[K/opt/ros/humble/include/rclcpp/rclcpp/executors/multi_threaded_executor.hpp:25[m[K,
[5.773s]                  from [01m[K/opt/ros/humble/include/rclcpp/rclcpp/executors.hpp:21[m[K,
[5.773s]                  from [01m[K/opt/ros/humble/include/rclcpp/rclcpp/rclcpp.hpp:155[m[K,
[5.773s]                  from [01m[K/home/ubuntu/Desktop/AK8064_ws_Jun/src/motor_driver/src/ControlMotor.cpp:5[m[K:
[5.773s] [01m[K/home/ubuntu/Desktop/AK8064_ws_Jun/src/motor_driver/src/ControlMotor.cpp:244:30:[m[K [01;31m[Kerror: [m[Kâ€˜[01m[Klogger_[m[Kâ€™ was not declared in this scope
[5.773s]   244 |                 RCLCPP_ERROR([01;31m[Klogger_[m[K, "%s", response.str().c_str());
[5.774s]       |                              [01;31m[K^~~~~~~[m[K
[5.774s] [01m[K/home/ubuntu/Desktop/AK8064_ws_Jun/src/motor_driver/src/ControlMotor.cpp:244:17:[m[K [01;31m[Kerror: [m[Ktemplate argument 1 is invalid
[5.774s]   244 |                 [01;31m[KRCLCPP_ERROR[m[K(logger_, "%s", response.str().c_str());
[5.774s]       |                 [01;31m[K^~~~~~~~~~~~[m[K
[5.774s] [01m[K/home/ubuntu/Desktop/AK8064_ws_Jun/src/motor_driver/src/ControlMotor.cpp:244:17:[m[K [01;31m[Kerror: [m[Ktemplate argument 1 is invalid
[5.775s]   244 |                 [01;31m[KRCLCPP_ERROR[m[K(logger_, "%s", response.str().c_str());
[5.775s]       |                 [01;31m[K^~~~~~~~~~~~[m[K
[5.775s] [01m[K/home/ubuntu/Desktop/AK8064_ws_Jun/src/motor_driver/src/ControlMotor.cpp:244:17:[m[K [01;31m[Kerror: [m[Ktemplate argument 1 is invalid
[5.775s]   244 |                 [01;31m[KRCLCPP_ERROR[m[K(logger_, "%s", response.str().c_str());
[5.775s]       |                 [01;31m[K^~~~~~~~~~~~[m[K
[5.789s] [01m[K/home/ubuntu/Desktop/AK8064_ws_Jun/src/motor_driver/src/ControlMotor.cpp:245:17:[m[K [01;31m[Kerror: [m[Kâ€˜[01m[Kstate_publisher_[m[Kâ€™ was not declared in this scope; did you mean â€˜[01m[KStatePublisher[m[Kâ€™?
[5.789s]   245 |                 [01;31m[Kstate_publisher_[m[K.publishResponse(response.str());
[5.789s]       |                 [01;31m[K^~~~~~~~~~~~~~~~[m[K
[5.789s]       |                 [32m[KStatePublisher[m[K
[5.805s] [01m[K/home/ubuntu/Desktop/AK8064_ws_Jun/src/motor_driver/src/ControlMotor.cpp:247:17:[m[K [01;31m[Kerror: [m[Kâ€˜[01m[KtransitionTo[m[Kâ€™ was not declared in this scope
[5.806s]   247 |                 [01;31m[KtransitionTo[m[K(State::STOPPED);
[5.806s]       |                 [01;31m[K^~~~~~~~~~~~[m[K
[5.816s] [01m[K/home/ubuntu/Desktop/AK8064_ws_Jun/src/motor_driver/src/ControlMotor.cpp:250:13:[m[K [01;31m[Kerror: [m[Kâ€˜[01m[Kmode_[m[Kâ€™ was not declared in this scope; did you mean â€˜[01m[Kmode_t[m[Kâ€™?
[5.816s]   250 |             [01;31m[Kmode_[m[K = Mode::MANUAL; // Chuyá»ƒn sang cháº¿ Ä‘á»™ MANUAL khi nháº­n UP/DOWN
[5.816s]       |             [01;31m[K^~~~~[m[K
[5.816s]       |             [32m[Kmode_t[m[K
[5.841s] [01m[K/home/ubuntu/Desktop/AK8064_ws_Jun/src/motor_driver/src/ControlMotor.cpp:253:9:[m[K [01;31m[Kerror: [m[Kâ€˜[01m[Klast_command_time_[m[Kâ€™ was not declared in this scope
[5.842s]   253 |         [01;31m[Klast_command_time_[m[K = node_->now();
[5.842s]       |         [01;31m[K^~~~~~~~~~~~~~~~~~[m[K
[5.854s] [01m[K/home/ubuntu/Desktop/AK8064_ws_Jun/src/motor_driver/src/ControlMotor.cpp:253:30:[m[K [01;31m[Kerror: [m[Kâ€˜[01m[Knode_[m[Kâ€™ was not declared in this scope; did you mean â€˜[01m[Kmode_t[m[Kâ€™?
[5.854s]   253 |         last_command_time_ = [01;31m[Knode_[m[K->now();
[5.854s]       |                              [01;31m[K^~~~~[m[K
[5.854s]       |                              [32m[Kmode_t[m[K
[5.874s] [01m[K/home/ubuntu/Desktop/AK8064_ws_Jun/src/motor_driver/src/ControlMotor.cpp:255:19:[m[K [01;31m[Kerror: [m[Kâ€˜[01m[Kcommand_map_[m[Kâ€™ was not declared in this scope
[5.874s]   255 |         auto it = [01;31m[Kcommand_map_[m[K.find(command);
[5.874s]       |                   [01;31m[K^~~~~~~~~~~~[m[K
[5.890s] In file included from [01m[K/opt/ros/humble/include/rclcpp/rclcpp/client.hpp:40[m[K,
[5.890s]                  from [01m[K/opt/ros/humble/include/rclcpp/rclcpp/callback_group.hpp:24[m[K,
[5.890s]                  from [01m[K/opt/ros/humble/include/rclcpp/rclcpp/any_executable.hpp:20[m[K,
[5.891s]                  from [01m[K/opt/ros/humble/include/rclcpp/rclcpp/memory_strategy.hpp:25[m[K,
[5.891s]                  from [01m[K/opt/ros/humble/include/rclcpp/rclcpp/memory_strategies.hpp:18[m[K,
[5.891s]                  from [01m[K/opt/ros/humble/include/rclcpp/rclcpp/executor_options.hpp:20[m[K,
[5.891s]                  from [01m[K/opt/ros/humble/include/rclcpp/rclcpp/executor.hpp:37[m[K,
[5.891s]                  from [01m[K/opt/ros/humble/include/rclcpp/rclcpp/executors/multi_threaded_executor.hpp:25[m[K,
[5.892s]                  from [01m[K/opt/ros/humble/include/rclcpp/rclcpp/executors.hpp:21[m[K,
[5.892s]                  from [01m[K/opt/ros/humble/include/rclcpp/rclcpp/rclcpp.hpp:155[m[K,
[5.892s]                  from [01m[K/home/ubuntu/Desktop/AK8064_ws_Jun/src/motor_driver/src/ControlMotor.cpp:5[m[K:
[5.892s] [01m[K/home/ubuntu/Desktop/AK8064_ws_Jun/src/motor_driver/src/ControlMotor.cpp:260:25:[m[K [01;31m[Kerror: [m[Kâ€˜[01m[Klogger_[m[Kâ€™ was not declared in this scope
[5.892s]   260 |             RCLCPP_WARN([01;31m[Klogger_[m[K, "%s", response.str().c_str());
[5.893s]       |                         [01;31m[K^~~~~~~[m[K
[5.893s] [01m[K/home/ubuntu/Desktop/AK8064_ws_Jun/src/motor_driver/src/ControlMotor.cpp:260:13:[m[K [01;31m[Kerror: [m[Ktemplate argument 1 is invalid
[5.893s]   260 |             [01;31m[KRCLCPP_WARN[m[K(logger_, "%s", response.str().c_str());
[5.893s]       |             [01;31m[K^~~~~~~~~~~[m[K
[5.893s] [01m[K/home/ubuntu/Desktop/AK8064_ws_Jun/src/motor_driver/src/ControlMotor.cpp:260:13:[m[K [01;31m[Kerror: [m[Ktemplate argument 1 is invalid
[5.893s]   260 |             [01;31m[KRCLCPP_WARN[m[K(logger_, "%s", response.str().c_str());
[5.894s]       |             [01;31m[K^~~~~~~~~~~[m[K
[5.894s] [01m[K/home/ubuntu/Desktop/AK8064_ws_Jun/src/motor_driver/src/ControlMotor.cpp:260:13:[m[K [01;31m[Kerror: [m[Ktemplate argument 1 is invalid
[5.894s]   260 |             [01;31m[KRCLCPP_WARN[m[K(logger_, "%s", response.str().c_str());
[5.894s]       |             [01;31m[K^~~~~~~~~~~[m[K
[5.912s] [01m[K/home/ubuntu/Desktop/AK8064_ws_Jun/src/motor_driver/src/ControlMotor.cpp:261:13:[m[K [01;31m[Kerror: [m[Kâ€˜[01m[Kstate_publisher_[m[Kâ€™ was not declared in this scope; did you mean â€˜[01m[KStatePublisher[m[Kâ€™?
[5.912s]   261 |             [01;31m[Kstate_publisher_[m[K.publishResponse(response.str());
[5.912s]       |             [01;31m[K^~~~~~~~~~~~~~~~[m[K
[5.913s]       |             [32m[KStatePublisher[m[K
[5.930s] [01m[K/home/ubuntu/Desktop/AK8064_ws_Jun/src/motor_driver/src/ControlMotor.cpp:[m[K In member function â€˜[01m[Kvirtual void MotorController::control(const MotorData&)[m[Kâ€™:
[5.930s] [01m[K/home/ubuntu/Desktop/AK8064_ws_Jun/src/motor_driver/src/ControlMotor.cpp:266:9:[m[K [01;31m[Kerror: [m[Kâ€˜[01m[Klast_data_[m[Kâ€™ was not declared in this scope
[5.931s]   266 |         [01;31m[Klast_data_[m[K = data;
[5.931s]       |         [01;31m[K^~~~~~~~~~[m[K
[5.943s] [01m[K/home/ubuntu/Desktop/AK8064_ws_Jun/src/motor_driver/src/ControlMotor.cpp:267:42:[m[K [01;31m[Kerror: [m[Kâ€˜[01m[Kstate_[m[Kâ€™ was not declared in this scope; did you mean â€˜[01m[KState[m[Kâ€™?
[5.943s]   267 |       last_data_.state = stateToString([01;31m[Kstate_[m[K);
[5.944s]       |                                        [01;31m[K^~~~~~[m[K
[5.944s]       |                                        [32m[KState[m[K
[5.960s] [01m[K/home/ubuntu/Desktop/AK8064_ws_Jun/src/motor_driver/src/ControlMotor.cpp:269:14:[m[K [01;31m[Kerror: [m[Kâ€˜[01m[Ksafety_checker_[m[Kâ€™ was not declared in this scope; did you mean â€˜[01m[KSafetyChecker[m[Kâ€™?
[5.960s]   269 |         if (![01;31m[Ksafety_checker_[m[K.check(data, logger_)) {
[5.960s]       |              [01;31m[K^~~~~~~~~~~~~~~[m[K
[5.961s]       |              [32m[KSafetyChecker[m[K
[5.974s] [01m[K/home/ubuntu/Desktop/AK8064_ws_Jun/src/motor_driver/src/ControlMotor.cpp:269:42:[m[K [01;31m[Kerror: [m[Kâ€˜[01m[Klogger_[m[Kâ€™ was not declared in this scope
[5.974s]   269 |    if (!safety_checker_.check(data, [01;31m[Klogger_[m[K)) {
[5.974s]       |                                     [01;31m[K^~~~~~~[m[K
[5.975s] 
[5.991s] [01m[K/home/ubuntu/Desktop/AK8064_ws_Jun/src/motor_driver/src/ControlMotor.cpp:271:13:[m[K [01;31m[Kerror: [m[Kâ€˜[01m[KtransitionTo[m[Kâ€™ was not declared in this scope
[5.991s]   271 |             [01;31m[KtransitionTo[m[K(State::ERROR);
[5.991s]       |             [01;31m[K^~~~~~~~~~~~[m[K
[6.007s] [01m[K/home/ubuntu/Desktop/AK8064_ws_Jun/src/motor_driver/src/ControlMotor.cpp:275:9:[m[K [01;31m[Kerror: [m[Kâ€˜[01m[Kstate_publisher_[m[Kâ€™ was not declared in this scope; did you mean â€˜[01m[KStatePublisher[m[Kâ€™?
[6.007s]   275 |         [01;31m[Kstate_publisher_[m[K.publish(last_data_, target_reached_);
[6.007s]       |         [01;31m[K^~~~~~~~~~~~~~~~[m[K
[6.008s]       |         [32m[KStatePublisher[m[K
[6.025s] [01m[K/home/ubuntu/Desktop/AK8064_ws_Jun/src/motor_driver/src/ControlMotor.cpp:275:46:[m[K [01;31m[Kerror: [m[Kâ€˜[01m[Ktarget_reached_[m[Kâ€™ was not declared in this scope; did you mean â€˜[01m[KisTargetReached[m[Kâ€™?
[6.025s]   275 | tate_publisher_.publish(last_data_, [01;31m[Ktarget_reached_[m[K);
[6.025s]       |                                     [01;31m[K^~~~~~~~~~~~~~~[m[K
[6.025s]       |                                     [32m[KisTargetReached[m[K
[6.043s] [01m[K/home/ubuntu/Desktop/AK8064_ws_Jun/src/motor_driver/src/ControlMotor.cpp:291:17:[m[K [01;31m[Kerror: [m[Kâ€˜[01m[KhandleStopped[m[Kâ€™ was not declared in this scope
[6.043s]   291 |                 [01;31m[KhandleStopped[m[K(data);
[6.044s]       |                 [01;31m[K^~~~~~~~~~~~~[m[K
[6.059s] [01m[K/home/ubuntu/Desktop/AK8064_ws_Jun/src/motor_driver/src/ControlMotor.cpp:294:17:[m[K [01;31m[Kerror: [m[Kâ€˜[01m[KhandleError[m[Kâ€™ was not declared in this scope
[6.060s]   294 |                 [01;31m[KhandleError[m[K(data);
[6.060s]       |                 [01;31m[K^~~~~~~~~~~[m[K
[6.072s] In file included from [01m[K/opt/ros/humble/include/rclcpp/rclcpp/client.hpp:40[m[K,
[6.073s]                  from [01m[K/opt/ros/humble/include/rclcpp/rclcpp/callback_group.hpp:24[m[K,
[6.073s]                  from [01m[K/opt/ros/humble/include/rclcpp/rclcpp/any_executable.hpp:20[m[K,
[6.073s]                  from [01m[K/opt/ros/humble/include/rclcpp/rclcpp/memory_strategy.hpp:25[m[K,
[6.073s]                  from [01m[K/opt/ros/humble/include/rclcpp/rclcpp/memory_strategies.hpp:18[m[K,
[6.073s]                  from [01m[K/opt/ros/humble/include/rclcpp/rclcpp/executor_options.hpp:20[m[K,
[6.073s]                  from [01m[K/opt/ros/humble/include/rclcpp/rclcpp/executor.hpp:37[m[K,
[6.073s]                  from [01m[K/opt/ros/humble/include/rclcpp/rclcpp/executors/multi_threaded_executor.hpp:25[m[K,
[6.073s]                  from [01m[K/opt/ros/humble/include/rclcpp/rclcpp/executors.hpp:21[m[K,
[6.073s]                  from [01m[K/opt/ros/humble/include/rclcpp/rclcpp/rclcpp.hpp:155[m[K,
[6.074s]                  from [01m[K/home/ubuntu/Desktop/AK8064_ws_Jun/src/motor_driver/src/ControlMotor.cpp:5[m[K:
[6.074s] [01m[K/home/ubuntu/Desktop/AK8064_ws_Jun/src/motor_driver/src/ControlMotor.cpp:[m[K In member function â€˜[01m[Kvirtual void MotorController::setParameters(const std::vector<rcl_interfaces::msg::Parameter_<std::allocator<void> >, std::allocator<rcl_interfaces::msg::Parameter_<std::allocator<void> > > >&)[m[Kâ€™:
[6.074s] [01m[K/home/ubuntu/Desktop/AK8064_ws_Jun/src/motor_driver/src/ControlMotor.cpp:300:21:[m[K [01;31m[Kerror: [m[Kâ€˜[01m[Klogger_[m[Kâ€™ was not declared in this scope
[6.074s]   300 |         RCLCPP_INFO([01;31m[Klogger_[m[K, "Motor 0x%02X: Received set_parameters request with %zu parameters",
[6.074s]       |                     [01;31m[K^~~~~~~[m[K
[6.074s] [01m[K/home/ubuntu/Desktop/AK8064_ws_Jun/src/motor_driver/src/ControlMotor.cpp:300:9:[m[K [01;31m[Kerror: [m[Ktemplate argument 1 is invalid
[6.074s]   300 |         [01;31m[KRCLCPP_INFO[m[K(logger_, "Motor 0x%02X: Received set_parameters request with %zu parameters",
[6.074s]       |         [01;31m[K^~~~~~~~~~~[m[K
[6.074s] [01m[K/home/ubuntu/Desktop/AK8064_ws_Jun/src/motor_driver/src/ControlMotor.cpp:300:9:[m[K [01;31m[Kerror: [m[Ktemplate argument 1 is invalid
[6.075s]   300 |         [01;31m[KRCLCPP_INFO[m[K(logger_, "Motor 0x%02X: Received set_parameters request with %zu parameters",
[6.075s]       |         [01;31m[K^~~~~~~~~~~[m[K
[6.075s] [01m[K/home/ubuntu/Desktop/AK8064_ws_Jun/src/motor_driver/src/ControlMotor.cpp:300:9:[m[K [01;31m[Kerror: [m[Ktemplate argument 1 is invalid
[6.075s]   300 |         [01;31m[KRCLCPP_INFO[m[K(logger_, "Motor 0x%02X: Received set_parameters request with %zu parameters",
[6.075s]       |         [01;31m[K^~~~~~~~~~~[m[K
[6.089s] In file included from [01m[K/opt/ros/humble/include/rclcpp/rclcpp/logging.hpp:24[m[K,
[6.089s]                  from [01m[K/opt/ros/humble/include/rclcpp/rclcpp/client.hpp:40[m[K,
[6.090s]                  from [01m[K/opt/ros/humble/include/rclcpp/rclcpp/callback_group.hpp:24[m[K,
[6.090s]                  from [01m[K/opt/ros/humble/include/rclcpp/rclcpp/any_executable.hpp:20[m[K,
[6.090s]                  from [01m[K/opt/ros/humble/include/rclcpp/rclcpp/memory_strategy.hpp:25[m[K,
[6.090s]                  from [01m[K/opt/ros/humble/include/rclcpp/rclcpp/memory_strategies.hpp:18[m[K,
[6.090s]                  from [01m[K/opt/ros/humble/include/rclcpp/rclcpp/executor_options.hpp:20[m[K,
[6.090s]                  from [01m[K/opt/ros/humble/include/rclcpp/rclcpp/executor.hpp:37[m[K,
[6.090s]                  from [01m[K/opt/ros/humble/include/rclcpp/rclcpp/executors/multi_threaded_executor.hpp:25[m[K,
[6.090s]                  from [01m[K/opt/ros/humble/include/rclcpp/rclcpp/executors.hpp:21[m[K,
[6.090s]                  from [01m[K/opt/ros/humble/include/rclcpp/rclcpp/rclcpp.hpp:155[m[K,
[6.091s]                  from [01m[K/home/ubuntu/Desktop/AK8064_ws_Jun/src/motor_driver/src/ControlMotor.cpp:5[m[K:
[6.091s] [01m[K/home/ubuntu/Desktop/AK8064_ws_Jun/src/motor_driver/src/ControlMotor.cpp:301:21:[m[K [01;31m[Kerror: [m[Kâ€˜[01m[Kmotor_id_[m[Kâ€™ was not declared in this scope; did you mean â€˜[01m[KmotorId[m[Kâ€™?
[6.091s]   301 |                     [01;31m[Kmotor_id_[m[K, parameters.size());
[6.091s]       |                     [01;31m[K^~~~~~~~~[m[K
[6.108s] [01m[K/home/ubuntu/Desktop/AK8064_ws_Jun/src/motor_driver/src/ControlMotor.cpp:302:14:[m[K [01;31m[Kerror: [m[Kâ€˜[01m[Kis_origin_set_[m[Kâ€™ was not declared in this scope; did you mean â€˜[01m[KisOriginSet[m[Kâ€™?
[6.109s]   302 |         if (![01;31m[Kis_origin_set_[m[K) {
[6.109s]       |              [01;31m[K^~~~~~~~~~~~~~[m[K
[6.109s]       |              [32m[KisOriginSet[m[K
[6.122s] In file included from [01m[K/opt/ros/humble/include/rclcpp/rclcpp/client.hpp:40[m[K,
[6.123s]                  from [01m[K/opt/ros/humble/include/rclcpp/rclcpp/callback_group.hpp:24[m[K,
[6.123s]                  from [01m[K/opt/ros/humble/include/rclcpp/rclcpp/any_executable.hpp:20[m[K,
[6.123s]                  from [01m[K/opt/ros/humble/include/rclcpp/rclcpp/memory_strategy.hpp:25[m[K,
[6.123s]                  from [01m[K/opt/ros/humble/include/rclcpp/rclcpp/memory_strategies.hpp:18[m[K,
[6.123s]                  from [01m[K/opt/ros/humble/include/rclcpp/rclcpp/executor_options.hpp:20[m[K,
[6.124s]                  from [01m[K/opt/ros/humble/include/rclcpp/rclcpp/executor.hpp:37[m[K,
[6.124s]                  from [01m[K/opt/ros/humble/include/rclcpp/rclcpp/executors/multi_threaded_executor.hpp:25[m[K,
[6.124s]                  from [01m[K/opt/ros/humble/include/rclcpp/rclcpp/executors.hpp:21[m[K,
[6.124s]                  from [01m[K/opt/ros/humble/include/rclcpp/rclcpp/rclcpp.hpp:155[m[K,
[6.124s]                  from [01m[K/home/ubuntu/Desktop/AK8064_ws_Jun/src/motor_driver/src/ControlMotor.cpp:5[m[K:
[6.124s] [01m[K/home/ubuntu/Desktop/AK8064_ws_Jun/src/motor_driver/src/ControlMotor.cpp:303:25:[m[K [01;31m[Kerror: [m[Kâ€˜[01m[Klogger_[m[Kâ€™ was not declared in this scope
[6.125s]   303 |             RCLCPP_WARN([01;31m[Klogger_[m[K, "Motor 0x%02X: Cannot update parameters until origin is set!", motor_id_);
[6.125s]       |                         [01;31m[K^~~~~~~[m[K
[6.125s] [01m[K/home/ubuntu/Desktop/AK8064_ws_Jun/src/motor_driver/src/ControlMotor.cpp:303:13:[m[K [01;31m[Kerror: [m[Ktemplate argument 1 is invalid
[6.125s]   303 |             [01;31m[KRCLCPP_WARN[m[K(logger_, "Motor 0x%02X: Cannot update parameters until origin is set!", motor_id_);
[6.125s]       |             [01;31m[K^~~~~~~~~~~[m[K
[6.126s] [01m[K/home/ubuntu/Desktop/AK8064_ws_Jun/src/motor_driver/src/ControlMotor.cpp:303:13:[m[K [01;31m[Kerror: [m[Ktemplate argument 1 is invalid
[6.126s]   303 |             [01;31m[KRCLCPP_WARN[m[K(logger_, "Motor 0x%02X: Cannot update parameters until origin is set!", motor_id_);
[6.126s]       |             [01;31m[K^~~~~~~~~~~[m[K
[6.126s] [01m[K/home/ubuntu/Desktop/AK8064_ws_Jun/src/motor_driver/src/ControlMotor.cpp:303:13:[m[K [01;31m[Kerror: [m[Ktemplate argument 1 is invalid
[6.126s]   303 |             [01;31m[KRCLCPP_WARN[m[K(logger_, "Motor 0x%02X: Cannot update parameters until origin is set!", motor_id_);
[6.126s]       |             [01;31m[K^~~~~~~~~~~[m[K
[6.137s] In file included from [01m[K/opt/ros/humble/include/rclcpp/rclcpp/logging.hpp:24[m[K,
[6.137s]                  from [01m[K/opt/ros/humble/include/rclcpp/rclcpp/client.hpp:40[m[K,
[6.137s]                  from [01m[K/opt/ros/humble/include/rclcpp/rclcpp/callback_group.hpp:24[m[K,
[6.137s]                  from [01m[K/opt/ros/humble/include/rclcpp/rclcpp/any_executable.hpp:20[m[K,
[6.137s]                  from [01m[K/opt/ros/humble/include/rclcpp/rclcpp/memory_strategy.hpp:25[m[K,
[6.137s]                  from [01m[K/opt/ros/humble/include/rclcpp/rclcpp/memory_strategies.hpp:18[m[K,
[6.137s]                  from [01m[K/opt/ros/humble/include/rclcpp/rclcpp/executor_options.hpp:20[m[K,
[6.137s]                  from [01m[K/opt/ros/humble/include/rclcpp/rclcpp/executor.hpp:37[m[K,
[6.138s]                  from [01m[K/opt/ros/humble/include/rclcpp/rclcpp/executors/multi_threaded_executor.hpp:25[m[K,
[6.138s]                  from [01m[K/opt/ros/humble/include/rclcpp/rclcpp/executors.hpp:21[m[K,
[6.138s]                  from [01m[K/opt/ros/humble/include/rclcpp/rclcpp/rclcpp.hpp:155[m[K,
[6.138s]                  from [01m[K/home/ubuntu/Desktop/AK8064_ws_Jun/src/motor_driver/src/ControlMotor.cpp:5[m[K:
[6.138s] [01m[K/home/ubuntu/Desktop/AK8064_ws_Jun/src/motor_driver/src/ControlMotor.cpp:303:97:[m[K [01;31m[Kerror: [m[Kâ€˜[01m[Kmotor_id_[m[Kâ€™ was not declared in this scope; did you mean â€˜[01m[KmotorId[m[Kâ€™?
[6.138s]   303 | e parameters until origin is set!", [01;31m[Kmotor_id_[m[K);
[6.138s]       |                                     [01;31m[K^~~~~~~~~[m[K
[6.138s] 
[6.150s] [01m[K/home/ubuntu/Desktop/AK8064_ws_Jun/src/motor_driver/src/ControlMotor.cpp:309:27:[m[K [01;31m[Kerror: [m[Kâ€˜[01m[Kspeed_[m[Kâ€™ was not declared in this scope
[6.150s]   309 |         float new_speed = [01;31m[Kspeed_[m[K;
[6.150s]       |                           [01;31m[K^~~~~~[m[K
[6.161s] [01m[K/home/ubuntu/Desktop/AK8064_ws_Jun/src/motor_driver/src/ControlMotor.cpp:310:27:[m[K [01;31m[Kerror: [m[Kâ€˜[01m[Kaccel_[m[Kâ€™ was not declared in this scope; did you mean â€˜[01m[Kaccess[m[Kâ€™?
[6.162s]   310 |         float new_accel = [01;31m[Kaccel_[m[K;
[6.162s]       |                           [01;31m[K^~~~~~[m[K
[6.162s]       |                           [32m[Kaccess[m[K
[6.172s] [01m[K/home/ubuntu/Desktop/AK8064_ws_Jun/src/motor_driver/src/ControlMotor.cpp:311:24:[m[K [01;31m[Kerror: [m[Kâ€˜[01m[Kstep_[m[Kâ€™ was not declared in this scope
[6.173s]   311 |         int new_step = [01;31m[Kstep_[m[K;
[6.173s]       |                        [01;31m[K^~~~~[m[K
[6.185s] [01m[K/home/ubuntu/Desktop/AK8064_ws_Jun/src/motor_driver/src/ControlMotor.cpp:312:26:[m[K [01;31m[Kerror: [m[Kâ€˜[01m[Krepeat_[m[Kâ€™ was not declared in this scope
[6.186s]   312 |         int new_repeat = [01;31m[Krepeat_[m[K;
[6.186s]       |                          [01;31m[K^~~~~~~[m[K
[6.200s] In file included from [01m[K/opt/ros/humble/include/rclcpp/rclcpp/client.hpp:40[m[K,
[6.200s]                  from [01m[K/opt/ros/humble/include/rclcpp/rclcpp/callback_group.hpp:24[m[K,
[6.201s]                  from [01m[K/opt/ros/humble/include/rclcpp/rclcpp/any_executable.hpp:20[m[K,
[6.201s]                  from [01m[K/opt/ros/humble/include/rclcpp/rclcpp/memory_strategy.hpp:25[m[K,
[6.201s]                  from [01m[K/opt/ros/humble/include/rclcpp/rclcpp/memory_strategies.hpp:18[m[K,
[6.201s]                  from [01m[K/opt/ros/humble/include/rclcpp/rclcpp/executor_options.hpp:20[m[K,
[6.201s]                  from [01m[K/opt/ros/humble/include/rclcpp/rclcpp/executor.hpp:37[m[K,
[6.202s]                  from [01m[K/opt/ros/humble/include/rclcpp/rclcpp/executors/multi_threaded_executor.hpp:25[m[K,
[6.202s]                  from [01m[K/opt/ros/humble/include/rclcpp/rclcpp/executors.hpp:21[m[K,
[6.202s]                  from [01m[K/opt/ros/humble/include/rclcpp/rclcpp/rclcpp.hpp:155[m[K,
[6.202s]                  from [01m[K/home/ubuntu/Desktop/AK8064_ws_Jun/src/motor_driver/src/ControlMotor.cpp:5[m[K:
[6.202s] [01m[K/home/ubuntu/Desktop/AK8064_ws_Jun/src/motor_driver/src/ControlMotor.cpp:316:25:[m[K [01;31m[Kerror: [m[Kâ€˜[01m[Klogger_[m[Kâ€™ was not declared in this scope
[6.202s]   316 |             RCLCPP_INFO([01;31m[Klogger_[m[K, "Motor 0x%02X: Processing parameter: %s", motor_id_, param.name.c_str());
[6.203s]       |                         [01;31m[K^~~~~~~[m[K
[6.203s] [01m[K/home/ubuntu/Desktop/AK8064_ws_Jun/src/motor_driver/src/ControlMotor.cpp:316:13:[m[K [01;31m[Kerror: [m[Ktemplate argument 1 is invalid
[6.203s]   316 |             [01;31m[KRCLCPP_INFO[m[K(logger_, "Motor 0x%02X: Processing parameter: %s", motor_id_, param.name.c_str());
[6.203s]       |             [01;31m[K^~~~~~~~~~~[m[K
[6.203s] [01m[K/home/ubuntu/Desktop/AK8064_ws_Jun/src/motor_driver/src/ControlMotor.cpp:316:13:[m[K [01;31m[Kerror: [m[Ktemplate argument 1 is invalid
[6.203s]   316 |             [01;31m[KRCLCPP_INFO[m[K(logger_, "Motor 0x%02X: Processing parameter: %s", motor_id_, param.name.c_str());
[6.204s]       |             [01;31m[K^~~~~~~~~~~[m[K
[6.204s] [01m[K/home/ubuntu/Desktop/AK8064_ws_Jun/src/motor_driver/src/ControlMotor.cpp:316:13:[m[K [01;31m[Kerror: [m[Ktemplate argument 1 is invalid
[6.204s]   316 |             [01;31m[KRCLCPP_INFO[m[K(logger_, "Motor 0x%02X: Processing parameter: %s", motor_id_, param.name.c_str());
[6.204s]       |             [01;31m[K^~~~~~~~~~~[m[K
[6.216s] In file included from [01m[K/opt/ros/humble/include/rclcpp/rclcpp/logging.hpp:24[m[K,
[6.216s]                  from [01m[K/opt/ros/humble/include/rclcpp/rclcpp/client.hpp:40[m[K,
[6.217s]                  from [01m[K/opt/ros/humble/include/rclcpp/rclcpp/callback_group.hpp:24[m[K,
[6.217s]                  from [01m[K/opt/ros/humble/include/rclcpp/rclcpp/any_executable.hpp:20[m[K,
[6.217s]                  from [01m[K/opt/ros/humble/include/rclcpp/rclcpp/memory_strategy.hpp:25[m[K,
[6.217s]                  from [01m[K/opt/ros/humble/include/rclcpp/rclcpp/memory_strategies.hpp:18[m[K,
[6.217s]                  from [01m[K/opt/ros/humble/include/rclcpp/rclcpp/executor_options.hpp:20[m[K,
[6.218s]                  from [01m[K/opt/ros/humble/include/rclcpp/rclcpp/executor.hpp:37[m[K,
[6.218s]                  from [01m[K/opt/ros/humble/include/rclcpp/rclcpp/executors/multi_threaded_executor.hpp:25[m[K,
[6.218s]                  from [01m[K/opt/ros/humble/include/rclcpp/rclcpp/executors.hpp:21[m[K,
[6.218s]                  from [01m[K/opt/ros/humble/include/rclcpp/rclcpp/rclcpp.hpp:155[m[K,
[6.218s]                  from [01m[K/home/ubuntu/Desktop/AK8064_ws_Jun/src/motor_driver/src/ControlMotor.cpp:5[m[K:
[6.218s] [01m[K/home/ubuntu/Desktop/AK8064_ws_Jun/src/motor_driver/src/ControlMotor.cpp:316:76:[m[K [01;31m[Kerror: [m[Kâ€˜[01m[Kmotor_id_[m[Kâ€™ was not declared in this scope; did you mean â€˜[01m[KmotorId[m[Kâ€™?
[6.219s]   316 |  0x%02X: Processing parameter: %s", [01;31m[Kmotor_id_[m[K, param.name.c_str());
[6.219s]       |                                     [01;31m[K^~~~~~~~~[m[K
[6.219s] 
[6.232s] In file included from [01m[K/opt/ros/humble/include/rclcpp/rclcpp/client.hpp:40[m[K,
[6.233s]                  from [01m[K/opt/ros/humble/include/rclcpp/rclcpp/callback_group.hpp:24[m[K,
[6.233s]                  from [01m[K/opt/ros/humble/include/rclcpp/rclcpp/any_executable.hpp:20[m[K,
[6.233s]                  from [01m[K/opt/ros/humble/include/rclcpp/rclcpp/memory_strategy.hpp:25[m[K,
[6.233s]                  from [01m[K/opt/ros/humble/include/rclcpp/rclcpp/memory_strategies.hpp:18[m[K,
[6.233s]                  from [01m[K/opt/ros/humble/include/rclcpp/rclcpp/executor_options.hpp:20[m[K,
[6.233s]                  from [01m[K/opt/ros/humble/include/rclcpp/rclcpp/executor.hpp:37[m[K,
[6.233s]                  from [01m[K/opt/ros/humble/include/rclcpp/rclcpp/executors/multi_threaded_executor.hpp:25[m[K,
[6.234s]                  from [01m[K/opt/ros/humble/include/rclcpp/rclcpp/executors.hpp:21[m[K,
[6.234s]                  from [01m[K/opt/ros/humble/include/rclcpp/rclcpp/rclcpp.hpp:155[m[K,
[6.234s]                  from [01m[K/home/ubuntu/Desktop/AK8064_ws_Jun/src/motor_driver/src/ControlMotor.cpp:5[m[K:
[6.234s] [01m[K/home/ubuntu/Desktop/AK8064_ws_Jun/src/motor_driver/src/ControlMotor.cpp:320:34:[m[K [01;31m[Kerror: [m[Kâ€˜[01m[Klogger_[m[Kâ€™ was not declared in this scope
[6.234s]   320 |                     RCLCPP_ERROR([01;31m[Klogger_[m[K, "Motor 0x%02X: Empty target_positions received!", motor_id_);
[6.234s]       |                                  [01;31m[K^~~~~~~[m[K
[6.234s] [01m[K/home/ubuntu/Desktop/AK8064_ws_Jun/src/motor_driver/src/ControlMotor.cpp:320:21:[m[K [01;31m[Kerror: [m[Ktemplate argument 1 is invalid
[6.235s]   320 |                     [01;31m[KRCLCPP_ERROR[m[K(logger_, "Motor 0x%02X: Empty target_positions received!", motor_id_);
[6.235s]       |                     [01;31m[K^~~~~~~~~~~~[m[K
[6.235s] [01m[K/home/ubuntu/Desktop/AK8064_ws_Jun/src/motor_driver/src/ControlMotor.cpp:320:21:[m[K [01;31m[Kerror: [m[Ktemplate argument 1 is invalid
[6.235s]   320 |                     [01;31m[KRCLCPP_ERROR[m[K(logger_, "Motor 0x%02X: Empty target_positions received!", motor_id_);
[6.235s]       |                     [01;31m[K^~~~~~~~~~~~[m[K
[6.235s] [01m[K/home/ubuntu/Desktop/AK8064_ws_Jun/src/motor_driver/src/ControlMotor.cpp:320:21:[m[K [01;31m[Kerror: [m[Ktemplate argument 1 is invalid
[6.236s]   320 |                     [01;31m[KRCLCPP_ERROR[m[K(logger_, "Motor 0x%02X: Empty target_positions received!", motor_id_);
[6.236s]       |                     [01;31m[K^~~~~~~~~~~~[m[K
[6.248s] In file included from [01m[K/opt/ros/humble/include/rclcpp/rclcpp/logging.hpp:24[m[K,
[6.249s]                  from [01m[K/opt/ros/humble/include/rclcpp/rclcpp/client.hpp:40[m[K,
[6.249s]                  from [01m[K/opt/ros/humble/include/rclcpp/rclcpp/callback_group.hpp:24[m[K,
[6.249s]                  from [01m[K/opt/ros/humble/include/rclcpp/rclcpp/any_executable.hpp:20[m[K,
[6.249s]                  from [01m[K/opt/ros/humble/include/rclcpp/rclcpp/memory_strategy.hpp:25[m[K,
[6.250s]                  from [01m[K/opt/ros/humble/include/rclcpp/rclcpp/memory_strategies.hpp:18[m[K,
[6.250s]                  from [01m[K/opt/ros/humble/include/rclcpp/rclcpp/executor_options.hpp:20[m[K,
[6.250s]                  from [01m[K/opt/ros/humble/include/rclcpp/rclcpp/executor.hpp:37[m[K,
[6.250s]                  from [01m[K/opt/ros/humble/include/rclcpp/rclcpp/executors/multi_threaded_executor.hpp:25[m[K,
[6.250s]                  from [01m[K/opt/ros/humble/include/rclcpp/rclcpp/executors.hpp:21[m[K,
[6.250s]                  from [01m[K/opt/ros/humble/include/rclcpp/rclcpp/rclcpp.hpp:155[m[K,
[6.251s]                  from [01m[K/home/ubuntu/Desktop/AK8064_ws_Jun/src/motor_driver/src/ControlMotor.cpp:5[m[K:
[6.251s] [01m[K/home/ubuntu/Desktop/AK8064_ws_Jun/src/motor_driver/src/ControlMotor.cpp:320:93:[m[K [01;31m[Kerror: [m[Kâ€˜[01m[Kmotor_id_[m[Kâ€™ was not declared in this scope; did you mean â€˜[01m[KmotorId[m[Kâ€™?
[6.251s]   320 |  Empty target_positions received!", [01;31m[Kmotor_id_[m[K);
[6.251s]       |                                     [01;31m[K^~~~~~~~~[m[K
[6.251s] 
[6.272s] [01m[K/home/ubuntu/Desktop/AK8064_ws_Jun/src/motor_driver/src/ControlMotor.cpp:323:17:[m[K [01;31m[Kerror: [m[Kâ€˜[01m[KvalidatePositions[m[Kâ€™ was not declared in this scope
[6.273s]   323 |                 [01;31m[KvalidatePositions[m[K(temp_positions);
[6.273s]       |                 [01;31m[K^~~~~~~~~~~~~~~~~[m[K
[6.284s] [01m[K/home/ubuntu/Desktop/AK8064_ws_Jun/src/motor_driver/src/ControlMotor.cpp:325:17:[m[K [01;31m[Kerror: [m[Kâ€˜[01m[Kmode_[m[Kâ€™ was not declared in this scope; did you mean â€˜[01m[Kmode_t[m[Kâ€™?
[6.285s]   325 |                 [01;31m[Kmode_[m[K = Mode::AUTO; // Chuyá»ƒn sang AUTO khi nháº­n target_positions
[6.285s]       |                 [01;31m[K^~~~~[m[K
[6.285s]       |                 [32m[Kmode_t[m[K
[6.300s] In file included from [01m[K/opt/ros/humble/include/rclcpp/rclcpp/client.hpp:40[m[K,
[6.300s]                  from [01m[K/opt/ros/humble/include/rclcpp/rclcpp/callback_group.hpp:24[m[K,
[6.300s]                  from [01m[K/opt/ros/humble/include/rclcpp/rclcpp/any_executable.hpp:20[m[K,
[6.300s]                  from [01m[K/opt/ros/humble/include/rclcpp/rclcpp/memory_strategy.hpp:25[m[K,
[6.300s]                  from [01m[K/opt/ros/humble/include/rclcpp/rclcpp/memory_strategies.hpp:18[m[K,
[6.300s]                  from [01m[K/opt/ros/humble/include/rclcpp/rclcpp/executor_options.hpp:20[m[K,
[6.300s]                  from [01m[K/opt/ros/humble/include/rclcpp/rclcpp/executor.hpp:37[m[K,
[6.301s]                  from [01m[K/opt/ros/humble/include/rclcpp/rclcpp/executors/multi_threaded_executor.hpp:25[m[K,
[6.301s]                  from [01m[K/opt/ros/humble/include/rclcpp/rclcpp/executors.hpp:21[m[K,
[6.301s]                  from [01m[K/opt/ros/humble/include/rclcpp/rclcpp/rclcpp.hpp:155[m[K,
[6.301s]                  from [01m[K/home/ubuntu/Desktop/AK8064_ws_Jun/src/motor_driver/src/ControlMotor.cpp:5[m[K:
[6.301s] [01m[K/home/ubuntu/Desktop/AK8064_ws_Jun/src/motor_driver/src/ControlMotor.cpp:328:29:[m[K [01;31m[Kerror: [m[Kâ€˜[01m[Klogger_[m[Kâ€™ was not declared in this scope
[6.301s]   328 |                 RCLCPP_INFO([01;31m[Klogger_[m[K, "Motor 0x%02X: Updated speed: %.2f", motor_id_, new_speed);
[6.301s]       |                             [01;31m[K^~~~~~~[m[K
[6.302s] [01m[K/home/ubuntu/Desktop/AK8064_ws_Jun/src/motor_driver/src/ControlMotor.cpp:328:17:[m[K [01;31m[Kerror: [m[Ktemplate argument 1 is invalid
[6.302s]   328 |                 [01;31m[KRCLCPP_INFO[m[K(logger_, "Motor 0x%02X: Updated speed: %.2f", motor_id_, new_speed);
[6.302s]       |                 [01;31m[K^~~~~~~~~~~[m[K
[6.302s] [01m[K/home/ubuntu/Desktop/AK8064_ws_Jun/src/motor_driver/src/ControlMotor.cpp:328:17:[m[K [01;31m[Kerror: [m[Ktemplate argument 1 is invalid
[6.302s]   328 |                 [01;31m[KRCLCPP_INFO[m[K(logger_, "Motor 0x%02X: Updated speed: %.2f", motor_id_, new_speed);
[6.302s]       |                 [01;31m[K^~~~~~~~~~~[m[K
[6.302s] [01m[K/home/ubuntu/Desktop/AK8064_ws_Jun/src/motor_driver/src/ControlMotor.cpp:328:17:[m[K [01;31m[Kerror: [m[Ktemplate argument 1 is invalid
[6.302s]   328 |                 [01;31m[KRCLCPP_INFO[m[K(logger_, "Motor 0x%02X: Updated speed: %.2f", motor_id_, new_speed);
[6.303s]       |                 [01;31m[K^~~~~~~~~~~[m[K
[6.314s] In file included from [01m[K/opt/ros/humble/include/rclcpp/rclcpp/logging.hpp:24[m[K,
[6.314s]                  from [01m[K/opt/ros/humble/include/rclcpp/rclcpp/client.hpp:40[m[K,
[6.315s]                  from [01m[K/opt/ros/humble/include/rclcpp/rclcpp/callback_group.hpp:24[m[K,
[6.315s]                  from [01m[K/opt/ros/humble/include/rclcpp/rclcpp/any_executable.hpp:20[m[K,
[6.315s]                  from [01m[K/opt/ros/humble/include/rclcpp/rclcpp/memory_strategy.hpp:25[m[K,
[6.315s]                  from [01m[K/opt/ros/humble/include/rclcpp/rclcpp/memory_strategies.hpp:18[m[K,
[6.315s]                  from [01m[K/opt/ros/humble/include/rclcpp/rclcpp/executor_options.hpp:20[m[K,
[6.315s]                  from [01m[K/opt/ros/humble/include/rclcpp/rclcpp/executor.hpp:37[m[K,
[6.316s]                  from [01m[K/opt/ros/humble/include/rclcpp/rclcpp/executors/multi_threaded_executor.hpp:25[m[K,
[6.316s]                  from [01m[K/opt/ros/humble/include/rclcpp/rclcpp/executors.hpp:21[m[K,
[6.316s]                  from [01m[K/opt/ros/humble/include/rclcpp/rclcpp/rclcpp.hpp:155[m[K,
[6.316s]                  from [01m[K/home/ubuntu/Desktop/AK8064_ws_Jun/src/motor_driver/src/ControlMotor.cpp:5[m[K:
[6.316s] [01m[K/home/ubuntu/Desktop/AK8064_ws_Jun/src/motor_driver/src/ControlMotor.cpp:328:75:[m[K [01;31m[Kerror: [m[Kâ€˜[01m[Kmotor_id_[m[Kâ€™ was not declared in this scope; did you mean â€˜[01m[KmotorId[m[Kâ€™?
[6.316s]   328 | Motor 0x%02X: Updated speed: %.2f", [01;31m[Kmotor_id_[m[K, new_speed);
[6.316s]       |                                     [01;31m[K^~~~~~~~~[m[K
[6.317s] 
[6.329s] In file included from [01m[K/opt/ros/humble/include/rclcpp/rclcpp/client.hpp:40[m[K,
[6.329s]                  from [01m[K/opt/ros/humble/include/rclcpp/rclcpp/callback_group.hpp:24[m[K,
[6.329s]                  from [01m[K/opt/ros/humble/include/rclcpp/rclcpp/any_executable.hpp:20[m[K,
[6.329s]                  from [01m[K/opt/ros/humble/include/rclcpp/rclcpp/memory_strategy.hpp:25[m[K,
[6.329s]                  from [01m[K/opt/ros/humble/include/rclcpp/rclcpp/memory_strategies.hpp:18[m[K,
[6.329s]                  from [01m[K/opt/ros/humble/include/rclcpp/rclcpp/executor_options.hpp:20[m[K,
[6.330s]                  from [01m[K/opt/ros/humble/include/rclcpp/rclcpp/executor.hpp:37[m[K,
[6.330s]                  from [01m[K/opt/ros/humble/include/rclcpp/rclcpp/executors/multi_threaded_executor.hpp:25[m[K,
[6.330s]                  from [01m[K/opt/ros/humble/include/rclcpp/rclcpp/executors.hpp:21[m[K,
[6.330s]                  from [01m[K/opt/ros/humble/include/rclcpp/rclcpp/rclcpp.hpp:155[m[K,
[6.330s]                  from [01m[K/home/ubuntu/Desktop/AK8064_ws_Jun/src/motor_driver/src/ControlMotor.cpp:5[m[K:
[6.331s] [01m[K/home/ubuntu/Desktop/AK8064_ws_Jun/src/motor_driver/src/ControlMotor.cpp:331:29:[m[K [01;31m[Kerror: [m[Kâ€˜[01m[Klogger_[m[Kâ€™ was not declared in this scope
[6.331s]   331 |                 RCLCPP_INFO([01;31m[Klogger_[m[K, "Motor 0x%02X: Updated accel: %.2f", motor_id_, new_accel);
[6.331s]       |                             [01;31m[K^~~~~~~[m[K
[6.331s] [01m[K/home/ubuntu/Desktop/AK8064_ws_Jun/src/motor_driver/src/ControlMotor.cpp:331:17:[m[K [01;31m[Kerror: [m[Ktemplate argument 1 is invalid
[6.331s]   331 |                 [01;31m[KRCLCPP_INFO[m[K(logger_, "Motor 0x%02X: Updated accel: %.2f", motor_id_, new_accel);
[6.332s]       |                 [01;31m[K^~~~~~~~~~~[m[K
[6.332s] [01m[K/home/ubuntu/Desktop/AK8064_ws_Jun/src/motor_driver/src/ControlMotor.cpp:331:17:[m[K [01;31m[Kerror: [m[Ktemplate argument 1 is invalid
[6.332s]   331 |                 [01;31m[KRCLCPP_INFO[m[K(logger_, "Motor 0x%02X: Updated accel: %.2f", motor_id_, new_accel);
[6.332s]       |                 [01;31m[K^~~~~~~~~~~[m[K
[6.332s] [01m[K/home/ubuntu/Desktop/AK8064_ws_Jun/src/motor_driver/src/ControlMotor.cpp:331:17:[m[K [01;31m[Kerror: [m[Ktemplate argument 1 is invalid
[6.332s]   331 |                 [01;31m[KRCLCPP_INFO[m[K(logger_, "Motor 0x%02X: Updated accel: %.2f", motor_id_, new_accel);
[6.333s]       |                 [01;31m[K^~~~~~~~~~~[m[K
[6.347s] In file included from [01m[K/opt/ros/humble/include/rclcpp/rclcpp/logging.hpp:24[m[K,
[6.347s]                  from [01m[K/opt/ros/humble/include/rclcpp/rclcpp/client.hpp:40[m[K,
[6.347s]                  from [01m[K/opt/ros/humble/include/rclcpp/rclcpp/callback_group.hpp:24[m[K,
[6.347s]                  from [01m[K/opt/ros/humble/include/rclcpp/rclcpp/any_executable.hpp:20[m[K,
[6.347s]                  from [01m[K/opt/ros/humble/include/rclcpp/rclcpp/memory_strategy.hpp:25[m[K,
[6.347s]                  from [01m[K/opt/ros/humble/include/rclcpp/rclcpp/memory_strategies.hpp:18[m[K,
[6.347s]                  from [01m[K/opt/ros/humble/include/rclcpp/rclcpp/executor_options.hpp:20[m[K,
[6.347s]                  from [01m[K/opt/ros/humble/include/rclcpp/rclcpp/executor.hpp:37[m[K,
[6.348s]                  from [01m[K/opt/ros/humble/include/rclcpp/rclcpp/executors/multi_threaded_executor.hpp:25[m[K,
[6.348s]                  from [01m[K/opt/ros/humble/include/rclcpp/rclcpp/executors.hpp:21[m[K,
[6.348s]                  from [01m[K/opt/ros/humble/include/rclcpp/rclcpp/rclcpp.hpp:155[m[K,
[6.348s]                  from [01m[K/home/ubuntu/Desktop/AK8064_ws_Jun/src/motor_driver/src/ControlMotor.cpp:5[m[K:
[6.348s] [01m[K/home/ubuntu/Desktop/AK8064_ws_Jun/src/motor_driver/src/ControlMotor.cpp:331:75:[m[K [01;31m[Kerror: [m[Kâ€˜[01m[Kmotor_id_[m[Kâ€™ was not declared in this scope; did you mean â€˜[01m[KmotorId[m[Kâ€™?
[6.348s]   331 | Motor 0x%02X: Updated accel: %.2f", [01;31m[Kmotor_id_[m[K, new_accel);
[6.348s]       |                                     [01;31m[K^~~~~~~~~[m[K
[6.348s] 
[6.363s] In file included from [01m[K/opt/ros/humble/include/rclcpp/rclcpp/client.hpp:40[m[K,
[6.363s]                  from [01m[K/opt/ros/humble/include/rclcpp/rclcpp/callback_group.hpp:24[m[K,
[6.364s]                  from [01m[K/opt/ros/humble/include/rclcpp/rclcpp/any_executable.hpp:20[m[K,
[6.364s]                  from [01m[K/opt/ros/humble/include/rclcpp/rclcpp/memory_strategy.hpp:25[m[K,
[6.364s]                  from [01m[K/opt/ros/humble/include/rclcpp/rclcpp/memory_strategies.hpp:18[m[K,
[6.364s]                  from [01m[K/opt/ros/humble/include/rclcpp/rclcpp/executor_options.hpp:20[m[K,
[6.364s]                  from [01m[K/opt/ros/humble/include/rclcpp/rclcpp/executor.hpp:37[m[K,
[6.364s]                  from [01m[K/opt/ros/humble/include/rclcpp/rclcpp/executors/multi_threaded_executor.hpp:25[m[K,
[6.365s]                  from [01m[K/opt/ros/humble/include/rclcpp/rclcpp/executors.hpp:21[m[K,
[6.365s]                  from [01m[K/opt/ros/humble/include/rclcpp/rclcpp/rclcpp.hpp:155[m[K,
[6.365s]                  from [01m[K/home/ubuntu/Desktop/AK8064_ws_Jun/src/motor_driver/src/ControlMotor.cpp:5[m[K:
[6.365s] [01m[K/home/ubuntu/Desktop/AK8064_ws_Jun/src/motor_driver/src/ControlMotor.cpp:334:29:[m[K [01;31m[Kerror: [m[Kâ€˜[01m[Klogger_[m[Kâ€™ was not declared in this scope
[6.365s]   334 |                 RCLCPP_INFO([01;31m[Klogger_[m[K, "Motor 0x%02X: Updated step: %d", motor_id_, new_step);
[6.365s]       |                             [01;31m[K^~~~~~~[m[K
[6.365s] [01m[K/home/ubuntu/Desktop/AK8064_ws_Jun/src/motor_driver/src/ControlMotor.cpp:334:17:[m[K [01;31m[Kerror: [m[Ktemplate argument 1 is invalid
[6.366s]   334 |                 [01;31m[KRCLCPP_INFO[m[K(logger_, "Motor 0x%02X: Updated step: %d", motor_id_, new_step);
[6.366s]       |                 [01;31m[K^~~~~~~~~~~[m[K
[6.366s] [01m[K/home/ubuntu/Desktop/AK8064_ws_Jun/src/motor_driver/src/ControlMotor.cpp:334:17:[m[K [01;31m[Kerror: [m[Ktemplate argument 1 is invalid
[6.366s]   334 |                 [01;31m[KRCLCPP_INFO[m[K(logger_, "Motor 0x%02X: Updated step: %d", motor_id_, new_step);
[6.366s]       |                 [01;31m[K^~~~~~~~~~~[m[K
[6.367s] [01m[K/home/ubuntu/Desktop/AK8064_ws_Jun/src/motor_driver/src/ControlMotor.cpp:334:17:[m[K [01;31m[Kerror: [m[Ktemplate argument 1 is invalid
[6.367s]   334 |                 [01;31m[KRCLCPP_INFO[m[K(logger_, "Motor 0x%02X: Updated step: %d", motor_id_, new_step);
[6.367s]       |                 [01;31m[K^~~~~~~~~~~[m[K
[6.381s] In file included from [01m[K/opt/ros/humble/include/rclcpp/rclcpp/logging.hpp:24[m[K,
[6.381s]                  from [01m[K/opt/ros/humble/include/rclcpp/rclcpp/client.hpp:40[m[K,
[6.381s]                  from [01m[K/opt/ros/humble/include/rclcpp/rclcpp/callback_group.hpp:24[m[K,
[6.382s]                  from [01m[K/opt/ros/humble/include/rclcpp/rclcpp/any_executable.hpp:20[m[K,
[6.382s]                  from [01m[K/opt/ros/humble/include/rclcpp/rclcpp/memory_strategy.hpp:25[m[K,
[6.382s]                  from [01m[K/opt/ros/humble/include/rclcpp/rclcpp/memory_strategies.hpp:18[m[K,
[6.382s]                  from [01m[K/opt/ros/humble/include/rclcpp/rclcpp/executor_options.hpp:20[m[K,
[6.382s]                  from [01m[K/opt/ros/humble/include/rclcpp/rclcpp/executor.hpp:37[m[K,
[6.382s]                  from [01m[K/opt/ros/humble/include/rclcpp/rclcpp/executors/multi_threaded_executor.hpp:25[m[K,
[6.383s]                  from [01m[K/opt/ros/humble/include/rclcpp/rclcpp/executors.hpp:21[m[K,
[6.383s]                  from [01m[K/opt/ros/humble/include/rclcpp/rclcpp/rclcpp.hpp:155[m[K,
[6.383s]                  from [01m[K/home/ubuntu/Desktop/AK8064_ws_Jun/src/motor_driver/src/ControlMotor.cpp:5[m[K:
[6.383s] [01m[K/home/ubuntu/Desktop/AK8064_ws_Jun/src/motor_driver/src/ControlMotor.cpp:334:72:[m[K [01;31m[Kerror: [m[Kâ€˜[01m[Kmotor_id_[m[Kâ€™ was not declared in this scope; did you mean â€˜[01m[KmotorId[m[Kâ€™?
[6.384s]   334 | , "Motor 0x%02X: Updated step: %d", [01;31m[Kmotor_id_[m[K, new_step);
[6.384s]       |                                     [01;31m[K^~~~~~~~~[m[K
[6.384s] 
[6.397s] In file included from [01m[K/opt/ros/humble/include/rclcpp/rclcpp/client.hpp:40[m[K,
[6.397s]                  from [01m[K/opt/ros/humble/include/rclcpp/rclcpp/callback_group.hpp:24[m[K,
[6.398s]                  from [01m[K/opt/ros/humble/include/rclcpp/rclcpp/any_executable.hpp:20[m[K,
[6.398s]                  from [01m[K/opt/ros/humble/include/rclcpp/rclcpp/memory_strategy.hpp:25[m[K,
[6.398s]                  from [01m[K/opt/ros/humble/include/rclcpp/rclcpp/memory_strategies.hpp:18[m[K,
[6.398s]                  from [01m[K/opt/ros/humble/include/rclcpp/rclcpp/executor_options.hpp:20[m[K,
[6.398s]                  from [01m[K/opt/ros/humble/include/rclcpp/rclcpp/executor.hpp:37[m[K,
[6.398s]                  from [01m[K/opt/ros/humble/include/rclcpp/rclcpp/executors/multi_threaded_executor.hpp:25[m[K,
[6.398s]                  from [01m[K/opt/ros/humble/include/rclcpp/rclcpp/executors.hpp:21[m[K,
[6.399s]                  from [01m[K/opt/ros/humble/include/rclcpp/rclcpp/rclcpp.hpp:155[m[K,
[6.399s]                  from [01m[K/home/ubuntu/Desktop/AK8064_ws_Jun/src/motor_driver/src/ControlMotor.cpp:5[m[K:
[6.399s] [01m[K/home/ubuntu/Desktop/AK8064_ws_Jun/src/motor_driver/src/ControlMotor.cpp:337:29:[m[K [01;31m[Kerror: [m[Kâ€˜[01m[Klogger_[m[Kâ€™ was not declared in this scope
[6.399s]   337 |                 RCLCPP_INFO([01;31m[Klogger_[m[K, "Motor 0x%02X: Updated repeat: %d", motor_id_, new_repeat);
[6.399s]       |                             [01;31m[K^~~~~~~[m[K
[6.399s] [01m[K/home/ubuntu/Desktop/AK8064_ws_Jun/src/motor_driver/src/ControlMotor.cpp:337:17:[m[K [01;31m[Kerror: [m[Ktemplate argument 1 is invalid
[6.400s]   337 |                 [01;31m[KRCLCPP_INFO[m[K(logger_, "Motor 0x%02X: Updated repeat: %d", motor_id_, new_repeat);
[6.400s]       |                 [01;31m[K^~~~~~~~~~~[m[K
[6.400s] [01m[K/home/ubuntu/Desktop/AK8064_ws_Jun/src/motor_driver/src/ControlMotor.cpp:337:17:[m[K [01;31m[Kerror: [m[Ktemplate argument 1 is invalid
[6.400s]   337 |                 [01;31m[KRCLCPP_INFO[m[K(logger_, "Motor 0x%02X: Updated repeat: %d", motor_id_, new_repeat);
[6.400s]       |                 [01;31m[K^~~~~~~~~~~[m[K
[6.400s] [01m[K/home/ubuntu/Desktop/AK8064_ws_Jun/src/motor_driver/src/ControlMotor.cpp:337:17:[m[K [01;31m[Kerror: [m[Ktemplate argument 1 is invalid
[6.400s]   337 |                 [01;31m[KRCLCPP_INFO[m[K(logger_, "Motor 0x%02X: Updated repeat: %d", motor_id_, new_repeat);
[6.401s]       |                 [01;31m[K^~~~~~~~~~~[m[K
[6.415s] In file included from [01m[K/opt/ros/humble/include/rclcpp/rclcpp/logging.hpp:24[m[K,
[6.415s]                  from [01m[K/opt/ros/humble/include/rclcpp/rclcpp/client.hpp:40[m[K,
[6.415s]                  from [01m[K/opt/ros/humble/include/rclcpp/rclcpp/callback_group.hpp:24[m[K,
[6.415s]                  from [01m[K/opt/ros/humble/include/rclcpp/rclcpp/any_executable.hpp:20[m[K,
[6.416s]                  from [01m[K/opt/ros/humble/include/rclcpp/rclcpp/memory_strategy.hpp:25[m[K,
[6.416s]                  from [01m[K/opt/ros/humble/include/rclcpp/rclcpp/memory_strategies.hpp:18[m[K,
[6.416s]                  from [01m[K/opt/ros/humble/include/rclcpp/rclcpp/executor_options.hpp:20[m[K,
[6.416s]                  from [01m[K/opt/ros/humble/include/rclcpp/rclcpp/executor.hpp:37[m[K,
[6.416s]                  from [01m[K/opt/ros/humble/include/rclcpp/rclcpp/executors/multi_threaded_executor.hpp:25[m[K,
[6.416s]                  from [01m[K/opt/ros/humble/include/rclcpp/rclcpp/executors.hpp:21[m[K,
[6.417s]                  from [01m[K/opt/ros/humble/include/rclcpp/rclcpp/rclcpp.hpp:155[m[K,
[6.417s]                  from [01m[K/home/ubuntu/Desktop/AK8064_ws_Jun/src/motor_driver/src/ControlMotor.cpp:5[m[K:
[6.417s] [01m[K/home/ubuntu/Desktop/AK8064_ws_Jun/src/motor_driver/src/ControlMotor.cpp:337:74:[m[K [01;31m[Kerror: [m[Kâ€˜[01m[Kmotor_id_[m[Kâ€™ was not declared in this scope; did you mean â€˜[01m[KmotorId[m[Kâ€™?
[6.417s]   337 | "Motor 0x%02X: Updated repeat: %d", [01;31m[Kmotor_id_[m[K, new_repeat);
[6.417s]       |                                     [01;31m[K^~~~~~~~~[m[K
[6.417s] 
[6.431s] In file included from [01m[K/opt/ros/humble/include/rclcpp/rclcpp/client.hpp:40[m[K,
[6.431s]                  from [01m[K/opt/ros/humble/include/rclcpp/rclcpp/callback_group.hpp:24[m[K,
[6.431s]                  from [01m[K/opt/ros/humble/include/rclcpp/rclcpp/any_executable.hpp:20[m[K,
[6.431s]                  from [01m[K/opt/ros/humble/include/rclcpp/rclcpp/memory_strategy.hpp:25[m[K,
[6.432s]                  from [01m[K/opt/ros/humble/include/rclcpp/rclcpp/memory_strategies.hpp:18[m[K,
[6.432s]                  from [01m[K/opt/ros/humble/include/rclcpp/rclcpp/executor_options.hpp:20[m[K,
[6.432s]                  from [01m[K/opt/ros/humble/include/rclcpp/rclcpp/executor.hpp:37[m[K,
[6.432s]                  from [01m[K/opt/ros/humble/include/rclcpp/rclcpp/executors/multi_threaded_executor.hpp:25[m[K,
[6.432s]                  from [01m[K/opt/ros/humble/include/rclcpp/rclcpp/executors.hpp:21[m[K,
[6.432s]                  from [01m[K/opt/ros/humble/include/rclcpp/rclcpp/rclcpp.hpp:155[m[K,
[6.432s]                  from [01m[K/home/ubuntu/Desktop/AK8064_ws_Jun/src/motor_driver/src/ControlMotor.cpp:5[m[K:
[6.432s] [01m[K/home/ubuntu/Desktop/AK8064_ws_Jun/src/motor_driver/src/ControlMotor.cpp:339:29:[m[K [01;31m[Kerror: [m[Kâ€˜[01m[Klogger_[m[Kâ€™ was not declared in this scope
[6.433s]   339 |                 RCLCPP_WARN([01;31m[Klogger_[m[K, "Motor 0x%02X: Unknown parameter: %s", motor_id_, param.name.c_str());
[6.433s]       |                             [01;31m[K^~~~~~~[m[K
[6.433s] [01m[K/home/ubuntu/Desktop/AK8064_ws_Jun/src/motor_driver/src/ControlMotor.cpp:339:17:[m[K [01;31m[Kerror: [m[Ktemplate argument 1 is invalid
[6.433s]   339 |                 [01;31m[KRCLCPP_WARN[m[K(logger_, "Motor 0x%02X: Unknown parameter: %s", motor_id_, param.name.c_str());
[6.433s]       |                 [01;31m[K^~~~~~~~~~~[m[K
[6.433s] [01m[K/home/ubuntu/Desktop/AK8064_ws_Jun/src/motor_driver/src/ControlMotor.cpp:339:17:[m[K [01;31m[Kerror: [m[Ktemplate argument 1 is invalid
[6.434s]   339 |                 [01;31m[KRCLCPP_WARN[m[K(logger_, "Motor 0x%02X: Unknown parameter: %s", motor_id_, param.name.c_str());
[6.434s]       |                 [01;31m[K^~~~~~~~~~~[m[K
[6.434s] [01m[K/home/ubuntu/Desktop/AK8064_ws_Jun/src/motor_driver/src/ControlMotor.cpp:339:17:[m[K [01;31m[Kerror: [m[Ktemplate argument 1 is invalid
[6.434s]   339 |                 [01;31m[KRCLCPP_WARN[m[K(logger_, "Motor 0x%02X: Unknown parameter: %s", motor_id_, param.name.c_str());
[6.434s]       |                 [01;31m[K^~~~~~~~~~~[m[K
[6.448s] In file included from [01m[K/opt/ros/humble/include/rclcpp/rclcpp/logging.hpp:24[m[K,
[6.448s]                  from [01m[K/opt/ros/humble/include/rclcpp/rclcpp/client.hpp:40[m[K,
[6.448s]                  from [01m[K/opt/ros/humble/include/rclcpp/rclcpp/callback_group.hpp:24[m[K,
[6.449s]                  from [01m[K/opt/ros/humble/include/rclcpp/rclcpp/any_executable.hpp:20[m[K,
[6.449s]                  from [01m[K/opt/ros/humble/include/rclcpp/rclcpp/memory_strategy.hpp:25[m[K,
[6.449s]                  from [01m[K/opt/ros/humble/include/rclcpp/rclcpp/memory_strategies.hpp:18[m[K,
[6.449s]                  from [01m[K/opt/ros/humble/include/rclcpp/rclcpp/executor_options.hpp:20[m[K,
[6.449s]                  from [01m[K/opt/ros/humble/include/rclcpp/rclcpp/executor.hpp:37[m[K,
[6.449s]                  from [01m[K/opt/ros/humble/include/rclcpp/rclcpp/executors/multi_threaded_executor.hpp:25[m[K,
[6.449s]                  from [01m[K/opt/ros/humble/include/rclcpp/rclcpp/executors.hpp:21[m[K,
[6.449s]                  from [01m[K/opt/ros/humble/include/rclcpp/rclcpp/rclcpp.hpp:155[m[K,
[6.449s]                  from [01m[K/home/ubuntu/Desktop/AK8064_ws_Jun/src/motor_driver/src/ControlMotor.cpp:5[m[K:
[6.450s] [01m[K/home/ubuntu/Desktop/AK8064_ws_Jun/src/motor_driver/src/ControlMotor.cpp:339:77:[m[K [01;31m[Kerror: [m[Kâ€˜[01m[Kmotor_id_[m[Kâ€™ was not declared in this scope; did you mean â€˜[01m[KmotorId[m[Kâ€™?
[6.450s]   339 | tor 0x%02X: Unknown parameter: %s", [01;31m[Kmotor_id_[m[K, param.name.c_str());
[6.450s]       |                                     [01;31m[K^~~~~~~~~[m[K
[6.450s] 
[6.467s] In file included from [01m[K/opt/ros/humble/include/rclcpp/rclcpp/client.hpp:40[m[K,
[6.468s]                  from [01m[K/opt/ros/humble/include/rclcpp/rclcpp/callback_group.hpp:24[m[K,
[6.468s]                  from [01m[K/opt/ros/humble/include/rclcpp/rclcpp/any_executable.hpp:20[m[K,
[6.468s]                  from [01m[K/opt/ros/humble/include/rclcpp/rclcpp/memory_strategy.hpp:25[m[K,
[6.468s]                  from [01m[K/opt/ros/humble/include/rclcpp/rclcpp/memory_strategies.hpp:18[m[K,
[6.468s]                  from [01m[K/opt/ros/humble/include/rclcpp/rclcpp/executor_options.hpp:20[m[K,
[6.469s]                  from [01m[K/opt/ros/humble/include/rclcpp/rclcpp/executor.hpp:37[m[K,
[6.469s]                  from [01m[K/opt/ros/humble/include/rclcpp/rclcpp/executors/multi_threaded_executor.hpp:25[m[K,
[6.469s]                  from [01m[K/opt/ros/humble/include/rclcpp/rclcpp/executors.hpp:21[m[K,
[6.469s]                  from [01m[K/opt/ros/humble/include/rclcpp/rclcpp/rclcpp.hpp:155[m[K,
[6.469s]                  from [01m[K/home/ubuntu/Desktop/AK8064_ws_Jun/src/motor_driver/src/ControlMotor.cpp:5[m[K:
[6.469s] [01m[K/home/ubuntu/Desktop/AK8064_ws_Jun/src/motor_driver/src/ControlMotor.cpp:357:30:[m[K [01;31m[Kerror: [m[Kâ€˜[01m[Klogger_[m[Kâ€™ was not declared in this scope
[6.470s]   357 |                 RCLCPP_ERROR([01;31m[Klogger_[m[K, "Motor 0x%02X: Repeated target_positions is empty!", motor_id_);
[6.470s]       |                              [01;31m[K^~~~~~~[m[K
[6.470s] [01m[K/home/ubuntu/Desktop/AK8064_ws_Jun/src/motor_driver/src/ControlMotor.cpp:357:17:[m[K [01;31m[Kerror: [m[Ktemplate argument 1 is invalid
[6.470s]   357 |                 [01;31m[KRCLCPP_ERROR[m[K(logger_, "Motor 0x%02X: Repeated target_positions is empty!", motor_id_);
[6.470s]       |                 [01;31m[K^~~~~~~~~~~~[m[K
[6.470s] [01m[K/home/ubuntu/Desktop/AK8064_ws_Jun/src/motor_driver/src/ControlMotor.cpp:357:17:[m[K [01;31m[Kerror: [m[Ktemplate argument 1 is invalid
[6.471s]   357 |                 [01;31m[KRCLCPP_ERROR[m[K(logger_, "Motor 0x%02X: Repeated target_positions is empty!", motor_id_);
[6.471s]       |                 [01;31m[K^~~~~~~~~~~~[m[K
[6.471s] [01m[K/home/ubuntu/Desktop/AK8064_ws_Jun/src/motor_driver/src/ControlMotor.cpp:357:17:[m[K [01;31m[Kerror: [m[Ktemplate argument 1 is invalid
[6.471s]   357 |                 [01;31m[KRCLCPP_ERROR[m[K(logger_, "Motor 0x%02X: Repeated target_positions is empty!", motor_id_);
[6.471s]       |                 [01;31m[K^~~~~~~~~~~~[m[K
[6.484s] In file included from [01m[K/opt/ros/humble/include/rclcpp/rclcpp/logging.hpp:24[m[K,
[6.484s]                  from [01m[K/opt/ros/humble/include/rclcpp/rclcpp/client.hpp:40[m[K,
[6.485s]                  from [01m[K/opt/ros/humble/include/rclcpp/rclcpp/callback_group.hpp:24[m[K,
[6.485s]                  from [01m[K/opt/ros/humble/include/rclcpp/rclcpp/any_executable.hpp:20[m[K,
[6.485s]                  from [01m[K/opt/ros/humble/include/rclcpp/rclcpp/memory_strategy.hpp:25[m[K,
[6.485s]                  from [01m[K/opt/ros/humble/include/rclcpp/rclcpp/memory_strategies.hpp:18[m[K,
[6.485s]                  from [01m[K/opt/ros/humble/include/rclcpp/rclcpp/executor_options.hpp:20[m[K,
[6.485s]                  from [01m[K/opt/ros/humble/include/rclcpp/rclcpp/executor.hpp:37[m[K,
[6.485s]                  from [01m[K/opt/ros/humble/include/rclcpp/rclcpp/executors/multi_threaded_executor.hpp:25[m[K,
[6.485s]                  from [01m[K/opt/ros/humble/include/rclcpp/rclcpp/executors.hpp:21[m[K,
[6.486s]                  from [01m[K/opt/ros/humble/include/rclcpp/rclcpp/rclcpp.hpp:155[m[K,
[6.486s]                  from [01m[K/home/ubuntu/Desktop/AK8064_ws_Jun/src/motor_driver/src/ControlMotor.cpp:5[m[K:
[6.486s] [01m[K/home/ubuntu/Desktop/AK8064_ws_Jun/src/motor_driver/src/ControlMotor.cpp:357:92:[m[K [01;31m[Kerror: [m[Kâ€˜[01m[Kmotor_id_[m[Kâ€™ was not declared in this scope; did you mean â€˜[01m[KmotorId[m[Kâ€™?
[6.486s]   357 | peated target_positions is empty!", [01;31m[Kmotor_id_[m[K);
[6.486s]       |                                     [01;31m[K^~~~~~~~~[m[K
[6.486s] 
[6.513s] [01m[K/home/ubuntu/Desktop/AK8064_ws_Jun/src/motor_driver/src/ControlMotor.cpp:360:13:[m[K [01;31m[Kerror: [m[Kâ€˜[01m[Ktarget_positions_[m[Kâ€™ was not declared in this scope
[6.513s]   360 |             [01;31m[Ktarget_positions_[m[K = repeated_positions;
[6.513s]       |             [01;31m[K^~~~~~~~~~~~~~~~~[m[K
[6.535s] [01m[K/home/ubuntu/Desktop/AK8064_ws_Jun/src/motor_driver/src/ControlMotor.cpp:361:13:[m[K [01;31m[Kerror: [m[Kâ€˜[01m[Ktarget_reached_[m[Kâ€™ was not declared in this scope; did you mean â€˜[01m[KisTargetReached[m[Kâ€™?
[6.535s]   361 |             [01;31m[Ktarget_reached_[m[K = false;
[6.535s]       |             [01;31m[K^~~~~~~~~~~~~~~[m[K
[6.535s]       |             [32m[KisTargetReached[m[K
[6.561s] [01m[K/home/ubuntu/Desktop/AK8064_ws_Jun/src/motor_driver/src/ControlMotor.cpp:362:13:[m[K [01;31m[Kerror: [m[Kâ€˜[01m[Kcurrent_target_index_[m[Kâ€™ was not declared in this scope
[6.561s]   362 |             [01;31m[Kcurrent_target_index_[m[K = 0;
[6.561s]       |             [01;31m[K^~~~~~~~~~~~~~~~~~~~~[m[K
[6.574s] In file included from [01m[K/opt/ros/humble/include/rclcpp/rclcpp/client.hpp:40[m[K,
[6.574s]                  from [01m[K/opt/ros/humble/include/rclcpp/rclcpp/callback_group.hpp:24[m[K,
[6.574s]                  from [01m[K/opt/ros/humble/include/rclcpp/rclcpp/any_executable.hpp:20[m[K,
[6.574s]                  from [01m[K/opt/ros/humble/include/rclcpp/rclcpp/memory_strategy.hpp:25[m[K,
[6.574s]                  from [01m[K/opt/ros/humble/include/rclcpp/rclcpp/memory_strategies.hpp:18[m[K,
[6.574s]                  from [01m[K/opt/ros/humble/include/rclcpp/rclcpp/executor_options.hpp:20[m[K,
[6.575s]                  from [01m[K/opt/ros/humble/include/rclcpp/rclcpp/executor.hpp:37[m[K,
[6.575s]                  from [01m[K/opt/ros/humble/include/rclcpp/rclcpp/executors/multi_threaded_executor.hpp:25[m[K,
[6.575s]                  from [01m[K/opt/ros/humble/include/rclcpp/rclcpp/executors.hpp:21[m[K,
[6.575s]                  from [01m[K/opt/ros/humble/include/rclcpp/rclcpp/rclcpp.hpp:155[m[K,
[6.575s]                  from [01m[K/home/ubuntu/Desktop/AK8064_ws_Jun/src/motor_driver/src/ControlMotor.cpp:5[m[K:
[6.575s] [01m[K/home/ubuntu/Desktop/AK8064_ws_Jun/src/motor_driver/src/ControlMotor.cpp:363:25:[m[K [01;31m[Kerror: [m[Kâ€˜[01m[Klogger_[m[Kâ€™ was not declared in this scope
[6.575s]   363 |             RCLCPP_INFO([01;31m[Klogger_[m[K, "Motor 0x%02X: Updated target_positions: %ld targets (repeated %d times)",
[6.575s]       |                         [01;31m[K^~~~~~~[m[K
[6.575s] [01m[K/home/ubuntu/Desktop/AK8064_ws_Jun/src/motor_driver/src/ControlMotor.cpp:363:13:[m[K [01;31m[Kerror: [m[Ktemplate argument 1 is invalid
[6.576s]   363 |             [01;31m[KRCLCPP_INFO[m[K(logger_, "Motor 0x%02X: Updated target_positions: %ld targets (repeated %d times)",
[6.576s]       |             [01;31m[K^~~~~~~~~~~[m[K
[6.576s] [01m[K/home/ubuntu/Desktop/AK8064_ws_Jun/src/motor_driver/src/ControlMotor.cpp:363:13:[m[K [01;31m[Kerror: [m[Ktemplate argument 1 is invalid
[6.576s]   363 |             [01;31m[KRCLCPP_INFO[m[K(logger_, "Motor 0x%02X: Updated target_positions: %ld targets (repeated %d times)",
[6.576s]       |             [01;31m[K^~~~~~~~~~~[m[K
[6.576s] [01m[K/home/ubuntu/Desktop/AK8064_ws_Jun/src/motor_driver/src/ControlMotor.cpp:363:13:[m[K [01;31m[Kerror: [m[Ktemplate argument 1 is invalid
[6.576s]   363 |             [01;31m[KRCLCPP_INFO[m[K(logger_, "Motor 0x%02X: Updated target_positions: %ld targets (repeated %d times)",
[6.576s]       |             [01;31m[K^~~~~~~~~~~[m[K
[6.591s] In file included from [01m[K/opt/ros/humble/include/rclcpp/rclcpp/logging.hpp:24[m[K,
[6.591s]                  from [01m[K/opt/ros/humble/include/rclcpp/rclcpp/client.hpp:40[m[K,
[6.591s]                  from [01m[K/opt/ros/humble/include/rclcpp/rclcpp/callback_group.hpp:24[m[K,
[6.591s]                  from [01m[K/opt/ros/humble/include/rclcpp/rclcpp/any_executable.hpp:20[m[K,
[6.591s]                  from [01m[K/opt/ros/humble/include/rclcpp/rclcpp/memory_strategy.hpp:25[m[K,
[6.592s]                  from [01m[K/opt/ros/humble/include/rclcpp/rclcpp/memory_strategies.hpp:18[m[K,
[6.592s]                  from [01m[K/opt/ros/humble/include/rclcpp/rclcpp/executor_options.hpp:20[m[K,
[6.592s]                  from [01m[K/opt/ros/humble/include/rclcpp/rclcpp/executor.hpp:37[m[K,
[6.592s]                  from [01m[K/opt/ros/humble/include/rclcpp/rclcpp/executors/multi_threaded_executor.hpp:25[m[K,
[6.592s]                  from [01m[K/opt/ros/humble/include/rclcpp/rclcpp/executors.hpp:21[m[K,
[6.592s]                  from [01m[K/opt/ros/humble/include/rclcpp/rclcpp/rclcpp.hpp:155[m[K,
[6.592s]                  from [01m[K/home/ubuntu/Desktop/AK8064_ws_Jun/src/motor_driver/src/ControlMotor.cpp:5[m[K:
[6.592s] [01m[K/home/ubuntu/Desktop/AK8064_ws_Jun/src/motor_driver/src/ControlMotor.cpp:364:25:[m[K [01;31m[Kerror: [m[Kâ€˜[01m[Kmotor_id_[m[Kâ€™ was not declared in this scope; did you mean â€˜[01m[KmotorId[m[Kâ€™?
[6.593s]   364 |                         [01;31m[Kmotor_id_[m[K, target_positions_.size(), repeat_);
[6.593s]       |                         [01;31m[K^~~~~~~~~[m[K
[6.604s] [01m[K/home/ubuntu/Desktop/AK8064_ws_Jun/src/motor_driver/src/ControlMotor.cpp:365:17:[m[K [01;31m[Kerror: [m[Kâ€˜[01m[Kstate_[m[Kâ€™ was not declared in this scope; did you mean â€˜[01m[KState[m[Kâ€™?
[6.604s]   365 |             if ([01;31m[Kstate_[m[K == State::PAUSED || last_command_.empty()) {
[6.604s]       |                 [01;31m[K^~~~~~[m[K
[6.604s]       |                 [32m[KState[m[K
[6.626s] [01m[K/home/ubuntu/Desktop/AK8064_ws_Jun/src/motor_driver/src/ControlMotor.cpp:365:44:[m[K [01;31m[Kerror: [m[Kâ€˜[01m[Klast_command_[m[Kâ€™ was not declared in this scope
[6.626s]   365 |      if (state_ == State::PAUSED || [01;31m[Klast_command_[m[K.empty()) {
[6.627s]       |                                     [01;31m[K^~~~~~~~~~~~~[m[K
[6.627s] 
[6.644s] [01m[K/home/ubuntu/Desktop/AK8064_ws_Jun/src/motor_driver/src/ControlMotor.cpp:366:17:[m[K [01;31m[Kerror: [m[Kâ€˜[01m[KtransitionTo[m[Kâ€™ was not declared in this scope
[6.645s]   366 |                 [01;31m[KtransitionTo[m[K(State::MOVING);
[6.645s]       |                 [01;31m[K^~~~~~~~~~~~[m[K
[6.663s] [01m[K/home/ubuntu/Desktop/AK8064_ws_Jun/src/motor_driver/src/ControlMotor.cpp:370:9:[m[K [01;31m[Kerror: [m[Kâ€˜[01m[KvalidateSpeed[m[Kâ€™ was not declared in this scope
[6.664s]   370 |         [01;31m[KvalidateSpeed[m[K();
[6.664s]       |         [01;31m[K^~~~~~~~~~~~~[m[K
[6.683s] [01m[K/home/ubuntu/Desktop/AK8064_ws_Jun/src/motor_driver/src/ControlMotor.cpp:371:9:[m[K [01;31m[Kerror: [m[Kâ€˜[01m[KvalidateAccel[m[Kâ€™ was not declared in this scope
[6.683s]   371 |         [01;31m[KvalidateAccel[m[K();
[6.683s]       |         [01;31m[K^~~~~~~~~~~~~[m[K
[6.702s] [01m[K/home/ubuntu/Desktop/AK8064_ws_Jun/src/motor_driver/src/ControlMotor.cpp:372:9:[m[K [01;31m[Kerror: [m[Kâ€˜[01m[KvalidateStep[m[Kâ€™ was not declared in this scope
[6.702s]   372 |         [01;31m[KvalidateStep[m[K();
[6.702s]       |         [01;31m[K^~~~~~~~~~~~[m[K
[6.720s] [01m[K/home/ubuntu/Desktop/AK8064_ws_Jun/src/motor_driver/src/ControlMotor.cpp:373:9:[m[K [01;31m[Kerror: [m[Kâ€˜[01m[KvalidateRepeat[m[Kâ€™ was not declared in this scope
[6.721s]   373 |         [01;31m[KvalidateRepeat[m[K();
[6.721s]       |         [01;31m[K^~~~~~~~~~~~~~[m[K
[6.737s] [01m[K/home/ubuntu/Desktop/AK8064_ws_Jun/src/motor_driver/src/ControlMotor.cpp:[m[K In member function â€˜[01m[Kvirtual bool MotorController::isOriginSet() const[m[Kâ€™:
[6.737s] [01m[K/home/ubuntu/Desktop/AK8064_ws_Jun/src/motor_driver/src/ControlMotor.cpp:376:48:[m[K [01;31m[Kerror: [m[Kâ€˜[01m[Kis_origin_set_[m[Kâ€™ was not declared in this scope; did you mean â€˜[01m[KisOriginSet[m[Kâ€™?
[6.737s]   376 | OriginSet() const override { return [01;31m[Kis_origin_set_[m[K; }
[6.737s]       |                                     [01;31m[K^~~~~~~~~~~~~~[m[K
[6.738s]       |                                     [32m[KisOriginSet[m[K
[6.753s] [01m[K/home/ubuntu/Desktop/AK8064_ws_Jun/src/motor_driver/src/ControlMotor.cpp:[m[K In member function â€˜[01m[Kvirtual bool MotorController::isTargetReached() const[m[Kâ€™:
[6.754s] [01m[K/home/ubuntu/Desktop/AK8064_ws_Jun/src/motor_driver/src/ControlMotor.cpp:377:52:[m[K [01;31m[Kerror: [m[Kâ€˜[01m[Ktarget_reached_[m[Kâ€™ was not declared in this scope; did you mean â€˜[01m[KisTargetReached[m[Kâ€™?
[6.754s]   377 | etReached() const override { return [01;31m[Ktarget_reached_[m[K; }
[6.754s]       |                                     [01;31m[K^~~~~~~~~~~~~~~[m[K
[6.754s]       |                                     [32m[KisTargetReached[m[K
[6.766s] [01m[K/home/ubuntu/Desktop/AK8064_ws_Jun/src/motor_driver/src/ControlMotor.cpp:[m[K In member function â€˜[01m[Kvirtual uint8_t MotorController::motorId() const[m[Kâ€™:
[6.766s] [01m[K/home/ubuntu/Desktop/AK8064_ws_Jun/src/motor_driver/src/ControlMotor.cpp:378:47:[m[K [01;31m[Kerror: [m[Kâ€˜[01m[Kmotor_id_[m[Kâ€™ was not declared in this scope; did you mean â€˜[01m[KmotorId[m[Kâ€™?
[6.767s]   378 | t motorId() const override { return [01;31m[Kmotor_id_[m[K; }
[6.767s]       |                                     [01;31m[K^~~~~~~~~[m[K
[6.767s]       |                                     [32m[KmotorId[m[K
[6.784s] [01m[K/home/ubuntu/Desktop/AK8064_ws_Jun/src/motor_driver/src/ControlMotor.cpp:[m[K In member function â€˜[01m[Kvirtual void MotorController::stop()[m[Kâ€™:
[6.784s] [01m[K/home/ubuntu/Desktop/AK8064_ws_Jun/src/motor_driver/src/ControlMotor.cpp:383:18:[m[K [01;31m[Kerror: [m[Kâ€˜[01m[Klast_command_[m[Kâ€™ was not declared in this scope
[6.784s]   383 |             if (([01;31m[Klast_command_[m[K == "UP" || last_command_ == "DOWN" ||
[6.784s]       |                  [01;31m[K^~~~~~~~~~~~~[m[K
[6.794s] [01m[K/home/ubuntu/Desktop/AK8064_ws_Jun/src/motor_driver/src/ControlMotor.cpp:384:19:[m[K [01;31m[Kerror: [m[Kâ€˜[01m[Kmode_[m[Kâ€™ was not declared in this scope; did you mean â€˜[01m[Kmode_t[m[Kâ€™?
[6.794s]   384 |                  ([01;31m[Kmode_[m[K == Mode::MANUAL && !target_positions_cmd_.empty())) &&
[6.794s]       |                   [01;31m[K^~~~~[m[K
[6.794s]       |                   [32m[Kmode_t[m[K
[6.819s] [01m[K/home/ubuntu/Desktop/AK8064_ws_Jun/src/motor_driver/src/ControlMotor.cpp:384:45:[m[K [01;31m[Kerror: [m[Kâ€˜[01m[Ktarget_positions_cmd_[m[Kâ€™ was not declared in this scope
[6.819s]   384 |          (mode_ == Mode::MANUAL && ![01;31m[Ktarget_positions_cmd_[m[K.empty())) &&
[6.820s]       |                                     [01;31m[K^~~~~~~~~~~~~~~~~~~~~[m[K
[6.820s] 
[6.830s] [01m[K/home/ubuntu/Desktop/AK8064_ws_Jun/src/motor_driver/src/ControlMotor.cpp:385:18:[m[K [01;31m[Kerror: [m[Kâ€˜[01m[Kcan_[m[Kâ€™ was not declared in this scope
[6.830s]   385 |                 ![01;31m[Kcan_[m[K->setCurrentBrake(motor_id_, 300)) {
[6.830s]       |                  [01;31m[K^~~~[m[K
[6.843s] [01m[K/home/ubuntu/Desktop/AK8064_ws_Jun/src/motor_driver/src/ControlMotor.cpp:385:40:[m[K [01;31m[Kerror: [m[Kâ€˜[01m[Kmotor_id_[m[Kâ€™ was not declared in this scope; did you mean â€˜[01m[KmotorId[m[Kâ€™?
[6.843s]   385 |              !can_->setCurrentBrake([01;31m[Kmotor_id_[m[K, 300)) {
[6.843s]       |                                     [01;31m[K^~~~~~~~~[m[K
[6.843s]       |                                     [32m[KmotorId[m[K
[6.855s] In file included from [01m[K/opt/ros/humble/include/rclcpp/rclcpp/client.hpp:40[m[K,
[6.855s]                  from [01m[K/opt/ros/humble/include/rclcpp/rclcpp/callback_group.hpp:24[m[K,
[6.856s]                  from [01m[K/opt/ros/humble/include/rclcpp/rclcpp/any_executable.hpp:20[m[K,
[6.856s]                  from [01m[K/opt/ros/humble/include/rclcpp/rclcpp/memory_strategy.hpp:25[m[K,
[6.856s]                  from [01m[K/opt/ros/humble/include/rclcpp/rclcpp/memory_strategies.hpp:18[m[K,
[6.856s]                  from [01m[K/opt/ros/humble/include/rclcpp/rclcpp/executor_options.hpp:20[m[K,
[6.856s]                  from [01m[K/opt/ros/humble/include/rclcpp/rclcpp/executor.hpp:37[m[K,
[6.856s]                  from [01m[K/opt/ros/humble/include/rclcpp/rclcpp/executors/multi_threaded_executor.hpp:25[m[K,
[6.856s]                  from [01m[K/opt/ros/humble/include/rclcpp/rclcpp/executors.hpp:21[m[K,
[6.857s]                  from [01m[K/opt/ros/humble/include/rclcpp/rclcpp/rclcpp.hpp:155[m[K,
[6.857s]                  from [01m[K/home/ubuntu/Desktop/AK8064_ws_Jun/src/motor_driver/src/ControlMotor.cpp:5[m[K:
[6.857s] [01m[K/home/ubuntu/Desktop/AK8064_ws_Jun/src/motor_driver/src/ControlMotor.cpp:386:30:[m[K [01;31m[Kerror: [m[Kâ€˜[01m[Klogger_[m[Kâ€™ was not declared in this scope
[6.857s]   386 |                 RCLCPP_ERROR([01;31m[Klogger_[m[K, "Motor 0x%02X: Brake failed", motor_id_);
[6.857s]       |                              [01;31m[K^~~~~~~[m[K
[6.857s] [01m[K/home/ubuntu/Desktop/AK8064_ws_Jun/src/motor_driver/src/ControlMotor.cpp:386:17:[m[K [01;31m[Kerror: [m[Ktemplate argument 1 is invalid
[6.858s]   386 |                 [01;31m[KRCLCPP_ERROR[m[K(logger_, "Motor 0x%02X: Brake failed", motor_id_);
[6.858s]       |                 [01;31m[K^~~~~~~~~~~~[m[K
[6.858s] [01m[K/home/ubuntu/Desktop/AK8064_ws_Jun/src/motor_driver/src/ControlMotor.cpp:386:17:[m[K [01;31m[Kerror: [m[Ktemplate argument 1 is invalid
[6.858s]   386 |                 [01;31m[KRCLCPP_ERROR[m[K(logger_, "Motor 0x%02X: Brake failed", motor_id_);
[6.859s]       |                 [01;31m[K^~~~~~~~~~~~[m[K
[6.859s] [01m[K/home/ubuntu/Desktop/AK8064_ws_Jun/src/motor_driver/src/ControlMotor.cpp:386:17:[m[K [01;31m[Kerror: [m[Ktemplate argument 1 is invalid
[6.859s]   386 |                 [01;31m[KRCLCPP_ERROR[m[K(logger_, "Motor 0x%02X: Brake failed", motor_id_);
[6.859s]       |                 [01;31m[K^~~~~~~~~~~~[m[K
[6.873s] [01m[K/home/ubuntu/Desktop/AK8064_ws_Jun/src/motor_driver/src/ControlMotor.cpp:387:17:[m[K [01;31m[Kerror: [m[Kâ€˜[01m[KtransitionTo[m[Kâ€™ was not declared in this scope
[6.873s]   387 |                 [01;31m[KtransitionTo[m[K(State::ERROR);
[6.874s]       |                 [01;31m[K^~~~~~~~~~~~[m[K
[6.884s] [01m[K/home/ubuntu/Desktop/AK8064_ws_Jun/src/motor_driver/src/ControlMotor.cpp:391:13:[m[K [01;31m[Kerror: [m[Kâ€˜[01m[Kcan_[m[Kâ€™ was not declared in this scope
[6.884s]   391 |             [01;31m[Kcan_[m[K->setPositionSpeed(motor_id_, last_data_.position, 1000, 1000);
[6.884s]       |             [01;31m[K^~~~[m[K
[6.897s] [01m[K/home/ubuntu/Desktop/AK8064_ws_Jun/src/motor_driver/src/ControlMotor.cpp:391:36:[m[K [01;31m[Kerror: [m[Kâ€˜[01m[Kmotor_id_[m[Kâ€™ was not declared in this scope; did you mean â€˜[01m[KmotorId[m[Kâ€™?
[6.897s]   391 |             can_->setPositionSpeed([01;31m[Kmotor_id_[m[K, last_data_.position, 1000, 1000);
[6.897s]       |                                    [01;31m[K^~~~~~~~~[m[K
[6.897s]       |                                    [32m[KmotorId[m[K
[6.912s] [01m[K/home/ubuntu/Desktop/AK8064_ws_Jun/src/motor_driver/src/ControlMotor.cpp:391:47:[m[K [01;31m[Kerror: [m[Kâ€˜[01m[Klast_data_[m[Kâ€™ was not declared in this scope
[6.913s]   391 |   can_->setPositionSpeed(motor_id_, [01;31m[Klast_data_[m[K.position, 1000, 1000);
[6.913s]       |                                     [01;31m[K^~~~~~~~~~[m[K
[6.913s] 
[6.933s] [01m[K/home/ubuntu/Desktop/AK8064_ws_Jun/src/motor_driver/src/ControlMotor.cpp:392:13:[m[K [01;31m[Kerror: [m[Kâ€˜[01m[Ktarget_position_[m[Kâ€™ was not declared in this scope
[6.933s]   392 |             [01;31m[Ktarget_position_[m[K = last_data_.position;
[6.933s]       |             [01;31m[K^~~~~~~~~~~~~~~~[m[K
[6.949s] [01m[K/home/ubuntu/Desktop/AK8064_ws_Jun/src/motor_driver/src/ControlMotor.cpp:393:13:[m[K [01;31m[Kerror: [m[Kâ€˜[01m[KtransitionTo[m[Kâ€™ was not declared in this scope
[6.950s]   393 |             [01;31m[KtransitionTo[m[K(State::STOPPED);
[6.950s]       |             [01;31m[K^~~~~~~~~~~~[m[K
[6.965s] [01m[K/home/ubuntu/Desktop/AK8064_ws_Jun/src/motor_driver/src/ControlMotor.cpp:394:13:[m[K [01;31m[Kerror: [m[Kâ€˜[01m[Kstate_publisher_[m[Kâ€™ was not declared in this scope; did you mean â€˜[01m[KStatePublisher[m[Kâ€™?
[6.965s]   394 |             [01;31m[Kstate_publisher_[m[K.publishResponse("Motor 0x" + std::to_string(motor_id_) +
[6.965s]       |             [01;31m[K^~~~~~~~~~~~~~~~[m[K
[6.965s]       |             [32m[KStatePublisher[m[K
[6.978s] In file included from [01m[K/opt/ros/humble/include/rclcpp/rclcpp/client.hpp:40[m[K,
[6.978s]                  from [01m[K/opt/ros/humble/include/rclcpp/rclcpp/callback_group.hpp:24[m[K,
[6.978s]                  from [01m[K/opt/ros/humble/include/rclcpp/rclcpp/any_executable.hpp:20[m[K,
[6.978s]                  from [01m[K/opt/ros/humble/include/rclcpp/rclcpp/memory_strategy.hpp:25[m[K,
[6.978s]                  from [01m[K/opt/ros/humble/include/rclcpp/rclcpp/memory_strategies.hpp:18[m[K,
[6.978s]                  from [01m[K/opt/ros/humble/include/rclcpp/rclcpp/executor_options.hpp:20[m[K,
[6.978s]                  from [01m[K/opt/ros/humble/include/rclcpp/rclcpp/executor.hpp:37[m[K,
[6.979s]                  from [01m[K/opt/ros/humble/include/rclcpp/rclcpp/executors/multi_threaded_executor.hpp:25[m[K,
[6.979s]                  from [01m[K/opt/ros/humble/include/rclcpp/rclcpp/executors.hpp:21[m[K,
[6.979s]                  from [01m[K/opt/ros/humble/include/rclcpp/rclcpp/rclcpp.hpp:155[m[K,
[6.979s]                  from [01m[K/home/ubuntu/Desktop/AK8064_ws_Jun/src/motor_driver/src/ControlMotor.cpp:5[m[K:
[6.979s] [01m[K/home/ubuntu/Desktop/AK8064_ws_Jun/src/motor_driver/src/ControlMotor.cpp:397:26:[m[K [01;31m[Kerror: [m[Kâ€˜[01m[Klogger_[m[Kâ€™ was not declared in this scope
[6.979s]   397 |             RCLCPP_ERROR([01;31m[Klogger_[m[K, "Motor 0x%02X: Stop failed: %s", motor_id_, e.what());
[6.979s]       |                          [01;31m[K^~~~~~~[m[K
[6.979s] [01m[K/home/ubuntu/Desktop/AK8064_ws_Jun/src/motor_driver/src/ControlMotor.cpp:397:13:[m[K [01;31m[Kerror: [m[Ktemplate argument 1 is invalid
[6.979s]   397 |             [01;31m[KRCLCPP_ERROR[m[K(logger_, "Motor 0x%02X: Stop failed: %s", motor_id_, e.what());
[6.980s]       |             [01;31m[K^~~~~~~~~~~~[m[K
[6.980s] [01m[K/home/ubuntu/Desktop/AK8064_ws_Jun/src/motor_driver/src/ControlMotor.cpp:397:13:[m[K [01;31m[Kerror: [m[Ktemplate argument 1 is invalid
[6.980s]   397 |             [01;31m[KRCLCPP_ERROR[m[K(logger_, "Motor 0x%02X: Stop failed: %s", motor_id_, e.what());
[6.980s]       |             [01;31m[K^~~~~~~~~~~~[m[K
[6.980s] [01m[K/home/ubuntu/Desktop/AK8064_ws_Jun/src/motor_driver/src/ControlMotor.cpp:397:13:[m[K [01;31m[Kerror: [m[Ktemplate argument 1 is invalid
[6.980s]   397 |             [01;31m[KRCLCPP_ERROR[m[K(logger_, "Motor 0x%02X: Stop failed: %s", motor_id_, e.what());
[6.980s]       |             [01;31m[K^~~~~~~~~~~~[m[K
[6.991s] In file included from [01m[K/opt/ros/humble/include/rclcpp/rclcpp/logging.hpp:24[m[K,
[6.991s]                  from [01m[K/opt/ros/humble/include/rclcpp/rclcpp/client.hpp:40[m[K,
[6.991s]                  from [01m[K/opt/ros/humble/include/rclcpp/rclcpp/callback_group.hpp:24[m[K,
[6.991s]                  from [01m[K/opt/ros/humble/include/rclcpp/rclcpp/any_executable.hpp:20[m[K,
[6.992s]                  from [01m[K/opt/ros/humble/include/rclcpp/rclcpp/memory_strategy.hpp:25[m[K,
[6.992s]                  from [01m[K/opt/ros/humble/include/rclcpp/rclcpp/memory_strategies.hpp:18[m[K,
[6.992s]                  from [01m[K/opt/ros/humble/include/rclcpp/rclcpp/executor_options.hpp:20[m[K,
[6.992s]                  from [01m[K/opt/ros/humble/include/rclcpp/rclcpp/executor.hpp:37[m[K,
[6.992s]                  from [01m[K/opt/ros/humble/include/rclcpp/rclcpp/executors/multi_threaded_executor.hpp:25[m[K,
[6.992s]                  from [01m[K/opt/ros/humble/include/rclcpp/rclcpp/executors.hpp:21[m[K,
[6.992s]                  from [01m[K/opt/ros/humble/include/rclcpp/rclcpp/rclcpp.hpp:155[m[K,
[6.992s]                  from [01m[K/home/ubuntu/Desktop/AK8064_ws_Jun/src/motor_driver/src/ControlMotor.cpp:5[m[K:
[6.993s] [01m[K/home/ubuntu/Desktop/AK8064_ws_Jun/src/motor_driver/src/ControlMotor.cpp:397:68:[m[K [01;31m[Kerror: [m[Kâ€˜[01m[Kmotor_id_[m[Kâ€™ was not declared in this scope; did you mean â€˜[01m[KmotorId[m[Kâ€™?
[6.993s]   397 | _, "Motor 0x%02X: Stop failed: %s", [01;31m[Kmotor_id_[m[K, e.what());
[6.993s]       |                                     [01;31m[K^~~~~~~~~[m[K
[6.993s] 
[7.007s] [01m[K/home/ubuntu/Desktop/AK8064_ws_Jun/src/motor_driver/src/ControlMotor.cpp:398:13:[m[K [01;31m[Kerror: [m[Kâ€˜[01m[KtransitionTo[m[Kâ€™ was not declared in this scope
[7.007s]   398 |             [01;31m[KtransitionTo[m[K(State::ERROR);
[7.008s]       |             [01;31m[K^~~~~~~~~~~~[m[K
[7.031s] [01m[K/home/ubuntu/Desktop/AK8064_ws_Jun/src/motor_driver/src/ControlMotor.cpp:[m[K In member function â€˜[01m[Kvoid MotorController::handleInitializing(const MotorData&)[m[Kâ€™:
[7.031s] [01m[K/home/ubuntu/Desktop/AK8064_ws_Jun/src/motor_driver/src/ControlMotor.cpp:431:39:[m[K [01;31m[Kerror: [m[Kâ€˜[01m[KPOSITION_TOLERANCE[m[Kâ€™ was not declared in this scope
[7.031s]   431 |       if (std::abs(data.position) < [01;31m[KPOSITION_TOLERANCE[m[K &&
[7.031s]       |                                     [01;31m[K^~~~~~~~~~~~~~~~~~[m[K
[7.031s] 
[7.053s] [01m[K/home/ubuntu/Desktop/AK8064_ws_Jun/src/motor_driver/src/ControlMotor.cpp:432:39:[m[K [01;31m[Kerror: [m[Kâ€˜[01m[KVELOCITY_TOLERANCE[m[Kâ€™ was not declared in this scope
[7.053s]   432 |           std::abs(data.velocity) < [01;31m[KVELOCITY_TOLERANCE[m[K) {
[7.053s]       |                                     [01;31m[K^~~~~~~~~~~~~~~~~~[m[K
[7.053s] 
[7.068s] [01m[K/home/ubuntu/Desktop/AK8064_ws_Jun/src/motor_driver/src/ControlMotor.cpp:433:13:[m[K [01;31m[Kerror: [m[Kâ€˜[01m[Kis_origin_set_[m[Kâ€™ was not declared in this scope; did you mean â€˜[01m[KisOriginSet[m[Kâ€™?
[7.068s]   433 |             [01;31m[Kis_origin_set_[m[K = true;
[7.068s]       |             [01;31m[K^~~~~~~~~~~~~~[m[K
[7.068s]       |             [32m[KisOriginSet[m[K
[7.083s] [01m[K/home/ubuntu/Desktop/AK8064_ws_Jun/src/motor_driver/src/ControlMotor.cpp:434:13:[m[K [01;31m[Kerror: [m[Kâ€˜[01m[KtransitionTo[m[Kâ€™ was not declared in this scope
[7.083s]   434 |             [01;31m[KtransitionTo[m[K(State::HOMING);
[7.083s]       |             [01;31m[K^~~~~~~~~~~~[m[K
[7.093s] [01m[K/home/ubuntu/Desktop/AK8064_ws_Jun/src/motor_driver/src/ControlMotor.cpp:[m[K In member function â€˜[01m[Kvoid MotorController::handleHoming(const MotorData&)[m[Kâ€™:
[7.093s] [01m[K/home/ubuntu/Desktop/AK8064_ws_Jun/src/motor_driver/src/ControlMotor.cpp:439:9:[m[K [01;31m[Kerror: [m[Kâ€˜[01m[Kcan_[m[Kâ€™ was not declared in this scope
[7.093s]   439 |         [01;31m[Kcan_[m[K->setPositionSpeed(motor_id_, 0.0, static_cast<int>(speed_), static_cast<int>(accel_));
[7.093s]       |         [01;31m[K^~~~[m[K
[7.106s] [01m[K/home/ubuntu/Desktop/AK8064_ws_Jun/src/motor_driver/src/ControlMotor.cpp:439:32:[m[K [01;31m[Kerror: [m[Kâ€˜[01m[Kmotor_id_[m[Kâ€™ was not declared in this scope; did you mean â€˜[01m[KmotorId[m[Kâ€™?
[7.106s]   439 |         can_->setPositionSpeed([01;31m[Kmotor_id_[m[K, 0.0, static_cast<int>(speed_), static_cast<int>(accel_));
[7.106s]       |                                [01;31m[K^~~~~~~~~[m[K
[7.106s]       |                                [32m[KmotorId[m[K
[7.117s] [01m[K/home/ubuntu/Desktop/AK8064_ws_Jun/src/motor_driver/src/ControlMotor.cpp:439:65:[m[K [01;31m[Kerror: [m[Kâ€˜[01m[Kspeed_[m[Kâ€™ was not declared in this scope
[7.118s]   439 | ed(motor_id_, 0.0, static_cast<int>([01;31m[Kspeed_[m[K), static_cast<int>(accel_));
[7.118s]       |                                     [01;31m[K^~~~~~[m[K
[7.118s] 
[7.129s] [01m[K/home/ubuntu/Desktop/AK8064_ws_Jun/src/motor_driver/src/ControlMotor.cpp:439:91:[m[K [01;31m[Kerror: [m[Kâ€˜[01m[Kaccel_[m[Kâ€™ was not declared in this scope; did you mean â€˜[01m[Kaccess[m[Kâ€™?
[7.129s]   439 | c_cast<int>(speed_), static_cast<int>([01;31m[Kaccel_[m[K));
[7.129s]       |                                       [01;31m[K^~~~~~[m[K
[7.129s]       |                                       [32m[Kaccess[m[K
[7.155s] [01m[K/home/ubuntu/Desktop/AK8064_ws_Jun/src/motor_driver/src/ControlMotor.cpp:440:39:[m[K [01;31m[Kerror: [m[Kâ€˜[01m[KPOSITION_TOLERANCE[m[Kâ€™ was not declared in this scope
[7.155s]   440 |       if (std::abs(data.position) < [01;31m[KPOSITION_TOLERANCE[m[K &&
[7.155s]       |                                     [01;31m[K^~~~~~~~~~~~~~~~~~[m[K
[7.155s] 
[7.181s] [01m[K/home/ubuntu/Desktop/AK8064_ws_Jun/src/motor_driver/src/ControlMotor.cpp:441:39:[m[K [01;31m[Kerror: [m[Kâ€˜[01m[KVELOCITY_TOLERANCE[m[Kâ€™ was not declared in this scope
[7.181s]   441 |           std::abs(data.velocity) < [01;31m[KVELOCITY_TOLERANCE[m[K) {
[7.181s]       |                                     [01;31m[K^~~~~~~~~~~~~~~~~~[m[K
[7.181s] 
[7.195s] [01m[K/home/ubuntu/Desktop/AK8064_ws_Jun/src/motor_driver/src/ControlMotor.cpp:442:13:[m[K [01;31m[Kerror: [m[Kâ€˜[01m[Kis_home_[m[Kâ€™ was not declared in this scope
[7.195s]   442 |             [01;31m[Kis_home_[m[K = true;
[7.195s]       |             [01;31m[K^~~~~~~~[m[K
[7.215s] [01m[K/home/ubuntu/Desktop/AK8064_ws_Jun/src/motor_driver/src/ControlMotor.cpp:443:13:[m[K [01;31m[Kerror: [m[Kâ€˜[01m[Ktarget_reached_[m[Kâ€™ was not declared in this scope; did you mean â€˜[01m[KisTargetReached[m[Kâ€™?
[7.216s]   443 |             [01;31m[Ktarget_reached_[m[K = true;
[7.216s]       |             [01;31m[K^~~~~~~~~~~~~~~[m[K
[7.216s]       |             [32m[KisTargetReached[m[K
[7.231s] In file included from [01m[K/opt/ros/humble/include/rclcpp/rclcpp/client.hpp:40[m[K,
[7.232s]                  from [01m[K/opt/ros/humble/include/rclcpp/rclcpp/callback_group.hpp:24[m[K,
[7.232s]                  from [01m[K/opt/ros/humble/include/rclcpp/rclcpp/any_executable.hpp:20[m[K,
[7.232s]                  from [01m[K/opt/ros/humble/include/rclcpp/rclcpp/memory_strategy.hpp:25[m[K,
[7.232s]                  from [01m[K/opt/ros/humble/include/rclcpp/rclcpp/memory_strategies.hpp:18[m[K,
[7.232s]                  from [01m[K/opt/ros/humble/include/rclcpp/rclcpp/executor_options.hpp:20[m[K,
[7.232s]                  from [01m[K/opt/ros/humble/include/rclcpp/rclcpp/executor.hpp:37[m[K,
[7.233s]                  from [01m[K/opt/ros/humble/include/rclcpp/rclcpp/executors/multi_threaded_executor.hpp:25[m[K,
[7.233s]                  from [01m[K/opt/ros/humble/include/rclcpp/rclcpp/executors.hpp:21[m[K,
[7.233s]                  from [01m[K/opt/ros/humble/include/rclcpp/rclcpp/rclcpp.hpp:155[m[K,
[7.233s]                  from [01m[K/home/ubuntu/Desktop/AK8064_ws_Jun/src/motor_driver/src/ControlMotor.cpp:5[m[K:
[7.233s] [01m[K/home/ubuntu/Desktop/AK8064_ws_Jun/src/motor_driver/src/ControlMotor.cpp:444:25:[m[K [01;31m[Kerror: [m[Kâ€˜[01m[Klogger_[m[Kâ€™ was not declared in this scope
[7.233s]   444 |             RCLCPP_INFO([01;31m[Klogger_[m[K, "Motor 0x%02X reached Home Position!", motor_id_);
[7.233s]       |                         [01;31m[K^~~~~~~[m[K
[7.233s] [01m[K/home/ubuntu/Desktop/AK8064_ws_Jun/src/motor_driver/src/ControlMotor.cpp:444:13:[m[K [01;31m[Kerror: [m[Ktemplate argument 1 is invalid
[7.234s]   444 |             [01;31m[KRCLCPP_INFO[m[K(logger_, "Motor 0x%02X reached Home Position!", motor_id_);
[7.234s]       |             [01;31m[K^~~~~~~~~~~[m[K
[7.234s] [01m[K/home/ubuntu/Desktop/AK8064_ws_Jun/src/motor_driver/src/ControlMotor.cpp:444:13:[m[K [01;31m[Kerror: [m[Ktemplate argument 1 is invalid
[7.234s]   444 |             [01;31m[KRCLCPP_INFO[m[K(logger_, "Motor 0x%02X reached Home Position!", motor_id_);
[7.234s]       |             [01;31m[K^~~~~~~~~~~[m[K
[7.235s] [01m[K/home/ubuntu/Desktop/AK8064_ws_Jun/src/motor_driver/src/ControlMotor.cpp:444:13:[m[K [01;31m[Kerror: [m[Ktemplate argument 1 is invalid
[7.235s]   444 |             [01;31m[KRCLCPP_INFO[m[K(logger_, "Motor 0x%02X reached Home Position!", motor_id_);
[7.235s]       |             [01;31m[K^~~~~~~~~~~[m[K
[7.248s] [01m[K/home/ubuntu/Desktop/AK8064_ws_Jun/src/motor_driver/src/ControlMotor.cpp:445:13:[m[K [01;31m[Kerror: [m[Kâ€˜[01m[KtransitionTo[m[Kâ€™ was not declared in this scope
[7.249s]   445 |             [01;31m[KtransitionTo[m[K(State::MOVING);
[7.249s]       |             [01;31m[K^~~~~~~~~~~~[m[K
[7.259s] [01m[K/home/ubuntu/Desktop/AK8064_ws_Jun/src/motor_driver/src/ControlMotor.cpp:[m[K In member function â€˜[01m[Kvoid MotorController::handleMoving(const MotorData&)[m[Kâ€™:
[7.259s] [01m[K/home/ubuntu/Desktop/AK8064_ws_Jun/src/motor_driver/src/ControlMotor.cpp:450:13:[m[K [01;31m[Kerror: [m[Kâ€˜[01m[Kmode_[m[Kâ€™ was not declared in this scope; did you mean â€˜[01m[Kmode_t[m[Kâ€™?
[7.259s]   450 |         if ([01;31m[Kmode_[m[K == Mode::MANUAL && !last_command_.empty()) {
[7.260s]       |             [01;31m[K^~~~~[m[K
[7.260s]       |             [32m[Kmode_t[m[K
[7.278s] [01m[K/home/ubuntu/Desktop/AK8064_ws_Jun/src/motor_driver/src/ControlMotor.cpp:450:39:[m[K [01;31m[Kerror: [m[Kâ€˜[01m[Klast_command_[m[Kâ€™ was not declared in this scope
[7.278s]   450 |       if (mode_ == Mode::MANUAL && ![01;31m[Klast_command_[m[K.empty()) {
[7.278s]       |                                     [01;31m[K^~~~~~~~~~~~~[m[K
[7.278s] 
[7.289s] [01m[K/home/ubuntu/Desktop/AK8064_ws_Jun/src/motor_driver/src/ControlMotor.cpp:451:13:[m[K [01;31m[Kerror: [m[Kâ€˜[01m[Kcan_[m[Kâ€™ was not declared in this scope
[7.289s]   451 |             [01;31m[Kcan_[m[K->setPositionSpeed(motor_id_, target_position_, static_cast<int>(speed_/2), static_cast<int>(accel_/2));
[7.289s]       |             [01;31m[K^~~~[m[K
[7.301s] [01m[K/home/ubuntu/Desktop/AK8064_ws_Jun/src/motor_driver/src/ControlMotor.cpp:451:36:[m[K [01;31m[Kerror: [m[Kâ€˜[01m[Kmotor_id_[m[Kâ€™ was not declared in this scope; did you mean â€˜[01m[KmotorId[m[Kâ€™?
[7.302s]   451 |             can_->setPositionSpeed([01;31m[Kmotor_id_[m[K, target_position_, static_cast<int>(speed_/2), static_cast<int>(accel_/2));
[7.302s]       |                                    [01;31m[K^~~~~~~~~[m[K
[7.302s]       |                                    [32m[KmotorId[m[K
[7.324s] [01m[K/home/ubuntu/Desktop/AK8064_ws_Jun/src/motor_driver/src/ControlMotor.cpp:451:47:[m[K [01;31m[Kerror: [m[Kâ€˜[01m[Ktarget_position_[m[Kâ€™ was not declared in this scope
[7.324s]   451 |   can_->setPositionSpeed(motor_id_, [01;31m[Ktarget_position_[m[K, static_cast<int>(speed_/2), static_cast<int>(accel_/2));
[7.324s]       |                                     [01;31m[K^~~~~~~~~~~~~~~~[m[K
[7.324s] 
[7.338s] [01m[K/home/ubuntu/Desktop/AK8064_ws_Jun/src/motor_driver/src/ControlMotor.cpp:451:82:[m[K [01;31m[Kerror: [m[Kâ€˜[01m[Kspeed_[m[Kâ€™ was not declared in this scope
[7.338s]   451 |  target_position_, static_cast<int>([01;31m[Kspeed_[m[K/2), static_cast<int>(accel_/2));
[7.338s]       |                                     [01;31m[K^~~~~~[m[K
[7.338s] 
[7.350s] [01m[K/home/ubuntu/Desktop/AK8064_ws_Jun/src/motor_driver/src/ControlMotor.cpp:451:110:[m[K [01;31m[Kerror: [m[Kâ€˜[01m[Kaccel_[m[Kâ€™ was not declared in this scope; did you mean â€˜[01m[Kaccess[m[Kâ€™?
[7.350s]   451 | st<int>(speed_/2), static_cast<int>([01;31m[Kaccel_[m[K/2));
[7.350s]       |                                     [01;31m[K^~~~~~[m[K
[7.350s]       |                                     [32m[Kaccess[m[K
[7.372s] [01m[K/home/ubuntu/Desktop/AK8064_ws_Jun/src/motor_driver/src/ControlMotor.cpp:452:62:[m[K [01;31m[Kerror: [m[Kâ€˜[01m[KPOSITION_TOLERANCE[m[Kâ€™ was not declared in this scope
[7.373s]   452 | data.position - target_position_) < [01;31m[KPOSITION_TOLERANCE[m[K) {
[7.373s]       |                                     [01;31m[K^~~~~~~~~~~~~~~~~~[m[K
[7.373s] 
[7.391s] [01m[K/home/ubuntu/Desktop/AK8064_ws_Jun/src/motor_driver/src/ControlMotor.cpp:453:17:[m[K [01;31m[Kerror: [m[Kâ€˜[01m[Kreach_counter_[m[Kâ€™ was not declared in this scope
[7.391s]   453 |                 [01;31m[Kreach_counter_[m[K++;
[7.391s]       |                 [01;31m[K^~~~~~~~~~~~~~[m[K
[7.412s] [01m[K/home/ubuntu/Desktop/AK8064_ws_Jun/src/motor_driver/src/ControlMotor.cpp:454:39:[m[K [01;31m[Kerror: [m[Kâ€˜[01m[Kreach_count_max_[m[Kâ€™ was not declared in this scope
[7.413s]   454 |               if (reach_counter_ >= [01;31m[Kreach_count_max_[m[K) {
[7.413s]       |                                     [01;31m[K^~~~~~~~~~~~~~~~[m[K
[7.413s] 
[7.430s] [01m[K/home/ubuntu/Desktop/AK8064_ws_Jun/src/motor_driver/src/ControlMotor.cpp:456:21:[m[K [01;31m[Kerror: [m[Kâ€˜[01m[Ktarget_reached_[m[Kâ€™ was not declared in this scope; did you mean â€˜[01m[KisTargetReached[m[Kâ€™?
[7.430s]   456 |                     [01;31m[Ktarget_reached_[m[K = true;
[7.431s]       |                     [01;31m[K^~~~~~~~~~~~~~~[m[K
[7.431s]       |                     [32m[KisTargetReached[m[K
[7.443s] In file included from [01m[K/opt/ros/humble/include/rclcpp/rclcpp/client.hpp:40[m[K,
[7.444s]                  from [01m[K/opt/ros/humble/include/rclcpp/rclcpp/callback_group.hpp:24[m[K,
[7.444s]                  from [01m[K/opt/ros/humble/include/rclcpp/rclcpp/any_executable.hpp:20[m[K,
[7.444s]                  from [01m[K/opt/ros/humble/include/rclcpp/rclcpp/memory_strategy.hpp:25[m[K,
[7.444s]                  from [01m[K/opt/ros/humble/include/rclcpp/rclcpp/memory_strategies.hpp:18[m[K,
[7.444s]                  from [01m[K/opt/ros/humble/include/rclcpp/rclcpp/executor_options.hpp:20[m[K,
[7.444s]                  from [01m[K/opt/ros/humble/include/rclcpp/rclcpp/executor.hpp:37[m[K,
[7.444s]                  from [01m[K/opt/ros/humble/include/rclcpp/rclcpp/executors/multi_threaded_executor.hpp:25[m[K,
[7.444s]                  from [01m[K/opt/ros/humble/include/rclcpp/rclcpp/executors.hpp:21[m[K,
[7.444s]                  from [01m[K/opt/ros/humble/include/rclcpp/rclcpp/rclcpp.hpp:155[m[K,
[7.445s]                  from [01m[K/home/ubuntu/Desktop/AK8064_ws_Jun/src/motor_driver/src/ControlMotor.cpp:5[m[K:
[7.445s] [01m[K/home/ubuntu/Desktop/AK8064_ws_Jun/src/motor_driver/src/ControlMotor.cpp:457:33:[m[K [01;31m[Kerror: [m[Kâ€˜[01m[Klogger_[m[Kâ€™ was not declared in this scope
[7.445s]   457 |                     RCLCPP_INFO([01;31m[Klogger_[m[K, "Motor 0x%02X: Reached target position %.2f",
[7.445s]       |                                 [01;31m[K^~~~~~~[m[K
[7.445s] [01m[K/home/ubuntu/Desktop/AK8064_ws_Jun/src/motor_driver/src/ControlMotor.cpp:457:21:[m[K [01;31m[Kerror: [m[Ktemplate argument 1 is invalid
[7.445s]   457 |                     [01;31m[KRCLCPP_INFO[m[K(logger_, "Motor 0x%02X: Reached target position %.2f",
[7.445s]       |                     [01;31m[K^~~~~~~~~~~[m[K
[7.445s] [01m[K/home/ubuntu/Desktop/AK8064_ws_Jun/src/motor_driver/src/ControlMotor.cpp:457:21:[m[K [01;31m[Kerror: [m[Ktemplate argument 1 is invalid
[7.445s]   457 |                     [01;31m[KRCLCPP_INFO[m[K(logger_, "Motor 0x%02X: Reached target position %.2f",
[7.446s]       |                     [01;31m[K^~~~~~~~~~~[m[K
[7.446s] [01m[K/home/ubuntu/Desktop/AK8064_ws_Jun/src/motor_driver/src/ControlMotor.cpp:457:21:[m[K [01;31m[Kerror: [m[Ktemplate argument 1 is invalid
[7.446s]   457 |                     [01;31m[KRCLCPP_INFO[m[K(logger_, "Motor 0x%02X: Reached target position %.2f",
[7.446s]       |                     [01;31m[K^~~~~~~~~~~[m[K
[7.464s] [01m[K/home/ubuntu/Desktop/AK8064_ws_Jun/src/motor_driver/src/ControlMotor.cpp:461:17:[m[K [01;31m[Kerror: [m[Kâ€˜[01m[Kreach_counter_[m[Kâ€™ was not declared in this scope
[7.464s]   461 |                 [01;31m[Kreach_counter_[m[K = 0;
[7.464s]       |                 [01;31m[K^~~~~~~~~~~~~~[m[K
[7.481s] [01m[K/home/ubuntu/Desktop/AK8064_ws_Jun/src/motor_driver/src/ControlMotor.cpp:462:17:[m[K [01;31m[Kerror: [m[Kâ€˜[01m[Ktarget_reached_[m[Kâ€™ was not declared in this scope; did you mean â€˜[01m[KisTargetReached[m[Kâ€™?
[7.481s]   462 |                 [01;31m[Ktarget_reached_[m[K = false;
[7.481s]       |                 [01;31m[K^~~~~~~~~~~~~~~[m[K
[7.482s]       |                 [32m[KisTargetReached[m[K
[7.503s] [01m[K/home/ubuntu/Desktop/AK8064_ws_Jun/src/motor_driver/src/ControlMotor.cpp:464:44:[m[K [01;31m[Kerror: [m[Kâ€˜[01m[Ktarget_positions_[m[Kâ€™ was not declared in this scope
[7.503s]   464 |  } else if (mode_ == Mode::AUTO && ![01;31m[Ktarget_positions_[m[K.empty()) {
[7.503s]       |                                     [01;31m[K^~~~~~~~~~~~~~~~~[m[K
[7.504s] 
[7.530s] [01m[K/home/ubuntu/Desktop/AK8064_ws_Jun/src/motor_driver/src/ControlMotor.cpp:465:46:[m[K [01;31m[Kerror: [m[Kâ€˜[01m[Kcurrent_target_index_[m[Kâ€™ was not declared in this scope
[7.530s]   465 |    float target = target_positions_[[01;31m[Kcurrent_target_index_[m[K];
[7.530s]       |                                     [01;31m[K^~~~~~~~~~~~~~~~~~~~~[m[K
[7.530s] 
[7.540s] [01m[K/home/ubuntu/Desktop/AK8064_ws_Jun/src/motor_driver/src/ControlMotor.cpp:466:13:[m[K [01;31m[Kerror: [m[Kâ€˜[01m[Kcan_[m[Kâ€™ was not declared in this scope
[7.541s]   466 |             [01;31m[Kcan_[m[K->setPositionSpeed(motor_id_, target, static_cast<int>(speed_), static_cast<int>(accel_));
[7.541s]       |             [01;31m[K^~~~[m[K
[7.553s] [01m[K/home/ubuntu/Desktop/AK8064_ws_Jun/src/motor_driver/src/ControlMotor.cpp:466:36:[m[K [01;31m[Kerror: [m[Kâ€˜[01m[Kmotor_id_[m[Kâ€™ was not declared in this scope; did you mean â€˜[01m[KmotorId[m[Kâ€™?
[7.554s]   466 |             can_->setPositionSpeed([01;31m[Kmotor_id_[m[K, target, static_cast<int>(speed_), static_cast<int>(accel_));
[7.554s]       |                                    [01;31m[K^~~~~~~~~[m[K
[7.554s]       |                                    [32m[KmotorId[m[K
[7.566s] [01m[K/home/ubuntu/Desktop/AK8064_ws_Jun/src/motor_driver/src/ControlMotor.cpp:466:72:[m[K [01;31m[Kerror: [m[Kâ€˜[01m[Kspeed_[m[Kâ€™ was not declared in this scope
[7.566s]   466 | motor_id_, target, static_cast<int>([01;31m[Kspeed_[m[K), static_cast<int>(accel_));
[7.566s]       |                                     [01;31m[K^~~~~~[m[K
[7.566s] 
[7.577s] [01m[K/home/ubuntu/Desktop/AK8064_ws_Jun/src/motor_driver/src/ControlMotor.cpp:466:98:[m[K [01;31m[Kerror: [m[Kâ€˜[01m[Kaccel_[m[Kâ€™ was not declared in this scope; did you mean â€˜[01m[Kaccess[m[Kâ€™?
[7.577s]   466 | c_cast<int>(speed_), static_cast<int>([01;31m[Kaccel_[m[K));
[7.577s]       |                                       [01;31m[K^~~~~~[m[K
[7.577s]       |                                       [32m[Kaccess[m[K
[7.600s] [01m[K/home/ubuntu/Desktop/AK8064_ws_Jun/src/motor_driver/src/ControlMotor.cpp:467:52:[m[K [01;31m[Kerror: [m[Kâ€˜[01m[KPOSITION_TOLERANCE[m[Kâ€™ was not declared in this scope
[7.600s]   467 | (std::abs(data.position - target) < [01;31m[KPOSITION_TOLERANCE[m[K) {
[7.600s]       |                                     [01;31m[K^~~~~~~~~~~~~~~~~~[m[K
[7.600s] 
[7.618s] [01m[K/home/ubuntu/Desktop/AK8064_ws_Jun/src/motor_driver/src/ControlMotor.cpp:468:17:[m[K [01;31m[Kerror: [m[Kâ€˜[01m[Kreach_counter_[m[Kâ€™ was not declared in this scope
[7.618s]   468 |                 [01;31m[Kreach_counter_[m[K++;
[7.618s]       |                 [01;31m[K^~~~~~~~~~~~~~[m[K
[7.638s] [01m[K/home/ubuntu/Desktop/AK8064_ws_Jun/src/motor_driver/src/ControlMotor.cpp:469:39:[m[K [01;31m[Kerror: [m[Kâ€˜[01m[Kreach_count_max_[m[Kâ€™ was not declared in this scope
[7.638s]   469 |               if (reach_counter_ >= [01;31m[Kreach_count_max_[m[K) {
[7.638s]       |                                     [01;31m[K^~~~~~~~~~~~~~~~[m[K
[7.638s] 
[7.654s] [01m[K/home/ubuntu/Desktop/AK8064_ws_Jun/src/motor_driver/src/ControlMotor.cpp:471:21:[m[K [01;31m[Kerror: [m[Kâ€˜[01m[Ktarget_reached_[m[Kâ€™ was not declared in this scope; did you mean â€˜[01m[KisTargetReached[m[Kâ€™?
[7.654s]   471 |                     [01;31m[Ktarget_reached_[m[K = true;
[7.654s]       |                     [01;31m[K^~~~~~~~~~~~~~~[m[K
[7.655s]       |                     [32m[KisTargetReached[m[K
[7.666s] In file included from [01m[K/opt/ros/humble/include/rclcpp/rclcpp/client.hpp:40[m[K,
[7.667s]                  from [01m[K/opt/ros/humble/include/rclcpp/rclcpp/callback_group.hpp:24[m[K,
[7.667s]                  from [01m[K/opt/ros/humble/include/rclcpp/rclcpp/any_executable.hpp:20[m[K,
[7.667s]                  from [01m[K/opt/ros/humble/include/rclcpp/rclcpp/memory_strategy.hpp:25[m[K,
[7.667s]                  from [01m[K/opt/ros/humble/include/rclcpp/rclcpp/memory_strategies.hpp:18[m[K,
[7.667s]                  from [01m[K/opt/ros/humble/include/rclcpp/rclcpp/executor_options.hpp:20[m[K,
[7.667s]                  from [01m[K/opt/ros/humble/include/rclcpp/rclcpp/executor.hpp:37[m[K,
[7.667s]                  from [01m[K/opt/ros/humble/include/rclcpp/rclcpp/executors/multi_threaded_executor.hpp:25[m[K,
[7.668s]                  from [01m[K/opt/ros/humble/include/rclcpp/rclcpp/executors.hpp:21[m[K,
[7.668s]                  from [01m[K/opt/ros/humble/include/rclcpp/rclcpp/rclcpp.hpp:155[m[K,
[7.668s]                  from [01m[K/home/ubuntu/Desktop/AK8064_ws_Jun/src/motor_driver/src/ControlMotor.cpp:5[m[K:
[7.668s] [01m[K/home/ubuntu/Desktop/AK8064_ws_Jun/src/motor_driver/src/ControlMotor.cpp:475:37:[m[K [01;31m[Kerror: [m[Kâ€˜[01m[Klogger_[m[Kâ€™ was not declared in this scope
[7.668s]   475 |                         RCLCPP_INFO([01;31m[Klogger_[m[K, "Motor 0x%02X: All targets reached.", motor_id_);
[7.668s]       |                                     [01;31m[K^~~~~~~[m[K
[7.668s] [01m[K/home/ubuntu/Desktop/AK8064_ws_Jun/src/motor_driver/src/ControlMotor.cpp:475:25:[m[K [01;31m[Kerror: [m[Ktemplate argument 1 is invalid
[7.668s]   475 |                         [01;31m[KRCLCPP_INFO[m[K(logger_, "Motor 0x%02X: All targets reached.", motor_id_);
[7.668s]       |                         [01;31m[K^~~~~~~~~~~[m[K
[7.669s] [01m[K/home/ubuntu/Desktop/AK8064_ws_Jun/src/motor_driver/src/ControlMotor.cpp:475:25:[m[K [01;31m[Kerror: [m[Ktemplate argument 1 is invalid
[7.669s]   475 |                         [01;31m[KRCLCPP_INFO[m[K(logger_, "Motor 0x%02X: All targets reached.", motor_id_);
[7.669s]       |                         [01;31m[K^~~~~~~~~~~[m[K
[7.669s] [01m[K/home/ubuntu/Desktop/AK8064_ws_Jun/src/motor_driver/src/ControlMotor.cpp:475:25:[m[K [01;31m[Kerror: [m[Ktemplate argument 1 is invalid
[7.669s]   475 |                         [01;31m[KRCLCPP_INFO[m[K(logger_, "Motor 0x%02X: All targets reached.", motor_id_);
[7.669s]       |                         [01;31m[K^~~~~~~~~~~[m[K
[7.684s] [01m[K/home/ubuntu/Desktop/AK8064_ws_Jun/src/motor_driver/src/ControlMotor.cpp:479:17:[m[K [01;31m[Kerror: [m[Kâ€˜[01m[Kreach_counter_[m[Kâ€™ was not declared in this scope
[7.684s]   479 |                 [01;31m[Kreach_counter_[m[K = 0;
[7.684s]       |                 [01;31m[K^~~~~~~~~~~~~~[m[K
[7.701s] [01m[K/home/ubuntu/Desktop/AK8064_ws_Jun/src/motor_driver/src/ControlMotor.cpp:480:17:[m[K [01;31m[Kerror: [m[Kâ€˜[01m[Ktarget_reached_[m[Kâ€™ was not declared in this scope; did you mean â€˜[01m[KisTargetReached[m[Kâ€™?
[7.701s]   480 |                 [01;31m[Ktarget_reached_[m[K = false;
[7.701s]       |                 [01;31m[K^~~~~~~~~~~~~~~[m[K
[7.701s]       |                 [32m[KisTargetReached[m[K
[7.713s] In file included from [01m[K/opt/ros/humble/include/rclcpp/rclcpp/client.hpp:40[m[K,
[7.713s]                  from [01m[K/opt/ros/humble/include/rclcpp/rclcpp/callback_group.hpp:24[m[K,
[7.714s]                  from [01m[K/opt/ros/humble/include/rclcpp/rclcpp/any_executable.hpp:20[m[K,
[7.714s]                  from [01m[K/opt/ros/humble/include/rclcpp/rclcpp/memory_strategy.hpp:25[m[K,
[7.714s]                  from [01m[K/opt/ros/humble/include/rclcpp/rclcpp/memory_strategies.hpp:18[m[K,
[7.714s]                  from [01m[K/opt/ros/humble/include/rclcpp/rclcpp/executor_options.hpp:20[m[K,
[7.714s]                  from [01m[K/opt/ros/humble/include/rclcpp/rclcpp/executor.hpp:37[m[K,
[7.714s]                  from [01m[K/opt/ros/humble/include/rclcpp/rclcpp/executors/multi_threaded_executor.hpp:25[m[K,
[7.714s]                  from [01m[K/opt/ros/humble/include/rclcpp/rclcpp/executors.hpp:21[m[K,
[7.715s]                  from [01m[K/opt/ros/humble/include/rclcpp/rclcpp/rclcpp.hpp:155[m[K,
[7.715s]                  from [01m[K/home/ubuntu/Desktop/AK8064_ws_Jun/src/motor_driver/src/ControlMotor.cpp:5[m[K:
[7.715s] [01m[K/home/ubuntu/Desktop/AK8064_ws_Jun/src/motor_driver/src/ControlMotor.cpp:483:26:[m[K [01;31m[Kerror: [m[Kâ€˜[01m[Klogger_[m[Kâ€™ was not declared in this scope
[7.715s]   483 |             RCLCPP_ERROR([01;31m[Klogger_[m[K, "Motor 0x%02X: No target positions or command!", motor_id_);
[7.715s]       |                          [01;31m[K^~~~~~~[m[K
[7.715s] [01m[K/home/ubuntu/Desktop/AK8064_ws_Jun/src/motor_driver/src/ControlMotor.cpp:483:13:[m[K [01;31m[Kerror: [m[Ktemplate argument 1 is invalid
[7.715s]   483 |             [01;31m[KRCLCPP_ERROR[m[K(logger_, "Motor 0x%02X: No target positions or command!", motor_id_);
[7.715s]       |             [01;31m[K^~~~~~~~~~~~[m[K
[7.715s] [01m[K/home/ubuntu/Desktop/AK8064_ws_Jun/src/motor_driver/src/ControlMotor.cpp:483:13:[m[K [01;31m[Kerror: [m[Ktemplate argument 1 is invalid
[7.716s]   483 |             [01;31m[KRCLCPP_ERROR[m[K(logger_, "Motor 0x%02X: No target positions or command!", motor_id_);
[7.716s]       |             [01;31m[K^~~~~~~~~~~~[m[K
[7.716s] [01m[K/home/ubuntu/Desktop/AK8064_ws_Jun/src/motor_driver/src/ControlMotor.cpp:483:13:[m[K [01;31m[Kerror: [m[Ktemplate argument 1 is invalid
[7.716s]   483 |             [01;31m[KRCLCPP_ERROR[m[K(logger_, "Motor 0x%02X: No target positions or command!", motor_id_);
[7.716s]       |             [01;31m[K^~~~~~~~~~~~[m[K
[7.728s] In file included from [01m[K/opt/ros/humble/include/rclcpp/rclcpp/logging.hpp:24[m[K,
[7.728s]                  from [01m[K/opt/ros/humble/include/rclcpp/rclcpp/client.hpp:40[m[K,
[7.728s]                  from [01m[K/opt/ros/humble/include/rclcpp/rclcpp/callback_group.hpp:24[m[K,
[7.728s]                  from [01m[K/opt/ros/humble/include/rclcpp/rclcpp/any_executable.hpp:20[m[K,
[7.728s]                  from [01m[K/opt/ros/humble/include/rclcpp/rclcpp/memory_strategy.hpp:25[m[K,
[7.728s]                  from [01m[K/opt/ros/humble/include/rclcpp/rclcpp/memory_strategies.hpp:18[m[K,
[7.728s]                  from [01m[K/opt/ros/humble/include/rclcpp/rclcpp/executor_options.hpp:20[m[K,
[7.728s]                  from [01m[K/opt/ros/humble/include/rclcpp/rclcpp/executor.hpp:37[m[K,
[7.728s]                  from [01m[K/opt/ros/humble/include/rclcpp/rclcpp/executors/multi_threaded_executor.hpp:25[m[K,
[7.729s]                  from [01m[K/opt/ros/humble/include/rclcpp/rclcpp/executors.hpp:21[m[K,
[7.729s]                  from [01m[K/opt/ros/humble/include/rclcpp/rclcpp/rclcpp.hpp:155[m[K,
[7.729s]                  from [01m[K/home/ubuntu/Desktop/AK8064_ws_Jun/src/motor_driver/src/ControlMotor.cpp:5[m[K:
[7.729s] [01m[K/home/ubuntu/Desktop/AK8064_ws_Jun/src/motor_driver/src/ControlMotor.cpp:483:84:[m[K [01;31m[Kerror: [m[Kâ€˜[01m[Kmotor_id_[m[Kâ€™ was not declared in this scope; did you mean â€˜[01m[KmotorId[m[Kâ€™?
[7.729s]   483 | : No target positions or command!", [01;31m[Kmotor_id_[m[K);
[7.729s]       |                                     [01;31m[K^~~~~~~~~[m[K
[7.729s] 
[7.744s] [01m[K/home/ubuntu/Desktop/AK8064_ws_Jun/src/motor_driver/src/ControlMotor.cpp:485:13:[m[K [01;31m[Kerror: [m[Kâ€˜[01m[KtransitionTo[m[Kâ€™ was not declared in this scope
[7.744s]   485 |             [01;31m[KtransitionTo[m[K(State::STOPPED);
[7.744s]       |             [01;31m[K^~~~~~~~~~~~[m[K
[7.761s] [01m[K/home/ubuntu/Desktop/AK8064_ws_Jun/src/motor_driver/src/ControlMotor.cpp:[m[K In member function â€˜[01m[Kvoid MotorController::handlePaused(const MotorData&)[m[Kâ€™:
[7.761s] [01m[K/home/ubuntu/Desktop/AK8064_ws_Jun/src/motor_driver/src/ControlMotor.cpp:553:17:[m[K [01;31m[Kerror: [m[Kâ€˜[01m[Klast_command_[m[Kâ€™ was not declared in this scope
[7.761s]   553 |             if ([01;31m[Klast_command_[m[K == "PAUSE" &&
[7.762s]       |                 [01;31m[K^~~~~~~~~~~~~[m[K
[7.772s] [01m[K/home/ubuntu/Desktop/AK8064_ws_Jun/src/motor_driver/src/ControlMotor.cpp:554:18:[m[K [01;31m[Kerror: [m[Kâ€˜[01m[Knode_[m[Kâ€™ was not declared in this scope; did you mean â€˜[01m[Kmode_t[m[Kâ€™?
[7.772s]   554 |                 ([01;31m[Knode_[m[K->now() - last_command_time_) < rclcpp::Duration::from_seconds(0.3)) {
[7.772s]       |                  [01;31m[K^~~~~[m[K
[7.772s]       |                  [32m[Kmode_t[m[K
[7.795s] [01m[K/home/ubuntu/Desktop/AK8064_ws_Jun/src/motor_driver/src/ControlMotor.cpp:554:33:[m[K [01;31m[Kerror: [m[Kâ€˜[01m[Klast_command_time_[m[Kâ€™ was not declared in this scope
[7.795s]   554 |                 (node_->now() - [01;31m[Klast_command_time_[m[K) < rclcpp::Duration::from_seconds(0.3)) {
[7.795s]       |                                 [01;31m[K^~~~~~~~~~~~~~~~~~[m[K
[7.805s] [01m[K/home/ubuntu/Desktop/AK8064_ws_Jun/src/motor_driver/src/ControlMotor.cpp:555:21:[m[K [01;31m[Kerror: [m[Kâ€˜[01m[Kcan_[m[Kâ€™ was not declared in this scope
[7.805s]   555 |                 if ([01;31m[Kcan_[m[K->setPositionSpeed(motor_id_, pause_position_, 100, 100)) {
[7.805s]       |                     [01;31m[K^~~~[m[K
[7.818s] [01m[K/home/ubuntu/Desktop/AK8064_ws_Jun/src/motor_driver/src/ControlMotor.cpp:555:44:[m[K [01;31m[Kerror: [m[Kâ€˜[01m[Kmotor_id_[m[Kâ€™ was not declared in this scope; did you mean â€˜[01m[KmotorId[m[Kâ€™?
[7.818s]   555 |          if (can_->setPositionSpeed([01;31m[Kmotor_id_[m[K, pause_position_, 100, 100)) {
[7.818s]       |                                     [01;31m[K^~~~~~~~~[m[K
[7.818s]       |                                     [32m[KmotorId[m[K
[7.838s] [01m[K/home/ubuntu/Desktop/AK8064_ws_Jun/src/motor_driver/src/ControlMotor.cpp:555:55:[m[K [01;31m[Kerror: [m[Kâ€˜[01m[Kpause_position_[m[Kâ€™ was not declared in this scope
[7.839s]   555 |  (can_->setPositionSpeed(motor_id_, [01;31m[Kpause_position_[m[K, 100, 100)) {
[7.839s]       |                                     [01;31m[K^~~~~~~~~~~~~~~[m[K
[7.839s] 
[7.855s] [01m[K/home/ubuntu/Desktop/AK8064_ws_Jun/src/motor_driver/src/ControlMotor.cpp:556:21:[m[K [01;31m[Kerror: [m[Kâ€˜[01m[Ktarget_reached_[m[Kâ€™ was not declared in this scope; did you mean â€˜[01m[KisTargetReached[m[Kâ€™?
[7.855s]   556 |                     [01;31m[Ktarget_reached_[m[K = (std::abs(data.velocity) < VELOCITY_TOLERANCE);
[7.856s]       |                     [01;31m[K^~~~~~~~~~~~~~~[m[K
[7.856s]       |                     [32m[KisTargetReached[m[K
[7.879s] [01m[K/home/ubuntu/Desktop/AK8064_ws_Jun/src/motor_driver/src/ControlMotor.cpp:556:66:[m[K [01;31m[Kerror: [m[Kâ€˜[01m[KVELOCITY_TOLERANCE[m[Kâ€™ was not declared in this scope
[7.879s]   556 | ached_ = (std::abs(data.velocity) < [01;31m[KVELOCITY_TOLERANCE[m[K);
[7.879s]       |                                     [01;31m[K^~~~~~~~~~~~~~~~~~[m[K
[7.879s] 
[7.891s] In file included from [01m[K/opt/ros/humble/include/rclcpp/rclcpp/client.hpp:40[m[K,
[7.891s]                  from [01m[K/opt/ros/humble/include/rclcpp/rclcpp/callback_group.hpp:24[m[K,
[7.891s]                  from [01m[K/opt/ros/humble/include/rclcpp/rclcpp/any_executable.hpp:20[m[K,
[7.892s]                  from [01m[K/opt/ros/humble/include/rclcpp/rclcpp/memory_strategy.hpp:25[m[K,
[7.892s]                  from [01m[K/opt/ros/humble/include/rclcpp/rclcpp/memory_strategies.hpp:18[m[K,
[7.892s]                  from [01m[K/opt/ros/humble/include/rclcpp/rclcpp/executor_options.hpp:20[m[K,
[7.893s]                  from [01m[K/opt/ros/humble/include/rclcpp/rclcpp/executor.hpp:37[m[K,
[7.893s]                  from [01m[K/opt/ros/humble/include/rclcpp/rclcpp/executors/multi_threaded_executor.hpp:25[m[K,
[7.893s]                  from [01m[K/opt/ros/humble/include/rclcpp/rclcpp/executors.hpp:21[m[K,
[7.893s]                  from [01m[K/opt/ros/humble/include/rclcpp/rclcpp/rclcpp.hpp:155[m[K,
[7.893s]                  from [01m[K/home/ubuntu/Desktop/AK8064_ws_Jun/src/motor_driver/src/ControlMotor.cpp:5[m[K:
[7.893s] [01m[K/home/ubuntu/Desktop/AK8064_ws_Jun/src/motor_driver/src/ControlMotor.cpp:557:33:[m[K [01;31m[Kerror: [m[Kâ€˜[01m[Klogger_[m[Kâ€™ was not declared in this scope
[7.893s]   557 |                     RCLCPP_INFO([01;31m[Klogger_[m[K, "Motor 0x%02X: Decelerating, velocity: %.2f",
[7.894s]       |                                 [01;31m[K^~~~~~~[m[K
[7.894s] [01m[K/home/ubuntu/Desktop/AK8064_ws_Jun/src/motor_driver/src/ControlMotor.cpp:557:21:[m[K [01;31m[Kerror: [m[Ktemplate argument 1 is invalid
[7.894s]   557 |                     [01;31m[KRCLCPP_INFO[m[K(logger_, "Motor 0x%02X: Decelerating, velocity: %.2f",
[7.894s]       |                     [01;31m[K^~~~~~~~~~~[m[K
[7.894s] [01m[K/home/ubuntu/Desktop/AK8064_ws_Jun/src/motor_driver/src/ControlMotor.cpp:557:21:[m[K [01;31m[Kerror: [m[Ktemplate argument 1 is invalid
[7.894s]   557 |                     [01;31m[KRCLCPP_INFO[m[K(logger_, "Motor 0x%02X: Decelerating, velocity: %.2f",
[7.895s]       |                     [01;31m[K^~~~~~~~~~~[m[K
[7.895s] [01m[K/home/ubuntu/Desktop/AK8064_ws_Jun/src/motor_driver/src/ControlMotor.cpp:557:21:[m[K [01;31m[Kerror: [m[Ktemplate argument 1 is invalid
[7.895s]   557 |                     [01;31m[KRCLCPP_INFO[m[K(logger_, "Motor 0x%02X: Decelerating, velocity: %.2f",
[7.895s]       |                     [01;31m[K^~~~~~~~~~~[m[K
[7.905s] [01m[K/home/ubuntu/Desktop/AK8064_ws_Jun/src/motor_driver/src/ControlMotor.cpp:560:34:[m[K [01;31m[Kerror: [m[Kâ€˜[01m[Klogger_[m[Kâ€™ was not declared in this scope
[7.905s]   560 |                     RCLCPP_ERROR([01;31m[Klogger_[m[K, "Motor 0x%02X: Failed to decelerate", motor_id_);
[7.905s]       |                                  [01;31m[K^~~~~~~[m[K
[7.906s] [01m[K/home/ubuntu/Desktop/AK8064_ws_Jun/src/motor_driver/src/ControlMotor.cpp:560:21:[m[K [01;31m[Kerror: [m[Ktemplate argument 1 is invalid
[7.906s]   560 |                     [01;31m[KRCLCPP_ERROR[m[K(logger_, "Motor 0x%02X: Failed to decelerate", motor_id_);
[7.906s]       |                     [01;31m[K^~~~~~~~~~~~[m[K
[7.906s] [01m[K/home/ubuntu/Desktop/AK8064_ws_Jun/src/motor_driver/src/ControlMotor.cpp:560:21:[m[K [01;31m[Kerror: [m[Ktemplate argument 1 is invalid
[7.906s]   560 |                     [01;31m[KRCLCPP_ERROR[m[K(logger_, "Motor 0x%02X: Failed to decelerate", motor_id_);
[7.906s]       |                     [01;31m[K^~~~~~~~~~~~[m[K
[7.907s] [01m[K/home/ubuntu/Desktop/AK8064_ws_Jun/src/motor_driver/src/ControlMotor.cpp:560:21:[m[K [01;31m[Kerror: [m[Ktemplate argument 1 is invalid
[7.907s]   560 |                     [01;31m[KRCLCPP_ERROR[m[K(logger_, "Motor 0x%02X: Failed to decelerate", motor_id_);
[7.907s]       |                     [01;31m[K^~~~~~~~~~~~[m[K
[7.922s] [01m[K/home/ubuntu/Desktop/AK8064_ws_Jun/src/motor_driver/src/ControlMotor.cpp:561:21:[m[K [01;31m[Kerror: [m[Kâ€˜[01m[KtransitionTo[m[Kâ€™ was not declared in this scope
[7.922s]   561 |                     [01;31m[KtransitionTo[m[K(State::ERROR);
[7.922s]       |                     [01;31m[K^~~~~~~~~~~~[m[K
[7.941s] [01m[K/home/ubuntu/Desktop/AK8064_ws_Jun/src/motor_driver/src/ControlMotor.cpp:567:36:[m[K [01;31m[Kerror: [m[Kâ€˜[01m[Kpause_position_[m[Kâ€™ was not declared in this scope
[7.942s]   567 |                 float target_pos = [01;31m[Kpause_position_[m[K;
[7.942s]       |                                    [01;31m[K^~~~~~~~~~~~~~~[m[K
[7.951s] [01m[K/home/ubuntu/Desktop/AK8064_ws_Jun/src/motor_driver/src/ControlMotor.cpp:570:47:[m[K [01;31m[Kerror: [m[Kâ€˜[01m[Kmode_[m[Kâ€™ was not declared in this scope; did you mean â€˜[01m[Kmode_t[m[Kâ€™?
[7.951s]   570 |       if (last_command_ == "UP" || ([01;31m[Kmode_[m[K == Mode::AUTO && !target_positions_.empty() &&
[7.951s]       |                                     [01;31m[K^~~~~[m[K
[7.951s]       |                                     [32m[Kmode_t[m[K
[7.972s] [01m[K/home/ubuntu/Desktop/AK8064_ws_Jun/src/motor_driver/src/ControlMotor.cpp:570:71:[m[K [01;31m[Kerror: [m[Kâ€˜[01m[Ktarget_positions_[m[Kâ€™ was not declared in this scope
[7.972s]   570 | == "UP" || (mode_ == Mode::AUTO && ![01;31m[Ktarget_positions_[m[K.empty() &&
[7.972s]       |                                     [01;31m[K^~~~~~~~~~~~~~~~~[m[K
[7.972s] 
[7.997s] [01m[K/home/ubuntu/Desktop/AK8064_ws_Jun/src/motor_driver/src/ControlMotor.cpp:571:55:[m[K [01;31m[Kerror: [m[Kâ€˜[01m[Kcurrent_target_index_[m[Kâ€™ was not declared in this scope
[7.997s]   571 |   data.position < target_positions_[[01;31m[Kcurrent_target_index_[m[K])) {
[7.997s]       |                                     [01;31m[K^~~~~~~~~~~~~~~~~~~~~[m[K
[7.997s] 
[8.011s] [01m[K/home/ubuntu/Desktop/AK8064_ws_Jun/src/motor_driver/src/ControlMotor.cpp:579:53:[m[K [01;31m[Kerror: [m[Kâ€˜[01m[Kmin_angle_[m[Kâ€™ was not declared in this scope
[8.011s]   579 | target_pos = std::clamp(target_pos, [01;31m[Kmin_angle_[m[K, max_angle_);
[8.012s]       |                                     [01;31m[K^~~~~~~~~~[m[K
[8.012s] 
[8.026s] [01m[K/home/ubuntu/Desktop/AK8064_ws_Jun/src/motor_driver/src/ControlMotor.cpp:579:65:[m[K [01;31m[Kerror: [m[Kâ€˜[01m[Kmax_angle_[m[Kâ€™ was not declared in this scope
[8.026s]   579 |  std::clamp(target_pos, min_angle_, [01;31m[Kmax_angle_[m[K);
[8.026s]       |                                     [01;31m[K^~~~~~~~~~[m[K
[8.026s] 
[8.036s] [01m[K/home/ubuntu/Desktop/AK8064_ws_Jun/src/motor_driver/src/ControlMotor.cpp:581:21:[m[K [01;31m[Kerror: [m[Kâ€˜[01m[Kcan_[m[Kâ€™ was not declared in this scope
[8.036s]   581 |                 if ([01;31m[Kcan_[m[K->setPositionSpeed(motor_id_, target_pos, 2000, 2000)) {
[8.036s]       |                     [01;31m[K^~~~[m[K
[8.048s] [01m[K/home/ubuntu/Desktop/AK8064_ws_Jun/src/motor_driver/src/ControlMotor.cpp:581:44:[m[K [01;31m[Kerror: [m[Kâ€˜[01m[Kmotor_id_[m[Kâ€™ was not declared in this scope; did you mean â€˜[01m[KmotorId[m[Kâ€™?
[8.049s]   581 |          if (can_->setPositionSpeed([01;31m[Kmotor_id_[m[K, target_pos, 2000, 2000)) {
[8.049s]       |                                     [01;31m[K^~~~~~~~~[m[K
[8.049s]       |                                     [32m[KmotorId[m[K
[8.065s] [01m[K/home/ubuntu/Desktop/AK8064_ws_Jun/src/motor_driver/src/ControlMotor.cpp:582:21:[m[K [01;31m[Kerror: [m[Kâ€˜[01m[Ktarget_reached_[m[Kâ€™ was not declared in this scope; did you mean â€˜[01m[KisTargetReached[m[Kâ€™?
[8.065s]   582 |                     [01;31m[Ktarget_reached_[m[K = true;
[8.065s]       |                     [01;31m[K^~~~~~~~~~~~~~~[m[K
[8.065s]       |                     [32m[KisTargetReached[m[K
[8.077s] In file included from [01m[K/opt/ros/humble/include/rclcpp/rclcpp/client.hpp:40[m[K,
[8.077s]                  from [01m[K/opt/ros/humble/include/rclcpp/rclcpp/callback_group.hpp:24[m[K,
[8.077s]                  from [01m[K/opt/ros/humble/include/rclcpp/rclcpp/any_executable.hpp:20[m[K,
[8.077s]                  from [01m[K/opt/ros/humble/include/rclcpp/rclcpp/memory_strategy.hpp:25[m[K,
[8.078s]                  from [01m[K/opt/ros/humble/include/rclcpp/rclcpp/memory_strategies.hpp:18[m[K,
[8.078s]                  from [01m[K/opt/ros/humble/include/rclcpp/rclcpp/executor_options.hpp:20[m[K,
[8.078s]                  from [01m[K/opt/ros/humble/include/rclcpp/rclcpp/executor.hpp:37[m[K,
[8.078s]                  from [01m[K/opt/ros/humble/include/rclcpp/rclcpp/executors/multi_threaded_executor.hpp:25[m[K,
[8.078s]                  from [01m[K/opt/ros/humble/include/rclcpp/rclcpp/executors.hpp:21[m[K,
[8.078s]                  from [01m[K/opt/ros/humble/include/rclcpp/rclcpp/rclcpp.hpp:155[m[K,
[8.078s]                  from [01m[K/home/ubuntu/Desktop/AK8064_ws_Jun/src/motor_driver/src/ControlMotor.cpp:5[m[K:
[8.078s] [01m[K/home/ubuntu/Desktop/AK8064_ws_Jun/src/motor_driver/src/ControlMotor.cpp:583:33:[m[K [01;31m[Kerror: [m[Kâ€˜[01m[Klogger_[m[Kâ€™ was not declared in this scope
[8.078s]   583 |                     RCLCPP_INFO([01;31m[Klogger_[m[K, "Motor 0x%02X: Holding at %.2f with offset, velocity: %.2f",
[8.079s]       |                                 [01;31m[K^~~~~~~[m[K
[8.079s] [01m[K/home/ubuntu/Desktop/AK8064_ws_Jun/src/motor_driver/src/ControlMotor.cpp:583:21:[m[K [01;31m[Kerror: [m[Ktemplate argument 1 is invalid
[8.079s]   583 |                     [01;31m[KRCLCPP_INFO[m[K(logger_, "Motor 0x%02X: Holding at %.2f with offset, velocity: %.2f",
[8.079s]       |                     [01;31m[K^~~~~~~~~~~[m[K
[8.079s] [01m[K/home/ubuntu/Desktop/AK8064_ws_Jun/src/motor_driver/src/ControlMotor.cpp:583:21:[m[K [01;31m[Kerror: [m[Ktemplate argument 1 is invalid
[8.079s]   583 |                     [01;31m[KRCLCPP_INFO[m[K(logger_, "Motor 0x%02X: Holding at %.2f with offset, velocity: %.2f",
[8.079s]       |                     [01;31m[K^~~~~~~~~~~[m[K
[8.079s] [01m[K/home/ubuntu/Desktop/AK8064_ws_Jun/src/motor_driver/src/ControlMotor.cpp:583:21:[m[K [01;31m[Kerror: [m[Ktemplate argument 1 is invalid
[8.079s]   583 |                     [01;31m[KRCLCPP_INFO[m[K(logger_, "Motor 0x%02X: Holding at %.2f with offset, velocity: %.2f",
[8.079s]       |                     [01;31m[K^~~~~~~~~~~[m[K
[8.090s] [01m[K/home/ubuntu/Desktop/AK8064_ws_Jun/src/motor_driver/src/ControlMotor.cpp:586:34:[m[K [01;31m[Kerror: [m[Kâ€˜[01m[Klogger_[m[Kâ€™ was not declared in this scope
[8.090s]   586 |                     RCLCPP_ERROR([01;31m[Klogger_[m[K, "Motor 0x%02X: Failed to hold position", motor_id_);
[8.090s]       |                                  [01;31m[K^~~~~~~[m[K
[8.090s] [01m[K/home/ubuntu/Desktop/AK8064_ws_Jun/src/motor_driver/src/ControlMotor.cpp:586:21:[m[K [01;31m[Kerror: [m[Ktemplate argument 1 is invalid
[8.090s]   586 |                     [01;31m[KRCLCPP_ERROR[m[K(logger_, "Motor 0x%02X: Failed to hold position", motor_id_);
[8.090s]       |                     [01;31m[K^~~~~~~~~~~~[m[K
[8.090s] [01m[K/home/ubuntu/Desktop/AK8064_ws_Jun/src/motor_driver/src/ControlMotor.cpp:586:21:[m[K [01;31m[Kerror: [m[Ktemplate argument 1 is invalid
[8.090s]   586 |                     [01;31m[KRCLCPP_ERROR[m[K(logger_, "Motor 0x%02X: Failed to hold position", motor_id_);
[8.091s]       |                     [01;31m[K^~~~~~~~~~~~[m[K
[8.091s] [01m[K/home/ubuntu/Desktop/AK8064_ws_Jun/src/motor_driver/src/ControlMotor.cpp:586:21:[m[K [01;31m[Kerror: [m[Ktemplate argument 1 is invalid
[8.091s]   586 |                     [01;31m[KRCLCPP_ERROR[m[K(logger_, "Motor 0x%02X: Failed to hold position", motor_id_);
[8.091s]       |                     [01;31m[K^~~~~~~~~~~~[m[K
[8.106s] [01m[K/home/ubuntu/Desktop/AK8064_ws_Jun/src/motor_driver/src/ControlMotor.cpp:587:21:[m[K [01;31m[Kerror: [m[Kâ€˜[01m[KtransitionTo[m[Kâ€™ was not declared in this scope
[8.107s]   587 |                     [01;31m[KtransitionTo[m[K(State::ERROR);
[8.107s]       |                     [01;31m[K^~~~~~~~~~~~[m[K
[8.119s] In file included from [01m[K/opt/ros/humble/include/rclcpp/rclcpp/client.hpp:40[m[K,
[8.119s]                  from [01m[K/opt/ros/humble/include/rclcpp/rclcpp/callback_group.hpp:24[m[K,
[8.119s]                  from [01m[K/opt/ros/humble/include/rclcpp/rclcpp/any_executable.hpp:20[m[K,
[8.119s]                  from [01m[K/opt/ros/humble/include/rclcpp/rclcpp/memory_strategy.hpp:25[m[K,
[8.120s]                  from [01m[K/opt/ros/humble/include/rclcpp/rclcpp/memory_strategies.hpp:18[m[K,
[8.120s]                  from [01m[K/opt/ros/humble/include/rclcpp/rclcpp/executor_options.hpp:20[m[K,
[8.120s]                  from [01m[K/opt/ros/humble/include/rclcpp/rclcpp/executor.hpp:37[m[K,
[8.120s]                  from [01m[K/opt/ros/humble/include/rclcpp/rclcpp/executors/multi_threaded_executor.hpp:25[m[K,
[8.120s]                  from [01m[K/opt/ros/humble/include/rclcpp/rclcpp/executors.hpp:21[m[K,
[8.121s]                  from [01m[K/opt/ros/humble/include/rclcpp/rclcpp/rclcpp.hpp:155[m[K,
[8.121s]                  from [01m[K/home/ubuntu/Desktop/AK8064_ws_Jun/src/motor_driver/src/ControlMotor.cpp:5[m[K:
[8.121s] [01m[K/home/ubuntu/Desktop/AK8064_ws_Jun/src/motor_driver/src/ControlMotor.cpp:591:26:[m[K [01;31m[Kerror: [m[Kâ€˜[01m[Klogger_[m[Kâ€™ was not declared in this scope
[8.121s]   591 |             RCLCPP_ERROR([01;31m[Klogger_[m[K, "Motor 0x%02X: PAUSED failed: %s", motor_id_, e.what());
[8.121s]       |                          [01;31m[K^~~~~~~[m[K
[8.121s] [01m[K/home/ubuntu/Desktop/AK8064_ws_Jun/src/motor_driver/src/ControlMotor.cpp:591:13:[m[K [01;31m[Kerror: [m[Ktemplate argument 1 is invalid
[8.121s]   591 |             [01;31m[KRCLCPP_ERROR[m[K(logger_, "Motor 0x%02X: PAUSED failed: %s", motor_id_, e.what());
[8.122s]       |             [01;31m[K^~~~~~~~~~~~[m[K
[8.122s] [01m[K/home/ubuntu/Desktop/AK8064_ws_Jun/src/motor_driver/src/ControlMotor.cpp:591:13:[m[K [01;31m[Kerror: [m[Ktemplate argument 1 is invalid
[8.122s]   591 |             [01;31m[KRCLCPP_ERROR[m[K(logger_, "Motor 0x%02X: PAUSED failed: %s", motor_id_, e.what());
[8.122s]       |             [01;31m[K^~~~~~~~~~~~[m[K
[8.122s] [01m[K/home/ubuntu/Desktop/AK8064_ws_Jun/src/motor_driver/src/ControlMotor.cpp:591:13:[m[K [01;31m[Kerror: [m[Ktemplate argument 1 is invalid
[8.122s]   591 |             [01;31m[KRCLCPP_ERROR[m[K(logger_, "Motor 0x%02X: PAUSED failed: %s", motor_id_, e.what());
[8.122s]       |             [01;31m[K^~~~~~~~~~~~[m[K
[8.132s] In file included from [01m[K/opt/ros/humble/include/rclcpp/rclcpp/logging.hpp:24[m[K,
[8.132s]                  from [01m[K/opt/ros/humble/include/rclcpp/rclcpp/client.hpp:40[m[K,
[8.132s]                  from [01m[K/opt/ros/humble/include/rclcpp/rclcpp/callback_group.hpp:24[m[K,
[8.132s]                  from [01m[K/opt/ros/humble/include/rclcpp/rclcpp/any_executable.hpp:20[m[K,
[8.133s]                  from [01m[K/opt/ros/humble/include/rclcpp/rclcpp/memory_strategy.hpp:25[m[K,
[8.133s]                  from [01m[K/opt/ros/humble/include/rclcpp/rclcpp/memory_strategies.hpp:18[m[K,
[8.133s]                  from [01m[K/opt/ros/humble/include/rclcpp/rclcpp/executor_options.hpp:20[m[K,
[8.133s]                  from [01m[K/opt/ros/humble/include/rclcpp/rclcpp/executor.hpp:37[m[K,
[8.133s]                  from [01m[K/opt/ros/humble/include/rclcpp/rclcpp/executors/multi_threaded_executor.hpp:25[m[K,
[8.133s]                  from [01m[K/opt/ros/humble/include/rclcpp/rclcpp/executors.hpp:21[m[K,
[8.133s]                  from [01m[K/opt/ros/humble/include/rclcpp/rclcpp/rclcpp.hpp:155[m[K,
[8.133s]                  from [01m[K/home/ubuntu/Desktop/AK8064_ws_Jun/src/motor_driver/src/ControlMotor.cpp:5[m[K:
[8.133s] [01m[K/home/ubuntu/Desktop/AK8064_ws_Jun/src/motor_driver/src/ControlMotor.cpp:591:70:[m[K [01;31m[Kerror: [m[Kâ€˜[01m[Kmotor_id_[m[Kâ€™ was not declared in this scope; did you mean â€˜[01m[KmotorId[m[Kâ€™?
[8.134s]   591 |  "Motor 0x%02X: PAUSED failed: %s", [01;31m[Kmotor_id_[m[K, e.what());
[8.134s]       |                                     [01;31m[K^~~~~~~~~[m[K
[8.134s] 
[8.149s] [01m[K/home/ubuntu/Desktop/AK8064_ws_Jun/src/motor_driver/src/ControlMotor.cpp:592:13:[m[K [01;31m[Kerror: [m[Kâ€˜[01m[KtransitionTo[m[Kâ€™ was not declared in this scope
[8.149s]   592 |             [01;31m[KtransitionTo[m[K(State::ERROR);
[8.149s]       |             [01;31m[K^~~~~~~~~~~~[m[K
[8.149s] [01m[K/home/ubuntu/Desktop/AK8064_ws_Jun/src/motor_driver/src/ControlMotor.cpp:596:47:[m[K [01;31m[Kerror: [m[Ka function-definition is not allowed here before â€˜[01m[K{[m[Kâ€™ token
[8.149s]   596 |     void handleStopped(const MotorData& data) [01;31m[K{[m[K
[8.149s]       |                                               [01;31m[K^[m[K
[8.149s] [01m[K/home/ubuntu/Desktop/AK8064_ws_Jun/src/motor_driver/src/ControlMotor.cpp:600:45:[m[K [01;31m[Kerror: [m[Ka function-definition is not allowed here before â€˜[01m[K{[m[Kâ€™ token
[8.149s]   600 |     void handleError(const MotorData& data) [01;31m[K{[m[K
[8.150s]       |                                             [01;31m[K^[m[K
[8.150s] [01m[K/home/ubuntu/Desktop/AK8064_ws_Jun/src/motor_driver/src/ControlMotor.cpp:628:33:[m[K [01;31m[Kerror: [m[Ka function-definition is not allowed here before â€˜[01m[K{[m[Kâ€™ token
[8.150s]   628 |     void initializeCommandMap() [01;31m[K{[m[K
[8.150s]       |                                 [01;31m[K^[m[K
[8.150s] [01m[K/home/ubuntu/Desktop/AK8064_ws_Jun/src/motor_driver/src/ControlMotor.cpp:790:66:[m[K [01;31m[Kerror: [m[Ka function-definition is not allowed here before â€˜[01m[K{[m[Kâ€™ token
[8.150s]   790 | sitions(const std::vector<double>& positions) [01;31m[K{[m[K
[8.150s]       |                                               [01;31m[K^[m[K
[8.151s] 
[8.151s] [01m[K/home/ubuntu/Desktop/AK8064_ws_Jun/src/motor_driver/src/ControlMotor.cpp:800:26:[m[K [01;31m[Kerror: [m[Ka function-definition is not allowed here before â€˜[01m[K{[m[Kâ€™ token
[8.151s]   800 |     void validateSpeed() [01;31m[K{[m[K
[8.151s]       |                          [01;31m[K^[m[K
[8.151s] [01m[K/home/ubuntu/Desktop/AK8064_ws_Jun/src/motor_driver/src/ControlMotor.cpp:808:26:[m[K [01;31m[Kerror: [m[Ka function-definition is not allowed here before â€˜[01m[K{[m[Kâ€™ token
[8.151s]   808 |     void validateAccel() [01;31m[K{[m[K
[8.152s]       |                          [01;31m[K^[m[K
[8.152s] [01m[K/home/ubuntu/Desktop/AK8064_ws_Jun/src/motor_driver/src/ControlMotor.cpp:816:25:[m[K [01;31m[Kerror: [m[Ka function-definition is not allowed here before â€˜[01m[K{[m[Kâ€™ token
[8.152s]   816 |     void validateStep() [01;31m[K{[m[K
[8.152s]       |                         [01;31m[K^[m[K
[8.152s] [01m[K/home/ubuntu/Desktop/AK8064_ws_Jun/src/motor_driver/src/ControlMotor.cpp:823:27:[m[K [01;31m[Kerror: [m[Ka function-definition is not allowed here before â€˜[01m[K{[m[Kâ€™ token
[8.152s]   823 |     void validateRepeat() [01;31m[K{[m[K
[8.152s]       |                           [01;31m[K^[m[K
[8.152s] [01m[K/home/ubuntu/Desktop/AK8064_ws_Jun/src/motor_driver/src/ControlMotor.cpp:830:40:[m[K [01;31m[Kerror: [m[Ka function-definition is not allowed here before â€˜[01m[K{[m[Kâ€™ token
[8.152s]   830 |     void transitionTo(State new_state) [01;31m[K{[m[K
[8.153s]       |                                        [01;31m[K^[m[K
[8.153s] [01m[K/home/ubuntu/Desktop/AK8064_ws_Jun/src/motor_driver/src/ControlMotor.cpp:838:22:[m[K [01;31m[Kerror: [m[Ka function-definition is not allowed here before â€˜[01m[K{[m[Kâ€™ token
[8.153s]   838 |     void setOrigin() [01;31m[K{[m[K
[8.153s]       |                      [01;31m[K^[m[K
[8.153s] [01m[K/home/ubuntu/Desktop/AK8064_ws_Jun/src/motor_driver/src/ControlMotor.cpp:852:33:[m[K [01;31m[Kerror: [m[Ka function-definition is not allowed here before â€˜[01m[K{[m[Kâ€™ token
[8.153s]   852 |     void initializeParameters() [01;31m[K{[m[K
[8.153s]       |                                 [01;31m[K^[m[K
[8.153s] [01m[K/home/ubuntu/Desktop/AK8064_ws_Jun/src/motor_driver/src/ControlMotor.cpp:892:1:[m[K [01;31m[Kerror: [m[Kexpected primary-expression before â€˜[01m[Kpublic[m[Kâ€™
[8.154s]   892 | [01;31m[Kpublic[m[K:
[8.154s]       | [01;31m[K^~~~~~[m[K
[8.154s] [01m[K/home/ubuntu/Desktop/AK8064_ws_Jun/src/motor_driver/src/ControlMotor.cpp:895:1:[m[K [01;31m[Kerror: [m[Kexpected primary-expression before â€˜[01m[Kprivate[m[Kâ€™
[8.154s]   895 | [01;31m[Kprivate[m[K:
[8.154s]       | [01;31m[K^~~~~~~[m[K
[8.154s] [01m[K/home/ubuntu/Desktop/AK8064_ws_Jun/src/motor_driver/src/ControlMotor.cpp:903:20:[m[K [01;31m[Kerror: [m[Kâ€˜[01m[Krclcpp::Logger::Logger()[m[Kâ€™ is private within this context
[8.154s]   903 |     rclcpp::Logger [01;31m[Klogger_[m[K;
[8.154s]       |                    [01;31m[K^~~~~~~[m[K
[8.154s] In file included from [01m[K/opt/ros/humble/include/rclcpp/rclcpp/logging.hpp:23[m[K,
[8.155s]                  from [01m[K/opt/ros/humble/include/rclcpp/rclcpp/client.hpp:40[m[K,
[8.155s]                  from [01m[K/opt/ros/humble/include/rclcpp/rclcpp/callback_group.hpp:24[m[K,
[8.155s]                  from [01m[K/opt/ros/humble/include/rclcpp/rclcpp/any_executable.hpp:20[m[K,
[8.155s]                  from [01m[K/opt/ros/humble/include/rclcpp/rclcpp/memory_strategy.hpp:25[m[K,
[8.155s]                  from [01m[K/opt/ros/humble/include/rclcpp/rclcpp/memory_strategies.hpp:18[m[K,
[8.155s]                  from [01m[K/opt/ros/humble/include/rclcpp/rclcpp/executor_options.hpp:20[m[K,
[8.155s]                  from [01m[K/opt/ros/humble/include/rclcpp/rclcpp/executor.hpp:37[m[K,
[8.155s]                  from [01m[K/opt/ros/humble/include/rclcpp/rclcpp/executors/multi_threaded_executor.hpp:25[m[K,
[8.156s]                  from [01m[K/opt/ros/humble/include/rclcpp/rclcpp/executors.hpp:21[m[K,
[8.156s]                  from [01m[K/opt/ros/humble/include/rclcpp/rclcpp/rclcpp.hpp:155[m[K,
[8.156s]                  from [01m[K/home/ubuntu/Desktop/AK8064_ws_Jun/src/motor_driver/src/ControlMotor.cpp:5[m[K:
[8.156s] [01m[K/opt/ros/humble/include/rclcpp/rclcpp/logger.hpp:114:3:[m[K [01;36m[Knote: [m[Kdeclared private here
[8.156s]   114 |   [01;36m[KLogger[m[K()
[8.156s]       |   [01;36m[K^~~~~~[m[K
[8.156s] [01m[K/home/ubuntu/Desktop/AK8064_ws_Jun/src/motor_driver/src/ControlMotor.cpp:921:19:[m[K [01;31m[Kerror: [m[Kno matching function for call to â€˜[01m[KSafetyChecker::SafetyChecker()[m[Kâ€™
[8.156s]   921 |     SafetyChecker [01;31m[Ksafety_checker_[m[K;
[8.156s]       |                   [01;31m[K^~~~~~~~~~~~~~~[m[K
[8.156s] [01m[K/home/ubuntu/Desktop/AK8064_ws_Jun/src/motor_driver/src/ControlMotor.cpp:128:5:[m[K [01;36m[Knote: [m[Kcandidate: â€˜[01m[KSafetyChecker::SafetyChecker(float, float, int)[m[Kâ€™
[8.157s]   128 |     [01;36m[KSafetyChecker[m[K(float min_angle, float max_angle, int max_temperature)
[8.157s]       |     [01;36m[K^~~~~~~~~~~~~[m[K
[8.157s] [01m[K/home/ubuntu/Desktop/AK8064_ws_Jun/src/motor_driver/src/ControlMotor.cpp:128:5:[m[K [01;36m[Knote: [m[K  candidate expects 3 arguments, 0 provided
[8.157s] [01m[K/home/ubuntu/Desktop/AK8064_ws_Jun/src/motor_driver/src/ControlMotor.cpp:126:7:[m[K [01;36m[Knote: [m[Kcandidate: â€˜[01m[Kconstexpr SafetyChecker::SafetyChecker(const SafetyChecker&)[m[Kâ€™
[8.157s]   126 | class [01;36m[KSafetyChecker[m[K {
[8.157s]       |       [01;36m[K^~~~~~~~~~~~~[m[K
[8.157s] [01m[K/home/ubuntu/Desktop/AK8064_ws_Jun/src/motor_driver/src/ControlMotor.cpp:126:7:[m[K [01;36m[Knote: [m[K  candidate expects 1 argument, 0 provided
[8.157s] [01m[K/home/ubuntu/Desktop/AK8064_ws_Jun/src/motor_driver/src/ControlMotor.cpp:126:7:[m[K [01;36m[Knote: [m[Kcandidate: â€˜[01m[Kconstexpr SafetyChecker::SafetyChecker(SafetyChecker&&)[m[Kâ€™
[8.158s] [01m[K/home/ubuntu/Desktop/AK8064_ws_Jun/src/motor_driver/src/ControlMotor.cpp:126:7:[m[K [01;36m[Knote: [m[K  candidate expects 1 argument, 0 provided
[8.158s] [01m[K/home/ubuntu/Desktop/AK8064_ws_Jun/src/motor_driver/src/ControlMotor.cpp:922:20:[m[K [01;31m[Kerror: [m[Kno matching function for call to â€˜[01m[KStatePublisher::StatePublisher()[m[Kâ€™
[8.158s]   922 |     StatePublisher [01;31m[Kstate_publisher_[m[K;
[8.158s]       |                    [01;31m[K^~~~~~~~~~~~~~~~[m[K
[8.158s] [01m[K/home/ubuntu/Desktop/AK8064_ws_Jun/src/motor_driver/src/ControlMotor.cpp:153:5:[m[K [01;36m[Knote: [m[Kcandidate: â€˜[01m[KStatePublisher::StatePublisher(rclcpp::Node*, const string&)[m[Kâ€™
[8.158s]   153 |     [01;36m[KStatePublisher[m[K(rclcpp::Node* node, const std::string& name)
[8.158s]       |     [01;36m[K^~~~~~~~~~~~~~[m[K
[8.158s] [01m[K/home/ubuntu/Desktop/AK8064_ws_Jun/src/motor_driver/src/ControlMotor.cpp:153:5:[m[K [01;36m[Knote: [m[K  candidate expects 2 arguments, 0 provided
[8.158s] [01m[K/home/ubuntu/Desktop/AK8064_ws_Jun/src/motor_driver/src/ControlMotor.cpp:151:7:[m[K [01;36m[Knote: [m[Kcandidate: â€˜[01m[KStatePublisher::StatePublisher(const StatePublisher&)[m[Kâ€™
[8.159s]   151 | class [01;36m[KStatePublisher[m[K {
[8.159s]       |       [01;36m[K^~~~~~~~~~~~~~[m[K
[8.159s] [01m[K/home/ubuntu/Desktop/AK8064_ws_Jun/src/motor_driver/src/ControlMotor.cpp:151:7:[m[K [01;36m[Knote: [m[K  candidate expects 1 argument, 0 provided
[8.159s] [01m[K/home/ubuntu/Desktop/AK8064_ws_Jun/src/motor_driver/src/ControlMotor.cpp:151:7:[m[K [01;36m[Knote: [m[Kcandidate: â€˜[01m[KStatePublisher::StatePublisher(StatePublisher&&)[m[Kâ€™
[8.159s] [01m[K/home/ubuntu/Desktop/AK8064_ws_Jun/src/motor_driver/src/ControlMotor.cpp:151:7:[m[K [01;36m[Knote: [m[K  candidate expects 1 argument, 0 provided
[8.267s] [01m[K/home/ubuntu/Desktop/AK8064_ws_Jun/src/motor_driver/src/ControlMotor.cpp:[m[K In member function â€˜[01m[Kvoid MotorController::MotorControlNode::controlLoop()[m[Kâ€™:
[8.267s] [01m[K/home/ubuntu/Desktop/AK8064_ws_Jun/src/motor_driver/src/ControlMotor.cpp:987:59:[m[K [01;31m[Kerror: [m[Kâ€˜[01m[KVELOCITY_CONVERSION_FACTOR[m[Kâ€™ is not a member of â€˜[01m[KMotorController[m[Kâ€™
[8.267s]   987 |   data.velocity *= MotorController::[01;31m[KVELOCITY_CONVERSION_FACTOR[m[K;
[8.267s]       |                                     [01;31m[K^~~~~~~~~~~~~~~~~~~~~~~~~~[m[K
[8.268s] 
[8.284s] [01m[K/home/ubuntu/Desktop/AK8064_ws_Jun/src/motor_driver/src/ControlMotor.cpp:[m[K At global scope:
[8.284s] [01m[K/home/ubuntu/Desktop/AK8064_ws_Jun/src/motor_driver/src/ControlMotor.cpp:1066:2:[m[K [01;31m[Kerror: [m[Kexpected unqualified-id at end of input
[8.284s]  1066 | }
[8.284s]       |  [01;31m[K^[m[K
[13.655s] gmake[2]: *** [CMakeFiles/ControlMotor.dir/build.make:76: CMakeFiles/ControlMotor.dir/src/ControlMotor.cpp.o] Error 1
[13.655s] gmake[1]: *** [CMakeFiles/Makefile2:137: CMakeFiles/ControlMotor.dir/all] Error 2
[13.656s] gmake: *** [Makefile:146: all] Error 2
[13.660s] Invoked command in '/home/ubuntu/Desktop/AK8064_ws_Jun/build/motor_driver' returned '2': CMAKE_PREFIX_PATH=/home/ubuntu/Desktop/AK8064_ws_Jun/install/can_interface:/home/ubuntu/Desktop/AK8064_ws_Jun/install/motor_driver:/opt/ros/humble /usr/bin/cmake --build /home/ubuntu/Desktop/AK8064_ws_Jun/build/motor_driver -- -j8 -l8
