[0.016s] Invoking command in '/home/ubuntu/Desktop/AK8064_ws_Jun/build/motor_driver': AMENT_PREFIX_PATH=/home/ubuntu/Desktop/AK8064_ws_Jun/install/can_interface:${AMENT_PREFIX_PATH} CMAKE_PREFIX_PATH=/home/ubuntu/Desktop/AK8064_ws_Jun/install/can_interface:/opt/ros/humble LD_LIBRARY_PATH=/home/ubuntu/Desktop/AK8064_ws_Jun/install/can_interface/lib:${LD_LIBRARY_PATH} /usr/bin/cmake --build /home/ubuntu/Desktop/AK8064_ws_Jun/build/motor_driver -- -j8 -l8
[0.088s] [35m[1mConsolidate compiler generated dependencies of target ControlMotor[0m
[0.123s] [ 50%] [32mBuilding CXX object CMakeFiles/ControlMotor.dir/src/ControlMotor.cpp.o[0m
[4.878s] [01m[K/home/ubuntu/Desktop/AK8064_ws_Jun/src/motor_driver/src/ControlMotor.cpp:[m[K In constructor â€˜[01m[KMotorController::MotorController(uint8_t, std::shared_ptr<ICANInterface>, MotorControlNode*, const string&)[m[Kâ€™:
[4.878s] [01m[K/home/ubuntu/Desktop/AK8064_ws_Jun/src/motor_driver/src/ControlMotor.cpp:1166:68:[m[K [01;31m[Kerror: [m[Kinvalid use of incomplete type â€˜[01m[Kclass MotorControlNode[m[Kâ€™
[4.878s]  1166 |         : motor_id_(motor_id), can_(can), node_(node), logger_(node[01;31m[K->[m[Kget_logger()),
[4.878s]       |                                                                    [01;31m[K^~[m[K
[4.879s] [01m[K/home/ubuntu/Desktop/AK8064_ws_Jun/src/motor_driver/src/ControlMotor.cpp:1154:7:[m[K [01;36m[Knote: [m[Kforward declaration of â€˜[01m[Kclass MotorControlNode[m[Kâ€™
[4.879s]  1154 | class [01;36m[KMotorControlNode[m[K;
[4.879s]       |       [01;36m[K^~~~~~~~~~~~~~~~[m[K
[4.879s] [01m[K/home/ubuntu/Desktop/AK8064_ws_Jun/src/motor_driver/src/ControlMotor.cpp:1172:11:[m[K [01;31m[Kerror: [m[Kclass â€˜[01m[KMotorController[m[Kâ€™ does not have any field named â€˜[01m[Kstate_publisher_[m[Kâ€™
[4.879s]  1172 |           [01;31m[Kstate_publisher_[m[K(node, name), param_prefix_(name + "."),
[4.880s]       |           [01;31m[K^~~~~~~~~~~~~~~~[m[K
[4.880s] [01m[K/home/ubuntu/Desktop/AK8064_ws_Jun/src/motor_driver/src/ControlMotor.cpp:1173:73:[m[K [01;31m[Kerror: [m[Kinvalid use of incomplete type â€˜[01m[Kclass MotorControlNode[m[Kâ€™
[4.880s]  1173 |           last_command_(), pre_pause_command_(), last_command_time_(node[01;31m[K->[m[Know()),
[4.880s]       |                                                                         [01;31m[K^~[m[K
[4.880s] [01m[K/home/ubuntu/Desktop/AK8064_ws_Jun/src/motor_driver/src/ControlMotor.cpp:1154:7:[m[K [01;36m[Knote: [m[Kforward declaration of â€˜[01m[Kclass MotorControlNode[m[Kâ€™
[4.881s]  1154 | class [01;36m[KMotorControlNode[m[K;
[4.881s]       |       [01;36m[K^~~~~~~~~~~~~~~~[m[K
[4.883s] [01m[K/home/ubuntu/Desktop/AK8064_ws_Jun/src/motor_driver/src/ControlMotor.cpp:1174:40:[m[K [01;31m[Kerror: [m[Kno matching function for call to â€˜[01m[KStatePublisher::StatePublisher()[m[Kâ€™
[4.884s]  1174 |           repeat_(1), is_waiting_(false[01;31m[K)[m[K {
[4.884s]       |                                        [01;31m[K^[m[K
[4.884s] [01m[K/home/ubuntu/Desktop/AK8064_ws_Jun/src/motor_driver/src/ControlMotor.cpp:1102:5:[m[K [01;36m[Knote: [m[Kcandidate: â€˜[01m[KStatePublisher::StatePublisher(rclcpp::Node*, const string&)[m[Kâ€™
[4.884s]  1102 |     [01;36m[KStatePublisher[m[K(rclcpp::Node* node, const std::string& name)
[4.885s]       |     [01;36m[K^~~~~~~~~~~~~~[m[K
[4.885s] [01m[K/home/ubuntu/Desktop/AK8064_ws_Jun/src/motor_driver/src/ControlMotor.cpp:1102:5:[m[K [01;36m[Knote: [m[K  candidate expects 2 arguments, 0 provided
[4.885s] [01m[K/home/ubuntu/Desktop/AK8064_ws_Jun/src/motor_driver/src/ControlMotor.cpp:1100:7:[m[K [01;36m[Knote: [m[Kcandidate: â€˜[01m[KStatePublisher::StatePublisher(const StatePublisher&)[m[Kâ€™
[4.885s]  1100 | class [01;36m[KStatePublisher[m[K {
[4.885s]       |       [01;36m[K^~~~~~~~~~~~~~[m[K
[4.886s] [01m[K/home/ubuntu/Desktop/AK8064_ws_Jun/src/motor_driver/src/ControlMotor.cpp:1100:7:[m[K [01;36m[Knote: [m[K  candidate expects 1 argument, 0 provided
[4.886s] [01m[K/home/ubuntu/Desktop/AK8064_ws_Jun/src/motor_driver/src/ControlMotor.cpp:1100:7:[m[K [01;36m[Knote: [m[Kcandidate: â€˜[01m[KStatePublisher::StatePublisher(StatePublisher&&)[m[Kâ€™
[4.886s] [01m[K/home/ubuntu/Desktop/AK8064_ws_Jun/src/motor_driver/src/ControlMotor.cpp:1100:7:[m[K [01;36m[Knote: [m[K  candidate expects 1 argument, 0 provided
[4.910s] [01m[K/home/ubuntu/Desktop/AK8064_ws_Jun/src/motor_driver/src/ControlMotor.cpp:[m[K In member function â€˜[01m[Kvirtual void MotorController::handleCommand(const string&)[m[Kâ€™:
[4.910s] [01m[K/home/ubuntu/Desktop/AK8064_ws_Jun/src/motor_driver/src/ControlMotor.cpp:1187:13:[m[K [01;31m[Kerror: [m[Kâ€˜[01m[Kstate_publisher_[m[Kâ€™ was not declared in this scope; did you mean â€˜[01m[KStatePublisher[m[Kâ€™?
[4.910s]  1187 |             [01;31m[Kstate_publisher_[m[K.publishResponse(response.str());
[4.910s]       |             [01;31m[K^~~~~~~~~~~~~~~~[m[K
[4.910s]       |             [32m[KStatePublisher[m[K
[4.926s] [01m[K/home/ubuntu/Desktop/AK8064_ws_Jun/src/motor_driver/src/ControlMotor.cpp:1194:13:[m[K [01;31m[Kerror: [m[Kâ€˜[01m[Kstate_publisher_[m[Kâ€™ was not declared in this scope; did you mean â€˜[01m[KStatePublisher[m[Kâ€™?
[4.926s]  1194 |             [01;31m[Kstate_publisher_[m[K.publishResponse(response.str());
[4.926s]       |             [01;31m[K^~~~~~~~~~~~~~~~[m[K
[4.926s]       |             [32m[KStatePublisher[m[K
[4.942s] [01m[K/home/ubuntu/Desktop/AK8064_ws_Jun/src/motor_driver/src/ControlMotor.cpp:1202:17:[m[K [01;31m[Kerror: [m[Kâ€˜[01m[Kstate_publisher_[m[Kâ€™ was not declared in this scope; did you mean â€˜[01m[KStatePublisher[m[Kâ€™?
[4.942s]  1202 |                 [01;31m[Kstate_publisher_[m[K.publishResponse(response.str());
[4.942s]       |                 [01;31m[K^~~~~~~~~~~~~~~~[m[K
[4.942s]       |                 [32m[KStatePublisher[m[K
[4.960s] [01m[K/home/ubuntu/Desktop/AK8064_ws_Jun/src/motor_driver/src/ControlMotor.cpp:1213:13:[m[K [01;31m[Kerror: [m[Kâ€˜[01m[Kstate_publisher_[m[Kâ€™ was not declared in this scope; did you mean â€˜[01m[KStatePublisher[m[Kâ€™?
[4.960s]  1213 |             [01;31m[Kstate_publisher_[m[K.publishResponse(response.str());
[4.960s]       |             [01;31m[K^~~~~~~~~~~~~~~~[m[K
[4.960s]       |             [32m[KStatePublisher[m[K
[4.961s] [01m[K/home/ubuntu/Desktop/AK8064_ws_Jun/src/motor_driver/src/ControlMotor.cpp:1217:35:[m[K [01;31m[Kerror: [m[Kinvalid use of incomplete type â€˜[01m[Kclass MotorControlNode[m[Kâ€™
[4.961s]  1217 |         last_command_time_ = node_[01;31m[K->[m[Know();
[4.961s]       |                                   [01;31m[K^~[m[K
[4.961s] [01m[K/home/ubuntu/Desktop/AK8064_ws_Jun/src/motor_driver/src/ControlMotor.cpp:1154:7:[m[K [01;36m[Knote: [m[Kforward declaration of â€˜[01m[Kclass MotorControlNode[m[Kâ€™
[4.961s]  1154 | class [01;36m[KMotorControlNode[m[K;
[4.962s]       |       [01;36m[K^~~~~~~~~~~~~~~~[m[K
[4.976s] [01m[K/home/ubuntu/Desktop/AK8064_ws_Jun/src/motor_driver/src/ControlMotor.cpp:1225:13:[m[K [01;31m[Kerror: [m[Kâ€˜[01m[Kstate_publisher_[m[Kâ€™ was not declared in this scope; did you mean â€˜[01m[KStatePublisher[m[Kâ€™?
[4.976s]  1225 |             [01;31m[Kstate_publisher_[m[K.publishResponse(response.str());
[4.977s]       |             [01;31m[K^~~~~~~~~~~~~~~~[m[K
[4.977s]       |             [32m[KStatePublisher[m[K
[4.992s] [01m[K/home/ubuntu/Desktop/AK8064_ws_Jun/src/motor_driver/src/ControlMotor.cpp:[m[K In member function â€˜[01m[Kvirtual void MotorController::control(const MotorData&)[m[Kâ€™:
[4.992s] [01m[K/home/ubuntu/Desktop/AK8064_ws_Jun/src/motor_driver/src/ControlMotor.cpp:1239:9:[m[K [01;31m[Kerror: [m[Kâ€˜[01m[Kstate_publisher_[m[Kâ€™ was not declared in this scope; did you mean â€˜[01m[KStatePublisher[m[Kâ€™?
[4.992s]  1239 |         [01;31m[Kstate_publisher_[m[K.publish(last_data_, target_reached_);
[4.993s]       |         [01;31m[K^~~~~~~~~~~~~~~~[m[K
[4.993s]       |         [32m[KStatePublisher[m[K
[5.021s] [01m[K/home/ubuntu/Desktop/AK8064_ws_Jun/src/motor_driver/src/ControlMotor.cpp:[m[K In member function â€˜[01m[Kvirtual void MotorController::stop()[m[Kâ€™:
[5.021s] [01m[K/home/ubuntu/Desktop/AK8064_ws_Jun/src/motor_driver/src/ControlMotor.cpp:1377:13:[m[K [01;31m[Kerror: [m[Kâ€˜[01m[Kstate_publisher_[m[Kâ€™ was not declared in this scope; did you mean â€˜[01m[KStatePublisher[m[Kâ€™?
[5.022s]  1377 |             [01;31m[Kstate_publisher_[m[K.publishResponse("Motor 0x" + std::to_string(motor_id_) +
[5.022s]       |             [01;31m[K^~~~~~~~~~~~~~~~[m[K
[5.022s]       |             [32m[KStatePublisher[m[K
[5.028s] [01m[K/home/ubuntu/Desktop/AK8064_ws_Jun/src/motor_driver/src/ControlMotor.cpp:[m[K In member function â€˜[01m[Kvoid MotorController::handlePaused(const MotorData&)[m[Kâ€™:
[5.028s] [01m[K/home/ubuntu/Desktop/AK8064_ws_Jun/src/motor_driver/src/ControlMotor.cpp:1468:23:[m[K [01;31m[Kerror: [m[Kinvalid use of incomplete type â€˜[01m[Kclass MotorControlNode[m[Kâ€™
[5.028s]  1468 |                 (node_[01;31m[K->[m[Know() - last_command_time_) < rclcpp::Duration::from_seconds(0.3)) {
[5.028s]       |                       [01;31m[K^~[m[K
[5.029s] [01m[K/home/ubuntu/Desktop/AK8064_ws_Jun/src/motor_driver/src/ControlMotor.cpp:1154:7:[m[K [01;36m[Knote: [m[Kforward declaration of â€˜[01m[Kclass MotorControlNode[m[Kâ€™
[5.029s]  1154 | class [01;36m[KMotorControlNode[m[K;
[5.029s]       |       [01;36m[K^~~~~~~~~~~~~~~~[m[K
[5.034s] [01m[K/home/ubuntu/Desktop/AK8064_ws_Jun/src/motor_driver/src/ControlMotor.cpp:[m[K In member function â€˜[01m[Kvoid MotorController::handleError(const MotorData&)[m[Kâ€™:
[5.034s] [01m[K/home/ubuntu/Desktop/AK8064_ws_Jun/src/motor_driver/src/ControlMotor.cpp:1523:57:[m[K [01;31m[Kerror: [m[Kinvalid use of incomplete type â€˜[01m[Kclass MotorControlNode[m[Kâ€™
[5.034s]  1523 |             static rclcpp::Time error_start_time = node_[01;31m[K->[m[Know();
[5.034s]       |                                                         [01;31m[K^~[m[K
[5.035s] [01m[K/home/ubuntu/Desktop/AK8064_ws_Jun/src/motor_driver/src/ControlMotor.cpp:1154:7:[m[K [01;36m[Knote: [m[Kforward declaration of â€˜[01m[Kclass MotorControlNode[m[Kâ€™
[5.035s]  1154 | class [01;36m[KMotorControlNode[m[K;
[5.035s]       |       [01;36m[K^~~~~~~~~~~~~~~~[m[K
[5.036s] [01m[K/home/ubuntu/Desktop/AK8064_ws_Jun/src/motor_driver/src/ControlMotor.cpp:1525:37:[m[K [01;31m[Kerror: [m[Kinvalid use of incomplete type â€˜[01m[Kclass MotorControlNode[m[Kâ€™
[5.036s]  1525 |             if (is_braking && (node_[01;31m[K->[m[Know() - error_start_time) < rclcpp::Duration::from_seconds(0.3)) {
[5.036s]       |                                     [01;31m[K^~[m[K
[5.036s] [01m[K/home/ubuntu/Desktop/AK8064_ws_Jun/src/motor_driver/src/ControlMotor.cpp:1154:7:[m[K [01;36m[Knote: [m[Kforward declaration of â€˜[01m[Kclass MotorControlNode[m[Kâ€™
[5.036s]  1154 | class [01;36m[KMotorControlNode[m[K;
[5.037s]       |       [01;36m[K^~~~~~~~~~~~~~~~[m[K
[5.037s] [01m[K/home/ubuntu/Desktop/AK8064_ws_Jun/src/motor_driver/src/ControlMotor.cpp:1528:45:[m[K [01;31m[Kerror: [m[Kinvalid use of incomplete type â€˜[01m[Kclass MotorControlNode[m[Kâ€™
[5.037s]  1528 |                     error_start_time = node_[01;31m[K->[m[Know();
[5.037s]       |                                             [01;31m[K^~[m[K
[5.037s] [01m[K/home/ubuntu/Desktop/AK8064_ws_Jun/src/motor_driver/src/ControlMotor.cpp:1154:7:[m[K [01;36m[Knote: [m[Kforward declaration of â€˜[01m[Kclass MotorControlNode[m[Kâ€™
[5.038s]  1154 | class [01;36m[KMotorControlNode[m[K;
[5.038s]       |       [01;36m[K^~~~~~~~~~~~~~~~[m[K
[5.053s] [01m[K/home/ubuntu/Desktop/AK8064_ws_Jun/src/motor_driver/src/ControlMotor.cpp:[m[K In lambda function:
[5.054s] [01m[K/home/ubuntu/Desktop/AK8064_ws_Jun/src/motor_driver/src/ControlMotor.cpp:1563:21:[m[K [01;31m[Kerror: [m[Kâ€˜[01m[Kstate_publisher_[m[Kâ€™ was not declared in this scope; did you mean â€˜[01m[KStatePublisher[m[Kâ€™?
[5.054s]  1563 |                     [01;31m[Kstate_publisher_[m[K.publishResponse(response.str());
[5.054s]       |                     [01;31m[K^~~~~~~~~~~~~~~~[m[K
[5.054s]       |                     [32m[KStatePublisher[m[K
[5.070s] [01m[K/home/ubuntu/Desktop/AK8064_ws_Jun/src/motor_driver/src/ControlMotor.cpp:1568:21:[m[K [01;31m[Kerror: [m[Kâ€˜[01m[Kstate_publisher_[m[Kâ€™ was not declared in this scope; did you mean â€˜[01m[KStatePublisher[m[Kâ€™?
[5.070s]  1568 |                     [01;31m[Kstate_publisher_[m[K.publishResponse(response.str());
[5.070s]       |                     [01;31m[K^~~~~~~~~~~~~~~~[m[K
[5.070s]       |                     [32m[KStatePublisher[m[K
[5.087s] [01m[K/home/ubuntu/Desktop/AK8064_ws_Jun/src/motor_driver/src/ControlMotor.cpp:[m[K In lambda function:
[5.087s] [01m[K/home/ubuntu/Desktop/AK8064_ws_Jun/src/motor_driver/src/ControlMotor.cpp:1586:21:[m[K [01;31m[Kerror: [m[Kâ€˜[01m[Kstate_publisher_[m[Kâ€™ was not declared in this scope; did you mean â€˜[01m[KStatePublisher[m[Kâ€™?
[5.088s]  1586 |                     [01;31m[Kstate_publisher_[m[K.publishResponse(response.str());
[5.088s]       |                     [01;31m[K^~~~~~~~~~~~~~~~[m[K
[5.088s]       |                     [32m[KStatePublisher[m[K
[5.103s] [01m[K/home/ubuntu/Desktop/AK8064_ws_Jun/src/motor_driver/src/ControlMotor.cpp:1591:21:[m[K [01;31m[Kerror: [m[Kâ€˜[01m[Kstate_publisher_[m[Kâ€™ was not declared in this scope; did you mean â€˜[01m[KStatePublisher[m[Kâ€™?
[5.103s]  1591 |                     [01;31m[Kstate_publisher_[m[K.publishResponse(response.str());
[5.104s]       |                     [01;31m[K^~~~~~~~~~~~~~~~[m[K
[5.104s]       |                     [32m[KStatePublisher[m[K
[5.121s] [01m[K/home/ubuntu/Desktop/AK8064_ws_Jun/src/motor_driver/src/ControlMotor.cpp:[m[K In lambda function:
[5.122s] [01m[K/home/ubuntu/Desktop/AK8064_ws_Jun/src/motor_driver/src/ControlMotor.cpp:1600:21:[m[K [01;31m[Kerror: [m[Kâ€˜[01m[Kstate_publisher_[m[Kâ€™ was not declared in this scope; did you mean â€˜[01m[KStatePublisher[m[Kâ€™?
[5.122s]  1600 |                     [01;31m[Kstate_publisher_[m[K.publishResponse(response.str());
[5.122s]       |                     [01;31m[K^~~~~~~~~~~~~~~~[m[K
[5.122s]       |                     [32m[KStatePublisher[m[K
[5.123s] [01m[K/home/ubuntu/Desktop/AK8064_ws_Jun/src/motor_driver/src/ControlMotor.cpp:1607:47:[m[K [01;31m[Kerror: [m[Kinvalid use of incomplete type â€˜[01m[Kclass MotorControlNode[m[Kâ€™
[5.123s]  1607 |                     last_command_time_ = node_[01;31m[K->[m[Know();
[5.123s]       |                                               [01;31m[K^~[m[K
[5.123s] [01m[K/home/ubuntu/Desktop/AK8064_ws_Jun/src/motor_driver/src/ControlMotor.cpp:1154:7:[m[K [01;36m[Knote: [m[Kforward declaration of â€˜[01m[Kclass MotorControlNode[m[Kâ€™
[5.123s]  1154 | class [01;36m[KMotorControlNode[m[K;
[5.124s]       |       [01;36m[K^~~~~~~~~~~~~~~~[m[K
[5.138s] [01m[K/home/ubuntu/Desktop/AK8064_ws_Jun/src/motor_driver/src/ControlMotor.cpp:1612:21:[m[K [01;31m[Kerror: [m[Kâ€˜[01m[Kstate_publisher_[m[Kâ€™ was not declared in this scope; did you mean â€˜[01m[KStatePublisher[m[Kâ€™?
[5.138s]  1612 |                     [01;31m[Kstate_publisher_[m[K.publishResponse(response.str());
[5.139s]       |                     [01;31m[K^~~~~~~~~~~~~~~~[m[K
[5.139s]       |                     [32m[KStatePublisher[m[K
[5.154s] [01m[K/home/ubuntu/Desktop/AK8064_ws_Jun/src/motor_driver/src/ControlMotor.cpp:1618:21:[m[K [01;31m[Kerror: [m[Kâ€˜[01m[Kstate_publisher_[m[Kâ€™ was not declared in this scope; did you mean â€˜[01m[KStatePublisher[m[Kâ€™?
[5.154s]  1618 |                     [01;31m[Kstate_publisher_[m[K.publishResponse(response.str());
[5.154s]       |                     [01;31m[K^~~~~~~~~~~~~~~~[m[K
[5.154s]       |                     [32m[KStatePublisher[m[K
[5.172s] [01m[K/home/ubuntu/Desktop/AK8064_ws_Jun/src/motor_driver/src/ControlMotor.cpp:[m[K In lambda function:
[5.172s] [01m[K/home/ubuntu/Desktop/AK8064_ws_Jun/src/motor_driver/src/ControlMotor.cpp:1638:21:[m[K [01;31m[Kerror: [m[Kâ€˜[01m[Kstate_publisher_[m[Kâ€™ was not declared in this scope; did you mean â€˜[01m[KStatePublisher[m[Kâ€™?
[5.172s]  1638 |                     [01;31m[Kstate_publisher_[m[K.publishResponse(response.str());
[5.172s]       |                     [01;31m[K^~~~~~~~~~~~~~~~[m[K
[5.172s]       |                     [32m[KStatePublisher[m[K
[5.187s] [01m[K/home/ubuntu/Desktop/AK8064_ws_Jun/src/motor_driver/src/ControlMotor.cpp:1642:17:[m[K [01;31m[Kerror: [m[Kâ€˜[01m[Kstate_publisher_[m[Kâ€™ was not declared in this scope; did you mean â€˜[01m[KStatePublisher[m[Kâ€™?
[5.187s]  1642 |                 [01;31m[Kstate_publisher_[m[K.publishResponse(response.str());
[5.188s]       |                 [01;31m[K^~~~~~~~~~~~~~~~[m[K
[5.188s]       |                 [32m[KStatePublisher[m[K
[5.204s] [01m[K/home/ubuntu/Desktop/AK8064_ws_Jun/src/motor_driver/src/ControlMotor.cpp:[m[K In lambda function:
[5.204s] [01m[K/home/ubuntu/Desktop/AK8064_ws_Jun/src/motor_driver/src/ControlMotor.cpp:1655:17:[m[K [01;31m[Kerror: [m[Kâ€˜[01m[Kstate_publisher_[m[Kâ€™ was not declared in this scope; did you mean â€˜[01m[KStatePublisher[m[Kâ€™?
[5.205s]  1655 |                 [01;31m[Kstate_publisher_[m[K.publishResponse(response.str());
[5.205s]       |                 [01;31m[K^~~~~~~~~~~~~~~~[m[K
[5.205s]       |                 [32m[KStatePublisher[m[K
[5.206s] [01m[K/home/ubuntu/Desktop/AK8064_ws_Jun/src/motor_driver/src/ControlMotor.cpp:[m[K In lambda function:
[5.207s] [01m[K/home/ubuntu/Desktop/AK8064_ws_Jun/src/motor_driver/src/ControlMotor.cpp:1664:47:[m[K [01;31m[Kerror: [m[Kinvalid use of incomplete type â€˜[01m[Kclass MotorControlNode[m[Kâ€™
[5.207s]  1664 |                     last_command_time_ = node_[01;31m[K->[m[Know();
[5.207s]       |                                               [01;31m[K^~[m[K
[5.207s] [01m[K/home/ubuntu/Desktop/AK8064_ws_Jun/src/motor_driver/src/ControlMotor.cpp:1154:7:[m[K [01;36m[Knote: [m[Kforward declaration of â€˜[01m[Kclass MotorControlNode[m[Kâ€™
[5.207s]  1154 | class [01;36m[KMotorControlNode[m[K;
[5.208s]       |       [01;36m[K^~~~~~~~~~~~~~~~[m[K
[5.223s] [01m[K/home/ubuntu/Desktop/AK8064_ws_Jun/src/motor_driver/src/ControlMotor.cpp:1667:21:[m[K [01;31m[Kerror: [m[Kâ€˜[01m[Kstate_publisher_[m[Kâ€™ was not declared in this scope; did you mean â€˜[01m[KStatePublisher[m[Kâ€™?
[5.223s]  1667 |                     [01;31m[Kstate_publisher_[m[K.publishResponse(response.str());
[5.224s]       |                     [01;31m[K^~~~~~~~~~~~~~~~[m[K
[5.224s]       |                     [32m[KStatePublisher[m[K
[5.240s] [01m[K/home/ubuntu/Desktop/AK8064_ws_Jun/src/motor_driver/src/ControlMotor.cpp:1673:21:[m[K [01;31m[Kerror: [m[Kâ€˜[01m[Kstate_publisher_[m[Kâ€™ was not declared in this scope; did you mean â€˜[01m[KStatePublisher[m[Kâ€™?
[5.240s]  1673 |                     [01;31m[Kstate_publisher_[m[K.publishResponse(response.str());
[5.240s]       |                     [01;31m[K^~~~~~~~~~~~~~~~[m[K
[5.240s]       |                     [32m[KStatePublisher[m[K
[5.297s] [01m[K/home/ubuntu/Desktop/AK8064_ws_Jun/src/motor_driver/src/ControlMotor.cpp:[m[K In member function â€˜[01m[Kvoid MotorController::initializeParameters()[m[Kâ€™:
[5.297s] [01m[K/home/ubuntu/Desktop/AK8064_ws_Jun/src/motor_driver/src/ControlMotor.cpp:1741:14:[m[K [01;31m[Kerror: [m[Kinvalid use of incomplete type â€˜[01m[Kclass MotorControlNode[m[Kâ€™
[5.298s]  1741 |         node_[01;31m[K->[m[Kdeclare_parameter(param_prefix_ + "target_positions", std::vector<double>{0.0});
[5.298s]       |              [01;31m[K^~[m[K
[5.299s] [01m[K/home/ubuntu/Desktop/AK8064_ws_Jun/src/motor_driver/src/ControlMotor.cpp:1154:7:[m[K [01;36m[Knote: [m[Kforward declaration of â€˜[01m[Kclass MotorControlNode[m[Kâ€™
[5.299s]  1154 | class [01;36m[KMotorControlNode[m[K;
[5.299s]       |       [01;36m[K^~~~~~~~~~~~~~~~[m[K
[5.300s] [01m[K/home/ubuntu/Desktop/AK8064_ws_Jun/src/motor_driver/src/ControlMotor.cpp:1742:14:[m[K [01;31m[Kerror: [m[Kinvalid use of incomplete type â€˜[01m[Kclass MotorControlNode[m[Kâ€™
[5.300s]  1742 |         node_[01;31m[K->[m[Kdeclare_parameter(param_prefix_ + "speed", 10000.0);
[5.300s]       |              [01;31m[K^~[m[K
[5.300s] [01m[K/home/ubuntu/Desktop/AK8064_ws_Jun/src/motor_driver/src/ControlMotor.cpp:1154:7:[m[K [01;36m[Knote: [m[Kforward declaration of â€˜[01m[Kclass MotorControlNode[m[Kâ€™
[5.301s]  1154 | class [01;36m[KMotorControlNode[m[K;
[5.301s]       |       [01;36m[K^~~~~~~~~~~~~~~~[m[K
[5.301s] [01m[K/home/ubuntu/Desktop/AK8064_ws_Jun/src/motor_driver/src/ControlMotor.cpp:1743:14:[m[K [01;31m[Kerror: [m[Kinvalid use of incomplete type â€˜[01m[Kclass MotorControlNode[m[Kâ€™
[5.302s]  1743 |         node_[01;31m[K->[m[Kdeclare_parameter(param_prefix_ + "accel", 1000.0);
[5.302s]       |              [01;31m[K^~[m[K
[5.302s] [01m[K/home/ubuntu/Desktop/AK8064_ws_Jun/src/motor_driver/src/ControlMotor.cpp:1154:7:[m[K [01;36m[Knote: [m[Kforward declaration of â€˜[01m[Kclass MotorControlNode[m[Kâ€™
[5.302s]  1154 | class [01;36m[KMotorControlNode[m[K;
[5.302s]       |       [01;36m[K^~~~~~~~~~~~~~~~[m[K
[5.303s] [01m[K/home/ubuntu/Desktop/AK8064_ws_Jun/src/motor_driver/src/ControlMotor.cpp:1744:14:[m[K [01;31m[Kerror: [m[Kinvalid use of incomplete type â€˜[01m[Kclass MotorControlNode[m[Kâ€™
[5.303s]  1744 |         node_[01;31m[K->[m[Kdeclare_parameter(param_prefix_ + "min_angle", -20.0);
[5.303s]       |              [01;31m[K^~[m[K
[5.303s] [01m[K/home/ubuntu/Desktop/AK8064_ws_Jun/src/motor_driver/src/ControlMotor.cpp:1154:7:[m[K [01;36m[Knote: [m[Kforward declaration of â€˜[01m[Kclass MotorControlNode[m[Kâ€™
[5.303s]  1154 | class [01;36m[KMotorControlNode[m[K;
[5.304s]       |       [01;36m[K^~~~~~~~~~~~~~~~[m[K
[5.304s] [01m[K/home/ubuntu/Desktop/AK8064_ws_Jun/src/motor_driver/src/ControlMotor.cpp:1745:14:[m[K [01;31m[Kerror: [m[Kinvalid use of incomplete type â€˜[01m[Kclass MotorControlNode[m[Kâ€™
[5.304s]  1745 |         node_[01;31m[K->[m[Kdeclare_parameter(param_prefix_ + "max_angle", 90.0);
[5.304s]       |              [01;31m[K^~[m[K
[5.304s] [01m[K/home/ubuntu/Desktop/AK8064_ws_Jun/src/motor_driver/src/ControlMotor.cpp:1154:7:[m[K [01;36m[Knote: [m[Kforward declaration of â€˜[01m[Kclass MotorControlNode[m[Kâ€™
[5.305s]  1154 | class [01;36m[KMotorControlNode[m[K;
[5.305s]       |       [01;36m[K^~~~~~~~~~~~~~~~[m[K
[5.305s] [01m[K/home/ubuntu/Desktop/AK8064_ws_Jun/src/motor_driver/src/ControlMotor.cpp:1746:14:[m[K [01;31m[Kerror: [m[Kinvalid use of incomplete type â€˜[01m[Kclass MotorControlNode[m[Kâ€™
[5.305s]  1746 |         node_[01;31m[K->[m[Kdeclare_parameter(param_prefix_ + "step", 2);
[5.305s]       |              [01;31m[K^~[m[K
[5.306s] [01m[K/home/ubuntu/Desktop/AK8064_ws_Jun/src/motor_driver/src/ControlMotor.cpp:1154:7:[m[K [01;36m[Knote: [m[Kforward declaration of â€˜[01m[Kclass MotorControlNode[m[Kâ€™
[5.306s]  1154 | class [01;36m[KMotorControlNode[m[K;
[5.306s]       |       [01;36m[K^~~~~~~~~~~~~~~~[m[K
[5.306s] [01m[K/home/ubuntu/Desktop/AK8064_ws_Jun/src/motor_driver/src/ControlMotor.cpp:1747:14:[m[K [01;31m[Kerror: [m[Kinvalid use of incomplete type â€˜[01m[Kclass MotorControlNode[m[Kâ€™
[5.306s]  1747 |         node_[01;31m[K->[m[Kdeclare_parameter(param_prefix_ + "reach_count_max", 100);
[5.307s]       |              [01;31m[K^~[m[K
[5.307s] [01m[K/home/ubuntu/Desktop/AK8064_ws_Jun/src/motor_driver/src/ControlMotor.cpp:1154:7:[m[K [01;36m[Knote: [m[Kforward declaration of â€˜[01m[Kclass MotorControlNode[m[Kâ€™
[5.307s]  1154 | class [01;36m[KMotorControlNode[m[K;
[5.307s]       |       [01;36m[K^~~~~~~~~~~~~~~~[m[K
[5.307s] [01m[K/home/ubuntu/Desktop/AK8064_ws_Jun/src/motor_driver/src/ControlMotor.cpp:1748:14:[m[K [01;31m[Kerror: [m[Kinvalid use of incomplete type â€˜[01m[Kclass MotorControlNode[m[Kâ€™
[5.308s]  1748 |         node_[01;31m[K->[m[Kdeclare_parameter(param_prefix_ + "repeat", 1);
[5.308s]       |              [01;31m[K^~[m[K
[5.308s] [01m[K/home/ubuntu/Desktop/AK8064_ws_Jun/src/motor_driver/src/ControlMotor.cpp:1154:7:[m[K [01;36m[Knote: [m[Kforward declaration of â€˜[01m[Kclass MotorControlNode[m[Kâ€™
[5.308s]  1154 | class [01;36m[KMotorControlNode[m[K;
[5.309s]       |       [01;36m[K^~~~~~~~~~~~~~~~[m[K
[5.309s] [01m[K/home/ubuntu/Desktop/AK8064_ws_Jun/src/motor_driver/src/ControlMotor.cpp:1751:14:[m[K [01;31m[Kerror: [m[Kinvalid use of incomplete type â€˜[01m[Kclass MotorControlNode[m[Kâ€™
[5.309s]  1751 |         node_[01;31m[K->[m[Kget_parameter(param_prefix_ + "target_positions", temp_positions);
[5.309s]       |              [01;31m[K^~[m[K
[5.309s] [01m[K/home/ubuntu/Desktop/AK8064_ws_Jun/src/motor_driver/src/ControlMotor.cpp:1154:7:[m[K [01;36m[Knote: [m[Kforward declaration of â€˜[01m[Kclass MotorControlNode[m[Kâ€™
[5.310s]  1154 | class [01;36m[KMotorControlNode[m[K;
[5.310s]       |       [01;36m[K^~~~~~~~~~~~~~~~[m[K
[5.310s] [01m[K/home/ubuntu/Desktop/AK8064_ws_Jun/src/motor_driver/src/ControlMotor.cpp:1752:14:[m[K [01;31m[Kerror: [m[Kinvalid use of incomplete type â€˜[01m[Kclass MotorControlNode[m[Kâ€™
[5.310s]  1752 |         node_[01;31m[K->[m[Kget_parameter(param_prefix_ + "speed", speed_);
[5.310s]       |              [01;31m[K^~[m[K
[5.311s] [01m[K/home/ubuntu/Desktop/AK8064_ws_Jun/src/motor_driver/src/ControlMotor.cpp:1154:7:[m[K [01;36m[Knote: [m[Kforward declaration of â€˜[01m[Kclass MotorControlNode[m[Kâ€™
[5.311s]  1154 | class [01;36m[KMotorControlNode[m[K;
[5.311s]       |       [01;36m[K^~~~~~~~~~~~~~~~[m[K
[5.311s] [01m[K/home/ubuntu/Desktop/AK8064_ws_Jun/src/motor_driver/src/ControlMotor.cpp:1753:14:[m[K [01;31m[Kerror: [m[Kinvalid use of incomplete type â€˜[01m[Kclass MotorControlNode[m[Kâ€™
[5.311s]  1753 |         node_[01;31m[K->[m[Kget_parameter(param_prefix_ + "accel", accel_);
[5.311s]       |              [01;31m[K^~[m[K
[5.312s] [01m[K/home/ubuntu/Desktop/AK8064_ws_Jun/src/motor_driver/src/ControlMotor.cpp:1154:7:[m[K [01;36m[Knote: [m[Kforward declaration of â€˜[01m[Kclass MotorControlNode[m[Kâ€™
[5.312s]  1154 | class [01;36m[KMotorControlNode[m[K;
[5.312s]       |       [01;36m[K^~~~~~~~~~~~~~~~[m[K
[5.312s] [01m[K/home/ubuntu/Desktop/AK8064_ws_Jun/src/motor_driver/src/ControlMotor.cpp:1754:14:[m[K [01;31m[Kerror: [m[Kinvalid use of incomplete type â€˜[01m[Kclass MotorControlNode[m[Kâ€™
[5.312s]  1754 |         node_[01;31m[K->[m[Kget_parameter(param_prefix_ + "min_angle", min_angle_);
[5.313s]       |              [01;31m[K^~[m[K
[5.313s] [01m[K/home/ubuntu/Desktop/AK8064_ws_Jun/src/motor_driver/src/ControlMotor.cpp:1154:7:[m[K [01;36m[Knote: [m[Kforward declaration of â€˜[01m[Kclass MotorControlNode[m[Kâ€™
[5.313s]  1154 | class [01;36m[KMotorControlNode[m[K;
[5.313s]       |       [01;36m[K^~~~~~~~~~~~~~~~[m[K
[5.313s] [01m[K/home/ubuntu/Desktop/AK8064_ws_Jun/src/motor_driver/src/ControlMotor.cpp:1755:14:[m[K [01;31m[Kerror: [m[Kinvalid use of incomplete type â€˜[01m[Kclass MotorControlNode[m[Kâ€™
[5.314s]  1755 |         node_[01;31m[K->[m[Kget_parameter(param_prefix_ + "max_angle", max_angle_);
[5.314s]       |              [01;31m[K^~[m[K
[5.314s] [01m[K/home/ubuntu/Desktop/AK8064_ws_Jun/src/motor_driver/src/ControlMotor.cpp:1154:7:[m[K [01;36m[Knote: [m[Kforward declaration of â€˜[01m[Kclass MotorControlNode[m[Kâ€™
[5.314s]  1154 | class [01;36m[KMotorControlNode[m[K;
[5.314s]       |       [01;36m[K^~~~~~~~~~~~~~~~[m[K
[5.315s] [01m[K/home/ubuntu/Desktop/AK8064_ws_Jun/src/motor_driver/src/ControlMotor.cpp:1756:14:[m[K [01;31m[Kerror: [m[Kinvalid use of incomplete type â€˜[01m[Kclass MotorControlNode[m[Kâ€™
[5.315s]  1756 |         node_[01;31m[K->[m[Kget_parameter(param_prefix_ + "step", step_);
[5.315s]       |              [01;31m[K^~[m[K
[5.315s] [01m[K/home/ubuntu/Desktop/AK8064_ws_Jun/src/motor_driver/src/ControlMotor.cpp:1154:7:[m[K [01;36m[Knote: [m[Kforward declaration of â€˜[01m[Kclass MotorControlNode[m[Kâ€™
[5.315s]  1154 | class [01;36m[KMotorControlNode[m[K;
[5.316s]       |       [01;36m[K^~~~~~~~~~~~~~~~[m[K
[5.316s] [01m[K/home/ubuntu/Desktop/AK8064_ws_Jun/src/motor_driver/src/ControlMotor.cpp:1757:14:[m[K [01;31m[Kerror: [m[Kinvalid use of incomplete type â€˜[01m[Kclass MotorControlNode[m[Kâ€™
[5.316s]  1757 |         node_[01;31m[K->[m[Kget_parameter(param_prefix_ + "reach_count_max", reach_count_max_);
[5.316s]       |              [01;31m[K^~[m[K
[5.316s] [01m[K/home/ubuntu/Desktop/AK8064_ws_Jun/src/motor_driver/src/ControlMotor.cpp:1154:7:[m[K [01;36m[Knote: [m[Kforward declaration of â€˜[01m[Kclass MotorControlNode[m[Kâ€™
[5.317s]  1154 | class [01;36m[KMotorControlNode[m[K;
[5.317s]       |       [01;36m[K^~~~~~~~~~~~~~~~[m[K
[5.317s] [01m[K/home/ubuntu/Desktop/AK8064_ws_Jun/src/motor_driver/src/ControlMotor.cpp:1758:14:[m[K [01;31m[Kerror: [m[Kinvalid use of incomplete type â€˜[01m[Kclass MotorControlNode[m[Kâ€™
[5.317s]  1758 |         node_[01;31m[K->[m[Kget_parameter(param_prefix_ + "repeat", repeat_);
[5.317s]       |              [01;31m[K^~[m[K
[5.318s] [01m[K/home/ubuntu/Desktop/AK8064_ws_Jun/src/motor_driver/src/ControlMotor.cpp:1154:7:[m[K [01;36m[Knote: [m[Kforward declaration of â€˜[01m[Kclass MotorControlNode[m[Kâ€™
[5.318s]  1154 | class [01;36m[KMotorControlNode[m[K;
[5.318s]       |       [01;36m[K^~~~~~~~~~~~~~~~[m[K
[11.139s] gmake[2]: *** [CMakeFiles/ControlMotor.dir/build.make:76: CMakeFiles/ControlMotor.dir/src/ControlMotor.cpp.o] Error 1
[11.139s] gmake[1]: *** [CMakeFiles/Makefile2:137: CMakeFiles/ControlMotor.dir/all] Error 2
[11.140s] gmake: *** [Makefile:146: all] Error 2
[11.144s] Invoked command in '/home/ubuntu/Desktop/AK8064_ws_Jun/build/motor_driver' returned '2': AMENT_PREFIX_PATH=/home/ubuntu/Desktop/AK8064_ws_Jun/install/can_interface:${AMENT_PREFIX_PATH} CMAKE_PREFIX_PATH=/home/ubuntu/Desktop/AK8064_ws_Jun/install/can_interface:/opt/ros/humble LD_LIBRARY_PATH=/home/ubuntu/Desktop/AK8064_ws_Jun/install/can_interface/lib:${LD_LIBRARY_PATH} /usr/bin/cmake --build /home/ubuntu/Desktop/AK8064_ws_Jun/build/motor_driver -- -j8 -l8
