[01m[K/home/ubuntu/Desktop/AK8064_ws_Jun/src/motor_driver/src/ControlMotor.cpp:[m[K In member function â€˜[01m[Kvoid MotorController::handlePaused(const MotorData&)[m[Kâ€™:
[01m[K/home/ubuntu/Desktop/AK8064_ws_Jun/src/motor_driver/src/ControlMotor.cpp:528:49:[m[K [01;31m[Kerror: [m[Kfound â€˜[01m[K:[m[Kâ€™ in nested-name-specifier, expected â€˜[01m[K::[m[Kâ€™
  528 |             if (last_command_ == "PAUSE" && stdà²¨[01;31m[K:[m[Kstd::abs(data.velocity) >= VELOCITY_TOLERANCE) {
      |                                                 [01;31m[K^[m[K
      |                                                 [32m[K::[m[K
[01m[K/home/ubuntu/Desktop/AK8064_ws_Jun/src/motor_driver/src/ControlMotor.cpp:528:45:[m[K [01;31m[Kerror: [m[Kâ€˜[01m[Kstdà²¨[m[Kâ€™ has not been declared
  528 |             if (last_command_ == "PAUSE" && [01;31m[Kstdà²¨[m[K:std::abs(data.velocity) >= VELOCITY_TOLERANCE) {
      |                                             [01;31m[K^~~~[m[K
gmake[2]: *** [CMakeFiles/ControlMotor.dir/build.make:76: CMakeFiles/ControlMotor.dir/src/ControlMotor.cpp.o] Error 1
gmake[1]: *** [CMakeFiles/Makefile2:137: CMakeFiles/ControlMotor.dir/all] Error 2
gmake: *** [Makefile:146: all] Error 2
