[0.006s] Invoking command in '/home/ubuntu/Desktop/AK8064_ws_Jun/build/motor_driver': AMENT_PREFIX_PATH=/home/ubuntu/Desktop/AK8064_ws_Jun/install/can_interface:${AMENT_PREFIX_PATH} CMAKE_PREFIX_PATH=/home/ubuntu/Desktop/AK8064_ws_Jun/install/can_interface:/opt/ros/humble LD_LIBRARY_PATH=/home/ubuntu/Desktop/AK8064_ws_Jun/install/can_interface/lib:${LD_LIBRARY_PATH} /usr/bin/cmake --build /home/ubuntu/Desktop/AK8064_ws_Jun/build/motor_driver -- -j8 -l8
[0.037s] [35m[1mConsolidate compiler generated dependencies of target ControlMotor[0m
[0.049s] [ 50%] [32mBuilding CXX object CMakeFiles/ControlMotor.dir/src/ControlMotor.cpp.o[0m
[1.904s] [01m[K/home/ubuntu/Desktop/AK8064_ws_Jun/src/motor_driver/src/ControlMotor.cpp:[m[K In constructor â€˜[01m[KStatePublisher::StatePublisher(rclcpp::Node*, const string&)[m[Kâ€™:
[1.904s] [01m[K/home/ubuntu/Desktop/AK8064_ws_Jun/src/motor_driver/src/ControlMotor.cpp:885:11:[m[K [01;31m[Kerror: [m[Kclass â€˜[01m[KStatePublisher[m[Kâ€™ does not have any field named â€˜[01m[Knode_[m[Kâ€™
[1.905s]   885 |         : [01;31m[Knode_[m[K(node) {
[1.905s]       |           [01;31m[K^~~~~[m[K
[1.922s] In file included from [01m[K/opt/ros/humble/include/rclcpp/rclcpp/client.hpp:40[m[K,
[1.922s]                  from [01m[K/opt/ros/humble/include/rclcpp/rclcpp/callback_group.hpp:24[m[K,
[1.922s]                  from [01m[K/opt/ros/humble/include/rclcpp/rclcpp/any_executable.hpp:20[m[K,
[1.922s]                  from [01m[K/opt/ros/humble/include/rclcpp/rclcpp/memory_strategy.hpp:25[m[K,
[1.922s]                  from [01m[K/opt/ros/humble/include/rclcpp/rclcpp/memory_strategies.hpp:18[m[K,
[1.922s]                  from [01m[K/opt/ros/humble/include/rclcpp/rclcpp/executor_options.hpp:20[m[K,
[1.922s]                  from [01m[K/opt/ros/humble/include/rclcpp/rclcpp/executor.hpp:37[m[K,
[1.922s]                  from [01m[K/opt/ros/humble/include/rclcpp/rclcpp/executors/multi_threaded_executor.hpp:25[m[K,
[1.922s]                  from [01m[K/opt/ros/humble/include/rclcpp/rclcpp/executors.hpp:21[m[K,
[1.922s]                  from [01m[K/opt/ros/humble/include/rclcpp/rclcpp/rclcpp.hpp:155[m[K,
[1.922s]                  from [01m[K/home/ubuntu/Desktop/AK8064_ws_Jun/src/motor_driver/src/ControlMotor.cpp:750[m[K:
[1.922s] [01m[K/home/ubuntu/Desktop/AK8064_ws_Jun/src/motor_driver/src/ControlMotor.cpp:[m[K In member function â€˜[01m[Kvoid StatePublisher::publish(const MotorData&, bool)[m[Kâ€™:
[1.922s] [01m[K/home/ubuntu/Desktop/AK8064_ws_Jun/src/motor_driver/src/ControlMotor.cpp:900:25:[m[K [01;31m[Kerror: [m[Kâ€˜[01m[Knode_[m[Kâ€™ was not declared in this scope; did you mean â€˜[01m[Kmode_t[m[Kâ€™?
[1.922s]   900 |             RCLCPP_WARN([01;31m[Knode_[m[K->get_logger(), "Invalid motor data: NaN detected in position, velocity, or current");
[1.922s]       |                         [01;31m[K^~~~~[m[K
[1.922s] [01m[K/home/ubuntu/Desktop/AK8064_ws_Jun/src/motor_driver/src/ControlMotor.cpp:900:13:[m[K [01;31m[Kerror: [m[Ktemplate argument 1 is invalid
[1.923s]   900 |             [01;31m[KRCLCPP_WARN[m[K(node_->get_logger(), "Invalid motor data: NaN detected in position, velocity, or current");
[1.923s]       |             [01;31m[K^~~~~~~~~~~[m[K
[1.923s] [01m[K/home/ubuntu/Desktop/AK8064_ws_Jun/src/motor_driver/src/ControlMotor.cpp:900:13:[m[K [01;31m[Kerror: [m[Ktemplate argument 1 is invalid
[1.923s]   900 |             [01;31m[KRCLCPP_WARN[m[K(node_->get_logger(), "Invalid motor data: NaN detected in position, velocity, or current");
[1.923s]       |             [01;31m[K^~~~~~~~~~~[m[K
[1.923s] [01m[K/home/ubuntu/Desktop/AK8064_ws_Jun/src/motor_driver/src/ControlMotor.cpp:900:13:[m[K [01;31m[Kerror: [m[Ktemplate argument 1 is invalid
[1.923s]   900 |             [01;31m[KRCLCPP_WARN[m[K(node_->get_logger(), "Invalid motor data: NaN detected in position, velocity, or current");
[1.923s]       |             [01;31m[K^~~~~~~~~~~[m[K
[1.927s] [01m[K/home/ubuntu/Desktop/AK8064_ws_Jun/src/motor_driver/src/ControlMotor.cpp:904:25:[m[K [01;31m[Kerror: [m[Kâ€˜[01m[Knode_[m[Kâ€™ was not declared in this scope; did you mean â€˜[01m[Kmode_t[m[Kâ€™?
[1.927s]   904 |             RCLCPP_WARN([01;31m[Knode_[m[K->get_logger(), "Motor state is empty");
[1.927s]       |                         [01;31m[K^~~~~[m[K
[1.927s] [01m[K/home/ubuntu/Desktop/AK8064_ws_Jun/src/motor_driver/src/ControlMotor.cpp:904:13:[m[K [01;31m[Kerror: [m[Ktemplate argument 1 is invalid
[1.927s]   904 |             [01;31m[KRCLCPP_WARN[m[K(node_->get_logger(), "Motor state is empty");
[1.927s]       |             [01;31m[K^~~~~~~~~~~[m[K
[1.927s] [01m[K/home/ubuntu/Desktop/AK8064_ws_Jun/src/motor_driver/src/ControlMotor.cpp:904:13:[m[K [01;31m[Kerror: [m[Ktemplate argument 1 is invalid
[1.928s]   904 |             [01;31m[KRCLCPP_WARN[m[K(node_->get_logger(), "Motor state is empty");
[1.928s]       |             [01;31m[K^~~~~~~~~~~[m[K
[1.928s] [01m[K/home/ubuntu/Desktop/AK8064_ws_Jun/src/motor_driver/src/ControlMotor.cpp:904:13:[m[K [01;31m[Kerror: [m[Ktemplate argument 1 is invalid
[1.928s]   904 |             [01;31m[KRCLCPP_WARN[m[K(node_->get_logger(), "Motor state is empty");
[1.928s]       |             [01;31m[K^~~~~~~~~~~[m[K
[1.935s] [01m[K/home/ubuntu/Desktop/AK8064_ws_Jun/src/motor_driver/src/ControlMotor.cpp:[m[K In member function â€˜[01m[Kvoid StatePublisher::publishResponse(const string&)[m[Kâ€™:
[1.935s] [01m[K/home/ubuntu/Desktop/AK8064_ws_Jun/src/motor_driver/src/ControlMotor.cpp:934:25:[m[K [01;31m[Kerror: [m[Kâ€˜[01m[Knode_[m[Kâ€™ was not declared in this scope; did you mean â€˜[01m[Kmode_t[m[Kâ€™?
[1.935s]   934 |             RCLCPP_WARN([01;31m[Knode_[m[K->get_logger(), "Empty response message, skipping publish");
[1.935s]       |                         [01;31m[K^~~~~[m[K
[1.935s] [01m[K/home/ubuntu/Desktop/AK8064_ws_Jun/src/motor_driver/src/ControlMotor.cpp:934:13:[m[K [01;31m[Kerror: [m[Ktemplate argument 1 is invalid
[1.935s]   934 |             [01;31m[KRCLCPP_WARN[m[K(node_->get_logger(), "Empty response message, skipping publish");
[1.935s]       |             [01;31m[K^~~~~~~~~~~[m[K
[1.935s] [01m[K/home/ubuntu/Desktop/AK8064_ws_Jun/src/motor_driver/src/ControlMotor.cpp:934:13:[m[K [01;31m[Kerror: [m[Ktemplate argument 1 is invalid
[1.935s]   934 |             [01;31m[KRCLCPP_WARN[m[K(node_->get_logger(), "Empty response message, skipping publish");
[1.935s]       |             [01;31m[K^~~~~~~~~~~[m[K
[1.935s] [01m[K/home/ubuntu/Desktop/AK8064_ws_Jun/src/motor_driver/src/ControlMotor.cpp:934:13:[m[K [01;31m[Kerror: [m[Ktemplate argument 1 is invalid
[1.935s]   934 |             [01;31m[KRCLCPP_WARN[m[K(node_->get_logger(), "Empty response message, skipping publish");
[1.935s]       |             [01;31m[K^~~~~~~~~~~[m[K
[4.442s] gmake[2]: *** [CMakeFiles/ControlMotor.dir/build.make:76: CMakeFiles/ControlMotor.dir/src/ControlMotor.cpp.o] Error 1
[4.442s] gmake[1]: *** [CMakeFiles/Makefile2:137: CMakeFiles/ControlMotor.dir/all] Error 2
[4.443s] gmake: *** [Makefile:146: all] Error 2
[4.445s] Invoked command in '/home/ubuntu/Desktop/AK8064_ws_Jun/build/motor_driver' returned '2': AMENT_PREFIX_PATH=/home/ubuntu/Desktop/AK8064_ws_Jun/install/can_interface:${AMENT_PREFIX_PATH} CMAKE_PREFIX_PATH=/home/ubuntu/Desktop/AK8064_ws_Jun/install/can_interface:/opt/ros/humble LD_LIBRARY_PATH=/home/ubuntu/Desktop/AK8064_ws_Jun/install/can_interface/lib:${LD_LIBRARY_PATH} /usr/bin/cmake --build /home/ubuntu/Desktop/AK8064_ws_Jun/build/motor_driver -- -j8 -l8
