[0.018s] Invoking command in '/home/ubuntu/Desktop/AK8064_ws_Jun/build/motor_driver': AMENT_PREFIX_PATH=/home/ubuntu/Desktop/AK8064_ws_Jun/install/can_interface:${AMENT_PREFIX_PATH} CMAKE_PREFIX_PATH=/home/ubuntu/Desktop/AK8064_ws_Jun/install/can_interface:/opt/ros/humble LD_LIBRARY_PATH=/home/ubuntu/Desktop/AK8064_ws_Jun/install/can_interface/lib:${LD_LIBRARY_PATH} /usr/bin/cmake --build /home/ubuntu/Desktop/AK8064_ws_Jun/build/motor_driver -- -j8 -l8
[0.103s] [35m[1mConsolidate compiler generated dependencies of target ControlMotor[0m
[0.137s] [ 50%] [32mBuilding CXX object CMakeFiles/ControlMotor.dir/src/ControlMotor.cpp.o[0m
[5.122s] In file included from [01m[K/opt/ros/humble/include/rclcpp/rclcpp/client.hpp:40[m[K,
[5.122s]                  from [01m[K/opt/ros/humble/include/rclcpp/rclcpp/callback_group.hpp:24[m[K,
[5.122s]                  from [01m[K/opt/ros/humble/include/rclcpp/rclcpp/any_executable.hpp:20[m[K,
[5.123s]                  from [01m[K/opt/ros/humble/include/rclcpp/rclcpp/memory_strategy.hpp:25[m[K,
[5.123s]                  from [01m[K/opt/ros/humble/include/rclcpp/rclcpp/memory_strategies.hpp:18[m[K,
[5.123s]                  from [01m[K/opt/ros/humble/include/rclcpp/rclcpp/executor_options.hpp:20[m[K,
[5.123s]                  from [01m[K/opt/ros/humble/include/rclcpp/rclcpp/executor.hpp:37[m[K,
[5.123s]                  from [01m[K/opt/ros/humble/include/rclcpp/rclcpp/executors/multi_threaded_executor.hpp:25[m[K,
[5.123s]                  from [01m[K/opt/ros/humble/include/rclcpp/rclcpp/executors.hpp:21[m[K,
[5.124s]                  from [01m[K/opt/ros/humble/include/rclcpp/rclcpp/rclcpp.hpp:155[m[K,
[5.124s]                  from [01m[K/home/ubuntu/Desktop/AK8064_ws_Jun/src/motor_driver/src/ControlMotor.cpp:2107[m[K:
[5.124s] [01m[K/home/ubuntu/Desktop/AK8064_ws_Jun/src/motor_driver/src/ControlMotor.cpp:[m[K In member function â€˜[01m[Kbool SafetyChecker::check(const MotorData&, const rclcpp::Logger&) const[m[Kâ€™:
[5.124s] [01m[K/home/ubuntu/Desktop/AK8064_ws_Jun/src/motor_driver/src/ControlMotor.cpp:2237:26:[m[K [01;31m[Kerror: [m[Kâ€˜[01m[Klogger_[m[Kâ€™ was not declared in this scope; did you mean â€˜[01m[Klogger[m[Kâ€™?
[5.124s]  2237 |             RCLCPP_ERROR([01;31m[Klogger_[m[K, "Motor issue! Temp: %dÂ°C, Error: %d", data.temperature, data.error_);
[5.125s]       |                          [01;31m[K^~~~~~~[m[K
[5.125s] [01m[K/home/ubuntu/Desktop/AK8064_ws_Jun/src/motor_driver/src/ControlMotor.cpp:2237:13:[m[K [01;31m[Kerror: [m[Ktemplate argument 1 is invalid
[5.125s]  2237 |             [01;31m[KRCLCPP_ERROR[m[K(logger_, "Motor issue! Temp: %dÂ°C, Error: %d", data.temperature, data.error_);
[5.125s]       |             [01;31m[K^~~~~~~~~~~~[m[K
[5.125s] [01m[K/home/ubuntu/Desktop/AK8064_ws_Jun/src/motor_driver/src/ControlMotor.cpp:2237:13:[m[K [01;31m[Kerror: [m[Ktemplate argument 1 is invalid
[5.125s]  2237 |             [01;31m[KRCLCPP_ERROR[m[K(logger_, "Motor issue! Temp: %dÂ°C, Error: %d", data.temperature, data.error_);
[5.125s]       |             [01;31m[K^~~~~~~~~~~~[m[K
[5.126s] [01m[K/home/ubuntu/Desktop/AK8064_ws_Jun/src/motor_driver/src/ControlMotor.cpp:2237:13:[m[K [01;31m[Kerror: [m[Ktemplate argument 1 is invalid
[5.126s]  2237 |             [01;31m[KRCLCPP_ERROR[m[K(logger_, "Motor issue! Temp: %dÂ°C, Error: %d", data.temperature, data.error_);
[5.126s]       |             [01;31m[K^~~~~~~~~~~~[m[K
[5.126s] In file included from [01m[K/opt/ros/humble/include/rclcpp/rclcpp/logging.hpp:24[m[K,
[5.126s]                  from [01m[K/opt/ros/humble/include/rclcpp/rclcpp/client.hpp:40[m[K,
[5.126s]                  from [01m[K/opt/ros/humble/include/rclcpp/rclcpp/callback_group.hpp:24[m[K,
[5.126s]                  from [01m[K/opt/ros/humble/include/rclcpp/rclcpp/any_executable.hpp:20[m[K,
[5.126s]                  from [01m[K/opt/ros/humble/include/rclcpp/rclcpp/memory_strategy.hpp:25[m[K,
[5.126s]                  from [01m[K/opt/ros/humble/include/rclcpp/rclcpp/memory_strategies.hpp:18[m[K,
[5.127s]                  from [01m[K/opt/ros/humble/include/rclcpp/rclcpp/executor_options.hpp:20[m[K,
[5.127s]                  from [01m[K/opt/ros/humble/include/rclcpp/rclcpp/executor.hpp:37[m[K,
[5.127s]                  from [01m[K/opt/ros/humble/include/rclcpp/rclcpp/executors/multi_threaded_executor.hpp:25[m[K,
[5.127s]                  from [01m[K/opt/ros/humble/include/rclcpp/rclcpp/executors.hpp:21[m[K,
[5.127s]                  from [01m[K/opt/ros/humble/include/rclcpp/rclcpp/rclcpp.hpp:155[m[K,
[5.127s]                  from [01m[K/home/ubuntu/Desktop/AK8064_ws_Jun/src/motor_driver/src/ControlMotor.cpp:2107[m[K:
[5.127s] [01m[K/home/ubuntu/Desktop/AK8064_ws_Jun/src/motor_driver/src/ControlMotor.cpp:2237:96:[m[K [01;31m[Kerror: [m[Kâ€˜[01m[Kconst struct MotorData[m[Kâ€™ has no member named â€˜[01m[Kerror_[m[Kâ€™; did you mean â€˜[01m[Kerror[m[Kâ€™?
[5.127s]  2237 | "Motor issue! Temp: %dÂ°C, Error: %d", data.temperature, data.[01;31m[Kerror_[m[K);
[5.128s]       |                                                              [01;31m[K^~~~~~[m[K
[5.128s] 
[5.134s] In file included from [01m[K/opt/ros/humble/include/rclcpp/rclcpp/client.hpp:40[m[K,
[5.134s]                  from [01m[K/opt/ros/humble/include/rclcpp/rclcpp/callback_group.hpp:24[m[K,
[5.134s]                  from [01m[K/opt/ros/humble/include/rclcpp/rclcpp/any_executable.hpp:20[m[K,
[5.134s]                  from [01m[K/opt/ros/humble/include/rclcpp/rclcpp/memory_strategy.hpp:25[m[K,
[5.134s]                  from [01m[K/opt/ros/humble/include/rclcpp/rclcpp/memory_strategies.hpp:18[m[K,
[5.134s]                  from [01m[K/opt/ros/humble/include/rclcpp/rclcpp/executor_options.hpp:20[m[K,
[5.135s]                  from [01m[K/opt/ros/humble/include/rclcpp/rclcpp/executor.hpp:37[m[K,
[5.135s]                  from [01m[K/opt/ros/humble/include/rclcpp/rclcpp/executors/multi_threaded_executor.hpp:25[m[K,
[5.135s]                  from [01m[K/opt/ros/humble/include/rclcpp/rclcpp/executors.hpp:21[m[K,
[5.135s]                  from [01m[K/opt/ros/humble/include/rclcpp/rclcpp/rclcpp.hpp:155[m[K,
[5.135s]                  from [01m[K/home/ubuntu/Desktop/AK8064_ws_Jun/src/motor_driver/src/ControlMotor.cpp:2107[m[K:
[5.135s] [01m[K/home/ubuntu/Desktop/AK8064_ws_Jun/src/motor_driver/src/ControlMotor.cpp:2241:26:[m[K [01;31m[Kerror: [m[Kâ€˜[01m[Klogger_[m[Kâ€™ was not declared in this scope; did you mean â€˜[01m[Klogger[m[Kâ€™?
[5.135s]  2241 |             RCLCPP_ERROR([01;31m[Klogger_[m[K, "Position %.2f out of bounds [%.2f, %.2f]",
[5.135s]       |                          [01;31m[K^~~~~~~[m[K
[5.135s] [01m[K/home/ubuntu/Desktop/AK8064_ws_Jun/src/motor_driver/src/ControlMotor.cpp:2241:13:[m[K [01;31m[Kerror: [m[Ktemplate argument 1 is invalid
[5.136s]  2241 |             [01;31m[KRCLCPP_ERROR[m[K(logger_, "Position %.2f out of bounds [%.2f, %.2f]",
[5.136s]       |             [01;31m[K^~~~~~~~~~~~[m[K
[5.136s] [01m[K/home/ubuntu/Desktop/AK8064_ws_Jun/src/motor_driver/src/ControlMotor.cpp:2241:13:[m[K [01;31m[Kerror: [m[Ktemplate argument 1 is invalid
[5.136s]  2241 |             [01;31m[KRCLCPP_ERROR[m[K(logger_, "Position %.2f out of bounds [%.2f, %.2f]",
[5.136s]       |             [01;31m[K^~~~~~~~~~~~[m[K
[5.136s] [01m[K/home/ubuntu/Desktop/AK8064_ws_Jun/src/motor_driver/src/ControlMotor.cpp:2241:13:[m[K [01;31m[Kerror: [m[Ktemplate argument 1 is invalid
[5.136s]  2241 |             [01;31m[KRCLCPP_ERROR[m[K(logger_, "Position %.2f out of bounds [%.2f, %.2f]",
[5.136s]       |             [01;31m[K^~~~~~~~~~~~[m[K
[11.423s] gmake[2]: *** [CMakeFiles/ControlMotor.dir/build.make:76: CMakeFiles/ControlMotor.dir/src/ControlMotor.cpp.o] Error 1
[11.423s] gmake[1]: *** [CMakeFiles/Makefile2:137: CMakeFiles/ControlMotor.dir/all] Error 2
[11.423s] gmake: *** [Makefile:146: all] Error 2
[11.427s] Invoked command in '/home/ubuntu/Desktop/AK8064_ws_Jun/build/motor_driver' returned '2': AMENT_PREFIX_PATH=/home/ubuntu/Desktop/AK8064_ws_Jun/install/can_interface:${AMENT_PREFIX_PATH} CMAKE_PREFIX_PATH=/home/ubuntu/Desktop/AK8064_ws_Jun/install/can_interface:/opt/ros/humble LD_LIBRARY_PATH=/home/ubuntu/Desktop/AK8064_ws_Jun/install/can_interface/lib:${LD_LIBRARY_PATH} /usr/bin/cmake --build /home/ubuntu/Desktop/AK8064_ws_Jun/build/motor_driver -- -j8 -l8
