[35m[1mConsolidate compiler generated dependencies of target ControlMotor[0m
[ 50%] [32mBuilding CXX object CMakeFiles/ControlMotor.dir/src/ControlMotor.cpp.o[0m
[01m[K/home/ubuntu/Desktop/AK8064_ws_Jun/src/motor_driver/src/ControlMotor.cpp:1161:21:[m[K [01;31m[Kerror: [m[Kâ€˜[01m[KMotorControlNode[m[Kâ€™ has not been declared
 1161 |                     [01;31m[KMotorControlNode[m[K* node, const std::string& name)
      |                     [01;31m[K^~~~~~~~~~~~~~~~[m[K
[01m[K/home/ubuntu/Desktop/AK8064_ws_Jun/src/motor_driver/src/ControlMotor.cpp:1785:5:[m[K [01;31m[Kerror: [m[Kâ€˜[01m[KMotorControlNode[m[Kâ€™ does not name a type; did you mean â€˜[01m[KMotorController[m[Kâ€™?
 1785 |     [01;31m[KMotorControlNode[m[K* node_;
      |     [01;31m[K^~~~~~~~~~~~~~~~[m[K
      |     [32m[KMotorController[m[K
[01m[K/home/ubuntu/Desktop/AK8064_ws_Jun/src/motor_driver/src/ControlMotor.cpp:[m[K In constructor â€˜[01m[KMotorController::MotorController(uint8_t, std::shared_ptr<ICANInterface>, int*, const string&)[m[Kâ€™:
[01m[K/home/ubuntu/Desktop/AK8064_ws_Jun/src/motor_driver/src/ControlMotor.cpp:1162:43:[m[K [01;31m[Kerror: [m[Kclass â€˜[01m[KMotorController[m[Kâ€™ does not have any field named â€˜[01m[Knode_[m[Kâ€™
 1162 |         : motor_id_(motor_id), can_(can), [01;31m[Knode_[m[K(node), logger_(node->get_logger()),
      |                                           [01;31m[K^~~~~[m[K
[01m[K/home/ubuntu/Desktop/AK8064_ws_Jun/src/motor_driver/src/ControlMotor.cpp:1162:70:[m[K [01;31m[Kerror: [m[Krequest for member â€˜[01m[Kget_logger[m[Kâ€™ in â€˜[01m[K* node[m[Kâ€™, which is of non-class type â€˜[01m[Kint[m[Kâ€™
 1162 |         : motor_id_(motor_id), can_(can), node_(node), logger_(node->[01;31m[Kget_logger[m[K()),
      |                                                                      [01;31m[K^~~~~~~~~~[m[K
[01m[K/home/ubuntu/Desktop/AK8064_ws_Jun/src/motor_driver/src/ControlMotor.cpp:1169:75:[m[K [01;31m[Kerror: [m[Krequest for member â€˜[01m[Know[m[Kâ€™ in â€˜[01m[K* node[m[Kâ€™, which is of non-class type â€˜[01m[Kint[m[Kâ€™
 1169 |           last_command_(), pre_pause_command_(), last_command_time_(node->[01;31m[Know[m[K()),
      |                                                                           [01;31m[K^~~[m[K
[01m[K/home/ubuntu/Desktop/AK8064_ws_Jun/src/motor_driver/src/ControlMotor.cpp:1168:11:[m[K [01;31m[Kerror: [m[Kno matching function for call to â€˜[01m[KStatePublisher::StatePublisher(int*&, const string&)[m[Kâ€™
 1168 |           [01;31m[Kpublisher_(node, name)[m[K, param_prefix_(name + "."),
      |           [01;31m[K^~~~~~~~~~~~~~~~~~~~~~[m[K
[01m[K/home/ubuntu/Desktop/AK8064_ws_Jun/src/motor_driver/src/ControlMotor.cpp:1102:5:[m[K [01;36m[Knote: [m[Kcandidate: â€˜[01m[KStatePublisher::StatePublisher(rclcpp::Node*, const string&)[m[Kâ€™
 1102 |     [01;36m[KStatePublisher[m[K(rclcpp::Node* node, const std::string& name)
      |     [01;36m[K^~~~~~~~~~~~~~[m[K
[01m[K/home/ubuntu/Desktop/AK8064_ws_Jun/src/motor_driver/src/ControlMotor.cpp:1102:34:[m[K [01;36m[Knote: [m[K  no known conversion for argument 1 from â€˜[01m[Kint*[m[Kâ€™ to â€˜[01m[Krclcpp::Node*[m[Kâ€™
 1102 |     StatePublisher([01;36m[Krclcpp::Node* node[m[K, const std::string& name)
      |                    [01;36m[K~~~~~~~~~~~~~~^~~~[m[K
[01m[K/home/ubuntu/Desktop/AK8064_ws_Jun/src/motor_driver/src/ControlMotor.cpp:1100:7:[m[K [01;36m[Knote: [m[Kcandidate: â€˜[01m[KStatePublisher::StatePublisher(const StatePublisher&)[m[Kâ€™
 1100 | class [01;36m[KStatePublisher[m[K {
      |       [01;36m[K^~~~~~~~~~~~~~[m[K
[01m[K/home/ubuntu/Desktop/AK8064_ws_Jun/src/motor_driver/src/ControlMotor.cpp:1100:7:[m[K [01;36m[Knote: [m[K  candidate expects 1 argument, 2 provided
[01m[K/home/ubuntu/Desktop/AK8064_ws_Jun/src/motor_driver/src/ControlMotor.cpp:1100:7:[m[K [01;36m[Knote: [m[Kcandidate: â€˜[01m[KStatePublisher::StatePublisher(StatePublisher&&)[m[Kâ€™
[01m[K/home/ubuntu/Desktop/AK8064_ws_Jun/src/motor_driver/src/ControlMotor.cpp:1100:7:[m[K [01;36m[Knote: [m[K  candidate expects 1 argument, 2 provided
[01m[K/home/ubuntu/Desktop/AK8064_ws_Jun/src/motor_driver/src/ControlMotor.cpp:[m[K In member function â€˜[01m[Kvirtual void MotorController::handleCommand(const string&)[m[Kâ€™:
[01m[K/home/ubuntu/Desktop/AK8064_ws_Jun/src/motor_driver/src/ControlMotor.cpp:1213:30:[m[K [01;31m[Kerror: [m[Kâ€˜[01m[Knode_[m[Kâ€™ was not declared in this scope; did you mean â€˜[01m[Kmode_[m[Kâ€™?
 1213 |         last_command_time_ = [01;31m[Knode_[m[K->now();
      |                              [01;31m[K^~~~~[m[K
      |                              [32m[Kmode_[m[K
[01m[K/home/ubuntu/Desktop/AK8064_ws_Jun/src/motor_driver/src/ControlMotor.cpp:[m[K In member function â€˜[01m[Kvoid MotorController::handlePaused(const MotorData&)[m[Kâ€™:
[01m[K/home/ubuntu/Desktop/AK8064_ws_Jun/src/motor_driver/src/ControlMotor.cpp:1464:18:[m[K [01;31m[Kerror: [m[Kâ€˜[01m[Knode_[m[Kâ€™ was not declared in this scope; did you mean â€˜[01m[Kmode_[m[Kâ€™?
 1464 |                 ([01;31m[Knode_[m[K->now() - last_command_time_) < rclcpp::Duration::from_seconds(0.3)) {
      |                  [01;31m[K^~~~~[m[K
      |                  [32m[Kmode_[m[K
[01m[K/home/ubuntu/Desktop/AK8064_ws_Jun/src/motor_driver/src/ControlMotor.cpp:[m[K In member function â€˜[01m[Kvoid MotorController::handleError(const MotorData&)[m[Kâ€™:
[01m[K/home/ubuntu/Desktop/AK8064_ws_Jun/src/motor_driver/src/ControlMotor.cpp:1519:52:[m[K [01;31m[Kerror: [m[Kâ€˜[01m[Knode_[m[Kâ€™ was not declared in this scope; did you mean â€˜[01m[Kmode_[m[Kâ€™?
 1519 |             static rclcpp::Time error_start_time = [01;31m[Knode_[m[K->now();
      |                                                    [01;31m[K^~~~~[m[K
      |                                                    [32m[Kmode_[m[K
[01m[K/home/ubuntu/Desktop/AK8064_ws_Jun/src/motor_driver/src/ControlMotor.cpp:[m[K In lambda function:
[01m[K/home/ubuntu/Desktop/AK8064_ws_Jun/src/motor_driver/src/ControlMotor.cpp:1603:42:[m[K [01;31m[Kerror: [m[Kâ€˜[01m[Knode_[m[Kâ€™ was not declared in this scope; did you mean â€˜[01m[Kmode_[m[Kâ€™?
 1603 |                     last_command_time_ = [01;31m[Knode_[m[K->now();
      |                                          [01;31m[K^~~~~[m[K
      |                                          [32m[Kmode_[m[K
[01m[K/home/ubuntu/Desktop/AK8064_ws_Jun/src/motor_driver/src/ControlMotor.cpp:[m[K In lambda function:
[01m[K/home/ubuntu/Desktop/AK8064_ws_Jun/src/motor_driver/src/ControlMotor.cpp:1660:42:[m[K [01;31m[Kerror: [m[Kâ€˜[01m[Knode_[m[Kâ€™ was not declared in this scope; did you mean â€˜[01m[Kmode_[m[Kâ€™?
 1660 |                     last_command_time_ = [01;31m[Knode_[m[K->now();
      |                                          [01;31m[K^~~~~[m[K
      |                                          [32m[Kmode_[m[K
[01m[K/home/ubuntu/Desktop/AK8064_ws_Jun/src/motor_driver/src/ControlMotor.cpp:[m[K In member function â€˜[01m[Kvoid MotorController::initializeParameters()[m[Kâ€™:
[01m[K/home/ubuntu/Desktop/AK8064_ws_Jun/src/motor_driver/src/ControlMotor.cpp:1737:9:[m[K [01;31m[Kerror: [m[Kâ€˜[01m[Knode_[m[Kâ€™ was not declared in this scope; did you mean â€˜[01m[Kmode_[m[Kâ€™?
 1737 |         [01;31m[Knode_[m[K->declare_parameter(param_prefix_ + "target_positions", std::vector<double>{0.0});
      |         [01;31m[K^~~~~[m[K
      |         [32m[Kmode_[m[K
In file included from [01m[K/usr/include/c++/11/memory:76[m[K,
                 from [01m[K/opt/ros/humble/include/rclcpp/rclcpp/rclcpp.hpp:153[m[K,
                 from [01m[K/home/ubuntu/Desktop/AK8064_ws_Jun/src/motor_driver/src/ControlMotor.cpp:951[m[K:
/usr/include/c++/11/bits/unique_ptr.h: In instantiation of â€˜[01m[Ktypename std::_MakeUniq<_Tp>::__single_object std::make_unique(_Args&& ...) [with _Tp = MotorController; _Args = {int, std::shared_ptr<ICANInterface>&, MotorControlNode*, const char (&)[21]}; typename std::_MakeUniq<_Tp>::__single_object = std::unique_ptr<MotorController, std::default_delete<MotorController> >][m[Kâ€™:
[01m[K/home/ubuntu/Desktop/AK8064_ws_Jun/src/motor_driver/src/ControlMotor.cpp:1835:65:[m[K   required from here
[01m[K/usr/include/c++/11/bits/unique_ptr.h:962:30:[m[K [01;31m[Kerror: [m[Kno matching function for call to â€˜[01m[KMotorController::MotorController(int, std::shared_ptr<ICANInterface>&, MotorControlNode*, const char [21])[m[Kâ€™
  962 |     { return unique_ptr<_Tp>([01;31m[Knew _Tp(std::forward<_Args>(__args)...)[m[K); }
      |                              [01;31m[K^~~~~~~~~~~~~~~~~~~~~~~~~~~~~~~~~~~~~~~[m[K
[01m[K/home/ubuntu/Desktop/AK8064_ws_Jun/src/motor_driver/src/ControlMotor.cpp:1160:5:[m[K [01;36m[Knote: [m[Kcandidate: â€˜[01m[KMotorController::MotorController(uint8_t, std::shared_ptr<ICANInterface>, int*, const string&)[m[Kâ€™
 1160 |     [01;36m[KMotorController[m[K(uint8_t motor_id, std::shared_ptr<ICANInterface> can,
      |     [01;36m[K^~~~~~~~~~~~~~~[m[K
[01m[K/home/ubuntu/Desktop/AK8064_ws_Jun/src/motor_driver/src/ControlMotor.cpp:1161:39:[m[K [01;36m[Knote: [m[K  no known conversion for argument 3 from â€˜[01m[KMotorControlNode*[m[Kâ€™ to â€˜[01m[Kint*[m[Kâ€™
 1161 |                     [01;36m[KMotorControlNode* node[m[K, const std::string& name)
      |                     [01;36m[K~~~~~~~~~~~~~~~~~~^~~~[m[K
[01m[K/home/ubuntu/Desktop/AK8064_ws_Jun/src/motor_driver/src/ControlMotor.cpp:1154:7:[m[K [01;36m[Knote: [m[Kcandidate: â€˜[01m[KMotorController::MotorController(const MotorController&)[m[Kâ€™
 1154 | class [01;36m[KMotorController[m[K : public IMotorController {
      |       [01;36m[K^~~~~~~~~~~~~~~[m[K
[01m[K/home/ubuntu/Desktop/AK8064_ws_Jun/src/motor_driver/src/ControlMotor.cpp:1154:7:[m[K [01;36m[Knote: [m[K  candidate expects 1 argument, 4 provided
[01m[K/home/ubuntu/Desktop/AK8064_ws_Jun/src/motor_driver/src/ControlMotor.cpp:1154:7:[m[K [01;36m[Knote: [m[Kcandidate: â€˜[01m[KMotorController::MotorController(MotorController&&)[m[Kâ€™
[01m[K/home/ubuntu/Desktop/AK8064_ws_Jun/src/motor_driver/src/ControlMotor.cpp:1154:7:[m[K [01;36m[Knote: [m[K  candidate expects 1 argument, 4 provided
gmake[2]: *** [CMakeFiles/ControlMotor.dir/build.make:76: CMakeFiles/ControlMotor.dir/src/ControlMotor.cpp.o] Error 1
gmake[1]: *** [CMakeFiles/Makefile2:137: CMakeFiles/ControlMotor.dir/all] Error 2
gmake: *** [Makefile:146: all] Error 2
