[01m[K/home/ubuntu/Desktop/AK8064_ws_Jun/src/motor_driver/src/ControlMotor.cpp:[m[K In member function â€˜[01m[Kvoid MotorController::handlePaused(const MotorData&)[m[Kâ€™:
[01m[K/home/ubuntu/Desktop/AK8064_ws_Jun/src/motor_driver/src/ControlMotor.cpp:521:25:[m[K [01;31m[Kerror: [m[Kâ€˜[01m[Ktarget_pos[m[Kâ€™ was not declared in this scope; did you mean â€˜[01m[Kfgetpos[m[Kâ€™?
  521 |                         [01;31m[Ktarget_pos[m[K += offset; // BÃ¹ 3 Ä‘á»™ khi Ä‘i lÃªn
      |                         [01;31m[K^~~~~~~~~~[m[K
      |                         [32m[Kfgetpos[m[K
[01m[K/home/ubuntu/Desktop/AK8064_ws_Jun/src/motor_driver/src/ControlMotor.cpp:521:39:[m[K [01;31m[Kerror: [m[Kâ€˜[01m[Koffset[m[Kâ€™ was not declared in this scope; did you mean â€˜[01m[Koff_t[m[Kâ€™?
  521 |                       target_pos += [01;31m[Koffset[m[K; // BÃ¹ 3 Ä‘á»™ khi Ä‘i lÃªn
      |                                     [01;31m[K^~~~~~[m[K
      |                                     [32m[Koff_t[m[K
[01m[K/home/ubuntu/Desktop/AK8064_ws_Jun/src/motor_driver/src/ControlMotor.cpp:524:25:[m[K [01;31m[Kerror: [m[Kâ€˜[01m[Ktarget_pos[m[Kâ€™ was not declared in this scope; did you mean â€˜[01m[Kfgetpos[m[Kâ€™?
  524 |                         [01;31m[Ktarget_pos[m[K -= offset; // BÃ¹ -3 Ä‘á»™ khi Ä‘i xuá»‘ng
      |                         [01;31m[K^~~~~~~~~~[m[K
      |                         [32m[Kfgetpos[m[K
[01m[K/home/ubuntu/Desktop/AK8064_ws_Jun/src/motor_driver/src/ControlMotor.cpp:524:39:[m[K [01;31m[Kerror: [m[Kâ€˜[01m[Koffset[m[Kâ€™ was not declared in this scope; did you mean â€˜[01m[Koff_t[m[Kâ€™?
  524 |                       target_pos -= [01;31m[Koffset[m[K; // BÃ¹ -3 Ä‘á»™ khi Ä‘i xuá»‘ng
      |                                     [01;31m[K^~~~~~[m[K
      |                                     [32m[Koff_t[m[K
[01m[K/home/ubuntu/Desktop/AK8064_ws_Jun/src/motor_driver/src/ControlMotor.cpp:528:21:[m[K [01;31m[Kerror: [m[Kâ€˜[01m[Ktarget_pos[m[Kâ€™ was not declared in this scope; did you mean â€˜[01m[Kfgetpos[m[Kâ€™?
  528 |                     [01;31m[Ktarget_pos[m[K = std::clamp(target_pos, min_angle_, max_angle_);
      |                     [01;31m[K^~~~~~~~~~[m[K
      |                     [32m[Kfgetpos[m[K
gmake[2]: *** [CMakeFiles/ControlMotor.dir/build.make:76: CMakeFiles/ControlMotor.dir/src/ControlMotor.cpp.o] Error 1
gmake[1]: *** [CMakeFiles/Makefile2:137: CMakeFiles/ControlMotor.dir/all] Error 2
gmake: *** [Makefile:146: all] Error 2
