[0.024s] Invoking command in '/home/ubuntu/Desktop/AK8064_ws_Jun/build/motor_driver': CMAKE_PREFIX_PATH=/home/ubuntu/Desktop/AK8064_ws_Jun/install/can_interface:/home/ubuntu/Desktop/AK8064_ws_Jun/install/motor_driver:/opt/ros/humble /usr/bin/cmake --build /home/ubuntu/Desktop/AK8064_ws_Jun/build/motor_driver -- -j8 -l8
[0.107s] [35m[1mConsolidate compiler generated dependencies of target ControlMotor[0m
[0.146s] [ 50%] [32mBuilding CXX object CMakeFiles/ControlMotor.dir/src/ControlMotor.cpp.o[0m
[5.025s] [01m[K/home/ubuntu/Desktop/AK8064_ws_Jun/src/motor_driver/src/ControlMotor.cpp:[m[K In member function â€˜[01m[Kvoid MotorController::handlePaused(const MotorData&)[m[Kâ€™:
[5.025s] [01m[K/home/ubuntu/Desktop/AK8064_ws_Jun/src/motor_driver/src/ControlMotor.cpp:521:25:[m[K [01;31m[Kerror: [m[Kâ€˜[01m[Ktarget_pos[m[Kâ€™ was not declared in this scope; did you mean â€˜[01m[Kfgetpos[m[Kâ€™?
[5.025s]   521 |                         [01;31m[Ktarget_pos[m[K += offset; // BÃ¹ 3 Ä‘á»™ khi Ä‘i lÃªn
[5.025s]       |                         [01;31m[K^~~~~~~~~~[m[K
[5.026s]       |                         [32m[Kfgetpos[m[K
[5.036s] [01m[K/home/ubuntu/Desktop/AK8064_ws_Jun/src/motor_driver/src/ControlMotor.cpp:521:39:[m[K [01;31m[Kerror: [m[Kâ€˜[01m[Koffset[m[Kâ€™ was not declared in this scope; did you mean â€˜[01m[Koff_t[m[Kâ€™?
[5.036s]   521 |                       target_pos += [01;31m[Koffset[m[K; // BÃ¹ 3 Ä‘á»™ khi Ä‘i lÃªn
[5.036s]       |                                     [01;31m[K^~~~~~[m[K
[5.036s]       |                                     [32m[Koff_t[m[K
[5.050s] [01m[K/home/ubuntu/Desktop/AK8064_ws_Jun/src/motor_driver/src/ControlMotor.cpp:524:25:[m[K [01;31m[Kerror: [m[Kâ€˜[01m[Ktarget_pos[m[Kâ€™ was not declared in this scope; did you mean â€˜[01m[Kfgetpos[m[Kâ€™?
[5.050s]   524 |                         [01;31m[Ktarget_pos[m[K -= offset; // BÃ¹ -3 Ä‘á»™ khi Ä‘i xuá»‘ng
[5.051s]       |                         [01;31m[K^~~~~~~~~~[m[K
[5.051s]       |                         [32m[Kfgetpos[m[K
[5.061s] [01m[K/home/ubuntu/Desktop/AK8064_ws_Jun/src/motor_driver/src/ControlMotor.cpp:524:39:[m[K [01;31m[Kerror: [m[Kâ€˜[01m[Koffset[m[Kâ€™ was not declared in this scope; did you mean â€˜[01m[Koff_t[m[Kâ€™?
[5.061s]   524 |                       target_pos -= [01;31m[Koffset[m[K; // BÃ¹ -3 Ä‘á»™ khi Ä‘i xuá»‘ng
[5.061s]       |                                     [01;31m[K^~~~~~[m[K
[5.061s]       |                                     [32m[Koff_t[m[K
[5.074s] [01m[K/home/ubuntu/Desktop/AK8064_ws_Jun/src/motor_driver/src/ControlMotor.cpp:528:21:[m[K [01;31m[Kerror: [m[Kâ€˜[01m[Ktarget_pos[m[Kâ€™ was not declared in this scope; did you mean â€˜[01m[Kfgetpos[m[Kâ€™?
[5.074s]   528 |                     [01;31m[Ktarget_pos[m[K = std::clamp(target_pos, min_angle_, max_angle_);
[5.075s]       |                     [01;31m[K^~~~~~~~~~[m[K
[5.075s]       |                     [32m[Kfgetpos[m[K
[11.281s] gmake[2]: *** [CMakeFiles/ControlMotor.dir/build.make:76: CMakeFiles/ControlMotor.dir/src/ControlMotor.cpp.o] Error 1
[11.281s] gmake[1]: *** [CMakeFiles/Makefile2:137: CMakeFiles/ControlMotor.dir/all] Error 2
[11.281s] gmake: *** [Makefile:146: all] Error 2
[11.285s] Invoked command in '/home/ubuntu/Desktop/AK8064_ws_Jun/build/motor_driver' returned '2': CMAKE_PREFIX_PATH=/home/ubuntu/Desktop/AK8064_ws_Jun/install/can_interface:/home/ubuntu/Desktop/AK8064_ws_Jun/install/motor_driver:/opt/ros/humble /usr/bin/cmake --build /home/ubuntu/Desktop/AK8064_ws_Jun/build/motor_driver -- -j8 -l8
