[35m[1mConsolidate compiler generated dependencies of target ControlMotor[0m
[ 50%] [32mBuilding CXX object CMakeFiles/ControlMotor.dir/src/ControlMotor.cpp.o[0m
[01m[K/home/ubuntu/Desktop/AK8064_ws_Jun/src/motor_driver/src/ControlMotor.cpp:144:11:[m[K [01;31m[Kerror: [m[Kâ€˜[01m[Kstate_publisher_[m[Kâ€™ does not name a type; did you mean â€˜[01m[KStatePublisher[m[Kâ€™?
  144 |           [01;31m[Kstate_publisher_[m[K = node->create_publisher<std_msgs::msg::String>(name + "_state", 5);
      |           [01;31m[K^~~~~~~~~~~~~~~~[m[K
      |           [32m[KStatePublisher[m[K
[01m[K/home/ubuntu/Desktop/AK8064_ws_Jun/src/motor_driver/src/ControlMotor.cpp:145:11:[m[K [01;31m[Kerror: [m[Kâ€˜[01m[Ktemperature_publisher_[m[Kâ€™ does not name a type
  145 |           [01;31m[Ktemperature_publisher_[m[K = node->create_publisher<std_msgs::msg::Int8>(name + "_temperature", 5);
      |           [01;31m[K^~~~~~~~~~~~~~~~~~~~~~[m[K
[01m[K/home/ubuntu/Desktop/AK8064_ws_Jun/src/motor_driver/src/ControlMotor.cpp:146:11:[m[K [01;31m[Kerror: [m[Kâ€˜[01m[Kcurrent_publisher_[m[Kâ€™ does not name a type
  146 |           [01;31m[Kcurrent_publisher_[m[K = node->create_publisher<std_msgs::msg::Float32>(name + "_current", 5);
      |           [01;31m[K^~~~~~~~~~~~~~~~~~[m[K
[01m[K/home/ubuntu/Desktop/AK8064_ws_Jun/src/motor_driver/src/ControlMotor.cpp:615:24:[m[K [01;31m[Kerror: [m[Kfield â€˜[01m[Kstate_publisher_[m[Kâ€™ has incomplete type â€˜[01m[KStatePublisher[m[Kâ€™
  615 |         StatePublisher [01;31m[Kstate_publisher_[m[K;
      |                        [01;31m[K^~~~~~~~~~~~~~~~[m[K
[01m[K/home/ubuntu/Desktop/AK8064_ws_Jun/src/motor_driver/src/ControlMotor.cpp:137:7:[m[K [01;36m[Knote: [m[Kforward declaration of â€˜[01m[Kclass StatePublisher[m[Kâ€™
  137 | class [01;36m[KStatePublisher[m[K {
      |       [01;36m[K^~~~~~~~~~~~~~[m[K
[01m[K/home/ubuntu/Desktop/AK8064_ws_Jun/src/motor_driver/src/ControlMotor.cpp:743:2:[m[K [01;31m[Kerror: [m[Kexpected â€˜[01m[K}[m[Kâ€™ at end of input
  743 | }
      |  [01;31m[K^[m[K
[01m[K/home/ubuntu/Desktop/AK8064_ws_Jun/src/motor_driver/src/ControlMotor.cpp:137:22:[m[K [01;36m[Knote: [m[Kto match this â€˜[01m[K{[m[Kâ€™
  137 | class StatePublisher [01;36m[K{[m[K
      |                      [01;36m[K^[m[K
[01m[K/home/ubuntu/Desktop/AK8064_ws_Jun/src/motor_driver/src/ControlMotor.cpp:743:2:[m[K [01;31m[Kerror: [m[Kexpected unqualified-id at end of input
  743 | }
      |  [01;31m[K^[m[K
gmake[2]: *** [CMakeFiles/ControlMotor.dir/build.make:76: CMakeFiles/ControlMotor.dir/src/ControlMotor.cpp.o] Error 1
gmake[1]: *** [CMakeFiles/Makefile2:137: CMakeFiles/ControlMotor.dir/all] Error 2
gmake: *** [Makefile:146: all] Error 2
