[0.018s] Invoking command in '/home/ubuntu/Desktop/AK8064_ws_Jun/build/motor_driver': AMENT_PREFIX_PATH=/home/ubuntu/Desktop/AK8064_ws_Jun/install/can_interface:${AMENT_PREFIX_PATH} CMAKE_PREFIX_PATH=/home/ubuntu/Desktop/AK8064_ws_Jun/install/can_interface:/opt/ros/humble LD_LIBRARY_PATH=/home/ubuntu/Desktop/AK8064_ws_Jun/install/can_interface/lib:${LD_LIBRARY_PATH} /usr/bin/cmake --build /home/ubuntu/Desktop/AK8064_ws_Jun/build/motor_driver -- -j8 -l8
[0.101s] [35m[1mConsolidate compiler generated dependencies of target ControlMotor[0m
[0.136s] [ 50%] [32mBuilding CXX object CMakeFiles/ControlMotor.dir/src/ControlMotor.cpp.o[0m
[5.191s] [01m[K/home/ubuntu/Desktop/AK8064_ws_Jun/src/motor_driver/src/ControlMotor.cpp:996:2:[m[K [01;31m[Kerror: [m[Kexpected â€˜[01m[K}[m[Kâ€™ at end of input
[5.192s]   996 | }
[5.192s]       |  [01;31m[K^[m[K
[5.193s] [01m[K/home/ubuntu/Desktop/AK8064_ws_Jun/src/motor_driver/src/ControlMotor.cpp:205:49:[m[K [01;36m[Knote: [m[Kto match this â€˜[01m[K{[m[Kâ€™
[5.193s]   205 | class MotorController : public IMotorController [01;36m[K{[m[K
[5.193s]       |                                                 [01;36m[K^[m[K
[5.193s] [01m[K/home/ubuntu/Desktop/AK8064_ws_Jun/src/motor_driver/src/ControlMotor.cpp:[m[K In constructor â€˜[01m[KMotorController::MotorController(uint8_t, std::shared_ptr<ICANInterface>, rclcpp::Node*, const string&)[m[Kâ€™:
[5.194s] [01m[K/home/ubuntu/Desktop/AK8064_ws_Jun/src/motor_driver/src/ControlMotor.cpp:209:11:[m[K [01;31m[Kerror: [m[Kclass â€˜[01m[KMotorController[m[Kâ€™ does not have any field named â€˜[01m[Kmotor_id_[m[Kâ€™
[5.194s]   209 |         : [01;31m[Kmotor_id_[m[K(motor_id), can_(can), node_(node), logger_(node->get_logger()),
[5.194s]       |           [01;31m[K^~~~~~~~~[m[K
[5.194s] [01m[K/home/ubuntu/Desktop/AK8064_ws_Jun/src/motor_driver/src/ControlMotor.cpp:209:32:[m[K [01;31m[Kerror: [m[Kclass â€˜[01m[KMotorController[m[Kâ€™ does not have any field named â€˜[01m[Kcan_[m[Kâ€™
[5.194s]   209 |         : motor_id_(motor_id), [01;31m[Kcan_[m[K(can), node_(node), logger_(node->get_logger()),
[5.195s]       |                                [01;31m[K^~~~[m[K
[5.195s] [01m[K/home/ubuntu/Desktop/AK8064_ws_Jun/src/motor_driver/src/ControlMotor.cpp:209:43:[m[K [01;31m[Kerror: [m[Kclass â€˜[01m[KMotorController[m[Kâ€™ does not have any field named â€˜[01m[Knode_[m[Kâ€™
[5.195s]   209 |         : motor_id_(motor_id), can_(can), [01;31m[Knode_[m[K(node), logger_(node->get_logger()),
[5.195s]       |                                           [01;31m[K^~~~~[m[K
[5.195s] [01m[K/home/ubuntu/Desktop/AK8064_ws_Jun/src/motor_driver/src/ControlMotor.cpp:209:56:[m[K [01;31m[Kerror: [m[Kclass â€˜[01m[KMotorController[m[Kâ€™ does not have any field named â€˜[01m[Klogger_[m[Kâ€™
[5.196s]   209 |         : motor_id_(motor_id), can_(can), node_(node), [01;31m[Klogger_[m[K(node->get_logger()),
[5.196s]       |                                                        [01;31m[K^~~~~~~[m[K
[5.196s] [01m[K/home/ubuntu/Desktop/AK8064_ws_Jun/src/motor_driver/src/ControlMotor.cpp:210:11:[m[K [01;31m[Kerror: [m[Kclass â€˜[01m[KMotorController[m[Kâ€™ does not have any field named â€˜[01m[Kstate_[m[Kâ€™
[5.196s]   210 |           [01;31m[Kstate_[m[K(State::INITIALIZING), mode_(Mode::MANUAL), is_origin_set_(false),
[5.196s]       |           [01;31m[K^~~~~~[m[K
[5.197s] [01m[K/home/ubuntu/Desktop/AK8064_ws_Jun/src/motor_driver/src/ControlMotor.cpp:210:40:[m[K [01;31m[Kerror: [m[Kclass â€˜[01m[KMotorController[m[Kâ€™ does not have any field named â€˜[01m[Kmode_[m[Kâ€™
[5.197s]   210 |           state_(State::INITIALIZING), [01;31m[Kmode_[m[K(Mode::MANUAL), is_origin_set_(false),
[5.197s]       |                                        [01;31m[K^~~~~[m[K
[5.197s] [01m[K/home/ubuntu/Desktop/AK8064_ws_Jun/src/motor_driver/src/ControlMotor.cpp:210:61:[m[K [01;31m[Kerror: [m[Kclass â€˜[01m[KMotorController[m[Kâ€™ does not have any field named â€˜[01m[Kis_origin_set_[m[Kâ€™
[5.197s]   210 |           state_(State::INITIALIZING), mode_(Mode::MANUAL), [01;31m[Kis_origin_set_[m[K(false),
[5.198s]       |                                                             [01;31m[K^~~~~~~~~~~~~~[m[K
[5.198s] [01m[K/home/ubuntu/Desktop/AK8064_ws_Jun/src/motor_driver/src/ControlMotor.cpp:211:11:[m[K [01;31m[Kerror: [m[Kclass â€˜[01m[KMotorController[m[Kâ€™ does not have any field named â€˜[01m[Kis_home_[m[Kâ€™
[5.198s]   211 |           [01;31m[Kis_home_[m[K(false), current_target_index_(0), reach_counter_(0),
[5.198s]       |           [01;31m[K^~~~~~~~[m[K
[5.198s] [01m[K/home/ubuntu/Desktop/AK8064_ws_Jun/src/motor_driver/src/ControlMotor.cpp:211:28:[m[K [01;31m[Kerror: [m[Kclass â€˜[01m[KMotorController[m[Kâ€™ does not have any field named â€˜[01m[Kcurrent_target_index_[m[Kâ€™
[5.199s]   211 |           is_home_(false), [01;31m[Kcurrent_target_index_[m[K(0), reach_counter_(0),
[5.199s]       |                            [01;31m[K^~~~~~~~~~~~~~~~~~~~~[m[K
[5.199s] [01m[K/home/ubuntu/Desktop/AK8064_ws_Jun/src/motor_driver/src/ControlMotor.cpp:211:54:[m[K [01;31m[Kerror: [m[Kclass â€˜[01m[KMotorController[m[Kâ€™ does not have any field named â€˜[01m[Kreach_counter_[m[Kâ€™
[5.199s]   211 |           is_home_(false), current_target_index_(0), [01;31m[Kreach_counter_[m[K(0),
[5.199s]       |                                                      [01;31m[K^~~~~~~~~~~~~~[m[K
[5.200s] [01m[K/home/ubuntu/Desktop/AK8064_ws_Jun/src/motor_driver/src/ControlMotor.cpp:212:11:[m[K [01;31m[Kerror: [m[Kclass â€˜[01m[KMotorController[m[Kâ€™ does not have any field named â€˜[01m[Ktarget_reached_[m[Kâ€™
[5.200s]   212 |           [01;31m[Ktarget_reached_[m[K(true), speed_(10000.0), accel_(1000.0), min_angle_(0.0),
[5.200s]       |           [01;31m[K^~~~~~~~~~~~~~~[m[K
[5.200s] [01m[K/home/ubuntu/Desktop/AK8064_ws_Jun/src/motor_driver/src/ControlMotor.cpp:212:34:[m[K [01;31m[Kerror: [m[Kclass â€˜[01m[KMotorController[m[Kâ€™ does not have any field named â€˜[01m[Kspeed_[m[Kâ€™
[5.200s]   212 |           target_reached_(true), [01;31m[Kspeed_[m[K(10000.0), accel_(1000.0), min_angle_(0.0),
[5.200s]       |                                  [01;31m[K^~~~~~[m[K
[5.201s] [01m[K/home/ubuntu/Desktop/AK8064_ws_Jun/src/motor_driver/src/ControlMotor.cpp:212:51:[m[K [01;31m[Kerror: [m[Kclass â€˜[01m[KMotorController[m[Kâ€™ does not have any field named â€˜[01m[Kaccel_[m[Kâ€™
[5.201s]   212 |           target_reached_(true), speed_(10000.0), [01;31m[Kaccel_[m[K(1000.0), min_angle_(0.0),
[5.201s]       |                                                   [01;31m[K^~~~~~[m[K
[5.201s] [01m[K/home/ubuntu/Desktop/AK8064_ws_Jun/src/motor_driver/src/ControlMotor.cpp:212:67:[m[K [01;31m[Kerror: [m[Kclass â€˜[01m[KMotorController[m[Kâ€™ does not have any field named â€˜[01m[Kmin_angle_[m[Kâ€™
[5.201s]   212 |     target_reached_(true), speed_(10000.0), accel_(1000.0), [01;31m[Kmin_angle_[m[K(0.0),
[5.202s]       |                                                             [01;31m[K^~~~~~~~~~[m[K
[5.202s] 
[5.202s] [01m[K/home/ubuntu/Desktop/AK8064_ws_Jun/src/motor_driver/src/ControlMotor.cpp:213:11:[m[K [01;31m[Kerror: [m[Kclass â€˜[01m[KMotorController[m[Kâ€™ does not have any field named â€˜[01m[Kmax_angle_[m[Kâ€™
[5.202s]   213 |           [01;31m[Kmax_angle_[m[K(90.0), step_(5), target_position_(0.0), pause_position_(0.0),
[5.202s]       |           [01;31m[K^~~~~~~~~~[m[K
[5.203s] [01m[K/home/ubuntu/Desktop/AK8064_ws_Jun/src/motor_driver/src/ControlMotor.cpp:213:29:[m[K [01;31m[Kerror: [m[Kclass â€˜[01m[KMotorController[m[Kâ€™ does not have any field named â€˜[01m[Kstep_[m[Kâ€™
[5.203s]   213 |           max_angle_(90.0), [01;31m[Kstep_[m[K(5), target_position_(0.0), pause_position_(0.0),
[5.203s]       |                             [01;31m[K^~~~~[m[K
[5.203s] [01m[K/home/ubuntu/Desktop/AK8064_ws_Jun/src/motor_driver/src/ControlMotor.cpp:213:39:[m[K [01;31m[Kerror: [m[Kclass â€˜[01m[KMotorController[m[Kâ€™ does not have any field named â€˜[01m[Ktarget_position_[m[Kâ€™
[5.203s]   213 |           max_angle_(90.0), step_(5), [01;31m[Ktarget_position_[m[K(0.0), pause_position_(0.0),
[5.203s]       |                                       [01;31m[K^~~~~~~~~~~~~~~~[m[K
[5.204s] [01m[K/home/ubuntu/Desktop/AK8064_ws_Jun/src/motor_driver/src/ControlMotor.cpp:213:62:[m[K [01;31m[Kerror: [m[Kclass â€˜[01m[KMotorController[m[Kâ€™ does not have any field named â€˜[01m[Kpause_position_[m[Kâ€™
[5.204s]   213 |          max_angle_(90.0), step_(5), target_position_(0.0), [01;31m[Kpause_position_[m[K(0.0),
[5.204s]       |                                                             [01;31m[K^~~~~~~~~~~~~~~[m[K
[5.204s] 
[5.204s] [01m[K/home/ubuntu/Desktop/AK8064_ws_Jun/src/motor_driver/src/ControlMotor.cpp:214:11:[m[K [01;31m[Kerror: [m[Kclass â€˜[01m[KMotorController[m[Kâ€™ does not have any field named â€˜[01m[Kreach_count_max_[m[Kâ€™
[5.205s]   214 |           [01;31m[Kreach_count_max_[m[K(100), safety_checker_(min_angle_, max_angle_, MAX_MOTOR_TEMPERATURE),
[5.205s]       |           [01;31m[K^~~~~~~~~~~~~~~~[m[K
[5.205s] [01m[K/home/ubuntu/Desktop/AK8064_ws_Jun/src/motor_driver/src/ControlMotor.cpp:214:34:[m[K [01;31m[Kerror: [m[Kclass â€˜[01m[KMotorController[m[Kâ€™ does not have any field named â€˜[01m[Ksafety_checker_[m[Kâ€™
[5.205s]   214 |           reach_count_max_(100), [01;31m[Ksafety_checker_[m[K(min_angle_, max_angle_, MAX_MOTOR_TEMPERATURE),
[5.205s]       |                                  [01;31m[K^~~~~~~~~~~~~~~[m[K
[5.208s] [01m[K/home/ubuntu/Desktop/AK8064_ws_Jun/src/motor_driver/src/ControlMotor.cpp:214:50:[m[K [01;31m[Kerror: [m[Kâ€˜[01m[Kmin_angle_[m[Kâ€™ was not declared in this scope
[5.208s]   214 |           reach_count_max_(100), safety_checker_([01;31m[Kmin_angle_[m[K, max_angle_, MAX_MOTOR_TEMPERATURE),
[5.208s]       |                                                  [01;31m[K^~~~~~~~~~[m[K
[5.223s] [01m[K/home/ubuntu/Desktop/AK8064_ws_Jun/src/motor_driver/src/ControlMotor.cpp:214:62:[m[K [01;31m[Kerror: [m[Kâ€˜[01m[Kmax_angle_[m[Kâ€™ was not declared in this scope
[5.223s]   214 |          reach_count_max_(100), safety_checker_(min_angle_, [01;31m[Kmax_angle_[m[K, MAX_MOTOR_TEMPERATURE),
[5.223s]       |                                                             [01;31m[K^~~~~~~~~~[m[K
[5.224s] 
[5.247s] [01m[K/home/ubuntu/Desktop/AK8064_ws_Jun/src/motor_driver/src/ControlMotor.cpp:214:74:[m[K [01;31m[Kerror: [m[Kâ€˜[01m[KMAX_MOTOR_TEMPERATURE[m[Kâ€™ was not declared in this scope
[5.247s]   214 | ch_count_max_(100), safety_checker_(min_angle_, max_angle_, [01;31m[KMAX_MOTOR_TEMPERATURE[m[K),
[5.247s]       |                                                             [01;31m[K^~~~~~~~~~~~~~~~~~~~~[m[K
[5.248s] 
[5.248s] [01m[K/home/ubuntu/Desktop/AK8064_ws_Jun/src/motor_driver/src/ControlMotor.cpp:215:11:[m[K [01;31m[Kerror: [m[Kclass â€˜[01m[KMotorController[m[Kâ€™ does not have any field named â€˜[01m[Kstate_publisher_[m[Kâ€™
[5.248s]   215 |           [01;31m[Kstate_publisher_[m[K(node, name), param_prefix_(name + "."),
[5.248s]       |           [01;31m[K^~~~~~~~~~~~~~~~[m[K
[5.248s] [01m[K/home/ubuntu/Desktop/AK8064_ws_Jun/src/motor_driver/src/ControlMotor.cpp:215:41:[m[K [01;31m[Kerror: [m[Kclass â€˜[01m[KMotorController[m[Kâ€™ does not have any field named â€˜[01m[Kparam_prefix_[m[Kâ€™
[5.248s]   215 |           state_publisher_(node, name), [01;31m[Kparam_prefix_[m[K(name + "."),
[5.249s]       |                                         [01;31m[K^~~~~~~~~~~~~[m[K
[5.249s] [01m[K/home/ubuntu/Desktop/AK8064_ws_Jun/src/motor_driver/src/ControlMotor.cpp:216:11:[m[K [01;31m[Kerror: [m[Kclass â€˜[01m[KMotorController[m[Kâ€™ does not have any field named â€˜[01m[Klast_command_[m[Kâ€™
[5.249s]   216 |           [01;31m[Klast_command_[m[K(""), pre_pause_command_(""), last_command_time_(node_->now()),
[5.249s]       |           [01;31m[K^~~~~~~~~~~~~[m[K
[5.249s] [01m[K/home/ubuntu/Desktop/AK8064_ws_Jun/src/motor_driver/src/ControlMotor.cpp:216:30:[m[K [01;31m[Kerror: [m[Kclass â€˜[01m[KMotorController[m[Kâ€™ does not have any field named â€˜[01m[Kpre_pause_command_[m[Kâ€™
[5.249s]   216 |           last_command_(""), [01;31m[Kpre_pause_command_[m[K(""), last_command_time_(node_->now()),
[5.250s]       |                              [01;31m[K^~~~~~~~~~~~~~~~~~[m[K
[5.250s] [01m[K/home/ubuntu/Desktop/AK8064_ws_Jun/src/motor_driver/src/ControlMotor.cpp:216:54:[m[K [01;31m[Kerror: [m[Kclass â€˜[01m[KMotorController[m[Kâ€™ does not have any field named â€˜[01m[Klast_command_time_[m[Kâ€™
[5.250s]   216 |           last_command_(""), pre_pause_command_(""), [01;31m[Klast_command_time_[m[K(node_->now()),
[5.250s]       |                                                      [01;31m[K^~~~~~~~~~~~~~~~~~[m[K
[5.257s] [01m[K/home/ubuntu/Desktop/AK8064_ws_Jun/src/motor_driver/src/ControlMotor.cpp:216:73:[m[K [01;31m[Kerror: [m[Kâ€˜[01m[Knode_[m[Kâ€™ was not declared in this scope; did you mean â€˜[01m[Knode[m[Kâ€™?
[5.258s]   216 | st_command_(""), pre_pause_command_(""), last_command_time_([01;31m[Knode_[m[K->now()),
[5.258s]       |                                                             [01;31m[K^~~~~[m[K
[5.258s]       |                                                             [32m[Knode[m[K
[5.258s] [01m[K/home/ubuntu/Desktop/AK8064_ws_Jun/src/motor_driver/src/ControlMotor.cpp:217:11:[m[K [01;31m[Kerror: [m[Kclass â€˜[01m[KMotorController[m[Kâ€™ does not have any field named â€˜[01m[Krepeat_[m[Kâ€™
[5.258s]   217 |           [01;31m[Krepeat_[m[K(1) {
[5.258s]       |           [01;31m[K^~~~~~~[m[K
[5.281s] [01m[K/home/ubuntu/Desktop/AK8064_ws_Jun/src/motor_driver/src/ControlMotor.cpp:218:9:[m[K [01;31m[Kerror: [m[Kâ€˜[01m[KinitializeParameters[m[Kâ€™ was not declared in this scope
[5.281s]   218 |         [01;31m[KinitializeParameters[m[K();
[5.281s]       |         [01;31m[K^~~~~~~~~~~~~~~~~~~~[m[K
[5.293s] [01m[K/home/ubuntu/Desktop/AK8064_ws_Jun/src/motor_driver/src/ControlMotor.cpp:219:9:[m[K [01;31m[Kerror: [m[Kâ€˜[01m[KsetOrigin[m[Kâ€™ was not declared in this scope; did you mean â€˜[01m[Ksetregid[m[Kâ€™?
[5.293s]   219 |         [01;31m[KsetOrigin[m[K();
[5.293s]       |         [01;31m[K^~~~~~~~~[m[K
[5.293s]       |         [32m[Ksetregid[m[K
[5.316s] [01m[K/home/ubuntu/Desktop/AK8064_ws_Jun/src/motor_driver/src/ControlMotor.cpp:220:9:[m[K [01;31m[Kerror: [m[Kâ€˜[01m[KinitializeCommandMap[m[Kâ€™ was not declared in this scope
[5.317s]   220 |         [01;31m[KinitializeCommandMap[m[K();
[5.317s]       |         [01;31m[K^~~~~~~~~~~~~~~~~~~~[m[K
[5.330s] [01m[K/home/ubuntu/Desktop/AK8064_ws_Jun/src/motor_driver/src/ControlMotor.cpp:[m[K In member function â€˜[01m[Kvirtual void MotorController::handleCommand(const string&)[m[Kâ€™:
[5.330s] [01m[K/home/ubuntu/Desktop/AK8064_ws_Jun/src/motor_driver/src/ControlMotor.cpp:225:64:[m[K [01;31m[Kerror: [m[Kâ€˜[01m[Kmotor_id_[m[Kâ€™ was not declared in this scope; did you mean â€˜[01m[KmotorId[m[Kâ€™?
[5.331s]   225 |      response << "Motor 0x" << std::hex << static_cast<int>([01;31m[Kmotor_id_[m[K) << ": ";
[5.331s]       |                                                             [01;31m[K^~~~~~~~~[m[K
[5.331s]       |                                                             [32m[KmotorId[m[K
[5.344s] [01m[K/home/ubuntu/Desktop/AK8064_ws_Jun/src/motor_driver/src/ControlMotor.cpp:227:14:[m[K [01;31m[Kerror: [m[Kâ€˜[01m[Kis_origin_set_[m[Kâ€™ was not declared in this scope; did you mean â€˜[01m[KisOriginSet[m[Kâ€™?
[5.344s]   227 |         if (![01;31m[Kis_origin_set_[m[K) {
[5.344s]       |              [01;31m[K^~~~~~~~~~~~~~[m[K
[5.345s]       |              [32m[KisOriginSet[m[K
[5.357s] In file included from [01m[K/opt/ros/humble/include/rclcpp/rclcpp/client.hpp:40[m[K,
[5.357s]                  from [01m[K/opt/ros/humble/include/rclcpp/rclcpp/callback_group.hpp:24[m[K,
[5.357s]                  from [01m[K/opt/ros/humble/include/rclcpp/rclcpp/any_executable.hpp:20[m[K,
[5.357s]                  from [01m[K/opt/ros/humble/include/rclcpp/rclcpp/memory_strategy.hpp:25[m[K,
[5.357s]                  from [01m[K/opt/ros/humble/include/rclcpp/rclcpp/memory_strategies.hpp:18[m[K,
[5.358s]                  from [01m[K/opt/ros/humble/include/rclcpp/rclcpp/executor_options.hpp:20[m[K,
[5.358s]                  from [01m[K/opt/ros/humble/include/rclcpp/rclcpp/executor.hpp:37[m[K,
[5.358s]                  from [01m[K/opt/ros/humble/include/rclcpp/rclcpp/executors/multi_threaded_executor.hpp:25[m[K,
[5.358s]                  from [01m[K/opt/ros/humble/include/rclcpp/rclcpp/executors.hpp:21[m[K,
[5.358s]                  from [01m[K/opt/ros/humble/include/rclcpp/rclcpp/rclcpp.hpp:155[m[K,
[5.359s]                  from [01m[K/home/ubuntu/Desktop/AK8064_ws_Jun/src/motor_driver/src/ControlMotor.cpp:5[m[K:
[5.359s] [01m[K/home/ubuntu/Desktop/AK8064_ws_Jun/src/motor_driver/src/ControlMotor.cpp:229:25:[m[K [01;31m[Kerror: [m[Kâ€˜[01m[Klogger_[m[Kâ€™ was not declared in this scope
[5.359s]   229 |             RCLCPP_WARN([01;31m[Klogger_[m[K, "%s", response.str().c_str());
[5.359s]       |                         [01;31m[K^~~~~~~[m[K
[5.359s] [01m[K/home/ubuntu/Desktop/AK8064_ws_Jun/src/motor_driver/src/ControlMotor.cpp:229:13:[m[K [01;31m[Kerror: [m[Ktemplate argument 1 is invalid
[5.359s]   229 |             [01;31m[KRCLCPP_WARN[m[K(logger_, "%s", response.str().c_str());
[5.360s]       |             [01;31m[K^~~~~~~~~~~[m[K
[5.360s] [01m[K/home/ubuntu/Desktop/AK8064_ws_Jun/src/motor_driver/src/ControlMotor.cpp:229:13:[m[K [01;31m[Kerror: [m[Ktemplate argument 1 is invalid
[5.360s]   229 |             [01;31m[KRCLCPP_WARN[m[K(logger_, "%s", response.str().c_str());
[5.360s]       |             [01;31m[K^~~~~~~~~~~[m[K
[5.360s] [01m[K/home/ubuntu/Desktop/AK8064_ws_Jun/src/motor_driver/src/ControlMotor.cpp:229:13:[m[K [01;31m[Kerror: [m[Ktemplate argument 1 is invalid
[5.361s]   229 |             [01;31m[KRCLCPP_WARN[m[K(logger_, "%s", response.str().c_str());
[5.361s]       |             [01;31m[K^~~~~~~~~~~[m[K
[5.372s] [01m[K/home/ubuntu/Desktop/AK8064_ws_Jun/src/motor_driver/src/ControlMotor.cpp:230:13:[m[K [01;31m[Kerror: [m[Kâ€˜[01m[Kstate_publisher_[m[Kâ€™ was not declared in this scope; did you mean â€˜[01m[KStatePublisher[m[Kâ€™?
[5.372s]   230 |             [01;31m[Kstate_publisher_[m[K.publishResponse(response.str());
[5.372s]       |             [01;31m[K^~~~~~~~~~~~~~~~[m[K
[5.372s]       |             [32m[KStatePublisher[m[K
[5.384s] [01m[K/home/ubuntu/Desktop/AK8064_ws_Jun/src/motor_driver/src/ControlMotor.cpp:234:14:[m[K [01;31m[Kerror: [m[Kâ€˜[01m[Kis_home_[m[Kâ€™ was not declared in this scope
[5.385s]   234 |         if (![01;31m[Kis_home_[m[K && last_data_.position == 0.0) {
[5.385s]       |              [01;31m[K^~~~~~~~[m[K
[5.399s] [01m[K/home/ubuntu/Desktop/AK8064_ws_Jun/src/motor_driver/src/ControlMotor.cpp:234:26:[m[K [01;31m[Kerror: [m[Kâ€˜[01m[Klast_data_[m[Kâ€™ was not declared in this scope
[5.399s]   234 |         if (!is_home_ && [01;31m[Klast_data_[m[K.position == 0.0) {
[5.399s]       |                          [01;31m[K^~~~~~~~~~[m[K
[5.412s] In file included from [01m[K/opt/ros/humble/include/rclcpp/rclcpp/client.hpp:40[m[K,
[5.412s]                  from [01m[K/opt/ros/humble/include/rclcpp/rclcpp/callback_group.hpp:24[m[K,
[5.412s]                  from [01m[K/opt/ros/humble/include/rclcpp/rclcpp/any_executable.hpp:20[m[K,
[5.413s]                  from [01m[K/opt/ros/humble/include/rclcpp/rclcpp/memory_strategy.hpp:25[m[K,
[5.413s]                  from [01m[K/opt/ros/humble/include/rclcpp/rclcpp/memory_strategies.hpp:18[m[K,
[5.413s]                  from [01m[K/opt/ros/humble/include/rclcpp/rclcpp/executor_options.hpp:20[m[K,
[5.413s]                  from [01m[K/opt/ros/humble/include/rclcpp/rclcpp/executor.hpp:37[m[K,
[5.413s]                  from [01m[K/opt/ros/humble/include/rclcpp/rclcpp/executors/multi_threaded_executor.hpp:25[m[K,
[5.413s]                  from [01m[K/opt/ros/humble/include/rclcpp/rclcpp/executors.hpp:21[m[K,
[5.414s]                  from [01m[K/opt/ros/humble/include/rclcpp/rclcpp/rclcpp.hpp:155[m[K,
[5.414s]                  from [01m[K/home/ubuntu/Desktop/AK8064_ws_Jun/src/motor_driver/src/ControlMotor.cpp:5[m[K:
[5.414s] [01m[K/home/ubuntu/Desktop/AK8064_ws_Jun/src/motor_driver/src/ControlMotor.cpp:236:25:[m[K [01;31m[Kerror: [m[Kâ€˜[01m[Klogger_[m[Kâ€™ was not declared in this scope
[5.414s]   236 |             RCLCPP_WARN([01;31m[Klogger_[m[K, "%s", response.str().c_str());
[5.414s]       |                         [01;31m[K^~~~~~~[m[K
[5.414s] [01m[K/home/ubuntu/Desktop/AK8064_ws_Jun/src/motor_driver/src/ControlMotor.cpp:236:13:[m[K [01;31m[Kerror: [m[Ktemplate argument 1 is invalid
[5.414s]   236 |             [01;31m[KRCLCPP_WARN[m[K(logger_, "%s", response.str().c_str());
[5.415s]       |             [01;31m[K^~~~~~~~~~~[m[K
[5.415s] [01m[K/home/ubuntu/Desktop/AK8064_ws_Jun/src/motor_driver/src/ControlMotor.cpp:236:13:[m[K [01;31m[Kerror: [m[Ktemplate argument 1 is invalid
[5.415s]   236 |             [01;31m[KRCLCPP_WARN[m[K(logger_, "%s", response.str().c_str());
[5.415s]       |             [01;31m[K^~~~~~~~~~~[m[K
[5.415s] [01m[K/home/ubuntu/Desktop/AK8064_ws_Jun/src/motor_driver/src/ControlMotor.cpp:236:13:[m[K [01;31m[Kerror: [m[Ktemplate argument 1 is invalid
[5.415s]   236 |             [01;31m[KRCLCPP_WARN[m[K(logger_, "%s", response.str().c_str());
[5.415s]       |             [01;31m[K^~~~~~~~~~~[m[K
[5.428s] [01m[K/home/ubuntu/Desktop/AK8064_ws_Jun/src/motor_driver/src/ControlMotor.cpp:237:13:[m[K [01;31m[Kerror: [m[Kâ€˜[01m[Kstate_publisher_[m[Kâ€™ was not declared in this scope; did you mean â€˜[01m[KStatePublisher[m[Kâ€™?
[5.428s]   237 |             [01;31m[Kstate_publisher_[m[K.publishResponse(response.str());
[5.428s]       |             [01;31m[K^~~~~~~~~~~~~~~~[m[K
[5.428s]       |             [32m[KStatePublisher[m[K
[5.443s] [01m[K/home/ubuntu/Desktop/AK8064_ws_Jun/src/motor_driver/src/ControlMotor.cpp:242:17:[m[K [01;31m[Kerror: [m[Kâ€˜[01m[Klast_data_[m[Kâ€™ was not declared in this scope
[5.443s]   242 |             if ([01;31m[Klast_data_[m[K.position < 0.0 || last_data_.position > 90.0) {
[5.443s]       |                 [01;31m[K^~~~~~~~~~[m[K
[5.455s] In file included from [01m[K/opt/ros/humble/include/rclcpp/rclcpp/client.hpp:40[m[K,
[5.456s]                  from [01m[K/opt/ros/humble/include/rclcpp/rclcpp/callback_group.hpp:24[m[K,
[5.456s]                  from [01m[K/opt/ros/humble/include/rclcpp/rclcpp/any_executable.hpp:20[m[K,
[5.456s]                  from [01m[K/opt/ros/humble/include/rclcpp/rclcpp/memory_strategy.hpp:25[m[K,
[5.456s]                  from [01m[K/opt/ros/humble/include/rclcpp/rclcpp/memory_strategies.hpp:18[m[K,
[5.456s]                  from [01m[K/opt/ros/humble/include/rclcpp/rclcpp/executor_options.hpp:20[m[K,
[5.457s]                  from [01m[K/opt/ros/humble/include/rclcpp/rclcpp/executor.hpp:37[m[K,
[5.457s]                  from [01m[K/opt/ros/humble/include/rclcpp/rclcpp/executors/multi_threaded_executor.hpp:25[m[K,
[5.457s]                  from [01m[K/opt/ros/humble/include/rclcpp/rclcpp/executors.hpp:21[m[K,
[5.457s]                  from [01m[K/opt/ros/humble/include/rclcpp/rclcpp/rclcpp.hpp:155[m[K,
[5.457s]                  from [01m[K/home/ubuntu/Desktop/AK8064_ws_Jun/src/motor_driver/src/ControlMotor.cpp:5[m[K:
[5.457s] [01m[K/home/ubuntu/Desktop/AK8064_ws_Jun/src/motor_driver/src/ControlMotor.cpp:244:30:[m[K [01;31m[Kerror: [m[Kâ€˜[01m[Klogger_[m[Kâ€™ was not declared in this scope
[5.458s]   244 |                 RCLCPP_ERROR([01;31m[Klogger_[m[K, "%s", response.str().c_str());
[5.458s]       |                              [01;31m[K^~~~~~~[m[K
[5.458s] [01m[K/home/ubuntu/Desktop/AK8064_ws_Jun/src/motor_driver/src/ControlMotor.cpp:244:17:[m[K [01;31m[Kerror: [m[Ktemplate argument 1 is invalid
[5.458s]   244 |                 [01;31m[KRCLCPP_ERROR[m[K(logger_, "%s", response.str().c_str());
[5.458s]       |                 [01;31m[K^~~~~~~~~~~~[m[K
[5.458s] [01m[K/home/ubuntu/Desktop/AK8064_ws_Jun/src/motor_driver/src/ControlMotor.cpp:244:17:[m[K [01;31m[Kerror: [m[Ktemplate argument 1 is invalid
[5.459s]   244 |                 [01;31m[KRCLCPP_ERROR[m[K(logger_, "%s", response.str().c_str());
[5.459s]       |                 [01;31m[K^~~~~~~~~~~~[m[K
[5.459s] [01m[K/home/ubuntu/Desktop/AK8064_ws_Jun/src/motor_driver/src/ControlMotor.cpp:244:17:[m[K [01;31m[Kerror: [m[Ktemplate argument 1 is invalid
[5.459s]   244 |                 [01;31m[KRCLCPP_ERROR[m[K(logger_, "%s", response.str().c_str());
[5.459s]       |                 [01;31m[K^~~~~~~~~~~~[m[K
[5.472s] [01m[K/home/ubuntu/Desktop/AK8064_ws_Jun/src/motor_driver/src/ControlMotor.cpp:245:17:[m[K [01;31m[Kerror: [m[Kâ€˜[01m[Kstate_publisher_[m[Kâ€™ was not declared in this scope; did you mean â€˜[01m[KStatePublisher[m[Kâ€™?
[5.472s]   245 |                 [01;31m[Kstate_publisher_[m[K.publishResponse(response.str());
[5.473s]       |                 [01;31m[K^~~~~~~~~~~~~~~~[m[K
[5.473s]       |                 [32m[KStatePublisher[m[K
[5.488s] [01m[K/home/ubuntu/Desktop/AK8064_ws_Jun/src/motor_driver/src/ControlMotor.cpp:247:17:[m[K [01;31m[Kerror: [m[Kâ€˜[01m[KtransitionTo[m[Kâ€™ was not declared in this scope
[5.488s]   247 |                 [01;31m[KtransitionTo[m[K(State::STOPPED);
[5.488s]       |                 [01;31m[K^~~~~~~~~~~~[m[K
[5.498s] [01m[K/home/ubuntu/Desktop/AK8064_ws_Jun/src/motor_driver/src/ControlMotor.cpp:250:13:[m[K [01;31m[Kerror: [m[Kâ€˜[01m[Kmode_[m[Kâ€™ was not declared in this scope; did you mean â€˜[01m[Kmode_t[m[Kâ€™?
[5.498s]   250 |             [01;31m[Kmode_[m[K = Mode::MANUAL; // Chuyá»ƒn sang cháº¿ Ä‘á»™ MANUAL khi nháº­n UP/DOWN
[5.498s]       |             [01;31m[K^~~~~[m[K
[5.498s]       |             [32m[Kmode_t[m[K
[5.519s] [01m[K/home/ubuntu/Desktop/AK8064_ws_Jun/src/motor_driver/src/ControlMotor.cpp:253:9:[m[K [01;31m[Kerror: [m[Kâ€˜[01m[Klast_command_time_[m[Kâ€™ was not declared in this scope
[5.520s]   253 |         [01;31m[Klast_command_time_[m[K = node_->now();
[5.520s]       |         [01;31m[K^~~~~~~~~~~~~~~~~~[m[K
[5.529s] [01m[K/home/ubuntu/Desktop/AK8064_ws_Jun/src/motor_driver/src/ControlMotor.cpp:253:30:[m[K [01;31m[Kerror: [m[Kâ€˜[01m[Knode_[m[Kâ€™ was not declared in this scope; did you mean â€˜[01m[Kmode_t[m[Kâ€™?
[5.529s]   253 |         last_command_time_ = [01;31m[Knode_[m[K->now();
[5.530s]       |                              [01;31m[K^~~~~[m[K
[5.530s]       |                              [32m[Kmode_t[m[K
[5.544s] [01m[K/home/ubuntu/Desktop/AK8064_ws_Jun/src/motor_driver/src/ControlMotor.cpp:255:19:[m[K [01;31m[Kerror: [m[Kâ€˜[01m[Kcommand_map_[m[Kâ€™ was not declared in this scope
[5.544s]   255 |         auto it = [01;31m[Kcommand_map_[m[K.find(command);
[5.544s]       |                   [01;31m[K^~~~~~~~~~~~[m[K
[5.557s] In file included from [01m[K/opt/ros/humble/include/rclcpp/rclcpp/client.hpp:40[m[K,
[5.557s]                  from [01m[K/opt/ros/humble/include/rclcpp/rclcpp/callback_group.hpp:24[m[K,
[5.557s]                  from [01m[K/opt/ros/humble/include/rclcpp/rclcpp/any_executable.hpp:20[m[K,
[5.558s]                  from [01m[K/opt/ros/humble/include/rclcpp/rclcpp/memory_strategy.hpp:25[m[K,
[5.558s]                  from [01m[K/opt/ros/humble/include/rclcpp/rclcpp/memory_strategies.hpp:18[m[K,
[5.558s]                  from [01m[K/opt/ros/humble/include/rclcpp/rclcpp/executor_options.hpp:20[m[K,
[5.558s]                  from [01m[K/opt/ros/humble/include/rclcpp/rclcpp/executor.hpp:37[m[K,
[5.558s]                  from [01m[K/opt/ros/humble/include/rclcpp/rclcpp/executors/multi_threaded_executor.hpp:25[m[K,
[5.558s]                  from [01m[K/opt/ros/humble/include/rclcpp/rclcpp/executors.hpp:21[m[K,
[5.559s]                  from [01m[K/opt/ros/humble/include/rclcpp/rclcpp/rclcpp.hpp:155[m[K,
[5.559s]                  from [01m[K/home/ubuntu/Desktop/AK8064_ws_Jun/src/motor_driver/src/ControlMotor.cpp:5[m[K:
[5.559s] [01m[K/home/ubuntu/Desktop/AK8064_ws_Jun/src/motor_driver/src/ControlMotor.cpp:260:25:[m[K [01;31m[Kerror: [m[Kâ€˜[01m[Klogger_[m[Kâ€™ was not declared in this scope
[5.559s]   260 |             RCLCPP_WARN([01;31m[Klogger_[m[K, "%s", response.str().c_str());
[5.559s]       |                         [01;31m[K^~~~~~~[m[K
[5.559s] [01m[K/home/ubuntu/Desktop/AK8064_ws_Jun/src/motor_driver/src/ControlMotor.cpp:260:13:[m[K [01;31m[Kerror: [m[Ktemplate argument 1 is invalid
[5.559s]   260 |             [01;31m[KRCLCPP_WARN[m[K(logger_, "%s", response.str().c_str());
[5.560s]       |             [01;31m[K^~~~~~~~~~~[m[K
[5.560s] [01m[K/home/ubuntu/Desktop/AK8064_ws_Jun/src/motor_driver/src/ControlMotor.cpp:260:13:[m[K [01;31m[Kerror: [m[Ktemplate argument 1 is invalid
[5.560s]   260 |             [01;31m[KRCLCPP_WARN[m[K(logger_, "%s", response.str().c_str());
[5.560s]       |             [01;31m[K^~~~~~~~~~~[m[K
[5.560s] [01m[K/home/ubuntu/Desktop/AK8064_ws_Jun/src/motor_driver/src/ControlMotor.cpp:260:13:[m[K [01;31m[Kerror: [m[Ktemplate argument 1 is invalid
[5.560s]   260 |             [01;31m[KRCLCPP_WARN[m[K(logger_, "%s", response.str().c_str());
[5.561s]       |             [01;31m[K^~~~~~~~~~~[m[K
[5.573s] [01m[K/home/ubuntu/Desktop/AK8064_ws_Jun/src/motor_driver/src/ControlMotor.cpp:261:13:[m[K [01;31m[Kerror: [m[Kâ€˜[01m[Kstate_publisher_[m[Kâ€™ was not declared in this scope; did you mean â€˜[01m[KStatePublisher[m[Kâ€™?
[5.573s]   261 |             [01;31m[Kstate_publisher_[m[K.publishResponse(response.str());
[5.573s]       |             [01;31m[K^~~~~~~~~~~~~~~~[m[K
[5.574s]       |             [32m[KStatePublisher[m[K
[5.588s] [01m[K/home/ubuntu/Desktop/AK8064_ws_Jun/src/motor_driver/src/ControlMotor.cpp:[m[K In member function â€˜[01m[Kvirtual void MotorController::control(const MotorData&)[m[Kâ€™:
[5.588s] [01m[K/home/ubuntu/Desktop/AK8064_ws_Jun/src/motor_driver/src/ControlMotor.cpp:266:9:[m[K [01;31m[Kerror: [m[Kâ€˜[01m[Klast_data_[m[Kâ€™ was not declared in this scope
[5.588s]   266 |         [01;31m[Klast_data_[m[K = data;
[5.588s]       |         [01;31m[K^~~~~~~~~~[m[K
[5.597s] [01m[K/home/ubuntu/Desktop/AK8064_ws_Jun/src/motor_driver/src/ControlMotor.cpp:267:42:[m[K [01;31m[Kerror: [m[Kâ€˜[01m[Kstate_[m[Kâ€™ was not declared in this scope; did you mean â€˜[01m[KState[m[Kâ€™?
[5.598s]   267 |         last_data_.state = stateToString([01;31m[Kstate_[m[K);
[5.598s]       |                                          [01;31m[K^~~~~~[m[K
[5.598s]       |                                          [32m[KState[m[K
[5.612s] [01m[K/home/ubuntu/Desktop/AK8064_ws_Jun/src/motor_driver/src/ControlMotor.cpp:269:14:[m[K [01;31m[Kerror: [m[Kâ€˜[01m[Ksafety_checker_[m[Kâ€™ was not declared in this scope; did you mean â€˜[01m[KSafetyChecker[m[Kâ€™?
[5.612s]   269 |         if (![01;31m[Ksafety_checker_[m[K.check(data, logger_)) {
[5.612s]       |              [01;31m[K^~~~~~~~~~~~~~~[m[K
[5.612s]       |              [32m[KSafetyChecker[m[K
[5.624s] [01m[K/home/ubuntu/Desktop/AK8064_ws_Jun/src/motor_driver/src/ControlMotor.cpp:269:42:[m[K [01;31m[Kerror: [m[Kâ€˜[01m[Klogger_[m[Kâ€™ was not declared in this scope
[5.624s]   269 |         if (!safety_checker_.check(data, [01;31m[Klogger_[m[K)) {
[5.625s]       |                                          [01;31m[K^~~~~~~[m[K
[5.641s] [01m[K/home/ubuntu/Desktop/AK8064_ws_Jun/src/motor_driver/src/ControlMotor.cpp:271:13:[m[K [01;31m[Kerror: [m[Kâ€˜[01m[KtransitionTo[m[Kâ€™ was not declared in this scope
[5.641s]   271 |             [01;31m[KtransitionTo[m[K(State::ERROR);
[5.641s]       |             [01;31m[K^~~~~~~~~~~~[m[K
[5.657s] [01m[K/home/ubuntu/Desktop/AK8064_ws_Jun/src/motor_driver/src/ControlMotor.cpp:275:9:[m[K [01;31m[Kerror: [m[Kâ€˜[01m[Kstate_publisher_[m[Kâ€™ was not declared in this scope; did you mean â€˜[01m[KStatePublisher[m[Kâ€™?
[5.657s]   275 |         [01;31m[Kstate_publisher_[m[K.publish(last_data_, target_reached_);
[5.657s]       |         [01;31m[K^~~~~~~~~~~~~~~~[m[K
[5.657s]       |         [32m[KStatePublisher[m[K
[5.673s] [01m[K/home/ubuntu/Desktop/AK8064_ws_Jun/src/motor_driver/src/ControlMotor.cpp:275:46:[m[K [01;31m[Kerror: [m[Kâ€˜[01m[Ktarget_reached_[m[Kâ€™ was not declared in this scope; did you mean â€˜[01m[KisTargetReached[m[Kâ€™?
[5.673s]   275 |         state_publisher_.publish(last_data_, [01;31m[Ktarget_reached_[m[K);
[5.674s]       |                                              [01;31m[K^~~~~~~~~~~~~~~[m[K
[5.674s]       |                                              [32m[KisTargetReached[m[K
[5.692s] [01m[K/home/ubuntu/Desktop/AK8064_ws_Jun/src/motor_driver/src/ControlMotor.cpp:291:17:[m[K [01;31m[Kerror: [m[Kâ€˜[01m[KhandleStopped[m[Kâ€™ was not declared in this scope
[5.692s]   291 |                 [01;31m[KhandleStopped[m[K(data);
[5.692s]       |                 [01;31m[K^~~~~~~~~~~~~[m[K
[5.712s] [01m[K/home/ubuntu/Desktop/AK8064_ws_Jun/src/motor_driver/src/ControlMotor.cpp:294:17:[m[K [01;31m[Kerror: [m[Kâ€˜[01m[KhandleError[m[Kâ€™ was not declared in this scope
[5.712s]   294 |                 [01;31m[KhandleError[m[K(data);
[5.712s]       |                 [01;31m[K^~~~~~~~~~~[m[K
[5.725s] In file included from [01m[K/opt/ros/humble/include/rclcpp/rclcpp/client.hpp:40[m[K,
[5.725s]                  from [01m[K/opt/ros/humble/include/rclcpp/rclcpp/callback_group.hpp:24[m[K,
[5.725s]                  from [01m[K/opt/ros/humble/include/rclcpp/rclcpp/any_executable.hpp:20[m[K,
[5.726s]                  from [01m[K/opt/ros/humble/include/rclcpp/rclcpp/memory_strategy.hpp:25[m[K,
[5.726s]                  from [01m[K/opt/ros/humble/include/rclcpp/rclcpp/memory_strategies.hpp:18[m[K,
[5.726s]                  from [01m[K/opt/ros/humble/include/rclcpp/rclcpp/executor_options.hpp:20[m[K,
[5.726s]                  from [01m[K/opt/ros/humble/include/rclcpp/rclcpp/executor.hpp:37[m[K,
[5.726s]                  from [01m[K/opt/ros/humble/include/rclcpp/rclcpp/executors/multi_threaded_executor.hpp:25[m[K,
[5.727s]                  from [01m[K/opt/ros/humble/include/rclcpp/rclcpp/executors.hpp:21[m[K,
[5.727s]                  from [01m[K/opt/ros/humble/include/rclcpp/rclcpp/rclcpp.hpp:155[m[K,
[5.727s]                  from [01m[K/home/ubuntu/Desktop/AK8064_ws_Jun/src/motor_driver/src/ControlMotor.cpp:5[m[K:
[5.727s] [01m[K/home/ubuntu/Desktop/AK8064_ws_Jun/src/motor_driver/src/ControlMotor.cpp:[m[K In member function â€˜[01m[Kvirtual void MotorController::setParameters(const std::vector<rcl_interfaces::msg::Parameter_<std::allocator<void> >, std::allocator<rcl_interfaces::msg::Parameter_<std::allocator<void> > > >&)[m[Kâ€™:
[5.727s] [01m[K/home/ubuntu/Desktop/AK8064_ws_Jun/src/motor_driver/src/ControlMotor.cpp:300:21:[m[K [01;31m[Kerror: [m[Kâ€˜[01m[Klogger_[m[Kâ€™ was not declared in this scope
[5.727s]   300 |         RCLCPP_INFO([01;31m[Klogger_[m[K, "Motor 0x%02X: Received set_parameters request with %zu parameters",
[5.728s]       |                     [01;31m[K^~~~~~~[m[K
[5.728s] [01m[K/home/ubuntu/Desktop/AK8064_ws_Jun/src/motor_driver/src/ControlMotor.cpp:300:9:[m[K [01;31m[Kerror: [m[Ktemplate argument 1 is invalid
[5.728s]   300 |         [01;31m[KRCLCPP_INFO[m[K(logger_, "Motor 0x%02X: Received set_parameters request with %zu parameters",
[5.728s]       |         [01;31m[K^~~~~~~~~~~[m[K
[5.728s] [01m[K/home/ubuntu/Desktop/AK8064_ws_Jun/src/motor_driver/src/ControlMotor.cpp:300:9:[m[K [01;31m[Kerror: [m[Ktemplate argument 1 is invalid
[5.728s]   300 |         [01;31m[KRCLCPP_INFO[m[K(logger_, "Motor 0x%02X: Received set_parameters request with %zu parameters",
[5.729s]       |         [01;31m[K^~~~~~~~~~~[m[K
[5.729s] [01m[K/home/ubuntu/Desktop/AK8064_ws_Jun/src/motor_driver/src/ControlMotor.cpp:300:9:[m[K [01;31m[Kerror: [m[Ktemplate argument 1 is invalid
[5.729s]   300 |         [01;31m[KRCLCPP_INFO[m[K(logger_, "Motor 0x%02X: Received set_parameters request with %zu parameters",
[5.729s]       |         [01;31m[K^~~~~~~~~~~[m[K
[5.739s] In file included from [01m[K/opt/ros/humble/include/rclcpp/rclcpp/logging.hpp:24[m[K,
[5.739s]                  from [01m[K/opt/ros/humble/include/rclcpp/rclcpp/client.hpp:40[m[K,
[5.739s]                  from [01m[K/opt/ros/humble/include/rclcpp/rclcpp/callback_group.hpp:24[m[K,
[5.740s]                  from [01m[K/opt/ros/humble/include/rclcpp/rclcpp/any_executable.hpp:20[m[K,
[5.740s]                  from [01m[K/opt/ros/humble/include/rclcpp/rclcpp/memory_strategy.hpp:25[m[K,
[5.740s]                  from [01m[K/opt/ros/humble/include/rclcpp/rclcpp/memory_strategies.hpp:18[m[K,
[5.740s]                  from [01m[K/opt/ros/humble/include/rclcpp/rclcpp/executor_options.hpp:20[m[K,
[5.740s]                  from [01m[K/opt/ros/humble/include/rclcpp/rclcpp/executor.hpp:37[m[K,
[5.740s]                  from [01m[K/opt/ros/humble/include/rclcpp/rclcpp/executors/multi_threaded_executor.hpp:25[m[K,
[5.741s]                  from [01m[K/opt/ros/humble/include/rclcpp/rclcpp/executors.hpp:21[m[K,
[5.741s]                  from [01m[K/opt/ros/humble/include/rclcpp/rclcpp/rclcpp.hpp:155[m[K,
[5.741s]                  from [01m[K/home/ubuntu/Desktop/AK8064_ws_Jun/src/motor_driver/src/ControlMotor.cpp:5[m[K:
[5.741s] [01m[K/home/ubuntu/Desktop/AK8064_ws_Jun/src/motor_driver/src/ControlMotor.cpp:301:21:[m[K [01;31m[Kerror: [m[Kâ€˜[01m[Kmotor_id_[m[Kâ€™ was not declared in this scope; did you mean â€˜[01m[KmotorId[m[Kâ€™?
[5.741s]   301 |                     [01;31m[Kmotor_id_[m[K, parameters.size());
[5.741s]       |                     [01;31m[K^~~~~~~~~[m[K
[5.754s] [01m[K/home/ubuntu/Desktop/AK8064_ws_Jun/src/motor_driver/src/ControlMotor.cpp:302:14:[m[K [01;31m[Kerror: [m[Kâ€˜[01m[Kis_origin_set_[m[Kâ€™ was not declared in this scope; did you mean â€˜[01m[KisOriginSet[m[Kâ€™?
[5.754s]   302 |         if (![01;31m[Kis_origin_set_[m[K) {
[5.755s]       |              [01;31m[K^~~~~~~~~~~~~~[m[K
[5.755s]       |              [32m[KisOriginSet[m[K
[5.767s] In file included from [01m[K/opt/ros/humble/include/rclcpp/rclcpp/client.hpp:40[m[K,
[5.767s]                  from [01m[K/opt/ros/humble/include/rclcpp/rclcpp/callback_group.hpp:24[m[K,
[5.767s]                  from [01m[K/opt/ros/humble/include/rclcpp/rclcpp/any_executable.hpp:20[m[K,
[5.768s]                  from [01m[K/opt/ros/humble/include/rclcpp/rclcpp/memory_strategy.hpp:25[m[K,
[5.768s]                  from [01m[K/opt/ros/humble/include/rclcpp/rclcpp/memory_strategies.hpp:18[m[K,
[5.768s]                  from [01m[K/opt/ros/humble/include/rclcpp/rclcpp/executor_options.hpp:20[m[K,
[5.768s]                  from [01m[K/opt/ros/humble/include/rclcpp/rclcpp/executor.hpp:37[m[K,
[5.768s]                  from [01m[K/opt/ros/humble/include/rclcpp/rclcpp/executors/multi_threaded_executor.hpp:25[m[K,
[5.768s]                  from [01m[K/opt/ros/humble/include/rclcpp/rclcpp/executors.hpp:21[m[K,
[5.769s]                  from [01m[K/opt/ros/humble/include/rclcpp/rclcpp/rclcpp.hpp:155[m[K,
[5.769s]                  from [01m[K/home/ubuntu/Desktop/AK8064_ws_Jun/src/motor_driver/src/ControlMotor.cpp:5[m[K:
[5.769s] [01m[K/home/ubuntu/Desktop/AK8064_ws_Jun/src/motor_driver/src/ControlMotor.cpp:303:25:[m[K [01;31m[Kerror: [m[Kâ€˜[01m[Klogger_[m[Kâ€™ was not declared in this scope
[5.769s]   303 |             RCLCPP_WARN([01;31m[Klogger_[m[K, "Motor 0x%02X: Cannot update parameters until origin is set!", motor_id_);
[5.769s]       |                         [01;31m[K^~~~~~~[m[K
[5.769s] [01m[K/home/ubuntu/Desktop/AK8064_ws_Jun/src/motor_driver/src/ControlMotor.cpp:303:13:[m[K [01;31m[Kerror: [m[Ktemplate argument 1 is invalid
[5.770s]   303 |             [01;31m[KRCLCPP_WARN[m[K(logger_, "Motor 0x%02X: Cannot update parameters until origin is set!", motor_id_);
[5.770s]       |             [01;31m[K^~~~~~~~~~~[m[K
[5.770s] [01m[K/home/ubuntu/Desktop/AK8064_ws_Jun/src/motor_driver/src/ControlMotor.cpp:303:13:[m[K [01;31m[Kerror: [m[Ktemplate argument 1 is invalid
[5.770s]   303 |             [01;31m[KRCLCPP_WARN[m[K(logger_, "Motor 0x%02X: Cannot update parameters until origin is set!", motor_id_);
[5.770s]       |             [01;31m[K^~~~~~~~~~~[m[K
[5.770s] [01m[K/home/ubuntu/Desktop/AK8064_ws_Jun/src/motor_driver/src/ControlMotor.cpp:303:13:[m[K [01;31m[Kerror: [m[Ktemplate argument 1 is invalid
[5.770s]   303 |             [01;31m[KRCLCPP_WARN[m[K(logger_, "Motor 0x%02X: Cannot update parameters until origin is set!", motor_id_);
[5.771s]       |             [01;31m[K^~~~~~~~~~~[m[K
[5.780s] In file included from [01m[K/opt/ros/humble/include/rclcpp/rclcpp/logging.hpp:24[m[K,
[5.780s]                  from [01m[K/opt/ros/humble/include/rclcpp/rclcpp/client.hpp:40[m[K,
[5.780s]                  from [01m[K/opt/ros/humble/include/rclcpp/rclcpp/callback_group.hpp:24[m[K,
[5.780s]                  from [01m[K/opt/ros/humble/include/rclcpp/rclcpp/any_executable.hpp:20[m[K,
[5.781s]                  from [01m[K/opt/ros/humble/include/rclcpp/rclcpp/memory_strategy.hpp:25[m[K,
[5.781s]                  from [01m[K/opt/ros/humble/include/rclcpp/rclcpp/memory_strategies.hpp:18[m[K,
[5.781s]                  from [01m[K/opt/ros/humble/include/rclcpp/rclcpp/executor_options.hpp:20[m[K,
[5.782s]                  from [01m[K/opt/ros/humble/include/rclcpp/rclcpp/executor.hpp:37[m[K,
[5.782s]                  from [01m[K/opt/ros/humble/include/rclcpp/rclcpp/executors/multi_threaded_executor.hpp:25[m[K,
[5.782s]                  from [01m[K/opt/ros/humble/include/rclcpp/rclcpp/executors.hpp:21[m[K,
[5.782s]                  from [01m[K/opt/ros/humble/include/rclcpp/rclcpp/rclcpp.hpp:155[m[K,
[5.782s]                  from [01m[K/home/ubuntu/Desktop/AK8064_ws_Jun/src/motor_driver/src/ControlMotor.cpp:5[m[K:
[5.782s] [01m[K/home/ubuntu/Desktop/AK8064_ws_Jun/src/motor_driver/src/ControlMotor.cpp:303:97:[m[K [01;31m[Kerror: [m[Kâ€˜[01m[Kmotor_id_[m[Kâ€™ was not declared in this scope; did you mean â€˜[01m[KmotorId[m[Kâ€™?
[5.783s]   303 | tor 0x%02X: Cannot update parameters until origin is set!", [01;31m[Kmotor_id_[m[K);
[5.783s]       |                                                             [01;31m[K^~~~~~~~~[m[K
[5.783s] 
[5.793s] [01m[K/home/ubuntu/Desktop/AK8064_ws_Jun/src/motor_driver/src/ControlMotor.cpp:309:27:[m[K [01;31m[Kerror: [m[Kâ€˜[01m[Kspeed_[m[Kâ€™ was not declared in this scope
[5.793s]   309 |         float new_speed = [01;31m[Kspeed_[m[K;
[5.793s]       |                           [01;31m[K^~~~~~[m[K
[5.804s] [01m[K/home/ubuntu/Desktop/AK8064_ws_Jun/src/motor_driver/src/ControlMotor.cpp:310:27:[m[K [01;31m[Kerror: [m[Kâ€˜[01m[Kaccel_[m[Kâ€™ was not declared in this scope; did you mean â€˜[01m[Kaccess[m[Kâ€™?
[5.804s]   310 |         float new_accel = [01;31m[Kaccel_[m[K;
[5.804s]       |                           [01;31m[K^~~~~~[m[K
[5.804s]       |                           [32m[Kaccess[m[K
[5.814s] [01m[K/home/ubuntu/Desktop/AK8064_ws_Jun/src/motor_driver/src/ControlMotor.cpp:311:24:[m[K [01;31m[Kerror: [m[Kâ€˜[01m[Kstep_[m[Kâ€™ was not declared in this scope
[5.815s]   311 |         int new_step = [01;31m[Kstep_[m[K;
[5.815s]       |                        [01;31m[K^~~~~[m[K
[5.828s] [01m[K/home/ubuntu/Desktop/AK8064_ws_Jun/src/motor_driver/src/ControlMotor.cpp:312:26:[m[K [01;31m[Kerror: [m[Kâ€˜[01m[Krepeat_[m[Kâ€™ was not declared in this scope
[5.828s]   312 |         int new_repeat = [01;31m[Krepeat_[m[K;
[5.828s]       |                          [01;31m[K^~~~~~~[m[K
[5.841s] In file included from [01m[K/opt/ros/humble/include/rclcpp/rclcpp/client.hpp:40[m[K,
[5.841s]                  from [01m[K/opt/ros/humble/include/rclcpp/rclcpp/callback_group.hpp:24[m[K,
[5.841s]                  from [01m[K/opt/ros/humble/include/rclcpp/rclcpp/any_executable.hpp:20[m[K,
[5.841s]                  from [01m[K/opt/ros/humble/include/rclcpp/rclcpp/memory_strategy.hpp:25[m[K,
[5.842s]                  from [01m[K/opt/ros/humble/include/rclcpp/rclcpp/memory_strategies.hpp:18[m[K,
[5.842s]                  from [01m[K/opt/ros/humble/include/rclcpp/rclcpp/executor_options.hpp:20[m[K,
[5.842s]                  from [01m[K/opt/ros/humble/include/rclcpp/rclcpp/executor.hpp:37[m[K,
[5.842s]                  from [01m[K/opt/ros/humble/include/rclcpp/rclcpp/executors/multi_threaded_executor.hpp:25[m[K,
[5.842s]                  from [01m[K/opt/ros/humble/include/rclcpp/rclcpp/executors.hpp:21[m[K,
[5.842s]                  from [01m[K/opt/ros/humble/include/rclcpp/rclcpp/rclcpp.hpp:155[m[K,
[5.843s]                  from [01m[K/home/ubuntu/Desktop/AK8064_ws_Jun/src/motor_driver/src/ControlMotor.cpp:5[m[K:
[5.843s] [01m[K/home/ubuntu/Desktop/AK8064_ws_Jun/src/motor_driver/src/ControlMotor.cpp:316:25:[m[K [01;31m[Kerror: [m[Kâ€˜[01m[Klogger_[m[Kâ€™ was not declared in this scope
[5.843s]   316 |             RCLCPP_INFO([01;31m[Klogger_[m[K, "Motor 0x%02X: Processing parameter: %s", motor_id_, param.name.c_str());
[5.843s]       |                         [01;31m[K^~~~~~~[m[K
[5.843s] [01m[K/home/ubuntu/Desktop/AK8064_ws_Jun/src/motor_driver/src/ControlMotor.cpp:316:13:[m[K [01;31m[Kerror: [m[Ktemplate argument 1 is invalid
[5.843s]   316 |             [01;31m[KRCLCPP_INFO[m[K(logger_, "Motor 0x%02X: Processing parameter: %s", motor_id_, param.name.c_str());
[5.844s]       |             [01;31m[K^~~~~~~~~~~[m[K
[5.844s] [01m[K/home/ubuntu/Desktop/AK8064_ws_Jun/src/motor_driver/src/ControlMotor.cpp:316:13:[m[K [01;31m[Kerror: [m[Ktemplate argument 1 is invalid
[5.844s]   316 |             [01;31m[KRCLCPP_INFO[m[K(logger_, "Motor 0x%02X: Processing parameter: %s", motor_id_, param.name.c_str());
[5.844s]       |             [01;31m[K^~~~~~~~~~~[m[K
[5.844s] [01m[K/home/ubuntu/Desktop/AK8064_ws_Jun/src/motor_driver/src/ControlMotor.cpp:316:13:[m[K [01;31m[Kerror: [m[Ktemplate argument 1 is invalid
[5.844s]   316 |             [01;31m[KRCLCPP_INFO[m[K(logger_, "Motor 0x%02X: Processing parameter: %s", motor_id_, param.name.c_str());
[5.845s]       |             [01;31m[K^~~~~~~~~~~[m[K
[5.855s] In file included from [01m[K/opt/ros/humble/include/rclcpp/rclcpp/logging.hpp:24[m[K,
[5.855s]                  from [01m[K/opt/ros/humble/include/rclcpp/rclcpp/client.hpp:40[m[K,
[5.855s]                  from [01m[K/opt/ros/humble/include/rclcpp/rclcpp/callback_group.hpp:24[m[K,
[5.855s]                  from [01m[K/opt/ros/humble/include/rclcpp/rclcpp/any_executable.hpp:20[m[K,
[5.856s]                  from [01m[K/opt/ros/humble/include/rclcpp/rclcpp/memory_strategy.hpp:25[m[K,
[5.856s]                  from [01m[K/opt/ros/humble/include/rclcpp/rclcpp/memory_strategies.hpp:18[m[K,
[5.856s]                  from [01m[K/opt/ros/humble/include/rclcpp/rclcpp/executor_options.hpp:20[m[K,
[5.856s]                  from [01m[K/opt/ros/humble/include/rclcpp/rclcpp/executor.hpp:37[m[K,
[5.856s]                  from [01m[K/opt/ros/humble/include/rclcpp/rclcpp/executors/multi_threaded_executor.hpp:25[m[K,
[5.856s]                  from [01m[K/opt/ros/humble/include/rclcpp/rclcpp/executors.hpp:21[m[K,
[5.857s]                  from [01m[K/opt/ros/humble/include/rclcpp/rclcpp/rclcpp.hpp:155[m[K,
[5.857s]                  from [01m[K/home/ubuntu/Desktop/AK8064_ws_Jun/src/motor_driver/src/ControlMotor.cpp:5[m[K:
[5.857s] [01m[K/home/ubuntu/Desktop/AK8064_ws_Jun/src/motor_driver/src/ControlMotor.cpp:316:76:[m[K [01;31m[Kerror: [m[Kâ€˜[01m[Kmotor_id_[m[Kâ€™ was not declared in this scope; did you mean â€˜[01m[KmotorId[m[Kâ€™?
[5.857s]   316 | CPP_INFO(logger_, "Motor 0x%02X: Processing parameter: %s", [01;31m[Kmotor_id_[m[K, param.name.c_str());
[5.857s]       |                                                             [01;31m[K^~~~~~~~~[m[K
[5.857s] 
[5.868s] In file included from [01m[K/opt/ros/humble/include/rclcpp/rclcpp/client.hpp:40[m[K,
[5.868s]                  from [01m[K/opt/ros/humble/include/rclcpp/rclcpp/callback_group.hpp:24[m[K,
[5.869s]                  from [01m[K/opt/ros/humble/include/rclcpp/rclcpp/any_executable.hpp:20[m[K,
[5.869s]                  from [01m[K/opt/ros/humble/include/rclcpp/rclcpp/memory_strategy.hpp:25[m[K,
[5.869s]                  from [01m[K/opt/ros/humble/include/rclcpp/rclcpp/memory_strategies.hpp:18[m[K,
[5.869s]                  from [01m[K/opt/ros/humble/include/rclcpp/rclcpp/executor_options.hpp:20[m[K,
[5.869s]                  from [01m[K/opt/ros/humble/include/rclcpp/rclcpp/executor.hpp:37[m[K,
[5.869s]                  from [01m[K/opt/ros/humble/include/rclcpp/rclcpp/executors/multi_threaded_executor.hpp:25[m[K,
[5.870s]                  from [01m[K/opt/ros/humble/include/rclcpp/rclcpp/executors.hpp:21[m[K,
[5.870s]                  from [01m[K/opt/ros/humble/include/rclcpp/rclcpp/rclcpp.hpp:155[m[K,
[5.870s]                  from [01m[K/home/ubuntu/Desktop/AK8064_ws_Jun/src/motor_driver/src/ControlMotor.cpp:5[m[K:
[5.870s] [01m[K/home/ubuntu/Desktop/AK8064_ws_Jun/src/motor_driver/src/ControlMotor.cpp:320:34:[m[K [01;31m[Kerror: [m[Kâ€˜[01m[Klogger_[m[Kâ€™ was not declared in this scope
[5.870s]   320 |                     RCLCPP_ERROR([01;31m[Klogger_[m[K, "Motor 0x%02X: Empty target_positions received!", motor_id_);
[5.870s]       |                                  [01;31m[K^~~~~~~[m[K
[5.871s] [01m[K/home/ubuntu/Desktop/AK8064_ws_Jun/src/motor_driver/src/ControlMotor.cpp:320:21:[m[K [01;31m[Kerror: [m[Ktemplate argument 1 is invalid
[5.871s]   320 |                     [01;31m[KRCLCPP_ERROR[m[K(logger_, "Motor 0x%02X: Empty target_positions received!", motor_id_);
[5.871s]       |                     [01;31m[K^~~~~~~~~~~~[m[K
[5.871s] [01m[K/home/ubuntu/Desktop/AK8064_ws_Jun/src/motor_driver/src/ControlMotor.cpp:320:21:[m[K [01;31m[Kerror: [m[Ktemplate argument 1 is invalid
[5.871s]   320 |                     [01;31m[KRCLCPP_ERROR[m[K(logger_, "Motor 0x%02X: Empty target_positions received!", motor_id_);
[5.871s]       |                     [01;31m[K^~~~~~~~~~~~[m[K
[5.872s] [01m[K/home/ubuntu/Desktop/AK8064_ws_Jun/src/motor_driver/src/ControlMotor.cpp:320:21:[m[K [01;31m[Kerror: [m[Ktemplate argument 1 is invalid
[5.872s]   320 |                     [01;31m[KRCLCPP_ERROR[m[K(logger_, "Motor 0x%02X: Empty target_positions received!", motor_id_);
[5.872s]       |                     [01;31m[K^~~~~~~~~~~~[m[K
[5.881s] In file included from [01m[K/opt/ros/humble/include/rclcpp/rclcpp/logging.hpp:24[m[K,
[5.882s]                  from [01m[K/opt/ros/humble/include/rclcpp/rclcpp/client.hpp:40[m[K,
[5.882s]                  from [01m[K/opt/ros/humble/include/rclcpp/rclcpp/callback_group.hpp:24[m[K,
[5.882s]                  from [01m[K/opt/ros/humble/include/rclcpp/rclcpp/any_executable.hpp:20[m[K,
[5.882s]                  from [01m[K/opt/ros/humble/include/rclcpp/rclcpp/memory_strategy.hpp:25[m[K,
[5.882s]                  from [01m[K/opt/ros/humble/include/rclcpp/rclcpp/memory_strategies.hpp:18[m[K,
[5.882s]                  from [01m[K/opt/ros/humble/include/rclcpp/rclcpp/executor_options.hpp:20[m[K,
[5.883s]                  from [01m[K/opt/ros/humble/include/rclcpp/rclcpp/executor.hpp:37[m[K,
[5.883s]                  from [01m[K/opt/ros/humble/include/rclcpp/rclcpp/executors/multi_threaded_executor.hpp:25[m[K,
[5.883s]                  from [01m[K/opt/ros/humble/include/rclcpp/rclcpp/executors.hpp:21[m[K,
[5.883s]                  from [01m[K/opt/ros/humble/include/rclcpp/rclcpp/rclcpp.hpp:155[m[K,
[5.883s]                  from [01m[K/home/ubuntu/Desktop/AK8064_ws_Jun/src/motor_driver/src/ControlMotor.cpp:5[m[K:
[5.883s] [01m[K/home/ubuntu/Desktop/AK8064_ws_Jun/src/motor_driver/src/ControlMotor.cpp:320:93:[m[K [01;31m[Kerror: [m[Kâ€˜[01m[Kmotor_id_[m[Kâ€™ was not declared in this scope; did you mean â€˜[01m[KmotorId[m[Kâ€™?
[5.884s]   320 | (logger_, "Motor 0x%02X: Empty target_positions received!", [01;31m[Kmotor_id_[m[K);
[5.884s]       |                                                             [01;31m[K^~~~~~~~~[m[K
[5.884s] 
[5.900s] [01m[K/home/ubuntu/Desktop/AK8064_ws_Jun/src/motor_driver/src/ControlMotor.cpp:323:17:[m[K [01;31m[Kerror: [m[Kâ€˜[01m[KvalidatePositions[m[Kâ€™ was not declared in this scope
[5.900s]   323 |                 [01;31m[KvalidatePositions[m[K(temp_positions);
[5.900s]       |                 [01;31m[K^~~~~~~~~~~~~~~~~[m[K
[5.909s] [01m[K/home/ubuntu/Desktop/AK8064_ws_Jun/src/motor_driver/src/ControlMotor.cpp:325:17:[m[K [01;31m[Kerror: [m[Kâ€˜[01m[Kmode_[m[Kâ€™ was not declared in this scope; did you mean â€˜[01m[Kmode_t[m[Kâ€™?
[5.910s]   325 |                 [01;31m[Kmode_[m[K = Mode::AUTO; // Chuyá»ƒn sang AUTO khi nháº­n target_positions
[5.910s]       |                 [01;31m[K^~~~~[m[K
[5.910s]       |                 [32m[Kmode_t[m[K
[5.922s] In file included from [01m[K/opt/ros/humble/include/rclcpp/rclcpp/client.hpp:40[m[K,
[5.922s]                  from [01m[K/opt/ros/humble/include/rclcpp/rclcpp/callback_group.hpp:24[m[K,
[5.922s]                  from [01m[K/opt/ros/humble/include/rclcpp/rclcpp/any_executable.hpp:20[m[K,
[5.923s]                  from [01m[K/opt/ros/humble/include/rclcpp/rclcpp/memory_strategy.hpp:25[m[K,
[5.923s]                  from [01m[K/opt/ros/humble/include/rclcpp/rclcpp/memory_strategies.hpp:18[m[K,
[5.923s]                  from [01m[K/opt/ros/humble/include/rclcpp/rclcpp/executor_options.hpp:20[m[K,
[5.923s]                  from [01m[K/opt/ros/humble/include/rclcpp/rclcpp/executor.hpp:37[m[K,
[5.923s]                  from [01m[K/opt/ros/humble/include/rclcpp/rclcpp/executors/multi_threaded_executor.hpp:25[m[K,
[5.923s]                  from [01m[K/opt/ros/humble/include/rclcpp/rclcpp/executors.hpp:21[m[K,
[5.924s]                  from [01m[K/opt/ros/humble/include/rclcpp/rclcpp/rclcpp.hpp:155[m[K,
[5.924s]                  from [01m[K/home/ubuntu/Desktop/AK8064_ws_Jun/src/motor_driver/src/ControlMotor.cpp:5[m[K:
[5.924s] [01m[K/home/ubuntu/Desktop/AK8064_ws_Jun/src/motor_driver/src/ControlMotor.cpp:328:29:[m[K [01;31m[Kerror: [m[Kâ€˜[01m[Klogger_[m[Kâ€™ was not declared in this scope
[5.924s]   328 |                 RCLCPP_INFO([01;31m[Klogger_[m[K, "Motor 0x%02X: Updated speed: %.2f", motor_id_, new_speed);
[5.924s]       |                             [01;31m[K^~~~~~~[m[K
[5.924s] [01m[K/home/ubuntu/Desktop/AK8064_ws_Jun/src/motor_driver/src/ControlMotor.cpp:328:17:[m[K [01;31m[Kerror: [m[Ktemplate argument 1 is invalid
[5.925s]   328 |                 [01;31m[KRCLCPP_INFO[m[K(logger_, "Motor 0x%02X: Updated speed: %.2f", motor_id_, new_speed);
[5.925s]       |                 [01;31m[K^~~~~~~~~~~[m[K
[5.925s] [01m[K/home/ubuntu/Desktop/AK8064_ws_Jun/src/motor_driver/src/ControlMotor.cpp:328:17:[m[K [01;31m[Kerror: [m[Ktemplate argument 1 is invalid
[5.925s]   328 |                 [01;31m[KRCLCPP_INFO[m[K(logger_, "Motor 0x%02X: Updated speed: %.2f", motor_id_, new_speed);
[5.925s]       |                 [01;31m[K^~~~~~~~~~~[m[K
[5.925s] [01m[K/home/ubuntu/Desktop/AK8064_ws_Jun/src/motor_driver/src/ControlMotor.cpp:328:17:[m[K [01;31m[Kerror: [m[Ktemplate argument 1 is invalid
[5.926s]   328 |                 [01;31m[KRCLCPP_INFO[m[K(logger_, "Motor 0x%02X: Updated speed: %.2f", motor_id_, new_speed);
[5.926s]       |                 [01;31m[K^~~~~~~~~~~[m[K
[5.935s] In file included from [01m[K/opt/ros/humble/include/rclcpp/rclcpp/logging.hpp:24[m[K,
[5.936s]                  from [01m[K/opt/ros/humble/include/rclcpp/rclcpp/client.hpp:40[m[K,
[5.936s]                  from [01m[K/opt/ros/humble/include/rclcpp/rclcpp/callback_group.hpp:24[m[K,
[5.936s]                  from [01m[K/opt/ros/humble/include/rclcpp/rclcpp/any_executable.hpp:20[m[K,
[5.936s]                  from [01m[K/opt/ros/humble/include/rclcpp/rclcpp/memory_strategy.hpp:25[m[K,
[5.936s]                  from [01m[K/opt/ros/humble/include/rclcpp/rclcpp/memory_strategies.hpp:18[m[K,
[5.937s]                  from [01m[K/opt/ros/humble/include/rclcpp/rclcpp/executor_options.hpp:20[m[K,
[5.937s]                  from [01m[K/opt/ros/humble/include/rclcpp/rclcpp/executor.hpp:37[m[K,
[5.937s]                  from [01m[K/opt/ros/humble/include/rclcpp/rclcpp/executors/multi_threaded_executor.hpp:25[m[K,
[5.937s]                  from [01m[K/opt/ros/humble/include/rclcpp/rclcpp/executors.hpp:21[m[K,
[5.937s]                  from [01m[K/opt/ros/humble/include/rclcpp/rclcpp/rclcpp.hpp:155[m[K,
[5.937s]                  from [01m[K/home/ubuntu/Desktop/AK8064_ws_Jun/src/motor_driver/src/ControlMotor.cpp:5[m[K:
[5.938s] [01m[K/home/ubuntu/Desktop/AK8064_ws_Jun/src/motor_driver/src/ControlMotor.cpp:328:75:[m[K [01;31m[Kerror: [m[Kâ€˜[01m[Kmotor_id_[m[Kâ€™ was not declared in this scope; did you mean â€˜[01m[KmotorId[m[Kâ€™?
[5.938s]   328 |   RCLCPP_INFO(logger_, "Motor 0x%02X: Updated speed: %.2f", [01;31m[Kmotor_id_[m[K, new_speed);
[5.938s]       |                                                             [01;31m[K^~~~~~~~~[m[K
[5.938s] 
[5.948s] In file included from [01m[K/opt/ros/humble/include/rclcpp/rclcpp/client.hpp:40[m[K,
[5.948s]                  from [01m[K/opt/ros/humble/include/rclcpp/rclcpp/callback_group.hpp:24[m[K,
[5.949s]                  from [01m[K/opt/ros/humble/include/rclcpp/rclcpp/any_executable.hpp:20[m[K,
[5.949s]                  from [01m[K/opt/ros/humble/include/rclcpp/rclcpp/memory_strategy.hpp:25[m[K,
[5.949s]                  from [01m[K/opt/ros/humble/include/rclcpp/rclcpp/memory_strategies.hpp:18[m[K,
[5.949s]                  from [01m[K/opt/ros/humble/include/rclcpp/rclcpp/executor_options.hpp:20[m[K,
[5.949s]                  from [01m[K/opt/ros/humble/include/rclcpp/rclcpp/executor.hpp:37[m[K,
[5.949s]                  from [01m[K/opt/ros/humble/include/rclcpp/rclcpp/executors/multi_threaded_executor.hpp:25[m[K,
[5.950s]                  from [01m[K/opt/ros/humble/include/rclcpp/rclcpp/executors.hpp:21[m[K,
[5.950s]                  from [01m[K/opt/ros/humble/include/rclcpp/rclcpp/rclcpp.hpp:155[m[K,
[5.950s]                  from [01m[K/home/ubuntu/Desktop/AK8064_ws_Jun/src/motor_driver/src/ControlMotor.cpp:5[m[K:
[5.950s] [01m[K/home/ubuntu/Desktop/AK8064_ws_Jun/src/motor_driver/src/ControlMotor.cpp:331:29:[m[K [01;31m[Kerror: [m[Kâ€˜[01m[Klogger_[m[Kâ€™ was not declared in this scope
[5.950s]   331 |                 RCLCPP_INFO([01;31m[Klogger_[m[K, "Motor 0x%02X: Updated accel: %.2f", motor_id_, new_accel);
[5.950s]       |                             [01;31m[K^~~~~~~[m[K
[5.951s] [01m[K/home/ubuntu/Desktop/AK8064_ws_Jun/src/motor_driver/src/ControlMotor.cpp:331:17:[m[K [01;31m[Kerror: [m[Ktemplate argument 1 is invalid
[5.951s]   331 |                 [01;31m[KRCLCPP_INFO[m[K(logger_, "Motor 0x%02X: Updated accel: %.2f", motor_id_, new_accel);
[5.951s]       |                 [01;31m[K^~~~~~~~~~~[m[K
[5.951s] [01m[K/home/ubuntu/Desktop/AK8064_ws_Jun/src/motor_driver/src/ControlMotor.cpp:331:17:[m[K [01;31m[Kerror: [m[Ktemplate argument 1 is invalid
[5.951s]   331 |                 [01;31m[KRCLCPP_INFO[m[K(logger_, "Motor 0x%02X: Updated accel: %.2f", motor_id_, new_accel);
[5.951s]       |                 [01;31m[K^~~~~~~~~~~[m[K
[5.952s] [01m[K/home/ubuntu/Desktop/AK8064_ws_Jun/src/motor_driver/src/ControlMotor.cpp:331:17:[m[K [01;31m[Kerror: [m[Ktemplate argument 1 is invalid
[5.952s]   331 |                 [01;31m[KRCLCPP_INFO[m[K(logger_, "Motor 0x%02X: Updated accel: %.2f", motor_id_, new_accel);
[5.952s]       |                 [01;31m[K^~~~~~~~~~~[m[K
[5.961s] In file included from [01m[K/opt/ros/humble/include/rclcpp/rclcpp/logging.hpp:24[m[K,
[5.962s]                  from [01m[K/opt/ros/humble/include/rclcpp/rclcpp/client.hpp:40[m[K,
[5.962s]                  from [01m[K/opt/ros/humble/include/rclcpp/rclcpp/callback_group.hpp:24[m[K,
[5.962s]                  from [01m[K/opt/ros/humble/include/rclcpp/rclcpp/any_executable.hpp:20[m[K,
[5.962s]                  from [01m[K/opt/ros/humble/include/rclcpp/rclcpp/memory_strategy.hpp:25[m[K,
[5.962s]                  from [01m[K/opt/ros/humble/include/rclcpp/rclcpp/memory_strategies.hpp:18[m[K,
[5.962s]                  from [01m[K/opt/ros/humble/include/rclcpp/rclcpp/executor_options.hpp:20[m[K,
[5.963s]                  from [01m[K/opt/ros/humble/include/rclcpp/rclcpp/executor.hpp:37[m[K,
[5.963s]                  from [01m[K/opt/ros/humble/include/rclcpp/rclcpp/executors/multi_threaded_executor.hpp:25[m[K,
[5.963s]                  from [01m[K/opt/ros/humble/include/rclcpp/rclcpp/executors.hpp:21[m[K,
[5.963s]                  from [01m[K/opt/ros/humble/include/rclcpp/rclcpp/rclcpp.hpp:155[m[K,
[5.963s]                  from [01m[K/home/ubuntu/Desktop/AK8064_ws_Jun/src/motor_driver/src/ControlMotor.cpp:5[m[K:
[5.963s] [01m[K/home/ubuntu/Desktop/AK8064_ws_Jun/src/motor_driver/src/ControlMotor.cpp:331:75:[m[K [01;31m[Kerror: [m[Kâ€˜[01m[Kmotor_id_[m[Kâ€™ was not declared in this scope; did you mean â€˜[01m[KmotorId[m[Kâ€™?
[5.964s]   331 |   RCLCPP_INFO(logger_, "Motor 0x%02X: Updated accel: %.2f", [01;31m[Kmotor_id_[m[K, new_accel);
[5.964s]       |                                                             [01;31m[K^~~~~~~~~[m[K
[5.964s] 
[5.975s] In file included from [01m[K/opt/ros/humble/include/rclcpp/rclcpp/client.hpp:40[m[K,
[5.975s]                  from [01m[K/opt/ros/humble/include/rclcpp/rclcpp/callback_group.hpp:24[m[K,
[5.975s]                  from [01m[K/opt/ros/humble/include/rclcpp/rclcpp/any_executable.hpp:20[m[K,
[5.975s]                  from [01m[K/opt/ros/humble/include/rclcpp/rclcpp/memory_strategy.hpp:25[m[K,
[5.975s]                  from [01m[K/opt/ros/humble/include/rclcpp/rclcpp/memory_strategies.hpp:18[m[K,
[5.976s]                  from [01m[K/opt/ros/humble/include/rclcpp/rclcpp/executor_options.hpp:20[m[K,
[5.976s]                  from [01m[K/opt/ros/humble/include/rclcpp/rclcpp/executor.hpp:37[m[K,
[5.976s]                  from [01m[K/opt/ros/humble/include/rclcpp/rclcpp/executors/multi_threaded_executor.hpp:25[m[K,
[5.976s]                  from [01m[K/opt/ros/humble/include/rclcpp/rclcpp/executors.hpp:21[m[K,
[5.976s]                  from [01m[K/opt/ros/humble/include/rclcpp/rclcpp/rclcpp.hpp:155[m[K,
[5.976s]                  from [01m[K/home/ubuntu/Desktop/AK8064_ws_Jun/src/motor_driver/src/ControlMotor.cpp:5[m[K:
[5.977s] [01m[K/home/ubuntu/Desktop/AK8064_ws_Jun/src/motor_driver/src/ControlMotor.cpp:334:29:[m[K [01;31m[Kerror: [m[Kâ€˜[01m[Klogger_[m[Kâ€™ was not declared in this scope
[5.977s]   334 |                 RCLCPP_INFO([01;31m[Klogger_[m[K, "Motor 0x%02X: Updated step: %d", motor_id_, new_step);
[5.977s]       |                             [01;31m[K^~~~~~~[m[K
[5.977s] [01m[K/home/ubuntu/Desktop/AK8064_ws_Jun/src/motor_driver/src/ControlMotor.cpp:334:17:[m[K [01;31m[Kerror: [m[Ktemplate argument 1 is invalid
[5.977s]   334 |                 [01;31m[KRCLCPP_INFO[m[K(logger_, "Motor 0x%02X: Updated step: %d", motor_id_, new_step);
[5.977s]       |                 [01;31m[K^~~~~~~~~~~[m[K
[5.978s] [01m[K/home/ubuntu/Desktop/AK8064_ws_Jun/src/motor_driver/src/ControlMotor.cpp:334:17:[m[K [01;31m[Kerror: [m[Ktemplate argument 1 is invalid
[5.978s]   334 |                 [01;31m[KRCLCPP_INFO[m[K(logger_, "Motor 0x%02X: Updated step: %d", motor_id_, new_step);
[5.978s]       |                 [01;31m[K^~~~~~~~~~~[m[K
[5.978s] [01m[K/home/ubuntu/Desktop/AK8064_ws_Jun/src/motor_driver/src/ControlMotor.cpp:334:17:[m[K [01;31m[Kerror: [m[Ktemplate argument 1 is invalid
[5.978s]   334 |                 [01;31m[KRCLCPP_INFO[m[K(logger_, "Motor 0x%02X: Updated step: %d", motor_id_, new_step);
[5.978s]       |                 [01;31m[K^~~~~~~~~~~[m[K
[5.988s] In file included from [01m[K/opt/ros/humble/include/rclcpp/rclcpp/logging.hpp:24[m[K,
[5.988s]                  from [01m[K/opt/ros/humble/include/rclcpp/rclcpp/client.hpp:40[m[K,
[5.988s]                  from [01m[K/opt/ros/humble/include/rclcpp/rclcpp/callback_group.hpp:24[m[K,
[5.989s]                  from [01m[K/opt/ros/humble/include/rclcpp/rclcpp/any_executable.hpp:20[m[K,
[5.989s]                  from [01m[K/opt/ros/humble/include/rclcpp/rclcpp/memory_strategy.hpp:25[m[K,
[5.989s]                  from [01m[K/opt/ros/humble/include/rclcpp/rclcpp/memory_strategies.hpp:18[m[K,
[5.989s]                  from [01m[K/opt/ros/humble/include/rclcpp/rclcpp/executor_options.hpp:20[m[K,
[5.989s]                  from [01m[K/opt/ros/humble/include/rclcpp/rclcpp/executor.hpp:37[m[K,
[5.989s]                  from [01m[K/opt/ros/humble/include/rclcpp/rclcpp/executors/multi_threaded_executor.hpp:25[m[K,
[5.990s]                  from [01m[K/opt/ros/humble/include/rclcpp/rclcpp/executors.hpp:21[m[K,
[5.990s]                  from [01m[K/opt/ros/humble/include/rclcpp/rclcpp/rclcpp.hpp:155[m[K,
[5.990s]                  from [01m[K/home/ubuntu/Desktop/AK8064_ws_Jun/src/motor_driver/src/ControlMotor.cpp:5[m[K:
[5.990s] [01m[K/home/ubuntu/Desktop/AK8064_ws_Jun/src/motor_driver/src/ControlMotor.cpp:334:72:[m[K [01;31m[Kerror: [m[Kâ€˜[01m[Kmotor_id_[m[Kâ€™ was not declared in this scope; did you mean â€˜[01m[KmotorId[m[Kâ€™?
[5.990s]   334 |      RCLCPP_INFO(logger_, "Motor 0x%02X: Updated step: %d", [01;31m[Kmotor_id_[m[K, new_step);
[5.990s]       |                                                             [01;31m[K^~~~~~~~~[m[K
[5.991s] 
[6.001s] In file included from [01m[K/opt/ros/humble/include/rclcpp/rclcpp/client.hpp:40[m[K,
[6.001s]                  from [01m[K/opt/ros/humble/include/rclcpp/rclcpp/callback_group.hpp:24[m[K,
[6.001s]                  from [01m[K/opt/ros/humble/include/rclcpp/rclcpp/any_executable.hpp:20[m[K,
[6.002s]                  from [01m[K/opt/ros/humble/include/rclcpp/rclcpp/memory_strategy.hpp:25[m[K,
[6.002s]                  from [01m[K/opt/ros/humble/include/rclcpp/rclcpp/memory_strategies.hpp:18[m[K,
[6.002s]                  from [01m[K/opt/ros/humble/include/rclcpp/rclcpp/executor_options.hpp:20[m[K,
[6.002s]                  from [01m[K/opt/ros/humble/include/rclcpp/rclcpp/executor.hpp:37[m[K,
[6.002s]                  from [01m[K/opt/ros/humble/include/rclcpp/rclcpp/executors/multi_threaded_executor.hpp:25[m[K,
[6.002s]                  from [01m[K/opt/ros/humble/include/rclcpp/rclcpp/executors.hpp:21[m[K,
[6.002s]                  from [01m[K/opt/ros/humble/include/rclcpp/rclcpp/rclcpp.hpp:155[m[K,
[6.002s]                  from [01m[K/home/ubuntu/Desktop/AK8064_ws_Jun/src/motor_driver/src/ControlMotor.cpp:5[m[K:
[6.003s] [01m[K/home/ubuntu/Desktop/AK8064_ws_Jun/src/motor_driver/src/ControlMotor.cpp:337:29:[m[K [01;31m[Kerror: [m[Kâ€˜[01m[Klogger_[m[Kâ€™ was not declared in this scope
[6.003s]   337 |                 RCLCPP_INFO([01;31m[Klogger_[m[K, "Motor 0x%02X: Updated repeat: %d", motor_id_, new_repeat);
[6.003s]       |                             [01;31m[K^~~~~~~[m[K
[6.003s] [01m[K/home/ubuntu/Desktop/AK8064_ws_Jun/src/motor_driver/src/ControlMotor.cpp:337:17:[m[K [01;31m[Kerror: [m[Ktemplate argument 1 is invalid
[6.003s]   337 |                 [01;31m[KRCLCPP_INFO[m[K(logger_, "Motor 0x%02X: Updated repeat: %d", motor_id_, new_repeat);
[6.003s]       |                 [01;31m[K^~~~~~~~~~~[m[K
[6.003s] [01m[K/home/ubuntu/Desktop/AK8064_ws_Jun/src/motor_driver/src/ControlMotor.cpp:337:17:[m[K [01;31m[Kerror: [m[Ktemplate argument 1 is invalid
[6.003s]   337 |                 [01;31m[KRCLCPP_INFO[m[K(logger_, "Motor 0x%02X: Updated repeat: %d", motor_id_, new_repeat);
[6.003s]       |                 [01;31m[K^~~~~~~~~~~[m[K
[6.003s] [01m[K/home/ubuntu/Desktop/AK8064_ws_Jun/src/motor_driver/src/ControlMotor.cpp:337:17:[m[K [01;31m[Kerror: [m[Ktemplate argument 1 is invalid
[6.004s]   337 |                 [01;31m[KRCLCPP_INFO[m[K(logger_, "Motor 0x%02X: Updated repeat: %d", motor_id_, new_repeat);
[6.004s]       |                 [01;31m[K^~~~~~~~~~~[m[K
[6.014s] In file included from [01m[K/opt/ros/humble/include/rclcpp/rclcpp/logging.hpp:24[m[K,
[6.014s]                  from [01m[K/opt/ros/humble/include/rclcpp/rclcpp/client.hpp:40[m[K,
[6.015s]                  from [01m[K/opt/ros/humble/include/rclcpp/rclcpp/callback_group.hpp:24[m[K,
[6.015s]                  from [01m[K/opt/ros/humble/include/rclcpp/rclcpp/any_executable.hpp:20[m[K,
[6.015s]                  from [01m[K/opt/ros/humble/include/rclcpp/rclcpp/memory_strategy.hpp:25[m[K,
[6.015s]                  from [01m[K/opt/ros/humble/include/rclcpp/rclcpp/memory_strategies.hpp:18[m[K,
[6.015s]                  from [01m[K/opt/ros/humble/include/rclcpp/rclcpp/executor_options.hpp:20[m[K,
[6.016s]                  from [01m[K/opt/ros/humble/include/rclcpp/rclcpp/executor.hpp:37[m[K,
[6.016s]                  from [01m[K/opt/ros/humble/include/rclcpp/rclcpp/executors/multi_threaded_executor.hpp:25[m[K,
[6.016s]                  from [01m[K/opt/ros/humble/include/rclcpp/rclcpp/executors.hpp:21[m[K,
[6.016s]                  from [01m[K/opt/ros/humble/include/rclcpp/rclcpp/rclcpp.hpp:155[m[K,
[6.016s]                  from [01m[K/home/ubuntu/Desktop/AK8064_ws_Jun/src/motor_driver/src/ControlMotor.cpp:5[m[K:
[6.017s] [01m[K/home/ubuntu/Desktop/AK8064_ws_Jun/src/motor_driver/src/ControlMotor.cpp:337:74:[m[K [01;31m[Kerror: [m[Kâ€˜[01m[Kmotor_id_[m[Kâ€™ was not declared in this scope; did you mean â€˜[01m[KmotorId[m[Kâ€™?
[6.017s]   337 |    RCLCPP_INFO(logger_, "Motor 0x%02X: Updated repeat: %d", [01;31m[Kmotor_id_[m[K, new_repeat);
[6.017s]       |                                                             [01;31m[K^~~~~~~~~[m[K
[6.017s] 
[6.026s] In file included from [01m[K/opt/ros/humble/include/rclcpp/rclcpp/client.hpp:40[m[K,
[6.026s]                  from [01m[K/opt/ros/humble/include/rclcpp/rclcpp/callback_group.hpp:24[m[K,
[6.026s]                  from [01m[K/opt/ros/humble/include/rclcpp/rclcpp/any_executable.hpp:20[m[K,
[6.026s]                  from [01m[K/opt/ros/humble/include/rclcpp/rclcpp/memory_strategy.hpp:25[m[K,
[6.026s]                  from [01m[K/opt/ros/humble/include/rclcpp/rclcpp/memory_strategies.hpp:18[m[K,
[6.027s]                  from [01m[K/opt/ros/humble/include/rclcpp/rclcpp/executor_options.hpp:20[m[K,
[6.027s]                  from [01m[K/opt/ros/humble/include/rclcpp/rclcpp/executor.hpp:37[m[K,
[6.027s]                  from [01m[K/opt/ros/humble/include/rclcpp/rclcpp/executors/multi_threaded_executor.hpp:25[m[K,
[6.027s]                  from [01m[K/opt/ros/humble/include/rclcpp/rclcpp/executors.hpp:21[m[K,
[6.027s]                  from [01m[K/opt/ros/humble/include/rclcpp/rclcpp/rclcpp.hpp:155[m[K,
[6.027s]                  from [01m[K/home/ubuntu/Desktop/AK8064_ws_Jun/src/motor_driver/src/ControlMotor.cpp:5[m[K:
[6.027s] [01m[K/home/ubuntu/Desktop/AK8064_ws_Jun/src/motor_driver/src/ControlMotor.cpp:339:29:[m[K [01;31m[Kerror: [m[Kâ€˜[01m[Klogger_[m[Kâ€™ was not declared in this scope
[6.027s]   339 |                 RCLCPP_WARN([01;31m[Klogger_[m[K, "Motor 0x%02X: Unknown parameter: %s", motor_id_, param.name.c_str());
[6.027s]       |                             [01;31m[K^~~~~~~[m[K
[6.028s] [01m[K/home/ubuntu/Desktop/AK8064_ws_Jun/src/motor_driver/src/ControlMotor.cpp:339:17:[m[K [01;31m[Kerror: [m[Ktemplate argument 1 is invalid
[6.028s]   339 |                 [01;31m[KRCLCPP_WARN[m[K(logger_, "Motor 0x%02X: Unknown parameter: %s", motor_id_, param.name.c_str());
[6.028s]       |                 [01;31m[K^~~~~~~~~~~[m[K
[6.028s] [01m[K/home/ubuntu/Desktop/AK8064_ws_Jun/src/motor_driver/src/ControlMotor.cpp:339:17:[m[K [01;31m[Kerror: [m[Ktemplate argument 1 is invalid
[6.028s]   339 |                 [01;31m[KRCLCPP_WARN[m[K(logger_, "Motor 0x%02X: Unknown parameter: %s", motor_id_, param.name.c_str());
[6.028s]       |                 [01;31m[K^~~~~~~~~~~[m[K
[6.028s] [01m[K/home/ubuntu/Desktop/AK8064_ws_Jun/src/motor_driver/src/ControlMotor.cpp:339:17:[m[K [01;31m[Kerror: [m[Ktemplate argument 1 is invalid
[6.029s]   339 |                 [01;31m[KRCLCPP_WARN[m[K(logger_, "Motor 0x%02X: Unknown parameter: %s", motor_id_, param.name.c_str());
[6.029s]       |                 [01;31m[K^~~~~~~~~~~[m[K
[6.040s] In file included from [01m[K/opt/ros/humble/include/rclcpp/rclcpp/logging.hpp:24[m[K,
[6.040s]                  from [01m[K/opt/ros/humble/include/rclcpp/rclcpp/client.hpp:40[m[K,
[6.040s]                  from [01m[K/opt/ros/humble/include/rclcpp/rclcpp/callback_group.hpp:24[m[K,
[6.040s]                  from [01m[K/opt/ros/humble/include/rclcpp/rclcpp/any_executable.hpp:20[m[K,
[6.040s]                  from [01m[K/opt/ros/humble/include/rclcpp/rclcpp/memory_strategy.hpp:25[m[K,
[6.040s]                  from [01m[K/opt/ros/humble/include/rclcpp/rclcpp/memory_strategies.hpp:18[m[K,
[6.040s]                  from [01m[K/opt/ros/humble/include/rclcpp/rclcpp/executor_options.hpp:20[m[K,
[6.040s]                  from [01m[K/opt/ros/humble/include/rclcpp/rclcpp/executor.hpp:37[m[K,
[6.041s]                  from [01m[K/opt/ros/humble/include/rclcpp/rclcpp/executors/multi_threaded_executor.hpp:25[m[K,
[6.041s]                  from [01m[K/opt/ros/humble/include/rclcpp/rclcpp/executors.hpp:21[m[K,
[6.041s]                  from [01m[K/opt/ros/humble/include/rclcpp/rclcpp/rclcpp.hpp:155[m[K,
[6.041s]                  from [01m[K/home/ubuntu/Desktop/AK8064_ws_Jun/src/motor_driver/src/ControlMotor.cpp:5[m[K:
[6.041s] [01m[K/home/ubuntu/Desktop/AK8064_ws_Jun/src/motor_driver/src/ControlMotor.cpp:339:77:[m[K [01;31m[Kerror: [m[Kâ€˜[01m[Kmotor_id_[m[Kâ€™ was not declared in this scope; did you mean â€˜[01m[KmotorId[m[Kâ€™?
[6.041s]   339 | RCLCPP_WARN(logger_, "Motor 0x%02X: Unknown parameter: %s", [01;31m[Kmotor_id_[m[K, param.name.c_str());
[6.041s]       |                                                             [01;31m[K^~~~~~~~~[m[K
[6.041s] 
[6.055s] In file included from [01m[K/opt/ros/humble/include/rclcpp/rclcpp/client.hpp:40[m[K,
[6.055s]                  from [01m[K/opt/ros/humble/include/rclcpp/rclcpp/callback_group.hpp:24[m[K,
[6.055s]                  from [01m[K/opt/ros/humble/include/rclcpp/rclcpp/any_executable.hpp:20[m[K,
[6.056s]                  from [01m[K/opt/ros/humble/include/rclcpp/rclcpp/memory_strategy.hpp:25[m[K,
[6.056s]                  from [01m[K/opt/ros/humble/include/rclcpp/rclcpp/memory_strategies.hpp:18[m[K,
[6.056s]                  from [01m[K/opt/ros/humble/include/rclcpp/rclcpp/executor_options.hpp:20[m[K,
[6.056s]                  from [01m[K/opt/ros/humble/include/rclcpp/rclcpp/executor.hpp:37[m[K,
[6.056s]                  from [01m[K/opt/ros/humble/include/rclcpp/rclcpp/executors/multi_threaded_executor.hpp:25[m[K,
[6.056s]                  from [01m[K/opt/ros/humble/include/rclcpp/rclcpp/executors.hpp:21[m[K,
[6.056s]                  from [01m[K/opt/ros/humble/include/rclcpp/rclcpp/rclcpp.hpp:155[m[K,
[6.056s]                  from [01m[K/home/ubuntu/Desktop/AK8064_ws_Jun/src/motor_driver/src/ControlMotor.cpp:5[m[K:
[6.057s] [01m[K/home/ubuntu/Desktop/AK8064_ws_Jun/src/motor_driver/src/ControlMotor.cpp:357:30:[m[K [01;31m[Kerror: [m[Kâ€˜[01m[Klogger_[m[Kâ€™ was not declared in this scope
[6.057s]   357 |                 RCLCPP_ERROR([01;31m[Klogger_[m[K, "Motor 0x%02X: Repeated target_positions is empty!", motor_id_);
[6.057s]       |                              [01;31m[K^~~~~~~[m[K
[6.057s] [01m[K/home/ubuntu/Desktop/AK8064_ws_Jun/src/motor_driver/src/ControlMotor.cpp:357:17:[m[K [01;31m[Kerror: [m[Ktemplate argument 1 is invalid
[6.057s]   357 |                 [01;31m[KRCLCPP_ERROR[m[K(logger_, "Motor 0x%02X: Repeated target_positions is empty!", motor_id_);
[6.057s]       |                 [01;31m[K^~~~~~~~~~~~[m[K
[6.057s] [01m[K/home/ubuntu/Desktop/AK8064_ws_Jun/src/motor_driver/src/ControlMotor.cpp:357:17:[m[K [01;31m[Kerror: [m[Ktemplate argument 1 is invalid
[6.057s]   357 |                 [01;31m[KRCLCPP_ERROR[m[K(logger_, "Motor 0x%02X: Repeated target_positions is empty!", motor_id_);
[6.057s]       |                 [01;31m[K^~~~~~~~~~~~[m[K
[6.058s] [01m[K/home/ubuntu/Desktop/AK8064_ws_Jun/src/motor_driver/src/ControlMotor.cpp:357:17:[m[K [01;31m[Kerror: [m[Ktemplate argument 1 is invalid
[6.058s]   357 |                 [01;31m[KRCLCPP_ERROR[m[K(logger_, "Motor 0x%02X: Repeated target_positions is empty!", motor_id_);
[6.058s]       |                 [01;31m[K^~~~~~~~~~~~[m[K
[6.069s] In file included from [01m[K/opt/ros/humble/include/rclcpp/rclcpp/logging.hpp:24[m[K,
[6.069s]                  from [01m[K/opt/ros/humble/include/rclcpp/rclcpp/client.hpp:40[m[K,
[6.069s]                  from [01m[K/opt/ros/humble/include/rclcpp/rclcpp/callback_group.hpp:24[m[K,
[6.070s]                  from [01m[K/opt/ros/humble/include/rclcpp/rclcpp/any_executable.hpp:20[m[K,
[6.070s]                  from [01m[K/opt/ros/humble/include/rclcpp/rclcpp/memory_strategy.hpp:25[m[K,
[6.070s]                  from [01m[K/opt/ros/humble/include/rclcpp/rclcpp/memory_strategies.hpp:18[m[K,
[6.070s]                  from [01m[K/opt/ros/humble/include/rclcpp/rclcpp/executor_options.hpp:20[m[K,
[6.070s]                  from [01m[K/opt/ros/humble/include/rclcpp/rclcpp/executor.hpp:37[m[K,
[6.071s]                  from [01m[K/opt/ros/humble/include/rclcpp/rclcpp/executors/multi_threaded_executor.hpp:25[m[K,
[6.071s]                  from [01m[K/opt/ros/humble/include/rclcpp/rclcpp/executors.hpp:21[m[K,
[6.071s]                  from [01m[K/opt/ros/humble/include/rclcpp/rclcpp/rclcpp.hpp:155[m[K,
[6.071s]                  from [01m[K/home/ubuntu/Desktop/AK8064_ws_Jun/src/motor_driver/src/ControlMotor.cpp:5[m[K:
[6.071s] [01m[K/home/ubuntu/Desktop/AK8064_ws_Jun/src/motor_driver/src/ControlMotor.cpp:357:92:[m[K [01;31m[Kerror: [m[Kâ€˜[01m[Kmotor_id_[m[Kâ€™ was not declared in this scope; did you mean â€˜[01m[KmotorId[m[Kâ€™?
[6.072s]   357 | gger_, "Motor 0x%02X: Repeated target_positions is empty!", [01;31m[Kmotor_id_[m[K);
[6.072s]       |                                                             [01;31m[K^~~~~~~~~[m[K
[6.072s] 
[6.089s] [01m[K/home/ubuntu/Desktop/AK8064_ws_Jun/src/motor_driver/src/ControlMotor.cpp:360:13:[m[K [01;31m[Kerror: [m[Kâ€˜[01m[Ktarget_positions_[m[Kâ€™ was not declared in this scope
[6.089s]   360 |             [01;31m[Ktarget_positions_[m[K = repeated_positions;
[6.090s]       |             [01;31m[K^~~~~~~~~~~~~~~~~[m[K
[6.105s] [01m[K/home/ubuntu/Desktop/AK8064_ws_Jun/src/motor_driver/src/ControlMotor.cpp:361:13:[m[K [01;31m[Kerror: [m[Kâ€˜[01m[Ktarget_reached_[m[Kâ€™ was not declared in this scope; did you mean â€˜[01m[KisTargetReached[m[Kâ€™?
[6.105s]   361 |             [01;31m[Ktarget_reached_[m[K = false;
[6.105s]       |             [01;31m[K^~~~~~~~~~~~~~~[m[K
[6.106s]       |             [32m[KisTargetReached[m[K
[6.130s] [01m[K/home/ubuntu/Desktop/AK8064_ws_Jun/src/motor_driver/src/ControlMotor.cpp:362:13:[m[K [01;31m[Kerror: [m[Kâ€˜[01m[Kcurrent_target_index_[m[Kâ€™ was not declared in this scope
[6.130s]   362 |             [01;31m[Kcurrent_target_index_[m[K = 0;
[6.131s]       |             [01;31m[K^~~~~~~~~~~~~~~~~~~~~[m[K
[6.143s] In file included from [01m[K/opt/ros/humble/include/rclcpp/rclcpp/client.hpp:40[m[K,
[6.143s]                  from [01m[K/opt/ros/humble/include/rclcpp/rclcpp/callback_group.hpp:24[m[K,
[6.143s]                  from [01m[K/opt/ros/humble/include/rclcpp/rclcpp/any_executable.hpp:20[m[K,
[6.143s]                  from [01m[K/opt/ros/humble/include/rclcpp/rclcpp/memory_strategy.hpp:25[m[K,
[6.143s]                  from [01m[K/opt/ros/humble/include/rclcpp/rclcpp/memory_strategies.hpp:18[m[K,
[6.143s]                  from [01m[K/opt/ros/humble/include/rclcpp/rclcpp/executor_options.hpp:20[m[K,
[6.144s]                  from [01m[K/opt/ros/humble/include/rclcpp/rclcpp/executor.hpp:37[m[K,
[6.144s]                  from [01m[K/opt/ros/humble/include/rclcpp/rclcpp/executors/multi_threaded_executor.hpp:25[m[K,
[6.144s]                  from [01m[K/opt/ros/humble/include/rclcpp/rclcpp/executors.hpp:21[m[K,
[6.144s]                  from [01m[K/opt/ros/humble/include/rclcpp/rclcpp/rclcpp.hpp:155[m[K,
[6.144s]                  from [01m[K/home/ubuntu/Desktop/AK8064_ws_Jun/src/motor_driver/src/ControlMotor.cpp:5[m[K:
[6.144s] [01m[K/home/ubuntu/Desktop/AK8064_ws_Jun/src/motor_driver/src/ControlMotor.cpp:363:25:[m[K [01;31m[Kerror: [m[Kâ€˜[01m[Klogger_[m[Kâ€™ was not declared in this scope
[6.144s]   363 |             RCLCPP_INFO([01;31m[Klogger_[m[K, "Motor 0x%02X: Updated target_positions: %ld targets (repeated %d times)",
[6.144s]       |                         [01;31m[K^~~~~~~[m[K
[6.144s] [01m[K/home/ubuntu/Desktop/AK8064_ws_Jun/src/motor_driver/src/ControlMotor.cpp:363:13:[m[K [01;31m[Kerror: [m[Ktemplate argument 1 is invalid
[6.145s]   363 |             [01;31m[KRCLCPP_INFO[m[K(logger_, "Motor 0x%02X: Updated target_positions: %ld targets (repeated %d times)",
[6.145s]       |             [01;31m[K^~~~~~~~~~~[m[K
[6.145s] [01m[K/home/ubuntu/Desktop/AK8064_ws_Jun/src/motor_driver/src/ControlMotor.cpp:363:13:[m[K [01;31m[Kerror: [m[Ktemplate argument 1 is invalid
[6.145s]   363 |             [01;31m[KRCLCPP_INFO[m[K(logger_, "Motor 0x%02X: Updated target_positions: %ld targets (repeated %d times)",
[6.145s]       |             [01;31m[K^~~~~~~~~~~[m[K
[6.145s] [01m[K/home/ubuntu/Desktop/AK8064_ws_Jun/src/motor_driver/src/ControlMotor.cpp:363:13:[m[K [01;31m[Kerror: [m[Ktemplate argument 1 is invalid
[6.145s]   363 |             [01;31m[KRCLCPP_INFO[m[K(logger_, "Motor 0x%02X: Updated target_positions: %ld targets (repeated %d times)",
[6.145s]       |             [01;31m[K^~~~~~~~~~~[m[K
[6.156s] In file included from [01m[K/opt/ros/humble/include/rclcpp/rclcpp/logging.hpp:24[m[K,
[6.156s]                  from [01m[K/opt/ros/humble/include/rclcpp/rclcpp/client.hpp:40[m[K,
[6.156s]                  from [01m[K/opt/ros/humble/include/rclcpp/rclcpp/callback_group.hpp:24[m[K,
[6.156s]                  from [01m[K/opt/ros/humble/include/rclcpp/rclcpp/any_executable.hpp:20[m[K,
[6.156s]                  from [01m[K/opt/ros/humble/include/rclcpp/rclcpp/memory_strategy.hpp:25[m[K,
[6.156s]                  from [01m[K/opt/ros/humble/include/rclcpp/rclcpp/memory_strategies.hpp:18[m[K,
[6.157s]                  from [01m[K/opt/ros/humble/include/rclcpp/rclcpp/executor_options.hpp:20[m[K,
[6.157s]                  from [01m[K/opt/ros/humble/include/rclcpp/rclcpp/executor.hpp:37[m[K,
[6.157s]                  from [01m[K/opt/ros/humble/include/rclcpp/rclcpp/executors/multi_threaded_executor.hpp:25[m[K,
[6.157s]                  from [01m[K/opt/ros/humble/include/rclcpp/rclcpp/executors.hpp:21[m[K,
[6.157s]                  from [01m[K/opt/ros/humble/include/rclcpp/rclcpp/rclcpp.hpp:155[m[K,
[6.157s]                  from [01m[K/home/ubuntu/Desktop/AK8064_ws_Jun/src/motor_driver/src/ControlMotor.cpp:5[m[K:
[6.157s] [01m[K/home/ubuntu/Desktop/AK8064_ws_Jun/src/motor_driver/src/ControlMotor.cpp:364:25:[m[K [01;31m[Kerror: [m[Kâ€˜[01m[Kmotor_id_[m[Kâ€™ was not declared in this scope; did you mean â€˜[01m[KmotorId[m[Kâ€™?
[6.157s]   364 |                         [01;31m[Kmotor_id_[m[K, target_positions_.size(), repeat_);
[6.157s]       |                         [01;31m[K^~~~~~~~~[m[K
[6.166s] [01m[K/home/ubuntu/Desktop/AK8064_ws_Jun/src/motor_driver/src/ControlMotor.cpp:365:17:[m[K [01;31m[Kerror: [m[Kâ€˜[01m[Kstate_[m[Kâ€™ was not declared in this scope; did you mean â€˜[01m[KState[m[Kâ€™?
[6.166s]   365 |             if ([01;31m[Kstate_[m[K == State::PAUSED || last_command_.empty()) {
[6.166s]       |                 [01;31m[K^~~~~~[m[K
[6.167s]       |                 [32m[KState[m[K
[6.183s] [01m[K/home/ubuntu/Desktop/AK8064_ws_Jun/src/motor_driver/src/ControlMotor.cpp:365:44:[m[K [01;31m[Kerror: [m[Kâ€˜[01m[Klast_command_[m[Kâ€™ was not declared in this scope
[6.184s]   365 |             if (state_ == State::PAUSED || [01;31m[Klast_command_[m[K.empty()) {
[6.184s]       |                                            [01;31m[K^~~~~~~~~~~~~[m[K
[6.202s] [01m[K/home/ubuntu/Desktop/AK8064_ws_Jun/src/motor_driver/src/ControlMotor.cpp:366:17:[m[K [01;31m[Kerror: [m[Kâ€˜[01m[KtransitionTo[m[Kâ€™ was not declared in this scope
[6.202s]   366 |                 [01;31m[KtransitionTo[m[K(State::MOVING);
[6.202s]       |                 [01;31m[K^~~~~~~~~~~~[m[K
[6.219s] [01m[K/home/ubuntu/Desktop/AK8064_ws_Jun/src/motor_driver/src/ControlMotor.cpp:370:9:[m[K [01;31m[Kerror: [m[Kâ€˜[01m[KvalidateSpeed[m[Kâ€™ was not declared in this scope
[6.220s]   370 |         [01;31m[KvalidateSpeed[m[K();
[6.220s]       |         [01;31m[K^~~~~~~~~~~~~[m[K
[6.237s] [01m[K/home/ubuntu/Desktop/AK8064_ws_Jun/src/motor_driver/src/ControlMotor.cpp:371:9:[m[K [01;31m[Kerror: [m[Kâ€˜[01m[KvalidateAccel[m[Kâ€™ was not declared in this scope
[6.237s]   371 |         [01;31m[KvalidateAccel[m[K();
[6.237s]       |         [01;31m[K^~~~~~~~~~~~~[m[K
[6.254s] [01m[K/home/ubuntu/Desktop/AK8064_ws_Jun/src/motor_driver/src/ControlMotor.cpp:372:9:[m[K [01;31m[Kerror: [m[Kâ€˜[01m[KvalidateStep[m[Kâ€™ was not declared in this scope
[6.254s]   372 |         [01;31m[KvalidateStep[m[K();
[6.254s]       |         [01;31m[K^~~~~~~~~~~~[m[K
[6.272s] [01m[K/home/ubuntu/Desktop/AK8064_ws_Jun/src/motor_driver/src/ControlMotor.cpp:373:9:[m[K [01;31m[Kerror: [m[Kâ€˜[01m[KvalidateRepeat[m[Kâ€™ was not declared in this scope
[6.272s]   373 |         [01;31m[KvalidateRepeat[m[K();
[6.272s]       |         [01;31m[K^~~~~~~~~~~~~~[m[K
[6.288s] [01m[K/home/ubuntu/Desktop/AK8064_ws_Jun/src/motor_driver/src/ControlMotor.cpp:[m[K In member function â€˜[01m[Kvirtual bool MotorController::isOriginSet() const[m[Kâ€™:
[6.289s] [01m[K/home/ubuntu/Desktop/AK8064_ws_Jun/src/motor_driver/src/ControlMotor.cpp:376:48:[m[K [01;31m[Kerror: [m[Kâ€˜[01m[Kis_origin_set_[m[Kâ€™ was not declared in this scope; did you mean â€˜[01m[KisOriginSet[m[Kâ€™?
[6.289s]   376 |     bool isOriginSet() const override { return [01;31m[Kis_origin_set_[m[K; }
[6.289s]       |                                                [01;31m[K^~~~~~~~~~~~~~[m[K
[6.289s]       |                                                [32m[KisOriginSet[m[K
[6.305s] [01m[K/home/ubuntu/Desktop/AK8064_ws_Jun/src/motor_driver/src/ControlMotor.cpp:[m[K In member function â€˜[01m[Kvirtual bool MotorController::isTargetReached() const[m[Kâ€™:
[6.305s] [01m[K/home/ubuntu/Desktop/AK8064_ws_Jun/src/motor_driver/src/ControlMotor.cpp:377:52:[m[K [01;31m[Kerror: [m[Kâ€˜[01m[Ktarget_reached_[m[Kâ€™ was not declared in this scope; did you mean â€˜[01m[KisTargetReached[m[Kâ€™?
[6.305s]   377 |     bool isTargetReached() const override { return [01;31m[Ktarget_reached_[m[K; }
[6.305s]       |                                                    [01;31m[K^~~~~~~~~~~~~~~[m[K
[6.306s]       |                                                    [32m[KisTargetReached[m[K
[6.317s] [01m[K/home/ubuntu/Desktop/AK8064_ws_Jun/src/motor_driver/src/ControlMotor.cpp:[m[K In member function â€˜[01m[Kvirtual uint8_t MotorController::motorId() const[m[Kâ€™:
[6.317s] [01m[K/home/ubuntu/Desktop/AK8064_ws_Jun/src/motor_driver/src/ControlMotor.cpp:378:47:[m[K [01;31m[Kerror: [m[Kâ€˜[01m[Kmotor_id_[m[Kâ€™ was not declared in this scope; did you mean â€˜[01m[KmotorId[m[Kâ€™?
[6.317s]   378 |     uint8_t motorId() const override { return [01;31m[Kmotor_id_[m[K; }
[6.318s]       |                                               [01;31m[K^~~~~~~~~[m[K
[6.318s]       |                                               [32m[KmotorId[m[K
[6.327s] [01m[K/home/ubuntu/Desktop/AK8064_ws_Jun/src/motor_driver/src/ControlMotor.cpp:[m[K In member function â€˜[01m[Kvirtual void MotorController::stop()[m[Kâ€™:
[6.327s] [01m[K/home/ubuntu/Desktop/AK8064_ws_Jun/src/motor_driver/src/ControlMotor.cpp:398:13:[m[K [01;31m[Kerror: [m[Kâ€˜[01m[Kcan_[m[Kâ€™ was not declared in this scope
[6.328s]   398 |             [01;31m[Kcan_[m[K->setPositionSpeed(motor_id_, last_data_.position, static_cast<int>(speed_), static_cast<int>(accel_));
[6.328s]       |             [01;31m[K^~~~[m[K
[6.339s] [01m[K/home/ubuntu/Desktop/AK8064_ws_Jun/src/motor_driver/src/ControlMotor.cpp:398:36:[m[K [01;31m[Kerror: [m[Kâ€˜[01m[Kmotor_id_[m[Kâ€™ was not declared in this scope; did you mean â€˜[01m[KmotorId[m[Kâ€™?
[6.340s]   398 |             can_->setPositionSpeed([01;31m[Kmotor_id_[m[K, last_data_.position, static_cast<int>(speed_), static_cast<int>(accel_));
[6.340s]       |                                    [01;31m[K^~~~~~~~~[m[K
[6.340s]       |                                    [32m[KmotorId[m[K
[6.353s] [01m[K/home/ubuntu/Desktop/AK8064_ws_Jun/src/motor_driver/src/ControlMotor.cpp:398:47:[m[K [01;31m[Kerror: [m[Kâ€˜[01m[Klast_data_[m[Kâ€™ was not declared in this scope
[6.353s]   398 |             can_->setPositionSpeed(motor_id_, [01;31m[Klast_data_[m[K.position, static_cast<int>(speed_), static_cast<int>(accel_));
[6.353s]       |                                               [01;31m[K^~~~~~~~~~[m[K
[6.364s] [01m[K/home/ubuntu/Desktop/AK8064_ws_Jun/src/motor_driver/src/ControlMotor.cpp:398:85:[m[K [01;31m[Kerror: [m[Kâ€˜[01m[Kspeed_[m[Kâ€™ was not declared in this scope
[6.364s]   398 | itionSpeed(motor_id_, last_data_.position, static_cast<int>([01;31m[Kspeed_[m[K), static_cast<int>(accel_));
[6.364s]       |                                                             [01;31m[K^~~~~~[m[K
[6.364s] 
[6.375s] [01m[K/home/ubuntu/Desktop/AK8064_ws_Jun/src/motor_driver/src/ControlMotor.cpp:398:111:[m[K [01;31m[Kerror: [m[Kâ€˜[01m[Kaccel_[m[Kâ€™ was not declared in this scope; did you mean â€˜[01m[Kaccess[m[Kâ€™?
[6.375s]   398 | st_data_.position, static_cast<int>(speed_), static_cast<int>([01;31m[Kaccel_[m[K));
[6.375s]       |                                                               [01;31m[K^~~~~~[m[K
[6.375s]       |                                                               [32m[Kaccess[m[K
[6.391s] [01m[K/home/ubuntu/Desktop/AK8064_ws_Jun/src/motor_driver/src/ControlMotor.cpp:399:13:[m[K [01;31m[Kerror: [m[Kâ€˜[01m[Klast_command_[m[Kâ€™ was not declared in this scope
[6.391s]   399 |             [01;31m[Klast_command_[m[K = "";
[6.391s]       |             [01;31m[K^~~~~~~~~~~~~[m[K
[6.411s] [01m[K/home/ubuntu/Desktop/AK8064_ws_Jun/src/motor_driver/src/ControlMotor.cpp:400:13:[m[K [01;31m[Kerror: [m[Kâ€˜[01m[Ktarget_position_[m[Kâ€™ was not declared in this scope
[6.411s]   400 |             [01;31m[Ktarget_position_[m[K = last_data_.position;
[6.411s]       |             [01;31m[K^~~~~~~~~~~~~~~~[m[K
[6.427s] [01m[K/home/ubuntu/Desktop/AK8064_ws_Jun/src/motor_driver/src/ControlMotor.cpp:401:13:[m[K [01;31m[Kerror: [m[Kâ€˜[01m[KtransitionTo[m[Kâ€™ was not declared in this scope
[6.427s]   401 |             [01;31m[KtransitionTo[m[K(State::STOPPED);
[6.427s]       |             [01;31m[K^~~~~~~~~~~~[m[K
[6.438s] In file included from [01m[K/opt/ros/humble/include/rclcpp/rclcpp/client.hpp:40[m[K,
[6.439s]                  from [01m[K/opt/ros/humble/include/rclcpp/rclcpp/callback_group.hpp:24[m[K,
[6.439s]                  from [01m[K/opt/ros/humble/include/rclcpp/rclcpp/any_executable.hpp:20[m[K,
[6.439s]                  from [01m[K/opt/ros/humble/include/rclcpp/rclcpp/memory_strategy.hpp:25[m[K,
[6.439s]                  from [01m[K/opt/ros/humble/include/rclcpp/rclcpp/memory_strategies.hpp:18[m[K,
[6.439s]                  from [01m[K/opt/ros/humble/include/rclcpp/rclcpp/executor_options.hpp:20[m[K,
[6.440s]                  from [01m[K/opt/ros/humble/include/rclcpp/rclcpp/executor.hpp:37[m[K,
[6.440s]                  from [01m[K/opt/ros/humble/include/rclcpp/rclcpp/executors/multi_threaded_executor.hpp:25[m[K,
[6.440s]                  from [01m[K/opt/ros/humble/include/rclcpp/rclcpp/executors.hpp:21[m[K,
[6.440s]                  from [01m[K/opt/ros/humble/include/rclcpp/rclcpp/rclcpp.hpp:155[m[K,
[6.440s]                  from [01m[K/home/ubuntu/Desktop/AK8064_ws_Jun/src/motor_driver/src/ControlMotor.cpp:5[m[K:
[6.441s] [01m[K/home/ubuntu/Desktop/AK8064_ws_Jun/src/motor_driver/src/ControlMotor.cpp:403:26:[m[K [01;31m[Kerror: [m[Kâ€˜[01m[Klogger_[m[Kâ€™ was not declared in this scope
[6.441s]   403 |             RCLCPP_ERROR([01;31m[Klogger_[m[K, "Motor 0x%02X: Stop failed: %s", motor_id_, e.what());
[6.441s]       |                          [01;31m[K^~~~~~~[m[K
[6.441s] [01m[K/home/ubuntu/Desktop/AK8064_ws_Jun/src/motor_driver/src/ControlMotor.cpp:403:13:[m[K [01;31m[Kerror: [m[Ktemplate argument 1 is invalid
[6.441s]   403 |             [01;31m[KRCLCPP_ERROR[m[K(logger_, "Motor 0x%02X: Stop failed: %s", motor_id_, e.what());
[6.441s]       |             [01;31m[K^~~~~~~~~~~~[m[K
[6.442s] [01m[K/home/ubuntu/Desktop/AK8064_ws_Jun/src/motor_driver/src/ControlMotor.cpp:403:13:[m[K [01;31m[Kerror: [m[Ktemplate argument 1 is invalid
[6.442s]   403 |             [01;31m[KRCLCPP_ERROR[m[K(logger_, "Motor 0x%02X: Stop failed: %s", motor_id_, e.what());
[6.442s]       |             [01;31m[K^~~~~~~~~~~~[m[K
[6.442s] [01m[K/home/ubuntu/Desktop/AK8064_ws_Jun/src/motor_driver/src/ControlMotor.cpp:403:13:[m[K [01;31m[Kerror: [m[Ktemplate argument 1 is invalid
[6.442s]   403 |             [01;31m[KRCLCPP_ERROR[m[K(logger_, "Motor 0x%02X: Stop failed: %s", motor_id_, e.what());
[6.442s]       |             [01;31m[K^~~~~~~~~~~~[m[K
[6.451s] In file included from [01m[K/opt/ros/humble/include/rclcpp/rclcpp/logging.hpp:24[m[K,
[6.451s]                  from [01m[K/opt/ros/humble/include/rclcpp/rclcpp/client.hpp:40[m[K,
[6.451s]                  from [01m[K/opt/ros/humble/include/rclcpp/rclcpp/callback_group.hpp:24[m[K,
[6.451s]                  from [01m[K/opt/ros/humble/include/rclcpp/rclcpp/any_executable.hpp:20[m[K,
[6.451s]                  from [01m[K/opt/ros/humble/include/rclcpp/rclcpp/memory_strategy.hpp:25[m[K,
[6.452s]                  from [01m[K/opt/ros/humble/include/rclcpp/rclcpp/memory_strategies.hpp:18[m[K,
[6.452s]                  from [01m[K/opt/ros/humble/include/rclcpp/rclcpp/executor_options.hpp:20[m[K,
[6.452s]                  from [01m[K/opt/ros/humble/include/rclcpp/rclcpp/executor.hpp:37[m[K,
[6.452s]                  from [01m[K/opt/ros/humble/include/rclcpp/rclcpp/executors/multi_threaded_executor.hpp:25[m[K,
[6.452s]                  from [01m[K/opt/ros/humble/include/rclcpp/rclcpp/executors.hpp:21[m[K,
[6.452s]                  from [01m[K/opt/ros/humble/include/rclcpp/rclcpp/rclcpp.hpp:155[m[K,
[6.453s]                  from [01m[K/home/ubuntu/Desktop/AK8064_ws_Jun/src/motor_driver/src/ControlMotor.cpp:5[m[K:
[6.453s] [01m[K/home/ubuntu/Desktop/AK8064_ws_Jun/src/motor_driver/src/ControlMotor.cpp:403:68:[m[K [01;31m[Kerror: [m[Kâ€˜[01m[Kmotor_id_[m[Kâ€™ was not declared in this scope; did you mean â€˜[01m[KmotorId[m[Kâ€™?
[6.453s]   403 |      RCLCPP_ERROR(logger_, "Motor 0x%02X: Stop failed: %s", [01;31m[Kmotor_id_[m[K, e.what());
[6.453s]       |                                                             [01;31m[K^~~~~~~~~[m[K
[6.453s] 
[6.467s] [01m[K/home/ubuntu/Desktop/AK8064_ws_Jun/src/motor_driver/src/ControlMotor.cpp:404:13:[m[K [01;31m[Kerror: [m[Kâ€˜[01m[KtransitionTo[m[Kâ€™ was not declared in this scope
[6.467s]   404 |             [01;31m[KtransitionTo[m[K(State::ERROR);
[6.467s]       |             [01;31m[K^~~~~~~~~~~~[m[K
[6.490s] [01m[K/home/ubuntu/Desktop/AK8064_ws_Jun/src/motor_driver/src/ControlMotor.cpp:[m[K In member function â€˜[01m[Kvoid MotorController::handleInitializing(const MotorData&)[m[Kâ€™:
[6.491s] [01m[K/home/ubuntu/Desktop/AK8064_ws_Jun/src/motor_driver/src/ControlMotor.cpp:424:39:[m[K [01;31m[Kerror: [m[Kâ€˜[01m[KPOSITION_TOLERANCE[m[Kâ€™ was not declared in this scope
[6.491s]   424 |         if (std::abs(data.position) < [01;31m[KPOSITION_TOLERANCE[m[K &&
[6.491s]       |                                       [01;31m[K^~~~~~~~~~~~~~~~~~[m[K
[6.513s] [01m[K/home/ubuntu/Desktop/AK8064_ws_Jun/src/motor_driver/src/ControlMotor.cpp:425:39:[m[K [01;31m[Kerror: [m[Kâ€˜[01m[KVELOCITY_TOLERANCE[m[Kâ€™ was not declared in this scope
[6.513s]   425 |             std::abs(data.velocity) < [01;31m[KVELOCITY_TOLERANCE[m[K) {
[6.514s]       |                                       [01;31m[K^~~~~~~~~~~~~~~~~~[m[K
[6.528s] [01m[K/home/ubuntu/Desktop/AK8064_ws_Jun/src/motor_driver/src/ControlMotor.cpp:426:13:[m[K [01;31m[Kerror: [m[Kâ€˜[01m[Kis_origin_set_[m[Kâ€™ was not declared in this scope; did you mean â€˜[01m[KisOriginSet[m[Kâ€™?
[6.528s]   426 |             [01;31m[Kis_origin_set_[m[K = true;
[6.528s]       |             [01;31m[K^~~~~~~~~~~~~~[m[K
[6.528s]       |             [32m[KisOriginSet[m[K
[6.544s] [01m[K/home/ubuntu/Desktop/AK8064_ws_Jun/src/motor_driver/src/ControlMotor.cpp:427:13:[m[K [01;31m[Kerror: [m[Kâ€˜[01m[KtransitionTo[m[Kâ€™ was not declared in this scope
[6.544s]   427 |             [01;31m[KtransitionTo[m[K(State::HOMING);
[6.544s]       |             [01;31m[K^~~~~~~~~~~~[m[K
[6.553s] [01m[K/home/ubuntu/Desktop/AK8064_ws_Jun/src/motor_driver/src/ControlMotor.cpp:[m[K In member function â€˜[01m[Kvoid MotorController::handleHoming(const MotorData&)[m[Kâ€™:
[6.553s] [01m[K/home/ubuntu/Desktop/AK8064_ws_Jun/src/motor_driver/src/ControlMotor.cpp:432:9:[m[K [01;31m[Kerror: [m[Kâ€˜[01m[Kcan_[m[Kâ€™ was not declared in this scope
[6.553s]   432 |         [01;31m[Kcan_[m[K->setPositionSpeed(motor_id_, 0.0, static_cast<int>(speed_), static_cast<int>(accel_));
[6.553s]       |         [01;31m[K^~~~[m[K
[6.565s] [01m[K/home/ubuntu/Desktop/AK8064_ws_Jun/src/motor_driver/src/ControlMotor.cpp:432:32:[m[K [01;31m[Kerror: [m[Kâ€˜[01m[Kmotor_id_[m[Kâ€™ was not declared in this scope; did you mean â€˜[01m[KmotorId[m[Kâ€™?
[6.565s]   432 |         can_->setPositionSpeed([01;31m[Kmotor_id_[m[K, 0.0, static_cast<int>(speed_), static_cast<int>(accel_));
[6.565s]       |                                [01;31m[K^~~~~~~~~[m[K
[6.566s]       |                                [32m[KmotorId[m[K
[6.577s] [01m[K/home/ubuntu/Desktop/AK8064_ws_Jun/src/motor_driver/src/ControlMotor.cpp:432:65:[m[K [01;31m[Kerror: [m[Kâ€˜[01m[Kspeed_[m[Kâ€™ was not declared in this scope
[6.577s]   432 |     can_->setPositionSpeed(motor_id_, 0.0, static_cast<int>([01;31m[Kspeed_[m[K), static_cast<int>(accel_));
[6.577s]       |                                                             [01;31m[K^~~~~~[m[K
[6.577s] 
[6.588s] [01m[K/home/ubuntu/Desktop/AK8064_ws_Jun/src/motor_driver/src/ControlMotor.cpp:432:91:[m[K [01;31m[Kerror: [m[Kâ€˜[01m[Kaccel_[m[Kâ€™ was not declared in this scope; did you mean â€˜[01m[Kaccess[m[Kâ€™?
[6.588s]   432 | ed(motor_id_, 0.0, static_cast<int>(speed_), static_cast<int>([01;31m[Kaccel_[m[K));
[6.588s]       |                                                               [01;31m[K^~~~~~[m[K
[6.588s]       |                                                               [32m[Kaccess[m[K
[6.610s] [01m[K/home/ubuntu/Desktop/AK8064_ws_Jun/src/motor_driver/src/ControlMotor.cpp:433:39:[m[K [01;31m[Kerror: [m[Kâ€˜[01m[KPOSITION_TOLERANCE[m[Kâ€™ was not declared in this scope
[6.610s]   433 |         if (std::abs(data.position) < [01;31m[KPOSITION_TOLERANCE[m[K &&
[6.610s]       |                                       [01;31m[K^~~~~~~~~~~~~~~~~~[m[K
[6.632s] [01m[K/home/ubuntu/Desktop/AK8064_ws_Jun/src/motor_driver/src/ControlMotor.cpp:434:39:[m[K [01;31m[Kerror: [m[Kâ€˜[01m[KVELOCITY_TOLERANCE[m[Kâ€™ was not declared in this scope
[6.632s]   434 |             std::abs(data.velocity) < [01;31m[KVELOCITY_TOLERANCE[m[K) {
[6.632s]       |                                       [01;31m[K^~~~~~~~~~~~~~~~~~[m[K
[6.644s] [01m[K/home/ubuntu/Desktop/AK8064_ws_Jun/src/motor_driver/src/ControlMotor.cpp:435:13:[m[K [01;31m[Kerror: [m[Kâ€˜[01m[Kis_home_[m[Kâ€™ was not declared in this scope
[6.644s]   435 |             [01;31m[Kis_home_[m[K = true;
[6.645s]       |             [01;31m[K^~~~~~~~[m[K
[6.660s] [01m[K/home/ubuntu/Desktop/AK8064_ws_Jun/src/motor_driver/src/ControlMotor.cpp:436:13:[m[K [01;31m[Kerror: [m[Kâ€˜[01m[Ktarget_reached_[m[Kâ€™ was not declared in this scope; did you mean â€˜[01m[KisTargetReached[m[Kâ€™?
[6.660s]   436 |             [01;31m[Ktarget_reached_[m[K = true;
[6.660s]       |             [01;31m[K^~~~~~~~~~~~~~~[m[K
[6.660s]       |             [32m[KisTargetReached[m[K
[6.671s] In file included from [01m[K/opt/ros/humble/include/rclcpp/rclcpp/client.hpp:40[m[K,
[6.671s]                  from [01m[K/opt/ros/humble/include/rclcpp/rclcpp/callback_group.hpp:24[m[K,
[6.671s]                  from [01m[K/opt/ros/humble/include/rclcpp/rclcpp/any_executable.hpp:20[m[K,
[6.671s]                  from [01m[K/opt/ros/humble/include/rclcpp/rclcpp/memory_strategy.hpp:25[m[K,
[6.671s]                  from [01m[K/opt/ros/humble/include/rclcpp/rclcpp/memory_strategies.hpp:18[m[K,
[6.672s]                  from [01m[K/opt/ros/humble/include/rclcpp/rclcpp/executor_options.hpp:20[m[K,
[6.672s]                  from [01m[K/opt/ros/humble/include/rclcpp/rclcpp/executor.hpp:37[m[K,
[6.672s]                  from [01m[K/opt/ros/humble/include/rclcpp/rclcpp/executors/multi_threaded_executor.hpp:25[m[K,
[6.672s]                  from [01m[K/opt/ros/humble/include/rclcpp/rclcpp/executors.hpp:21[m[K,
[6.672s]                  from [01m[K/opt/ros/humble/include/rclcpp/rclcpp/rclcpp.hpp:155[m[K,
[6.673s]                  from [01m[K/home/ubuntu/Desktop/AK8064_ws_Jun/src/motor_driver/src/ControlMotor.cpp:5[m[K:
[6.673s] [01m[K/home/ubuntu/Desktop/AK8064_ws_Jun/src/motor_driver/src/ControlMotor.cpp:437:25:[m[K [01;31m[Kerror: [m[Kâ€˜[01m[Klogger_[m[Kâ€™ was not declared in this scope
[6.673s]   437 |             RCLCPP_INFO([01;31m[Klogger_[m[K, "Motor 0x%02X reached Home Position!", motor_id_);
[6.673s]       |                         [01;31m[K^~~~~~~[m[K
[6.673s] [01m[K/home/ubuntu/Desktop/AK8064_ws_Jun/src/motor_driver/src/ControlMotor.cpp:437:13:[m[K [01;31m[Kerror: [m[Ktemplate argument 1 is invalid
[6.673s]   437 |             [01;31m[KRCLCPP_INFO[m[K(logger_, "Motor 0x%02X reached Home Position!", motor_id_);
[6.673s]       |             [01;31m[K^~~~~~~~~~~[m[K
[6.673s] [01m[K/home/ubuntu/Desktop/AK8064_ws_Jun/src/motor_driver/src/ControlMotor.cpp:437:13:[m[K [01;31m[Kerror: [m[Ktemplate argument 1 is invalid
[6.673s]   437 |             [01;31m[KRCLCPP_INFO[m[K(logger_, "Motor 0x%02X reached Home Position!", motor_id_);
[6.674s]       |             [01;31m[K^~~~~~~~~~~[m[K
[6.674s] [01m[K/home/ubuntu/Desktop/AK8064_ws_Jun/src/motor_driver/src/ControlMotor.cpp:437:13:[m[K [01;31m[Kerror: [m[Ktemplate argument 1 is invalid
[6.674s]   437 |             [01;31m[KRCLCPP_INFO[m[K(logger_, "Motor 0x%02X reached Home Position!", motor_id_);
[6.674s]       |             [01;31m[K^~~~~~~~~~~[m[K
[6.691s] [01m[K/home/ubuntu/Desktop/AK8064_ws_Jun/src/motor_driver/src/ControlMotor.cpp:438:13:[m[K [01;31m[Kerror: [m[Kâ€˜[01m[KtransitionTo[m[Kâ€™ was not declared in this scope
[6.691s]   438 |             [01;31m[KtransitionTo[m[K(State::MOVING);
[6.691s]       |             [01;31m[K^~~~~~~~~~~~[m[K
[6.702s] [01m[K/home/ubuntu/Desktop/AK8064_ws_Jun/src/motor_driver/src/ControlMotor.cpp:[m[K In member function â€˜[01m[Kvoid MotorController::handleMoving(const MotorData&)[m[Kâ€™:
[6.702s] [01m[K/home/ubuntu/Desktop/AK8064_ws_Jun/src/motor_driver/src/ControlMotor.cpp:443:13:[m[K [01;31m[Kerror: [m[Kâ€˜[01m[Kmode_[m[Kâ€™ was not declared in this scope; did you mean â€˜[01m[Kmode_t[m[Kâ€™?
[6.702s]   443 |         if ([01;31m[Kmode_[m[K == Mode::MANUAL && !last_command_.empty()) {
[6.702s]       |             [01;31m[K^~~~~[m[K
[6.702s]       |             [32m[Kmode_t[m[K
[6.719s] [01m[K/home/ubuntu/Desktop/AK8064_ws_Jun/src/motor_driver/src/ControlMotor.cpp:443:39:[m[K [01;31m[Kerror: [m[Kâ€˜[01m[Klast_command_[m[Kâ€™ was not declared in this scope
[6.720s]   443 |         if (mode_ == Mode::MANUAL && ![01;31m[Klast_command_[m[K.empty()) {
[6.720s]       |                                       [01;31m[K^~~~~~~~~~~~~[m[K
[6.730s] [01m[K/home/ubuntu/Desktop/AK8064_ws_Jun/src/motor_driver/src/ControlMotor.cpp:444:13:[m[K [01;31m[Kerror: [m[Kâ€˜[01m[Kcan_[m[Kâ€™ was not declared in this scope
[6.730s]   444 |             [01;31m[Kcan_[m[K->setPositionSpeed(motor_id_, target_position_, static_cast<int>(speed_/2), static_cast<int>(accel_/2));
[6.730s]       |             [01;31m[K^~~~[m[K
[6.742s] [01m[K/home/ubuntu/Desktop/AK8064_ws_Jun/src/motor_driver/src/ControlMotor.cpp:444:36:[m[K [01;31m[Kerror: [m[Kâ€˜[01m[Kmotor_id_[m[Kâ€™ was not declared in this scope; did you mean â€˜[01m[KmotorId[m[Kâ€™?
[6.742s]   444 |             can_->setPositionSpeed([01;31m[Kmotor_id_[m[K, target_position_, static_cast<int>(speed_/2), static_cast<int>(accel_/2));
[6.743s]       |                                    [01;31m[K^~~~~~~~~[m[K
[6.743s]       |                                    [32m[KmotorId[m[K
[6.763s] [01m[K/home/ubuntu/Desktop/AK8064_ws_Jun/src/motor_driver/src/ControlMotor.cpp:444:47:[m[K [01;31m[Kerror: [m[Kâ€˜[01m[Ktarget_position_[m[Kâ€™ was not declared in this scope
[6.763s]   444 |             can_->setPositionSpeed(motor_id_, [01;31m[Ktarget_position_[m[K, static_cast<int>(speed_/2), static_cast<int>(accel_/2));
[6.763s]       |                                               [01;31m[K^~~~~~~~~~~~~~~~[m[K
[6.775s] [01m[K/home/ubuntu/Desktop/AK8064_ws_Jun/src/motor_driver/src/ControlMotor.cpp:444:82:[m[K [01;31m[Kerror: [m[Kâ€˜[01m[Kspeed_[m[Kâ€™ was not declared in this scope
[6.775s]   444 | PositionSpeed(motor_id_, target_position_, static_cast<int>([01;31m[Kspeed_[m[K/2), static_cast<int>(accel_/2));
[6.775s]       |                                                             [01;31m[K^~~~~~[m[K
[6.775s] 
[6.786s] [01m[K/home/ubuntu/Desktop/AK8064_ws_Jun/src/motor_driver/src/ControlMotor.cpp:444:110:[m[K [01;31m[Kerror: [m[Kâ€˜[01m[Kaccel_[m[Kâ€™ was not declared in this scope; did you mean â€˜[01m[Kaccess[m[Kâ€™?
[6.786s]   444 | get_position_, static_cast<int>(speed_/2), static_cast<int>([01;31m[Kaccel_[m[K/2));
[6.786s]       |                                                             [01;31m[K^~~~~~[m[K
[6.786s]       |                                                             [32m[Kaccess[m[K
[6.810s] [01m[K/home/ubuntu/Desktop/AK8064_ws_Jun/src/motor_driver/src/ControlMotor.cpp:445:62:[m[K [01;31m[Kerror: [m[Kâ€˜[01m[KPOSITION_TOLERANCE[m[Kâ€™ was not declared in this scope
[6.810s]   445 |            if (std::abs(data.position - target_position_) < [01;31m[KPOSITION_TOLERANCE[m[K) {
[6.810s]       |                                                             [01;31m[K^~~~~~~~~~~~~~~~~~[m[K
[6.811s] 
[6.829s] [01m[K/home/ubuntu/Desktop/AK8064_ws_Jun/src/motor_driver/src/ControlMotor.cpp:446:17:[m[K [01;31m[Kerror: [m[Kâ€˜[01m[Kreach_counter_[m[Kâ€™ was not declared in this scope
[6.829s]   446 |                 [01;31m[Kreach_counter_[m[K++;
[6.829s]       |                 [01;31m[K^~~~~~~~~~~~~~[m[K
[6.853s] [01m[K/home/ubuntu/Desktop/AK8064_ws_Jun/src/motor_driver/src/ControlMotor.cpp:447:39:[m[K [01;31m[Kerror: [m[Kâ€˜[01m[Kreach_count_max_[m[Kâ€™ was not declared in this scope
[6.854s]   447 |                 if (reach_counter_ >= [01;31m[Kreach_count_max_[m[K) {
[6.854s]       |                                       [01;31m[K^~~~~~~~~~~~~~~~[m[K
[6.871s] [01m[K/home/ubuntu/Desktop/AK8064_ws_Jun/src/motor_driver/src/ControlMotor.cpp:449:21:[m[K [01;31m[Kerror: [m[Kâ€˜[01m[Ktarget_reached_[m[Kâ€™ was not declared in this scope; did you mean â€˜[01m[KisTargetReached[m[Kâ€™?
[6.871s]   449 |                     [01;31m[Ktarget_reached_[m[K = true;
[6.871s]       |                     [01;31m[K^~~~~~~~~~~~~~~[m[K
[6.871s]       |                     [32m[KisTargetReached[m[K
[6.885s] In file included from [01m[K/opt/ros/humble/include/rclcpp/rclcpp/client.hpp:40[m[K,
[6.885s]                  from [01m[K/opt/ros/humble/include/rclcpp/rclcpp/callback_group.hpp:24[m[K,
[6.885s]                  from [01m[K/opt/ros/humble/include/rclcpp/rclcpp/any_executable.hpp:20[m[K,
[6.885s]                  from [01m[K/opt/ros/humble/include/rclcpp/rclcpp/memory_strategy.hpp:25[m[K,
[6.885s]                  from [01m[K/opt/ros/humble/include/rclcpp/rclcpp/memory_strategies.hpp:18[m[K,
[6.886s]                  from [01m[K/opt/ros/humble/include/rclcpp/rclcpp/executor_options.hpp:20[m[K,
[6.886s]                  from [01m[K/opt/ros/humble/include/rclcpp/rclcpp/executor.hpp:37[m[K,
[6.886s]                  from [01m[K/opt/ros/humble/include/rclcpp/rclcpp/executors/multi_threaded_executor.hpp:25[m[K,
[6.886s]                  from [01m[K/opt/ros/humble/include/rclcpp/rclcpp/executors.hpp:21[m[K,
[6.886s]                  from [01m[K/opt/ros/humble/include/rclcpp/rclcpp/rclcpp.hpp:155[m[K,
[6.887s]                  from [01m[K/home/ubuntu/Desktop/AK8064_ws_Jun/src/motor_driver/src/ControlMotor.cpp:5[m[K:
[6.887s] [01m[K/home/ubuntu/Desktop/AK8064_ws_Jun/src/motor_driver/src/ControlMotor.cpp:450:33:[m[K [01;31m[Kerror: [m[Kâ€˜[01m[Klogger_[m[Kâ€™ was not declared in this scope
[6.887s]   450 |                     RCLCPP_INFO([01;31m[Klogger_[m[K, "Motor 0x%02X: Reached target position %.2f",
[6.887s]       |                                 [01;31m[K^~~~~~~[m[K
[6.887s] [01m[K/home/ubuntu/Desktop/AK8064_ws_Jun/src/motor_driver/src/ControlMotor.cpp:450:21:[m[K [01;31m[Kerror: [m[Ktemplate argument 1 is invalid
[6.888s]   450 |                     [01;31m[KRCLCPP_INFO[m[K(logger_, "Motor 0x%02X: Reached target position %.2f",
[6.888s]       |                     [01;31m[K^~~~~~~~~~~[m[K
[6.888s] [01m[K/home/ubuntu/Desktop/AK8064_ws_Jun/src/motor_driver/src/ControlMotor.cpp:450:21:[m[K [01;31m[Kerror: [m[Ktemplate argument 1 is invalid
[6.888s]   450 |                     [01;31m[KRCLCPP_INFO[m[K(logger_, "Motor 0x%02X: Reached target position %.2f",
[6.888s]       |                     [01;31m[K^~~~~~~~~~~[m[K
[6.889s] [01m[K/home/ubuntu/Desktop/AK8064_ws_Jun/src/motor_driver/src/ControlMotor.cpp:450:21:[m[K [01;31m[Kerror: [m[Ktemplate argument 1 is invalid
[6.889s]   450 |                     [01;31m[KRCLCPP_INFO[m[K(logger_, "Motor 0x%02X: Reached target position %.2f",
[6.889s]       |                     [01;31m[K^~~~~~~~~~~[m[K
[6.910s] [01m[K/home/ubuntu/Desktop/AK8064_ws_Jun/src/motor_driver/src/ControlMotor.cpp:454:17:[m[K [01;31m[Kerror: [m[Kâ€˜[01m[Kreach_counter_[m[Kâ€™ was not declared in this scope
[6.910s]   454 |                 [01;31m[Kreach_counter_[m[K = 0;
[6.910s]       |                 [01;31m[K^~~~~~~~~~~~~~[m[K
[6.927s] [01m[K/home/ubuntu/Desktop/AK8064_ws_Jun/src/motor_driver/src/ControlMotor.cpp:455:17:[m[K [01;31m[Kerror: [m[Kâ€˜[01m[Ktarget_reached_[m[Kâ€™ was not declared in this scope; did you mean â€˜[01m[KisTargetReached[m[Kâ€™?
[6.927s]   455 |                 [01;31m[Ktarget_reached_[m[K = false;
[6.927s]       |                 [01;31m[K^~~~~~~~~~~~~~~[m[K
[6.927s]       |                 [32m[KisTargetReached[m[K
[6.948s] [01m[K/home/ubuntu/Desktop/AK8064_ws_Jun/src/motor_driver/src/ControlMotor.cpp:457:44:[m[K [01;31m[Kerror: [m[Kâ€˜[01m[Ktarget_positions_[m[Kâ€™ was not declared in this scope
[6.948s]   457 |         } else if (mode_ == Mode::AUTO && ![01;31m[Ktarget_positions_[m[K.empty()) {
[6.949s]       |                                            [01;31m[K^~~~~~~~~~~~~~~~~[m[K
[6.974s] [01m[K/home/ubuntu/Desktop/AK8064_ws_Jun/src/motor_driver/src/ControlMotor.cpp:458:46:[m[K [01;31m[Kerror: [m[Kâ€˜[01m[Kcurrent_target_index_[m[Kâ€™ was not declared in this scope
[6.974s]   458 |             float target = target_positions_[[01;31m[Kcurrent_target_index_[m[K];
[6.974s]       |                                              [01;31m[K^~~~~~~~~~~~~~~~~~~~~[m[K
[6.984s] [01m[K/home/ubuntu/Desktop/AK8064_ws_Jun/src/motor_driver/src/ControlMotor.cpp:459:13:[m[K [01;31m[Kerror: [m[Kâ€˜[01m[Kcan_[m[Kâ€™ was not declared in this scope
[6.984s]   459 |             [01;31m[Kcan_[m[K->setPositionSpeed(motor_id_, target, static_cast<int>(speed_), static_cast<int>(accel_));
[6.984s]       |             [01;31m[K^~~~[m[K
[6.997s] [01m[K/home/ubuntu/Desktop/AK8064_ws_Jun/src/motor_driver/src/ControlMotor.cpp:459:36:[m[K [01;31m[Kerror: [m[Kâ€˜[01m[Kmotor_id_[m[Kâ€™ was not declared in this scope; did you mean â€˜[01m[KmotorId[m[Kâ€™?
[6.997s]   459 |             can_->setPositionSpeed([01;31m[Kmotor_id_[m[K, target, static_cast<int>(speed_), static_cast<int>(accel_));
[6.997s]       |                                    [01;31m[K^~~~~~~~~[m[K
[6.997s]       |                                    [32m[KmotorId[m[K
[7.008s] [01m[K/home/ubuntu/Desktop/AK8064_ws_Jun/src/motor_driver/src/ControlMotor.cpp:459:72:[m[K [01;31m[Kerror: [m[Kâ€˜[01m[Kspeed_[m[Kâ€™ was not declared in this scope
[7.008s]   459 |  can_->setPositionSpeed(motor_id_, target, static_cast<int>([01;31m[Kspeed_[m[K), static_cast<int>(accel_));
[7.008s]       |                                                             [01;31m[K^~~~~~[m[K
[7.008s] 
[7.020s] [01m[K/home/ubuntu/Desktop/AK8064_ws_Jun/src/motor_driver/src/ControlMotor.cpp:459:98:[m[K [01;31m[Kerror: [m[Kâ€˜[01m[Kaccel_[m[Kâ€™ was not declared in this scope; did you mean â€˜[01m[Kaccess[m[Kâ€™?
[7.020s]   459 | motor_id_, target, static_cast<int>(speed_), static_cast<int>([01;31m[Kaccel_[m[K));
[7.020s]       |                                                               [01;31m[K^~~~~~[m[K
[7.020s]       |                                                               [32m[Kaccess[m[K
[7.042s] [01m[K/home/ubuntu/Desktop/AK8064_ws_Jun/src/motor_driver/src/ControlMotor.cpp:460:52:[m[K [01;31m[Kerror: [m[Kâ€˜[01m[KPOSITION_TOLERANCE[m[Kâ€™ was not declared in this scope
[7.043s]   460 |             if (std::abs(data.position - target) < [01;31m[KPOSITION_TOLERANCE[m[K) {
[7.043s]       |                                                    [01;31m[K^~~~~~~~~~~~~~~~~~[m[K
[7.060s] [01m[K/home/ubuntu/Desktop/AK8064_ws_Jun/src/motor_driver/src/ControlMotor.cpp:461:17:[m[K [01;31m[Kerror: [m[Kâ€˜[01m[Kreach_counter_[m[Kâ€™ was not declared in this scope
[7.060s]   461 |                 [01;31m[Kreach_counter_[m[K++;
[7.060s]       |                 [01;31m[K^~~~~~~~~~~~~~[m[K
[7.081s] [01m[K/home/ubuntu/Desktop/AK8064_ws_Jun/src/motor_driver/src/ControlMotor.cpp:462:39:[m[K [01;31m[Kerror: [m[Kâ€˜[01m[Kreach_count_max_[m[Kâ€™ was not declared in this scope
[7.081s]   462 |                 if (reach_counter_ >= [01;31m[Kreach_count_max_[m[K) {
[7.081s]       |                                       [01;31m[K^~~~~~~~~~~~~~~~[m[K
[7.097s] [01m[K/home/ubuntu/Desktop/AK8064_ws_Jun/src/motor_driver/src/ControlMotor.cpp:464:21:[m[K [01;31m[Kerror: [m[Kâ€˜[01m[Ktarget_reached_[m[Kâ€™ was not declared in this scope; did you mean â€˜[01m[KisTargetReached[m[Kâ€™?
[7.097s]   464 |                     [01;31m[Ktarget_reached_[m[K = true;
[7.097s]       |                     [01;31m[K^~~~~~~~~~~~~~~[m[K
[7.098s]       |                     [32m[KisTargetReached[m[K
[7.110s] In file included from [01m[K/opt/ros/humble/include/rclcpp/rclcpp/client.hpp:40[m[K,
[7.110s]                  from [01m[K/opt/ros/humble/include/rclcpp/rclcpp/callback_group.hpp:24[m[K,
[7.110s]                  from [01m[K/opt/ros/humble/include/rclcpp/rclcpp/any_executable.hpp:20[m[K,
[7.111s]                  from [01m[K/opt/ros/humble/include/rclcpp/rclcpp/memory_strategy.hpp:25[m[K,
[7.111s]                  from [01m[K/opt/ros/humble/include/rclcpp/rclcpp/memory_strategies.hpp:18[m[K,
[7.111s]                  from [01m[K/opt/ros/humble/include/rclcpp/rclcpp/executor_options.hpp:20[m[K,
[7.111s]                  from [01m[K/opt/ros/humble/include/rclcpp/rclcpp/executor.hpp:37[m[K,
[7.111s]                  from [01m[K/opt/ros/humble/include/rclcpp/rclcpp/executors/multi_threaded_executor.hpp:25[m[K,
[7.111s]                  from [01m[K/opt/ros/humble/include/rclcpp/rclcpp/executors.hpp:21[m[K,
[7.111s]                  from [01m[K/opt/ros/humble/include/rclcpp/rclcpp/rclcpp.hpp:155[m[K,
[7.112s]                  from [01m[K/home/ubuntu/Desktop/AK8064_ws_Jun/src/motor_driver/src/ControlMotor.cpp:5[m[K:
[7.112s] [01m[K/home/ubuntu/Desktop/AK8064_ws_Jun/src/motor_driver/src/ControlMotor.cpp:468:37:[m[K [01;31m[Kerror: [m[Kâ€˜[01m[Klogger_[m[Kâ€™ was not declared in this scope
[7.112s]   468 |                         RCLCPP_INFO([01;31m[Klogger_[m[K, "Motor 0x%02X: All targets reached.", motor_id_);
[7.112s]       |                                     [01;31m[K^~~~~~~[m[K
[7.112s] [01m[K/home/ubuntu/Desktop/AK8064_ws_Jun/src/motor_driver/src/ControlMotor.cpp:468:25:[m[K [01;31m[Kerror: [m[Ktemplate argument 1 is invalid
[7.112s]   468 |                         [01;31m[KRCLCPP_INFO[m[K(logger_, "Motor 0x%02X: All targets reached.", motor_id_);
[7.112s]       |                         [01;31m[K^~~~~~~~~~~[m[K
[7.112s] [01m[K/home/ubuntu/Desktop/AK8064_ws_Jun/src/motor_driver/src/ControlMotor.cpp:468:25:[m[K [01;31m[Kerror: [m[Ktemplate argument 1 is invalid
[7.113s]   468 |                         [01;31m[KRCLCPP_INFO[m[K(logger_, "Motor 0x%02X: All targets reached.", motor_id_);
[7.113s]       |                         [01;31m[K^~~~~~~~~~~[m[K
[7.113s] [01m[K/home/ubuntu/Desktop/AK8064_ws_Jun/src/motor_driver/src/ControlMotor.cpp:468:25:[m[K [01;31m[Kerror: [m[Ktemplate argument 1 is invalid
[7.113s]   468 |                         [01;31m[KRCLCPP_INFO[m[K(logger_, "Motor 0x%02X: All targets reached.", motor_id_);
[7.113s]       |                         [01;31m[K^~~~~~~~~~~[m[K
[7.129s] [01m[K/home/ubuntu/Desktop/AK8064_ws_Jun/src/motor_driver/src/ControlMotor.cpp:472:17:[m[K [01;31m[Kerror: [m[Kâ€˜[01m[Kreach_counter_[m[Kâ€™ was not declared in this scope
[7.129s]   472 |                 [01;31m[Kreach_counter_[m[K = 0;
[7.129s]       |                 [01;31m[K^~~~~~~~~~~~~~[m[K
[7.147s] [01m[K/home/ubuntu/Desktop/AK8064_ws_Jun/src/motor_driver/src/ControlMotor.cpp:473:17:[m[K [01;31m[Kerror: [m[Kâ€˜[01m[Ktarget_reached_[m[Kâ€™ was not declared in this scope; did you mean â€˜[01m[KisTargetReached[m[Kâ€™?
[7.147s]   473 |                 [01;31m[Ktarget_reached_[m[K = false;
[7.147s]       |                 [01;31m[K^~~~~~~~~~~~~~~[m[K
[7.147s]       |                 [32m[KisTargetReached[m[K
[7.160s] In file included from [01m[K/opt/ros/humble/include/rclcpp/rclcpp/client.hpp:40[m[K,
[7.160s]                  from [01m[K/opt/ros/humble/include/rclcpp/rclcpp/callback_group.hpp:24[m[K,
[7.160s]                  from [01m[K/opt/ros/humble/include/rclcpp/rclcpp/any_executable.hpp:20[m[K,
[7.160s]                  from [01m[K/opt/ros/humble/include/rclcpp/rclcpp/memory_strategy.hpp:25[m[K,
[7.160s]                  from [01m[K/opt/ros/humble/include/rclcpp/rclcpp/memory_strategies.hpp:18[m[K,
[7.161s]                  from [01m[K/opt/ros/humble/include/rclcpp/rclcpp/executor_options.hpp:20[m[K,
[7.161s]                  from [01m[K/opt/ros/humble/include/rclcpp/rclcpp/executor.hpp:37[m[K,
[7.161s]                  from [01m[K/opt/ros/humble/include/rclcpp/rclcpp/executors/multi_threaded_executor.hpp:25[m[K,
[7.161s]                  from [01m[K/opt/ros/humble/include/rclcpp/rclcpp/executors.hpp:21[m[K,
[7.161s]                  from [01m[K/opt/ros/humble/include/rclcpp/rclcpp/rclcpp.hpp:155[m[K,
[7.161s]                  from [01m[K/home/ubuntu/Desktop/AK8064_ws_Jun/src/motor_driver/src/ControlMotor.cpp:5[m[K:
[7.161s] [01m[K/home/ubuntu/Desktop/AK8064_ws_Jun/src/motor_driver/src/ControlMotor.cpp:476:26:[m[K [01;31m[Kerror: [m[Kâ€˜[01m[Klogger_[m[Kâ€™ was not declared in this scope
[7.161s]   476 |             RCLCPP_ERROR([01;31m[Klogger_[m[K, "Motor 0x%02X: No target positions or command!", motor_id_);
[7.161s]       |                          [01;31m[K^~~~~~~[m[K
[7.162s] [01m[K/home/ubuntu/Desktop/AK8064_ws_Jun/src/motor_driver/src/ControlMotor.cpp:476:13:[m[K [01;31m[Kerror: [m[Ktemplate argument 1 is invalid
[7.162s]   476 |             [01;31m[KRCLCPP_ERROR[m[K(logger_, "Motor 0x%02X: No target positions or command!", motor_id_);
[7.162s]       |             [01;31m[K^~~~~~~~~~~~[m[K
[7.162s] [01m[K/home/ubuntu/Desktop/AK8064_ws_Jun/src/motor_driver/src/ControlMotor.cpp:476:13:[m[K [01;31m[Kerror: [m[Ktemplate argument 1 is invalid
[7.162s]   476 |             [01;31m[KRCLCPP_ERROR[m[K(logger_, "Motor 0x%02X: No target positions or command!", motor_id_);
[7.162s]       |             [01;31m[K^~~~~~~~~~~~[m[K
[7.162s] [01m[K/home/ubuntu/Desktop/AK8064_ws_Jun/src/motor_driver/src/ControlMotor.cpp:476:13:[m[K [01;31m[Kerror: [m[Ktemplate argument 1 is invalid
[7.162s]   476 |             [01;31m[KRCLCPP_ERROR[m[K(logger_, "Motor 0x%02X: No target positions or command!", motor_id_);
[7.162s]       |             [01;31m[K^~~~~~~~~~~~[m[K
[7.174s] In file included from [01m[K/opt/ros/humble/include/rclcpp/rclcpp/logging.hpp:24[m[K,
[7.174s]                  from [01m[K/opt/ros/humble/include/rclcpp/rclcpp/client.hpp:40[m[K,
[7.174s]                  from [01m[K/opt/ros/humble/include/rclcpp/rclcpp/callback_group.hpp:24[m[K,
[7.174s]                  from [01m[K/opt/ros/humble/include/rclcpp/rclcpp/any_executable.hpp:20[m[K,
[7.175s]                  from [01m[K/opt/ros/humble/include/rclcpp/rclcpp/memory_strategy.hpp:25[m[K,
[7.175s]                  from [01m[K/opt/ros/humble/include/rclcpp/rclcpp/memory_strategies.hpp:18[m[K,
[7.175s]                  from [01m[K/opt/ros/humble/include/rclcpp/rclcpp/executor_options.hpp:20[m[K,
[7.175s]                  from [01m[K/opt/ros/humble/include/rclcpp/rclcpp/executor.hpp:37[m[K,
[7.175s]                  from [01m[K/opt/ros/humble/include/rclcpp/rclcpp/executors/multi_threaded_executor.hpp:25[m[K,
[7.175s]                  from [01m[K/opt/ros/humble/include/rclcpp/rclcpp/executors.hpp:21[m[K,
[7.175s]                  from [01m[K/opt/ros/humble/include/rclcpp/rclcpp/rclcpp.hpp:155[m[K,
[7.175s]                  from [01m[K/home/ubuntu/Desktop/AK8064_ws_Jun/src/motor_driver/src/ControlMotor.cpp:5[m[K:
[7.175s] [01m[K/home/ubuntu/Desktop/AK8064_ws_Jun/src/motor_driver/src/ControlMotor.cpp:476:84:[m[K [01;31m[Kerror: [m[Kâ€˜[01m[Kmotor_id_[m[Kâ€™ was not declared in this scope; did you mean â€˜[01m[KmotorId[m[Kâ€™?
[7.176s]   476 | R(logger_, "Motor 0x%02X: No target positions or command!", [01;31m[Kmotor_id_[m[K);
[7.176s]       |                                                             [01;31m[K^~~~~~~~~[m[K
[7.176s] 
[7.191s] [01m[K/home/ubuntu/Desktop/AK8064_ws_Jun/src/motor_driver/src/ControlMotor.cpp:478:13:[m[K [01;31m[Kerror: [m[Kâ€˜[01m[KtransitionTo[m[Kâ€™ was not declared in this scope
[7.191s]   478 |             [01;31m[KtransitionTo[m[K(State::STOPPED);
[7.192s]       |             [01;31m[K^~~~~~~~~~~~[m[K
[7.211s] [01m[K/home/ubuntu/Desktop/AK8064_ws_Jun/src/motor_driver/src/ControlMotor.cpp:[m[K In member function â€˜[01m[Kvoid MotorController::handlePaused(const MotorData&)[m[Kâ€™:
[7.211s] [01m[K/home/ubuntu/Desktop/AK8064_ws_Jun/src/motor_driver/src/ControlMotor.cpp:520:17:[m[K [01;31m[Kerror: [m[Kâ€˜[01m[Klast_command_[m[Kâ€™ was not declared in this scope
[7.211s]   520 |             if ([01;31m[Klast_command_[m[K == "PAUSE" && stdà²¨:std::abs(data.velocity) >= VELOCITY_TOLERANCE) {
[7.212s]       |                 [01;31m[K^~~~~~~~~~~~~[m[K
[7.212s] [01m[K/home/ubuntu/Desktop/AK8064_ws_Jun/src/motor_driver/src/ControlMotor.cpp:520:49:[m[K [01;31m[Kerror: [m[Kfound â€˜[01m[K:[m[Kâ€™ in nested-name-specifier, expected â€˜[01m[K::[m[Kâ€™
[7.212s]   520 |             if (last_command_ == "PAUSE" && stdà²¨[01;31m[K:[m[Kstd::abs(data.velocity) >= VELOCITY_TOLERANCE) {
[7.212s]       |                                                 [01;31m[K^[m[K
[7.212s]       |                                                 [32m[K::[m[K
[7.212s] [01m[K/home/ubuntu/Desktop/AK8064_ws_Jun/src/motor_driver/src/ControlMotor.cpp:520:45:[m[K [01;31m[Kerror: [m[Kâ€˜[01m[Kstdà²¨[m[Kâ€™ has not been declared
[7.213s]   520 |             if (last_command_ == "PAUSE" && [01;31m[Kstdà²¨[m[K:std::abs(data.velocity) >= VELOCITY_TOLERANCE) {
[7.213s]       |                                             [01;31m[K^~~~[m[K
[7.236s] [01m[K/home/ubuntu/Desktop/AK8064_ws_Jun/src/motor_driver/src/ControlMotor.cpp:520:77:[m[K [01;31m[Kerror: [m[Kâ€˜[01m[KVELOCITY_TOLERANCE[m[Kâ€™ was not declared in this scope
[7.236s]   520 | last_command_ == "PAUSE" && stdà²¨:std::abs(data.velocity) >= [01;31m[KVELOCITY_TOLERANCE[m[K) {
[7.236s]       |                                                             [01;31m[K^~~~~~~~~~~~~~~~~~[m[K
[7.236s] 
[7.246s] [01m[K/home/ubuntu/Desktop/AK8064_ws_Jun/src/motor_driver/src/ControlMotor.cpp:521:21:[m[K [01;31m[Kerror: [m[Kâ€˜[01m[Kcan_[m[Kâ€™ was not declared in this scope
[7.246s]   521 |                 if ([01;31m[Kcan_[m[K->setCurrent(motor_id_, 0.0)) {
[7.246s]       |                     [01;31m[K^~~~[m[K
[7.259s] [01m[K/home/ubuntu/Desktop/AK8064_ws_Jun/src/motor_driver/src/ControlMotor.cpp:521:38:[m[K [01;31m[Kerror: [m[Kâ€˜[01m[Kmotor_id_[m[Kâ€™ was not declared in this scope; did you mean â€˜[01m[KmotorId[m[Kâ€™?
[7.259s]   521 |                 if (can_->setCurrent([01;31m[Kmotor_id_[m[K, 0.0)) {
[7.259s]       |                                      [01;31m[K^~~~~~~~~[m[K
[7.259s]       |                                      [32m[KmotorId[m[K
[7.275s] [01m[K/home/ubuntu/Desktop/AK8064_ws_Jun/src/motor_driver/src/ControlMotor.cpp:522:21:[m[K [01;31m[Kerror: [m[Kâ€˜[01m[Ktarget_reached_[m[Kâ€™ was not declared in this scope; did you mean â€˜[01m[KisTargetReached[m[Kâ€™?
[7.276s]   522 |                     [01;31m[Ktarget_reached_[m[K = false;
[7.276s]       |                     [01;31m[K^~~~~~~~~~~~~~~[m[K
[7.276s]       |                     [32m[KisTargetReached[m[K
[7.288s] In file included from [01m[K/opt/ros/humble/include/rclcpp/rclcpp/client.hpp:40[m[K,
[7.288s]                  from [01m[K/opt/ros/humble/include/rclcpp/rclcpp/callback_group.hpp:24[m[K,
[7.288s]                  from [01m[K/opt/ros/humble/include/rclcpp/rclcpp/any_executable.hpp:20[m[K,
[7.289s]                  from [01m[K/opt/ros/humble/include/rclcpp/rclcpp/memory_strategy.hpp:25[m[K,
[7.289s]                  from [01m[K/opt/ros/humble/include/rclcpp/rclcpp/memory_strategies.hpp:18[m[K,
[7.289s]                  from [01m[K/opt/ros/humble/include/rclcpp/rclcpp/executor_options.hpp:20[m[K,
[7.289s]                  from [01m[K/opt/ros/humble/include/rclcpp/rclcpp/executor.hpp:37[m[K,
[7.289s]                  from [01m[K/opt/ros/humble/include/rclcpp/rclcpp/executors/multi_threaded_executor.hpp:25[m[K,
[7.290s]                  from [01m[K/opt/ros/humble/include/rclcpp/rclcpp/executors.hpp:21[m[K,
[7.290s]                  from [01m[K/opt/ros/humble/include/rclcpp/rclcpp/rclcpp.hpp:155[m[K,
[7.290s]                  from [01m[K/home/ubuntu/Desktop/AK8064_ws_Jun/src/motor_driver/src/ControlMotor.cpp:5[m[K:
[7.290s] [01m[K/home/ubuntu/Desktop/AK8064_ws_Jun/src/motor_driver/src/ControlMotor.cpp:523:33:[m[K [01;31m[Kerror: [m[Kâ€˜[01m[Klogger_[m[Kâ€™ was not declared in this scope
[7.290s]   523 |                     RCLCPP_WARN([01;31m[Klogger_[m[K, "Motor 0x%02X: Waiting for motor to stop, velocity: %.2f",
[7.290s]       |                                 [01;31m[K^~~~~~~[m[K
[7.291s] [01m[K/home/ubuntu/Desktop/AK8064_ws_Jun/src/motor_driver/src/ControlMotor.cpp:523:21:[m[K [01;31m[Kerror: [m[Ktemplate argument 1 is invalid
[7.291s]   523 |                     [01;31m[KRCLCPP_WARN[m[K(logger_, "Motor 0x%02X: Waiting for motor to stop, velocity: %.2f",
[7.291s]       |                     [01;31m[K^~~~~~~~~~~[m[K
[7.291s] [01m[K/home/ubuntu/Desktop/AK8064_ws_Jun/src/motor_driver/src/ControlMotor.cpp:523:21:[m[K [01;31m[Kerror: [m[Ktemplate argument 1 is invalid
[7.291s]   523 |                     [01;31m[KRCLCPP_WARN[m[K(logger_, "Motor 0x%02X: Waiting for motor to stop, velocity: %.2f",
[7.292s]       |                     [01;31m[K^~~~~~~~~~~[m[K
[7.292s] [01m[K/home/ubuntu/Desktop/AK8064_ws_Jun/src/motor_driver/src/ControlMotor.cpp:523:21:[m[K [01;31m[Kerror: [m[Ktemplate argument 1 is invalid
[7.292s]   523 |                     [01;31m[KRCLCPP_WARN[m[K(logger_, "Motor 0x%02X: Waiting for motor to stop, velocity: %.2f",
[7.292s]       |                     [01;31m[K^~~~~~~~~~~[m[K
[7.301s] [01m[K/home/ubuntu/Desktop/AK8064_ws_Jun/src/motor_driver/src/ControlMotor.cpp:526:34:[m[K [01;31m[Kerror: [m[Kâ€˜[01m[Klogger_[m[Kâ€™ was not declared in this scope
[7.301s]   526 |                     RCLCPP_ERROR([01;31m[Klogger_[m[K, "Motor 0x%02X: Failed to disable torque", motor_id_);
[7.301s]       |                                  [01;31m[K^~~~~~~[m[K
[7.301s] [01m[K/home/ubuntu/Desktop/AK8064_ws_Jun/src/motor_driver/src/ControlMotor.cpp:526:21:[m[K [01;31m[Kerror: [m[Ktemplate argument 1 is invalid
[7.302s]   526 |                     [01;31m[KRCLCPP_ERROR[m[K(logger_, "Motor 0x%02X: Failed to disable torque", motor_id_);
[7.302s]       |                     [01;31m[K^~~~~~~~~~~~[m[K
[7.302s] [01m[K/home/ubuntu/Desktop/AK8064_ws_Jun/src/motor_driver/src/ControlMotor.cpp:526:21:[m[K [01;31m[Kerror: [m[Ktemplate argument 1 is invalid
[7.302s]   526 |                     [01;31m[KRCLCPP_ERROR[m[K(logger_, "Motor 0x%02X: Failed to disable torque", motor_id_);
[7.302s]       |                     [01;31m[K^~~~~~~~~~~~[m[K
[7.302s] [01m[K/home/ubuntu/Desktop/AK8064_ws_Jun/src/motor_driver/src/ControlMotor.cpp:526:21:[m[K [01;31m[Kerror: [m[Ktemplate argument 1 is invalid
[7.303s]   526 |                     [01;31m[KRCLCPP_ERROR[m[K(logger_, "Motor 0x%02X: Failed to disable torque", motor_id_);
[7.303s]       |                     [01;31m[K^~~~~~~~~~~~[m[K
[7.318s] [01m[K/home/ubuntu/Desktop/AK8064_ws_Jun/src/motor_driver/src/ControlMotor.cpp:527:21:[m[K [01;31m[Kerror: [m[Kâ€˜[01m[KtransitionTo[m[Kâ€™ was not declared in this scope
[7.318s]   527 |                     [01;31m[KtransitionTo[m[K(State::ERROR);
[7.318s]       |                     [01;31m[K^~~~~~~~~~~~[m[K
[7.337s] [01m[K/home/ubuntu/Desktop/AK8064_ws_Jun/src/motor_driver/src/ControlMotor.cpp:532:46:[m[K [01;31m[Kerror: [m[Kâ€˜[01m[Kpause_position_[m[Kâ€™ was not declared in this scope
[7.337s]   532 |                 if (std::abs(data.position - [01;31m[Kpause_position_[m[K) > POSITION_TOLERANCE) {
[7.337s]       |                                              [01;31m[K^~~~~~~~~~~~~~~[m[K
[7.358s] [01m[K/home/ubuntu/Desktop/AK8064_ws_Jun/src/motor_driver/src/ControlMotor.cpp:532:65:[m[K [01;31m[Kerror: [m[Kâ€˜[01m[KPOSITION_TOLERANCE[m[Kâ€™ was not declared in this scope
[7.359s]   532 |             if (std::abs(data.position - pause_position_) > [01;31m[KPOSITION_TOLERANCE[m[K) {
[7.359s]       |                                                             [01;31m[K^~~~~~~~~~~~~~~~~~[m[K
[7.359s] 
[7.370s] In file included from [01m[K/opt/ros/humble/include/rclcpp/rclcpp/client.hpp:40[m[K,
[7.370s]                  from [01m[K/opt/ros/humble/include/rclcpp/rclcpp/callback_group.hpp:24[m[K,
[7.370s]                  from [01m[K/opt/ros/humble/include/rclcpp/rclcpp/any_executable.hpp:20[m[K,
[7.371s]                  from [01m[K/opt/ros/humble/include/rclcpp/rclcpp/memory_strategy.hpp:25[m[K,
[7.371s]                  from [01m[K/opt/ros/humble/include/rclcpp/rclcpp/memory_strategies.hpp:18[m[K,
[7.371s]                  from [01m[K/opt/ros/humble/include/rclcpp/rclcpp/executor_options.hpp:20[m[K,
[7.371s]                  from [01m[K/opt/ros/humble/include/rclcpp/rclcpp/executor.hpp:37[m[K,
[7.371s]                  from [01m[K/opt/ros/humble/include/rclcpp/rclcpp/executors/multi_threaded_executor.hpp:25[m[K,
[7.371s]                  from [01m[K/opt/ros/humble/include/rclcpp/rclcpp/executors.hpp:21[m[K,
[7.371s]                  from [01m[K/opt/ros/humble/include/rclcpp/rclcpp/rclcpp.hpp:155[m[K,
[7.371s]                  from [01m[K/home/ubuntu/Desktop/AK8064_ws_Jun/src/motor_driver/src/ControlMotor.cpp:5[m[K:
[7.371s] [01m[K/home/ubuntu/Desktop/AK8064_ws_Jun/src/motor_driver/src/ControlMotor.cpp:533:33:[m[K [01;31m[Kerror: [m[Kâ€˜[01m[Klogger_[m[Kâ€™ was not declared in this scope
[7.372s]   533 |                     RCLCPP_WARN([01;31m[Klogger_[m[K, "Motor 0x%02X: Position drift detected, correcting from %.2f to %.2f",
[7.372s]       |                                 [01;31m[K^~~~~~~[m[K
[7.372s] [01m[K/home/ubuntu/Desktop/AK8064_ws_Jun/src/motor_driver/src/ControlMotor.cpp:533:21:[m[K [01;31m[Kerror: [m[Ktemplate argument 1 is invalid
[7.372s]   533 |                     [01;31m[KRCLCPP_WARN[m[K(logger_, "Motor 0x%02X: Position drift detected, correcting from %.2f to %.2f",
[7.372s]       |                     [01;31m[K^~~~~~~~~~~[m[K
[7.372s] [01m[K/home/ubuntu/Desktop/AK8064_ws_Jun/src/motor_driver/src/ControlMotor.cpp:533:21:[m[K [01;31m[Kerror: [m[Ktemplate argument 1 is invalid
[7.372s]   533 |                     [01;31m[KRCLCPP_WARN[m[K(logger_, "Motor 0x%02X: Position drift detected, correcting from %.2f to %.2f",
[7.372s]       |                     [01;31m[K^~~~~~~~~~~[m[K
[7.372s] [01m[K/home/ubuntu/Desktop/AK8064_ws_Jun/src/motor_driver/src/ControlMotor.cpp:533:21:[m[K [01;31m[Kerror: [m[Ktemplate argument 1 is invalid
[7.373s]   533 |                     [01;31m[KRCLCPP_WARN[m[K(logger_, "Motor 0x%02X: Position drift detected, correcting from %.2f to %.2f",
[7.373s]       |                     [01;31m[K^~~~~~~~~~~[m[K
[7.383s] In file included from [01m[K/opt/ros/humble/include/rclcpp/rclcpp/logging.hpp:24[m[K,
[7.383s]                  from [01m[K/opt/ros/humble/include/rclcpp/rclcpp/client.hpp:40[m[K,
[7.384s]                  from [01m[K/opt/ros/humble/include/rclcpp/rclcpp/callback_group.hpp:24[m[K,
[7.384s]                  from [01m[K/opt/ros/humble/include/rclcpp/rclcpp/any_executable.hpp:20[m[K,
[7.384s]                  from [01m[K/opt/ros/humble/include/rclcpp/rclcpp/memory_strategy.hpp:25[m[K,
[7.384s]                  from [01m[K/opt/ros/humble/include/rclcpp/rclcpp/memory_strategies.hpp:18[m[K,
[7.384s]                  from [01m[K/opt/ros/humble/include/rclcpp/rclcpp/executor_options.hpp:20[m[K,
[7.384s]                  from [01m[K/opt/ros/humble/include/rclcpp/rclcpp/executor.hpp:37[m[K,
[7.384s]                  from [01m[K/opt/ros/humble/include/rclcpp/rclcpp/executors/multi_threaded_executor.hpp:25[m[K,
[7.384s]                  from [01m[K/opt/ros/humble/include/rclcpp/rclcpp/executors.hpp:21[m[K,
[7.384s]                  from [01m[K/opt/ros/humble/include/rclcpp/rclcpp/rclcpp.hpp:155[m[K,
[7.385s]                  from [01m[K/home/ubuntu/Desktop/AK8064_ws_Jun/src/motor_driver/src/ControlMotor.cpp:5[m[K:
[7.385s] [01m[K/home/ubuntu/Desktop/AK8064_ws_Jun/src/motor_driver/src/ControlMotor.cpp:534:33:[m[K [01;31m[Kerror: [m[Kâ€˜[01m[Kmotor_id_[m[Kâ€™ was not declared in this scope; did you mean â€˜[01m[KmotorId[m[Kâ€™?
[7.385s]   534 |                                 [01;31m[Kmotor_id_[m[K, data.position, pause_position_);
[7.385s]       |                                 [01;31m[K^~~~~~~~~[m[K
[7.393s] [01m[K/home/ubuntu/Desktop/AK8064_ws_Jun/src/motor_driver/src/ControlMotor.cpp:535:26:[m[K [01;31m[Kerror: [m[Kâ€˜[01m[Kcan_[m[Kâ€™ was not declared in this scope
[7.393s]   535 |                     if (![01;31m[Kcan_[m[K->setPositionSpeed(motor_id_, pause_position_, 1000, 1000)) {
[7.393s]       |                          [01;31m[K^~~~[m[K
[7.405s] [01m[K/home/ubuntu/Desktop/AK8064_ws_Jun/src/motor_driver/src/ControlMotor.cpp:535:49:[m[K [01;31m[Kerror: [m[Kâ€˜[01m[Kmotor_id_[m[Kâ€™ was not declared in this scope; did you mean â€˜[01m[KmotorId[m[Kâ€™?
[7.405s]   535 |                     if (!can_->setPositionSpeed([01;31m[Kmotor_id_[m[K, pause_position_, 1000, 1000)) {
[7.405s]       |                                                 [01;31m[K^~~~~~~~~[m[K
[7.405s]       |                                                 [32m[KmotorId[m[K
[7.418s] In file included from [01m[K/opt/ros/humble/include/rclcpp/rclcpp/client.hpp:40[m[K,
[7.418s]                  from [01m[K/opt/ros/humble/include/rclcpp/rclcpp/callback_group.hpp:24[m[K,
[7.418s]                  from [01m[K/opt/ros/humble/include/rclcpp/rclcpp/any_executable.hpp:20[m[K,
[7.418s]                  from [01m[K/opt/ros/humble/include/rclcpp/rclcpp/memory_strategy.hpp:25[m[K,
[7.418s]                  from [01m[K/opt/ros/humble/include/rclcpp/rclcpp/memory_strategies.hpp:18[m[K,
[7.418s]                  from [01m[K/opt/ros/humble/include/rclcpp/rclcpp/executor_options.hpp:20[m[K,
[7.418s]                  from [01m[K/opt/ros/humble/include/rclcpp/rclcpp/executor.hpp:37[m[K,
[7.419s]                  from [01m[K/opt/ros/humble/include/rclcpp/rclcpp/executors/multi_threaded_executor.hpp:25[m[K,
[7.419s]                  from [01m[K/opt/ros/humble/include/rclcpp/rclcpp/executors.hpp:21[m[K,
[7.419s]                  from [01m[K/opt/ros/humble/include/rclcpp/rclcpp/rclcpp.hpp:155[m[K,
[7.419s]                  from [01m[K/home/ubuntu/Desktop/AK8064_ws_Jun/src/motor_driver/src/ControlMotor.cpp:5[m[K:
[7.419s] [01m[K/home/ubuntu/Desktop/AK8064_ws_Jun/src/motor_driver/src/ControlMotor.cpp:536:38:[m[K [01;31m[Kerror: [m[Kâ€˜[01m[Klogger_[m[Kâ€™ was not declared in this scope
[7.419s]   536 |                         RCLCPP_ERROR([01;31m[Klogger_[m[K, "Motor 0x%02X: Failed to correct position", motor_id_);
[7.419s]       |                                      [01;31m[K^~~~~~~[m[K
[7.419s] [01m[K/home/ubuntu/Desktop/AK8064_ws_Jun/src/motor_driver/src/ControlMotor.cpp:536:25:[m[K [01;31m[Kerror: [m[Ktemplate argument 1 is invalid
[7.419s]   536 |                         [01;31m[KRCLCPP_ERROR[m[K(logger_, "Motor 0x%02X: Failed to correct position", motor_id_);
[7.420s]       |                         [01;31m[K^~~~~~~~~~~~[m[K
[7.420s] [01m[K/home/ubuntu/Desktop/AK8064_ws_Jun/src/motor_driver/src/ControlMotor.cpp:536:25:[m[K [01;31m[Kerror: [m[Ktemplate argument 1 is invalid
[7.420s]   536 |                         [01;31m[KRCLCPP_ERROR[m[K(logger_, "Motor 0x%02X: Failed to correct position", motor_id_);
[7.420s]       |                         [01;31m[K^~~~~~~~~~~~[m[K
[7.420s] [01m[K/home/ubuntu/Desktop/AK8064_ws_Jun/src/motor_driver/src/ControlMotor.cpp:536:25:[m[K [01;31m[Kerror: [m[Ktemplate argument 1 is invalid
[7.420s]   536 |                         [01;31m[KRCLCPP_ERROR[m[K(logger_, "Motor 0x%02X: Failed to correct position", motor_id_);
[7.420s]       |                         [01;31m[K^~~~~~~~~~~~[m[K
[7.434s] [01m[K/home/ubuntu/Desktop/AK8064_ws_Jun/src/motor_driver/src/ControlMotor.cpp:537:25:[m[K [01;31m[Kerror: [m[Kâ€˜[01m[KtransitionTo[m[Kâ€™ was not declared in this scope
[7.434s]   537 |                         [01;31m[KtransitionTo[m[K(State::ERROR);
[7.434s]       |                         [01;31m[K^~~~~~~~~~~~[m[K
[7.444s] [01m[K/home/ubuntu/Desktop/AK8064_ws_Jun/src/motor_driver/src/ControlMotor.cpp:540:25:[m[K [01;31m[Kerror: [m[Kâ€˜[01m[Kcan_[m[Kâ€™ was not declared in this scope
[7.444s]   540 |                     if ([01;31m[Kcan_[m[K->setPositionSpeed(motor_id_, pause_position_, 1000, 1000)) {
[7.445s]       |                         [01;31m[K^~~~[m[K
[7.457s] [01m[K/home/ubuntu/Desktop/AK8064_ws_Jun/src/motor_driver/src/ControlMotor.cpp:540:48:[m[K [01;31m[Kerror: [m[Kâ€˜[01m[Kmotor_id_[m[Kâ€™ was not declared in this scope; did you mean â€˜[01m[KmotorId[m[Kâ€™?
[7.457s]   540 |                     if (can_->setPositionSpeed([01;31m[Kmotor_id_[m[K, pause_position_, 1000, 1000)) {
[7.458s]       |                                                [01;31m[K^~~~~~~~~[m[K
[7.458s]       |                                                [32m[KmotorId[m[K
[7.475s] [01m[K/home/ubuntu/Desktop/AK8064_ws_Jun/src/motor_driver/src/ControlMotor.cpp:541:25:[m[K [01;31m[Kerror: [m[Kâ€˜[01m[Ktarget_reached_[m[Kâ€™ was not declared in this scope; did you mean â€˜[01m[KisTargetReached[m[Kâ€™?
[7.475s]   541 |                         [01;31m[Ktarget_reached_[m[K = true;
[7.475s]       |                         [01;31m[K^~~~~~~~~~~~~~~[m[K
[7.475s]       |                         [32m[KisTargetReached[m[K
[7.488s] In file included from [01m[K/opt/ros/humble/include/rclcpp/rclcpp/client.hpp:40[m[K,
[7.488s]                  from [01m[K/opt/ros/humble/include/rclcpp/rclcpp/callback_group.hpp:24[m[K,
[7.488s]                  from [01m[K/opt/ros/humble/include/rclcpp/rclcpp/any_executable.hpp:20[m[K,
[7.488s]                  from [01m[K/opt/ros/humble/include/rclcpp/rclcpp/memory_strategy.hpp:25[m[K,
[7.488s]                  from [01m[K/opt/ros/humble/include/rclcpp/rclcpp/memory_strategies.hpp:18[m[K,
[7.489s]                  from [01m[K/opt/ros/humble/include/rclcpp/rclcpp/executor_options.hpp:20[m[K,
[7.489s]                  from [01m[K/opt/ros/humble/include/rclcpp/rclcpp/executor.hpp:37[m[K,
[7.489s]                  from [01m[K/opt/ros/humble/include/rclcpp/rclcpp/executors/multi_threaded_executor.hpp:25[m[K,
[7.489s]                  from [01m[K/opt/ros/humble/include/rclcpp/rclcpp/executors.hpp:21[m[K,
[7.489s]                  from [01m[K/opt/ros/humble/include/rclcpp/rclcpp/rclcpp.hpp:155[m[K,
[7.489s]                  from [01m[K/home/ubuntu/Desktop/AK8064_ws_Jun/src/motor_driver/src/ControlMotor.cpp:5[m[K:
[7.489s] [01m[K/home/ubuntu/Desktop/AK8064_ws_Jun/src/motor_driver/src/ControlMotor.cpp:542:37:[m[K [01;31m[Kerror: [m[Kâ€˜[01m[Klogger_[m[Kâ€™ was not declared in this scope
[7.489s]   542 |                         RCLCPP_INFO([01;31m[Klogger_[m[K, "Motor 0x%02X: Position held at %.2f, ready for next command",
[7.489s]       |                                     [01;31m[K^~~~~~~[m[K
[7.490s] [01m[K/home/ubuntu/Desktop/AK8064_ws_Jun/src/motor_driver/src/ControlMotor.cpp:542:25:[m[K [01;31m[Kerror: [m[Ktemplate argument 1 is invalid
[7.490s]   542 |                         [01;31m[KRCLCPP_INFO[m[K(logger_, "Motor 0x%02X: Position held at %.2f, ready for next command",
[7.490s]       |                         [01;31m[K^~~~~~~~~~~[m[K
[7.490s] [01m[K/home/ubuntu/Desktop/AK8064_ws_Jun/src/motor_driver/src/ControlMotor.cpp:542:25:[m[K [01;31m[Kerror: [m[Ktemplate argument 1 is invalid
[7.490s]   542 |                         [01;31m[KRCLCPP_INFO[m[K(logger_, "Motor 0x%02X: Position held at %.2f, ready for next command",
[7.490s]       |                         [01;31m[K^~~~~~~~~~~[m[K
[7.490s] [01m[K/home/ubuntu/Desktop/AK8064_ws_Jun/src/motor_driver/src/ControlMotor.cpp:542:25:[m[K [01;31m[Kerror: [m[Ktemplate argument 1 is invalid
[7.490s]   542 |                         [01;31m[KRCLCPP_INFO[m[K(logger_, "Motor 0x%02X: Position held at %.2f, ready for next command",
[7.490s]       |                         [01;31m[K^~~~~~~~~~~[m[K
[7.500s] [01m[K/home/ubuntu/Desktop/AK8064_ws_Jun/src/motor_driver/src/ControlMotor.cpp:545:38:[m[K [01;31m[Kerror: [m[Kâ€˜[01m[Klogger_[m[Kâ€™ was not declared in this scope
[7.501s]   545 |                         RCLCPP_ERROR([01;31m[Klogger_[m[K, "Motor 0x%02X: Failed to set position hold", motor_id_);
[7.501s]       |                                      [01;31m[K^~~~~~~[m[K
[7.501s] [01m[K/home/ubuntu/Desktop/AK8064_ws_Jun/src/motor_driver/src/ControlMotor.cpp:545:25:[m[K [01;31m[Kerror: [m[Ktemplate argument 1 is invalid
[7.501s]   545 |                         [01;31m[KRCLCPP_ERROR[m[K(logger_, "Motor 0x%02X: Failed to set position hold", motor_id_);
[7.501s]       |                         [01;31m[K^~~~~~~~~~~~[m[K
[7.501s] [01m[K/home/ubuntu/Desktop/AK8064_ws_Jun/src/motor_driver/src/ControlMotor.cpp:545:25:[m[K [01;31m[Kerror: [m[Ktemplate argument 1 is invalid
[7.501s]   545 |                         [01;31m[KRCLCPP_ERROR[m[K(logger_, "Motor 0x%02X: Failed to set position hold", motor_id_);
[7.501s]       |                         [01;31m[K^~~~~~~~~~~~[m[K
[7.502s] [01m[K/home/ubuntu/Desktop/AK8064_ws_Jun/src/motor_driver/src/ControlMotor.cpp:545:25:[m[K [01;31m[Kerror: [m[Ktemplate argument 1 is invalid
[7.502s]   545 |                         [01;31m[KRCLCPP_ERROR[m[K(logger_, "Motor 0x%02X: Failed to set position hold", motor_id_);
[7.502s]       |                         [01;31m[K^~~~~~~~~~~~[m[K
[7.517s] [01m[K/home/ubuntu/Desktop/AK8064_ws_Jun/src/motor_driver/src/ControlMotor.cpp:546:25:[m[K [01;31m[Kerror: [m[Kâ€˜[01m[KtransitionTo[m[Kâ€™ was not declared in this scope
[7.518s]   546 |                         [01;31m[KtransitionTo[m[K(State::ERROR);
[7.518s]       |                         [01;31m[K^~~~~~~~~~~~[m[K
[7.530s] In file included from [01m[K/opt/ros/humble/include/rclcpp/rclcpp/client.hpp:40[m[K,
[7.530s]                  from [01m[K/opt/ros/humble/include/rclcpp/rclcpp/callback_group.hpp:24[m[K,
[7.530s]                  from [01m[K/opt/ros/humble/include/rclcpp/rclcpp/any_executable.hpp:20[m[K,
[7.530s]                  from [01m[K/opt/ros/humble/include/rclcpp/rclcpp/memory_strategy.hpp:25[m[K,
[7.530s]                  from [01m[K/opt/ros/humble/include/rclcpp/rclcpp/memory_strategies.hpp:18[m[K,
[7.530s]                  from [01m[K/opt/ros/humble/include/rclcpp/rclcpp/executor_options.hpp:20[m[K,
[7.530s]                  from [01m[K/opt/ros/humble/include/rclcpp/rclcpp/executor.hpp:37[m[K,
[7.531s]                  from [01m[K/opt/ros/humble/include/rclcpp/rclcpp/executors/multi_threaded_executor.hpp:25[m[K,
[7.531s]                  from [01m[K/opt/ros/humble/include/rclcpp/rclcpp/executors.hpp:21[m[K,
[7.531s]                  from [01m[K/opt/ros/humble/include/rclcpp/rclcpp/rclcpp.hpp:155[m[K,
[7.531s]                  from [01m[K/home/ubuntu/Desktop/AK8064_ws_Jun/src/motor_driver/src/ControlMotor.cpp:5[m[K:
[7.531s] [01m[K/home/ubuntu/Desktop/AK8064_ws_Jun/src/motor_driver/src/ControlMotor.cpp:551:26:[m[K [01;31m[Kerror: [m[Kâ€˜[01m[Klogger_[m[Kâ€™ was not declared in this scope
[7.531s]   551 |             RCLCPP_ERROR([01;31m[Klogger_[m[K, "Motor 0x%02X: PAUSED failed: %s", motor_id_, e.what());
[7.531s]       |                          [01;31m[K^~~~~~~[m[K
[7.531s] [01m[K/home/ubuntu/Desktop/AK8064_ws_Jun/src/motor_driver/src/ControlMotor.cpp:551:13:[m[K [01;31m[Kerror: [m[Ktemplate argument 1 is invalid
[7.531s]   551 |             [01;31m[KRCLCPP_ERROR[m[K(logger_, "Motor 0x%02X: PAUSED failed: %s", motor_id_, e.what());
[7.531s]       |             [01;31m[K^~~~~~~~~~~~[m[K
[7.532s] [01m[K/home/ubuntu/Desktop/AK8064_ws_Jun/src/motor_driver/src/ControlMotor.cpp:551:13:[m[K [01;31m[Kerror: [m[Ktemplate argument 1 is invalid
[7.532s]   551 |             [01;31m[KRCLCPP_ERROR[m[K(logger_, "Motor 0x%02X: PAUSED failed: %s", motor_id_, e.what());
[7.532s]       |             [01;31m[K^~~~~~~~~~~~[m[K
[7.532s] [01m[K/home/ubuntu/Desktop/AK8064_ws_Jun/src/motor_driver/src/ControlMotor.cpp:551:13:[m[K [01;31m[Kerror: [m[Ktemplate argument 1 is invalid
[7.532s]   551 |             [01;31m[KRCLCPP_ERROR[m[K(logger_, "Motor 0x%02X: PAUSED failed: %s", motor_id_, e.what());
[7.532s]       |             [01;31m[K^~~~~~~~~~~~[m[K
[7.543s] In file included from [01m[K/opt/ros/humble/include/rclcpp/rclcpp/logging.hpp:24[m[K,
[7.543s]                  from [01m[K/opt/ros/humble/include/rclcpp/rclcpp/client.hpp:40[m[K,
[7.543s]                  from [01m[K/opt/ros/humble/include/rclcpp/rclcpp/callback_group.hpp:24[m[K,
[7.543s]                  from [01m[K/opt/ros/humble/include/rclcpp/rclcpp/any_executable.hpp:20[m[K,
[7.543s]                  from [01m[K/opt/ros/humble/include/rclcpp/rclcpp/memory_strategy.hpp:25[m[K,
[7.543s]                  from [01m[K/opt/ros/humble/include/rclcpp/rclcpp/memory_strategies.hpp:18[m[K,
[7.544s]                  from [01m[K/opt/ros/humble/include/rclcpp/rclcpp/executor_options.hpp:20[m[K,
[7.544s]                  from [01m[K/opt/ros/humble/include/rclcpp/rclcpp/executor.hpp:37[m[K,
[7.544s]                  from [01m[K/opt/ros/humble/include/rclcpp/rclcpp/executors/multi_threaded_executor.hpp:25[m[K,
[7.544s]                  from [01m[K/opt/ros/humble/include/rclcpp/rclcpp/executors.hpp:21[m[K,
[7.544s]                  from [01m[K/opt/ros/humble/include/rclcpp/rclcpp/rclcpp.hpp:155[m[K,
[7.544s]                  from [01m[K/home/ubuntu/Desktop/AK8064_ws_Jun/src/motor_driver/src/ControlMotor.cpp:5[m[K:
[7.544s] [01m[K/home/ubuntu/Desktop/AK8064_ws_Jun/src/motor_driver/src/ControlMotor.cpp:551:70:[m[K [01;31m[Kerror: [m[Kâ€˜[01m[Kmotor_id_[m[Kâ€™ was not declared in this scope; did you mean â€˜[01m[KmotorId[m[Kâ€™?
[7.544s]   551 |    RCLCPP_ERROR(logger_, "Motor 0x%02X: PAUSED failed: %s", [01;31m[Kmotor_id_[m[K, e.what());
[7.544s]       |                                                             [01;31m[K^~~~~~~~~[m[K
[7.545s] 
[7.560s] [01m[K/home/ubuntu/Desktop/AK8064_ws_Jun/src/motor_driver/src/ControlMotor.cpp:552:13:[m[K [01;31m[Kerror: [m[Kâ€˜[01m[KtransitionTo[m[Kâ€™ was not declared in this scope
[7.560s]   552 |             [01;31m[KtransitionTo[m[K(State::ERROR);
[7.560s]       |             [01;31m[K^~~~~~~~~~~~[m[K
[7.561s] [01m[K/home/ubuntu/Desktop/AK8064_ws_Jun/src/motor_driver/src/ControlMotor.cpp:555:47:[m[K [01;31m[Kerror: [m[Ka function-definition is not allowed here before â€˜[01m[K{[m[Kâ€™ token
[7.561s]   555 |     void handleStopped(const MotorData& data) [01;31m[K{[m[K
[7.561s]       |                                               [01;31m[K^[m[K
[7.561s] [01m[K/home/ubuntu/Desktop/AK8064_ws_Jun/src/motor_driver/src/ControlMotor.cpp:559:45:[m[K [01;31m[Kerror: [m[Ka function-definition is not allowed here before â€˜[01m[K{[m[Kâ€™ token
[7.562s]   559 |     void handleError(const MotorData& data) [01;31m[K{[m[K
[7.562s]       |                                             [01;31m[K^[m[K
[7.562s] [01m[K/home/ubuntu/Desktop/AK8064_ws_Jun/src/motor_driver/src/ControlMotor.cpp:587:33:[m[K [01;31m[Kerror: [m[Ka function-definition is not allowed here before â€˜[01m[K{[m[Kâ€™ token
[7.562s]   587 |     void initializeCommandMap() [01;31m[K{[m[K
[7.562s]       |                                 [01;31m[K^[m[K
[7.563s] [01m[K/home/ubuntu/Desktop/AK8064_ws_Jun/src/motor_driver/src/ControlMotor.cpp:720:66:[m[K [01;31m[Kerror: [m[Ka function-definition is not allowed here before â€˜[01m[K{[m[Kâ€™ token
[7.563s]   720 |     void validatePositions(const std::vector<double>& positions) [01;31m[K{[m[K
[7.564s]       |                                                                  [01;31m[K^[m[K
[7.564s] [01m[K/home/ubuntu/Desktop/AK8064_ws_Jun/src/motor_driver/src/ControlMotor.cpp:730:26:[m[K [01;31m[Kerror: [m[Ka function-definition is not allowed here before â€˜[01m[K{[m[Kâ€™ token
[7.564s]   730 |     void validateSpeed() [01;31m[K{[m[K
[7.564s]       |                          [01;31m[K^[m[K
[7.564s] [01m[K/home/ubuntu/Desktop/AK8064_ws_Jun/src/motor_driver/src/ControlMotor.cpp:738:26:[m[K [01;31m[Kerror: [m[Ka function-definition is not allowed here before â€˜[01m[K{[m[Kâ€™ token
[7.565s]   738 |     void validateAccel() [01;31m[K{[m[K
[7.565s]       |                          [01;31m[K^[m[K
[7.565s] [01m[K/home/ubuntu/Desktop/AK8064_ws_Jun/src/motor_driver/src/ControlMotor.cpp:746:25:[m[K [01;31m[Kerror: [m[Ka function-definition is not allowed here before â€˜[01m[K{[m[Kâ€™ token
[7.565s]   746 |     void validateStep() [01;31m[K{[m[K
[7.565s]       |                         [01;31m[K^[m[K
[7.565s] [01m[K/home/ubuntu/Desktop/AK8064_ws_Jun/src/motor_driver/src/ControlMotor.cpp:753:27:[m[K [01;31m[Kerror: [m[Ka function-definition is not allowed here before â€˜[01m[K{[m[Kâ€™ token
[7.566s]   753 |     void validateRepeat() [01;31m[K{[m[K
[7.566s]       |                           [01;31m[K^[m[K
[7.566s] [01m[K/home/ubuntu/Desktop/AK8064_ws_Jun/src/motor_driver/src/ControlMotor.cpp:760:40:[m[K [01;31m[Kerror: [m[Ka function-definition is not allowed here before â€˜[01m[K{[m[Kâ€™ token
[7.566s]   760 |     void transitionTo(State new_state) [01;31m[K{[m[K
[7.566s]       |                                        [01;31m[K^[m[K
[7.566s] [01m[K/home/ubuntu/Desktop/AK8064_ws_Jun/src/motor_driver/src/ControlMotor.cpp:768:22:[m[K [01;31m[Kerror: [m[Ka function-definition is not allowed here before â€˜[01m[K{[m[Kâ€™ token
[7.567s]   768 |     void setOrigin() [01;31m[K{[m[K
[7.567s]       |                      [01;31m[K^[m[K
[7.567s] [01m[K/home/ubuntu/Desktop/AK8064_ws_Jun/src/motor_driver/src/ControlMotor.cpp:782:33:[m[K [01;31m[Kerror: [m[Ka function-definition is not allowed here before â€˜[01m[K{[m[Kâ€™ token
[7.567s]   782 |     void initializeParameters() [01;31m[K{[m[K
[7.567s]       |                                 [01;31m[K^[m[K
[7.567s] [01m[K/home/ubuntu/Desktop/AK8064_ws_Jun/src/motor_driver/src/ControlMotor.cpp:822:1:[m[K [01;31m[Kerror: [m[Kexpected primary-expression before â€˜[01m[Kpublic[m[Kâ€™
[7.567s]   822 | [01;31m[Kpublic[m[K:
[7.567s]       | [01;31m[K^~~~~~[m[K
[7.567s] [01m[K/home/ubuntu/Desktop/AK8064_ws_Jun/src/motor_driver/src/ControlMotor.cpp:825:1:[m[K [01;31m[Kerror: [m[Kexpected primary-expression before â€˜[01m[Kprivate[m[Kâ€™
[7.568s]   825 | [01;31m[Kprivate[m[K:
[7.568s]       | [01;31m[K^~~~~~~[m[K
[7.568s] [01m[K/home/ubuntu/Desktop/AK8064_ws_Jun/src/motor_driver/src/ControlMotor.cpp:833:20:[m[K [01;31m[Kerror: [m[Kâ€˜[01m[Krclcpp::Logger::Logger()[m[Kâ€™ is private within this context
[7.568s]   833 |     rclcpp::Logger [01;31m[Klogger_[m[K;
[7.568s]       |                    [01;31m[K^~~~~~~[m[K
[7.568s] In file included from [01m[K/opt/ros/humble/include/rclcpp/rclcpp/logging.hpp:23[m[K,
[7.568s]                  from [01m[K/opt/ros/humble/include/rclcpp/rclcpp/client.hpp:40[m[K,
[7.568s]                  from [01m[K/opt/ros/humble/include/rclcpp/rclcpp/callback_group.hpp:24[m[K,
[7.568s]                  from [01m[K/opt/ros/humble/include/rclcpp/rclcpp/any_executable.hpp:20[m[K,
[7.569s]                  from [01m[K/opt/ros/humble/include/rclcpp/rclcpp/memory_strategy.hpp:25[m[K,
[7.569s]                  from [01m[K/opt/ros/humble/include/rclcpp/rclcpp/memory_strategies.hpp:18[m[K,
[7.569s]                  from [01m[K/opt/ros/humble/include/rclcpp/rclcpp/executor_options.hpp:20[m[K,
[7.569s]                  from [01m[K/opt/ros/humble/include/rclcpp/rclcpp/executor.hpp:37[m[K,
[7.569s]                  from [01m[K/opt/ros/humble/include/rclcpp/rclcpp/executors/multi_threaded_executor.hpp:25[m[K,
[7.569s]                  from [01m[K/opt/ros/humble/include/rclcpp/rclcpp/executors.hpp:21[m[K,
[7.569s]                  from [01m[K/opt/ros/humble/include/rclcpp/rclcpp/rclcpp.hpp:155[m[K,
[7.569s]                  from [01m[K/home/ubuntu/Desktop/AK8064_ws_Jun/src/motor_driver/src/ControlMotor.cpp:5[m[K:
[7.569s] [01m[K/opt/ros/humble/include/rclcpp/rclcpp/logger.hpp:114:3:[m[K [01;36m[Knote: [m[Kdeclared private here
[7.570s]   114 |   [01;36m[KLogger[m[K()
[7.570s]       |   [01;36m[K^~~~~~[m[K
[7.570s] [01m[K/home/ubuntu/Desktop/AK8064_ws_Jun/src/motor_driver/src/ControlMotor.cpp:851:19:[m[K [01;31m[Kerror: [m[Kno matching function for call to â€˜[01m[KSafetyChecker::SafetyChecker()[m[Kâ€™
[7.570s]   851 |     SafetyChecker [01;31m[Ksafety_checker_[m[K;
[7.570s]       |                   [01;31m[K^~~~~~~~~~~~~~~[m[K
[7.570s] [01m[K/home/ubuntu/Desktop/AK8064_ws_Jun/src/motor_driver/src/ControlMotor.cpp:128:5:[m[K [01;36m[Knote: [m[Kcandidate: â€˜[01m[KSafetyChecker::SafetyChecker(float, float, int)[m[Kâ€™
[7.570s]   128 |     [01;36m[KSafetyChecker[m[K(float min_angle, float max_angle, int max_temperature)
[7.570s]       |     [01;36m[K^~~~~~~~~~~~~[m[K
[7.571s] [01m[K/home/ubuntu/Desktop/AK8064_ws_Jun/src/motor_driver/src/ControlMotor.cpp:128:5:[m[K [01;36m[Knote: [m[K  candidate expects 3 arguments, 0 provided
[7.571s] [01m[K/home/ubuntu/Desktop/AK8064_ws_Jun/src/motor_driver/src/ControlMotor.cpp:126:7:[m[K [01;36m[Knote: [m[Kcandidate: â€˜[01m[Kconstexpr SafetyChecker::SafetyChecker(const SafetyChecker&)[m[Kâ€™
[7.571s]   126 | class [01;36m[KSafetyChecker[m[K {
[7.571s]       |       [01;36m[K^~~~~~~~~~~~~[m[K
[7.571s] [01m[K/home/ubuntu/Desktop/AK8064_ws_Jun/src/motor_driver/src/ControlMotor.cpp:126:7:[m[K [01;36m[Knote: [m[K  candidate expects 1 argument, 0 provided
[7.571s] [01m[K/home/ubuntu/Desktop/AK8064_ws_Jun/src/motor_driver/src/ControlMotor.cpp:126:7:[m[K [01;36m[Knote: [m[Kcandidate: â€˜[01m[Kconstexpr SafetyChecker::SafetyChecker(SafetyChecker&&)[m[Kâ€™
[7.571s] [01m[K/home/ubuntu/Desktop/AK8064_ws_Jun/src/motor_driver/src/ControlMotor.cpp:126:7:[m[K [01;36m[Knote: [m[K  candidate expects 1 argument, 0 provided
[7.571s] [01m[K/home/ubuntu/Desktop/AK8064_ws_Jun/src/motor_driver/src/ControlMotor.cpp:852:20:[m[K [01;31m[Kerror: [m[Kno matching function for call to â€˜[01m[KStatePublisher::StatePublisher()[m[Kâ€™
[7.571s]   852 |     StatePublisher [01;31m[Kstate_publisher_[m[K;
[7.572s]       |                    [01;31m[K^~~~~~~~~~~~~~~~[m[K
[7.572s] [01m[K/home/ubuntu/Desktop/AK8064_ws_Jun/src/motor_driver/src/ControlMotor.cpp:153:5:[m[K [01;36m[Knote: [m[Kcandidate: â€˜[01m[KStatePublisher::StatePublisher(rclcpp::Node*, const string&)[m[Kâ€™
[7.572s]   153 |     [01;36m[KStatePublisher[m[K(rclcpp::Node* node, const std::string& name)
[7.572s]       |     [01;36m[K^~~~~~~~~~~~~~[m[K
[7.572s] [01m[K/home/ubuntu/Desktop/AK8064_ws_Jun/src/motor_driver/src/ControlMotor.cpp:153:5:[m[K [01;36m[Knote: [m[K  candidate expects 2 arguments, 0 provided
[7.572s] [01m[K/home/ubuntu/Desktop/AK8064_ws_Jun/src/motor_driver/src/ControlMotor.cpp:151:7:[m[K [01;36m[Knote: [m[Kcandidate: â€˜[01m[KStatePublisher::StatePublisher(const StatePublisher&)[m[Kâ€™
[7.572s]   151 | class [01;36m[KStatePublisher[m[K {
[7.573s]       |       [01;36m[K^~~~~~~~~~~~~~[m[K
[7.573s] [01m[K/home/ubuntu/Desktop/AK8064_ws_Jun/src/motor_driver/src/ControlMotor.cpp:151:7:[m[K [01;36m[Knote: [m[K  candidate expects 1 argument, 0 provided
[7.573s] [01m[K/home/ubuntu/Desktop/AK8064_ws_Jun/src/motor_driver/src/ControlMotor.cpp:151:7:[m[K [01;36m[Knote: [m[Kcandidate: â€˜[01m[KStatePublisher::StatePublisher(StatePublisher&&)[m[Kâ€™
[7.573s] [01m[K/home/ubuntu/Desktop/AK8064_ws_Jun/src/motor_driver/src/ControlMotor.cpp:151:7:[m[K [01;36m[Knote: [m[K  candidate expects 1 argument, 0 provided
[7.679s] [01m[K/home/ubuntu/Desktop/AK8064_ws_Jun/src/motor_driver/src/ControlMotor.cpp:[m[K In member function â€˜[01m[Kvoid MotorController::MotorControlNode::controlLoop()[m[Kâ€™:
[7.679s] [01m[K/home/ubuntu/Desktop/AK8064_ws_Jun/src/motor_driver/src/ControlMotor.cpp:917:59:[m[K [01;31m[Kerror: [m[Kâ€˜[01m[KVELOCITY_CONVERSION_FACTOR[m[Kâ€™ is not a member of â€˜[01m[KMotorController[m[Kâ€™
[7.680s]   917 |                         data.velocity *= MotorController::[01;31m[KVELOCITY_CONVERSION_FACTOR[m[K;
[7.680s]       |                                                           [01;31m[K^~~~~~~~~~~~~~~~~~~~~~~~~~[m[K
[7.697s] [01m[K/home/ubuntu/Desktop/AK8064_ws_Jun/src/motor_driver/src/ControlMotor.cpp:[m[K At global scope:
[7.698s] [01m[K/home/ubuntu/Desktop/AK8064_ws_Jun/src/motor_driver/src/ControlMotor.cpp:996:2:[m[K [01;31m[Kerror: [m[Kexpected unqualified-id at end of input
[7.698s]   996 | }
[7.698s]       |  [01;31m[K^[m[K
[13.121s] gmake[2]: *** [CMakeFiles/ControlMotor.dir/build.make:76: CMakeFiles/ControlMotor.dir/src/ControlMotor.cpp.o] Error 1
[13.121s] gmake[1]: *** [CMakeFiles/Makefile2:137: CMakeFiles/ControlMotor.dir/all] Error 2
[13.122s] gmake: *** [Makefile:146: all] Error 2
[13.127s] Invoked command in '/home/ubuntu/Desktop/AK8064_ws_Jun/build/motor_driver' returned '2': AMENT_PREFIX_PATH=/home/ubuntu/Desktop/AK8064_ws_Jun/install/can_interface:${AMENT_PREFIX_PATH} CMAKE_PREFIX_PATH=/home/ubuntu/Desktop/AK8064_ws_Jun/install/can_interface:/opt/ros/humble LD_LIBRARY_PATH=/home/ubuntu/Desktop/AK8064_ws_Jun/install/can_interface/lib:${LD_LIBRARY_PATH} /usr/bin/cmake --build /home/ubuntu/Desktop/AK8064_ws_Jun/build/motor_driver -- -j8 -l8
