In file included from [01m[K/opt/ros/humble/include/rclcpp/rclcpp/logging.hpp:24[m[K,
                 from [01m[K/opt/ros/humble/include/rclcpp/rclcpp/client.hpp:40[m[K,
                 from [01m[K/opt/ros/humble/include/rclcpp/rclcpp/callback_group.hpp:24[m[K,
                 from [01m[K/opt/ros/humble/include/rclcpp/rclcpp/any_executable.hpp:20[m[K,
                 from [01m[K/opt/ros/humble/include/rclcpp/rclcpp/memory_strategy.hpp:25[m[K,
                 from [01m[K/opt/ros/humble/include/rclcpp/rclcpp/memory_strategies.hpp:18[m[K,
                 from [01m[K/opt/ros/humble/include/rclcpp/rclcpp/executor_options.hpp:20[m[K,
                 from [01m[K/opt/ros/humble/include/rclcpp/rclcpp/executor.hpp:37[m[K,
                 from [01m[K/opt/ros/humble/include/rclcpp/rclcpp/executors/multi_threaded_executor.hpp:25[m[K,
                 from [01m[K/opt/ros/humble/include/rclcpp/rclcpp/executors.hpp:21[m[K,
                 from [01m[K/opt/ros/humble/include/rclcpp/rclcpp/rclcpp.hpp:155[m[K,
                 from [01m[K/home/ubuntu/Desktop/AK8064_ws_Jun/src/motor_driver/src/ControlMotor.cpp:1522[m[K:
[01m[K/home/ubuntu/Desktop/AK8064_ws_Jun/src/motor_driver/src/ControlMotor.cpp:[m[K In member function â€˜[01m[Kvoid MotorController::handlePaused(const MotorData&)[m[Kâ€™:
[01m[K/home/ubuntu/Desktop/AK8064_ws_Jun/src/motor_driver/src/ControlMotor.cpp:1993:41:[m[K [01;31m[Kerror: [m[Kâ€˜[01m[Kresponse[m[Kâ€™ was not declared in this scope
 1993 |   RCLCPP_ERROR(logger_, "{}", [01;31m[Kresponse[m[K);
      |                               [01;31m[K^~~~~~~~[m[K

[01m[K/home/ubuntu/Desktop/AK8064_ws_Jun/src/motor_driver/src/ControlMotor.cpp:[m[K In member function â€˜[01m[Kvoid MotorController::handleError(const MotorData&)[m[Kâ€™:
[01m[K/home/ubuntu/Desktop/AK8064_ws_Jun/src/motor_driver/src/ControlMotor.cpp:2004:22:[m[K [01;31m[Kerror: [m[Kno matching function for call to â€˜[01m[KMotorController::handleStopped()[m[Kâ€™
 2004 |         [01;31m[KhandleStopped()[m[K;
      |         [01;31m[K~~~~~~~~~~~~~^~[m[K
[01m[K/home/ubuntu/Desktop/AK8064_ws_Jun/src/motor_driver/src/ControlMotor.cpp:1999:10:[m[K [01;36m[Knote: [m[Kcandidate: â€˜[01m[Kvoid MotorController::handleStopped(const MotorData&)[m[Kâ€™
 1999 |     void [01;36m[KhandleStopped[m[K(const MotorData& data) {
      |          [01;36m[K^~~~~~~~~~~~~[m[K
[01m[K/home/ubuntu/Desktop/AK8064_ws_Jun/src/motor_driver/src/ControlMotor.cpp:1999:10:[m[K [01;36m[Knote: [m[K  candidate expects 1 argument, 0 provided
[01m[K/home/ubuntu/Desktop/AK8064_ws_Jun/src/motor_driver/src/ControlMotor.cpp:2011:25:[m[K [01;31m[Kerror: [m[Kno matching function for call to â€˜[01m[KMotorController::handleHoming()[m[Kâ€™
 2011 |             [01;31m[KhandleHoming()[m[K;
      |             [01;31m[K~~~~~~~~~~~~^~[m[K
[01m[K/home/ubuntu/Desktop/AK8064_ws_Jun/src/motor_driver/src/ControlMotor.cpp:1923:10:[m[K [01;36m[Knote: [m[Kcandidate: â€˜[01m[Kvoid MotorController::handleHoming(const MotorData&)[m[Kâ€™
 1923 |     void [01;36m[KhandleHoming[m[K(const MotorData& data) {
      |          [01;36m[K^~~~~~~~~~~~[m[K
[01m[K/home/ubuntu/Desktop/AK8064_ws_Jun/src/motor_driver/src/ControlMotor.cpp:1923:10:[m[K [01;36m[Knote: [m[K  candidate expects 1 argument, 0 provided
gmake[2]: *** [CMakeFiles/ControlMotor.dir/build.make:76: CMakeFiles/ControlMotor.dir/src/ControlMotor.cpp.o] Error 1
gmake[1]: *** [CMakeFiles/Makefile2:137: CMakeFiles/ControlMotor.dir/all] Error 2
gmake: *** [Makefile:146: all] Error 2
