[0.020s] Invoking command in '/home/ubuntu/Desktop/AK8064_ws_Jun/build/motor_driver': AMENT_PREFIX_PATH=/home/ubuntu/Desktop/AK8064_ws_Jun/install/can_interface:${AMENT_PREFIX_PATH} CMAKE_PREFIX_PATH=/home/ubuntu/Desktop/AK8064_ws_Jun/install/can_interface:/opt/ros/humble LD_LIBRARY_PATH=/home/ubuntu/Desktop/AK8064_ws_Jun/install/can_interface/lib:${LD_LIBRARY_PATH} /usr/bin/cmake --build /home/ubuntu/Desktop/AK8064_ws_Jun/build/motor_driver -- -j8 -l8
[0.115s] [35m[1mConsolidate compiler generated dependencies of target ControlMotor[0m
[0.176s] [ 50%] [32mBuilding CXX object CMakeFiles/ControlMotor.dir/src/ControlMotor.cpp.o[0m
[5.128s] [01m[K/home/ubuntu/Desktop/AK8064_ws_Jun/src/motor_driver/src/ControlMotor.cpp:2064:2:[m[K [01;31m[Kerror: [m[Kexpected â€˜[01m[K}[m[Kâ€™ at end of input
[5.128s]  2064 | }
[5.129s]       |  [01;31m[K^[m[K
[5.129s] [01m[K/home/ubuntu/Desktop/AK8064_ws_Jun/src/motor_driver/src/ControlMotor.cpp:1161:49:[m[K [01;36m[Knote: [m[Kto match this â€˜[01m[K{[m[Kâ€™
[5.129s]  1161 | class MotorController : public IMotorController [01;36m[K{[m[K
[5.129s]       |                                                 [01;36m[K^[m[K
[5.129s] [01m[K/home/ubuntu/Desktop/AK8064_ws_Jun/src/motor_driver/src/ControlMotor.cpp:[m[K In constructor â€˜[01m[KMotorController::MotorController(uint8_t, std::shared_ptr<ICANInterface>, rclcpp::Node*, const string&)[m[Kâ€™:
[5.129s] [01m[K/home/ubuntu/Desktop/AK8064_ws_Jun/src/motor_driver/src/ControlMotor.cpp:1169:11:[m[K [01;31m[Kerror: [m[Kclass â€˜[01m[KMotorController[m[Kâ€™ does not have any field named â€˜[01m[Kmotor_id_[m[Kâ€™
[5.130s]  1169 |         : [01;31m[Kmotor_id_[m[K(motor_id), can_(can), node_(node), logger_(node->get_logger()),
[5.130s]       |           [01;31m[K^~~~~~~~~[m[K
[5.130s] [01m[K/home/ubuntu/Desktop/AK8064_ws_Jun/src/motor_driver/src/ControlMotor.cpp:1169:32:[m[K [01;31m[Kerror: [m[Kclass â€˜[01m[KMotorController[m[Kâ€™ does not have any field named â€˜[01m[Kcan_[m[Kâ€™
[5.130s]  1169 |         : motor_id_(motor_id), [01;31m[Kcan_[m[K(can), node_(node), logger_(node->get_logger()),
[5.130s]       |                                [01;31m[K^~~~[m[K
[5.130s] [01m[K/home/ubuntu/Desktop/AK8064_ws_Jun/src/motor_driver/src/ControlMotor.cpp:1169:43:[m[K [01;31m[Kerror: [m[Kclass â€˜[01m[KMotorController[m[Kâ€™ does not have any field named â€˜[01m[Knode_[m[Kâ€™
[5.130s]  1169 |         : motor_id_(motor_id), can_(can), [01;31m[Knode_[m[K(node), logger_(node->get_logger()),
[5.131s]       |                                           [01;31m[K^~~~~[m[K
[5.131s] [01m[K/home/ubuntu/Desktop/AK8064_ws_Jun/src/motor_driver/src/ControlMotor.cpp:1169:56:[m[K [01;31m[Kerror: [m[Kclass â€˜[01m[KMotorController[m[Kâ€™ does not have any field named â€˜[01m[Klogger_[m[Kâ€™
[5.131s]  1169 |         : motor_id_(motor_id), can_(can), node_(node), [01;31m[Klogger_[m[K(node->get_logger()),
[5.131s]       |                                                        [01;31m[K^~~~~~~[m[K
[5.131s] [01m[K/home/ubuntu/Desktop/AK8064_ws_Jun/src/motor_driver/src/ControlMotor.cpp:1170:11:[m[K [01;31m[Kerror: [m[Kclass â€˜[01m[KMotorController[m[Kâ€™ does not have any field named â€˜[01m[Kstate_[m[Kâ€™
[5.131s]  1170 |           [01;31m[Kstate_[m[K(State::INITIALIZING), mode_(Mode::MANUAL), is_origin_set_(false),
[5.132s]       |           [01;31m[K^~~~~~[m[K
[5.132s] [01m[K/home/ubuntu/Desktop/AK8064_ws_Jun/src/motor_driver/src/ControlMotor.cpp:1170:40:[m[K [01;31m[Kerror: [m[Kclass â€˜[01m[KMotorController[m[Kâ€™ does not have any field named â€˜[01m[Kmode_[m[Kâ€™
[5.132s]  1170 |           state_(State::INITIALIZING), [01;31m[Kmode_[m[K(Mode::MANUAL), is_origin_set_(false),
[5.132s]       |                                        [01;31m[K^~~~~[m[K
[5.132s] [01m[K/home/ubuntu/Desktop/AK8064_ws_Jun/src/motor_driver/src/ControlMotor.cpp:1170:61:[m[K [01;31m[Kerror: [m[Kclass â€˜[01m[KMotorController[m[Kâ€™ does not have any field named â€˜[01m[Kis_origin_set_[m[Kâ€™
[5.133s]  1170 |       state_(State::INITIALIZING), mode_(Mode::MANUAL), [01;31m[Kis_origin_set_[m[K(false),
[5.133s]       |                                                         [01;31m[K^~~~~~~~~~~~~~[m[K
[5.133s] 
[5.133s] [01m[K/home/ubuntu/Desktop/AK8064_ws_Jun/src/motor_driver/src/ControlMotor.cpp:1171:11:[m[K [01;31m[Kerror: [m[Kclass â€˜[01m[KMotorController[m[Kâ€™ does not have any field named â€˜[01m[Kis_home_[m[Kâ€™
[5.133s]  1171 |           [01;31m[Kis_home_[m[K(false), current_target_index_(0), reach_counter_(0),
[5.133s]       |           [01;31m[K^~~~~~~~[m[K
[5.134s] [01m[K/home/ubuntu/Desktop/AK8064_ws_Jun/src/motor_driver/src/ControlMotor.cpp:1171:28:[m[K [01;31m[Kerror: [m[Kclass â€˜[01m[KMotorController[m[Kâ€™ does not have any field named â€˜[01m[Kcurrent_target_index_[m[Kâ€™
[5.134s]  1171 |           is_home_(false), [01;31m[Kcurrent_target_index_[m[K(0), reach_counter_(0),
[5.134s]       |                            [01;31m[K^~~~~~~~~~~~~~~~~~~~~[m[K
[5.134s] [01m[K/home/ubuntu/Desktop/AK8064_ws_Jun/src/motor_driver/src/ControlMotor.cpp:1171:54:[m[K [01;31m[Kerror: [m[Kclass â€˜[01m[KMotorController[m[Kâ€™ does not have any field named â€˜[01m[Kreach_counter_[m[Kâ€™
[5.134s]  1171 |           is_home_(false), current_target_index_(0), [01;31m[Kreach_counter_[m[K(0),
[5.134s]       |                                                      [01;31m[K^~~~~~~~~~~~~~[m[K
[5.135s] [01m[K/home/ubuntu/Desktop/AK8064_ws_Jun/src/motor_driver/src/ControlMotor.cpp:1172:11:[m[K [01;31m[Kerror: [m[Kclass â€˜[01m[KMotorController[m[Kâ€™ does not have any field named â€˜[01m[Ktarget_reached_[m[Kâ€™
[5.135s]  1172 |           [01;31m[Ktarget_reached_[m[K(true), speed_(10000.0), accel_(1000.0), min_angle_(-20.0),
[5.135s]       |           [01;31m[K^~~~~~~~~~~~~~~[m[K
[5.135s] [01m[K/home/ubuntu/Desktop/AK8064_ws_Jun/src/motor_driver/src/ControlMotor.cpp:1172:34:[m[K [01;31m[Kerror: [m[Kclass â€˜[01m[KMotorController[m[Kâ€™ does not have any field named â€˜[01m[Kspeed_[m[Kâ€™
[5.135s]  1172 |           target_reached_(true), [01;31m[Kspeed_[m[K(10000.0), accel_(1000.0), min_angle_(-20.0),
[5.135s]       |                                  [01;31m[K^~~~~~[m[K
[5.136s] [01m[K/home/ubuntu/Desktop/AK8064_ws_Jun/src/motor_driver/src/ControlMotor.cpp:1172:51:[m[K [01;31m[Kerror: [m[Kclass â€˜[01m[KMotorController[m[Kâ€™ does not have any field named â€˜[01m[Kaccel_[m[Kâ€™
[5.136s]  1172 |           target_reached_(true), speed_(10000.0), [01;31m[Kaccel_[m[K(1000.0), min_angle_(-20.0),
[5.136s]       |                                                   [01;31m[K^~~~~~[m[K
[5.136s] [01m[K/home/ubuntu/Desktop/AK8064_ws_Jun/src/motor_driver/src/ControlMotor.cpp:1172:67:[m[K [01;31m[Kerror: [m[Kclass â€˜[01m[KMotorController[m[Kâ€™ does not have any field named â€˜[01m[Kmin_angle_[m[Kâ€™
[5.136s]  1172 | target_reached_(true), speed_(10000.0), accel_(1000.0), [01;31m[Kmin_angle_[m[K(-20.0),
[5.136s]       |                                                         [01;31m[K^~~~~~~~~~[m[K
[5.137s] 
[5.137s] [01m[K/home/ubuntu/Desktop/AK8064_ws_Jun/src/motor_driver/src/ControlMotor.cpp:1173:11:[m[K [01;31m[Kerror: [m[Kclass â€˜[01m[KMotorController[m[Kâ€™ does not have any field named â€˜[01m[Kmax_angle_[m[Kâ€™
[5.137s]  1173 |           [01;31m[Kmax_angle_[m[K(90.0), step_(5), target_position_(0.0), pause_position_(0.0),
[5.137s]       |           [01;31m[K^~~~~~~~~~[m[K
[5.137s] [01m[K/home/ubuntu/Desktop/AK8064_ws_Jun/src/motor_driver/src/ControlMotor.cpp:1173:29:[m[K [01;31m[Kerror: [m[Kclass â€˜[01m[KMotorController[m[Kâ€™ does not have any field named â€˜[01m[Kstep_[m[Kâ€™
[5.137s]  1173 |           max_angle_(90.0), [01;31m[Kstep_[m[K(5), target_position_(0.0), pause_position_(0.0),
[5.138s]       |                             [01;31m[K^~~~~[m[K
[5.138s] [01m[K/home/ubuntu/Desktop/AK8064_ws_Jun/src/motor_driver/src/ControlMotor.cpp:1173:39:[m[K [01;31m[Kerror: [m[Kclass â€˜[01m[KMotorController[m[Kâ€™ does not have any field named â€˜[01m[Ktarget_position_[m[Kâ€™
[5.138s]  1173 |           max_angle_(90.0), step_(5), [01;31m[Ktarget_position_[m[K(0.0), pause_position_(0.0),
[5.138s]       |                                       [01;31m[K^~~~~~~~~~~~~~~~[m[K
[5.138s] [01m[K/home/ubuntu/Desktop/AK8064_ws_Jun/src/motor_driver/src/ControlMotor.cpp:1173:62:[m[K [01;31m[Kerror: [m[Kclass â€˜[01m[KMotorController[m[Kâ€™ does not have any field named â€˜[01m[Kpause_position_[m[Kâ€™
[5.138s]  1173 |      max_angle_(90.0), step_(5), target_position_(0.0), [01;31m[Kpause_position_[m[K(0.0),
[5.139s]       |                                                         [01;31m[K^~~~~~~~~~~~~~~[m[K
[5.139s] 
[5.139s] [01m[K/home/ubuntu/Desktop/AK8064_ws_Jun/src/motor_driver/src/ControlMotor.cpp:1174:11:[m[K [01;31m[Kerror: [m[Kclass â€˜[01m[KMotorController[m[Kâ€™ does not have any field named â€˜[01m[Kreach_count_max_[m[Kâ€™
[5.139s]  1174 |           [01;31m[Kreach_count_max_[m[K(100), safety_checker_(min_angle_, max_angle_, MAX_MOTOR_TEMPERATURE),
[5.139s]       |           [01;31m[K^~~~~~~~~~~~~~~~[m[K
[5.139s] [01m[K/home/ubuntu/Desktop/AK8064_ws_Jun/src/motor_driver/src/ControlMotor.cpp:1174:34:[m[K [01;31m[Kerror: [m[Kclass â€˜[01m[KMotorController[m[Kâ€™ does not have any field named â€˜[01m[Ksafety_checker_[m[Kâ€™
[5.140s]  1174 |           reach_count_max_(100), [01;31m[Ksafety_checker_[m[K(min_angle_, max_angle_, MAX_MOTOR_TEMPERATURE),
[5.140s]       |                                  [01;31m[K^~~~~~~~~~~~~~~[m[K
[5.146s] [01m[K/home/ubuntu/Desktop/AK8064_ws_Jun/src/motor_driver/src/ControlMotor.cpp:1174:50:[m[K [01;31m[Kerror: [m[Kâ€˜[01m[Kmin_angle_[m[Kâ€™ was not declared in this scope
[5.146s]  1174 |           reach_count_max_(100), safety_checker_([01;31m[Kmin_angle_[m[K, max_angle_, MAX_MOTOR_TEMPERATURE),
[5.147s]       |                                                  [01;31m[K^~~~~~~~~~[m[K
[5.160s] [01m[K/home/ubuntu/Desktop/AK8064_ws_Jun/src/motor_driver/src/ControlMotor.cpp:1174:62:[m[K [01;31m[Kerror: [m[Kâ€˜[01m[Kmax_angle_[m[Kâ€™ was not declared in this scope
[5.160s]  1174 |      reach_count_max_(100), safety_checker_(min_angle_, [01;31m[Kmax_angle_[m[K, MAX_MOTOR_TEMPERATURE),
[5.160s]       |                                                         [01;31m[K^~~~~~~~~~[m[K
[5.160s] 
[5.184s] [01m[K/home/ubuntu/Desktop/AK8064_ws_Jun/src/motor_driver/src/ControlMotor.cpp:1174:74:[m[K [01;31m[Kerror: [m[Kâ€˜[01m[KMAX_MOTOR_TEMPERATURE[m[Kâ€™ was not declared in this scope
[5.184s]  1174 | ount_max_(100), safety_checker_(min_angle_, max_angle_, [01;31m[KMAX_MOTOR_TEMPERATURE[m[K),
[5.184s]       |                                                         [01;31m[K^~~~~~~~~~~~~~~~~~~~~[m[K
[5.184s] 
[5.184s] [01m[K/home/ubuntu/Desktop/AK8064_ws_Jun/src/motor_driver/src/ControlMotor.cpp:1175:11:[m[K [01;31m[Kerror: [m[Kclass â€˜[01m[KMotorController[m[Kâ€™ does not have any field named â€˜[01m[Kstate_publisher_[m[Kâ€™
[5.184s]  1175 |           [01;31m[Kstate_publisher_[m[K(node, name), param_prefix_(name + "."),
[5.185s]       |           [01;31m[K^~~~~~~~~~~~~~~~[m[K
[5.185s] [01m[K/home/ubuntu/Desktop/AK8064_ws_Jun/src/motor_driver/src/ControlMotor.cpp:1175:41:[m[K [01;31m[Kerror: [m[Kclass â€˜[01m[KMotorController[m[Kâ€™ does not have any field named â€˜[01m[Kparam_prefix_[m[Kâ€™
[5.185s]  1175 |           state_publisher_(node, name), [01;31m[Kparam_prefix_[m[K(name + "."),
[5.185s]       |                                         [01;31m[K^~~~~~~~~~~~~[m[K
[5.185s] [01m[K/home/ubuntu/Desktop/AK8064_ws_Jun/src/motor_driver/src/ControlMotor.cpp:1176:11:[m[K [01;31m[Kerror: [m[Kclass â€˜[01m[KMotorController[m[Kâ€™ does not have any field named â€˜[01m[Klast_command_[m[Kâ€™
[5.186s]  1176 |           [01;31m[Klast_command_[m[K(), pre_pause_command_(), last_command_time_(node_->now()),
[5.186s]       |           [01;31m[K^~~~~~~~~~~~~[m[K
[5.186s] [01m[K/home/ubuntu/Desktop/AK8064_ws_Jun/src/motor_driver/src/ControlMotor.cpp:1176:28:[m[K [01;31m[Kerror: [m[Kclass â€˜[01m[KMotorController[m[Kâ€™ does not have any field named â€˜[01m[Kpre_pause_command_[m[Kâ€™
[5.186s]  1176 |           last_command_(), [01;31m[Kpre_pause_command_[m[K(), last_command_time_(node_->now()),
[5.186s]       |                            [01;31m[K^~~~~~~~~~~~~~~~~~[m[K
[5.186s] [01m[K/home/ubuntu/Desktop/AK8064_ws_Jun/src/motor_driver/src/ControlMotor.cpp:1176:50:[m[K [01;31m[Kerror: [m[Kclass â€˜[01m[KMotorController[m[Kâ€™ does not have any field named â€˜[01m[Klast_command_time_[m[Kâ€™
[5.186s]  1176 |           last_command_(), pre_pause_command_(), [01;31m[Klast_command_time_[m[K(node_->now()),
[5.187s]       |                                                  [01;31m[K^~~~~~~~~~~~~~~~~~[m[K
[5.194s] [01m[K/home/ubuntu/Desktop/AK8064_ws_Jun/src/motor_driver/src/ControlMotor.cpp:1176:69:[m[K [01;31m[Kerror: [m[Kâ€˜[01m[Knode_[m[Kâ€™ was not declared in this scope; did you mean â€˜[01m[Knode[m[Kâ€™?
[5.194s]  1176 | st_command_(), pre_pause_command_(), last_command_time_([01;31m[Knode_[m[K->now()),
[5.195s]       |                                                         [01;31m[K^~~~~[m[K
[5.195s]       |                                                         [32m[Knode[m[K
[5.195s] [01m[K/home/ubuntu/Desktop/AK8064_ws_Jun/src/motor_driver/src/ControlMotor.cpp:1177:11:[m[K [01;31m[Kerror: [m[Kclass â€˜[01m[KMotorController[m[Kâ€™ does not have any field named â€˜[01m[Krepeat_[m[Kâ€™
[5.195s]  1177 |           [01;31m[Krepeat_[m[K(1) {
[5.195s]       |           [01;31m[K^~~~~~~[m[K
[5.218s] [01m[K/home/ubuntu/Desktop/AK8064_ws_Jun/src/motor_driver/src/ControlMotor.cpp:1178:9:[m[K [01;31m[Kerror: [m[Kâ€˜[01m[KinitializeParameters[m[Kâ€™ was not declared in this scope
[5.218s]  1178 |         [01;31m[KinitializeParameters[m[K();
[5.218s]       |         [01;31m[K^~~~~~~~~~~~~~~~~~~~[m[K
[5.230s] [01m[K/home/ubuntu/Desktop/AK8064_ws_Jun/src/motor_driver/src/ControlMotor.cpp:1179:9:[m[K [01;31m[Kerror: [m[Kâ€˜[01m[KsetOrigin[m[Kâ€™ was not declared in this scope; did you mean â€˜[01m[Ksetregid[m[Kâ€™?
[5.230s]  1179 |         [01;31m[KsetOrigin[m[K();
[5.230s]       |         [01;31m[K^~~~~~~~~[m[K
[5.231s]       |         [32m[Ksetregid[m[K
[5.252s] [01m[K/home/ubuntu/Desktop/AK8064_ws_Jun/src/motor_driver/src/ControlMotor.cpp:1180:9:[m[K [01;31m[Kerror: [m[Kâ€˜[01m[KinitializeCommandMap[m[Kâ€™ was not declared in this scope
[5.253s]  1180 |         [01;31m[KinitializeCommandMap[m[K();
[5.253s]       |         [01;31m[K^~~~~~~~~~~~~~~~~~~~[m[K
[5.265s] [01m[K/home/ubuntu/Desktop/AK8064_ws_Jun/src/motor_driver/src/ControlMotor.cpp:[m[K In member function â€˜[01m[Kvirtual void MotorController::handleCommand(const string&)[m[Kâ€™:
[5.265s] [01m[K/home/ubuntu/Desktop/AK8064_ws_Jun/src/motor_driver/src/ControlMotor.cpp:1185:64:[m[K [01;31m[Kerror: [m[Kâ€˜[01m[Kmotor_id_[m[Kâ€™ was not declared in this scope; did you mean â€˜[01m[KmotorId[m[Kâ€™?
[5.266s]  1185 |  response << "Motor 0x" << std::hex << static_cast<int>([01;31m[Kmotor_id_[m[K) << ": ";
[5.266s]       |                                                         [01;31m[K^~~~~~~~~[m[K
[5.266s]       |                                                         [32m[KmotorId[m[K
[5.279s] [01m[K/home/ubuntu/Desktop/AK8064_ws_Jun/src/motor_driver/src/ControlMotor.cpp:1187:14:[m[K [01;31m[Kerror: [m[Kâ€˜[01m[Kis_origin_set_[m[Kâ€™ was not declared in this scope; did you mean â€˜[01m[KisOriginSet[m[Kâ€™?
[5.279s]  1187 |         if (![01;31m[Kis_origin_set_[m[K) {
[5.279s]       |              [01;31m[K^~~~~~~~~~~~~~[m[K
[5.280s]       |              [32m[KisOriginSet[m[K
[5.291s] In file included from [01m[K/opt/ros/humble/include/rclcpp/rclcpp/client.hpp:40[m[K,
[5.292s]                  from [01m[K/opt/ros/humble/include/rclcpp/rclcpp/callback_group.hpp:24[m[K,
[5.292s]                  from [01m[K/opt/ros/humble/include/rclcpp/rclcpp/any_executable.hpp:20[m[K,
[5.292s]                  from [01m[K/opt/ros/humble/include/rclcpp/rclcpp/memory_strategy.hpp:25[m[K,
[5.292s]                  from [01m[K/opt/ros/humble/include/rclcpp/rclcpp/memory_strategies.hpp:18[m[K,
[5.292s]                  from [01m[K/opt/ros/humble/include/rclcpp/rclcpp/executor_options.hpp:20[m[K,
[5.293s]                  from [01m[K/opt/ros/humble/include/rclcpp/rclcpp/executor.hpp:37[m[K,
[5.293s]                  from [01m[K/opt/ros/humble/include/rclcpp/rclcpp/executors/multi_threaded_executor.hpp:25[m[K,
[5.293s]                  from [01m[K/opt/ros/humble/include/rclcpp/rclcpp/executors.hpp:21[m[K,
[5.293s]                  from [01m[K/opt/ros/humble/include/rclcpp/rclcpp/rclcpp.hpp:155[m[K,
[5.293s]                  from [01m[K/home/ubuntu/Desktop/AK8064_ws_Jun/src/motor_driver/src/ControlMotor.cpp:959[m[K:
[5.293s] [01m[K/home/ubuntu/Desktop/AK8064_ws_Jun/src/motor_driver/src/ControlMotor.cpp:1189:25:[m[K [01;31m[Kerror: [m[Kâ€˜[01m[Klogger_[m[Kâ€™ was not declared in this scope
[5.294s]  1189 |             RCLCPP_WARN([01;31m[Klogger_[m[K, "%s", response.str().c_str());
[5.294s]       |                         [01;31m[K^~~~~~~[m[K
[5.294s] [01m[K/home/ubuntu/Desktop/AK8064_ws_Jun/src/motor_driver/src/ControlMotor.cpp:1189:13:[m[K [01;31m[Kerror: [m[Ktemplate argument 1 is invalid
[5.294s]  1189 |             [01;31m[KRCLCPP_WARN[m[K(logger_, "%s", response.str().c_str());
[5.294s]       |             [01;31m[K^~~~~~~~~~~[m[K
[5.294s] [01m[K/home/ubuntu/Desktop/AK8064_ws_Jun/src/motor_driver/src/ControlMotor.cpp:1189:13:[m[K [01;31m[Kerror: [m[Ktemplate argument 1 is invalid
[5.295s]  1189 |             [01;31m[KRCLCPP_WARN[m[K(logger_, "%s", response.str().c_str());
[5.295s]       |             [01;31m[K^~~~~~~~~~~[m[K
[5.295s] [01m[K/home/ubuntu/Desktop/AK8064_ws_Jun/src/motor_driver/src/ControlMotor.cpp:1189:13:[m[K [01;31m[Kerror: [m[Ktemplate argument 1 is invalid
[5.295s]  1189 |             [01;31m[KRCLCPP_WARN[m[K(logger_, "%s", response.str().c_str());
[5.295s]       |             [01;31m[K^~~~~~~~~~~[m[K
[5.307s] [01m[K/home/ubuntu/Desktop/AK8064_ws_Jun/src/motor_driver/src/ControlMotor.cpp:1190:13:[m[K [01;31m[Kerror: [m[Kâ€˜[01m[Kstate_publisher_[m[Kâ€™ was not declared in this scope; did you mean â€˜[01m[KStatePublisher[m[Kâ€™?
[5.307s]  1190 |             [01;31m[Kstate_publisher_[m[K.publishResponse(response.str());
[5.307s]       |             [01;31m[K^~~~~~~~~~~~~~~~[m[K
[5.308s]       |             [32m[KStatePublisher[m[K
[5.319s] [01m[K/home/ubuntu/Desktop/AK8064_ws_Jun/src/motor_driver/src/ControlMotor.cpp:1194:14:[m[K [01;31m[Kerror: [m[Kâ€˜[01m[Kis_home_[m[Kâ€™ was not declared in this scope
[5.320s]  1194 |         if (![01;31m[Kis_home_[m[K && last_data_.position == 0.0) {
[5.320s]       |              [01;31m[K^~~~~~~~[m[K
[5.333s] [01m[K/home/ubuntu/Desktop/AK8064_ws_Jun/src/motor_driver/src/ControlMotor.cpp:1194:26:[m[K [01;31m[Kerror: [m[Kâ€˜[01m[Klast_data_[m[Kâ€™ was not declared in this scope
[5.333s]  1194 |         if (!is_home_ && [01;31m[Klast_data_[m[K.position == 0.0) {
[5.333s]       |                          [01;31m[K^~~~~~~~~~[m[K
[5.346s] In file included from [01m[K/opt/ros/humble/include/rclcpp/rclcpp/client.hpp:40[m[K,
[5.346s]                  from [01m[K/opt/ros/humble/include/rclcpp/rclcpp/callback_group.hpp:24[m[K,
[5.346s]                  from [01m[K/opt/ros/humble/include/rclcpp/rclcpp/any_executable.hpp:20[m[K,
[5.346s]                  from [01m[K/opt/ros/humble/include/rclcpp/rclcpp/memory_strategy.hpp:25[m[K,
[5.346s]                  from [01m[K/opt/ros/humble/include/rclcpp/rclcpp/memory_strategies.hpp:18[m[K,
[5.347s]                  from [01m[K/opt/ros/humble/include/rclcpp/rclcpp/executor_options.hpp:20[m[K,
[5.347s]                  from [01m[K/opt/ros/humble/include/rclcpp/rclcpp/executor.hpp:37[m[K,
[5.347s]                  from [01m[K/opt/ros/humble/include/rclcpp/rclcpp/executors/multi_threaded_executor.hpp:25[m[K,
[5.347s]                  from [01m[K/opt/ros/humble/include/rclcpp/rclcpp/executors.hpp:21[m[K,
[5.347s]                  from [01m[K/opt/ros/humble/include/rclcpp/rclcpp/rclcpp.hpp:155[m[K,
[5.347s]                  from [01m[K/home/ubuntu/Desktop/AK8064_ws_Jun/src/motor_driver/src/ControlMotor.cpp:959[m[K:
[5.348s] [01m[K/home/ubuntu/Desktop/AK8064_ws_Jun/src/motor_driver/src/ControlMotor.cpp:1196:25:[m[K [01;31m[Kerror: [m[Kâ€˜[01m[Klogger_[m[Kâ€™ was not declared in this scope
[5.348s]  1196 |             RCLCPP_WARN([01;31m[Klogger_[m[K, "%s", response.str().c_str());
[5.348s]       |                         [01;31m[K^~~~~~~[m[K
[5.348s] [01m[K/home/ubuntu/Desktop/AK8064_ws_Jun/src/motor_driver/src/ControlMotor.cpp:1196:13:[m[K [01;31m[Kerror: [m[Ktemplate argument 1 is invalid
[5.348s]  1196 |             [01;31m[KRCLCPP_WARN[m[K(logger_, "%s", response.str().c_str());
[5.348s]       |             [01;31m[K^~~~~~~~~~~[m[K
[5.348s] [01m[K/home/ubuntu/Desktop/AK8064_ws_Jun/src/motor_driver/src/ControlMotor.cpp:1196:13:[m[K [01;31m[Kerror: [m[Ktemplate argument 1 is invalid
[5.349s]  1196 |             [01;31m[KRCLCPP_WARN[m[K(logger_, "%s", response.str().c_str());
[5.349s]       |             [01;31m[K^~~~~~~~~~~[m[K
[5.349s] [01m[K/home/ubuntu/Desktop/AK8064_ws_Jun/src/motor_driver/src/ControlMotor.cpp:1196:13:[m[K [01;31m[Kerror: [m[Ktemplate argument 1 is invalid
[5.349s]  1196 |             [01;31m[KRCLCPP_WARN[m[K(logger_, "%s", response.str().c_str());
[5.349s]       |             [01;31m[K^~~~~~~~~~~[m[K
[5.361s] [01m[K/home/ubuntu/Desktop/AK8064_ws_Jun/src/motor_driver/src/ControlMotor.cpp:1197:13:[m[K [01;31m[Kerror: [m[Kâ€˜[01m[Kstate_publisher_[m[Kâ€™ was not declared in this scope; did you mean â€˜[01m[KStatePublisher[m[Kâ€™?
[5.361s]  1197 |             [01;31m[Kstate_publisher_[m[K.publishResponse(response.str());
[5.361s]       |             [01;31m[K^~~~~~~~~~~~~~~~[m[K
[5.361s]       |             [32m[KStatePublisher[m[K
[5.375s] [01m[K/home/ubuntu/Desktop/AK8064_ws_Jun/src/motor_driver/src/ControlMotor.cpp:1202:17:[m[K [01;31m[Kerror: [m[Kâ€˜[01m[Klast_data_[m[Kâ€™ was not declared in this scope
[5.376s]  1202 |             if ([01;31m[Klast_data_[m[K.position < 0.0 || last_data_.position > 90.0) {
[5.376s]       |                 [01;31m[K^~~~~~~~~~[m[K
[5.387s] In file included from [01m[K/opt/ros/humble/include/rclcpp/rclcpp/client.hpp:40[m[K,
[5.387s]                  from [01m[K/opt/ros/humble/include/rclcpp/rclcpp/callback_group.hpp:24[m[K,
[5.387s]                  from [01m[K/opt/ros/humble/include/rclcpp/rclcpp/any_executable.hpp:20[m[K,
[5.387s]                  from [01m[K/opt/ros/humble/include/rclcpp/rclcpp/memory_strategy.hpp:25[m[K,
[5.388s]                  from [01m[K/opt/ros/humble/include/rclcpp/rclcpp/memory_strategies.hpp:18[m[K,
[5.388s]                  from [01m[K/opt/ros/humble/include/rclcpp/rclcpp/executor_options.hpp:20[m[K,
[5.388s]                  from [01m[K/opt/ros/humble/include/rclcpp/rclcpp/executor.hpp:37[m[K,
[5.388s]                  from [01m[K/opt/ros/humble/include/rclcpp/rclcpp/executors/multi_threaded_executor.hpp:25[m[K,
[5.388s]                  from [01m[K/opt/ros/humble/include/rclcpp/rclcpp/executors.hpp:21[m[K,
[5.388s]                  from [01m[K/opt/ros/humble/include/rclcpp/rclcpp/rclcpp.hpp:155[m[K,
[5.388s]                  from [01m[K/home/ubuntu/Desktop/AK8064_ws_Jun/src/motor_driver/src/ControlMotor.cpp:959[m[K:
[5.389s] [01m[K/home/ubuntu/Desktop/AK8064_ws_Jun/src/motor_driver/src/ControlMotor.cpp:1204:30:[m[K [01;31m[Kerror: [m[Kâ€˜[01m[Klogger_[m[Kâ€™ was not declared in this scope
[5.389s]  1204 |                 RCLCPP_ERROR([01;31m[Klogger_[m[K, "%s", response.str().c_str());
[5.389s]       |                              [01;31m[K^~~~~~~[m[K
[5.389s] [01m[K/home/ubuntu/Desktop/AK8064_ws_Jun/src/motor_driver/src/ControlMotor.cpp:1204:17:[m[K [01;31m[Kerror: [m[Ktemplate argument 1 is invalid
[5.389s]  1204 |                 [01;31m[KRCLCPP_ERROR[m[K(logger_, "%s", response.str().c_str());
[5.390s]       |                 [01;31m[K^~~~~~~~~~~~[m[K
[5.390s] [01m[K/home/ubuntu/Desktop/AK8064_ws_Jun/src/motor_driver/src/ControlMotor.cpp:1204:17:[m[K [01;31m[Kerror: [m[Ktemplate argument 1 is invalid
[5.390s]  1204 |                 [01;31m[KRCLCPP_ERROR[m[K(logger_, "%s", response.str().c_str());
[5.390s]       |                 [01;31m[K^~~~~~~~~~~~[m[K
[5.390s] [01m[K/home/ubuntu/Desktop/AK8064_ws_Jun/src/motor_driver/src/ControlMotor.cpp:1204:17:[m[K [01;31m[Kerror: [m[Ktemplate argument 1 is invalid
[5.390s]  1204 |                 [01;31m[KRCLCPP_ERROR[m[K(logger_, "%s", response.str().c_str());
[5.390s]       |                 [01;31m[K^~~~~~~~~~~~[m[K
[5.403s] [01m[K/home/ubuntu/Desktop/AK8064_ws_Jun/src/motor_driver/src/ControlMotor.cpp:1205:17:[m[K [01;31m[Kerror: [m[Kâ€˜[01m[Kstate_publisher_[m[Kâ€™ was not declared in this scope; did you mean â€˜[01m[KStatePublisher[m[Kâ€™?
[5.403s]  1205 |                 [01;31m[Kstate_publisher_[m[K.publishResponse(response.str());
[5.403s]       |                 [01;31m[K^~~~~~~~~~~~~~~~[m[K
[5.403s]       |                 [32m[KStatePublisher[m[K
[5.418s] [01m[K/home/ubuntu/Desktop/AK8064_ws_Jun/src/motor_driver/src/ControlMotor.cpp:1207:17:[m[K [01;31m[Kerror: [m[Kâ€˜[01m[KtransitionTo[m[Kâ€™ was not declared in this scope
[5.418s]  1207 |                 [01;31m[KtransitionTo[m[K(State::STOPPED);
[5.418s]       |                 [01;31m[K^~~~~~~~~~~~[m[K
[5.427s] [01m[K/home/ubuntu/Desktop/AK8064_ws_Jun/src/motor_driver/src/ControlMotor.cpp:1210:13:[m[K [01;31m[Kerror: [m[Kâ€˜[01m[Kmode_[m[Kâ€™ was not declared in this scope; did you mean â€˜[01m[Kmode_t[m[Kâ€™?
[5.427s]  1210 |             [01;31m[Kmode_[m[K = Mode::MANUAL;
[5.427s]       |             [01;31m[K^~~~~[m[K
[5.427s]       |             [32m[Kmode_t[m[K
[5.448s] [01m[K/home/ubuntu/Desktop/AK8064_ws_Jun/src/motor_driver/src/ControlMotor.cpp:1213:9:[m[K [01;31m[Kerror: [m[Kâ€˜[01m[Klast_command_time_[m[Kâ€™ was not declared in this scope
[5.448s]  1213 |         [01;31m[Klast_command_time_[m[K = node_->now();
[5.448s]       |         [01;31m[K^~~~~~~~~~~~~~~~~~[m[K
[5.459s] [01m[K/home/ubuntu/Desktop/AK8064_ws_Jun/src/motor_driver/src/ControlMotor.cpp:1213:30:[m[K [01;31m[Kerror: [m[Kâ€˜[01m[Knode_[m[Kâ€™ was not declared in this scope; did you mean â€˜[01m[Kmode_t[m[Kâ€™?
[5.459s]  1213 |         last_command_time_ = [01;31m[Knode_[m[K->now();
[5.460s]       |                              [01;31m[K^~~~~[m[K
[5.460s]       |                              [32m[Kmode_t[m[K
[5.475s] [01m[K/home/ubuntu/Desktop/AK8064_ws_Jun/src/motor_driver/src/ControlMotor.cpp:1215:19:[m[K [01;31m[Kerror: [m[Kâ€˜[01m[Kcommand_map_[m[Kâ€™ was not declared in this scope
[5.475s]  1215 |         auto it = [01;31m[Kcommand_map_[m[K.find(command);
[5.476s]       |                   [01;31m[K^~~~~~~~~~~~[m[K
[5.492s] In file included from [01m[K/opt/ros/humble/include/rclcpp/rclcpp/client.hpp:40[m[K,
[5.492s]                  from [01m[K/opt/ros/humble/include/rclcpp/rclcpp/callback_group.hpp:24[m[K,
[5.492s]                  from [01m[K/opt/ros/humble/include/rclcpp/rclcpp/any_executable.hpp:20[m[K,
[5.492s]                  from [01m[K/opt/ros/humble/include/rclcpp/rclcpp/memory_strategy.hpp:25[m[K,
[5.493s]                  from [01m[K/opt/ros/humble/include/rclcpp/rclcpp/memory_strategies.hpp:18[m[K,
[5.493s]                  from [01m[K/opt/ros/humble/include/rclcpp/rclcpp/executor_options.hpp:20[m[K,
[5.493s]                  from [01m[K/opt/ros/humble/include/rclcpp/rclcpp/executor.hpp:37[m[K,
[5.493s]                  from [01m[K/opt/ros/humble/include/rclcpp/rclcpp/executors/multi_threaded_executor.hpp:25[m[K,
[5.493s]                  from [01m[K/opt/ros/humble/include/rclcpp/rclcpp/executors.hpp:21[m[K,
[5.494s]                  from [01m[K/opt/ros/humble/include/rclcpp/rclcpp/rclcpp.hpp:155[m[K,
[5.494s]                  from [01m[K/home/ubuntu/Desktop/AK8064_ws_Jun/src/motor_driver/src/ControlMotor.cpp:959[m[K:
[5.494s] [01m[K/home/ubuntu/Desktop/AK8064_ws_Jun/src/motor_driver/src/ControlMotor.cpp:1220:25:[m[K [01;31m[Kerror: [m[Kâ€˜[01m[Klogger_[m[Kâ€™ was not declared in this scope
[5.494s]  1220 |             RCLCPP_WARN([01;31m[Klogger_[m[K, "%s", response.str().c_str());
[5.494s]       |                         [01;31m[K^~~~~~~[m[K
[5.494s] [01m[K/home/ubuntu/Desktop/AK8064_ws_Jun/src/motor_driver/src/ControlMotor.cpp:1220:13:[m[K [01;31m[Kerror: [m[Ktemplate argument 1 is invalid
[5.495s]  1220 |             [01;31m[KRCLCPP_WARN[m[K(logger_, "%s", response.str().c_str());
[5.495s]       |             [01;31m[K^~~~~~~~~~~[m[K
[5.495s] [01m[K/home/ubuntu/Desktop/AK8064_ws_Jun/src/motor_driver/src/ControlMotor.cpp:1220:13:[m[K [01;31m[Kerror: [m[Ktemplate argument 1 is invalid
[5.495s]  1220 |             [01;31m[KRCLCPP_WARN[m[K(logger_, "%s", response.str().c_str());
[5.495s]       |             [01;31m[K^~~~~~~~~~~[m[K
[5.495s] [01m[K/home/ubuntu/Desktop/AK8064_ws_Jun/src/motor_driver/src/ControlMotor.cpp:1220:13:[m[K [01;31m[Kerror: [m[Ktemplate argument 1 is invalid
[5.496s]  1220 |             [01;31m[KRCLCPP_WARN[m[K(logger_, "%s", response.str().c_str());
[5.496s]       |             [01;31m[K^~~~~~~~~~~[m[K
[5.509s] [01m[K/home/ubuntu/Desktop/AK8064_ws_Jun/src/motor_driver/src/ControlMotor.cpp:1221:13:[m[K [01;31m[Kerror: [m[Kâ€˜[01m[Kstate_publisher_[m[Kâ€™ was not declared in this scope; did you mean â€˜[01m[KStatePublisher[m[Kâ€™?
[5.509s]  1221 |             [01;31m[Kstate_publisher_[m[K.publishResponse(response.str());
[5.509s]       |             [01;31m[K^~~~~~~~~~~~~~~~[m[K
[5.510s]       |             [32m[KStatePublisher[m[K
[5.525s] [01m[K/home/ubuntu/Desktop/AK8064_ws_Jun/src/motor_driver/src/ControlMotor.cpp:[m[K In member function â€˜[01m[Kvirtual void MotorController::control(const MotorData&)[m[Kâ€™:
[5.525s] [01m[K/home/ubuntu/Desktop/AK8064_ws_Jun/src/motor_driver/src/ControlMotor.cpp:1226:9:[m[K [01;31m[Kerror: [m[Kâ€˜[01m[Klast_data_[m[Kâ€™ was not declared in this scope
[5.525s]  1226 |         [01;31m[Klast_data_[m[K = data;
[5.525s]       |         [01;31m[K^~~~~~~~~~[m[K
[5.536s] [01m[K/home/ubuntu/Desktop/AK8064_ws_Jun/src/motor_driver/src/ControlMotor.cpp:1227:42:[m[K [01;31m[Kerror: [m[Kâ€˜[01m[Kstate_[m[Kâ€™ was not declared in this scope; did you mean â€˜[01m[KState[m[Kâ€™?
[5.536s]  1227 |         last_data_.state = stateToString([01;31m[Kstate_[m[K);
[5.537s]       |                                          [01;31m[K^~~~~~[m[K
[5.537s]       |                                          [32m[KState[m[K
[5.552s] [01m[K/home/ubuntu/Desktop/AK8064_ws_Jun/src/motor_driver/src/ControlMotor.cpp:1229:14:[m[K [01;31m[Kerror: [m[Kâ€˜[01m[Ksafety_checker_[m[Kâ€™ was not declared in this scope; did you mean â€˜[01m[KSafetyChecker[m[Kâ€™?
[5.552s]  1229 |         if (![01;31m[Ksafety_checker_[m[K.check(data, logger_)) {
[5.552s]       |              [01;31m[K^~~~~~~~~~~~~~~[m[K
[5.553s]       |              [32m[KSafetyChecker[m[K
[5.564s] [01m[K/home/ubuntu/Desktop/AK8064_ws_Jun/src/motor_driver/src/ControlMotor.cpp:1229:42:[m[K [01;31m[Kerror: [m[Kâ€˜[01m[Klogger_[m[Kâ€™ was not declared in this scope
[5.565s]  1229 |         if (!safety_checker_.check(data, [01;31m[Klogger_[m[K)) {
[5.565s]       |                                          [01;31m[K^~~~~~~[m[K
[5.581s] [01m[K/home/ubuntu/Desktop/AK8064_ws_Jun/src/motor_driver/src/ControlMotor.cpp:1231:13:[m[K [01;31m[Kerror: [m[Kâ€˜[01m[KtransitionTo[m[Kâ€™ was not declared in this scope
[5.581s]  1231 |             [01;31m[KtransitionTo[m[K(State::ERROR);
[5.581s]       |             [01;31m[K^~~~~~~~~~~~[m[K
[5.596s] [01m[K/home/ubuntu/Desktop/AK8064_ws_Jun/src/motor_driver/src/ControlMotor.cpp:1235:9:[m[K [01;31m[Kerror: [m[Kâ€˜[01m[Kstate_publisher_[m[Kâ€™ was not declared in this scope; did you mean â€˜[01m[KStatePublisher[m[Kâ€™?
[5.596s]  1235 |         [01;31m[Kstate_publisher_[m[K.publish(last_data_, target_reached_);
[5.597s]       |         [01;31m[K^~~~~~~~~~~~~~~~[m[K
[5.597s]       |         [32m[KStatePublisher[m[K
[5.613s] [01m[K/home/ubuntu/Desktop/AK8064_ws_Jun/src/motor_driver/src/ControlMotor.cpp:1235:46:[m[K [01;31m[Kerror: [m[Kâ€˜[01m[Ktarget_reached_[m[Kâ€™ was not declared in this scope; did you mean â€˜[01m[KisTargetReached[m[Kâ€™?
[5.613s]  1235 |         state_publisher_.publish(last_data_, [01;31m[Ktarget_reached_[m[K);
[5.613s]       |                                              [01;31m[K^~~~~~~~~~~~~~~[m[K
[5.613s]       |                                              [32m[KisTargetReached[m[K
[5.629s] [01m[K/home/ubuntu/Desktop/AK8064_ws_Jun/src/motor_driver/src/ControlMotor.cpp:1248:17:[m[K [01;31m[Kerror: [m[Kâ€˜[01m[KhandlePaused[m[Kâ€™ was not declared in this scope
[5.630s]  1248 |                 [01;31m[KhandlePaused[m[K(data);
[5.630s]       |                 [01;31m[K^~~~~~~~~~~~[m[K
[5.647s] [01m[K/home/ubuntu/Desktop/AK8064_ws_Jun/src/motor_driver/src/ControlMotor.cpp:1251:17:[m[K [01;31m[Kerror: [m[Kâ€˜[01m[KhandleStopped[m[Kâ€™ was not declared in this scope
[5.647s]  1251 |                 [01;31m[KhandleStopped[m[K(data);
[5.648s]       |                 [01;31m[K^~~~~~~~~~~~~[m[K
[5.662s] [01m[K/home/ubuntu/Desktop/AK8064_ws_Jun/src/motor_driver/src/ControlMotor.cpp:1254:17:[m[K [01;31m[Kerror: [m[Kâ€˜[01m[KhandleError[m[Kâ€™ was not declared in this scope
[5.662s]  1254 |                 [01;31m[KhandleError[m[K(data);
[5.663s]       |                 [01;31m[K^~~~~~~~~~~[m[K
[5.675s] In file included from [01m[K/opt/ros/humble/include/rclcpp/rclcpp/client.hpp:40[m[K,
[5.675s]                  from [01m[K/opt/ros/humble/include/rclcpp/rclcpp/callback_group.hpp:24[m[K,
[5.675s]                  from [01m[K/opt/ros/humble/include/rclcpp/rclcpp/any_executable.hpp:20[m[K,
[5.675s]                  from [01m[K/opt/ros/humble/include/rclcpp/rclcpp/memory_strategy.hpp:25[m[K,
[5.676s]                  from [01m[K/opt/ros/humble/include/rclcpp/rclcpp/memory_strategies.hpp:18[m[K,
[5.676s]                  from [01m[K/opt/ros/humble/include/rclcpp/rclcpp/executor_options.hpp:20[m[K,
[5.676s]                  from [01m[K/opt/ros/humble/include/rclcpp/rclcpp/executor.hpp:37[m[K,
[5.676s]                  from [01m[K/opt/ros/humble/include/rclcpp/rclcpp/executors/multi_threaded_executor.hpp:25[m[K,
[5.677s]                  from [01m[K/opt/ros/humble/include/rclcpp/rclcpp/executors.hpp:21[m[K,
[5.677s]                  from [01m[K/opt/ros/humble/include/rclcpp/rclcpp/rclcpp.hpp:155[m[K,
[5.677s]                  from [01m[K/home/ubuntu/Desktop/AK8064_ws_Jun/src/motor_driver/src/ControlMotor.cpp:959[m[K:
[5.677s] [01m[K/home/ubuntu/Desktop/AK8064_ws_Jun/src/motor_driver/src/ControlMotor.cpp:[m[K In member function â€˜[01m[Kvirtual void MotorController::setParameters(const std::vector<rcl_interfaces::msg::Parameter_<std::allocator<void> >, std::allocator<rcl_interfaces::msg::Parameter_<std::allocator<void> > > >&)[m[Kâ€™:
[5.677s] [01m[K/home/ubuntu/Desktop/AK8064_ws_Jun/src/motor_driver/src/ControlMotor.cpp:1260:21:[m[K [01;31m[Kerror: [m[Kâ€˜[01m[Klogger_[m[Kâ€™ was not declared in this scope
[5.677s]  1260 |         RCLCPP_INFO([01;31m[Klogger_[m[K, "Motor 0x%02X: Received set_parameters request with %zu parameters",
[5.678s]       |                     [01;31m[K^~~~~~~[m[K
[5.678s] [01m[K/home/ubuntu/Desktop/AK8064_ws_Jun/src/motor_driver/src/ControlMotor.cpp:1260:9:[m[K [01;31m[Kerror: [m[Ktemplate argument 1 is invalid
[5.678s]  1260 |         [01;31m[KRCLCPP_INFO[m[K(logger_, "Motor 0x%02X: Received set_parameters request with %zu parameters",
[5.678s]       |         [01;31m[K^~~~~~~~~~~[m[K
[5.678s] [01m[K/home/ubuntu/Desktop/AK8064_ws_Jun/src/motor_driver/src/ControlMotor.cpp:1260:9:[m[K [01;31m[Kerror: [m[Ktemplate argument 1 is invalid
[5.679s]  1260 |         [01;31m[KRCLCPP_INFO[m[K(logger_, "Motor 0x%02X: Received set_parameters request with %zu parameters",
[5.679s]       |         [01;31m[K^~~~~~~~~~~[m[K
[5.679s] [01m[K/home/ubuntu/Desktop/AK8064_ws_Jun/src/motor_driver/src/ControlMotor.cpp:1260:9:[m[K [01;31m[Kerror: [m[Ktemplate argument 1 is invalid
[5.679s]  1260 |         [01;31m[KRCLCPP_INFO[m[K(logger_, "Motor 0x%02X: Received set_parameters request with %zu parameters",
[5.679s]       |         [01;31m[K^~~~~~~~~~~[m[K
[5.699s] In file included from [01m[K/opt/ros/humble/include/rclcpp/rclcpp/logging.hpp:24[m[K,
[5.700s]                  from [01m[K/opt/ros/humble/include/rclcpp/rclcpp/client.hpp:40[m[K,
[5.700s]                  from [01m[K/opt/ros/humble/include/rclcpp/rclcpp/callback_group.hpp:24[m[K,
[5.700s]                  from [01m[K/opt/ros/humble/include/rclcpp/rclcpp/any_executable.hpp:20[m[K,
[5.700s]                  from [01m[K/opt/ros/humble/include/rclcpp/rclcpp/memory_strategy.hpp:25[m[K,
[5.700s]                  from [01m[K/opt/ros/humble/include/rclcpp/rclcpp/memory_strategies.hpp:18[m[K,
[5.701s]                  from [01m[K/opt/ros/humble/include/rclcpp/rclcpp/executor_options.hpp:20[m[K,
[5.701s]                  from [01m[K/opt/ros/humble/include/rclcpp/rclcpp/executor.hpp:37[m[K,
[5.701s]                  from [01m[K/opt/ros/humble/include/rclcpp/rclcpp/executors/multi_threaded_executor.hpp:25[m[K,
[5.701s]                  from [01m[K/opt/ros/humble/include/rclcpp/rclcpp/executors.hpp:21[m[K,
[5.701s]                  from [01m[K/opt/ros/humble/include/rclcpp/rclcpp/rclcpp.hpp:155[m[K,
[5.701s]                  from [01m[K/home/ubuntu/Desktop/AK8064_ws_Jun/src/motor_driver/src/ControlMotor.cpp:959[m[K:
[5.702s] [01m[K/home/ubuntu/Desktop/AK8064_ws_Jun/src/motor_driver/src/ControlMotor.cpp:1261:21:[m[K [01;31m[Kerror: [m[Kâ€˜[01m[Kmotor_id_[m[Kâ€™ was not declared in this scope; did you mean â€˜[01m[KmotorId[m[Kâ€™?
[5.702s]  1261 |                     [01;31m[Kmotor_id_[m[K, parameters.size());
[5.702s]       |                     [01;31m[K^~~~~~~~~[m[K
[5.716s] [01m[K/home/ubuntu/Desktop/AK8064_ws_Jun/src/motor_driver/src/ControlMotor.cpp:1262:14:[m[K [01;31m[Kerror: [m[Kâ€˜[01m[Kis_origin_set_[m[Kâ€™ was not declared in this scope; did you mean â€˜[01m[KisOriginSet[m[Kâ€™?
[5.716s]  1262 |         if (![01;31m[Kis_origin_set_[m[K) {
[5.716s]       |              [01;31m[K^~~~~~~~~~~~~~[m[K
[5.716s]       |              [32m[KisOriginSet[m[K
[5.728s] In file included from [01m[K/opt/ros/humble/include/rclcpp/rclcpp/client.hpp:40[m[K,
[5.728s]                  from [01m[K/opt/ros/humble/include/rclcpp/rclcpp/callback_group.hpp:24[m[K,
[5.729s]                  from [01m[K/opt/ros/humble/include/rclcpp/rclcpp/any_executable.hpp:20[m[K,
[5.729s]                  from [01m[K/opt/ros/humble/include/rclcpp/rclcpp/memory_strategy.hpp:25[m[K,
[5.729s]                  from [01m[K/opt/ros/humble/include/rclcpp/rclcpp/memory_strategies.hpp:18[m[K,
[5.729s]                  from [01m[K/opt/ros/humble/include/rclcpp/rclcpp/executor_options.hpp:20[m[K,
[5.729s]                  from [01m[K/opt/ros/humble/include/rclcpp/rclcpp/executor.hpp:37[m[K,
[5.730s]                  from [01m[K/opt/ros/humble/include/rclcpp/rclcpp/executors/multi_threaded_executor.hpp:25[m[K,
[5.730s]                  from [01m[K/opt/ros/humble/include/rclcpp/rclcpp/executors.hpp:21[m[K,
[5.730s]                  from [01m[K/opt/ros/humble/include/rclcpp/rclcpp/rclcpp.hpp:155[m[K,
[5.730s]                  from [01m[K/home/ubuntu/Desktop/AK8064_ws_Jun/src/motor_driver/src/ControlMotor.cpp:959[m[K:
[5.730s] [01m[K/home/ubuntu/Desktop/AK8064_ws_Jun/src/motor_driver/src/ControlMotor.cpp:1263:25:[m[K [01;31m[Kerror: [m[Kâ€˜[01m[Klogger_[m[Kâ€™ was not declared in this scope
[5.730s]  1263 |             RCLCPP_WARN([01;31m[Klogger_[m[K, "Motor 0x%02X: Cannot update parameters until origin is set!", motor_id_);
[5.731s]       |                         [01;31m[K^~~~~~~[m[K
[5.731s] [01m[K/home/ubuntu/Desktop/AK8064_ws_Jun/src/motor_driver/src/ControlMotor.cpp:1263:13:[m[K [01;31m[Kerror: [m[Ktemplate argument 1 is invalid
[5.731s]  1263 |             [01;31m[KRCLCPP_WARN[m[K(logger_, "Motor 0x%02X: Cannot update parameters until origin is set!", motor_id_);
[5.731s]       |             [01;31m[K^~~~~~~~~~~[m[K
[5.731s] [01m[K/home/ubuntu/Desktop/AK8064_ws_Jun/src/motor_driver/src/ControlMotor.cpp:1263:13:[m[K [01;31m[Kerror: [m[Ktemplate argument 1 is invalid
[5.731s]  1263 |             [01;31m[KRCLCPP_WARN[m[K(logger_, "Motor 0x%02X: Cannot update parameters until origin is set!", motor_id_);
[5.732s]       |             [01;31m[K^~~~~~~~~~~[m[K
[5.732s] [01m[K/home/ubuntu/Desktop/AK8064_ws_Jun/src/motor_driver/src/ControlMotor.cpp:1263:13:[m[K [01;31m[Kerror: [m[Ktemplate argument 1 is invalid
[5.732s]  1263 |             [01;31m[KRCLCPP_WARN[m[K(logger_, "Motor 0x%02X: Cannot update parameters until origin is set!", motor_id_);
[5.732s]       |             [01;31m[K^~~~~~~~~~~[m[K
[5.743s] In file included from [01m[K/opt/ros/humble/include/rclcpp/rclcpp/logging.hpp:24[m[K,
[5.743s]                  from [01m[K/opt/ros/humble/include/rclcpp/rclcpp/client.hpp:40[m[K,
[5.743s]                  from [01m[K/opt/ros/humble/include/rclcpp/rclcpp/callback_group.hpp:24[m[K,
[5.744s]                  from [01m[K/opt/ros/humble/include/rclcpp/rclcpp/any_executable.hpp:20[m[K,
[5.744s]                  from [01m[K/opt/ros/humble/include/rclcpp/rclcpp/memory_strategy.hpp:25[m[K,
[5.744s]                  from [01m[K/opt/ros/humble/include/rclcpp/rclcpp/memory_strategies.hpp:18[m[K,
[5.744s]                  from [01m[K/opt/ros/humble/include/rclcpp/rclcpp/executor_options.hpp:20[m[K,
[5.745s]                  from [01m[K/opt/ros/humble/include/rclcpp/rclcpp/executor.hpp:37[m[K,
[5.745s]                  from [01m[K/opt/ros/humble/include/rclcpp/rclcpp/executors/multi_threaded_executor.hpp:25[m[K,
[5.745s]                  from [01m[K/opt/ros/humble/include/rclcpp/rclcpp/executors.hpp:21[m[K,
[5.745s]                  from [01m[K/opt/ros/humble/include/rclcpp/rclcpp/rclcpp.hpp:155[m[K,
[5.745s]                  from [01m[K/home/ubuntu/Desktop/AK8064_ws_Jun/src/motor_driver/src/ControlMotor.cpp:959[m[K:
[5.746s] [01m[K/home/ubuntu/Desktop/AK8064_ws_Jun/src/motor_driver/src/ControlMotor.cpp:1263:97:[m[K [01;31m[Kerror: [m[Kâ€˜[01m[Kmotor_id_[m[Kâ€™ was not declared in this scope; did you mean â€˜[01m[KmotorId[m[Kâ€™?
[5.746s]  1263 | 0x%02X: Cannot update parameters until origin is set!", [01;31m[Kmotor_id_[m[K);
[5.746s]       |                                                         [01;31m[K^~~~~~~~~[m[K
[5.746s] 
[5.757s] [01m[K/home/ubuntu/Desktop/AK8064_ws_Jun/src/motor_driver/src/ControlMotor.cpp:1269:27:[m[K [01;31m[Kerror: [m[Kâ€˜[01m[Kspeed_[m[Kâ€™ was not declared in this scope
[5.757s]  1269 |         float new_speed = [01;31m[Kspeed_[m[K;
[5.757s]       |                           [01;31m[K^~~~~~[m[K
[5.768s] [01m[K/home/ubuntu/Desktop/AK8064_ws_Jun/src/motor_driver/src/ControlMotor.cpp:1270:27:[m[K [01;31m[Kerror: [m[Kâ€˜[01m[Kaccel_[m[Kâ€™ was not declared in this scope; did you mean â€˜[01m[Kaccess[m[Kâ€™?
[5.768s]  1270 |         float new_accel = [01;31m[Kaccel_[m[K;
[5.769s]       |                           [01;31m[K^~~~~~[m[K
[5.769s]       |                           [32m[Kaccess[m[K
[5.779s] [01m[K/home/ubuntu/Desktop/AK8064_ws_Jun/src/motor_driver/src/ControlMotor.cpp:1271:24:[m[K [01;31m[Kerror: [m[Kâ€˜[01m[Kstep_[m[Kâ€™ was not declared in this scope
[5.779s]  1271 |         int new_step = [01;31m[Kstep_[m[K;
[5.780s]       |                        [01;31m[K^~~~~[m[K
[5.792s] [01m[K/home/ubuntu/Desktop/AK8064_ws_Jun/src/motor_driver/src/ControlMotor.cpp:1272:26:[m[K [01;31m[Kerror: [m[Kâ€˜[01m[Krepeat_[m[Kâ€™ was not declared in this scope
[5.793s]  1272 |         int new_repeat = [01;31m[Krepeat_[m[K;
[5.793s]       |                          [01;31m[K^~~~~~~[m[K
[5.806s] In file included from [01m[K/opt/ros/humble/include/rclcpp/rclcpp/client.hpp:40[m[K,
[5.806s]                  from [01m[K/opt/ros/humble/include/rclcpp/rclcpp/callback_group.hpp:24[m[K,
[5.806s]                  from [01m[K/opt/ros/humble/include/rclcpp/rclcpp/any_executable.hpp:20[m[K,
[5.806s]                  from [01m[K/opt/ros/humble/include/rclcpp/rclcpp/memory_strategy.hpp:25[m[K,
[5.807s]                  from [01m[K/opt/ros/humble/include/rclcpp/rclcpp/memory_strategies.hpp:18[m[K,
[5.807s]                  from [01m[K/opt/ros/humble/include/rclcpp/rclcpp/executor_options.hpp:20[m[K,
[5.807s]                  from [01m[K/opt/ros/humble/include/rclcpp/rclcpp/executor.hpp:37[m[K,
[5.807s]                  from [01m[K/opt/ros/humble/include/rclcpp/rclcpp/executors/multi_threaded_executor.hpp:25[m[K,
[5.807s]                  from [01m[K/opt/ros/humble/include/rclcpp/rclcpp/executors.hpp:21[m[K,
[5.808s]                  from [01m[K/opt/ros/humble/include/rclcpp/rclcpp/rclcpp.hpp:155[m[K,
[5.808s]                  from [01m[K/home/ubuntu/Desktop/AK8064_ws_Jun/src/motor_driver/src/ControlMotor.cpp:959[m[K:
[5.808s] [01m[K/home/ubuntu/Desktop/AK8064_ws_Jun/src/motor_driver/src/ControlMotor.cpp:1275:25:[m[K [01;31m[Kerror: [m[Kâ€˜[01m[Klogger_[m[Kâ€™ was not declared in this scope
[5.808s]  1275 |             RCLCPP_INFO([01;31m[Klogger_[m[K, "Motor 0x%02X: Processing parameter: %s", motor_id_, param.name.c_str());
[5.808s]       |                         [01;31m[K^~~~~~~[m[K
[5.808s] [01m[K/home/ubuntu/Desktop/AK8064_ws_Jun/src/motor_driver/src/ControlMotor.cpp:1275:13:[m[K [01;31m[Kerror: [m[Ktemplate argument 1 is invalid
[5.809s]  1275 |             [01;31m[KRCLCPP_INFO[m[K(logger_, "Motor 0x%02X: Processing parameter: %s", motor_id_, param.name.c_str());
[5.809s]       |             [01;31m[K^~~~~~~~~~~[m[K
[5.809s] [01m[K/home/ubuntu/Desktop/AK8064_ws_Jun/src/motor_driver/src/ControlMotor.cpp:1275:13:[m[K [01;31m[Kerror: [m[Ktemplate argument 1 is invalid
[5.809s]  1275 |             [01;31m[KRCLCPP_INFO[m[K(logger_, "Motor 0x%02X: Processing parameter: %s", motor_id_, param.name.c_str());
[5.809s]       |             [01;31m[K^~~~~~~~~~~[m[K
[5.809s] [01m[K/home/ubuntu/Desktop/AK8064_ws_Jun/src/motor_driver/src/ControlMotor.cpp:1275:13:[m[K [01;31m[Kerror: [m[Ktemplate argument 1 is invalid
[5.809s]  1275 |             [01;31m[KRCLCPP_INFO[m[K(logger_, "Motor 0x%02X: Processing parameter: %s", motor_id_, param.name.c_str());
[5.810s]       |             [01;31m[K^~~~~~~~~~~[m[K
[5.820s] In file included from [01m[K/opt/ros/humble/include/rclcpp/rclcpp/logging.hpp:24[m[K,
[5.820s]                  from [01m[K/opt/ros/humble/include/rclcpp/rclcpp/client.hpp:40[m[K,
[5.820s]                  from [01m[K/opt/ros/humble/include/rclcpp/rclcpp/callback_group.hpp:24[m[K,
[5.820s]                  from [01m[K/opt/ros/humble/include/rclcpp/rclcpp/any_executable.hpp:20[m[K,
[5.821s]                  from [01m[K/opt/ros/humble/include/rclcpp/rclcpp/memory_strategy.hpp:25[m[K,
[5.821s]                  from [01m[K/opt/ros/humble/include/rclcpp/rclcpp/memory_strategies.hpp:18[m[K,
[5.821s]                  from [01m[K/opt/ros/humble/include/rclcpp/rclcpp/executor_options.hpp:20[m[K,
[5.821s]                  from [01m[K/opt/ros/humble/include/rclcpp/rclcpp/executor.hpp:37[m[K,
[5.821s]                  from [01m[K/opt/ros/humble/include/rclcpp/rclcpp/executors/multi_threaded_executor.hpp:25[m[K,
[5.821s]                  from [01m[K/opt/ros/humble/include/rclcpp/rclcpp/executors.hpp:21[m[K,
[5.822s]                  from [01m[K/opt/ros/humble/include/rclcpp/rclcpp/rclcpp.hpp:155[m[K,
[5.822s]                  from [01m[K/home/ubuntu/Desktop/AK8064_ws_Jun/src/motor_driver/src/ControlMotor.cpp:959[m[K:
[5.822s] [01m[K/home/ubuntu/Desktop/AK8064_ws_Jun/src/motor_driver/src/ControlMotor.cpp:1275:76:[m[K [01;31m[Kerror: [m[Kâ€˜[01m[Kmotor_id_[m[Kâ€™ was not declared in this scope; did you mean â€˜[01m[KmotorId[m[Kâ€™?
[5.822s]  1275 | INFO(logger_, "Motor 0x%02X: Processing parameter: %s", [01;31m[Kmotor_id_[m[K, param.name.c_str());
[5.822s]       |                                                         [01;31m[K^~~~~~~~~[m[K
[5.822s] 
[5.833s] In file included from [01m[K/opt/ros/humble/include/rclcpp/rclcpp/client.hpp:40[m[K,
[5.833s]                  from [01m[K/opt/ros/humble/include/rclcpp/rclcpp/callback_group.hpp:24[m[K,
[5.833s]                  from [01m[K/opt/ros/humble/include/rclcpp/rclcpp/any_executable.hpp:20[m[K,
[5.833s]                  from [01m[K/opt/ros/humble/include/rclcpp/rclcpp/memory_strategy.hpp:25[m[K,
[5.833s]                  from [01m[K/opt/ros/humble/include/rclcpp/rclcpp/memory_strategies.hpp:18[m[K,
[5.834s]                  from [01m[K/opt/ros/humble/include/rclcpp/rclcpp/executor_options.hpp:20[m[K,
[5.834s]                  from [01m[K/opt/ros/humble/include/rclcpp/rclcpp/executor.hpp:37[m[K,
[5.834s]                  from [01m[K/opt/ros/humble/include/rclcpp/rclcpp/executors/multi_threaded_executor.hpp:25[m[K,
[5.834s]                  from [01m[K/opt/ros/humble/include/rclcpp/rclcpp/executors.hpp:21[m[K,
[5.834s]                  from [01m[K/opt/ros/humble/include/rclcpp/rclcpp/rclcpp.hpp:155[m[K,
[5.834s]                  from [01m[K/home/ubuntu/Desktop/AK8064_ws_Jun/src/motor_driver/src/ControlMotor.cpp:959[m[K:
[5.835s] [01m[K/home/ubuntu/Desktop/AK8064_ws_Jun/src/motor_driver/src/ControlMotor.cpp:1279:34:[m[K [01;31m[Kerror: [m[Kâ€˜[01m[Klogger_[m[Kâ€™ was not declared in this scope
[5.835s]  1279 |                     RCLCPP_ERROR([01;31m[Klogger_[m[K, "Motor 0x%02X: Empty target_positions received!", motor_id_);
[5.835s]       |                                  [01;31m[K^~~~~~~[m[K
[5.835s] [01m[K/home/ubuntu/Desktop/AK8064_ws_Jun/src/motor_driver/src/ControlMotor.cpp:1279:21:[m[K [01;31m[Kerror: [m[Ktemplate argument 1 is invalid
[5.835s]  1279 |                     [01;31m[KRCLCPP_ERROR[m[K(logger_, "Motor 0x%02X: Empty target_positions received!", motor_id_);
[5.835s]       |                     [01;31m[K^~~~~~~~~~~~[m[K
[5.836s] [01m[K/home/ubuntu/Desktop/AK8064_ws_Jun/src/motor_driver/src/ControlMotor.cpp:1279:21:[m[K [01;31m[Kerror: [m[Ktemplate argument 1 is invalid
[5.836s]  1279 |                     [01;31m[KRCLCPP_ERROR[m[K(logger_, "Motor 0x%02X: Empty target_positions received!", motor_id_);
[5.836s]       |                     [01;31m[K^~~~~~~~~~~~[m[K
[5.836s] [01m[K/home/ubuntu/Desktop/AK8064_ws_Jun/src/motor_driver/src/ControlMotor.cpp:1279:21:[m[K [01;31m[Kerror: [m[Ktemplate argument 1 is invalid
[5.836s]  1279 |                     [01;31m[KRCLCPP_ERROR[m[K(logger_, "Motor 0x%02X: Empty target_positions received!", motor_id_);
[5.836s]       |                     [01;31m[K^~~~~~~~~~~~[m[K
[5.847s] In file included from [01m[K/opt/ros/humble/include/rclcpp/rclcpp/logging.hpp:24[m[K,
[5.848s]                  from [01m[K/opt/ros/humble/include/rclcpp/rclcpp/client.hpp:40[m[K,
[5.848s]                  from [01m[K/opt/ros/humble/include/rclcpp/rclcpp/callback_group.hpp:24[m[K,
[5.848s]                  from [01m[K/opt/ros/humble/include/rclcpp/rclcpp/any_executable.hpp:20[m[K,
[5.848s]                  from [01m[K/opt/ros/humble/include/rclcpp/rclcpp/memory_strategy.hpp:25[m[K,
[5.848s]                  from [01m[K/opt/ros/humble/include/rclcpp/rclcpp/memory_strategies.hpp:18[m[K,
[5.848s]                  from [01m[K/opt/ros/humble/include/rclcpp/rclcpp/executor_options.hpp:20[m[K,
[5.849s]                  from [01m[K/opt/ros/humble/include/rclcpp/rclcpp/executor.hpp:37[m[K,
[5.849s]                  from [01m[K/opt/ros/humble/include/rclcpp/rclcpp/executors/multi_threaded_executor.hpp:25[m[K,
[5.849s]                  from [01m[K/opt/ros/humble/include/rclcpp/rclcpp/executors.hpp:21[m[K,
[5.849s]                  from [01m[K/opt/ros/humble/include/rclcpp/rclcpp/rclcpp.hpp:155[m[K,
[5.849s]                  from [01m[K/home/ubuntu/Desktop/AK8064_ws_Jun/src/motor_driver/src/ControlMotor.cpp:959[m[K:
[5.849s] [01m[K/home/ubuntu/Desktop/AK8064_ws_Jun/src/motor_driver/src/ControlMotor.cpp:1279:93:[m[K [01;31m[Kerror: [m[Kâ€˜[01m[Kmotor_id_[m[Kâ€™ was not declared in this scope; did you mean â€˜[01m[KmotorId[m[Kâ€™?
[5.849s]  1279 | ger_, "Motor 0x%02X: Empty target_positions received!", [01;31m[Kmotor_id_[m[K);
[5.850s]       |                                                         [01;31m[K^~~~~~~~~[m[K
[5.850s] 
[5.868s] [01m[K/home/ubuntu/Desktop/AK8064_ws_Jun/src/motor_driver/src/ControlMotor.cpp:1282:17:[m[K [01;31m[Kerror: [m[Kâ€˜[01m[KvalidatePositions[m[Kâ€™ was not declared in this scope
[5.868s]  1282 |                 [01;31m[KvalidatePositions[m[K(temp_positions);
[5.868s]       |                 [01;31m[K^~~~~~~~~~~~~~~~~[m[K
[5.879s] [01m[K/home/ubuntu/Desktop/AK8064_ws_Jun/src/motor_driver/src/ControlMotor.cpp:1284:17:[m[K [01;31m[Kerror: [m[Kâ€˜[01m[Kmode_[m[Kâ€™ was not declared in this scope; did you mean â€˜[01m[Kmode_t[m[Kâ€™?
[5.879s]  1284 |                 [01;31m[Kmode_[m[K = Mode::AUTO;
[5.880s]       |                 [01;31m[K^~~~~[m[K
[5.880s]       |                 [32m[Kmode_t[m[K
[5.892s] In file included from [01m[K/opt/ros/humble/include/rclcpp/rclcpp/client.hpp:40[m[K,
[5.892s]                  from [01m[K/opt/ros/humble/include/rclcpp/rclcpp/callback_group.hpp:24[m[K,
[5.893s]                  from [01m[K/opt/ros/humble/include/rclcpp/rclcpp/any_executable.hpp:20[m[K,
[5.893s]                  from [01m[K/opt/ros/humble/include/rclcpp/rclcpp/memory_strategy.hpp:25[m[K,
[5.893s]                  from [01m[K/opt/ros/humble/include/rclcpp/rclcpp/memory_strategies.hpp:18[m[K,
[5.893s]                  from [01m[K/opt/ros/humble/include/rclcpp/rclcpp/executor_options.hpp:20[m[K,
[5.893s]                  from [01m[K/opt/ros/humble/include/rclcpp/rclcpp/executor.hpp:37[m[K,
[5.894s]                  from [01m[K/opt/ros/humble/include/rclcpp/rclcpp/executors/multi_threaded_executor.hpp:25[m[K,
[5.894s]                  from [01m[K/opt/ros/humble/include/rclcpp/rclcpp/executors.hpp:21[m[K,
[5.894s]                  from [01m[K/opt/ros/humble/include/rclcpp/rclcpp/rclcpp.hpp:155[m[K,
[5.894s]                  from [01m[K/home/ubuntu/Desktop/AK8064_ws_Jun/src/motor_driver/src/ControlMotor.cpp:959[m[K:
[5.894s] [01m[K/home/ubuntu/Desktop/AK8064_ws_Jun/src/motor_driver/src/ControlMotor.cpp:1287:29:[m[K [01;31m[Kerror: [m[Kâ€˜[01m[Klogger_[m[Kâ€™ was not declared in this scope
[5.894s]  1287 |                 RCLCPP_INFO([01;31m[Klogger_[m[K, "Motor 0x%02X: Updated speed: %.2f", motor_id_, new_speed);
[5.894s]       |                             [01;31m[K^~~~~~~[m[K
[5.895s] [01m[K/home/ubuntu/Desktop/AK8064_ws_Jun/src/motor_driver/src/ControlMotor.cpp:1287:17:[m[K [01;31m[Kerror: [m[Ktemplate argument 1 is invalid
[5.895s]  1287 |                 [01;31m[KRCLCPP_INFO[m[K(logger_, "Motor 0x%02X: Updated speed: %.2f", motor_id_, new_speed);
[5.895s]       |                 [01;31m[K^~~~~~~~~~~[m[K
[5.895s] [01m[K/home/ubuntu/Desktop/AK8064_ws_Jun/src/motor_driver/src/ControlMotor.cpp:1287:17:[m[K [01;31m[Kerror: [m[Ktemplate argument 1 is invalid
[5.895s]  1287 |                 [01;31m[KRCLCPP_INFO[m[K(logger_, "Motor 0x%02X: Updated speed: %.2f", motor_id_, new_speed);
[5.895s]       |                 [01;31m[K^~~~~~~~~~~[m[K
[5.896s] [01m[K/home/ubuntu/Desktop/AK8064_ws_Jun/src/motor_driver/src/ControlMotor.cpp:1287:17:[m[K [01;31m[Kerror: [m[Ktemplate argument 1 is invalid
[5.896s]  1287 |                 [01;31m[KRCLCPP_INFO[m[K(logger_, "Motor 0x%02X: Updated speed: %.2f", motor_id_, new_speed);
[5.896s]       |                 [01;31m[K^~~~~~~~~~~[m[K
[5.906s] In file included from [01m[K/opt/ros/humble/include/rclcpp/rclcpp/logging.hpp:24[m[K,
[5.907s]                  from [01m[K/opt/ros/humble/include/rclcpp/rclcpp/client.hpp:40[m[K,
[5.907s]                  from [01m[K/opt/ros/humble/include/rclcpp/rclcpp/callback_group.hpp:24[m[K,
[5.907s]                  from [01m[K/opt/ros/humble/include/rclcpp/rclcpp/any_executable.hpp:20[m[K,
[5.907s]                  from [01m[K/opt/ros/humble/include/rclcpp/rclcpp/memory_strategy.hpp:25[m[K,
[5.908s]                  from [01m[K/opt/ros/humble/include/rclcpp/rclcpp/memory_strategies.hpp:18[m[K,
[5.908s]                  from [01m[K/opt/ros/humble/include/rclcpp/rclcpp/executor_options.hpp:20[m[K,
[5.908s]                  from [01m[K/opt/ros/humble/include/rclcpp/rclcpp/executor.hpp:37[m[K,
[5.908s]                  from [01m[K/opt/ros/humble/include/rclcpp/rclcpp/executors/multi_threaded_executor.hpp:25[m[K,
[5.908s]                  from [01m[K/opt/ros/humble/include/rclcpp/rclcpp/executors.hpp:21[m[K,
[5.908s]                  from [01m[K/opt/ros/humble/include/rclcpp/rclcpp/rclcpp.hpp:155[m[K,
[5.909s]                  from [01m[K/home/ubuntu/Desktop/AK8064_ws_Jun/src/motor_driver/src/ControlMotor.cpp:959[m[K:
[5.909s] [01m[K/home/ubuntu/Desktop/AK8064_ws_Jun/src/motor_driver/src/ControlMotor.cpp:1287:75:[m[K [01;31m[Kerror: [m[Kâ€˜[01m[Kmotor_id_[m[Kâ€™ was not declared in this scope; did you mean â€˜[01m[KmotorId[m[Kâ€™?
[5.909s]  1287 | LCPP_INFO(logger_, "Motor 0x%02X: Updated speed: %.2f", [01;31m[Kmotor_id_[m[K, new_speed);
[5.909s]       |                                                         [01;31m[K^~~~~~~~~[m[K
[5.909s] 
[5.920s] In file included from [01m[K/opt/ros/humble/include/rclcpp/rclcpp/client.hpp:40[m[K,
[5.920s]                  from [01m[K/opt/ros/humble/include/rclcpp/rclcpp/callback_group.hpp:24[m[K,
[5.921s]                  from [01m[K/opt/ros/humble/include/rclcpp/rclcpp/any_executable.hpp:20[m[K,
[5.921s]                  from [01m[K/opt/ros/humble/include/rclcpp/rclcpp/memory_strategy.hpp:25[m[K,
[5.921s]                  from [01m[K/opt/ros/humble/include/rclcpp/rclcpp/memory_strategies.hpp:18[m[K,
[5.921s]                  from [01m[K/opt/ros/humble/include/rclcpp/rclcpp/executor_options.hpp:20[m[K,
[5.921s]                  from [01m[K/opt/ros/humble/include/rclcpp/rclcpp/executor.hpp:37[m[K,
[5.922s]                  from [01m[K/opt/ros/humble/include/rclcpp/rclcpp/executors/multi_threaded_executor.hpp:25[m[K,
[5.922s]                  from [01m[K/opt/ros/humble/include/rclcpp/rclcpp/executors.hpp:21[m[K,
[5.922s]                  from [01m[K/opt/ros/humble/include/rclcpp/rclcpp/rclcpp.hpp:155[m[K,
[5.922s]                  from [01m[K/home/ubuntu/Desktop/AK8064_ws_Jun/src/motor_driver/src/ControlMotor.cpp:959[m[K:
[5.922s] [01m[K/home/ubuntu/Desktop/AK8064_ws_Jun/src/motor_driver/src/ControlMotor.cpp:1290:29:[m[K [01;31m[Kerror: [m[Kâ€˜[01m[Klogger_[m[Kâ€™ was not declared in this scope
[5.922s]  1290 |                 RCLCPP_INFO([01;31m[Klogger_[m[K, "Motor 0x%02X: Updated accel: %.2f", motor_id_, new_accel);
[5.923s]       |                             [01;31m[K^~~~~~~[m[K
[5.923s] [01m[K/home/ubuntu/Desktop/AK8064_ws_Jun/src/motor_driver/src/ControlMotor.cpp:1290:17:[m[K [01;31m[Kerror: [m[Ktemplate argument 1 is invalid
[5.923s]  1290 |                 [01;31m[KRCLCPP_INFO[m[K(logger_, "Motor 0x%02X: Updated accel: %.2f", motor_id_, new_accel);
[5.923s]       |                 [01;31m[K^~~~~~~~~~~[m[K
[5.923s] [01m[K/home/ubuntu/Desktop/AK8064_ws_Jun/src/motor_driver/src/ControlMotor.cpp:1290:17:[m[K [01;31m[Kerror: [m[Ktemplate argument 1 is invalid
[5.923s]  1290 |                 [01;31m[KRCLCPP_INFO[m[K(logger_, "Motor 0x%02X: Updated accel: %.2f", motor_id_, new_accel);
[5.924s]       |                 [01;31m[K^~~~~~~~~~~[m[K
[5.924s] [01m[K/home/ubuntu/Desktop/AK8064_ws_Jun/src/motor_driver/src/ControlMotor.cpp:1290:17:[m[K [01;31m[Kerror: [m[Ktemplate argument 1 is invalid
[5.924s]  1290 |                 [01;31m[KRCLCPP_INFO[m[K(logger_, "Motor 0x%02X: Updated accel: %.2f", motor_id_, new_accel);
[5.924s]       |                 [01;31m[K^~~~~~~~~~~[m[K
[5.933s] In file included from [01m[K/opt/ros/humble/include/rclcpp/rclcpp/logging.hpp:24[m[K,
[5.934s]                  from [01m[K/opt/ros/humble/include/rclcpp/rclcpp/client.hpp:40[m[K,
[5.934s]                  from [01m[K/opt/ros/humble/include/rclcpp/rclcpp/callback_group.hpp:24[m[K,
[5.934s]                  from [01m[K/opt/ros/humble/include/rclcpp/rclcpp/any_executable.hpp:20[m[K,
[5.934s]                  from [01m[K/opt/ros/humble/include/rclcpp/rclcpp/memory_strategy.hpp:25[m[K,
[5.934s]                  from [01m[K/opt/ros/humble/include/rclcpp/rclcpp/memory_strategies.hpp:18[m[K,
[5.935s]                  from [01m[K/opt/ros/humble/include/rclcpp/rclcpp/executor_options.hpp:20[m[K,
[5.935s]                  from [01m[K/opt/ros/humble/include/rclcpp/rclcpp/executor.hpp:37[m[K,
[5.935s]                  from [01m[K/opt/ros/humble/include/rclcpp/rclcpp/executors/multi_threaded_executor.hpp:25[m[K,
[5.935s]                  from [01m[K/opt/ros/humble/include/rclcpp/rclcpp/executors.hpp:21[m[K,
[5.935s]                  from [01m[K/opt/ros/humble/include/rclcpp/rclcpp/rclcpp.hpp:155[m[K,
[5.935s]                  from [01m[K/home/ubuntu/Desktop/AK8064_ws_Jun/src/motor_driver/src/ControlMotor.cpp:959[m[K:
[5.935s] [01m[K/home/ubuntu/Desktop/AK8064_ws_Jun/src/motor_driver/src/ControlMotor.cpp:1290:75:[m[K [01;31m[Kerror: [m[Kâ€˜[01m[Kmotor_id_[m[Kâ€™ was not declared in this scope; did you mean â€˜[01m[KmotorId[m[Kâ€™?
[5.936s]  1290 | LCPP_INFO(logger_, "Motor 0x%02X: Updated accel: %.2f", [01;31m[Kmotor_id_[m[K, new_accel);
[5.936s]       |                                                         [01;31m[K^~~~~~~~~[m[K
[5.936s] 
[5.946s] In file included from [01m[K/opt/ros/humble/include/rclcpp/rclcpp/client.hpp:40[m[K,
[5.947s]                  from [01m[K/opt/ros/humble/include/rclcpp/rclcpp/callback_group.hpp:24[m[K,
[5.947s]                  from [01m[K/opt/ros/humble/include/rclcpp/rclcpp/any_executable.hpp:20[m[K,
[5.947s]                  from [01m[K/opt/ros/humble/include/rclcpp/rclcpp/memory_strategy.hpp:25[m[K,
[5.947s]                  from [01m[K/opt/ros/humble/include/rclcpp/rclcpp/memory_strategies.hpp:18[m[K,
[5.948s]                  from [01m[K/opt/ros/humble/include/rclcpp/rclcpp/executor_options.hpp:20[m[K,
[5.948s]                  from [01m[K/opt/ros/humble/include/rclcpp/rclcpp/executor.hpp:37[m[K,
[5.948s]                  from [01m[K/opt/ros/humble/include/rclcpp/rclcpp/executors/multi_threaded_executor.hpp:25[m[K,
[5.948s]                  from [01m[K/opt/ros/humble/include/rclcpp/rclcpp/executors.hpp:21[m[K,
[5.948s]                  from [01m[K/opt/ros/humble/include/rclcpp/rclcpp/rclcpp.hpp:155[m[K,
[5.948s]                  from [01m[K/home/ubuntu/Desktop/AK8064_ws_Jun/src/motor_driver/src/ControlMotor.cpp:959[m[K:
[5.949s] [01m[K/home/ubuntu/Desktop/AK8064_ws_Jun/src/motor_driver/src/ControlMotor.cpp:1293:29:[m[K [01;31m[Kerror: [m[Kâ€˜[01m[Klogger_[m[Kâ€™ was not declared in this scope
[5.949s]  1293 |                 RCLCPP_INFO([01;31m[Klogger_[m[K, "Motor 0x%02X: Updated step: %d", motor_id_, new_step);
[5.949s]       |                             [01;31m[K^~~~~~~[m[K
[5.949s] [01m[K/home/ubuntu/Desktop/AK8064_ws_Jun/src/motor_driver/src/ControlMotor.cpp:1293:17:[m[K [01;31m[Kerror: [m[Ktemplate argument 1 is invalid
[5.949s]  1293 |                 [01;31m[KRCLCPP_INFO[m[K(logger_, "Motor 0x%02X: Updated step: %d", motor_id_, new_step);
[5.949s]       |                 [01;31m[K^~~~~~~~~~~[m[K
[5.949s] [01m[K/home/ubuntu/Desktop/AK8064_ws_Jun/src/motor_driver/src/ControlMotor.cpp:1293:17:[m[K [01;31m[Kerror: [m[Ktemplate argument 1 is invalid
[5.950s]  1293 |                 [01;31m[KRCLCPP_INFO[m[K(logger_, "Motor 0x%02X: Updated step: %d", motor_id_, new_step);
[5.950s]       |                 [01;31m[K^~~~~~~~~~~[m[K
[5.950s] [01m[K/home/ubuntu/Desktop/AK8064_ws_Jun/src/motor_driver/src/ControlMotor.cpp:1293:17:[m[K [01;31m[Kerror: [m[Ktemplate argument 1 is invalid
[5.950s]  1293 |                 [01;31m[KRCLCPP_INFO[m[K(logger_, "Motor 0x%02X: Updated step: %d", motor_id_, new_step);
[5.950s]       |                 [01;31m[K^~~~~~~~~~~[m[K
[5.959s] In file included from [01m[K/opt/ros/humble/include/rclcpp/rclcpp/logging.hpp:24[m[K,
[5.960s]                  from [01m[K/opt/ros/humble/include/rclcpp/rclcpp/client.hpp:40[m[K,
[5.960s]                  from [01m[K/opt/ros/humble/include/rclcpp/rclcpp/callback_group.hpp:24[m[K,
[5.960s]                  from [01m[K/opt/ros/humble/include/rclcpp/rclcpp/any_executable.hpp:20[m[K,
[5.960s]                  from [01m[K/opt/ros/humble/include/rclcpp/rclcpp/memory_strategy.hpp:25[m[K,
[5.960s]                  from [01m[K/opt/ros/humble/include/rclcpp/rclcpp/memory_strategies.hpp:18[m[K,
[5.961s]                  from [01m[K/opt/ros/humble/include/rclcpp/rclcpp/executor_options.hpp:20[m[K,
[5.961s]                  from [01m[K/opt/ros/humble/include/rclcpp/rclcpp/executor.hpp:37[m[K,
[5.961s]                  from [01m[K/opt/ros/humble/include/rclcpp/rclcpp/executors/multi_threaded_executor.hpp:25[m[K,
[5.961s]                  from [01m[K/opt/ros/humble/include/rclcpp/rclcpp/executors.hpp:21[m[K,
[5.961s]                  from [01m[K/opt/ros/humble/include/rclcpp/rclcpp/rclcpp.hpp:155[m[K,
[5.961s]                  from [01m[K/home/ubuntu/Desktop/AK8064_ws_Jun/src/motor_driver/src/ControlMotor.cpp:959[m[K:
[5.961s] [01m[K/home/ubuntu/Desktop/AK8064_ws_Jun/src/motor_driver/src/ControlMotor.cpp:1293:72:[m[K [01;31m[Kerror: [m[Kâ€˜[01m[Kmotor_id_[m[Kâ€™ was not declared in this scope; did you mean â€˜[01m[KmotorId[m[Kâ€™?
[5.962s]  1293 |  RCLCPP_INFO(logger_, "Motor 0x%02X: Updated step: %d", [01;31m[Kmotor_id_[m[K, new_step);
[5.962s]       |                                                         [01;31m[K^~~~~~~~~[m[K
[5.962s] 
[5.972s] In file included from [01m[K/opt/ros/humble/include/rclcpp/rclcpp/client.hpp:40[m[K,
[5.972s]                  from [01m[K/opt/ros/humble/include/rclcpp/rclcpp/callback_group.hpp:24[m[K,
[5.972s]                  from [01m[K/opt/ros/humble/include/rclcpp/rclcpp/any_executable.hpp:20[m[K,
[5.972s]                  from [01m[K/opt/ros/humble/include/rclcpp/rclcpp/memory_strategy.hpp:25[m[K,
[5.973s]                  from [01m[K/opt/ros/humble/include/rclcpp/rclcpp/memory_strategies.hpp:18[m[K,
[5.973s]                  from [01m[K/opt/ros/humble/include/rclcpp/rclcpp/executor_options.hpp:20[m[K,
[5.973s]                  from [01m[K/opt/ros/humble/include/rclcpp/rclcpp/executor.hpp:37[m[K,
[5.973s]                  from [01m[K/opt/ros/humble/include/rclcpp/rclcpp/executors/multi_threaded_executor.hpp:25[m[K,
[5.973s]                  from [01m[K/opt/ros/humble/include/rclcpp/rclcpp/executors.hpp:21[m[K,
[5.973s]                  from [01m[K/opt/ros/humble/include/rclcpp/rclcpp/rclcpp.hpp:155[m[K,
[5.974s]                  from [01m[K/home/ubuntu/Desktop/AK8064_ws_Jun/src/motor_driver/src/ControlMotor.cpp:959[m[K:
[5.974s] [01m[K/home/ubuntu/Desktop/AK8064_ws_Jun/src/motor_driver/src/ControlMotor.cpp:1296:29:[m[K [01;31m[Kerror: [m[Kâ€˜[01m[Klogger_[m[Kâ€™ was not declared in this scope
[5.974s]  1296 |                 RCLCPP_INFO([01;31m[Klogger_[m[K, "Motor 0x%02X: Updated repeat: %d", motor_id_, new_repeat);
[5.974s]       |                             [01;31m[K^~~~~~~[m[K
[5.974s] [01m[K/home/ubuntu/Desktop/AK8064_ws_Jun/src/motor_driver/src/ControlMotor.cpp:1296:17:[m[K [01;31m[Kerror: [m[Ktemplate argument 1 is invalid
[5.975s]  1296 |                 [01;31m[KRCLCPP_INFO[m[K(logger_, "Motor 0x%02X: Updated repeat: %d", motor_id_, new_repeat);
[5.975s]       |                 [01;31m[K^~~~~~~~~~~[m[K
[5.975s] [01m[K/home/ubuntu/Desktop/AK8064_ws_Jun/src/motor_driver/src/ControlMotor.cpp:1296:17:[m[K [01;31m[Kerror: [m[Ktemplate argument 1 is invalid
[5.975s]  1296 |                 [01;31m[KRCLCPP_INFO[m[K(logger_, "Motor 0x%02X: Updated repeat: %d", motor_id_, new_repeat);
[5.975s]       |                 [01;31m[K^~~~~~~~~~~[m[K
[5.975s] [01m[K/home/ubuntu/Desktop/AK8064_ws_Jun/src/motor_driver/src/ControlMotor.cpp:1296:17:[m[K [01;31m[Kerror: [m[Ktemplate argument 1 is invalid
[5.975s]  1296 |                 [01;31m[KRCLCPP_INFO[m[K(logger_, "Motor 0x%02X: Updated repeat: %d", motor_id_, new_repeat);
[5.976s]       |                 [01;31m[K^~~~~~~~~~~[m[K
[5.985s] In file included from [01m[K/opt/ros/humble/include/rclcpp/rclcpp/logging.hpp:24[m[K,
[5.986s]                  from [01m[K/opt/ros/humble/include/rclcpp/rclcpp/client.hpp:40[m[K,
[5.986s]                  from [01m[K/opt/ros/humble/include/rclcpp/rclcpp/callback_group.hpp:24[m[K,
[5.986s]                  from [01m[K/opt/ros/humble/include/rclcpp/rclcpp/any_executable.hpp:20[m[K,
[5.986s]                  from [01m[K/opt/ros/humble/include/rclcpp/rclcpp/memory_strategy.hpp:25[m[K,
[5.986s]                  from [01m[K/opt/ros/humble/include/rclcpp/rclcpp/memory_strategies.hpp:18[m[K,
[5.986s]                  from [01m[K/opt/ros/humble/include/rclcpp/rclcpp/executor_options.hpp:20[m[K,
[5.987s]                  from [01m[K/opt/ros/humble/include/rclcpp/rclcpp/executor.hpp:37[m[K,
[5.987s]                  from [01m[K/opt/ros/humble/include/rclcpp/rclcpp/executors/multi_threaded_executor.hpp:25[m[K,
[5.987s]                  from [01m[K/opt/ros/humble/include/rclcpp/rclcpp/executors.hpp:21[m[K,
[5.987s]                  from [01m[K/opt/ros/humble/include/rclcpp/rclcpp/rclcpp.hpp:155[m[K,
[5.987s]                  from [01m[K/home/ubuntu/Desktop/AK8064_ws_Jun/src/motor_driver/src/ControlMotor.cpp:959[m[K:
[5.987s] [01m[K/home/ubuntu/Desktop/AK8064_ws_Jun/src/motor_driver/src/ControlMotor.cpp:1296:74:[m[K [01;31m[Kerror: [m[Kâ€˜[01m[Kmotor_id_[m[Kâ€™ was not declared in this scope; did you mean â€˜[01m[KmotorId[m[Kâ€™?
[5.987s]  1296 | CLCPP_INFO(logger_, "Motor 0x%02X: Updated repeat: %d", [01;31m[Kmotor_id_[m[K, new_repeat);
[5.988s]       |                                                         [01;31m[K^~~~~~~~~[m[K
[5.988s] 
[5.997s] In file included from [01m[K/opt/ros/humble/include/rclcpp/rclcpp/client.hpp:40[m[K,
[5.997s]                  from [01m[K/opt/ros/humble/include/rclcpp/rclcpp/callback_group.hpp:24[m[K,
[5.998s]                  from [01m[K/opt/ros/humble/include/rclcpp/rclcpp/any_executable.hpp:20[m[K,
[5.998s]                  from [01m[K/opt/ros/humble/include/rclcpp/rclcpp/memory_strategy.hpp:25[m[K,
[5.998s]                  from [01m[K/opt/ros/humble/include/rclcpp/rclcpp/memory_strategies.hpp:18[m[K,
[5.998s]                  from [01m[K/opt/ros/humble/include/rclcpp/rclcpp/executor_options.hpp:20[m[K,
[5.998s]                  from [01m[K/opt/ros/humble/include/rclcpp/rclcpp/executor.hpp:37[m[K,
[5.999s]                  from [01m[K/opt/ros/humble/include/rclcpp/rclcpp/executors/multi_threaded_executor.hpp:25[m[K,
[5.999s]                  from [01m[K/opt/ros/humble/include/rclcpp/rclcpp/executors.hpp:21[m[K,
[5.999s]                  from [01m[K/opt/ros/humble/include/rclcpp/rclcpp/rclcpp.hpp:155[m[K,
[5.999s]                  from [01m[K/home/ubuntu/Desktop/AK8064_ws_Jun/src/motor_driver/src/ControlMotor.cpp:959[m[K:
[5.999s] [01m[K/home/ubuntu/Desktop/AK8064_ws_Jun/src/motor_driver/src/ControlMotor.cpp:1298:29:[m[K [01;31m[Kerror: [m[Kâ€˜[01m[Klogger_[m[Kâ€™ was not declared in this scope
[5.999s]  1298 |                 RCLCPP_WARN([01;31m[Klogger_[m[K, "Motor 0x%02X: Unknown parameter: %s", motor_id_, param.name.c_str());
[5.999s]       |                             [01;31m[K^~~~~~~[m[K
[6.000s] [01m[K/home/ubuntu/Desktop/AK8064_ws_Jun/src/motor_driver/src/ControlMotor.cpp:1298:17:[m[K [01;31m[Kerror: [m[Ktemplate argument 1 is invalid
[6.000s]  1298 |                 [01;31m[KRCLCPP_WARN[m[K(logger_, "Motor 0x%02X: Unknown parameter: %s", motor_id_, param.name.c_str());
[6.000s]       |                 [01;31m[K^~~~~~~~~~~[m[K
[6.000s] [01m[K/home/ubuntu/Desktop/AK8064_ws_Jun/src/motor_driver/src/ControlMotor.cpp:1298:17:[m[K [01;31m[Kerror: [m[Ktemplate argument 1 is invalid
[6.000s]  1298 |                 [01;31m[KRCLCPP_WARN[m[K(logger_, "Motor 0x%02X: Unknown parameter: %s", motor_id_, param.name.c_str());
[6.000s]       |                 [01;31m[K^~~~~~~~~~~[m[K
[6.001s] [01m[K/home/ubuntu/Desktop/AK8064_ws_Jun/src/motor_driver/src/ControlMotor.cpp:1298:17:[m[K [01;31m[Kerror: [m[Ktemplate argument 1 is invalid
[6.001s]  1298 |                 [01;31m[KRCLCPP_WARN[m[K(logger_, "Motor 0x%02X: Unknown parameter: %s", motor_id_, param.name.c_str());
[6.001s]       |                 [01;31m[K^~~~~~~~~~~[m[K
[6.011s] In file included from [01m[K/opt/ros/humble/include/rclcpp/rclcpp/logging.hpp:24[m[K,
[6.011s]                  from [01m[K/opt/ros/humble/include/rclcpp/rclcpp/client.hpp:40[m[K,
[6.011s]                  from [01m[K/opt/ros/humble/include/rclcpp/rclcpp/callback_group.hpp:24[m[K,
[6.011s]                  from [01m[K/opt/ros/humble/include/rclcpp/rclcpp/any_executable.hpp:20[m[K,
[6.011s]                  from [01m[K/opt/ros/humble/include/rclcpp/rclcpp/memory_strategy.hpp:25[m[K,
[6.012s]                  from [01m[K/opt/ros/humble/include/rclcpp/rclcpp/memory_strategies.hpp:18[m[K,
[6.012s]                  from [01m[K/opt/ros/humble/include/rclcpp/rclcpp/executor_options.hpp:20[m[K,
[6.012s]                  from [01m[K/opt/ros/humble/include/rclcpp/rclcpp/executor.hpp:37[m[K,
[6.012s]                  from [01m[K/opt/ros/humble/include/rclcpp/rclcpp/executors/multi_threaded_executor.hpp:25[m[K,
[6.012s]                  from [01m[K/opt/ros/humble/include/rclcpp/rclcpp/executors.hpp:21[m[K,
[6.012s]                  from [01m[K/opt/ros/humble/include/rclcpp/rclcpp/rclcpp.hpp:155[m[K,
[6.012s]                  from [01m[K/home/ubuntu/Desktop/AK8064_ws_Jun/src/motor_driver/src/ControlMotor.cpp:959[m[K:
[6.012s] [01m[K/home/ubuntu/Desktop/AK8064_ws_Jun/src/motor_driver/src/ControlMotor.cpp:1298:77:[m[K [01;31m[Kerror: [m[Kâ€˜[01m[Kmotor_id_[m[Kâ€™ was not declared in this scope; did you mean â€˜[01m[KmotorId[m[Kâ€™?
[6.012s]  1298 | PP_WARN(logger_, "Motor 0x%02X: Unknown parameter: %s", [01;31m[Kmotor_id_[m[K, param.name.c_str());
[6.012s]       |                                                         [01;31m[K^~~~~~~~~[m[K
[6.013s] 
[6.026s] In file included from [01m[K/opt/ros/humble/include/rclcpp/rclcpp/client.hpp:40[m[K,
[6.026s]                  from [01m[K/opt/ros/humble/include/rclcpp/rclcpp/callback_group.hpp:24[m[K,
[6.026s]                  from [01m[K/opt/ros/humble/include/rclcpp/rclcpp/any_executable.hpp:20[m[K,
[6.026s]                  from [01m[K/opt/ros/humble/include/rclcpp/rclcpp/memory_strategy.hpp:25[m[K,
[6.027s]                  from [01m[K/opt/ros/humble/include/rclcpp/rclcpp/memory_strategies.hpp:18[m[K,
[6.027s]                  from [01m[K/opt/ros/humble/include/rclcpp/rclcpp/executor_options.hpp:20[m[K,
[6.027s]                  from [01m[K/opt/ros/humble/include/rclcpp/rclcpp/executor.hpp:37[m[K,
[6.027s]                  from [01m[K/opt/ros/humble/include/rclcpp/rclcpp/executors/multi_threaded_executor.hpp:25[m[K,
[6.027s]                  from [01m[K/opt/ros/humble/include/rclcpp/rclcpp/executors.hpp:21[m[K,
[6.027s]                  from [01m[K/opt/ros/humble/include/rclcpp/rclcpp/rclcpp.hpp:155[m[K,
[6.027s]                  from [01m[K/home/ubuntu/Desktop/AK8064_ws_Jun/src/motor_driver/src/ControlMotor.cpp:959[m[K:
[6.027s] [01m[K/home/ubuntu/Desktop/AK8064_ws_Jun/src/motor_driver/src/ControlMotor.cpp:1315:30:[m[K [01;31m[Kerror: [m[Kâ€˜[01m[Klogger_[m[Kâ€™ was not declared in this scope
[6.028s]  1315 |                 RCLCPP_ERROR([01;31m[Klogger_[m[K, "Motor 0x%02X: Repeated target_positions is empty!", motor_id_);
[6.028s]       |                              [01;31m[K^~~~~~~[m[K
[6.028s] [01m[K/home/ubuntu/Desktop/AK8064_ws_Jun/src/motor_driver/src/ControlMotor.cpp:1315:17:[m[K [01;31m[Kerror: [m[Ktemplate argument 1 is invalid
[6.028s]  1315 |                 [01;31m[KRCLCPP_ERROR[m[K(logger_, "Motor 0x%02X: Repeated target_positions is empty!", motor_id_);
[6.028s]       |                 [01;31m[K^~~~~~~~~~~~[m[K
[6.028s] [01m[K/home/ubuntu/Desktop/AK8064_ws_Jun/src/motor_driver/src/ControlMotor.cpp:1315:17:[m[K [01;31m[Kerror: [m[Ktemplate argument 1 is invalid
[6.028s]  1315 |                 [01;31m[KRCLCPP_ERROR[m[K(logger_, "Motor 0x%02X: Repeated target_positions is empty!", motor_id_);
[6.028s]       |                 [01;31m[K^~~~~~~~~~~~[m[K
[6.028s] [01m[K/home/ubuntu/Desktop/AK8064_ws_Jun/src/motor_driver/src/ControlMotor.cpp:1315:17:[m[K [01;31m[Kerror: [m[Ktemplate argument 1 is invalid
[6.028s]  1315 |                 [01;31m[KRCLCPP_ERROR[m[K(logger_, "Motor 0x%02X: Repeated target_positions is empty!", motor_id_);
[6.029s]       |                 [01;31m[K^~~~~~~~~~~~[m[K
[6.039s] In file included from [01m[K/opt/ros/humble/include/rclcpp/rclcpp/logging.hpp:24[m[K,
[6.039s]                  from [01m[K/opt/ros/humble/include/rclcpp/rclcpp/client.hpp:40[m[K,
[6.039s]                  from [01m[K/opt/ros/humble/include/rclcpp/rclcpp/callback_group.hpp:24[m[K,
[6.040s]                  from [01m[K/opt/ros/humble/include/rclcpp/rclcpp/any_executable.hpp:20[m[K,
[6.040s]                  from [01m[K/opt/ros/humble/include/rclcpp/rclcpp/memory_strategy.hpp:25[m[K,
[6.040s]                  from [01m[K/opt/ros/humble/include/rclcpp/rclcpp/memory_strategies.hpp:18[m[K,
[6.040s]                  from [01m[K/opt/ros/humble/include/rclcpp/rclcpp/executor_options.hpp:20[m[K,
[6.040s]                  from [01m[K/opt/ros/humble/include/rclcpp/rclcpp/executor.hpp:37[m[K,
[6.041s]                  from [01m[K/opt/ros/humble/include/rclcpp/rclcpp/executors/multi_threaded_executor.hpp:25[m[K,
[6.041s]                  from [01m[K/opt/ros/humble/include/rclcpp/rclcpp/executors.hpp:21[m[K,
[6.041s]                  from [01m[K/opt/ros/humble/include/rclcpp/rclcpp/rclcpp.hpp:155[m[K,
[6.041s]                  from [01m[K/home/ubuntu/Desktop/AK8064_ws_Jun/src/motor_driver/src/ControlMotor.cpp:959[m[K:
[6.041s] [01m[K/home/ubuntu/Desktop/AK8064_ws_Jun/src/motor_driver/src/ControlMotor.cpp:1315:92:[m[K [01;31m[Kerror: [m[Kâ€˜[01m[Kmotor_id_[m[Kâ€™ was not declared in this scope; did you mean â€˜[01m[KmotorId[m[Kâ€™?
[6.042s]  1315 | _, "Motor 0x%02X: Repeated target_positions is empty!", [01;31m[Kmotor_id_[m[K);
[6.042s]       |                                                         [01;31m[K^~~~~~~~~[m[K
[6.042s] 
[6.056s] [01m[K/home/ubuntu/Desktop/AK8064_ws_Jun/src/motor_driver/src/ControlMotor.cpp:1318:13:[m[K [01;31m[Kerror: [m[Kâ€˜[01m[Ktarget_positions_[m[Kâ€™ was not declared in this scope; did you mean â€˜[01m[KgetTargetPositions[m[Kâ€™?
[6.056s]  1318 |             [01;31m[Ktarget_positions_[m[K = repeated_positions;
[6.056s]       |             [01;31m[K^~~~~~~~~~~~~~~~~[m[K
[6.057s]       |             [32m[KgetTargetPositions[m[K
[6.071s] [01m[K/home/ubuntu/Desktop/AK8064_ws_Jun/src/motor_driver/src/ControlMotor.cpp:1319:13:[m[K [01;31m[Kerror: [m[Kâ€˜[01m[Ktarget_reached_[m[Kâ€™ was not declared in this scope; did you mean â€˜[01m[KisTargetReached[m[Kâ€™?
[6.071s]  1319 |             [01;31m[Ktarget_reached_[m[K = false;
[6.071s]       |             [01;31m[K^~~~~~~~~~~~~~~[m[K
[6.072s]       |             [32m[KisTargetReached[m[K
[6.094s] [01m[K/home/ubuntu/Desktop/AK8064_ws_Jun/src/motor_driver/src/ControlMotor.cpp:1320:13:[m[K [01;31m[Kerror: [m[Kâ€˜[01m[Kcurrent_target_index_[m[Kâ€™ was not declared in this scope
[6.094s]  1320 |             [01;31m[Kcurrent_target_index_[m[K = 0;
[6.094s]       |             [01;31m[K^~~~~~~~~~~~~~~~~~~~~[m[K
[6.105s] In file included from [01m[K/opt/ros/humble/include/rclcpp/rclcpp/client.hpp:40[m[K,
[6.106s]                  from [01m[K/opt/ros/humble/include/rclcpp/rclcpp/callback_group.hpp:24[m[K,
[6.106s]                  from [01m[K/opt/ros/humble/include/rclcpp/rclcpp/any_executable.hpp:20[m[K,
[6.106s]                  from [01m[K/opt/ros/humble/include/rclcpp/rclcpp/memory_strategy.hpp:25[m[K,
[6.106s]                  from [01m[K/opt/ros/humble/include/rclcpp/rclcpp/memory_strategies.hpp:18[m[K,
[6.106s]                  from [01m[K/opt/ros/humble/include/rclcpp/rclcpp/executor_options.hpp:20[m[K,
[6.107s]                  from [01m[K/opt/ros/humble/include/rclcpp/rclcpp/executor.hpp:37[m[K,
[6.107s]                  from [01m[K/opt/ros/humble/include/rclcpp/rclcpp/executors/multi_threaded_executor.hpp:25[m[K,
[6.107s]                  from [01m[K/opt/ros/humble/include/rclcpp/rclcpp/executors.hpp:21[m[K,
[6.107s]                  from [01m[K/opt/ros/humble/include/rclcpp/rclcpp/rclcpp.hpp:155[m[K,
[6.107s]                  from [01m[K/home/ubuntu/Desktop/AK8064_ws_Jun/src/motor_driver/src/ControlMotor.cpp:959[m[K:
[6.108s] [01m[K/home/ubuntu/Desktop/AK8064_ws_Jun/src/motor_driver/src/ControlMotor.cpp:1321:25:[m[K [01;31m[Kerror: [m[Kâ€˜[01m[Klogger_[m[Kâ€™ was not declared in this scope
[6.108s]  1321 |             RCLCPP_INFO([01;31m[Klogger_[m[K, "Motor 0x%02X: Updated target_positions: %ld targets (repeated %d times)",
[6.108s]       |                         [01;31m[K^~~~~~~[m[K
[6.108s] [01m[K/home/ubuntu/Desktop/AK8064_ws_Jun/src/motor_driver/src/ControlMotor.cpp:1321:13:[m[K [01;31m[Kerror: [m[Ktemplate argument 1 is invalid
[6.108s]  1321 |             [01;31m[KRCLCPP_INFO[m[K(logger_, "Motor 0x%02X: Updated target_positions: %ld targets (repeated %d times)",
[6.109s]       |             [01;31m[K^~~~~~~~~~~[m[K
[6.109s] [01m[K/home/ubuntu/Desktop/AK8064_ws_Jun/src/motor_driver/src/ControlMotor.cpp:1321:13:[m[K [01;31m[Kerror: [m[Ktemplate argument 1 is invalid
[6.109s]  1321 |             [01;31m[KRCLCPP_INFO[m[K(logger_, "Motor 0x%02X: Updated target_positions: %ld targets (repeated %d times)",
[6.109s]       |             [01;31m[K^~~~~~~~~~~[m[K
[6.109s] [01m[K/home/ubuntu/Desktop/AK8064_ws_Jun/src/motor_driver/src/ControlMotor.cpp:1321:13:[m[K [01;31m[Kerror: [m[Ktemplate argument 1 is invalid
[6.110s]  1321 |             [01;31m[KRCLCPP_INFO[m[K(logger_, "Motor 0x%02X: Updated target_positions: %ld targets (repeated %d times)",
[6.110s]       |             [01;31m[K^~~~~~~~~~~[m[K
[6.118s] In file included from [01m[K/opt/ros/humble/include/rclcpp/rclcpp/logging.hpp:24[m[K,
[6.118s]                  from [01m[K/opt/ros/humble/include/rclcpp/rclcpp/client.hpp:40[m[K,
[6.119s]                  from [01m[K/opt/ros/humble/include/rclcpp/rclcpp/callback_group.hpp:24[m[K,
[6.119s]                  from [01m[K/opt/ros/humble/include/rclcpp/rclcpp/any_executable.hpp:20[m[K,
[6.119s]                  from [01m[K/opt/ros/humble/include/rclcpp/rclcpp/memory_strategy.hpp:25[m[K,
[6.119s]                  from [01m[K/opt/ros/humble/include/rclcpp/rclcpp/memory_strategies.hpp:18[m[K,
[6.119s]                  from [01m[K/opt/ros/humble/include/rclcpp/rclcpp/executor_options.hpp:20[m[K,
[6.119s]                  from [01m[K/opt/ros/humble/include/rclcpp/rclcpp/executor.hpp:37[m[K,
[6.120s]                  from [01m[K/opt/ros/humble/include/rclcpp/rclcpp/executors/multi_threaded_executor.hpp:25[m[K,
[6.120s]                  from [01m[K/opt/ros/humble/include/rclcpp/rclcpp/executors.hpp:21[m[K,
[6.120s]                  from [01m[K/opt/ros/humble/include/rclcpp/rclcpp/rclcpp.hpp:155[m[K,
[6.120s]                  from [01m[K/home/ubuntu/Desktop/AK8064_ws_Jun/src/motor_driver/src/ControlMotor.cpp:959[m[K:
[6.120s] [01m[K/home/ubuntu/Desktop/AK8064_ws_Jun/src/motor_driver/src/ControlMotor.cpp:1322:13:[m[K [01;31m[Kerror: [m[Kâ€˜[01m[Kmotor_id_[m[Kâ€™ was not declared in this scope; did you mean â€˜[01m[KmotorId[m[Kâ€™?
[6.121s]  1322 |             [01;31m[Kmotor_id_[m[K, target_positions_.size(), repeat_);
[6.121s]       |             [01;31m[K^~~~~~~~~[m[K
[6.133s] [01m[K/home/ubuntu/Desktop/AK8064_ws_Jun/src/motor_driver/src/ControlMotor.cpp:1323:13:[m[K [01;31m[Kerror: [m[Kâ€˜[01m[KtransitionTo[m[Kâ€™ was not declared in this scope
[6.134s]  1323 |             [01;31m[KtransitionTo[m[K(State::MOVING); // Start moving to new targets
[6.134s]       |             [01;31m[K^~~~~~~~~~~~[m[K
[6.150s] [01m[K/home/ubuntu/Desktop/AK8064_ws_Jun/src/motor_driver/src/ControlMotor.cpp:1326:9:[m[K [01;31m[Kerror: [m[Kâ€˜[01m[KvalidateSpeed[m[Kâ€™ was not declared in this scope
[6.150s]  1326 |         [01;31m[KvalidateSpeed[m[K();
[6.150s]       |         [01;31m[K^~~~~~~~~~~~~[m[K
[6.166s] [01m[K/home/ubuntu/Desktop/AK8064_ws_Jun/src/motor_driver/src/ControlMotor.cpp:1327:9:[m[K [01;31m[Kerror: [m[Kâ€˜[01m[KvalidateAccel[m[Kâ€™ was not declared in this scope
[6.167s]  1327 |         [01;31m[KvalidateAccel[m[K();
[6.167s]       |         [01;31m[K^~~~~~~~~~~~~[m[K
[6.183s] [01m[K/home/ubuntu/Desktop/AK8064_ws_Jun/src/motor_driver/src/ControlMotor.cpp:1328:9:[m[K [01;31m[Kerror: [m[Kâ€˜[01m[KvalidateStep[m[Kâ€™ was not declared in this scope
[6.183s]  1328 |         [01;31m[KvalidateStep[m[K();
[6.183s]       |         [01;31m[K^~~~~~~~~~~~[m[K
[6.201s] [01m[K/home/ubuntu/Desktop/AK8064_ws_Jun/src/motor_driver/src/ControlMotor.cpp:1329:9:[m[K [01;31m[Kerror: [m[Kâ€˜[01m[KvalidateRepeat[m[Kâ€™ was not declared in this scope
[6.201s]  1329 |         [01;31m[KvalidateRepeat[m[K();
[6.201s]       |         [01;31m[K^~~~~~~~~~~~~~[m[K
[6.218s] [01m[K/home/ubuntu/Desktop/AK8064_ws_Jun/src/motor_driver/src/ControlMotor.cpp:[m[K In member function â€˜[01m[Kvirtual bool MotorController::isOriginSet() const[m[Kâ€™:
[6.218s] [01m[K/home/ubuntu/Desktop/AK8064_ws_Jun/src/motor_driver/src/ControlMotor.cpp:1332:48:[m[K [01;31m[Kerror: [m[Kâ€˜[01m[Kis_origin_set_[m[Kâ€™ was not declared in this scope; did you mean â€˜[01m[KisOriginSet[m[Kâ€™?
[6.218s]  1332 |     bool isOriginSet() const override { return [01;31m[Kis_origin_set_[m[K; }
[6.219s]       |                                                [01;31m[K^~~~~~~~~~~~~~[m[K
[6.219s]       |                                                [32m[KisOriginSet[m[K
[6.235s] [01m[K/home/ubuntu/Desktop/AK8064_ws_Jun/src/motor_driver/src/ControlMotor.cpp:[m[K In member function â€˜[01m[Kvirtual bool MotorController::isTargetReached() const[m[Kâ€™:
[6.235s] [01m[K/home/ubuntu/Desktop/AK8064_ws_Jun/src/motor_driver/src/ControlMotor.cpp:1333:52:[m[K [01;31m[Kerror: [m[Kâ€˜[01m[Ktarget_reached_[m[Kâ€™ was not declared in this scope; did you mean â€˜[01m[KisTargetReached[m[Kâ€™?
[6.235s]  1333 |     bool isTargetReached() const override { return [01;31m[Ktarget_reached_[m[K; }
[6.235s]       |                                                    [01;31m[K^~~~~~~~~~~~~~~[m[K
[6.235s]       |                                                    [32m[KisTargetReached[m[K
[6.248s] [01m[K/home/ubuntu/Desktop/AK8064_ws_Jun/src/motor_driver/src/ControlMotor.cpp:[m[K In member function â€˜[01m[Kvirtual uint8_t MotorController::motorId() const[m[Kâ€™:
[6.248s] [01m[K/home/ubuntu/Desktop/AK8064_ws_Jun/src/motor_driver/src/ControlMotor.cpp:1334:47:[m[K [01;31m[Kerror: [m[Kâ€˜[01m[Kmotor_id_[m[Kâ€™ was not declared in this scope; did you mean â€˜[01m[KmotorId[m[Kâ€™?
[6.248s]  1334 |     uint8_t motorId() const override { return [01;31m[Kmotor_id_[m[K; }
[6.248s]       |                                               [01;31m[K^~~~~~~~~[m[K
[6.248s]       |                                               [32m[KmotorId[m[K
[6.265s] [01m[K/home/ubuntu/Desktop/AK8064_ws_Jun/src/motor_driver/src/ControlMotor.cpp:[m[K In member function â€˜[01m[Kvirtual void MotorController::stop()[m[Kâ€™:
[6.266s] [01m[K/home/ubuntu/Desktop/AK8064_ws_Jun/src/motor_driver/src/ControlMotor.cpp:1338:18:[m[K [01;31m[Kerror: [m[Kâ€˜[01m[Klast_command_[m[Kâ€™ was not declared in this scope
[6.266s]  1338 |             if (([01;31m[Klast_command_[m[K == "UP" || last_command_ == "DOWN" ||
[6.266s]       |                  [01;31m[K^~~~~~~~~~~~~[m[K
[6.275s] [01m[K/home/ubuntu/Desktop/AK8064_ws_Jun/src/motor_driver/src/ControlMotor.cpp:1339:19:[m[K [01;31m[Kerror: [m[Kâ€˜[01m[Kmode_[m[Kâ€™ was not declared in this scope; did you mean â€˜[01m[Kmode_t[m[Kâ€™?
[6.275s]  1339 |                  ([01;31m[Kmode_[m[K == Mode::MANUAL && !target_positions_cmd_.empty())) &&
[6.276s]       |                   [01;31m[K^~~~~[m[K
[6.276s]       |                   [32m[Kmode_t[m[K
[6.300s] [01m[K/home/ubuntu/Desktop/AK8064_ws_Jun/src/motor_driver/src/ControlMotor.cpp:1339:45:[m[K [01;31m[Kerror: [m[Kâ€˜[01m[Ktarget_positions_cmd_[m[Kâ€™ was not declared in this scope
[6.300s]  1339 |                  (mode_ == Mode::MANUAL && ![01;31m[Ktarget_positions_cmd_[m[K.empty())) &&
[6.300s]       |                                             [01;31m[K^~~~~~~~~~~~~~~~~~~~~[m[K
[6.310s] [01m[K/home/ubuntu/Desktop/AK8064_ws_Jun/src/motor_driver/src/ControlMotor.cpp:1340:18:[m[K [01;31m[Kerror: [m[Kâ€˜[01m[Kcan_[m[Kâ€™ was not declared in this scope
[6.310s]  1340 |                 ![01;31m[Kcan_[m[K->setCurrentBrake(motor_id_, 300)) {
[6.310s]       |                  [01;31m[K^~~~[m[K
[6.323s] [01m[K/home/ubuntu/Desktop/AK8064_ws_Jun/src/motor_driver/src/ControlMotor.cpp:1340:40:[m[K [01;31m[Kerror: [m[Kâ€˜[01m[Kmotor_id_[m[Kâ€™ was not declared in this scope; did you mean â€˜[01m[KmotorId[m[Kâ€™?
[6.323s]  1340 |                 !can_->setCurrentBrake([01;31m[Kmotor_id_[m[K, 300)) {
[6.323s]       |                                        [01;31m[K^~~~~~~~~[m[K
[6.323s]       |                                        [32m[KmotorId[m[K
[6.340s] In file included from [01m[K/opt/ros/humble/include/rclcpp/rclcpp/client.hpp:40[m[K,
[6.341s]                  from [01m[K/opt/ros/humble/include/rclcpp/rclcpp/callback_group.hpp:24[m[K,
[6.341s]                  from [01m[K/opt/ros/humble/include/rclcpp/rclcpp/any_executable.hpp:20[m[K,
[6.341s]                  from [01m[K/opt/ros/humble/include/rclcpp/rclcpp/memory_strategy.hpp:25[m[K,
[6.341s]                  from [01m[K/opt/ros/humble/include/rclcpp/rclcpp/memory_strategies.hpp:18[m[K,
[6.342s]                  from [01m[K/opt/ros/humble/include/rclcpp/rclcpp/executor_options.hpp:20[m[K,
[6.342s]                  from [01m[K/opt/ros/humble/include/rclcpp/rclcpp/executor.hpp:37[m[K,
[6.342s]                  from [01m[K/opt/ros/humble/include/rclcpp/rclcpp/executors/multi_threaded_executor.hpp:25[m[K,
[6.342s]                  from [01m[K/opt/ros/humble/include/rclcpp/rclcpp/executors.hpp:21[m[K,
[6.342s]                  from [01m[K/opt/ros/humble/include/rclcpp/rclcpp/rclcpp.hpp:155[m[K,
[6.343s]                  from [01m[K/home/ubuntu/Desktop/AK8064_ws_Jun/src/motor_driver/src/ControlMotor.cpp:959[m[K:
[6.343s] [01m[K/home/ubuntu/Desktop/AK8064_ws_Jun/src/motor_driver/src/ControlMotor.cpp:1341:30:[m[K [01;31m[Kerror: [m[Kâ€˜[01m[Klogger_[m[Kâ€™ was not declared in this scope
[6.343s]  1341 |                 RCLCPP_ERROR([01;31m[Klogger_[m[K, "Motor 0x%02X: Brake failed", motor_id_);
[6.343s]       |                              [01;31m[K^~~~~~~[m[K
[6.343s] [01m[K/home/ubuntu/Desktop/AK8064_ws_Jun/src/motor_driver/src/ControlMotor.cpp:1341:17:[m[K [01;31m[Kerror: [m[Ktemplate argument 1 is invalid
[6.344s]  1341 |                 [01;31m[KRCLCPP_ERROR[m[K(logger_, "Motor 0x%02X: Brake failed", motor_id_);
[6.344s]       |                 [01;31m[K^~~~~~~~~~~~[m[K
[6.344s] [01m[K/home/ubuntu/Desktop/AK8064_ws_Jun/src/motor_driver/src/ControlMotor.cpp:1341:17:[m[K [01;31m[Kerror: [m[Ktemplate argument 1 is invalid
[6.344s]  1341 |                 [01;31m[KRCLCPP_ERROR[m[K(logger_, "Motor 0x%02X: Brake failed", motor_id_);
[6.344s]       |                 [01;31m[K^~~~~~~~~~~~[m[K
[6.345s] [01m[K/home/ubuntu/Desktop/AK8064_ws_Jun/src/motor_driver/src/ControlMotor.cpp:1341:17:[m[K [01;31m[Kerror: [m[Ktemplate argument 1 is invalid
[6.345s]  1341 |                 [01;31m[KRCLCPP_ERROR[m[K(logger_, "Motor 0x%02X: Brake failed", motor_id_);
[6.345s]       |                 [01;31m[K^~~~~~~~~~~~[m[K
[6.359s] [01m[K/home/ubuntu/Desktop/AK8064_ws_Jun/src/motor_driver/src/ControlMotor.cpp:1342:17:[m[K [01;31m[Kerror: [m[Kâ€˜[01m[KtransitionTo[m[Kâ€™ was not declared in this scope
[6.359s]  1342 |                 [01;31m[KtransitionTo[m[K(State::ERROR);
[6.359s]       |                 [01;31m[K^~~~~~~~~~~~[m[K
[6.369s] [01m[K/home/ubuntu/Desktop/AK8064_ws_Jun/src/motor_driver/src/ControlMotor.cpp:1345:13:[m[K [01;31m[Kerror: [m[Kâ€˜[01m[Kcan_[m[Kâ€™ was not declared in this scope
[6.369s]  1345 |             [01;31m[Kcan_[m[K->setPositionSpeed(motor_id_, last_data_.position, 1000, 1000);
[6.369s]       |             [01;31m[K^~~~[m[K
[6.382s] [01m[K/home/ubuntu/Desktop/AK8064_ws_Jun/src/motor_driver/src/ControlMotor.cpp:1345:36:[m[K [01;31m[Kerror: [m[Kâ€˜[01m[Kmotor_id_[m[Kâ€™ was not declared in this scope; did you mean â€˜[01m[KmotorId[m[Kâ€™?
[6.382s]  1345 |             can_->setPositionSpeed([01;31m[Kmotor_id_[m[K, last_data_.position, 1000, 1000);
[6.382s]       |                                    [01;31m[K^~~~~~~~~[m[K
[6.382s]       |                                    [32m[KmotorId[m[K
[6.396s] [01m[K/home/ubuntu/Desktop/AK8064_ws_Jun/src/motor_driver/src/ControlMotor.cpp:1345:47:[m[K [01;31m[Kerror: [m[Kâ€˜[01m[Klast_data_[m[Kâ€™ was not declared in this scope
[6.396s]  1345 |             can_->setPositionSpeed(motor_id_, [01;31m[Klast_data_[m[K.position, 1000, 1000);
[6.396s]       |                                               [01;31m[K^~~~~~~~~~[m[K
[6.414s] [01m[K/home/ubuntu/Desktop/AK8064_ws_Jun/src/motor_driver/src/ControlMotor.cpp:1346:13:[m[K [01;31m[Kerror: [m[Kâ€˜[01m[Ktarget_position_[m[Kâ€™ was not declared in this scope; did you mean â€˜[01m[KgetTargetPositions[m[Kâ€™?
[6.414s]  1346 |             [01;31m[Ktarget_position_[m[K = last_data_.position;
[6.414s]       |             [01;31m[K^~~~~~~~~~~~~~~~[m[K
[6.414s]       |             [32m[KgetTargetPositions[m[K
[6.429s] [01m[K/home/ubuntu/Desktop/AK8064_ws_Jun/src/motor_driver/src/ControlMotor.cpp:1347:13:[m[K [01;31m[Kerror: [m[Kâ€˜[01m[KtransitionTo[m[Kâ€™ was not declared in this scope
[6.429s]  1347 |             [01;31m[KtransitionTo[m[K(State::STOPPED);
[6.429s]       |             [01;31m[K^~~~~~~~~~~~[m[K
[6.447s] [01m[K/home/ubuntu/Desktop/AK8064_ws_Jun/src/motor_driver/src/ControlMotor.cpp:1348:13:[m[K [01;31m[Kerror: [m[Kâ€˜[01m[Kstate_publisher_[m[Kâ€™ was not declared in this scope; did you mean â€˜[01m[KStatePublisher[m[Kâ€™?
[6.447s]  1348 |             [01;31m[Kstate_publisher_[m[K.publishResponse("Motor 0x" + std::to_string(motor_id_) +
[6.447s]       |             [01;31m[K^~~~~~~~~~~~~~~~[m[K
[6.447s]       |             [32m[KStatePublisher[m[K
[6.470s] In file included from [01m[K/opt/ros/humble/include/rclcpp/rclcpp/client.hpp:40[m[K,
[6.470s]                  from [01m[K/opt/ros/humble/include/rclcpp/rclcpp/callback_group.hpp:24[m[K,
[6.471s]                  from [01m[K/opt/ros/humble/include/rclcpp/rclcpp/any_executable.hpp:20[m[K,
[6.471s]                  from [01m[K/opt/ros/humble/include/rclcpp/rclcpp/memory_strategy.hpp:25[m[K,
[6.471s]                  from [01m[K/opt/ros/humble/include/rclcpp/rclcpp/memory_strategies.hpp:18[m[K,
[6.471s]                  from [01m[K/opt/ros/humble/include/rclcpp/rclcpp/executor_options.hpp:20[m[K,
[6.471s]                  from [01m[K/opt/ros/humble/include/rclcpp/rclcpp/executor.hpp:37[m[K,
[6.472s]                  from [01m[K/opt/ros/humble/include/rclcpp/rclcpp/executors/multi_threaded_executor.hpp:25[m[K,
[6.472s]                  from [01m[K/opt/ros/humble/include/rclcpp/rclcpp/executors.hpp:21[m[K,
[6.472s]                  from [01m[K/opt/ros/humble/include/rclcpp/rclcpp/rclcpp.hpp:155[m[K,
[6.472s]                  from [01m[K/home/ubuntu/Desktop/AK8064_ws_Jun/src/motor_driver/src/ControlMotor.cpp:959[m[K:
[6.472s] [01m[K/home/ubuntu/Desktop/AK8064_ws_Jun/src/motor_driver/src/ControlMotor.cpp:1351:26:[m[K [01;31m[Kerror: [m[Kâ€˜[01m[Klogger_[m[Kâ€™ was not declared in this scope
[6.472s]  1351 |             RCLCPP_ERROR([01;31m[Klogger_[m[K, "Motor 0x%02X: Stop failed: %s", motor_id_, e.what());
[6.473s]       |                          [01;31m[K^~~~~~~[m[K
[6.473s] [01m[K/home/ubuntu/Desktop/AK8064_ws_Jun/src/motor_driver/src/ControlMotor.cpp:1351:13:[m[K [01;31m[Kerror: [m[Ktemplate argument 1 is invalid
[6.473s]  1351 |             [01;31m[KRCLCPP_ERROR[m[K(logger_, "Motor 0x%02X: Stop failed: %s", motor_id_, e.what());
[6.473s]       |             [01;31m[K^~~~~~~~~~~~[m[K
[6.473s] [01m[K/home/ubuntu/Desktop/AK8064_ws_Jun/src/motor_driver/src/ControlMotor.cpp:1351:13:[m[K [01;31m[Kerror: [m[Ktemplate argument 1 is invalid
[6.473s]  1351 |             [01;31m[KRCLCPP_ERROR[m[K(logger_, "Motor 0x%02X: Stop failed: %s", motor_id_, e.what());
[6.474s]       |             [01;31m[K^~~~~~~~~~~~[m[K
[6.474s] [01m[K/home/ubuntu/Desktop/AK8064_ws_Jun/src/motor_driver/src/ControlMotor.cpp:1351:13:[m[K [01;31m[Kerror: [m[Ktemplate argument 1 is invalid
[6.474s]  1351 |             [01;31m[KRCLCPP_ERROR[m[K(logger_, "Motor 0x%02X: Stop failed: %s", motor_id_, e.what());
[6.474s]       |             [01;31m[K^~~~~~~~~~~~[m[K
[6.476s] In file included from [01m[K/opt/ros/humble/include/rclcpp/rclcpp/logging.hpp:24[m[K,
[6.476s]                  from [01m[K/opt/ros/humble/include/rclcpp/rclcpp/client.hpp:40[m[K,
[6.476s]                  from [01m[K/opt/ros/humble/include/rclcpp/rclcpp/callback_group.hpp:24[m[K,
[6.476s]                  from [01m[K/opt/ros/humble/include/rclcpp/rclcpp/any_executable.hpp:20[m[K,
[6.476s]                  from [01m[K/opt/ros/humble/include/rclcpp/rclcpp/memory_strategy.hpp:25[m[K,
[6.477s]                  from [01m[K/opt/ros/humble/include/rclcpp/rclcpp/memory_strategies.hpp:18[m[K,
[6.477s]                  from [01m[K/opt/ros/humble/include/rclcpp/rclcpp/executor_options.hpp:20[m[K,
[6.477s]                  from [01m[K/opt/ros/humble/include/rclcpp/rclcpp/executor.hpp:37[m[K,
[6.477s]                  from [01m[K/opt/ros/humble/include/rclcpp/rclcpp/executors/multi_threaded_executor.hpp:25[m[K,
[6.478s]                  from [01m[K/opt/ros/humble/include/rclcpp/rclcpp/executors.hpp:21[m[K,
[6.478s]                  from [01m[K/opt/ros/humble/include/rclcpp/rclcpp/rclcpp.hpp:155[m[K,
[6.478s]                  from [01m[K/home/ubuntu/Desktop/AK8064_ws_Jun/src/motor_driver/src/ControlMotor.cpp:959[m[K:
[6.478s] [01m[K/home/ubuntu/Desktop/AK8064_ws_Jun/src/motor_driver/src/ControlMotor.cpp:1351:68:[m[K [01;31m[Kerror: [m[Kâ€˜[01m[Kmotor_id_[m[Kâ€™ was not declared in this scope; did you mean â€˜[01m[KmotorId[m[Kâ€™?
[6.478s]  1351 |  RCLCPP_ERROR(logger_, "Motor 0x%02X: Stop failed: %s", [01;31m[Kmotor_id_[m[K, e.what());
[6.479s]       |                                                         [01;31m[K^~~~~~~~~[m[K
[6.479s] 
[6.493s] [01m[K/home/ubuntu/Desktop/AK8064_ws_Jun/src/motor_driver/src/ControlMotor.cpp:1352:13:[m[K [01;31m[Kerror: [m[Kâ€˜[01m[KtransitionTo[m[Kâ€™ was not declared in this scope
[6.494s]  1352 |             [01;31m[KtransitionTo[m[K(State::ERROR);
[6.494s]       |             [01;31m[K^~~~~~~~~~~~[m[K
[6.517s] [01m[K/home/ubuntu/Desktop/AK8064_ws_Jun/src/motor_driver/src/ControlMotor.cpp:[m[K In member function â€˜[01m[Kvoid MotorController::handleInitializing(const MotorData&)[m[Kâ€™:
[6.517s] [01m[K/home/ubuntu/Desktop/AK8064_ws_Jun/src/motor_driver/src/ControlMotor.cpp:1370:39:[m[K [01;31m[Kerror: [m[Kâ€˜[01m[KPOSITION_TOLERANCE[m[Kâ€™ was not declared in this scope
[6.517s]  1370 |         if (std::abs(data.position) < [01;31m[KPOSITION_TOLERANCE[m[K &&
[6.517s]       |                                       [01;31m[K^~~~~~~~~~~~~~~~~~[m[K
[6.539s] [01m[K/home/ubuntu/Desktop/AK8064_ws_Jun/src/motor_driver/src/ControlMotor.cpp:1371:39:[m[K [01;31m[Kerror: [m[Kâ€˜[01m[KVELOCITY_TOLERANCE[m[Kâ€™ was not declared in this scope
[6.539s]  1371 |             std::abs(data.velocity) < [01;31m[KVELOCITY_TOLERANCE[m[K) {
[6.539s]       |                                       [01;31m[K^~~~~~~~~~~~~~~~~~[m[K
[6.553s] [01m[K/home/ubuntu/Desktop/AK8064_ws_Jun/src/motor_driver/src/ControlMotor.cpp:1372:13:[m[K [01;31m[Kerror: [m[Kâ€˜[01m[Kis_origin_set_[m[Kâ€™ was not declared in this scope; did you mean â€˜[01m[KisOriginSet[m[Kâ€™?
[6.553s]  1372 |             [01;31m[Kis_origin_set_[m[K = true;
[6.553s]       |             [01;31m[K^~~~~~~~~~~~~~[m[K
[6.553s]       |             [32m[KisOriginSet[m[K
[6.568s] [01m[K/home/ubuntu/Desktop/AK8064_ws_Jun/src/motor_driver/src/ControlMotor.cpp:1373:13:[m[K [01;31m[Kerror: [m[Kâ€˜[01m[KtransitionTo[m[Kâ€™ was not declared in this scope
[6.568s]  1373 |             [01;31m[KtransitionTo[m[K(State::HOMING);
[6.568s]       |             [01;31m[K^~~~~~~~~~~~[m[K
[6.578s] [01m[K/home/ubuntu/Desktop/AK8064_ws_Jun/src/motor_driver/src/ControlMotor.cpp:[m[K In member function â€˜[01m[Kvoid MotorController::handleHoming(const MotorData&)[m[Kâ€™:
[6.578s] [01m[K/home/ubuntu/Desktop/AK8064_ws_Jun/src/motor_driver/src/ControlMotor.cpp:1378:9:[m[K [01;31m[Kerror: [m[Kâ€˜[01m[Kcan_[m[Kâ€™ was not declared in this scope
[6.578s]  1378 |         [01;31m[Kcan_[m[K->setPositionSpeed(motor_id_, 0.0, static_cast<int>(speed_), static_cast<int>(accel_));
[6.578s]       |         [01;31m[K^~~~[m[K
[6.590s] [01m[K/home/ubuntu/Desktop/AK8064_ws_Jun/src/motor_driver/src/ControlMotor.cpp:1378:32:[m[K [01;31m[Kerror: [m[Kâ€˜[01m[Kmotor_id_[m[Kâ€™ was not declared in this scope; did you mean â€˜[01m[KmotorId[m[Kâ€™?
[6.591s]  1378 |         can_->setPositionSpeed([01;31m[Kmotor_id_[m[K, 0.0, static_cast<int>(speed_), static_cast<int>(accel_));
[6.591s]       |                                [01;31m[K^~~~~~~~~[m[K
[6.591s]       |                                [32m[KmotorId[m[K
[6.603s] [01m[K/home/ubuntu/Desktop/AK8064_ws_Jun/src/motor_driver/src/ControlMotor.cpp:1378:65:[m[K [01;31m[Kerror: [m[Kâ€˜[01m[Kspeed_[m[Kâ€™ was not declared in this scope
[6.603s]  1378 | can_->setPositionSpeed(motor_id_, 0.0, static_cast<int>([01;31m[Kspeed_[m[K), static_cast<int>(accel_));
[6.603s]       |                                                         [01;31m[K^~~~~~[m[K
[6.603s] 
[6.615s] [01m[K/home/ubuntu/Desktop/AK8064_ws_Jun/src/motor_driver/src/ControlMotor.cpp:1378:91:[m[K [01;31m[Kerror: [m[Kâ€˜[01m[Kaccel_[m[Kâ€™ was not declared in this scope; did you mean â€˜[01m[Kaccess[m[Kâ€™?
[6.615s]  1378 | otor_id_, 0.0, static_cast<int>(speed_), static_cast<int>([01;31m[Kaccel_[m[K));
[6.615s]       |                                                           [01;31m[K^~~~~~[m[K
[6.615s]       |                                                           [32m[Kaccess[m[K
[6.637s] [01m[K/home/ubuntu/Desktop/AK8064_ws_Jun/src/motor_driver/src/ControlMotor.cpp:1379:39:[m[K [01;31m[Kerror: [m[Kâ€˜[01m[KPOSITION_TOLERANCE[m[Kâ€™ was not declared in this scope
[6.638s]  1379 |         if (std::abs(data.position) < [01;31m[KPOSITION_TOLERANCE[m[K &&
[6.638s]       |                                       [01;31m[K^~~~~~~~~~~~~~~~~~[m[K
[6.662s] [01m[K/home/ubuntu/Desktop/AK8064_ws_Jun/src/motor_driver/src/ControlMotor.cpp:1380:39:[m[K [01;31m[Kerror: [m[Kâ€˜[01m[KVELOCITY_TOLERANCE[m[Kâ€™ was not declared in this scope
[6.662s]  1380 |             std::abs(data.velocity) < [01;31m[KVELOCITY_TOLERANCE[m[K) {
[6.662s]       |                                       [01;31m[K^~~~~~~~~~~~~~~~~~[m[K
[6.676s] [01m[K/home/ubuntu/Desktop/AK8064_ws_Jun/src/motor_driver/src/ControlMotor.cpp:1381:13:[m[K [01;31m[Kerror: [m[Kâ€˜[01m[Kis_home_[m[Kâ€™ was not declared in this scope
[6.676s]  1381 |             [01;31m[Kis_home_[m[K = true;
[6.676s]       |             [01;31m[K^~~~~~~~[m[K
[6.692s] [01m[K/home/ubuntu/Desktop/AK8064_ws_Jun/src/motor_driver/src/ControlMotor.cpp:1382:13:[m[K [01;31m[Kerror: [m[Kâ€˜[01m[Ktarget_reached_[m[Kâ€™ was not declared in this scope; did you mean â€˜[01m[KisTargetReached[m[Kâ€™?
[6.692s]  1382 |             [01;31m[Ktarget_reached_[m[K = true;
[6.692s]       |             [01;31m[K^~~~~~~~~~~~~~~[m[K
[6.692s]       |             [32m[KisTargetReached[m[K
[6.705s] In file included from [01m[K/opt/ros/humble/include/rclcpp/rclcpp/client.hpp:40[m[K,
[6.705s]                  from [01m[K/opt/ros/humble/include/rclcpp/rclcpp/callback_group.hpp:24[m[K,
[6.705s]                  from [01m[K/opt/ros/humble/include/rclcpp/rclcpp/any_executable.hpp:20[m[K,
[6.705s]                  from [01m[K/opt/ros/humble/include/rclcpp/rclcpp/memory_strategy.hpp:25[m[K,
[6.706s]                  from [01m[K/opt/ros/humble/include/rclcpp/rclcpp/memory_strategies.hpp:18[m[K,
[6.706s]                  from [01m[K/opt/ros/humble/include/rclcpp/rclcpp/executor_options.hpp:20[m[K,
[6.706s]                  from [01m[K/opt/ros/humble/include/rclcpp/rclcpp/executor.hpp:37[m[K,
[6.706s]                  from [01m[K/opt/ros/humble/include/rclcpp/rclcpp/executors/multi_threaded_executor.hpp:25[m[K,
[6.706s]                  from [01m[K/opt/ros/humble/include/rclcpp/rclcpp/executors.hpp:21[m[K,
[6.706s]                  from [01m[K/opt/ros/humble/include/rclcpp/rclcpp/rclcpp.hpp:155[m[K,
[6.707s]                  from [01m[K/home/ubuntu/Desktop/AK8064_ws_Jun/src/motor_driver/src/ControlMotor.cpp:959[m[K:
[6.707s] [01m[K/home/ubuntu/Desktop/AK8064_ws_Jun/src/motor_driver/src/ControlMotor.cpp:1383:25:[m[K [01;31m[Kerror: [m[Kâ€˜[01m[Klogger_[m[Kâ€™ was not declared in this scope
[6.707s]  1383 |             RCLCPP_INFO([01;31m[Klogger_[m[K, "Motor 0x%02X reached Home Position!", motor_id_);
[6.707s]       |                         [01;31m[K^~~~~~~[m[K
[6.707s] [01m[K/home/ubuntu/Desktop/AK8064_ws_Jun/src/motor_driver/src/ControlMotor.cpp:1383:13:[m[K [01;31m[Kerror: [m[Ktemplate argument 1 is invalid
[6.708s]  1383 |             [01;31m[KRCLCPP_INFO[m[K(logger_, "Motor 0x%02X reached Home Position!", motor_id_);
[6.708s]       |             [01;31m[K^~~~~~~~~~~[m[K
[6.708s] [01m[K/home/ubuntu/Desktop/AK8064_ws_Jun/src/motor_driver/src/ControlMotor.cpp:1383:13:[m[K [01;31m[Kerror: [m[Ktemplate argument 1 is invalid
[6.708s]  1383 |             [01;31m[KRCLCPP_INFO[m[K(logger_, "Motor 0x%02X reached Home Position!", motor_id_);
[6.708s]       |             [01;31m[K^~~~~~~~~~~[m[K
[6.708s] [01m[K/home/ubuntu/Desktop/AK8064_ws_Jun/src/motor_driver/src/ControlMotor.cpp:1383:13:[m[K [01;31m[Kerror: [m[Ktemplate argument 1 is invalid
[6.709s]  1383 |             [01;31m[KRCLCPP_INFO[m[K(logger_, "Motor 0x%02X reached Home Position!", motor_id_);
[6.709s]       |             [01;31m[K^~~~~~~~~~~[m[K
[6.723s] [01m[K/home/ubuntu/Desktop/AK8064_ws_Jun/src/motor_driver/src/ControlMotor.cpp:1384:13:[m[K [01;31m[Kerror: [m[Kâ€˜[01m[KtransitionTo[m[Kâ€™ was not declared in this scope
[6.724s]  1384 |             [01;31m[KtransitionTo[m[K(State::MOVING);
[6.724s]       |             [01;31m[K^~~~~~~~~~~~[m[K
[6.734s] [01m[K/home/ubuntu/Desktop/AK8064_ws_Jun/src/motor_driver/src/ControlMotor.cpp:[m[K In member function â€˜[01m[Kvoid MotorController::handleMoving(const MotorData&)[m[Kâ€™:
[6.734s] [01m[K/home/ubuntu/Desktop/AK8064_ws_Jun/src/motor_driver/src/ControlMotor.cpp:1389:13:[m[K [01;31m[Kerror: [m[Kâ€˜[01m[Kmode_[m[Kâ€™ was not declared in this scope; did you mean â€˜[01m[Kmode_t[m[Kâ€™?
[6.734s]  1389 |         if ([01;31m[Kmode_[m[K == Mode::MANUAL && !last_command_.empty()) {
[6.734s]       |             [01;31m[K^~~~~[m[K
[6.734s]       |             [32m[Kmode_t[m[K
[6.751s] [01m[K/home/ubuntu/Desktop/AK8064_ws_Jun/src/motor_driver/src/ControlMotor.cpp:1389:39:[m[K [01;31m[Kerror: [m[Kâ€˜[01m[Klast_command_[m[Kâ€™ was not declared in this scope
[6.751s]  1389 |         if (mode_ == Mode::MANUAL && ![01;31m[Klast_command_[m[K.empty()) {
[6.751s]       |                                       [01;31m[K^~~~~~~~~~~~~[m[K
[6.760s] [01m[K/home/ubuntu/Desktop/AK8064_ws_Jun/src/motor_driver/src/ControlMotor.cpp:1390:13:[m[K [01;31m[Kerror: [m[Kâ€˜[01m[Kcan_[m[Kâ€™ was not declared in this scope
[6.760s]  1390 |             [01;31m[Kcan_[m[K->setPositionSpeed(motor_id_, target_position_, static_cast<int>(speed_/3), static_cast<int>(accel_/3));
[6.761s]       |             [01;31m[K^~~~[m[K
[6.773s] [01m[K/home/ubuntu/Desktop/AK8064_ws_Jun/src/motor_driver/src/ControlMotor.cpp:1390:36:[m[K [01;31m[Kerror: [m[Kâ€˜[01m[Kmotor_id_[m[Kâ€™ was not declared in this scope; did you mean â€˜[01m[KmotorId[m[Kâ€™?
[6.773s]  1390 |             can_->setPositionSpeed([01;31m[Kmotor_id_[m[K, target_position_, static_cast<int>(speed_/3), static_cast<int>(accel_/3));
[6.773s]       |                                    [01;31m[K^~~~~~~~~[m[K
[6.773s]       |                                    [32m[KmotorId[m[K
[6.791s] [01m[K/home/ubuntu/Desktop/AK8064_ws_Jun/src/motor_driver/src/ControlMotor.cpp:1390:47:[m[K [01;31m[Kerror: [m[Kâ€˜[01m[Ktarget_position_[m[Kâ€™ was not declared in this scope; did you mean â€˜[01m[KgetTargetPositions[m[Kâ€™?
[6.791s]  1390 |             can_->setPositionSpeed(motor_id_, [01;31m[Ktarget_position_[m[K, static_cast<int>(speed_/3), static_cast<int>(accel_/3));
[6.791s]       |                                               [01;31m[K^~~~~~~~~~~~~~~~[m[K
[6.791s]       |                                               [32m[KgetTargetPositions[m[K
[6.802s] [01m[K/home/ubuntu/Desktop/AK8064_ws_Jun/src/motor_driver/src/ControlMotor.cpp:1390:82:[m[K [01;31m[Kerror: [m[Kâ€˜[01m[Kspeed_[m[Kâ€™ was not declared in this scope
[6.802s]  1390 | tionSpeed(motor_id_, target_position_, static_cast<int>([01;31m[Kspeed_[m[K/3), static_cast<int>(accel_/3));
[6.802s]       |                                                         [01;31m[K^~~~~~[m[K
[6.802s] 
[6.813s] [01m[K/home/ubuntu/Desktop/AK8064_ws_Jun/src/motor_driver/src/ControlMotor.cpp:1390:110:[m[K [01;31m[Kerror: [m[Kâ€˜[01m[Kaccel_[m[Kâ€™ was not declared in this scope; did you mean â€˜[01m[Kaccess[m[Kâ€™?
[6.813s]  1390 | position_, static_cast<int>(speed_/3), static_cast<int>([01;31m[Kaccel_[m[K/3));
[6.813s]       |                                                         [01;31m[K^~~~~~[m[K
[6.813s]       |                                                         [32m[Kaccess[m[K
[6.835s] [01m[K/home/ubuntu/Desktop/AK8064_ws_Jun/src/motor_driver/src/ControlMotor.cpp:1391:62:[m[K [01;31m[Kerror: [m[Kâ€˜[01m[KPOSITION_TOLERANCE[m[Kâ€™ was not declared in this scope
[6.835s]  1391 |        if (std::abs(data.position - target_position_) < [01;31m[KPOSITION_TOLERANCE[m[K) {
[6.836s]       |                                                         [01;31m[K^~~~~~~~~~~~~~~~~~[m[K
[6.836s] 
[6.854s] [01m[K/home/ubuntu/Desktop/AK8064_ws_Jun/src/motor_driver/src/ControlMotor.cpp:1392:17:[m[K [01;31m[Kerror: [m[Kâ€˜[01m[Kreach_counter_[m[Kâ€™ was not declared in this scope
[6.854s]  1392 |                 [01;31m[Kreach_counter_[m[K++;
[6.854s]       |                 [01;31m[K^~~~~~~~~~~~~~[m[K
[6.874s] [01m[K/home/ubuntu/Desktop/AK8064_ws_Jun/src/motor_driver/src/ControlMotor.cpp:1393:39:[m[K [01;31m[Kerror: [m[Kâ€˜[01m[Kreach_count_max_[m[Kâ€™ was not declared in this scope
[6.874s]  1393 |                 if (reach_counter_ >= [01;31m[Kreach_count_max_[m[K) {
[6.875s]       |                                       [01;31m[K^~~~~~~~~~~~~~~~[m[K
[6.891s] [01m[K/home/ubuntu/Desktop/AK8064_ws_Jun/src/motor_driver/src/ControlMotor.cpp:1395:21:[m[K [01;31m[Kerror: [m[Kâ€˜[01m[Ktarget_reached_[m[Kâ€™ was not declared in this scope; did you mean â€˜[01m[KisTargetReached[m[Kâ€™?
[6.891s]  1395 |                     [01;31m[Ktarget_reached_[m[K = true;
[6.891s]       |                     [01;31m[K^~~~~~~~~~~~~~~[m[K
[6.891s]       |                     [32m[KisTargetReached[m[K
[6.903s] In file included from [01m[K/opt/ros/humble/include/rclcpp/rclcpp/client.hpp:40[m[K,
[6.903s]                  from [01m[K/opt/ros/humble/include/rclcpp/rclcpp/callback_group.hpp:24[m[K,
[6.904s]                  from [01m[K/opt/ros/humble/include/rclcpp/rclcpp/any_executable.hpp:20[m[K,
[6.904s]                  from [01m[K/opt/ros/humble/include/rclcpp/rclcpp/memory_strategy.hpp:25[m[K,
[6.904s]                  from [01m[K/opt/ros/humble/include/rclcpp/rclcpp/memory_strategies.hpp:18[m[K,
[6.904s]                  from [01m[K/opt/ros/humble/include/rclcpp/rclcpp/executor_options.hpp:20[m[K,
[6.904s]                  from [01m[K/opt/ros/humble/include/rclcpp/rclcpp/executor.hpp:37[m[K,
[6.905s]                  from [01m[K/opt/ros/humble/include/rclcpp/rclcpp/executors/multi_threaded_executor.hpp:25[m[K,
[6.905s]                  from [01m[K/opt/ros/humble/include/rclcpp/rclcpp/executors.hpp:21[m[K,
[6.905s]                  from [01m[K/opt/ros/humble/include/rclcpp/rclcpp/rclcpp.hpp:155[m[K,
[6.905s]                  from [01m[K/home/ubuntu/Desktop/AK8064_ws_Jun/src/motor_driver/src/ControlMotor.cpp:959[m[K:
[6.905s] [01m[K/home/ubuntu/Desktop/AK8064_ws_Jun/src/motor_driver/src/ControlMotor.cpp:1396:33:[m[K [01;31m[Kerror: [m[Kâ€˜[01m[Klogger_[m[Kâ€™ was not declared in this scope
[6.905s]  1396 |                     RCLCPP_INFO([01;31m[Klogger_[m[K, "Motor 0x%02X: Reached target position %.2f",
[6.906s]       |                                 [01;31m[K^~~~~~~[m[K
[6.906s] [01m[K/home/ubuntu/Desktop/AK8064_ws_Jun/src/motor_driver/src/ControlMotor.cpp:1396:21:[m[K [01;31m[Kerror: [m[Ktemplate argument 1 is invalid
[6.906s]  1396 |                     [01;31m[KRCLCPP_INFO[m[K(logger_, "Motor 0x%02X: Reached target position %.2f",
[6.906s]       |                     [01;31m[K^~~~~~~~~~~[m[K
[6.906s] [01m[K/home/ubuntu/Desktop/AK8064_ws_Jun/src/motor_driver/src/ControlMotor.cpp:1396:21:[m[K [01;31m[Kerror: [m[Ktemplate argument 1 is invalid
[6.906s]  1396 |                     [01;31m[KRCLCPP_INFO[m[K(logger_, "Motor 0x%02X: Reached target position %.2f",
[6.907s]       |                     [01;31m[K^~~~~~~~~~~[m[K
[6.907s] [01m[K/home/ubuntu/Desktop/AK8064_ws_Jun/src/motor_driver/src/ControlMotor.cpp:1396:21:[m[K [01;31m[Kerror: [m[Ktemplate argument 1 is invalid
[6.907s]  1396 |                     [01;31m[KRCLCPP_INFO[m[K(logger_, "Motor 0x%02X: Reached target position %.2f",
[6.907s]       |                     [01;31m[K^~~~~~~~~~~[m[K
[6.920s] [01m[K/home/ubuntu/Desktop/AK8064_ws_Jun/src/motor_driver/src/ControlMotor.cpp:1398:21:[m[K [01;31m[Kerror: [m[Kâ€˜[01m[KtransitionTo[m[Kâ€™ was not declared in this scope
[6.920s]  1398 |                     [01;31m[KtransitionTo[m[K(State::STOPPED); // Stop after reaching target
[6.921s]       |                     [01;31m[K^~~~~~~~~~~~[m[K
[6.937s] [01m[K/home/ubuntu/Desktop/AK8064_ws_Jun/src/motor_driver/src/ControlMotor.cpp:1401:17:[m[K [01;31m[Kerror: [m[Kâ€˜[01m[Kreach_counter_[m[Kâ€™ was not declared in this scope
[6.937s]  1401 |                 [01;31m[Kreach_counter_[m[K = 0;
[6.937s]       |                 [01;31m[K^~~~~~~~~~~~~~[m[K
[6.952s] [01m[K/home/ubuntu/Desktop/AK8064_ws_Jun/src/motor_driver/src/ControlMotor.cpp:1402:17:[m[K [01;31m[Kerror: [m[Kâ€˜[01m[Ktarget_reached_[m[Kâ€™ was not declared in this scope; did you mean â€˜[01m[KisTargetReached[m[Kâ€™?
[6.952s]  1402 |                 [01;31m[Ktarget_reached_[m[K = false;
[6.952s]       |                 [01;31m[K^~~~~~~~~~~~~~~[m[K
[6.952s]       |                 [32m[KisTargetReached[m[K
[6.971s] [01m[K/home/ubuntu/Desktop/AK8064_ws_Jun/src/motor_driver/src/ControlMotor.cpp:1404:44:[m[K [01;31m[Kerror: [m[Kâ€˜[01m[Ktarget_positions_[m[Kâ€™ was not declared in this scope; did you mean â€˜[01m[KgetTargetPositions[m[Kâ€™?
[6.971s]  1404 |         } else if (mode_ == Mode::AUTO && ![01;31m[Ktarget_positions_[m[K.empty()) {
[6.971s]       |                                            [01;31m[K^~~~~~~~~~~~~~~~~[m[K
[6.971s]       |                                            [32m[KgetTargetPositions[m[K
[6.996s] [01m[K/home/ubuntu/Desktop/AK8064_ws_Jun/src/motor_driver/src/ControlMotor.cpp:1405:46:[m[K [01;31m[Kerror: [m[Kâ€˜[01m[Kcurrent_target_index_[m[Kâ€™ was not declared in this scope
[6.996s]  1405 |             float target = target_positions_[[01;31m[Kcurrent_target_index_[m[K];
[6.996s]       |                                              [01;31m[K^~~~~~~~~~~~~~~~~~~~~[m[K
[7.006s] [01m[K/home/ubuntu/Desktop/AK8064_ws_Jun/src/motor_driver/src/ControlMotor.cpp:1406:13:[m[K [01;31m[Kerror: [m[Kâ€˜[01m[Kcan_[m[Kâ€™ was not declared in this scope
[7.006s]  1406 |             [01;31m[Kcan_[m[K->setPositionSpeed(motor_id_, target, static_cast<int>(speed_/3), static_cast<int>(accel_/3));
[7.006s]       |             [01;31m[K^~~~[m[K
[7.018s] [01m[K/home/ubuntu/Desktop/AK8064_ws_Jun/src/motor_driver/src/ControlMotor.cpp:1406:36:[m[K [01;31m[Kerror: [m[Kâ€˜[01m[Kmotor_id_[m[Kâ€™ was not declared in this scope; did you mean â€˜[01m[KmotorId[m[Kâ€™?
[7.018s]  1406 |             can_->setPositionSpeed([01;31m[Kmotor_id_[m[K, target, static_cast<int>(speed_/3), static_cast<int>(accel_/3));
[7.018s]       |                                    [01;31m[K^~~~~~~~~[m[K
[7.019s]       |                                    [32m[KmotorId[m[K
[7.029s] [01m[K/home/ubuntu/Desktop/AK8064_ws_Jun/src/motor_driver/src/ControlMotor.cpp:1406:72:[m[K [01;31m[Kerror: [m[Kâ€˜[01m[Kspeed_[m[Kâ€™ was not declared in this scope
[7.029s]  1406 | _->setPositionSpeed(motor_id_, target, static_cast<int>([01;31m[Kspeed_[m[K/3), static_cast<int>(accel_/3));
[7.030s]       |                                                         [01;31m[K^~~~~~[m[K
[7.030s] 
[7.040s] [01m[K/home/ubuntu/Desktop/AK8064_ws_Jun/src/motor_driver/src/ControlMotor.cpp:1406:100:[m[K [01;31m[Kerror: [m[Kâ€˜[01m[Kaccel_[m[Kâ€™ was not declared in this scope; did you mean â€˜[01m[Kaccess[m[Kâ€™?
[7.040s]  1406 | _, target, static_cast<int>(speed_/3), static_cast<int>([01;31m[Kaccel_[m[K/3));
[7.040s]       |                                                         [01;31m[K^~~~~~[m[K
[7.041s]       |                                                         [32m[Kaccess[m[K
[7.062s] [01m[K/home/ubuntu/Desktop/AK8064_ws_Jun/src/motor_driver/src/ControlMotor.cpp:1407:52:[m[K [01;31m[Kerror: [m[Kâ€˜[01m[KPOSITION_TOLERANCE[m[Kâ€™ was not declared in this scope
[7.062s]  1407 |             if (std::abs(data.position - target) < [01;31m[KPOSITION_TOLERANCE[m[K) {
[7.062s]       |                                                    [01;31m[K^~~~~~~~~~~~~~~~~~[m[K
[7.079s] [01m[K/home/ubuntu/Desktop/AK8064_ws_Jun/src/motor_driver/src/ControlMotor.cpp:1408:17:[m[K [01;31m[Kerror: [m[Kâ€˜[01m[Kreach_counter_[m[Kâ€™ was not declared in this scope
[7.079s]  1408 |                 [01;31m[Kreach_counter_[m[K++;
[7.080s]       |                 [01;31m[K^~~~~~~~~~~~~~[m[K
[7.099s] [01m[K/home/ubuntu/Desktop/AK8064_ws_Jun/src/motor_driver/src/ControlMotor.cpp:1409:39:[m[K [01;31m[Kerror: [m[Kâ€˜[01m[Kreach_count_max_[m[Kâ€™ was not declared in this scope
[7.100s]  1409 |                 if (reach_counter_ >= [01;31m[Kreach_count_max_[m[K) {
[7.100s]       |                                       [01;31m[K^~~~~~~~~~~~~~~~[m[K
[7.115s] [01m[K/home/ubuntu/Desktop/AK8064_ws_Jun/src/motor_driver/src/ControlMotor.cpp:1411:21:[m[K [01;31m[Kerror: [m[Kâ€˜[01m[Ktarget_reached_[m[Kâ€™ was not declared in this scope; did you mean â€˜[01m[KisTargetReached[m[Kâ€™?
[7.115s]  1411 |                     [01;31m[Ktarget_reached_[m[K = true;
[7.115s]       |                     [01;31m[K^~~~~~~~~~~~~~~[m[K
[7.115s]       |                     [32m[KisTargetReached[m[K
[7.127s] In file included from [01m[K/opt/ros/humble/include/rclcpp/rclcpp/client.hpp:40[m[K,
[7.128s]                  from [01m[K/opt/ros/humble/include/rclcpp/rclcpp/callback_group.hpp:24[m[K,
[7.128s]                  from [01m[K/opt/ros/humble/include/rclcpp/rclcpp/any_executable.hpp:20[m[K,
[7.128s]                  from [01m[K/opt/ros/humble/include/rclcpp/rclcpp/memory_strategy.hpp:25[m[K,
[7.128s]                  from [01m[K/opt/ros/humble/include/rclcpp/rclcpp/memory_strategies.hpp:18[m[K,
[7.129s]                  from [01m[K/opt/ros/humble/include/rclcpp/rclcpp/executor_options.hpp:20[m[K,
[7.129s]                  from [01m[K/opt/ros/humble/include/rclcpp/rclcpp/executor.hpp:37[m[K,
[7.129s]                  from [01m[K/opt/ros/humble/include/rclcpp/rclcpp/executors/multi_threaded_executor.hpp:25[m[K,
[7.129s]                  from [01m[K/opt/ros/humble/include/rclcpp/rclcpp/executors.hpp:21[m[K,
[7.129s]                  from [01m[K/opt/ros/humble/include/rclcpp/rclcpp/rclcpp.hpp:155[m[K,
[7.129s]                  from [01m[K/home/ubuntu/Desktop/AK8064_ws_Jun/src/motor_driver/src/ControlMotor.cpp:959[m[K:
[7.129s] [01m[K/home/ubuntu/Desktop/AK8064_ws_Jun/src/motor_driver/src/ControlMotor.cpp:1414:37:[m[K [01;31m[Kerror: [m[Kâ€˜[01m[Klogger_[m[Kâ€™ was not declared in this scope
[7.130s]  1414 |                         RCLCPP_INFO([01;31m[Klogger_[m[K, "Motor 0x%02X: All targets reached.", motor_id_);
[7.130s]       |                                     [01;31m[K^~~~~~~[m[K
[7.130s] [01m[K/home/ubuntu/Desktop/AK8064_ws_Jun/src/motor_driver/src/ControlMotor.cpp:1414:25:[m[K [01;31m[Kerror: [m[Ktemplate argument 1 is invalid
[7.130s]  1414 |                         [01;31m[KRCLCPP_INFO[m[K(logger_, "Motor 0x%02X: All targets reached.", motor_id_);
[7.130s]       |                         [01;31m[K^~~~~~~~~~~[m[K
[7.130s] [01m[K/home/ubuntu/Desktop/AK8064_ws_Jun/src/motor_driver/src/ControlMotor.cpp:1414:25:[m[K [01;31m[Kerror: [m[Ktemplate argument 1 is invalid
[7.131s]  1414 |                         [01;31m[KRCLCPP_INFO[m[K(logger_, "Motor 0x%02X: All targets reached.", motor_id_);
[7.131s]       |                         [01;31m[K^~~~~~~~~~~[m[K
[7.131s] [01m[K/home/ubuntu/Desktop/AK8064_ws_Jun/src/motor_driver/src/ControlMotor.cpp:1414:25:[m[K [01;31m[Kerror: [m[Ktemplate argument 1 is invalid
[7.131s]  1414 |                         [01;31m[KRCLCPP_INFO[m[K(logger_, "Motor 0x%02X: All targets reached.", motor_id_);
[7.131s]       |                         [01;31m[K^~~~~~~~~~~[m[K
[7.145s] [01m[K/home/ubuntu/Desktop/AK8064_ws_Jun/src/motor_driver/src/ControlMotor.cpp:1416:25:[m[K [01;31m[Kerror: [m[Kâ€˜[01m[KtransitionTo[m[Kâ€™ was not declared in this scope
[7.145s]  1416 |                         [01;31m[KtransitionTo[m[K(State::STOPPED); // Stop after all targets
[7.145s]       |                         [01;31m[K^~~~~~~~~~~~[m[K
[7.162s] [01m[K/home/ubuntu/Desktop/AK8064_ws_Jun/src/motor_driver/src/ControlMotor.cpp:1420:17:[m[K [01;31m[Kerror: [m[Kâ€˜[01m[Kreach_counter_[m[Kâ€™ was not declared in this scope
[7.162s]  1420 |                 [01;31m[Kreach_counter_[m[K = 0;
[7.162s]       |                 [01;31m[K^~~~~~~~~~~~~~[m[K
[7.178s] [01m[K/home/ubuntu/Desktop/AK8064_ws_Jun/src/motor_driver/src/ControlMotor.cpp:1421:17:[m[K [01;31m[Kerror: [m[Kâ€˜[01m[Ktarget_reached_[m[Kâ€™ was not declared in this scope; did you mean â€˜[01m[KisTargetReached[m[Kâ€™?
[7.179s]  1421 |                 [01;31m[Ktarget_reached_[m[K = false;
[7.179s]       |                 [01;31m[K^~~~~~~~~~~~~~~[m[K
[7.179s]       |                 [32m[KisTargetReached[m[K
[7.179s] [01m[K/home/ubuntu/Desktop/AK8064_ws_Jun/src/motor_driver/src/ControlMotor.cpp:1425:46:[m[K [01;31m[Kerror: [m[Ka function-definition is not allowed here before â€˜[01m[K{[m[Kâ€™ token
[7.179s]  1425 |     void handlePaused(const MotorData& data) [01;31m[K{[m[K
[7.180s]       |                                              [01;31m[K^[m[K
[7.180s] [01m[K/home/ubuntu/Desktop/AK8064_ws_Jun/src/motor_driver/src/ControlMotor.cpp:1468:47:[m[K [01;31m[Kerror: [m[Ka function-definition is not allowed here before â€˜[01m[K{[m[Kâ€™ token
[7.180s]  1468 |     void handleStopped(const MotorData& data) [01;31m[K{[m[K
[7.180s]       |                                               [01;31m[K^[m[K
[7.181s] [01m[K/home/ubuntu/Desktop/AK8064_ws_Jun/src/motor_driver/src/ControlMotor.cpp:1472:45:[m[K [01;31m[Kerror: [m[Ka function-definition is not allowed here before â€˜[01m[K{[m[Kâ€™ token
[7.181s]  1472 |     void handleError(const MotorData& data) [01;31m[K{[m[K
[7.181s]       |                                             [01;31m[K^[m[K
[7.181s] [01m[K/home/ubuntu/Desktop/AK8064_ws_Jun/src/motor_driver/src/ControlMotor.cpp:1496:33:[m[K [01;31m[Kerror: [m[Ka function-definition is not allowed here before â€˜[01m[K{[m[Kâ€™ token
[7.181s]  1496 |     void initializeCommandMap() [01;31m[K{[m[K
[7.181s]       |                                 [01;31m[K^[m[K
[7.181s] [01m[K/home/ubuntu/Desktop/AK8064_ws_Jun/src/motor_driver/src/ControlMotor.cpp:1621:66:[m[K [01;31m[Kerror: [m[Ka function-definition is not allowed here before â€˜[01m[K{[m[Kâ€™ token
[7.181s]  1621 |     void validatePositions(const std::vector<double>& positions) [01;31m[K{[m[K
[7.181s]       |                                                                  [01;31m[K^[m[K
[7.181s] [01m[K/home/ubuntu/Desktop/AK8064_ws_Jun/src/motor_driver/src/ControlMotor.cpp:1631:26:[m[K [01;31m[Kerror: [m[Ka function-definition is not allowed here before â€˜[01m[K{[m[Kâ€™ token
[7.182s]  1631 |     void validateSpeed() [01;31m[K{[m[K
[7.182s]       |                          [01;31m[K^[m[K
[7.182s] [01m[K/home/ubuntu/Desktop/AK8064_ws_Jun/src/motor_driver/src/ControlMotor.cpp:1639:26:[m[K [01;31m[Kerror: [m[Ka function-definition is not allowed here before â€˜[01m[K{[m[Kâ€™ token
[7.182s]  1639 |     void validateAccel() [01;31m[K{[m[K
[7.182s]       |                          [01;31m[K^[m[K
[7.182s] [01m[K/home/ubuntu/Desktop/AK8064_ws_Jun/src/motor_driver/src/ControlMotor.cpp:1647:25:[m[K [01;31m[Kerror: [m[Ka function-definition is not allowed here before â€˜[01m[K{[m[Kâ€™ token
[7.182s]  1647 |     void validateStep() [01;31m[K{[m[K
[7.182s]       |                         [01;31m[K^[m[K
[7.182s] [01m[K/home/ubuntu/Desktop/AK8064_ws_Jun/src/motor_driver/src/ControlMotor.cpp:1654:27:[m[K [01;31m[Kerror: [m[Ka function-definition is not allowed here before â€˜[01m[K{[m[Kâ€™ token
[7.182s]  1654 |     void validateRepeat() [01;31m[K{[m[K
[7.183s]       |                           [01;31m[K^[m[K
[7.183s] [01m[K/home/ubuntu/Desktop/AK8064_ws_Jun/src/motor_driver/src/ControlMotor.cpp:1661:40:[m[K [01;31m[Kerror: [m[Ka function-definition is not allowed here before â€˜[01m[K{[m[Kâ€™ token
[7.183s]  1661 |     void transitionTo(State new_state) [01;31m[K{[m[K
[7.183s]       |                                        [01;31m[K^[m[K
[7.183s] [01m[K/home/ubuntu/Desktop/AK8064_ws_Jun/src/motor_driver/src/ControlMotor.cpp:1669:22:[m[K [01;31m[Kerror: [m[Ka function-definition is not allowed here before â€˜[01m[K{[m[Kâ€™ token
[7.183s]  1669 |     void setOrigin() [01;31m[K{[m[K
[7.183s]       |                      [01;31m[K^[m[K
[7.183s] [01m[K/home/ubuntu/Desktop/AK8064_ws_Jun/src/motor_driver/src/ControlMotor.cpp:1682:33:[m[K [01;31m[Kerror: [m[Ka function-definition is not allowed here before â€˜[01m[K{[m[Kâ€™ token
[7.183s]  1682 |     void initializeParameters() [01;31m[K{[m[K
[7.183s]       |                                 [01;31m[K^[m[K
[7.183s] [01m[K/home/ubuntu/Desktop/AK8064_ws_Jun/src/motor_driver/src/ControlMotor.cpp:1722:1:[m[K [01;31m[Kerror: [m[Kexpected primary-expression before â€˜[01m[Kpublic[m[Kâ€™
[7.184s]  1722 | [01;31m[Kpublic[m[K:
[7.184s]       | [01;31m[K^~~~~~[m[K
[7.184s] [01m[K/home/ubuntu/Desktop/AK8064_ws_Jun/src/motor_driver/src/ControlMotor.cpp:1725:1:[m[K [01;31m[Kerror: [m[Kexpected primary-expression before â€˜[01m[Kprivate[m[Kâ€™
[7.184s]  1725 | [01;31m[Kprivate[m[K:
[7.184s]       | [01;31m[K^~~~~~~[m[K
[7.184s] [01m[K/home/ubuntu/Desktop/AK8064_ws_Jun/src/motor_driver/src/ControlMotor.cpp:1733:20:[m[K [01;31m[Kerror: [m[Kâ€˜[01m[Krclcpp::Logger::Logger()[m[Kâ€™ is private within this context
[7.184s]  1733 |     rclcpp::Logger [01;31m[Klogger_[m[K;
[7.184s]       |                    [01;31m[K^~~~~~~[m[K
[7.184s] In file included from [01m[K/opt/ros/humble/include/rclcpp/rclcpp/logging.hpp:23[m[K,
[7.184s]                  from [01m[K/opt/ros/humble/include/rclcpp/rclcpp/client.hpp:40[m[K,
[7.184s]                  from [01m[K/opt/ros/humble/include/rclcpp/rclcpp/callback_group.hpp:24[m[K,
[7.185s]                  from [01m[K/opt/ros/humble/include/rclcpp/rclcpp/any_executable.hpp:20[m[K,
[7.185s]                  from [01m[K/opt/ros/humble/include/rclcpp/rclcpp/memory_strategy.hpp:25[m[K,
[7.185s]                  from [01m[K/opt/ros/humble/include/rclcpp/rclcpp/memory_strategies.hpp:18[m[K,
[7.185s]                  from [01m[K/opt/ros/humble/include/rclcpp/rclcpp/executor_options.hpp:20[m[K,
[7.185s]                  from [01m[K/opt/ros/humble/include/rclcpp/rclcpp/executor.hpp:37[m[K,
[7.185s]                  from [01m[K/opt/ros/humble/include/rclcpp/rclcpp/executors/multi_threaded_executor.hpp:25[m[K,
[7.185s]                  from [01m[K/opt/ros/humble/include/rclcpp/rclcpp/executors.hpp:21[m[K,
[7.185s]                  from [01m[K/opt/ros/humble/include/rclcpp/rclcpp/rclcpp.hpp:155[m[K,
[7.185s]                  from [01m[K/home/ubuntu/Desktop/AK8064_ws_Jun/src/motor_driver/src/ControlMotor.cpp:959[m[K:
[7.185s] [01m[K/opt/ros/humble/include/rclcpp/rclcpp/logger.hpp:114:3:[m[K [01;36m[Knote: [m[Kdeclared private here
[7.186s]   114 |   [01;36m[KLogger[m[K()
[7.186s]       |   [01;36m[K^~~~~~[m[K
[7.186s] [01m[K/home/ubuntu/Desktop/AK8064_ws_Jun/src/motor_driver/src/ControlMotor.cpp:1751:19:[m[K [01;31m[Kerror: [m[Kno matching function for call to â€˜[01m[KSafetyChecker::SafetyChecker()[m[Kâ€™
[7.186s]  1751 |     SafetyChecker [01;31m[Ksafety_checker_[m[K;
[7.186s]       |                   [01;31m[K^~~~~~~~~~~~~~~[m[K
[7.186s] [01m[K/home/ubuntu/Desktop/AK8064_ws_Jun/src/motor_driver/src/ControlMotor.cpp:1084:5:[m[K [01;36m[Knote: [m[Kcandidate: â€˜[01m[KSafetyChecker::SafetyChecker(float, float, int)[m[Kâ€™
[7.186s]  1084 |     [01;36m[KSafetyChecker[m[K(float min_angle, float max_angle, int max_temperature)
[7.186s]       |     [01;36m[K^~~~~~~~~~~~~[m[K
[7.191s] [01m[K/home/ubuntu/Desktop/AK8064_ws_Jun/src/motor_driver/src/ControlMotor.cpp:1084:5:[m[K [01;36m[Knote: [m[K  candidate expects 3 arguments, 0 provided
[7.191s] [01m[K/home/ubuntu/Desktop/AK8064_ws_Jun/src/motor_driver/src/ControlMotor.cpp:1082:7:[m[K [01;36m[Knote: [m[Kcandidate: â€˜[01m[Kconstexpr SafetyChecker::SafetyChecker(const SafetyChecker&)[m[Kâ€™
[7.191s]  1082 | class [01;36m[KSafetyChecker[m[K {
[7.192s]       |       [01;36m[K^~~~~~~~~~~~~[m[K
[7.192s] [01m[K/home/ubuntu/Desktop/AK8064_ws_Jun/src/motor_driver/src/ControlMotor.cpp:1082:7:[m[K [01;36m[Knote: [m[K  candidate expects 1 argument, 0 provided
[7.192s] [01m[K/home/ubuntu/Desktop/AK8064_ws_Jun/src/motor_driver/src/ControlMotor.cpp:1082:7:[m[K [01;36m[Knote: [m[Kcandidate: â€˜[01m[Kconstexpr SafetyChecker::SafetyChecker(SafetyChecker&&)[m[Kâ€™
[7.192s] [01m[K/home/ubuntu/Desktop/AK8064_ws_Jun/src/motor_driver/src/ControlMotor.cpp:1082:7:[m[K [01;36m[Knote: [m[K  candidate expects 1 argument, 0 provided
[7.192s] [01m[K/home/ubuntu/Desktop/AK8064_ws_Jun/src/motor_driver/src/ControlMotor.cpp:1752:20:[m[K [01;31m[Kerror: [m[Kno matching function for call to â€˜[01m[KStatePublisher::StatePublisher()[m[Kâ€™
[7.193s]  1752 |     StatePublisher [01;31m[Kstate_publisher_[m[K;
[7.193s]       |                    [01;31m[K^~~~~~~~~~~~~~~~[m[K
[7.193s] [01m[K/home/ubuntu/Desktop/AK8064_ws_Jun/src/motor_driver/src/ControlMotor.cpp:1109:5:[m[K [01;36m[Knote: [m[Kcandidate: â€˜[01m[KStatePublisher::StatePublisher(rclcpp::Node*, const string&)[m[Kâ€™
[7.193s]  1109 |     [01;36m[KStatePublisher[m[K(rclcpp::Node* node, const std::string& name)
[7.193s]       |     [01;36m[K^~~~~~~~~~~~~~[m[K
[7.193s] [01m[K/home/ubuntu/Desktop/AK8064_ws_Jun/src/motor_driver/src/ControlMotor.cpp:1109:5:[m[K [01;36m[Knote: [m[K  candidate expects 2 arguments, 0 provided
[7.194s] [01m[K/home/ubuntu/Desktop/AK8064_ws_Jun/src/motor_driver/src/ControlMotor.cpp:1107:7:[m[K [01;36m[Knote: [m[Kcandidate: â€˜[01m[KStatePublisher::StatePublisher(const StatePublisher&)[m[Kâ€™
[7.194s]  1107 | class [01;36m[KStatePublisher[m[K {
[7.194s]       |       [01;36m[K^~~~~~~~~~~~~~[m[K
[7.194s] [01m[K/home/ubuntu/Desktop/AK8064_ws_Jun/src/motor_driver/src/ControlMotor.cpp:1107:7:[m[K [01;36m[Knote: [m[K  candidate expects 1 argument, 0 provided
[7.194s] [01m[K/home/ubuntu/Desktop/AK8064_ws_Jun/src/motor_driver/src/ControlMotor.cpp:1107:7:[m[K [01;36m[Knote: [m[Kcandidate: â€˜[01m[KStatePublisher::StatePublisher(StatePublisher&&)[m[Kâ€™
[7.195s] [01m[K/home/ubuntu/Desktop/AK8064_ws_Jun/src/motor_driver/src/ControlMotor.cpp:1107:7:[m[K [01;36m[Knote: [m[K  candidate expects 1 argument, 0 provided
[7.347s] [01m[K/home/ubuntu/Desktop/AK8064_ws_Jun/src/motor_driver/src/ControlMotor.cpp:[m[K In member function â€˜[01m[Kvoid MotorController::MotorControlNode::controlLoop()[m[Kâ€™:
[7.347s] [01m[K/home/ubuntu/Desktop/AK8064_ws_Jun/src/motor_driver/src/ControlMotor.cpp:2009:59:[m[K [01;31m[Kerror: [m[Kâ€˜[01m[KVELOCITY_CONVERSION_FACTOR[m[Kâ€™ is not a member of â€˜[01m[KMotorController[m[Kâ€™
[7.347s]  2009 |                       data.velocity *= MotorController::[01;31m[KVELOCITY_CONVERSION_FACTOR[m[K;
[7.348s]       |                                                         [01;31m[K^~~~~~~~~~~~~~~~~~~~~~~~~~[m[K
[7.348s] 
[7.361s] [01m[K/home/ubuntu/Desktop/AK8064_ws_Jun/src/motor_driver/src/ControlMotor.cpp:[m[K At global scope:
[7.361s] [01m[K/home/ubuntu/Desktop/AK8064_ws_Jun/src/motor_driver/src/ControlMotor.cpp:2064:2:[m[K [01;31m[Kerror: [m[Kexpected unqualified-id at end of input
[7.361s]  2064 | }
[7.361s]       |  [01;31m[K^[m[K
[7.598s] In file included from [01m[K/usr/include/c++/11/memory:76[m[K,
[7.598s]                  from [01m[K/opt/ros/humble/include/rclcpp/rclcpp/rclcpp.hpp:153[m[K,
[7.598s]                  from [01m[K/home/ubuntu/Desktop/AK8064_ws_Jun/src/motor_driver/src/ControlMotor.cpp:959[m[K:
[7.598s] /usr/include/c++/11/bits/unique_ptr.h: In instantiation of â€˜[01m[Ktypename std::_MakeUniq<_Tp>::__single_object std::make_unique(_Args&& ...) [with _Tp = MotorController; _Args = {int, std::shared_ptr<ICANInterface>&, MotorController::MotorControlNode*, const char (&)[21]}; typename std::_MakeUniq<_Tp>::__single_object = std::unique_ptr<MotorController, std::default_delete<MotorController> >][m[Kâ€™:
[7.599s] [01m[K/home/ubuntu/Desktop/AK8064_ws_Jun/src/motor_driver/src/ControlMotor.cpp:1789:65:[m[K   required from here
[7.599s] [01m[K/usr/include/c++/11/bits/unique_ptr.h:962:30:[m[K [01;31m[Kerror: [m[Kinvalid new-expression of abstract class type â€˜[01m[KMotorController[m[Kâ€™
[7.599s]   962 |     { return unique_ptr<_Tp>([01;31m[Knew _Tp(std::forward<_Args>(__args)...)[m[K); }
[7.599s]       |                              [01;31m[K^~~~~~~~~~~~~~~~~~~~~~~~~~~~~~~~~~~~~~~[m[K
[7.599s] [01m[K/home/ubuntu/Desktop/AK8064_ws_Jun/src/motor_driver/src/ControlMotor.cpp:1161:7:[m[K [01;36m[Knote: [m[K  because the following virtual functions are pure within â€˜[01m[KMotorController[m[Kâ€™:
[7.600s]  1161 | class [01;36m[KMotorController[m[K : public IMotorController {
[7.600s]       |       [01;36m[K^~~~~~~~~~~~~~~[m[K
[7.600s] [01m[K/home/ubuntu/Desktop/AK8064_ws_Jun/src/motor_driver/src/ControlMotor.cpp:1077:43:[m[K [01;36m[Knote: [m[K    â€˜[01m[Kvirtual const std::vector<float>& IMotorController::getTargetPositions() const[m[Kâ€™
[7.600s]  1077 |         virtual const std::vector<float>& [01;36m[KgetTargetPositions[m[K() const = 0; // Added to access target_positions_
[7.600s]       |                                           [01;36m[K^~~~~~~~~~~~~~~~~~[m[K
[12.541s] gmake[2]: *** [CMakeFiles/ControlMotor.dir/build.make:76: CMakeFiles/ControlMotor.dir/src/ControlMotor.cpp.o] Error 1
[12.541s] gmake[1]: *** [CMakeFiles/Makefile2:137: CMakeFiles/ControlMotor.dir/all] Error 2
[12.542s] gmake: *** [Makefile:146: all] Error 2
[12.546s] Invoked command in '/home/ubuntu/Desktop/AK8064_ws_Jun/build/motor_driver' returned '2': AMENT_PREFIX_PATH=/home/ubuntu/Desktop/AK8064_ws_Jun/install/can_interface:${AMENT_PREFIX_PATH} CMAKE_PREFIX_PATH=/home/ubuntu/Desktop/AK8064_ws_Jun/install/can_interface:/opt/ros/humble LD_LIBRARY_PATH=/home/ubuntu/Desktop/AK8064_ws_Jun/install/can_interface/lib:${LD_LIBRARY_PATH} /usr/bin/cmake --build /home/ubuntu/Desktop/AK8064_ws_Jun/build/motor_driver -- -j8 -l8
