[0.006s] Invoking command in '/home/ubuntu/Desktop/AK8064_ws_Jun/build/motor_driver': AMENT_PREFIX_PATH=/home/ubuntu/Desktop/AK8064_ws_Jun/install/can_interface:${AMENT_PREFIX_PATH} CMAKE_PREFIX_PATH=/home/ubuntu/Desktop/AK8064_ws_Jun/install/can_interface:/opt/ros/humble LD_LIBRARY_PATH=/home/ubuntu/Desktop/AK8064_ws_Jun/install/can_interface/lib:${LD_LIBRARY_PATH} /usr/bin/cmake /home/ubuntu/Desktop/AK8064_ws_Jun/src/motor_driver -DCMAKE_INSTALL_PREFIX=/home/ubuntu/Desktop/AK8064_ws_Jun/install/motor_driver
[0.053s] -- The C compiler identification is GNU 11.4.0
[0.095s] -- The CXX compiler identification is GNU 11.4.0
[0.101s] -- Detecting C compiler ABI info
[0.150s] -- Detecting C compiler ABI info - done
[0.155s] -- Check for working C compiler: /usr/bin/cc - skipped
[0.156s] -- Detecting C compile features
[0.156s] -- Detecting C compile features - done
[0.158s] -- Detecting CXX compiler ABI info
[0.217s] -- Detecting CXX compiler ABI info - done
[0.223s] -- Check for working CXX compiler: /usr/bin/c++ - skipped
[0.223s] -- Detecting CXX compile features
[0.223s] -- Detecting CXX compile features - done
[0.225s] -- Found ament_cmake: 1.3.11 (/opt/ros/humble/share/ament_cmake/cmake)
[0.587s] -- Found Python3: /usr/bin/python3 (found version "3.10.12") found components: Interpreter 
[0.662s] -- Found rclcpp: 16.0.12 (/opt/ros/humble/share/rclcpp/cmake)
[0.709s] -- Found rosidl_generator_c: 3.1.6 (/opt/ros/humble/share/rosidl_generator_c/cmake)
[0.714s] -- Found rosidl_adapter: 3.1.6 (/opt/ros/humble/share/rosidl_adapter/cmake)
[0.722s] -- Found rosidl_generator_cpp: 3.1.6 (/opt/ros/humble/share/rosidl_generator_cpp/cmake)
[0.735s] -- Using all available rosidl_typesupport_c: rosidl_typesupport_fastrtps_c;rosidl_typesupport_introspection_c
[0.750s] -- Using all available rosidl_typesupport_cpp: rosidl_typesupport_fastrtps_cpp;rosidl_typesupport_introspection_cpp
[0.802s] -- Found rmw_implementation_cmake: 6.1.2 (/opt/ros/humble/share/rmw_implementation_cmake/cmake)
[0.804s] -- Found rmw_cyclonedds_cpp: 1.3.4 (/opt/ros/humble/share/rmw_cyclonedds_cpp/cmake)
[0.828s] -- Using RMW implementation 'rmw_cyclonedds_cpp' as default
[0.838s] -- Looking for pthread.h
[0.897s] -- Looking for pthread.h - found
[0.897s] -- Performing Test CMAKE_HAVE_LIBC_PTHREAD
[0.953s] -- Performing Test CMAKE_HAVE_LIBC_PTHREAD - Success
[0.954s] -- Found Threads: TRUE  
[1.016s] -- Found can_interface: 0.0.1 (/home/ubuntu/Desktop/AK8064_ws_Jun/install/can_interface/share/can_interface/cmake)
[1.086s] -- Configuring done
[1.095s] -- Generating done
[1.098s] -- Build files have been written to: /home/ubuntu/Desktop/AK8064_ws_Jun/build/motor_driver
[1.104s] Invoked command in '/home/ubuntu/Desktop/AK8064_ws_Jun/build/motor_driver' returned '0': AMENT_PREFIX_PATH=/home/ubuntu/Desktop/AK8064_ws_Jun/install/can_interface:${AMENT_PREFIX_PATH} CMAKE_PREFIX_PATH=/home/ubuntu/Desktop/AK8064_ws_Jun/install/can_interface:/opt/ros/humble LD_LIBRARY_PATH=/home/ubuntu/Desktop/AK8064_ws_Jun/install/can_interface/lib:${LD_LIBRARY_PATH} /usr/bin/cmake /home/ubuntu/Desktop/AK8064_ws_Jun/src/motor_driver -DCMAKE_INSTALL_PREFIX=/home/ubuntu/Desktop/AK8064_ws_Jun/install/motor_driver
[1.105s] Invoking command in '/home/ubuntu/Desktop/AK8064_ws_Jun/build/motor_driver': AMENT_PREFIX_PATH=/home/ubuntu/Desktop/AK8064_ws_Jun/install/can_interface:${AMENT_PREFIX_PATH} CMAKE_PREFIX_PATH=/home/ubuntu/Desktop/AK8064_ws_Jun/install/can_interface:/opt/ros/humble LD_LIBRARY_PATH=/home/ubuntu/Desktop/AK8064_ws_Jun/install/can_interface/lib:${LD_LIBRARY_PATH} /usr/bin/cmake --build /home/ubuntu/Desktop/AK8064_ws_Jun/build/motor_driver -- -j8 -l8
[1.141s] [ 50%] [32mBuilding CXX object CMakeFiles/ControlMotor.dir/src/ControlMotor.cpp.o[0m
[2.843s] [01m[K/home/ubuntu/Desktop/AK8064_ws_Jun/src/motor_driver/src/ControlMotor.cpp:1388:39:[m[K [01;31m[Kerror: [m[Kâ€˜[01m[KMotorState[m[Kâ€™ was not declared in this scope; did you mean â€˜[01m[KMotorData[m[Kâ€™?
[2.843s]  1388 |     void transitionTo(std::unique_ptr<[01;31m[KMotorState[m[K> new_state) {
[2.844s]       |                                       [01;31m[K^~~~~~~~~~[m[K
[2.844s]       |                                       [32m[KMotorData[m[K
[2.844s] [01m[K/home/ubuntu/Desktop/AK8064_ws_Jun/src/motor_driver/src/ControlMotor.cpp:1388:49:[m[K [01;31m[Kerror: [m[Ktemplate argument 1 is invalid
[2.844s]  1388 |     void transitionTo(std::unique_ptr<MotorState[01;31m[K>[m[K new_state) {
[2.844s]       |                                                 [01;31m[K^[m[K
[2.844s] [01m[K/home/ubuntu/Desktop/AK8064_ws_Jun/src/motor_driver/src/ControlMotor.cpp:1388:49:[m[K [01;31m[Kerror: [m[Ktemplate argument 2 is invalid
[2.853s] [01m[K/home/ubuntu/Desktop/AK8064_ws_Jun/src/motor_driver/src/ControlMotor.cpp:1503:21:[m[K [01;31m[Kerror: [m[Kâ€˜[01m[KMotorState[m[Kâ€™ was not declared in this scope; did you mean â€˜[01m[KMotorData[m[Kâ€™?
[2.853s]  1503 |     std::unique_ptr<[01;31m[KMotorState[m[K> state_;
[2.853s]       |                     [01;31m[K^~~~~~~~~~[m[K
[2.853s]       |                     [32m[KMotorData[m[K
[2.853s] [01m[K/home/ubuntu/Desktop/AK8064_ws_Jun/src/motor_driver/src/ControlMotor.cpp:1503:31:[m[K [01;31m[Kerror: [m[Ktemplate argument 1 is invalid
[2.853s]  1503 |     std::unique_ptr<MotorState[01;31m[K>[m[K state_;
[2.853s]       |                               [01;31m[K^[m[K
[2.853s] [01m[K/home/ubuntu/Desktop/AK8064_ws_Jun/src/motor_driver/src/ControlMotor.cpp:1503:31:[m[K [01;31m[Kerror: [m[Ktemplate argument 2 is invalid
[2.861s] [01m[K/home/ubuntu/Desktop/AK8064_ws_Jun/src/motor_driver/src/ControlMotor.cpp:1528:53:[m[K [01;31m[Kerror: [m[Kâ€˜[01m[KMotorCommand[m[Kâ€™ was not declared in this scope
[2.861s]  1528 |     std::unordered_map<std::string, std::unique_ptr<[01;31m[KMotorCommand[m[K>> command_map_;
[2.861s]       |                                                     [01;31m[K^~~~~~~~~~~~[m[K
[2.861s] [01m[K/home/ubuntu/Desktop/AK8064_ws_Jun/src/motor_driver/src/ControlMotor.cpp:1528:53:[m[K [01;31m[Kerror: [m[Ktemplate argument 1 is invalid
[2.861s] [01m[K/home/ubuntu/Desktop/AK8064_ws_Jun/src/motor_driver/src/ControlMotor.cpp:1528:53:[m[K [01;31m[Kerror: [m[Ktemplate argument 2 is invalid
[2.861s] [01m[K/home/ubuntu/Desktop/AK8064_ws_Jun/src/motor_driver/src/ControlMotor.cpp:1528:65:[m[K [01;31m[Kerror: [m[Ktemplate argument 2 is invalid
[2.861s]  1528 | std::unordered_map<std::string, std::unique_ptr<MotorCommand[01;31m[K>>[m[K command_map_;
[2.861s]       |                                                             [01;31m[K^~[m[K
[2.861s] 
[2.861s] [01m[K/home/ubuntu/Desktop/AK8064_ws_Jun/src/motor_driver/src/ControlMotor.cpp:1528:65:[m[K [01;31m[Kerror: [m[Ktemplate argument 5 is invalid
[2.862s] [01m[K/home/ubuntu/Desktop/AK8064_ws_Jun/src/motor_driver/src/ControlMotor.cpp:[m[K In constructor â€˜[01m[KMotorController::MotorController(uint8_t, std::shared_ptr<ICANInterface>, rclcpp::Node*, const string&)[m[Kâ€™:
[2.862s] [01m[K/home/ubuntu/Desktop/AK8064_ws_Jun/src/motor_driver/src/ControlMotor.cpp:1177:18:[m[K [01;31m[Kerror: [m[Kâ€˜[01m[KState[m[Kâ€™ has not been declared
[2.862s]  1177 |           state_([01;31m[KState[m[K::INITIALIZING), mode_(Mode::MANUAL), is_origin_set_(false),
[2.862s]       |                  [01;31m[K^~~~~[m[K
[2.869s] [01m[K/home/ubuntu/Desktop/AK8064_ws_Jun/src/motor_driver/src/ControlMotor.cpp:[m[K In member function â€˜[01m[Kvirtual void MotorController::handleCommand(const string&)[m[Kâ€™:
[2.869s] [01m[K/home/ubuntu/Desktop/AK8064_ws_Jun/src/motor_driver/src/ControlMotor.cpp:1214:30:[m[K [01;31m[Kerror: [m[Kâ€˜[01m[KState[m[Kâ€™ has not been declared
[2.869s]  1214 |                 transitionTo([01;31m[KState[m[K::STOPPED);
[2.869s]       |                              [01;31m[K^~~~~[m[K
[2.869s] [01m[K/home/ubuntu/Desktop/AK8064_ws_Jun/src/motor_driver/src/ControlMotor.cpp:1222:32:[m[K [01;31m[Kerror: [m[Krequest for member â€˜[01m[Kfind[m[Kâ€™ in â€˜[01m[K((MotorController*)this)->MotorController::command_map_[m[Kâ€™, which is of non-class type â€˜[01m[Kint[m[Kâ€™
[2.869s]  1222 |         auto it = command_map_.[01;31m[Kfind[m[K(command);
[2.869s]       |                                [01;31m[K^~~~[m[K
[2.869s] [01m[K/home/ubuntu/Desktop/AK8064_ws_Jun/src/motor_driver/src/ControlMotor.cpp:1223:32:[m[K [01;31m[Kerror: [m[Krequest for member â€˜[01m[Kend[m[Kâ€™ in â€˜[01m[K((MotorController*)this)->MotorController::command_map_[m[Kâ€™, which is of non-class type â€˜[01m[Kint[m[Kâ€™
[2.869s]  1223 |         if (it != command_map_.[01;31m[Kend[m[K()) {
[2.869s]       |                                [01;31m[K^~~[m[K
[2.877s] [01m[K/home/ubuntu/Desktop/AK8064_ws_Jun/src/motor_driver/src/ControlMotor.cpp:[m[K In member function â€˜[01m[Kvirtual void MotorController::control(const MotorData&)[m[Kâ€™:
[2.877s] [01m[K/home/ubuntu/Desktop/AK8064_ws_Jun/src/motor_driver/src/ControlMotor.cpp:1234:28:[m[K [01;31m[Kerror: [m[Kâ€˜[01m[KstateToString[m[Kâ€™ was not declared in this scope
[2.877s]  1234 |         last_data_.state = [01;31m[KstateToString[m[K(state_);
[2.877s]       |                            [01;31m[K^~~~~~~~~~~~~[m[K
[2.877s] [01m[K/home/ubuntu/Desktop/AK8064_ws_Jun/src/motor_driver/src/ControlMotor.cpp:1238:26:[m[K [01;31m[Kerror: [m[Kâ€˜[01m[KState[m[Kâ€™ has not been declared
[2.877s]  1238 |             transitionTo([01;31m[KState[m[K::ERROR);
[2.877s]       |                          [01;31m[K^~~~~[m[K
[2.877s] [01m[K/home/ubuntu/Desktop/AK8064_ws_Jun/src/motor_driver/src/ControlMotor.cpp:1245:18:[m[K [01;31m[Kerror: [m[Kâ€˜[01m[KState[m[Kâ€™ has not been declared
[2.877s]  1245 |             case [01;31m[KState[m[K::INITIALIZING:
[2.877s]       |                  [01;31m[K^~~~~[m[K
[2.885s] [01m[K/home/ubuntu/Desktop/AK8064_ws_Jun/src/motor_driver/src/ControlMotor.cpp:1246:17:[m[K [01;31m[Kerror: [m[Kâ€˜[01m[KhandleInitializing[m[Kâ€™ was not declared in this scope
[2.885s]  1246 |                 [01;31m[KhandleInitializing[m[K(data);
[2.885s]       |                 [01;31m[K^~~~~~~~~~~~~~~~~~[m[K
[2.885s] [01m[K/home/ubuntu/Desktop/AK8064_ws_Jun/src/motor_driver/src/ControlMotor.cpp:1248:18:[m[K [01;31m[Kerror: [m[Kâ€˜[01m[KState[m[Kâ€™ has not been declared
[2.885s]  1248 |             case [01;31m[KState[m[K::HOMING:
[2.885s]       |                  [01;31m[K^~~~~[m[K
[2.890s] [01m[K/home/ubuntu/Desktop/AK8064_ws_Jun/src/motor_driver/src/ControlMotor.cpp:1249:17:[m[K [01;31m[Kerror: [m[Kâ€˜[01m[KhandleHoming[m[Kâ€™ was not declared in this scope; did you mean â€˜[01m[KhandleCommand[m[Kâ€™?
[2.890s]  1249 |                 [01;31m[KhandleHoming[m[K(data);
[2.890s]       |                 [01;31m[K^~~~~~~~~~~~[m[K
[2.890s]       |                 [32m[KhandleCommand[m[K
[2.890s] [01m[K/home/ubuntu/Desktop/AK8064_ws_Jun/src/motor_driver/src/ControlMotor.cpp:1251:18:[m[K [01;31m[Kerror: [m[Kâ€˜[01m[KState[m[Kâ€™ has not been declared
[2.890s]  1251 |             case [01;31m[KState[m[K::MOVING:
[2.891s]       |                  [01;31m[K^~~~~[m[K
[2.896s] [01m[K/home/ubuntu/Desktop/AK8064_ws_Jun/src/motor_driver/src/ControlMotor.cpp:1252:17:[m[K [01;31m[Kerror: [m[Kâ€˜[01m[KhandleMoving[m[Kâ€™ was not declared in this scope
[2.896s]  1252 |                 [01;31m[KhandleMoving[m[K(data);
[2.896s]       |                 [01;31m[K^~~~~~~~~~~~[m[K
[2.896s] [01m[K/home/ubuntu/Desktop/AK8064_ws_Jun/src/motor_driver/src/ControlMotor.cpp:1254:18:[m[K [01;31m[Kerror: [m[Kâ€˜[01m[KState[m[Kâ€™ has not been declared
[2.896s]  1254 |             case [01;31m[KState[m[K::PAUSED:
[2.896s]       |                  [01;31m[K^~~~~[m[K
[2.902s] [01m[K/home/ubuntu/Desktop/AK8064_ws_Jun/src/motor_driver/src/ControlMotor.cpp:1255:17:[m[K [01;31m[Kerror: [m[Kâ€˜[01m[KhandlePaused[m[Kâ€™ was not declared in this scope
[2.902s]  1255 |                 [01;31m[KhandlePaused[m[K(data);
[2.902s]       |                 [01;31m[K^~~~~~~~~~~~[m[K
[2.902s] [01m[K/home/ubuntu/Desktop/AK8064_ws_Jun/src/motor_driver/src/ControlMotor.cpp:1257:18:[m[K [01;31m[Kerror: [m[Kâ€˜[01m[KState[m[Kâ€™ has not been declared
[2.902s]  1257 |             case [01;31m[KState[m[K::STOPPED:
[2.902s]       |                  [01;31m[K^~~~~[m[K
[2.908s] [01m[K/home/ubuntu/Desktop/AK8064_ws_Jun/src/motor_driver/src/ControlMotor.cpp:1258:17:[m[K [01;31m[Kerror: [m[Kâ€˜[01m[KhandleStopped[m[Kâ€™ was not declared in this scope
[2.908s]  1258 |                 [01;31m[KhandleStopped[m[K(data);
[2.908s]       |                 [01;31m[K^~~~~~~~~~~~~[m[K
[2.908s] [01m[K/home/ubuntu/Desktop/AK8064_ws_Jun/src/motor_driver/src/ControlMotor.cpp:1260:18:[m[K [01;31m[Kerror: [m[Kâ€˜[01m[KState[m[Kâ€™ has not been declared
[2.908s]  1260 |             case [01;31m[KState[m[K::ERROR:
[2.908s]       |                  [01;31m[K^~~~~[m[K
[2.912s] [01m[K/home/ubuntu/Desktop/AK8064_ws_Jun/src/motor_driver/src/ControlMotor.cpp:1261:17:[m[K [01;31m[Kerror: [m[Kâ€˜[01m[KhandleError[m[Kâ€™ was not declared in this scope
[2.912s]  1261 |                 [01;31m[KhandleError[m[K(data);
[2.912s]       |                 [01;31m[K^~~~~~~~~~~[m[K
[2.917s] [01m[K/home/ubuntu/Desktop/AK8064_ws_Jun/src/motor_driver/src/ControlMotor.cpp:[m[K In member function â€˜[01m[Kvirtual void MotorController::setParameters(const std::vector<rcl_interfaces::msg::Parameter_<std::allocator<void> >, std::allocator<rcl_interfaces::msg::Parameter_<std::allocator<void> > > >&)[m[Kâ€™:
[2.917s] [01m[K/home/ubuntu/Desktop/AK8064_ws_Jun/src/motor_driver/src/ControlMotor.cpp:1332:27:[m[K [01;31m[Kerror: [m[Kâ€˜[01m[KState[m[Kâ€™ has not been declared
[2.917s]  1332 |             if (state_ == [01;31m[KState[m[K::PAUSED || last_command_.empty()) {
[2.917s]       |                           [01;31m[K^~~~~[m[K
[2.917s] [01m[K/home/ubuntu/Desktop/AK8064_ws_Jun/src/motor_driver/src/ControlMotor.cpp:1333:30:[m[K [01;31m[Kerror: [m[Kâ€˜[01m[KState[m[Kâ€™ has not been declared
[2.917s]  1333 |                 transitionTo([01;31m[KState[m[K::MOVING);
[2.917s]       |                              [01;31m[K^~~~~[m[K
[2.918s] [01m[K/home/ubuntu/Desktop/AK8064_ws_Jun/src/motor_driver/src/ControlMotor.cpp:[m[K In member function â€˜[01m[Kvirtual void MotorController::stop()[m[Kâ€™:
[2.918s] [01m[K/home/ubuntu/Desktop/AK8064_ws_Jun/src/motor_driver/src/ControlMotor.cpp:1368:26:[m[K [01;31m[Kerror: [m[Kâ€˜[01m[KState[m[Kâ€™ has not been declared
[2.918s]  1368 |             transitionTo([01;31m[KState[m[K::STOPPED);
[2.918s]       |                          [01;31m[K^~~~~[m[K
[2.918s] [01m[K/home/ubuntu/Desktop/AK8064_ws_Jun/src/motor_driver/src/ControlMotor.cpp:1371:26:[m[K [01;31m[Kerror: [m[Kâ€˜[01m[KState[m[Kâ€™ has not been declared
[2.918s]  1371 |             transitionTo([01;31m[KState[m[K::ERROR);
[2.918s]       |                          [01;31m[K^~~~~[m[K
[2.923s] [01m[K/home/ubuntu/Desktop/AK8064_ws_Jun/src/motor_driver/src/ControlMotor.cpp:[m[K In member function â€˜[01m[Kvoid MotorController::initializeCommandMap()[m[Kâ€™:
[2.923s] [01m[K/home/ubuntu/Desktop/AK8064_ws_Jun/src/motor_driver/src/ControlMotor.cpp:1379:37:[m[K [01;31m[Kerror: [m[Kâ€˜[01m[KUpCommand[m[Kâ€™ was not declared in this scope
[2.923s]  1379 |             {"UP", std::make_unique<[01;31m[KUpCommand[m[K>()},
[2.923s]       |                                     [01;31m[K^~~~~~~~~[m[K
[2.923s] [01m[K/home/ubuntu/Desktop/AK8064_ws_Jun/src/motor_driver/src/ControlMotor.cpp:1379:47:[m[K [01;31m[Kerror: [m[Kno matching function for call to â€˜[01m[Kmake_unique<<expression error> >()[m[Kâ€™
[2.923s]  1379 |             {"UP", [01;31m[Kstd::make_unique<UpCommand>()[m[K},
[2.923s]       |                    [01;31m[K~~~~~~~~~~~~~~~~~~~~~~~~~~~^~[m[K
[2.924s] In file included from [01m[K/usr/include/c++/11/memory:76[m[K,
[2.924s]                  from [01m[K/opt/ros/humble/include/rclcpp/rclcpp/rclcpp.hpp:153[m[K,
[2.924s]                  from [01m[K/home/ubuntu/Desktop/AK8064_ws_Jun/src/motor_driver/src/ControlMotor.cpp:972[m[K:
[2.924s] [01m[K/usr/include/c++/11/bits/unique_ptr.h:961:5:[m[K [01;36m[Knote: [m[Kcandidate: â€˜[01m[Ktemplate<class _Tp, class ... _Args> typename std::_MakeUniq<_Tp>::__single_object std::make_unique(_Args&& ...)[m[Kâ€™
[2.924s]   961 |     [01;36m[Kmake_unique[m[K(_Args&&... __args)
[2.924s]       |     [01;36m[K^~~~~~~~~~~[m[K
[2.924s] [01m[K/usr/include/c++/11/bits/unique_ptr.h:961:5:[m[K [01;36m[Knote: [m[K  template argument deduction/substitution failed:
[2.924s] [01m[K/home/ubuntu/Desktop/AK8064_ws_Jun/src/motor_driver/src/ControlMotor.cpp:1379:47:[m[K [01;31m[Kerror: [m[Ktemplate argument 1 is invalid
[2.924s]  1379 |             {"UP", [01;31m[Kstd::make_unique<UpCommand>()[m[K},
[2.924s]       |                    [01;31m[K~~~~~~~~~~~~~~~~~~~~~~~~~~~^~[m[K
[2.924s] In file included from [01m[K/usr/include/c++/11/memory:76[m[K,
[2.924s]                  from [01m[K/opt/ros/humble/include/rclcpp/rclcpp/rclcpp.hpp:153[m[K,
[2.924s]                  from [01m[K/home/ubuntu/Desktop/AK8064_ws_Jun/src/motor_driver/src/ControlMotor.cpp:972[m[K:
[2.924s] [01m[K/usr/include/c++/11/bits/unique_ptr.h:967:5:[m[K [01;36m[Knote: [m[Kcandidate: â€˜[01m[Ktemplate<class _Tp> typename std::_MakeUniq<_Tp>::__array std::make_unique(std::size_t)[m[Kâ€™
[2.924s]   967 |     [01;36m[Kmake_unique[m[K(size_t __num)
[2.924s]       |     [01;36m[K^~~~~~~~~~~[m[K
[2.924s] [01m[K/usr/include/c++/11/bits/unique_ptr.h:967:5:[m[K [01;36m[Knote: [m[K  template argument deduction/substitution failed:
[2.924s] [01m[K/home/ubuntu/Desktop/AK8064_ws_Jun/src/motor_driver/src/ControlMotor.cpp:1379:47:[m[K [01;31m[Kerror: [m[Ktemplate argument 1 is invalid
[2.924s]  1379 |             {"UP", [01;31m[Kstd::make_unique<UpCommand>()[m[K},
[2.924s]       |                    [01;31m[K~~~~~~~~~~~~~~~~~~~~~~~~~~~^~[m[K
[2.924s] In file included from [01m[K/usr/include/c++/11/memory:76[m[K,
[2.924s]                  from [01m[K/opt/ros/humble/include/rclcpp/rclcpp/rclcpp.hpp:153[m[K,
[2.924s]                  from [01m[K/home/ubuntu/Desktop/AK8064_ws_Jun/src/motor_driver/src/ControlMotor.cpp:972[m[K:
[2.924s] [01m[K/usr/include/c++/11/bits/unique_ptr.h:973:5:[m[K [01;36m[Knote: [m[Kcandidate: â€˜[01m[Ktemplate<class _Tp, class ... _Args> typename std::_MakeUniq<_Tp>::__invalid_type std::make_unique(_Args&& ...)[m[Kâ€™ (deleted)
[2.924s]   973 |     [01;36m[Kmake_unique[m[K(_Args&&...) = delete;
[2.924s]       |     [01;36m[K^~~~~~~~~~~[m[K
[2.924s] [01m[K/usr/include/c++/11/bits/unique_ptr.h:973:5:[m[K [01;36m[Knote: [m[K  template argument deduction/substitution failed:
[2.924s] [01m[K/home/ubuntu/Desktop/AK8064_ws_Jun/src/motor_driver/src/ControlMotor.cpp:1379:47:[m[K [01;31m[Kerror: [m[Ktemplate argument 1 is invalid
[2.924s]  1379 |             {"UP", [01;31m[Kstd::make_unique<UpCommand>()[m[K},
[2.924s]       |                    [01;31m[K~~~~~~~~~~~~~~~~~~~~~~~~~~~^~[m[K
[2.928s] [01m[K/home/ubuntu/Desktop/AK8064_ws_Jun/src/motor_driver/src/ControlMotor.cpp:1380:39:[m[K [01;31m[Kerror: [m[Kâ€˜[01m[KDownCommand[m[Kâ€™ was not declared in this scope
[2.928s]  1380 |             {"DOWN", std::make_unique<[01;31m[KDownCommand[m[K>()},
[2.928s]       |                                       [01;31m[K^~~~~~~~~~~[m[K
[2.928s] [01m[K/home/ubuntu/Desktop/AK8064_ws_Jun/src/motor_driver/src/ControlMotor.cpp:1380:51:[m[K [01;31m[Kerror: [m[Kno matching function for call to â€˜[01m[Kmake_unique<<expression error> >()[m[Kâ€™
[2.928s]  1380 |             {"DOWN", [01;31m[Kstd::make_unique<DownCommand>()[m[K},
[2.928s]       |                      [01;31m[K~~~~~~~~~~~~~~~~~~~~~~~~~~~~~^~[m[K
[2.928s] In file included from [01m[K/usr/include/c++/11/memory:76[m[K,
[2.928s]                  from [01m[K/opt/ros/humble/include/rclcpp/rclcpp/rclcpp.hpp:153[m[K,
[2.928s]                  from [01m[K/home/ubuntu/Desktop/AK8064_ws_Jun/src/motor_driver/src/ControlMotor.cpp:972[m[K:
[2.928s] [01m[K/usr/include/c++/11/bits/unique_ptr.h:961:5:[m[K [01;36m[Knote: [m[Kcandidate: â€˜[01m[Ktemplate<class _Tp, class ... _Args> typename std::_MakeUniq<_Tp>::__single_object std::make_unique(_Args&& ...)[m[Kâ€™
[2.929s]   961 |     [01;36m[Kmake_unique[m[K(_Args&&... __args)
[2.929s]       |     [01;36m[K^~~~~~~~~~~[m[K
[2.929s] [01m[K/usr/include/c++/11/bits/unique_ptr.h:961:5:[m[K [01;36m[Knote: [m[K  template argument deduction/substitution failed:
[2.929s] [01m[K/home/ubuntu/Desktop/AK8064_ws_Jun/src/motor_driver/src/ControlMotor.cpp:1380:51:[m[K [01;31m[Kerror: [m[Ktemplate argument 1 is invalid
[2.929s]  1380 |             {"DOWN", [01;31m[Kstd::make_unique<DownCommand>()[m[K},
[2.929s]       |                      [01;31m[K~~~~~~~~~~~~~~~~~~~~~~~~~~~~~^~[m[K
[2.929s] In file included from [01m[K/usr/include/c++/11/memory:76[m[K,
[2.929s]                  from [01m[K/opt/ros/humble/include/rclcpp/rclcpp/rclcpp.hpp:153[m[K,
[2.929s]                  from [01m[K/home/ubuntu/Desktop/AK8064_ws_Jun/src/motor_driver/src/ControlMotor.cpp:972[m[K:
[2.929s] [01m[K/usr/include/c++/11/bits/unique_ptr.h:967:5:[m[K [01;36m[Knote: [m[Kcandidate: â€˜[01m[Ktemplate<class _Tp> typename std::_MakeUniq<_Tp>::__array std::make_unique(std::size_t)[m[Kâ€™
[2.929s]   967 |     [01;36m[Kmake_unique[m[K(size_t __num)
[2.929s]       |     [01;36m[K^~~~~~~~~~~[m[K
[2.929s] [01m[K/usr/include/c++/11/bits/unique_ptr.h:967:5:[m[K [01;36m[Knote: [m[K  template argument deduction/substitution failed:
[2.929s] [01m[K/home/ubuntu/Desktop/AK8064_ws_Jun/src/motor_driver/src/ControlMotor.cpp:1380:51:[m[K [01;31m[Kerror: [m[Ktemplate argument 1 is invalid
[2.929s]  1380 |             {"DOWN", [01;31m[Kstd::make_unique<DownCommand>()[m[K},
[2.929s]       |                      [01;31m[K~~~~~~~~~~~~~~~~~~~~~~~~~~~~~^~[m[K
[2.929s] In file included from [01m[K/usr/include/c++/11/memory:76[m[K,
[2.929s]                  from [01m[K/opt/ros/humble/include/rclcpp/rclcpp/rclcpp.hpp:153[m[K,
[2.929s]                  from [01m[K/home/ubuntu/Desktop/AK8064_ws_Jun/src/motor_driver/src/ControlMotor.cpp:972[m[K:
[2.929s] [01m[K/usr/include/c++/11/bits/unique_ptr.h:973:5:[m[K [01;36m[Knote: [m[Kcandidate: â€˜[01m[Ktemplate<class _Tp, class ... _Args> typename std::_MakeUniq<_Tp>::__invalid_type std::make_unique(_Args&& ...)[m[Kâ€™ (deleted)
[2.929s]   973 |     [01;36m[Kmake_unique[m[K(_Args&&...) = delete;
[2.929s]       |     [01;36m[K^~~~~~~~~~~[m[K
[2.929s] [01m[K/usr/include/c++/11/bits/unique_ptr.h:973:5:[m[K [01;36m[Knote: [m[K  template argument deduction/substitution failed:
[2.929s] [01m[K/home/ubuntu/Desktop/AK8064_ws_Jun/src/motor_driver/src/ControlMotor.cpp:1380:51:[m[K [01;31m[Kerror: [m[Ktemplate argument 1 is invalid
[2.929s]  1380 |             {"DOWN", [01;31m[Kstd::make_unique<DownCommand>()[m[K},
[2.929s]       |                      [01;31m[K~~~~~~~~~~~~~~~~~~~~~~~~~~~~~^~[m[K
[2.933s] [01m[K/home/ubuntu/Desktop/AK8064_ws_Jun/src/motor_driver/src/ControlMotor.cpp:1381:40:[m[K [01;31m[Kerror: [m[Kâ€˜[01m[KPauseCommand[m[Kâ€™ was not declared in this scope; did you mean â€˜[01m[KhandleCommand[m[Kâ€™?
[2.933s]  1381 |             {"PAUSE", std::make_unique<[01;31m[KPauseCommand[m[K>()},
[2.933s]       |                                        [01;31m[K^~~~~~~~~~~~[m[K
[2.933s]       |                                        [32m[KhandleCommand[m[K
[2.933s] [01m[K/home/ubuntu/Desktop/AK8064_ws_Jun/src/motor_driver/src/ControlMotor.cpp:1381:53:[m[K [01;31m[Kerror: [m[Kno matching function for call to â€˜[01m[Kmake_unique<<expression error> >()[m[Kâ€™
[2.934s]  1381 |             {"PAUSE", [01;31m[Kstd::make_unique<PauseCommand>()[m[K},
[2.934s]       |                       [01;31m[K~~~~~~~~~~~~~~~~~~~~~~~~~~~~~~^~[m[K
[2.934s] In file included from [01m[K/usr/include/c++/11/memory:76[m[K,
[2.934s]                  from [01m[K/opt/ros/humble/include/rclcpp/rclcpp/rclcpp.hpp:153[m[K,
[2.934s]                  from [01m[K/home/ubuntu/Desktop/AK8064_ws_Jun/src/motor_driver/src/ControlMotor.cpp:972[m[K:
[2.934s] [01m[K/usr/include/c++/11/bits/unique_ptr.h:961:5:[m[K [01;36m[Knote: [m[Kcandidate: â€˜[01m[Ktemplate<class _Tp, class ... _Args> typename std::_MakeUniq<_Tp>::__single_object std::make_unique(_Args&& ...)[m[Kâ€™
[2.934s]   961 |     [01;36m[Kmake_unique[m[K(_Args&&... __args)
[2.934s]       |     [01;36m[K^~~~~~~~~~~[m[K
[2.934s] [01m[K/usr/include/c++/11/bits/unique_ptr.h:961:5:[m[K [01;36m[Knote: [m[K  template argument deduction/substitution failed:
[2.934s] [01m[K/home/ubuntu/Desktop/AK8064_ws_Jun/src/motor_driver/src/ControlMotor.cpp:1381:53:[m[K [01;31m[Kerror: [m[Ktemplate argument 1 is invalid
[2.934s]  1381 |             {"PAUSE", [01;31m[Kstd::make_unique<PauseCommand>()[m[K},
[2.934s]       |                       [01;31m[K~~~~~~~~~~~~~~~~~~~~~~~~~~~~~~^~[m[K
[2.934s] In file included from [01m[K/usr/include/c++/11/memory:76[m[K,
[2.934s]                  from [01m[K/opt/ros/humble/include/rclcpp/rclcpp/rclcpp.hpp:153[m[K,
[2.934s]                  from [01m[K/home/ubuntu/Desktop/AK8064_ws_Jun/src/motor_driver/src/ControlMotor.cpp:972[m[K:
[2.934s] [01m[K/usr/include/c++/11/bits/unique_ptr.h:967:5:[m[K [01;36m[Knote: [m[Kcandidate: â€˜[01m[Ktemplate<class _Tp> typename std::_MakeUniq<_Tp>::__array std::make_unique(std::size_t)[m[Kâ€™
[2.934s]   967 |     [01;36m[Kmake_unique[m[K(size_t __num)
[2.934s]       |     [01;36m[K^~~~~~~~~~~[m[K
[2.934s] [01m[K/usr/include/c++/11/bits/unique_ptr.h:967:5:[m[K [01;36m[Knote: [m[K  template argument deduction/substitution failed:
[2.934s] [01m[K/home/ubuntu/Desktop/AK8064_ws_Jun/src/motor_driver/src/ControlMotor.cpp:1381:53:[m[K [01;31m[Kerror: [m[Ktemplate argument 1 is invalid
[2.934s]  1381 |             {"PAUSE", [01;31m[Kstd::make_unique<PauseCommand>()[m[K},
[2.934s]       |                       [01;31m[K~~~~~~~~~~~~~~~~~~~~~~~~~~~~~~^~[m[K
[2.934s] In file included from [01m[K/usr/include/c++/11/memory:76[m[K,
[2.934s]                  from [01m[K/opt/ros/humble/include/rclcpp/rclcpp/rclcpp.hpp:153[m[K,
[2.934s]                  from [01m[K/home/ubuntu/Desktop/AK8064_ws_Jun/src/motor_driver/src/ControlMotor.cpp:972[m[K:
[2.934s] [01m[K/usr/include/c++/11/bits/unique_ptr.h:973:5:[m[K [01;36m[Knote: [m[Kcandidate: â€˜[01m[Ktemplate<class _Tp, class ... _Args> typename std::_MakeUniq<_Tp>::__invalid_type std::make_unique(_Args&& ...)[m[Kâ€™ (deleted)
[2.934s]   973 |     [01;36m[Kmake_unique[m[K(_Args&&...) = delete;
[2.934s]       |     [01;36m[K^~~~~~~~~~~[m[K
[2.934s] [01m[K/usr/include/c++/11/bits/unique_ptr.h:973:5:[m[K [01;36m[Knote: [m[K  template argument deduction/substitution failed:
[2.935s] [01m[K/home/ubuntu/Desktop/AK8064_ws_Jun/src/motor_driver/src/ControlMotor.cpp:1381:53:[m[K [01;31m[Kerror: [m[Ktemplate argument 1 is invalid
[2.935s]  1381 |             {"PAUSE", [01;31m[Kstd::make_unique<PauseCommand>()[m[K},
[2.935s]       |                       [01;31m[K~~~~~~~~~~~~~~~~~~~~~~~~~~~~~~^~[m[K
[2.939s] [01m[K/home/ubuntu/Desktop/AK8064_ws_Jun/src/motor_driver/src/ControlMotor.cpp:1382:38:[m[K [01;31m[Kerror: [m[Kâ€˜[01m[KRunCommand[m[Kâ€™ was not declared in this scope; did you mean â€˜[01m[KhandleCommand[m[Kâ€™?
[2.939s]  1382 |             {"RUN", std::make_unique<[01;31m[KRunCommand[m[K>()},
[2.939s]       |                                      [01;31m[K^~~~~~~~~~[m[K
[2.939s]       |                                      [32m[KhandleCommand[m[K
[2.939s] [01m[K/home/ubuntu/Desktop/AK8064_ws_Jun/src/motor_driver/src/ControlMotor.cpp:1382:49:[m[K [01;31m[Kerror: [m[Kno matching function for call to â€˜[01m[Kmake_unique<<expression error> >()[m[Kâ€™
[2.939s]  1382 |             {"RUN", [01;31m[Kstd::make_unique<RunCommand>()[m[K},
[2.939s]       |                     [01;31m[K~~~~~~~~~~~~~~~~~~~~~~~~~~~~^~[m[K
[2.939s] In file included from [01m[K/usr/include/c++/11/memory:76[m[K,
[2.939s]                  from [01m[K/opt/ros/humble/include/rclcpp/rclcpp/rclcpp.hpp:153[m[K,
[2.939s]                  from [01m[K/home/ubuntu/Desktop/AK8064_ws_Jun/src/motor_driver/src/ControlMotor.cpp:972[m[K:
[2.939s] [01m[K/usr/include/c++/11/bits/unique_ptr.h:961:5:[m[K [01;36m[Knote: [m[Kcandidate: â€˜[01m[Ktemplate<class _Tp, class ... _Args> typename std::_MakeUniq<_Tp>::__single_object std::make_unique(_Args&& ...)[m[Kâ€™
[2.939s]   961 |     [01;36m[Kmake_unique[m[K(_Args&&... __args)
[2.939s]       |     [01;36m[K^~~~~~~~~~~[m[K
[2.940s] [01m[K/usr/include/c++/11/bits/unique_ptr.h:961:5:[m[K [01;36m[Knote: [m[K  template argument deduction/substitution failed:
[2.940s] [01m[K/home/ubuntu/Desktop/AK8064_ws_Jun/src/motor_driver/src/ControlMotor.cpp:1382:49:[m[K [01;31m[Kerror: [m[Ktemplate argument 1 is invalid
[2.940s]  1382 |             {"RUN", [01;31m[Kstd::make_unique<RunCommand>()[m[K},
[2.940s]       |                     [01;31m[K~~~~~~~~~~~~~~~~~~~~~~~~~~~~^~[m[K
[2.940s] In file included from [01m[K/usr/include/c++/11/memory:76[m[K,
[2.940s]                  from [01m[K/opt/ros/humble/include/rclcpp/rclcpp/rclcpp.hpp:153[m[K,
[2.940s]                  from [01m[K/home/ubuntu/Desktop/AK8064_ws_Jun/src/motor_driver/src/ControlMotor.cpp:972[m[K:
[2.940s] [01m[K/usr/include/c++/11/bits/unique_ptr.h:967:5:[m[K [01;36m[Knote: [m[Kcandidate: â€˜[01m[Ktemplate<class _Tp> typename std::_MakeUniq<_Tp>::__array std::make_unique(std::size_t)[m[Kâ€™
[2.940s]   967 |     [01;36m[Kmake_unique[m[K(size_t __num)
[2.940s]       |     [01;36m[K^~~~~~~~~~~[m[K
[2.940s] [01m[K/usr/include/c++/11/bits/unique_ptr.h:967:5:[m[K [01;36m[Knote: [m[K  template argument deduction/substitution failed:
[2.940s] [01m[K/home/ubuntu/Desktop/AK8064_ws_Jun/src/motor_driver/src/ControlMotor.cpp:1382:49:[m[K [01;31m[Kerror: [m[Ktemplate argument 1 is invalid
[2.940s]  1382 |             {"RUN", [01;31m[Kstd::make_unique<RunCommand>()[m[K},
[2.940s]       |                     [01;31m[K~~~~~~~~~~~~~~~~~~~~~~~~~~~~^~[m[K
[2.940s] In file included from [01m[K/usr/include/c++/11/memory:76[m[K,
[2.940s]                  from [01m[K/opt/ros/humble/include/rclcpp/rclcpp/rclcpp.hpp:153[m[K,
[2.940s]                  from [01m[K/home/ubuntu/Desktop/AK8064_ws_Jun/src/motor_driver/src/ControlMotor.cpp:972[m[K:
[2.940s] [01m[K/usr/include/c++/11/bits/unique_ptr.h:973:5:[m[K [01;36m[Knote: [m[Kcandidate: â€˜[01m[Ktemplate<class _Tp, class ... _Args> typename std::_MakeUniq<_Tp>::__invalid_type std::make_unique(_Args&& ...)[m[Kâ€™ (deleted)
[2.940s]   973 |     [01;36m[Kmake_unique[m[K(_Args&&...) = delete;
[2.940s]       |     [01;36m[K^~~~~~~~~~~[m[K
[2.940s] [01m[K/usr/include/c++/11/bits/unique_ptr.h:973:5:[m[K [01;36m[Knote: [m[K  template argument deduction/substitution failed:
[2.940s] [01m[K/home/ubuntu/Desktop/AK8064_ws_Jun/src/motor_driver/src/ControlMotor.cpp:1382:49:[m[K [01;31m[Kerror: [m[Ktemplate argument 1 is invalid
[2.940s]  1382 |             {"RUN", [01;31m[Kstd::make_unique<RunCommand>()[m[K},
[2.940s]       |                     [01;31m[K~~~~~~~~~~~~~~~~~~~~~~~~~~~~^~[m[K
[2.944s] [01m[K/home/ubuntu/Desktop/AK8064_ws_Jun/src/motor_driver/src/ControlMotor.cpp:1383:39:[m[K [01;31m[Kerror: [m[Kâ€˜[01m[KHomeCommand[m[Kâ€™ was not declared in this scope; did you mean â€˜[01m[KhandleCommand[m[Kâ€™?
[2.944s]  1383 |             {"HOME", std::make_unique<[01;31m[KHomeCommand[m[K>()},
[2.944s]       |                                       [01;31m[K^~~~~~~~~~~[m[K
[2.944s]       |                                       [32m[KhandleCommand[m[K
[2.945s] [01m[K/home/ubuntu/Desktop/AK8064_ws_Jun/src/motor_driver/src/ControlMotor.cpp:1383:51:[m[K [01;31m[Kerror: [m[Kno matching function for call to â€˜[01m[Kmake_unique<<expression error> >()[m[Kâ€™
[2.945s]  1383 |             {"HOME", [01;31m[Kstd::make_unique<HomeCommand>()[m[K},
[2.945s]       |                      [01;31m[K~~~~~~~~~~~~~~~~~~~~~~~~~~~~~^~[m[K
[2.945s] In file included from [01m[K/usr/include/c++/11/memory:76[m[K,
[2.945s]                  from [01m[K/opt/ros/humble/include/rclcpp/rclcpp/rclcpp.hpp:153[m[K,
[2.945s]                  from [01m[K/home/ubuntu/Desktop/AK8064_ws_Jun/src/motor_driver/src/ControlMotor.cpp:972[m[K:
[2.945s] [01m[K/usr/include/c++/11/bits/unique_ptr.h:961:5:[m[K [01;36m[Knote: [m[Kcandidate: â€˜[01m[Ktemplate<class _Tp, class ... _Args> typename std::_MakeUniq<_Tp>::__single_object std::make_unique(_Args&& ...)[m[Kâ€™
[2.945s]   961 |     [01;36m[Kmake_unique[m[K(_Args&&... __args)
[2.945s]       |     [01;36m[K^~~~~~~~~~~[m[K
[2.945s] [01m[K/usr/include/c++/11/bits/unique_ptr.h:961:5:[m[K [01;36m[Knote: [m[K  template argument deduction/substitution failed:
[2.945s] [01m[K/home/ubuntu/Desktop/AK8064_ws_Jun/src/motor_driver/src/ControlMotor.cpp:1383:51:[m[K [01;31m[Kerror: [m[Ktemplate argument 1 is invalid
[2.945s]  1383 |             {"HOME", [01;31m[Kstd::make_unique<HomeCommand>()[m[K},
[2.945s]       |                      [01;31m[K~~~~~~~~~~~~~~~~~~~~~~~~~~~~~^~[m[K
[2.945s] In file included from [01m[K/usr/include/c++/11/memory:76[m[K,
[2.945s]                  from [01m[K/opt/ros/humble/include/rclcpp/rclcpp/rclcpp.hpp:153[m[K,
[2.945s]                  from [01m[K/home/ubuntu/Desktop/AK8064_ws_Jun/src/motor_driver/src/ControlMotor.cpp:972[m[K:
[2.945s] [01m[K/usr/include/c++/11/bits/unique_ptr.h:967:5:[m[K [01;36m[Knote: [m[Kcandidate: â€˜[01m[Ktemplate<class _Tp> typename std::_MakeUniq<_Tp>::__array std::make_unique(std::size_t)[m[Kâ€™
[2.945s]   967 |     [01;36m[Kmake_unique[m[K(size_t __num)
[2.945s]       |     [01;36m[K^~~~~~~~~~~[m[K
[2.945s] [01m[K/usr/include/c++/11/bits/unique_ptr.h:967:5:[m[K [01;36m[Knote: [m[K  template argument deduction/substitution failed:
[2.945s] [01m[K/home/ubuntu/Desktop/AK8064_ws_Jun/src/motor_driver/src/ControlMotor.cpp:1383:51:[m[K [01;31m[Kerror: [m[Ktemplate argument 1 is invalid
[2.945s]  1383 |             {"HOME", [01;31m[Kstd::make_unique<HomeCommand>()[m[K},
[2.945s]       |                      [01;31m[K~~~~~~~~~~~~~~~~~~~~~~~~~~~~~^~[m[K
[2.945s] In file included from [01m[K/usr/include/c++/11/memory:76[m[K,
[2.945s]                  from [01m[K/opt/ros/humble/include/rclcpp/rclcpp/rclcpp.hpp:153[m[K,
[2.945s]                  from [01m[K/home/ubuntu/Desktop/AK8064_ws_Jun/src/motor_driver/src/ControlMotor.cpp:972[m[K:
[2.946s] [01m[K/usr/include/c++/11/bits/unique_ptr.h:973:5:[m[K [01;36m[Knote: [m[Kcandidate: â€˜[01m[Ktemplate<class _Tp, class ... _Args> typename std::_MakeUniq<_Tp>::__invalid_type std::make_unique(_Args&& ...)[m[Kâ€™ (deleted)
[2.946s]   973 |     [01;36m[Kmake_unique[m[K(_Args&&...) = delete;
[2.946s]       |     [01;36m[K^~~~~~~~~~~[m[K
[2.946s] [01m[K/usr/include/c++/11/bits/unique_ptr.h:973:5:[m[K [01;36m[Knote: [m[K  template argument deduction/substitution failed:
[2.946s] [01m[K/home/ubuntu/Desktop/AK8064_ws_Jun/src/motor_driver/src/ControlMotor.cpp:1383:51:[m[K [01;31m[Kerror: [m[Ktemplate argument 1 is invalid
[2.946s]  1383 |             {"HOME", [01;31m[Kstd::make_unique<HomeCommand>()[m[K},
[2.946s]       |                      [01;31m[K~~~~~~~~~~~~~~~~~~~~~~~~~~~~~^~[m[K
[2.952s] [01m[K/home/ubuntu/Desktop/AK8064_ws_Jun/src/motor_driver/src/ControlMotor.cpp:1384:40:[m[K [01;31m[Kerror: [m[Kâ€˜[01m[KErrorCommand[m[Kâ€™ was not declared in this scope
[2.952s]  1384 |             {"ERROR", std::make_unique<[01;31m[KErrorCommand[m[K>()}
[2.952s]       |                                        [01;31m[K^~~~~~~~~~~~[m[K
[2.952s] [01m[K/home/ubuntu/Desktop/AK8064_ws_Jun/src/motor_driver/src/ControlMotor.cpp:1384:53:[m[K [01;31m[Kerror: [m[Kno matching function for call to â€˜[01m[Kmake_unique<<expression error> >()[m[Kâ€™
[2.952s]  1384 |             {"ERROR", [01;31m[Kstd::make_unique<ErrorCommand>()[m[K}
[2.952s]       |                       [01;31m[K~~~~~~~~~~~~~~~~~~~~~~~~~~~~~~^~[m[K
[2.952s] In file included from [01m[K/usr/include/c++/11/memory:76[m[K,
[2.952s]                  from [01m[K/opt/ros/humble/include/rclcpp/rclcpp/rclcpp.hpp:153[m[K,
[2.952s]                  from [01m[K/home/ubuntu/Desktop/AK8064_ws_Jun/src/motor_driver/src/ControlMotor.cpp:972[m[K:
[2.952s] [01m[K/usr/include/c++/11/bits/unique_ptr.h:961:5:[m[K [01;36m[Knote: [m[Kcandidate: â€˜[01m[Ktemplate<class _Tp, class ... _Args> typename std::_MakeUniq<_Tp>::__single_object std::make_unique(_Args&& ...)[m[Kâ€™
[2.952s]   961 |     [01;36m[Kmake_unique[m[K(_Args&&... __args)
[2.952s]       |     [01;36m[K^~~~~~~~~~~[m[K
[2.952s] [01m[K/usr/include/c++/11/bits/unique_ptr.h:961:5:[m[K [01;36m[Knote: [m[K  template argument deduction/substitution failed:
[2.952s] [01m[K/home/ubuntu/Desktop/AK8064_ws_Jun/src/motor_driver/src/ControlMotor.cpp:1384:53:[m[K [01;31m[Kerror: [m[Ktemplate argument 1 is invalid
[2.952s]  1384 |             {"ERROR", [01;31m[Kstd::make_unique<ErrorCommand>()[m[K}
[2.952s]       |                       [01;31m[K~~~~~~~~~~~~~~~~~~~~~~~~~~~~~~^~[m[K
[2.952s] In file included from [01m[K/usr/include/c++/11/memory:76[m[K,
[2.952s]                  from [01m[K/opt/ros/humble/include/rclcpp/rclcpp/rclcpp.hpp:153[m[K,
[2.952s]                  from [01m[K/home/ubuntu/Desktop/AK8064_ws_Jun/src/motor_driver/src/ControlMotor.cpp:972[m[K:
[2.952s] [01m[K/usr/include/c++/11/bits/unique_ptr.h:967:5:[m[K [01;36m[Knote: [m[Kcandidate: â€˜[01m[Ktemplate<class _Tp> typename std::_MakeUniq<_Tp>::__array std::make_unique(std::size_t)[m[Kâ€™
[2.952s]   967 |     [01;36m[Kmake_unique[m[K(size_t __num)
[2.953s]       |     [01;36m[K^~~~~~~~~~~[m[K
[2.953s] [01m[K/usr/include/c++/11/bits/unique_ptr.h:967:5:[m[K [01;36m[Knote: [m[K  template argument deduction/substitution failed:
[2.953s] [01m[K/home/ubuntu/Desktop/AK8064_ws_Jun/src/motor_driver/src/ControlMotor.cpp:1384:53:[m[K [01;31m[Kerror: [m[Ktemplate argument 1 is invalid
[2.953s]  1384 |             {"ERROR", [01;31m[Kstd::make_unique<ErrorCommand>()[m[K}
[2.953s]       |                       [01;31m[K~~~~~~~~~~~~~~~~~~~~~~~~~~~~~~^~[m[K
[2.953s] In file included from [01m[K/usr/include/c++/11/memory:76[m[K,
[2.953s]                  from [01m[K/opt/ros/humble/include/rclcpp/rclcpp/rclcpp.hpp:153[m[K,
[2.953s]                  from [01m[K/home/ubuntu/Desktop/AK8064_ws_Jun/src/motor_driver/src/ControlMotor.cpp:972[m[K:
[2.953s] [01m[K/usr/include/c++/11/bits/unique_ptr.h:973:5:[m[K [01;36m[Knote: [m[Kcandidate: â€˜[01m[Ktemplate<class _Tp, class ... _Args> typename std::_MakeUniq<_Tp>::__invalid_type std::make_unique(_Args&& ...)[m[Kâ€™ (deleted)
[2.953s]   973 |     [01;36m[Kmake_unique[m[K(_Args&&...) = delete;
[2.953s]       |     [01;36m[K^~~~~~~~~~~[m[K
[2.953s] [01m[K/usr/include/c++/11/bits/unique_ptr.h:973:5:[m[K [01;36m[Knote: [m[K  template argument deduction/substitution failed:
[2.953s] [01m[K/home/ubuntu/Desktop/AK8064_ws_Jun/src/motor_driver/src/ControlMotor.cpp:1384:53:[m[K [01;31m[Kerror: [m[Ktemplate argument 1 is invalid
[2.953s]  1384 |             {"ERROR", [01;31m[Kstd::make_unique<ErrorCommand>()[m[K}
[2.953s]       |                       [01;31m[K~~~~~~~~~~~~~~~~~~~~~~~~~~~~~~^~[m[K
[2.953s] [01m[K/home/ubuntu/Desktop/AK8064_ws_Jun/src/motor_driver/src/ControlMotor.cpp:1385:9:[m[K [01;31m[Kerror: [m[Kcannot convert â€˜[01m[K<brace-enclosed initializer list>[m[Kâ€™ to â€˜[01m[Kint[m[Kâ€™ in assignment
[2.953s]  1385 |         [01;31m[K}[m[K;
[2.953s]       |         [01;31m[K^[m[K
[2.953s] [01m[K/home/ubuntu/Desktop/AK8064_ws_Jun/src/motor_driver/src/ControlMotor.cpp:[m[K In member function â€˜[01m[Kvoid MotorController::transitionTo(int)[m[Kâ€™:
[2.953s] [01m[K/home/ubuntu/Desktop/AK8064_ws_Jun/src/motor_driver/src/ControlMotor.cpp:1389:42:[m[K [01;31m[Kerror: [m[Kbase operand of â€˜[01m[K->[m[Kâ€™ is not a pointer
[2.953s]  1389 |         if (state_ && new_state && state_[01;31m[K->[m[KgetStateName() != new_state->getStateName()) {
[2.953s]       |                                          [01;31m[K^~[m[K
[2.953s] [01m[K/home/ubuntu/Desktop/AK8064_ws_Jun/src/motor_driver/src/ControlMotor.cpp:1389:71:[m[K [01;31m[Kerror: [m[Kbase operand of â€˜[01m[K->[m[Kâ€™ is not a pointer
[2.953s]  1389 |  (state_ && new_state && state_->getStateName() != new_state[01;31m[K->[m[KgetStateName()) {
[2.954s]       |                                                             [01;31m[K^~[m[K
[2.954s] 
[2.954s] In file included from [01m[K/opt/ros/humble/include/rclcpp/rclcpp/logging.hpp:24[m[K,
[2.954s]                  from [01m[K/opt/ros/humble/include/rclcpp/rclcpp/client.hpp:40[m[K,
[2.954s]                  from [01m[K/opt/ros/humble/include/rclcpp/rclcpp/callback_group.hpp:24[m[K,
[2.954s]                  from [01m[K/opt/ros/humble/include/rclcpp/rclcpp/any_executable.hpp:20[m[K,
[2.954s]                  from [01m[K/opt/ros/humble/include/rclcpp/rclcpp/memory_strategy.hpp:25[m[K,
[2.954s]                  from [01m[K/opt/ros/humble/include/rclcpp/rclcpp/memory_strategies.hpp:18[m[K,
[2.954s]                  from [01m[K/opt/ros/humble/include/rclcpp/rclcpp/executor_options.hpp:20[m[K,
[2.954s]                  from [01m[K/opt/ros/humble/include/rclcpp/rclcpp/executor.hpp:37[m[K,
[2.954s]                  from [01m[K/opt/ros/humble/include/rclcpp/rclcpp/executors/multi_threaded_executor.hpp:25[m[K,
[2.954s]                  from [01m[K/opt/ros/humble/include/rclcpp/rclcpp/executors.hpp:21[m[K,
[2.954s]                  from [01m[K/opt/ros/humble/include/rclcpp/rclcpp/rclcpp.hpp:155[m[K,
[2.954s]                  from [01m[K/home/ubuntu/Desktop/AK8064_ws_Jun/src/motor_driver/src/ControlMotor.cpp:972[m[K:
[2.954s] [01m[K/home/ubuntu/Desktop/AK8064_ws_Jun/src/motor_driver/src/ControlMotor.cpp:1391:42:[m[K [01;31m[Kerror: [m[Kbase operand of â€˜[01m[K->[m[Kâ€™ is not a pointer
[2.954s]  1391 |                         motor_id_, state_[01;31m[K->[m[KgetStateName().c_str(), new_state->getStateName().c_str());
[2.954s]       |                                          [01;31m[K^~[m[K
[2.954s] [01m[K/home/ubuntu/Desktop/AK8064_ws_Jun/src/motor_driver/src/ControlMotor.cpp:1391:77:[m[K [01;31m[Kerror: [m[Kbase operand of â€˜[01m[K->[m[Kâ€™ is not a pointer
[2.954s]  1391 |         motor_id_, state_->getStateName().c_str(), new_state[01;31m[K->[m[KgetStateName().c_str());
[2.954s]       |                                                             [01;31m[K^~[m[K
[2.954s] 
[2.966s] [01m[K/home/ubuntu/Desktop/AK8064_ws_Jun/src/motor_driver/src/ControlMotor.cpp:[m[K In member function â€˜[01m[Kvirtual void InitializingState::handleState(MotorController&, const MotorData&)[m[Kâ€™:
[2.966s] [01m[K/home/ubuntu/Desktop/AK8064_ws_Jun/src/motor_driver/src/ControlMotor.cpp:1558:58:[m[K [01;31m[Kerror: [m[Kâ€˜[01m[KHomingState[m[Kâ€™ was not declared in this scope
[2.966s]  1558 |                 controller.transitionTo(std::make_unique<[01;31m[KHomingState[m[K>());
[2.966s]       |                                                          [01;31m[K^~~~~~~~~~~[m[K
[2.967s] [01m[K/home/ubuntu/Desktop/AK8064_ws_Jun/src/motor_driver/src/ControlMotor.cpp:1558:70:[m[K [01;31m[Kerror: [m[Kno matching function for call to â€˜[01m[Kmake_unique<<expression error> >()[m[Kâ€™
[2.967s]  1558 |               controller.transitionTo([01;31m[Kstd::make_unique<HomingState>()[m[K);
[2.967s]       |                                       [01;31m[K~~~~~~~~~~~~~~~~~~~~~~~~~~~~~^~[m[K
[2.967s] 
[2.967s] In file included from [01m[K/usr/include/c++/11/memory:76[m[K,
[2.967s]                  from [01m[K/opt/ros/humble/include/rclcpp/rclcpp/rclcpp.hpp:153[m[K,
[2.967s]                  from [01m[K/home/ubuntu/Desktop/AK8064_ws_Jun/src/motor_driver/src/ControlMotor.cpp:972[m[K:
[2.967s] [01m[K/usr/include/c++/11/bits/unique_ptr.h:961:5:[m[K [01;36m[Knote: [m[Kcandidate: â€˜[01m[Ktemplate<class _Tp, class ... _Args> typename std::_MakeUniq<_Tp>::__single_object std::make_unique(_Args&& ...)[m[Kâ€™
[2.967s]   961 |     [01;36m[Kmake_unique[m[K(_Args&&... __args)
[2.967s]       |     [01;36m[K^~~~~~~~~~~[m[K
[2.967s] [01m[K/usr/include/c++/11/bits/unique_ptr.h:961:5:[m[K [01;36m[Knote: [m[K  template argument deduction/substitution failed:
[2.967s] [01m[K/home/ubuntu/Desktop/AK8064_ws_Jun/src/motor_driver/src/ControlMotor.cpp:1558:70:[m[K [01;31m[Kerror: [m[Ktemplate argument 1 is invalid
[2.967s]  1558 |               controller.transitionTo([01;31m[Kstd::make_unique<HomingState>()[m[K);
[2.967s]       |                                       [01;31m[K~~~~~~~~~~~~~~~~~~~~~~~~~~~~~^~[m[K
[2.967s] 
[2.967s] In file included from [01m[K/usr/include/c++/11/memory:76[m[K,
[2.967s]                  from [01m[K/opt/ros/humble/include/rclcpp/rclcpp/rclcpp.hpp:153[m[K,
[2.967s]                  from [01m[K/home/ubuntu/Desktop/AK8064_ws_Jun/src/motor_driver/src/ControlMotor.cpp:972[m[K:
[2.967s] [01m[K/usr/include/c++/11/bits/unique_ptr.h:967:5:[m[K [01;36m[Knote: [m[Kcandidate: â€˜[01m[Ktemplate<class _Tp> typename std::_MakeUniq<_Tp>::__array std::make_unique(std::size_t)[m[Kâ€™
[2.967s]   967 |     [01;36m[Kmake_unique[m[K(size_t __num)
[2.967s]       |     [01;36m[K^~~~~~~~~~~[m[K
[2.967s] [01m[K/usr/include/c++/11/bits/unique_ptr.h:967:5:[m[K [01;36m[Knote: [m[K  template argument deduction/substitution failed:
[2.967s] [01m[K/home/ubuntu/Desktop/AK8064_ws_Jun/src/motor_driver/src/ControlMotor.cpp:1558:70:[m[K [01;31m[Kerror: [m[Ktemplate argument 1 is invalid
[2.967s]  1558 |               controller.transitionTo([01;31m[Kstd::make_unique<HomingState>()[m[K);
[2.967s]       |                                       [01;31m[K~~~~~~~~~~~~~~~~~~~~~~~~~~~~~^~[m[K
[2.967s] 
[2.968s] In file included from [01m[K/usr/include/c++/11/memory:76[m[K,
[2.968s]                  from [01m[K/opt/ros/humble/include/rclcpp/rclcpp/rclcpp.hpp:153[m[K,
[2.968s]                  from [01m[K/home/ubuntu/Desktop/AK8064_ws_Jun/src/motor_driver/src/ControlMotor.cpp:972[m[K:
[2.968s] [01m[K/usr/include/c++/11/bits/unique_ptr.h:973:5:[m[K [01;36m[Knote: [m[Kcandidate: â€˜[01m[Ktemplate<class _Tp, class ... _Args> typename std::_MakeUniq<_Tp>::__invalid_type std::make_unique(_Args&& ...)[m[Kâ€™ (deleted)
[2.968s]   973 |     [01;36m[Kmake_unique[m[K(_Args&&...) = delete;
[2.968s]       |     [01;36m[K^~~~~~~~~~~[m[K
[2.968s] [01m[K/usr/include/c++/11/bits/unique_ptr.h:973:5:[m[K [01;36m[Knote: [m[K  template argument deduction/substitution failed:
[2.968s] [01m[K/home/ubuntu/Desktop/AK8064_ws_Jun/src/motor_driver/src/ControlMotor.cpp:1558:70:[m[K [01;31m[Kerror: [m[Ktemplate argument 1 is invalid
[2.968s]  1558 |               controller.transitionTo([01;31m[Kstd::make_unique<HomingState>()[m[K);
[2.968s]       |                                       [01;31m[K~~~~~~~~~~~~~~~~~~~~~~~~~~~~~^~[m[K
[2.968s] 
[2.972s] [01m[K/home/ubuntu/Desktop/AK8064_ws_Jun/src/motor_driver/src/ControlMotor.cpp:[m[K In member function â€˜[01m[Kvirtual void HomingState::handleState(MotorController&, const MotorData&)[m[Kâ€™:
[2.972s] [01m[K/home/ubuntu/Desktop/AK8064_ws_Jun/src/motor_driver/src/ControlMotor.cpp:1575:58:[m[K [01;31m[Kerror: [m[Kâ€˜[01m[KMovingState[m[Kâ€™ was not declared in this scope; did you mean â€˜[01m[KHomingState[m[Kâ€™?
[2.972s]  1575 |                 controller.transitionTo(std::make_unique<[01;31m[KMovingState[m[K>());
[2.972s]       |                                                          [01;31m[K^~~~~~~~~~~[m[K
[2.972s]       |                                                          [32m[KHomingState[m[K
[2.972s] [01m[K/home/ubuntu/Desktop/AK8064_ws_Jun/src/motor_driver/src/ControlMotor.cpp:1575:70:[m[K [01;31m[Kerror: [m[Kno matching function for call to â€˜[01m[Kmake_unique<<expression error> >()[m[Kâ€™
[2.972s]  1575 |               controller.transitionTo([01;31m[Kstd::make_unique<MovingState>()[m[K);
[2.972s]       |                                       [01;31m[K~~~~~~~~~~~~~~~~~~~~~~~~~~~~~^~[m[K
[2.972s] 
[2.972s] In file included from [01m[K/usr/include/c++/11/memory:76[m[K,
[2.972s]                  from [01m[K/opt/ros/humble/include/rclcpp/rclcpp/rclcpp.hpp:153[m[K,
[2.972s]                  from [01m[K/home/ubuntu/Desktop/AK8064_ws_Jun/src/motor_driver/src/ControlMotor.cpp:972[m[K:
[2.972s] [01m[K/usr/include/c++/11/bits/unique_ptr.h:961:5:[m[K [01;36m[Knote: [m[Kcandidate: â€˜[01m[Ktemplate<class _Tp, class ... _Args> typename std::_MakeUniq<_Tp>::__single_object std::make_unique(_Args&& ...)[m[Kâ€™
[2.972s]   961 |     [01;36m[Kmake_unique[m[K(_Args&&... __args)
[2.973s]       |     [01;36m[K^~~~~~~~~~~[m[K
[2.973s] [01m[K/usr/include/c++/11/bits/unique_ptr.h:961:5:[m[K [01;36m[Knote: [m[K  template argument deduction/substitution failed:
[2.973s] [01m[K/home/ubuntu/Desktop/AK8064_ws_Jun/src/motor_driver/src/ControlMotor.cpp:1575:70:[m[K [01;31m[Kerror: [m[Ktemplate argument 1 is invalid
[2.973s]  1575 |               controller.transitionTo([01;31m[Kstd::make_unique<MovingState>()[m[K);
[2.973s]       |                                       [01;31m[K~~~~~~~~~~~~~~~~~~~~~~~~~~~~~^~[m[K
[2.973s] 
[2.973s] In file included from [01m[K/usr/include/c++/11/memory:76[m[K,
[2.973s]                  from [01m[K/opt/ros/humble/include/rclcpp/rclcpp/rclcpp.hpp:153[m[K,
[2.973s]                  from [01m[K/home/ubuntu/Desktop/AK8064_ws_Jun/src/motor_driver/src/ControlMotor.cpp:972[m[K:
[2.973s] [01m[K/usr/include/c++/11/bits/unique_ptr.h:967:5:[m[K [01;36m[Knote: [m[Kcandidate: â€˜[01m[Ktemplate<class _Tp> typename std::_MakeUniq<_Tp>::__array std::make_unique(std::size_t)[m[Kâ€™
[2.973s]   967 |     [01;36m[Kmake_unique[m[K(size_t __num)
[2.973s]       |     [01;36m[K^~~~~~~~~~~[m[K
[2.973s] [01m[K/usr/include/c++/11/bits/unique_ptr.h:967:5:[m[K [01;36m[Knote: [m[K  template argument deduction/substitution failed:
[2.973s] [01m[K/home/ubuntu/Desktop/AK8064_ws_Jun/src/motor_driver/src/ControlMotor.cpp:1575:70:[m[K [01;31m[Kerror: [m[Ktemplate argument 1 is invalid
[2.973s]  1575 |               controller.transitionTo([01;31m[Kstd::make_unique<MovingState>()[m[K);
[2.973s]       |                                       [01;31m[K~~~~~~~~~~~~~~~~~~~~~~~~~~~~~^~[m[K
[2.973s] 
[2.973s] In file included from [01m[K/usr/include/c++/11/memory:76[m[K,
[2.973s]                  from [01m[K/opt/ros/humble/include/rclcpp/rclcpp/rclcpp.hpp:153[m[K,
[2.973s]                  from [01m[K/home/ubuntu/Desktop/AK8064_ws_Jun/src/motor_driver/src/ControlMotor.cpp:972[m[K:
[2.973s] [01m[K/usr/include/c++/11/bits/unique_ptr.h:973:5:[m[K [01;36m[Knote: [m[Kcandidate: â€˜[01m[Ktemplate<class _Tp, class ... _Args> typename std::_MakeUniq<_Tp>::__invalid_type std::make_unique(_Args&& ...)[m[Kâ€™ (deleted)
[2.973s]   973 |     [01;36m[Kmake_unique[m[K(_Args&&...) = delete;
[2.973s]       |     [01;36m[K^~~~~~~~~~~[m[K
[2.973s] [01m[K/usr/include/c++/11/bits/unique_ptr.h:973:5:[m[K [01;36m[Knote: [m[K  template argument deduction/substitution failed:
[2.973s] [01m[K/home/ubuntu/Desktop/AK8064_ws_Jun/src/motor_driver/src/ControlMotor.cpp:1575:70:[m[K [01;31m[Kerror: [m[Ktemplate argument 1 is invalid
[2.973s]  1575 |               controller.transitionTo([01;31m[Kstd::make_unique<MovingState>()[m[K);
[2.973s]       |                                       [01;31m[K~~~~~~~~~~~~~~~~~~~~~~~~~~~~~^~[m[K
[2.973s] 
[2.979s] [01m[K/home/ubuntu/Desktop/AK8064_ws_Jun/src/motor_driver/src/ControlMotor.cpp:[m[K In member function â€˜[01m[Kvirtual void MovingState::handleState(MotorController&, const MotorData&)[m[Kâ€™:
[2.979s] [01m[K/home/ubuntu/Desktop/AK8064_ws_Jun/src/motor_driver/src/ControlMotor.cpp:1623:58:[m[K [01;31m[Kerror: [m[Kâ€˜[01m[KStoppedState[m[Kâ€™ was not declared in this scope
[2.979s]  1623 |                 controller.transitionTo(std::make_unique<[01;31m[KStoppedState[m[K>());
[2.979s]       |                                                          [01;31m[K^~~~~~~~~~~~[m[K
[2.979s] [01m[K/home/ubuntu/Desktop/AK8064_ws_Jun/src/motor_driver/src/ControlMotor.cpp:1623:71:[m[K [01;31m[Kerror: [m[Kno matching function for call to â€˜[01m[Kmake_unique<<expression error> >()[m[Kâ€™
[2.979s]  1623 |              controller.transitionTo([01;31m[Kstd::make_unique<StoppedState>()[m[K);
[2.979s]       |                                      [01;31m[K~~~~~~~~~~~~~~~~~~~~~~~~~~~~~~^~[m[K
[2.979s] 
[2.979s] In file included from [01m[K/usr/include/c++/11/memory:76[m[K,
[2.979s]                  from [01m[K/opt/ros/humble/include/rclcpp/rclcpp/rclcpp.hpp:153[m[K,
[2.979s]                  from [01m[K/home/ubuntu/Desktop/AK8064_ws_Jun/src/motor_driver/src/ControlMotor.cpp:972[m[K:
[2.980s] [01m[K/usr/include/c++/11/bits/unique_ptr.h:961:5:[m[K [01;36m[Knote: [m[Kcandidate: â€˜[01m[Ktemplate<class _Tp, class ... _Args> typename std::_MakeUniq<_Tp>::__single_object std::make_unique(_Args&& ...)[m[Kâ€™
[2.980s]   961 |     [01;36m[Kmake_unique[m[K(_Args&&... __args)
[2.980s]       |     [01;36m[K^~~~~~~~~~~[m[K
[2.980s] [01m[K/usr/include/c++/11/bits/unique_ptr.h:961:5:[m[K [01;36m[Knote: [m[K  template argument deduction/substitution failed:
[2.980s] [01m[K/home/ubuntu/Desktop/AK8064_ws_Jun/src/motor_driver/src/ControlMotor.cpp:1623:71:[m[K [01;31m[Kerror: [m[Ktemplate argument 1 is invalid
[2.980s]  1623 |              controller.transitionTo([01;31m[Kstd::make_unique<StoppedState>()[m[K);
[2.980s]       |                                      [01;31m[K~~~~~~~~~~~~~~~~~~~~~~~~~~~~~~^~[m[K
[2.980s] 
[2.980s] In file included from [01m[K/usr/include/c++/11/memory:76[m[K,
[2.980s]                  from [01m[K/opt/ros/humble/include/rclcpp/rclcpp/rclcpp.hpp:153[m[K,
[2.980s]                  from [01m[K/home/ubuntu/Desktop/AK8064_ws_Jun/src/motor_driver/src/ControlMotor.cpp:972[m[K:
[2.980s] [01m[K/usr/include/c++/11/bits/unique_ptr.h:967:5:[m[K [01;36m[Knote: [m[Kcandidate: â€˜[01m[Ktemplate<class _Tp> typename std::_MakeUniq<_Tp>::__array std::make_unique(std::size_t)[m[Kâ€™
[2.980s]   967 |     [01;36m[Kmake_unique[m[K(size_t __num)
[2.980s]       |     [01;36m[K^~~~~~~~~~~[m[K
[2.980s] [01m[K/usr/include/c++/11/bits/unique_ptr.h:967:5:[m[K [01;36m[Knote: [m[K  template argument deduction/substitution failed:
[2.980s] [01m[K/home/ubuntu/Desktop/AK8064_ws_Jun/src/motor_driver/src/ControlMotor.cpp:1623:71:[m[K [01;31m[Kerror: [m[Ktemplate argument 1 is invalid
[2.980s]  1623 |              controller.transitionTo([01;31m[Kstd::make_unique<StoppedState>()[m[K);
[2.980s]       |                                      [01;31m[K~~~~~~~~~~~~~~~~~~~~~~~~~~~~~~^~[m[K
[2.980s] 
[2.980s] In file included from [01m[K/usr/include/c++/11/memory:76[m[K,
[2.980s]                  from [01m[K/opt/ros/humble/include/rclcpp/rclcpp/rclcpp.hpp:153[m[K,
[2.980s]                  from [01m[K/home/ubuntu/Desktop/AK8064_ws_Jun/src/motor_driver/src/ControlMotor.cpp:972[m[K:
[2.980s] [01m[K/usr/include/c++/11/bits/unique_ptr.h:973:5:[m[K [01;36m[Knote: [m[Kcandidate: â€˜[01m[Ktemplate<class _Tp, class ... _Args> typename std::_MakeUniq<_Tp>::__invalid_type std::make_unique(_Args&& ...)[m[Kâ€™ (deleted)
[2.980s]   973 |     [01;36m[Kmake_unique[m[K(_Args&&...) = delete;
[2.980s]       |     [01;36m[K^~~~~~~~~~~[m[K
[2.980s] [01m[K/usr/include/c++/11/bits/unique_ptr.h:973:5:[m[K [01;36m[Knote: [m[K  template argument deduction/substitution failed:
[2.980s] [01m[K/home/ubuntu/Desktop/AK8064_ws_Jun/src/motor_driver/src/ControlMotor.cpp:1623:71:[m[K [01;31m[Kerror: [m[Ktemplate argument 1 is invalid
[2.981s]  1623 |              controller.transitionTo([01;31m[Kstd::make_unique<StoppedState>()[m[K);
[2.981s]       |                                      [01;31m[K~~~~~~~~~~~~~~~~~~~~~~~~~~~~~~^~[m[K
[2.981s] 
[2.987s] [01m[K/home/ubuntu/Desktop/AK8064_ws_Jun/src/motor_driver/src/ControlMotor.cpp:[m[K In member function â€˜[01m[Kvirtual void PausedState::handleState(MotorController&, const MotorData&)[m[Kâ€™:
[2.988s] [01m[K/home/ubuntu/Desktop/AK8064_ws_Jun/src/motor_driver/src/ControlMotor.cpp:1647:66:[m[K [01;31m[Kerror: [m[Kâ€˜[01m[KErrorState[m[Kâ€™ was not declared in this scope; did you mean â€˜[01m[KMotorState[m[Kâ€™?
[2.988s]  1647 |                    controller.transitionTo(std::make_unique<[01;31m[KErrorState[m[K>());
[2.988s]       |                                                             [01;31m[K^~~~~~~~~~[m[K
[2.988s]       |                                                             [32m[KMotorState[m[K
[2.988s] [01m[K/home/ubuntu/Desktop/AK8064_ws_Jun/src/motor_driver/src/ControlMotor.cpp:1647:77:[m[K [01;31m[Kerror: [m[Kno matching function for call to â€˜[01m[Kmake_unique<<expression error> >()[m[Kâ€™
[2.988s]  1647 |                controller.transitionTo([01;31m[Kstd::make_unique<ErrorState>()[m[K);
[2.988s]       |                                        [01;31m[K~~~~~~~~~~~~~~~~~~~~~~~~~~~~^~[m[K
[2.988s] 
[2.988s] In file included from [01m[K/usr/include/c++/11/memory:76[m[K,
[2.988s]                  from [01m[K/opt/ros/humble/include/rclcpp/rclcpp/rclcpp.hpp:153[m[K,
[2.988s]                  from [01m[K/home/ubuntu/Desktop/AK8064_ws_Jun/src/motor_driver/src/ControlMotor.cpp:972[m[K:
[2.988s] [01m[K/usr/include/c++/11/bits/unique_ptr.h:961:5:[m[K [01;36m[Knote: [m[Kcandidate: â€˜[01m[Ktemplate<class _Tp, class ... _Args> typename std::_MakeUniq<_Tp>::__single_object std::make_unique(_Args&& ...)[m[Kâ€™
[2.988s]   961 |     [01;36m[Kmake_unique[m[K(_Args&&... __args)
[2.988s]       |     [01;36m[K^~~~~~~~~~~[m[K
[2.988s] [01m[K/usr/include/c++/11/bits/unique_ptr.h:961:5:[m[K [01;36m[Knote: [m[K  template argument deduction/substitution failed:
[2.988s] [01m[K/home/ubuntu/Desktop/AK8064_ws_Jun/src/motor_driver/src/ControlMotor.cpp:1647:77:[m[K [01;31m[Kerror: [m[Ktemplate argument 1 is invalid
[2.988s]  1647 |                controller.transitionTo([01;31m[Kstd::make_unique<ErrorState>()[m[K);
[2.988s]       |                                        [01;31m[K~~~~~~~~~~~~~~~~~~~~~~~~~~~~^~[m[K
[2.988s] 
[2.988s] In file included from [01m[K/usr/include/c++/11/memory:76[m[K,
[2.988s]                  from [01m[K/opt/ros/humble/include/rclcpp/rclcpp/rclcpp.hpp:153[m[K,
[2.988s]                  from [01m[K/home/ubuntu/Desktop/AK8064_ws_Jun/src/motor_driver/src/ControlMotor.cpp:972[m[K:
[2.988s] [01m[K/usr/include/c++/11/bits/unique_ptr.h:967:5:[m[K [01;36m[Knote: [m[Kcandidate: â€˜[01m[Ktemplate<class _Tp> typename std::_MakeUniq<_Tp>::__array std::make_unique(std::size_t)[m[Kâ€™
[2.988s]   967 |     [01;36m[Kmake_unique[m[K(size_t __num)
[2.988s]       |     [01;36m[K^~~~~~~~~~~[m[K
[2.988s] [01m[K/usr/include/c++/11/bits/unique_ptr.h:967:5:[m[K [01;36m[Knote: [m[K  template argument deduction/substitution failed:
[2.988s] [01m[K/home/ubuntu/Desktop/AK8064_ws_Jun/src/motor_driver/src/ControlMotor.cpp:1647:77:[m[K [01;31m[Kerror: [m[Ktemplate argument 1 is invalid
[2.988s]  1647 |                controller.transitionTo([01;31m[Kstd::make_unique<ErrorState>()[m[K);
[2.989s]       |                                        [01;31m[K~~~~~~~~~~~~~~~~~~~~~~~~~~~~^~[m[K
[2.989s] 
[2.989s] In file included from [01m[K/usr/include/c++/11/memory:76[m[K,
[2.989s]                  from [01m[K/opt/ros/humble/include/rclcpp/rclcpp/rclcpp.hpp:153[m[K,
[2.989s]                  from [01m[K/home/ubuntu/Desktop/AK8064_ws_Jun/src/motor_driver/src/ControlMotor.cpp:972[m[K:
[2.989s] [01m[K/usr/include/c++/11/bits/unique_ptr.h:973:5:[m[K [01;36m[Knote: [m[Kcandidate: â€˜[01m[Ktemplate<class _Tp, class ... _Args> typename std::_MakeUniq<_Tp>::__invalid_type std::make_unique(_Args&& ...)[m[Kâ€™ (deleted)
[2.989s]   973 |     [01;36m[Kmake_unique[m[K(_Args&&...) = delete;
[2.989s]       |     [01;36m[K^~~~~~~~~~~[m[K
[2.989s] [01m[K/usr/include/c++/11/bits/unique_ptr.h:973:5:[m[K [01;36m[Knote: [m[K  template argument deduction/substitution failed:
[2.989s] [01m[K/home/ubuntu/Desktop/AK8064_ws_Jun/src/motor_driver/src/ControlMotor.cpp:1647:77:[m[K [01;31m[Kerror: [m[Ktemplate argument 1 is invalid
[2.989s]  1647 |                controller.transitionTo([01;31m[Kstd::make_unique<ErrorState>()[m[K);
[2.989s]       |                                        [01;31m[K~~~~~~~~~~~~~~~~~~~~~~~~~~~~^~[m[K
[2.989s] 
[2.993s] [01m[K/home/ubuntu/Desktop/AK8064_ws_Jun/src/motor_driver/src/ControlMotor.cpp:1656:66:[m[K [01;31m[Kerror: [m[Kâ€˜[01m[KErrorState[m[Kâ€™ was not declared in this scope; did you mean â€˜[01m[KMotorState[m[Kâ€™?
[2.993s]  1656 |                    controller.transitionTo(std::make_unique<[01;31m[KErrorState[m[K>());
[2.993s]       |                                                             [01;31m[K^~~~~~~~~~[m[K
[2.993s]       |                                                             [32m[KMotorState[m[K
[2.993s] [01m[K/home/ubuntu/Desktop/AK8064_ws_Jun/src/motor_driver/src/ControlMotor.cpp:1656:77:[m[K [01;31m[Kerror: [m[Kno matching function for call to â€˜[01m[Kmake_unique<<expression error> >()[m[Kâ€™
[2.993s]  1656 |                controller.transitionTo([01;31m[Kstd::make_unique<ErrorState>()[m[K);
[2.993s]       |                                        [01;31m[K~~~~~~~~~~~~~~~~~~~~~~~~~~~~^~[m[K
[2.993s] 
[2.993s] In file included from [01m[K/usr/include/c++/11/memory:76[m[K,
[2.993s]                  from [01m[K/opt/ros/humble/include/rclcpp/rclcpp/rclcpp.hpp:153[m[K,
[2.993s]                  from [01m[K/home/ubuntu/Desktop/AK8064_ws_Jun/src/motor_driver/src/ControlMotor.cpp:972[m[K:
[2.993s] [01m[K/usr/include/c++/11/bits/unique_ptr.h:961:5:[m[K [01;36m[Knote: [m[Kcandidate: â€˜[01m[Ktemplate<class _Tp, class ... _Args> typename std::_MakeUniq<_Tp>::__single_object std::make_unique(_Args&& ...)[m[Kâ€™
[2.993s]   961 |     [01;36m[Kmake_unique[m[K(_Args&&... __args)
[2.994s]       |     [01;36m[K^~~~~~~~~~~[m[K
[2.994s] [01m[K/usr/include/c++/11/bits/unique_ptr.h:961:5:[m[K [01;36m[Knote: [m[K  template argument deduction/substitution failed:
[2.994s] [01m[K/home/ubuntu/Desktop/AK8064_ws_Jun/src/motor_driver/src/ControlMotor.cpp:1656:77:[m[K [01;31m[Kerror: [m[Ktemplate argument 1 is invalid
[2.994s]  1656 |                controller.transitionTo([01;31m[Kstd::make_unique<ErrorState>()[m[K);
[2.994s]       |                                        [01;31m[K~~~~~~~~~~~~~~~~~~~~~~~~~~~~^~[m[K
[2.994s] 
[2.994s] In file included from [01m[K/usr/include/c++/11/memory:76[m[K,
[2.994s]                  from [01m[K/opt/ros/humble/include/rclcpp/rclcpp/rclcpp.hpp:153[m[K,
[2.994s]                  from [01m[K/home/ubuntu/Desktop/AK8064_ws_Jun/src/motor_driver/src/ControlMotor.cpp:972[m[K:
[2.994s] [01m[K/usr/include/c++/11/bits/unique_ptr.h:967:5:[m[K [01;36m[Knote: [m[Kcandidate: â€˜[01m[Ktemplate<class _Tp> typename std::_MakeUniq<_Tp>::__array std::make_unique(std::size_t)[m[Kâ€™
[2.994s]   967 |     [01;36m[Kmake_unique[m[K(size_t __num)
[2.994s]       |     [01;36m[K^~~~~~~~~~~[m[K
[2.994s] [01m[K/usr/include/c++/11/bits/unique_ptr.h:967:5:[m[K [01;36m[Knote: [m[K  template argument deduction/substitution failed:
[2.994s] [01m[K/home/ubuntu/Desktop/AK8064_ws_Jun/src/motor_driver/src/ControlMotor.cpp:1656:77:[m[K [01;31m[Kerror: [m[Ktemplate argument 1 is invalid
[2.994s]  1656 |                controller.transitionTo([01;31m[Kstd::make_unique<ErrorState>()[m[K);
[2.994s]       |                                        [01;31m[K~~~~~~~~~~~~~~~~~~~~~~~~~~~~^~[m[K
[2.994s] 
[2.994s] In file included from [01m[K/usr/include/c++/11/memory:76[m[K,
[2.994s]                  from [01m[K/opt/ros/humble/include/rclcpp/rclcpp/rclcpp.hpp:153[m[K,
[2.994s]                  from [01m[K/home/ubuntu/Desktop/AK8064_ws_Jun/src/motor_driver/src/ControlMotor.cpp:972[m[K:
[2.994s] [01m[K/usr/include/c++/11/bits/unique_ptr.h:973:5:[m[K [01;36m[Knote: [m[Kcandidate: â€˜[01m[Ktemplate<class _Tp, class ... _Args> typename std::_MakeUniq<_Tp>::__invalid_type std::make_unique(_Args&& ...)[m[Kâ€™ (deleted)
[2.994s]   973 |     [01;36m[Kmake_unique[m[K(_Args&&...) = delete;
[2.994s]       |     [01;36m[K^~~~~~~~~~~[m[K
[2.994s] [01m[K/usr/include/c++/11/bits/unique_ptr.h:973:5:[m[K [01;36m[Knote: [m[K  template argument deduction/substitution failed:
[2.994s] [01m[K/home/ubuntu/Desktop/AK8064_ws_Jun/src/motor_driver/src/ControlMotor.cpp:1656:77:[m[K [01;31m[Kerror: [m[Ktemplate argument 1 is invalid
[2.994s]  1656 |                controller.transitionTo([01;31m[Kstd::make_unique<ErrorState>()[m[K);
[2.994s]       |                                        [01;31m[K~~~~~~~~~~~~~~~~~~~~~~~~~~~~^~[m[K
[2.994s] 
[2.999s] [01m[K/home/ubuntu/Desktop/AK8064_ws_Jun/src/motor_driver/src/ControlMotor.cpp:1661:58:[m[K [01;31m[Kerror: [m[Kâ€˜[01m[KErrorState[m[Kâ€™ was not declared in this scope; did you mean â€˜[01m[KMotorState[m[Kâ€™?
[2.999s]  1661 |                 controller.transitionTo(std::make_unique<[01;31m[KErrorState[m[K>());
[2.999s]       |                                                          [01;31m[K^~~~~~~~~~[m[K
[2.999s]       |                                                          [32m[KMotorState[m[K
[2.999s] [01m[K/home/ubuntu/Desktop/AK8064_ws_Jun/src/motor_driver/src/ControlMotor.cpp:1661:69:[m[K [01;31m[Kerror: [m[Kno matching function for call to â€˜[01m[Kmake_unique<<expression error> >()[m[Kâ€™
[2.999s]  1661 |                controller.transitionTo([01;31m[Kstd::make_unique<ErrorState>()[m[K);
[2.999s]       |                                        [01;31m[K~~~~~~~~~~~~~~~~~~~~~~~~~~~~^~[m[K
[2.999s] 
[2.999s] In file included from [01m[K/usr/include/c++/11/memory:76[m[K,
[2.999s]                  from [01m[K/opt/ros/humble/include/rclcpp/rclcpp/rclcpp.hpp:153[m[K,
[3.000s]                  from [01m[K/home/ubuntu/Desktop/AK8064_ws_Jun/src/motor_driver/src/ControlMotor.cpp:972[m[K:
[3.000s] [01m[K/usr/include/c++/11/bits/unique_ptr.h:961:5:[m[K [01;36m[Knote: [m[Kcandidate: â€˜[01m[Ktemplate<class _Tp, class ... _Args> typename std::_MakeUniq<_Tp>::__single_object std::make_unique(_Args&& ...)[m[Kâ€™
[3.000s]   961 |     [01;36m[Kmake_unique[m[K(_Args&&... __args)
[3.000s]       |     [01;36m[K^~~~~~~~~~~[m[K
[3.000s] [01m[K/usr/include/c++/11/bits/unique_ptr.h:961:5:[m[K [01;36m[Knote: [m[K  template argument deduction/substitution failed:
[3.000s] [01m[K/home/ubuntu/Desktop/AK8064_ws_Jun/src/motor_driver/src/ControlMotor.cpp:1661:69:[m[K [01;31m[Kerror: [m[Ktemplate argument 1 is invalid
[3.000s]  1661 |                controller.transitionTo([01;31m[Kstd::make_unique<ErrorState>()[m[K);
[3.000s]       |                                        [01;31m[K~~~~~~~~~~~~~~~~~~~~~~~~~~~~^~[m[K
[3.000s] 
[3.000s] In file included from [01m[K/usr/include/c++/11/memory:76[m[K,
[3.000s]                  from [01m[K/opt/ros/humble/include/rclcpp/rclcpp/rclcpp.hpp:153[m[K,
[3.000s]                  from [01m[K/home/ubuntu/Desktop/AK8064_ws_Jun/src/motor_driver/src/ControlMotor.cpp:972[m[K:
[3.000s] [01m[K/usr/include/c++/11/bits/unique_ptr.h:967:5:[m[K [01;36m[Knote: [m[Kcandidate: â€˜[01m[Ktemplate<class _Tp> typename std::_MakeUniq<_Tp>::__array std::make_unique(std::size_t)[m[Kâ€™
[3.000s]   967 |     [01;36m[Kmake_unique[m[K(size_t __num)
[3.000s]       |     [01;36m[K^~~~~~~~~~~[m[K
[3.000s] [01m[K/usr/include/c++/11/bits/unique_ptr.h:967:5:[m[K [01;36m[Knote: [m[K  template argument deduction/substitution failed:
[3.000s] [01m[K/home/ubuntu/Desktop/AK8064_ws_Jun/src/motor_driver/src/ControlMotor.cpp:1661:69:[m[K [01;31m[Kerror: [m[Ktemplate argument 1 is invalid
[3.000s]  1661 |                controller.transitionTo([01;31m[Kstd::make_unique<ErrorState>()[m[K);
[3.000s]       |                                        [01;31m[K~~~~~~~~~~~~~~~~~~~~~~~~~~~~^~[m[K
[3.000s] 
[3.000s] In file included from [01m[K/usr/include/c++/11/memory:76[m[K,
[3.000s]                  from [01m[K/opt/ros/humble/include/rclcpp/rclcpp/rclcpp.hpp:153[m[K,
[3.000s]                  from [01m[K/home/ubuntu/Desktop/AK8064_ws_Jun/src/motor_driver/src/ControlMotor.cpp:972[m[K:
[3.001s] [01m[K/usr/include/c++/11/bits/unique_ptr.h:973:5:[m[K [01;36m[Knote: [m[Kcandidate: â€˜[01m[Ktemplate<class _Tp, class ... _Args> typename std::_MakeUniq<_Tp>::__invalid_type std::make_unique(_Args&& ...)[m[Kâ€™ (deleted)
[3.001s]   973 |     [01;36m[Kmake_unique[m[K(_Args&&...) = delete;
[3.001s]       |     [01;36m[K^~~~~~~~~~~[m[K
[3.001s] [01m[K/usr/include/c++/11/bits/unique_ptr.h:973:5:[m[K [01;36m[Knote: [m[K  template argument deduction/substitution failed:
[3.001s] [01m[K/home/ubuntu/Desktop/AK8064_ws_Jun/src/motor_driver/src/ControlMotor.cpp:1661:69:[m[K [01;31m[Kerror: [m[Ktemplate argument 1 is invalid
[3.001s]  1661 |                controller.transitionTo([01;31m[Kstd::make_unique<ErrorState>()[m[K);
[3.001s]       |                                        [01;31m[K~~~~~~~~~~~~~~~~~~~~~~~~~~~~^~[m[K
[3.001s] 
[3.006s] [01m[K/home/ubuntu/Desktop/AK8064_ws_Jun/src/motor_driver/src/ControlMotor.cpp:[m[K In member function â€˜[01m[Kvirtual void UpCommand::execute(MotorController&)[m[Kâ€™:
[3.007s] [01m[K/home/ubuntu/Desktop/AK8064_ws_Jun/src/motor_driver/src/ControlMotor.cpp:1734:70:[m[K [01;31m[Kerror: [m[Kcannot convert â€˜[01m[Kstd::_MakeUniq<MovingState>::__single_object[m[Kâ€™ {aka â€˜[01m[Kstd::unique_ptr<MovingState, std::default_delete<MovingState> >[m[Kâ€™} to â€˜[01m[Kint[m[Kâ€™
[3.007s]  1734 |               controller.transitionTo([01;31m[Kstd::make_unique<MovingState>()[m[K);
[3.007s]       |                                       [01;31m[K~~~~~~~~~~~~~~~~~~~~~~~~~~~~~^~[m[K
[3.007s]       |                                                                    [01;31m[K|[m[K
[3.007s]       |                                                                    [01;31m[Kstd::_MakeUniq<MovingState>::__single_object {aka std::unique_ptr<MovingState, std::default_delete<MovingState> >}[m[K
[3.007s] 
[3.007s] [01m[K/home/ubuntu/Desktop/AK8064_ws_Jun/src/motor_driver/src/ControlMotor.cpp:1388:51:[m[K [01;36m[Knote: [m[K  initializing argument 1 of â€˜[01m[Kvoid MotorController::transitionTo(int)[m[Kâ€™
[3.007s]  1388 |     void transitionTo([01;36m[Kstd::unique_ptr<MotorState> new_state[m[K) {
[3.007s]       |                       [01;36m[K~~~~~~~~~~~~~~~~~~~~~~~~~~~~^~~~~~~~~[m[K
[3.008s] [01m[K/home/ubuntu/Desktop/AK8064_ws_Jun/src/motor_driver/src/ControlMotor.cpp:[m[K In member function â€˜[01m[Kvirtual void DownCommand::execute(MotorController&)[m[Kâ€™:
[3.008s] [01m[K/home/ubuntu/Desktop/AK8064_ws_Jun/src/motor_driver/src/ControlMotor.cpp:1762:70:[m[K [01;31m[Kerror: [m[Kcannot convert â€˜[01m[Kstd::_MakeUniq<MovingState>::__single_object[m[Kâ€™ {aka â€˜[01m[Kstd::unique_ptr<MovingState, std::default_delete<MovingState> >[m[Kâ€™} to â€˜[01m[Kint[m[Kâ€™
[3.008s]  1762 |               controller.transitionTo([01;31m[Kstd::make_unique<MovingState>()[m[K);
[3.008s]       |                                       [01;31m[K~~~~~~~~~~~~~~~~~~~~~~~~~~~~~^~[m[K
[3.008s]       |                                                                    [01;31m[K|[m[K
[3.008s]       |                                                                    [01;31m[Kstd::_MakeUniq<MovingState>::__single_object {aka std::unique_ptr<MovingState, std::default_delete<MovingState> >}[m[K
[3.008s] 
[3.008s] [01m[K/home/ubuntu/Desktop/AK8064_ws_Jun/src/motor_driver/src/ControlMotor.cpp:1388:51:[m[K [01;36m[Knote: [m[K  initializing argument 1 of â€˜[01m[Kvoid MotorController::transitionTo(int)[m[Kâ€™
[3.008s]  1388 |     void transitionTo([01;36m[Kstd::unique_ptr<MotorState> new_state[m[K) {
[3.008s]       |                       [01;36m[K~~~~~~~~~~~~~~~~~~~~~~~~~~~~^~~~~~~~~[m[K
[3.014s] [01m[K/home/ubuntu/Desktop/AK8064_ws_Jun/src/motor_driver/src/ControlMotor.cpp:[m[K In member function â€˜[01m[Kvirtual void PauseCommand::execute(MotorController&)[m[Kâ€™:
[3.014s] [01m[K/home/ubuntu/Desktop/AK8064_ws_Jun/src/motor_driver/src/ControlMotor.cpp:1792:74:[m[K [01;31m[Kerror: [m[Kcannot convert â€˜[01m[Kstd::_MakeUniq<PausedState>::__single_object[m[Kâ€™ {aka â€˜[01m[Kstd::unique_ptr<PausedState, std::default_delete<PausedState> >[m[Kâ€™} to â€˜[01m[Kint[m[Kâ€™
[3.014s]  1792 |               controller.transitionTo([01;31m[Kstd::make_unique<PausedState>()[m[K);
[3.014s]       |                                       [01;31m[K~~~~~~~~~~~~~~~~~~~~~~~~~~~~~^~[m[K
[3.014s]       |                                                                    [01;31m[K|[m[K
[3.014s]       |                                                                    [01;31m[Kstd::_MakeUniq<PausedState>::__single_object {aka std::unique_ptr<PausedState, std::default_delete<PausedState> >}[m[K
[3.015s] 
[3.015s] [01m[K/home/ubuntu/Desktop/AK8064_ws_Jun/src/motor_driver/src/ControlMotor.cpp:1388:51:[m[K [01;36m[Knote: [m[K  initializing argument 1 of â€˜[01m[Kvoid MotorController::transitionTo(int)[m[Kâ€™
[3.015s]  1388 |     void transitionTo([01;36m[Kstd::unique_ptr<MotorState> new_state[m[K) {
[3.015s]       |                       [01;36m[K~~~~~~~~~~~~~~~~~~~~~~~~~~~~^~~~~~~~~[m[K
[3.020s] [01m[K/home/ubuntu/Desktop/AK8064_ws_Jun/src/motor_driver/src/ControlMotor.cpp:1797:73:[m[K [01;31m[Kerror: [m[Kcannot convert â€˜[01m[Kstd::_MakeUniq<ErrorState>::__single_object[m[Kâ€™ {aka â€˜[01m[Kstd::unique_ptr<ErrorState, std::default_delete<ErrorState> >[m[Kâ€™} to â€˜[01m[Kint[m[Kâ€™
[3.020s]  1797 |                controller.transitionTo([01;31m[Kstd::make_unique<ErrorState>()[m[K);
[3.020s]       |                                        [01;31m[K~~~~~~~~~~~~~~~~~~~~~~~~~~~~^~[m[K
[3.020s]       |                                                                    [01;31m[K|[m[K
[3.020s]       |                                                                    [01;31m[Kstd::_MakeUniq<ErrorState>::__single_object {aka std::unique_ptr<ErrorState, std::default_delete<ErrorState> >}[m[K
[3.020s] 
[3.020s] [01m[K/home/ubuntu/Desktop/AK8064_ws_Jun/src/motor_driver/src/ControlMotor.cpp:1388:51:[m[K [01;36m[Knote: [m[K  initializing argument 1 of â€˜[01m[Kvoid MotorController::transitionTo(int)[m[Kâ€™
[3.020s]  1388 |     void transitionTo([01;36m[Kstd::unique_ptr<MotorState> new_state[m[K) {
[3.020s]       |                       [01;36m[K~~~~~~~~~~~~~~~~~~~~~~~~~~~~^~~~~~~~~[m[K
[3.020s] [01m[K/home/ubuntu/Desktop/AK8064_ws_Jun/src/motor_driver/src/ControlMotor.cpp:1803:69:[m[K [01;31m[Kerror: [m[Kcannot convert â€˜[01m[Kstd::_MakeUniq<ErrorState>::__single_object[m[Kâ€™ {aka â€˜[01m[Kstd::unique_ptr<ErrorState, std::default_delete<ErrorState> >[m[Kâ€™} to â€˜[01m[Kint[m[Kâ€™
[3.021s]  1803 |                controller.transitionTo([01;31m[Kstd::make_unique<ErrorState>()[m[K);
[3.021s]       |                                        [01;31m[K~~~~~~~~~~~~~~~~~~~~~~~~~~~~^~[m[K
[3.021s]       |                                                                    [01;31m[K|[m[K
[3.021s]       |                                                                    [01;31m[Kstd::_MakeUniq<ErrorState>::__single_object {aka std::unique_ptr<ErrorState, std::default_delete<ErrorState> >}[m[K
[3.021s] 
[3.021s] [01m[K/home/ubuntu/Desktop/AK8064_ws_Jun/src/motor_driver/src/ControlMotor.cpp:1388:51:[m[K [01;36m[Knote: [m[K  initializing argument 1 of â€˜[01m[Kvoid MotorController::transitionTo(int)[m[Kâ€™
[3.021s]  1388 |     void transitionTo([01;36m[Kstd::unique_ptr<MotorState> new_state[m[K) {
[3.021s]       |                       [01;36m[K~~~~~~~~~~~~~~~~~~~~~~~~~~~~^~~~~~~~~[m[K
[3.021s] [01m[K/home/ubuntu/Desktop/AK8064_ws_Jun/src/motor_driver/src/ControlMotor.cpp:[m[K In member function â€˜[01m[Kvirtual void RunCommand::execute(MotorController&)[m[Kâ€™:
[3.021s] [01m[K/home/ubuntu/Desktop/AK8064_ws_Jun/src/motor_driver/src/ControlMotor.cpp:1819:70:[m[K [01;31m[Kerror: [m[Kcannot convert â€˜[01m[Kstd::_MakeUniq<MovingState>::__single_object[m[Kâ€™ {aka â€˜[01m[Kstd::unique_ptr<MovingState, std::default_delete<MovingState> >[m[Kâ€™} to â€˜[01m[Kint[m[Kâ€™
[3.021s]  1819 |               controller.transitionTo([01;31m[Kstd::make_unique<MovingState>()[m[K);
[3.022s]       |                                       [01;31m[K~~~~~~~~~~~~~~~~~~~~~~~~~~~~~^~[m[K
[3.022s]       |                                                                    [01;31m[K|[m[K
[3.022s]       |                                                                    [01;31m[Kstd::_MakeUniq<MovingState>::__single_object {aka std::unique_ptr<MovingState, std::default_delete<MovingState> >}[m[K
[3.022s] 
[3.022s] [01m[K/home/ubuntu/Desktop/AK8064_ws_Jun/src/motor_driver/src/ControlMotor.cpp:1388:51:[m[K [01;36m[Knote: [m[K  initializing argument 1 of â€˜[01m[Kvoid MotorController::transitionTo(int)[m[Kâ€™
[3.022s]  1388 |     void transitionTo([01;36m[Kstd::unique_ptr<MotorState> new_state[m[K) {
[3.022s]       |                       [01;36m[K~~~~~~~~~~~~~~~~~~~~~~~~~~~~^~~~~~~~~[m[K
[3.027s] [01m[K/home/ubuntu/Desktop/AK8064_ws_Jun/src/motor_driver/src/ControlMotor.cpp:[m[K In member function â€˜[01m[Kvirtual void HomeCommand::execute(MotorController&)[m[Kâ€™:
[3.027s] [01m[K/home/ubuntu/Desktop/AK8064_ws_Jun/src/motor_driver/src/ControlMotor.cpp:1847:66:[m[K [01;31m[Kerror: [m[Kcannot convert â€˜[01m[Kstd::_MakeUniq<HomingState>::__single_object[m[Kâ€™ {aka â€˜[01m[Kstd::unique_ptr<HomingState, std::default_delete<HomingState> >[m[Kâ€™} to â€˜[01m[Kint[m[Kâ€™
[3.028s]  1847 |             controller.transitionTo([01;31m[Kstd::make_unique<HomingState>()[m[K);
[3.028s]       |                                     [01;31m[K~~~~~~~~~~~~~~~~~~~~~~~~~~~~~^~[m[K
[3.028s]       |                                                                  [01;31m[K|[m[K
[3.028s]       |                                                                  [01;31m[Kstd::_MakeUniq<HomingState>::__single_object {aka std::unique_ptr<HomingState, std::default_delete<HomingState> >}[m[K
[3.028s] [01m[K/home/ubuntu/Desktop/AK8064_ws_Jun/src/motor_driver/src/ControlMotor.cpp:1388:51:[m[K [01;36m[Knote: [m[K  initializing argument 1 of â€˜[01m[Kvoid MotorController::transitionTo(int)[m[Kâ€™
[3.028s]  1388 |     void transitionTo([01;36m[Kstd::unique_ptr<MotorState> new_state[m[K) {
[3.028s]       |                       [01;36m[K~~~~~~~~~~~~~~~~~~~~~~~~~~~~^~~~~~~~~[m[K
[3.028s] [01m[K/home/ubuntu/Desktop/AK8064_ws_Jun/src/motor_driver/src/ControlMotor.cpp:[m[K In member function â€˜[01m[Kvirtual void ErrorCommand::execute(MotorController&)[m[Kâ€™:
[3.028s] [01m[K/home/ubuntu/Desktop/AK8064_ws_Jun/src/motor_driver/src/ControlMotor.cpp:1862:69:[m[K [01;31m[Kerror: [m[Kcannot convert â€˜[01m[Kstd::_MakeUniq<ErrorState>::__single_object[m[Kâ€™ {aka â€˜[01m[Kstd::unique_ptr<ErrorState, std::default_delete<ErrorState> >[m[Kâ€™} to â€˜[01m[Kint[m[Kâ€™
[3.028s]  1862 |                controller.transitionTo([01;31m[Kstd::make_unique<ErrorState>()[m[K);
[3.028s]       |                                        [01;31m[K~~~~~~~~~~~~~~~~~~~~~~~~~~~~^~[m[K
[3.028s]       |                                                                    [01;31m[K|[m[K
[3.028s]       |                                                                    [01;31m[Kstd::_MakeUniq<ErrorState>::__single_object {aka std::unique_ptr<ErrorState, std::default_delete<ErrorState> >}[m[K
[3.029s] 
[3.029s] [01m[K/home/ubuntu/Desktop/AK8064_ws_Jun/src/motor_driver/src/ControlMotor.cpp:1388:51:[m[K [01;36m[Knote: [m[K  initializing argument 1 of â€˜[01m[Kvoid MotorController::transitionTo(int)[m[Kâ€™
[3.029s]  1388 |     void transitionTo([01;36m[Kstd::unique_ptr<MotorState> new_state[m[K) {
[3.029s]       |                       [01;36m[K~~~~~~~~~~~~~~~~~~~~~~~~~~~~^~~~~~~~~[m[K
[5.348s] gmake[2]: *** [CMakeFiles/ControlMotor.dir/build.make:76: CMakeFiles/ControlMotor.dir/src/ControlMotor.cpp.o] Error 1
[5.348s] gmake[1]: *** [CMakeFiles/Makefile2:137: CMakeFiles/ControlMotor.dir/all] Error 2
[5.348s] gmake: *** [Makefile:146: all] Error 2
[5.349s] Invoked command in '/home/ubuntu/Desktop/AK8064_ws_Jun/build/motor_driver' returned '2': AMENT_PREFIX_PATH=/home/ubuntu/Desktop/AK8064_ws_Jun/install/can_interface:${AMENT_PREFIX_PATH} CMAKE_PREFIX_PATH=/home/ubuntu/Desktop/AK8064_ws_Jun/install/can_interface:/opt/ros/humble LD_LIBRARY_PATH=/home/ubuntu/Desktop/AK8064_ws_Jun/install/can_interface/lib:${LD_LIBRARY_PATH} /usr/bin/cmake --build /home/ubuntu/Desktop/AK8064_ws_Jun/build/motor_driver -- -j8 -l8
