[35m[1mConsolidate compiler generated dependencies of target ControlMotor[0m
[ 50%] [32mBuilding CXX object CMakeFiles/ControlMotor.dir/src/ControlMotor.cpp.o[0m
[01m[K/home/ubuntu/Desktop/AK8064_ws_Jun/src/motor_driver/src/ControlMotor.cpp:[m[K In member function â€˜[01m[Kvirtual void InitializingState::update(MotorController&, MotorContext&, const MotorData&)[m[Kâ€™:
[01m[K/home/ubuntu/Desktop/AK8064_ws_Jun/src/motor_driver/src/ControlMotor.cpp:1758:13:[m[K [01;31m[Kerror: [m[Kinvalid use of incomplete type â€˜[01m[Kclass MotorController[m[Kâ€™
 1758 |             [01;31m[Kcontroller[m[K.handleEvent("ORIGIN_SET");
      |             [01;31m[K^~~~~~~~~~[m[K
[01m[K/home/ubuntu/Desktop/AK8064_ws_Jun/src/motor_driver/src/ControlMotor.cpp:1538:7:[m[K [01;36m[Knote: [m[Kforward declaration of â€˜[01m[Kclass MotorController[m[Kâ€™
 1538 | class [01;36m[KMotorController[m[K;
      |       [01;36m[K^~~~~~~~~~~~~~~[m[K
[01m[K/home/ubuntu/Desktop/AK8064_ws_Jun/src/motor_driver/src/ControlMotor.cpp:[m[K In member function â€˜[01m[Kvirtual void HomingState::enter(MotorController&, MotorContext&)[m[Kâ€™:
[01m[K/home/ubuntu/Desktop/AK8064_ws_Jun/src/motor_driver/src/ControlMotor.cpp:1774:9:[m[K [01;31m[Kerror: [m[Kinvalid use of incomplete type â€˜[01m[Kclass MotorController[m[Kâ€™
 1774 |         [01;31m[Kcontroller[m[K.sendPositionSpeed(context, 0.0);
      |         [01;31m[K^~~~~~~~~~[m[K
[01m[K/home/ubuntu/Desktop/AK8064_ws_Jun/src/motor_driver/src/ControlMotor.cpp:1538:7:[m[K [01;36m[Knote: [m[Kforward declaration of â€˜[01m[Kclass MotorController[m[Kâ€™
 1538 | class [01;36m[KMotorController[m[K;
      |       [01;36m[K^~~~~~~~~~~~~~~[m[K
[01m[K/home/ubuntu/Desktop/AK8064_ws_Jun/src/motor_driver/src/ControlMotor.cpp:[m[K In member function â€˜[01m[Kvirtual void HomingState::update(MotorController&, MotorContext&, const MotorData&)[m[Kâ€™:
[01m[K/home/ubuntu/Desktop/AK8064_ws_Jun/src/motor_driver/src/ControlMotor.cpp:1780:13:[m[K [01;31m[Kerror: [m[Kinvalid use of incomplete type â€˜[01m[Kclass MotorController[m[Kâ€™
 1780 |             [01;31m[Kcontroller[m[K.handleEvent("TARGET_REACHED");
      |             [01;31m[K^~~~~~~~~~[m[K
[01m[K/home/ubuntu/Desktop/AK8064_ws_Jun/src/motor_driver/src/ControlMotor.cpp:1538:7:[m[K [01;36m[Knote: [m[Kforward declaration of â€˜[01m[Kclass MotorController[m[Kâ€™
 1538 | class [01;36m[KMotorController[m[K;
      |       [01;36m[K^~~~~~~~~~~~~~~[m[K
[01m[K/home/ubuntu/Desktop/AK8064_ws_Jun/src/motor_driver/src/ControlMotor.cpp:[m[K In member function â€˜[01m[Kvirtual void MovingState::update(MotorController&, MotorContext&, const MotorData&)[m[Kâ€™:
[01m[K/home/ubuntu/Desktop/AK8064_ws_Jun/src/motor_driver/src/ControlMotor.cpp:1801:13:[m[K [01;31m[Kerror: [m[Kinvalid use of incomplete type â€˜[01m[Kclass MotorController[m[Kâ€™
 1801 |             [01;31m[Kcontroller[m[K.sendPositionSpeed(context, context.target_position);
      |             [01;31m[K^~~~~~~~~~[m[K
[01m[K/home/ubuntu/Desktop/AK8064_ws_Jun/src/motor_driver/src/ControlMotor.cpp:1538:7:[m[K [01;36m[Knote: [m[Kforward declaration of â€˜[01m[Kclass MotorController[m[Kâ€™
 1538 | class [01;36m[KMotorController[m[K;
      |       [01;36m[K^~~~~~~~~~~~~~~[m[K
[01m[K/home/ubuntu/Desktop/AK8064_ws_Jun/src/motor_driver/src/ControlMotor.cpp:1805:13:[m[K [01;31m[Kerror: [m[Kinvalid use of incomplete type â€˜[01m[Kclass MotorController[m[Kâ€™
 1805 |             [01;31m[Kcontroller[m[K.sendPositionSpeed(context, target);
      |             [01;31m[K^~~~~~~~~~[m[K
[01m[K/home/ubuntu/Desktop/AK8064_ws_Jun/src/motor_driver/src/ControlMotor.cpp:1538:7:[m[K [01;36m[Knote: [m[Kforward declaration of â€˜[01m[Kclass MotorController[m[Kâ€™
 1538 | class [01;36m[KMotorController[m[K;
      |       [01;36m[K^~~~~~~~~~~~~~~[m[K
[01m[K/home/ubuntu/Desktop/AK8064_ws_Jun/src/motor_driver/src/ControlMotor.cpp:1808:13:[m[K [01;31m[Kerror: [m[Kinvalid use of incomplete type â€˜[01m[Kclass MotorController[m[Kâ€™
 1808 |             [01;31m[Kcontroller[m[K.handleEvent("NO_PARAM");
      |             [01;31m[K^~~~~~~~~~[m[K
[01m[K/home/ubuntu/Desktop/AK8064_ws_Jun/src/motor_driver/src/ControlMotor.cpp:1538:7:[m[K [01;36m[Knote: [m[Kforward declaration of â€˜[01m[Kclass MotorController[m[Kâ€™
 1538 | class [01;36m[KMotorController[m[K;
      |       [01;36m[K^~~~~~~~~~~~~~~[m[K
[01m[K/home/ubuntu/Desktop/AK8064_ws_Jun/src/motor_driver/src/ControlMotor.cpp:[m[K In member function â€˜[01m[Kvoid MovingState::checkTargetReached(MotorController&, MotorContext&, const MotorData&, float)[m[Kâ€™:
[01m[K/home/ubuntu/Desktop/AK8064_ws_Jun/src/motor_driver/src/ControlMotor.cpp:1827:25:[m[K [01;31m[Kerror: [m[Kinvalid use of incomplete type â€˜[01m[Kclass MotorController[m[Kâ€™
 1827 |                         [01;31m[Kcontroller[m[K.logInfo("All targets reached.");
      |                         [01;31m[K^~~~~~~~~~[m[K
[01m[K/home/ubuntu/Desktop/AK8064_ws_Jun/src/motor_driver/src/ControlMotor.cpp:1538:7:[m[K [01;36m[Knote: [m[Kforward declaration of â€˜[01m[Kclass MotorController[m[Kâ€™
 1538 | class [01;36m[KMotorController[m[K;
      |       [01;36m[K^~~~~~~~~~~~~~~[m[K
[01m[K/home/ubuntu/Desktop/AK8064_ws_Jun/src/motor_driver/src/ControlMotor.cpp:1830:17:[m[K [01;31m[Kerror: [m[Kinvalid use of incomplete type â€˜[01m[Kclass MotorController[m[Kâ€™
 1830 |                 [01;31m[Kcontroller[m[K.logInfo("Reached target position %.2f", target);
      |                 [01;31m[K^~~~~~~~~~[m[K
[01m[K/home/ubuntu/Desktop/AK8064_ws_Jun/src/motor_driver/src/ControlMotor.cpp:1538:7:[m[K [01;36m[Knote: [m[Kforward declaration of â€˜[01m[Kclass MotorController[m[Kâ€™
 1538 | class [01;36m[KMotorController[m[K;
      |       [01;36m[K^~~~~~~~~~~~~~~[m[K
[01m[K/home/ubuntu/Desktop/AK8064_ws_Jun/src/motor_driver/src/ControlMotor.cpp:[m[K In member function â€˜[01m[Kvirtual void PausedState::enter(MotorController&, MotorContext&)[m[Kâ€™:
[01m[K/home/ubuntu/Desktop/AK8064_ws_Jun/src/motor_driver/src/ControlMotor.cpp:1846:9:[m[K [01;31m[Kerror: [m[Kinvalid use of incomplete type â€˜[01m[Kclass MotorController[m[Kâ€™
 1846 |         [01;31m[Kcontroller[m[K.sendPositionSpeed(context, context.pause_position);
      |         [01;31m[K^~~~~~~~~~[m[K
[01m[K/home/ubuntu/Desktop/AK8064_ws_Jun/src/motor_driver/src/ControlMotor.cpp:1538:7:[m[K [01;36m[Knote: [m[Kforward declaration of â€˜[01m[Kclass MotorController[m[Kâ€™
 1538 | class [01;36m[KMotorController[m[K;
      |       [01;36m[K^~~~~~~~~~~~~~~[m[K
[01m[K/home/ubuntu/Desktop/AK8064_ws_Jun/src/motor_driver/src/ControlMotor.cpp:[m[K In member function â€˜[01m[Kvirtual void StoppedState::enter(MotorController&, MotorContext&)[m[Kâ€™:
[01m[K/home/ubuntu/Desktop/AK8064_ws_Jun/src/motor_driver/src/ControlMotor.cpp:1866:9:[m[K [01;31m[Kerror: [m[Kinvalid use of incomplete type â€˜[01m[Kclass MotorController[m[Kâ€™
 1866 |         [01;31m[Kcontroller[m[K.sendPositionSpeed(context, context.last_data.position);
      |         [01;31m[K^~~~~~~~~~[m[K
[01m[K/home/ubuntu/Desktop/AK8064_ws_Jun/src/motor_driver/src/ControlMotor.cpp:1538:7:[m[K [01;36m[Knote: [m[Kforward declaration of â€˜[01m[Kclass MotorController[m[Kâ€™
 1538 | class [01;36m[KMotorController[m[K;
      |       [01;36m[K^~~~~~~~~~~~~~~[m[K
[01m[K/home/ubuntu/Desktop/AK8064_ws_Jun/src/motor_driver/src/ControlMotor.cpp:[m[K In member function â€˜[01m[Kvirtual void StoppedState::update(MotorController&, MotorContext&, const MotorData&)[m[Kâ€™:
[01m[K/home/ubuntu/Desktop/AK8064_ws_Jun/src/motor_driver/src/ControlMotor.cpp:1870:9:[m[K [01;31m[Kerror: [m[Kinvalid use of incomplete type â€˜[01m[Kclass MotorController[m[Kâ€™
 1870 |         [01;31m[Kcontroller[m[K.sendPositionSpeed(context, data.position);
      |         [01;31m[K^~~~~~~~~~[m[K
[01m[K/home/ubuntu/Desktop/AK8064_ws_Jun/src/motor_driver/src/ControlMotor.cpp:1538:7:[m[K [01;36m[Knote: [m[Kforward declaration of â€˜[01m[Kclass MotorController[m[Kâ€™
 1538 | class [01;36m[KMotorController[m[K;
      |       [01;36m[K^~~~~~~~~~~~~~~[m[K
[01m[K/home/ubuntu/Desktop/AK8064_ws_Jun/src/motor_driver/src/ControlMotor.cpp:[m[K In member function â€˜[01m[Kvirtual void ErrorState::enter(MotorController&, MotorContext&)[m[Kâ€™:
[01m[K/home/ubuntu/Desktop/AK8064_ws_Jun/src/motor_driver/src/ControlMotor.cpp:1881:9:[m[K [01;31m[Kerror: [m[Kinvalid use of incomplete type â€˜[01m[Kclass MotorController[m[Kâ€™
 1881 |         [01;31m[Kcontroller[m[K.sendPositionSpeed(context, context.last_data.position);
      |         [01;31m[K^~~~~~~~~~[m[K
[01m[K/home/ubuntu/Desktop/AK8064_ws_Jun/src/motor_driver/src/ControlMotor.cpp:1538:7:[m[K [01;36m[Knote: [m[Kforward declaration of â€˜[01m[Kclass MotorController[m[Kâ€™
 1538 | class [01;36m[KMotorController[m[K;
      |       [01;36m[K^~~~~~~~~~~~~~~[m[K
[01m[K/home/ubuntu/Desktop/AK8064_ws_Jun/src/motor_driver/src/ControlMotor.cpp:[m[K In member function â€˜[01m[Kvirtual void ErrorState::update(MotorController&, MotorContext&, const MotorData&)[m[Kâ€™:
[01m[K/home/ubuntu/Desktop/AK8064_ws_Jun/src/motor_driver/src/ControlMotor.cpp:1885:13:[m[K [01;31m[Kerror: [m[Kinvalid use of incomplete type â€˜[01m[Kclass MotorController[m[Kâ€™
 1885 |         if ([01;31m[Kcontroller[m[K.isSafe(data)) {
      |             [01;31m[K^~~~~~~~~~[m[K
[01m[K/home/ubuntu/Desktop/AK8064_ws_Jun/src/motor_driver/src/ControlMotor.cpp:1538:7:[m[K [01;36m[Knote: [m[Kforward declaration of â€˜[01m[Kclass MotorController[m[Kâ€™
 1538 | class [01;36m[KMotorController[m[K;
      |       [01;36m[K^~~~~~~~~~~~~~~[m[K
[01m[K/home/ubuntu/Desktop/AK8064_ws_Jun/src/motor_driver/src/ControlMotor.cpp:1886:13:[m[K [01;31m[Kerror: [m[Kinvalid use of incomplete type â€˜[01m[Kclass MotorController[m[Kâ€™
 1886 |             [01;31m[Kcontroller[m[K.handleEvent("ORIGIN_SET");
      |             [01;31m[K^~~~~~~~~~[m[K
[01m[K/home/ubuntu/Desktop/AK8064_ws_Jun/src/motor_driver/src/ControlMotor.cpp:1538:7:[m[K [01;36m[Knote: [m[Kforward declaration of â€˜[01m[Kclass MotorController[m[Kâ€™
 1538 | class [01;36m[KMotorController[m[K;
      |       [01;36m[K^~~~~~~~~~~~~~~[m[K
[01m[K/home/ubuntu/Desktop/AK8064_ws_Jun/src/motor_driver/src/ControlMotor.cpp:[m[K At global scope:
[01m[K/home/ubuntu/Desktop/AK8064_ws_Jun/src/motor_driver/src/ControlMotor.cpp:2179:6:[m[K [01;31m[Kerror: [m[Kexpected â€˜[01m[K;[m[Kâ€™ after class definition
 2179 |     }
      |      [01;31m[K^[m[K
      |      [32m[K;[m[K
[01m[K/home/ubuntu/Desktop/AK8064_ws_Jun/src/motor_driver/src/ControlMotor.cpp:[m[K In constructor â€˜[01m[KMotorController::MotorController(uint8_t, std::shared_ptr<ICANInterface>, rclcpp::Node*, const string&)[m[Kâ€™:
[01m[K/home/ubuntu/Desktop/AK8064_ws_Jun/src/motor_driver/src/ControlMotor.cpp:1899:11:[m[K [01;31m[Kerror: [m[Kclass â€˜[01m[KMotorController[m[Kâ€™ does not have any field named â€˜[01m[Kmotor_id_[m[Kâ€™
 1899 |         : [01;31m[Kmotor_id_[m[K(motor_id), can_(can), node_(node), logger_(node->get_logger()),
      |           [01;31m[K^~~~~~~~~[m[K
[01m[K/home/ubuntu/Desktop/AK8064_ws_Jun/src/motor_driver/src/ControlMotor.cpp:1899:32:[m[K [01;31m[Kerror: [m[Kclass â€˜[01m[KMotorController[m[Kâ€™ does not have any field named â€˜[01m[Kcan_[m[Kâ€™
 1899 |         : motor_id_(motor_id), [01;31m[Kcan_[m[K(can), node_(node), logger_(node->get_logger()),
      |                                [01;31m[K^~~~[m[K
[01m[K/home/ubuntu/Desktop/AK8064_ws_Jun/src/motor_driver/src/ControlMotor.cpp:1899:43:[m[K [01;31m[Kerror: [m[Kclass â€˜[01m[KMotorController[m[Kâ€™ does not have any field named â€˜[01m[Knode_[m[Kâ€™
 1899 |         : motor_id_(motor_id), can_(can), [01;31m[Knode_[m[K(node), logger_(node->get_logger()),
      |                                           [01;31m[K^~~~~[m[K
[01m[K/home/ubuntu/Desktop/AK8064_ws_Jun/src/motor_driver/src/ControlMotor.cpp:1899:56:[m[K [01;31m[Kerror: [m[Kclass â€˜[01m[KMotorController[m[Kâ€™ does not have any field named â€˜[01m[Klogger_[m[Kâ€™
 1899 |         : motor_id_(motor_id), can_(can), node_(node), [01;31m[Klogger_[m[K(node->get_logger()),
      |                                                        [01;31m[K^~~~~~~[m[K
[01m[K/home/ubuntu/Desktop/AK8064_ws_Jun/src/motor_driver/src/ControlMotor.cpp:1900:11:[m[K [01;31m[Kerror: [m[Kclass â€˜[01m[KMotorController[m[Kâ€™ does not have any field named â€˜[01m[Ksafety_checker_[m[Kâ€™
 1900 |           [01;31m[Ksafety_checker_[m[K(context_.min_angle, context_.max_angle, MAX_MOTOR_TEMPERATURE),
      |           [01;31m[K^~~~~~~~~~~~~~~[m[K
[01m[K/home/ubuntu/Desktop/AK8064_ws_Jun/src/motor_driver/src/ControlMotor.cpp:1900:27:[m[K [01;31m[Kerror: [m[Kâ€˜[01m[Kcontext_[m[Kâ€™ was not declared in this scope; did you mean â€˜[01m[Kucontext_t[m[Kâ€™?
 1900 |           safety_checker_([01;31m[Kcontext_[m[K.min_angle, context_.max_angle, MAX_MOTOR_TEMPERATURE),
      |                           [01;31m[K^~~~~~~~[m[K
      |                           [32m[Kucontext_t[m[K
[01m[K/home/ubuntu/Desktop/AK8064_ws_Jun/src/motor_driver/src/ControlMotor.cpp:1900:67:[m[K [01;31m[Kerror: [m[Kâ€˜[01m[KMAX_MOTOR_TEMPERATURE[m[Kâ€™ was not declared in this scope
 1900 |     safety_checker_(context_.min_angle, context_.max_angle, [01;31m[KMAX_MOTOR_TEMPERATURE[m[K),
      |                                                             [01;31m[K^~~~~~~~~~~~~~~~~~~~~[m[K

[01m[K/home/ubuntu/Desktop/AK8064_ws_Jun/src/motor_driver/src/ControlMotor.cpp:1901:11:[m[K [01;31m[Kerror: [m[Kclass â€˜[01m[KMotorController[m[Kâ€™ does not have any field named â€˜[01m[Kstate_publisher_[m[Kâ€™
 1901 |           [01;31m[Kstate_publisher_[m[K(node, name), param_prefix_(name + "."),
      |           [01;31m[K^~~~~~~~~~~~~~~~[m[K
[01m[K/home/ubuntu/Desktop/AK8064_ws_Jun/src/motor_driver/src/ControlMotor.cpp:1901:41:[m[K [01;31m[Kerror: [m[Kclass â€˜[01m[KMotorController[m[Kâ€™ does not have any field named â€˜[01m[Kparam_prefix_[m[Kâ€™
 1901 |           state_publisher_(node, name), [01;31m[Kparam_prefix_[m[K(name + "."),
      |                                         [01;31m[K^~~~~~~~~~~~~[m[K
[01m[K/home/ubuntu/Desktop/AK8064_ws_Jun/src/motor_driver/src/ControlMotor.cpp:1902:11:[m[K [01;31m[Kerror: [m[Kclass â€˜[01m[KMotorController[m[Kâ€™ does not have any field named â€˜[01m[Kcontext_[m[Kâ€™
 1902 |           [01;31m[Kcontext_[m[K{.last_command_time = node_->now()} {
      |           [01;31m[K^~~~~~~~[m[K
[01m[K/home/ubuntu/Desktop/AK8064_ws_Jun/src/motor_driver/src/ControlMotor.cpp:1902:41:[m[K [01;31m[Kerror: [m[Kâ€˜[01m[Knode_[m[Kâ€™ was not declared in this scope; did you mean â€˜[01m[Knode[m[Kâ€™?
 1902 |           context_{.last_command_time = [01;31m[Knode_[m[K->now()} {
      |                                         [01;31m[K^~~~~[m[K
      |                                         [32m[Knode[m[K
[01m[K/home/ubuntu/Desktop/AK8064_ws_Jun/src/motor_driver/src/ControlMotor.cpp:1903:9:[m[K [01;31m[Kerror: [m[Kâ€˜[01m[KinitializeParameters[m[Kâ€™ was not declared in this scope; did you mean â€˜[01m[KinitializeStates[m[Kâ€™?
 1903 |         [01;31m[KinitializeParameters[m[K();
      |         [01;31m[K^~~~~~~~~~~~~~~~~~~~[m[K
      |         [32m[KinitializeStates[m[K
[01m[K/home/ubuntu/Desktop/AK8064_ws_Jun/src/motor_driver/src/ControlMotor.cpp:1907:9:[m[K [01;31m[Kerror: [m[Kâ€˜[01m[KsetOrigin[m[Kâ€™ was not declared in this scope; did you mean â€˜[01m[Ksetregid[m[Kâ€™?
 1907 |         [01;31m[KsetOrigin[m[K();
      |         [01;31m[K^~~~~~~~~[m[K
      |         [32m[Ksetregid[m[K
[01m[K/home/ubuntu/Desktop/AK8064_ws_Jun/src/motor_driver/src/ControlMotor.cpp:[m[K In member function â€˜[01m[Kvirtual void MotorController::update(const MotorData&)[m[Kâ€™:
[01m[K/home/ubuntu/Desktop/AK8064_ws_Jun/src/motor_driver/src/ControlMotor.cpp:1911:9:[m[K [01;31m[Kerror: [m[Kâ€˜[01m[Kcontext_[m[Kâ€™ was not declared in this scope; did you mean â€˜[01m[Kucontext_t[m[Kâ€™?
 1911 |         [01;31m[Kcontext_[m[K.last_data = data;
      |         [01;31m[K^~~~~~~~[m[K
      |         [32m[Kucontext_t[m[K
[01m[K/home/ubuntu/Desktop/AK8064_ws_Jun/src/motor_driver/src/ControlMotor.cpp:1912:14:[m[K [01;31m[Kerror: [m[Kâ€˜[01m[Ksafety_checker_[m[Kâ€™ was not declared in this scope; did you mean â€˜[01m[KSafetyChecker[m[Kâ€™?
 1912 |         if (![01;31m[Ksafety_checker_[m[K.check(data, logger_)) {
      |              [01;31m[K^~~~~~~~~~~~~~~[m[K
      |              [32m[KSafetyChecker[m[K
[01m[K/home/ubuntu/Desktop/AK8064_ws_Jun/src/motor_driver/src/ControlMotor.cpp:1912:42:[m[K [01;31m[Kerror: [m[Kâ€˜[01m[Klogger_[m[Kâ€™ was not declared in this scope
 1912 |         if (!safety_checker_.check(data, [01;31m[Klogger_[m[K)) {
      |                                          [01;31m[K^~~~~~~[m[K
[01m[K/home/ubuntu/Desktop/AK8064_ws_Jun/src/motor_driver/src/ControlMotor.cpp:1916:9:[m[K [01;31m[Kerror: [m[Kâ€˜[01m[Kcurrent_state_[m[Kâ€™ was not declared in this scope
 1916 |         [01;31m[Kcurrent_state_[m[K->update(*this, context_, data);
      |         [01;31m[K^~~~~~~~~~~~~~[m[K
[01m[K/home/ubuntu/Desktop/AK8064_ws_Jun/src/motor_driver/src/ControlMotor.cpp:1917:9:[m[K [01;31m[Kerror: [m[Kâ€˜[01m[Kstate_publisher_[m[Kâ€™ was not declared in this scope; did you mean â€˜[01m[KStatePublisher[m[Kâ€™?
 1917 |         [01;31m[Kstate_publisher_[m[K.publish(context_.last_data, context_.target_reached);
      |         [01;31m[K^~~~~~~~~~~~~~~~[m[K
      |         [32m[KStatePublisher[m[K
[01m[K/home/ubuntu/Desktop/AK8064_ws_Jun/src/motor_driver/src/ControlMotor.cpp:[m[K In member function â€˜[01m[Kvirtual void MotorController::handleEvent(const string&, const std::vector<rcl_interfaces::msg::Parameter_<std::allocator<void> >, std::allocator<rcl_interfaces::msg::Parameter_<std::allocator<void> > > >&)[m[Kâ€™:
[01m[K/home/ubuntu/Desktop/AK8064_ws_Jun/src/motor_driver/src/ControlMotor.cpp:1922:64:[m[K [01;31m[Kerror: [m[Kâ€˜[01m[Kmotor_id_[m[Kâ€™ was not declared in this scope
 1922 |      response << "Motor 0x" << std::hex << static_cast<int>([01;31m[Kmotor_id_[m[K) << ": ";
      |                                                             [01;31m[K^~~~~~~~~[m[K

[01m[K/home/ubuntu/Desktop/AK8064_ws_Jun/src/motor_driver/src/ControlMotor.cpp:1924:14:[m[K [01;31m[Kerror: [m[Kâ€˜[01m[Kcontext_[m[Kâ€™ was not declared in this scope; did you mean â€˜[01m[Kucontext_t[m[Kâ€™?
 1924 |         if (![01;31m[Kcontext_[m[K.is_origin_set && event != "ORIGIN_SET" && event != "SAFETY_ERROR") {
      |              [01;31m[K^~~~~~~~[m[K
      |              [32m[Kucontext_t[m[K
In file included from [01m[K/opt/ros/humble/include/rclcpp/rclcpp/client.hpp:40[m[K,
                 from [01m[K/opt/ros/humble/include/rclcpp/rclcpp/callback_group.hpp:24[m[K,
                 from [01m[K/opt/ros/humble/include/rclcpp/rclcpp/any_executable.hpp:20[m[K,
                 from [01m[K/opt/ros/humble/include/rclcpp/rclcpp/memory_strategy.hpp:25[m[K,
                 from [01m[K/opt/ros/humble/include/rclcpp/rclcpp/memory_strategies.hpp:18[m[K,
                 from [01m[K/opt/ros/humble/include/rclcpp/rclcpp/executor_options.hpp:20[m[K,
                 from [01m[K/opt/ros/humble/include/rclcpp/rclcpp/executor.hpp:37[m[K,
                 from [01m[K/opt/ros/humble/include/rclcpp/rclcpp/executors/multi_threaded_executor.hpp:25[m[K,
                 from [01m[K/opt/ros/humble/include/rclcpp/rclcpp/executors.hpp:21[m[K,
                 from [01m[K/opt/ros/humble/include/rclcpp/rclcpp/rclcpp.hpp:155[m[K,
                 from [01m[K/home/ubuntu/Desktop/AK8064_ws_Jun/src/motor_driver/src/ControlMotor.cpp:1521[m[K:
[01m[K/home/ubuntu/Desktop/AK8064_ws_Jun/src/motor_driver/src/ControlMotor.cpp:1926:25:[m[K [01;31m[Kerror: [m[Kâ€˜[01m[Klogger_[m[Kâ€™ was not declared in this scope
 1926 |             RCLCPP_WARN([01;31m[Klogger_[m[K, "%s", response.str().c_str());
      |                         [01;31m[K^~~~~~~[m[K
[01m[K/home/ubuntu/Desktop/AK8064_ws_Jun/src/motor_driver/src/ControlMotor.cpp:1926:13:[m[K [01;31m[Kerror: [m[Ktemplate argument 1 is invalid
 1926 |             [01;31m[KRCLCPP_WARN[m[K(logger_, "%s", response.str().c_str());
      |             [01;31m[K^~~~~~~~~~~[m[K
[01m[K/home/ubuntu/Desktop/AK8064_ws_Jun/src/motor_driver/src/ControlMotor.cpp:1926:13:[m[K [01;31m[Kerror: [m[Ktemplate argument 1 is invalid
 1926 |             [01;31m[KRCLCPP_WARN[m[K(logger_, "%s", response.str().c_str());
      |             [01;31m[K^~~~~~~~~~~[m[K
[01m[K/home/ubuntu/Desktop/AK8064_ws_Jun/src/motor_driver/src/ControlMotor.cpp:1926:13:[m[K [01;31m[Kerror: [m[Ktemplate argument 1 is invalid
 1926 |             [01;31m[KRCLCPP_WARN[m[K(logger_, "%s", response.str().c_str());
      |             [01;31m[K^~~~~~~~~~~[m[K
[01m[K/home/ubuntu/Desktop/AK8064_ws_Jun/src/motor_driver/src/ControlMotor.cpp:1927:13:[m[K [01;31m[Kerror: [m[Kâ€˜[01m[Kstate_publisher_[m[Kâ€™ was not declared in this scope; did you mean â€˜[01m[KStatePublisher[m[Kâ€™?
 1927 |             [01;31m[Kstate_publisher_[m[K.publishResponse(response.str());
      |             [01;31m[K^~~~~~~~~~~~~~~~[m[K
      |             [32m[KStatePublisher[m[K
[01m[K/home/ubuntu/Desktop/AK8064_ws_Jun/src/motor_driver/src/ControlMotor.cpp:1931:14:[m[K [01;31m[Kerror: [m[Kâ€˜[01m[Kcontext_[m[Kâ€™ was not declared in this scope; did you mean â€˜[01m[Kucontext_t[m[Kâ€™?
 1931 |         if (![01;31m[Kcontext_[m[K.is_home && context_.last_data.position == 0.0 &&
      |              [01;31m[K^~~~~~~~[m[K
      |              [32m[Kucontext_t[m[K
In file included from [01m[K/opt/ros/humble/include/rclcpp/rclcpp/client.hpp:40[m[K,
                 from [01m[K/opt/ros/humble/include/rclcpp/rclcpp/callback_group.hpp:24[m[K,
                 from [01m[K/opt/ros/humble/include/rclcpp/rclcpp/any_executable.hpp:20[m[K,
                 from [01m[K/opt/ros/humble/include/rclcpp/rclcpp/memory_strategy.hpp:25[m[K,
                 from [01m[K/opt/ros/humble/include/rclcpp/rclcpp/memory_strategies.hpp:18[m[K,
                 from [01m[K/opt/ros/humble/include/rclcpp/rclcpp/executor_options.hpp:20[m[K,
                 from [01m[K/opt/ros/humble/include/rclcpp/rclcpp/executor.hpp:37[m[K,
                 from [01m[K/opt/ros/humble/include/rclcpp/rclcpp/executors/multi_threaded_executor.hpp:25[m[K,
                 from [01m[K/opt/ros/humble/include/rclcpp/rclcpp/executors.hpp:21[m[K,
                 from [01m[K/opt/ros/humble/include/rclcpp/rclcpp/rclcpp.hpp:155[m[K,
                 from [01m[K/home/ubuntu/Desktop/AK8064_ws_Jun/src/motor_driver/src/ControlMotor.cpp:1521[m[K:
[01m[K/home/ubuntu/Desktop/AK8064_ws_Jun/src/motor_driver/src/ControlMotor.cpp:1934:25:[m[K [01;31m[Kerror: [m[Kâ€˜[01m[Klogger_[m[Kâ€™ was not declared in this scope
 1934 |             RCLCPP_WARN([01;31m[Klogger_[m[K, "%s", response.str().c_str());
      |                         [01;31m[K^~~~~~~[m[K
[01m[K/home/ubuntu/Desktop/AK8064_ws_Jun/src/motor_driver/src/ControlMotor.cpp:1934:13:[m[K [01;31m[Kerror: [m[Ktemplate argument 1 is invalid
 1934 |             [01;31m[KRCLCPP_WARN[m[K(logger_, "%s", response.str().c_str());
      |             [01;31m[K^~~~~~~~~~~[m[K
[01m[K/home/ubuntu/Desktop/AK8064_ws_Jun/src/motor_driver/src/ControlMotor.cpp:1934:13:[m[K [01;31m[Kerror: [m[Ktemplate argument 1 is invalid
 1934 |             [01;31m[KRCLCPP_WARN[m[K(logger_, "%s", response.str().c_str());
      |             [01;31m[K^~~~~~~~~~~[m[K
[01m[K/home/ubuntu/Desktop/AK8064_ws_Jun/src/motor_driver/src/ControlMotor.cpp:1934:13:[m[K [01;31m[Kerror: [m[Ktemplate argument 1 is invalid
 1934 |             [01;31m[KRCLCPP_WARN[m[K(logger_, "%s", response.str().c_str());
      |             [01;31m[K^~~~~~~~~~~[m[K
[01m[K/home/ubuntu/Desktop/AK8064_ws_Jun/src/motor_driver/src/ControlMotor.cpp:1935:13:[m[K [01;31m[Kerror: [m[Kâ€˜[01m[Kstate_publisher_[m[Kâ€™ was not declared in this scope; did you mean â€˜[01m[KStatePublisher[m[Kâ€™?
 1935 |             [01;31m[Kstate_publisher_[m[K.publishResponse(response.str());
      |             [01;31m[K^~~~~~~~~~~~~~~~[m[K
      |             [32m[KStatePublisher[m[K
[01m[K/home/ubuntu/Desktop/AK8064_ws_Jun/src/motor_driver/src/ControlMotor.cpp:1940:17:[m[K [01;31m[Kerror: [m[Kâ€˜[01m[Kcontext_[m[Kâ€™ was not declared in this scope; did you mean â€˜[01m[Kucontext_t[m[Kâ€™?
 1940 |             if ([01;31m[Kcontext_[m[K.last_data.position < 0.0 || context_.last_data.position > 90.0) {
      |                 [01;31m[K^~~~~~~~[m[K
      |                 [32m[Kucontext_t[m[K
In file included from [01m[K/opt/ros/humble/include/rclcpp/rclcpp/client.hpp:40[m[K,
                 from [01m[K/opt/ros/humble/include/rclcpp/rclcpp/callback_group.hpp:24[m[K,
                 from [01m[K/opt/ros/humble/include/rclcpp/rclcpp/any_executable.hpp:20[m[K,
                 from [01m[K/opt/ros/humble/include/rclcpp/rclcpp/memory_strategy.hpp:25[m[K,
                 from [01m[K/opt/ros/humble/include/rclcpp/rclcpp/memory_strategies.hpp:18[m[K,
                 from [01m[K/opt/ros/humble/include/rclcpp/rclcpp/executor_options.hpp:20[m[K,
                 from [01m[K/opt/ros/humble/include/rclcpp/rclcpp/executor.hpp:37[m[K,
                 from [01m[K/opt/ros/humble/include/rclcpp/rclcpp/executors/multi_threaded_executor.hpp:25[m[K,
                 from [01m[K/opt/ros/humble/include/rclcpp/rclcpp/executors.hpp:21[m[K,
                 from [01m[K/opt/ros/humble/include/rclcpp/rclcpp/rclcpp.hpp:155[m[K,
                 from [01m[K/home/ubuntu/Desktop/AK8064_ws_Jun/src/motor_driver/src/ControlMotor.cpp:1521[m[K:
[01m[K/home/ubuntu/Desktop/AK8064_ws_Jun/src/motor_driver/src/ControlMotor.cpp:1942:30:[m[K [01;31m[Kerror: [m[Kâ€˜[01m[Klogger_[m[Kâ€™ was not declared in this scope
 1942 |                 RCLCPP_ERROR([01;31m[Klogger_[m[K, "%s", response.str().c_str());
      |                              [01;31m[K^~~~~~~[m[K
[01m[K/home/ubuntu/Desktop/AK8064_ws_Jun/src/motor_driver/src/ControlMotor.cpp:1942:17:[m[K [01;31m[Kerror: [m[Ktemplate argument 1 is invalid
 1942 |                 [01;31m[KRCLCPP_ERROR[m[K(logger_, "%s", response.str().c_str());
      |                 [01;31m[K^~~~~~~~~~~~[m[K
[01m[K/home/ubuntu/Desktop/AK8064_ws_Jun/src/motor_driver/src/ControlMotor.cpp:1942:17:[m[K [01;31m[Kerror: [m[Ktemplate argument 1 is invalid
 1942 |                 [01;31m[KRCLCPP_ERROR[m[K(logger_, "%s", response.str().c_str());
      |                 [01;31m[K^~~~~~~~~~~~[m[K
[01m[K/home/ubuntu/Desktop/AK8064_ws_Jun/src/motor_driver/src/ControlMotor.cpp:1942:17:[m[K [01;31m[Kerror: [m[Ktemplate argument 1 is invalid
 1942 |                 [01;31m[KRCLCPP_ERROR[m[K(logger_, "%s", response.str().c_str());
      |                 [01;31m[K^~~~~~~~~~~~[m[K
[01m[K/home/ubuntu/Desktop/AK8064_ws_Jun/src/motor_driver/src/ControlMotor.cpp:1943:17:[m[K [01;31m[Kerror: [m[Kâ€˜[01m[Kstate_publisher_[m[Kâ€™ was not declared in this scope; did you mean â€˜[01m[KStatePublisher[m[Kâ€™?
 1943 |                 [01;31m[Kstate_publisher_[m[K.publishResponse(response.str());
      |                 [01;31m[K^~~~~~~~~~~~~~~~[m[K
      |                 [32m[KStatePublisher[m[K
[01m[K/home/ubuntu/Desktop/AK8064_ws_Jun/src/motor_driver/src/ControlMotor.cpp:1947:13:[m[K [01;31m[Kerror: [m[Kâ€˜[01m[Kcontext_[m[Kâ€™ was not declared in this scope; did you mean â€˜[01m[Kucontext_t[m[Kâ€™?
 1947 |             [01;31m[Kcontext_[m[K.mode = MotorContext::Mode::MANUAL;
      |             [01;31m[K^~~~~~~~[m[K
      |             [32m[Kucontext_t[m[K
[01m[K/home/ubuntu/Desktop/AK8064_ws_Jun/src/motor_driver/src/ControlMotor.cpp:1949:13:[m[K [01;31m[Kerror: [m[Kâ€˜[01m[KhandleParametersUpdate[m[Kâ€™ was not declared in this scope
 1949 |             [01;31m[KhandleParametersUpdate[m[K(parameters);
      |             [01;31m[K^~~~~~~~~~~~~~~~~~~~~~[m[K
[01m[K/home/ubuntu/Desktop/AK8064_ws_Jun/src/motor_driver/src/ControlMotor.cpp:1953:9:[m[K [01;31m[Kerror: [m[Kâ€˜[01m[Kcontext_[m[Kâ€™ was not declared in this scope; did you mean â€˜[01m[Kucontext_t[m[Kâ€™?
 1953 |         [01;31m[Kcontext_[m[K.last_command_time = node_->now();
      |         [01;31m[K^~~~~~~~[m[K
      |         [32m[Kucontext_t[m[K
[01m[K/home/ubuntu/Desktop/AK8064_ws_Jun/src/motor_driver/src/ControlMotor.cpp:1953:38:[m[K [01;31m[Kerror: [m[Kâ€˜[01m[Knode_[m[Kâ€™ was not declared in this scope; did you mean â€˜[01m[Kmode_t[m[Kâ€™?
 1953 |         context_.last_command_time = [01;31m[Knode_[m[K->now();
      |                                      [01;31m[K^~~~~[m[K
      |                                      [32m[Kmode_t[m[K
[01m[K/home/ubuntu/Desktop/AK8064_ws_Jun/src/motor_driver/src/ControlMotor.cpp:1954:35:[m[K [01;31m[Kerror: [m[Kâ€˜[01m[Kcurrent_state_[m[Kâ€™ was not declared in this scope
 1954 |         auto key = std::make_pair([01;31m[Kcurrent_state_[m[K->name(), event);
      |                                   [01;31m[K^~~~~~~~~~~~~~[m[K
[01m[K/home/ubuntu/Desktop/AK8064_ws_Jun/src/motor_driver/src/ControlMotor.cpp:1955:19:[m[K [01;31m[Kerror: [m[Kâ€˜[01m[Ktransitions_[m[Kâ€™ was not declared in this scope
 1955 |         auto it = [01;31m[Ktransitions_[m[K.find(key);
      |                   [01;31m[K^~~~~~~~~~~~[m[K
[01m[K/home/ubuntu/Desktop/AK8064_ws_Jun/src/motor_driver/src/ControlMotor.cpp:1958:13:[m[K [01;31m[Kerror: [m[Kâ€˜[01m[Kstate_publisher_[m[Kâ€™ was not declared in this scope; did you mean â€˜[01m[KStatePublisher[m[Kâ€™?
 1958 |             [01;31m[Kstate_publisher_[m[K.publishResponse(response.str());
      |             [01;31m[K^~~~~~~~~~~~~~~~[m[K
      |             [32m[KStatePublisher[m[K
In file included from [01m[K/opt/ros/humble/include/rclcpp/rclcpp/client.hpp:40[m[K,
                 from [01m[K/opt/ros/humble/include/rclcpp/rclcpp/callback_group.hpp:24[m[K,
                 from [01m[K/opt/ros/humble/include/rclcpp/rclcpp/any_executable.hpp:20[m[K,
                 from [01m[K/opt/ros/humble/include/rclcpp/rclcpp/memory_strategy.hpp:25[m[K,
                 from [01m[K/opt/ros/humble/include/rclcpp/rclcpp/memory_strategies.hpp:18[m[K,
                 from [01m[K/opt/ros/humble/include/rclcpp/rclcpp/executor_options.hpp:20[m[K,
                 from [01m[K/opt/ros/humble/include/rclcpp/rclcpp/executor.hpp:37[m[K,
                 from [01m[K/opt/ros/humble/include/rclcpp/rclcpp/executors/multi_threaded_executor.hpp:25[m[K,
                 from [01m[K/opt/ros/humble/include/rclcpp/rclcpp/executors.hpp:21[m[K,
                 from [01m[K/opt/ros/humble/include/rclcpp/rclcpp/rclcpp.hpp:155[m[K,
                 from [01m[K/home/ubuntu/Desktop/AK8064_ws_Jun/src/motor_driver/src/ControlMotor.cpp:1521[m[K:
[01m[K/home/ubuntu/Desktop/AK8064_ws_Jun/src/motor_driver/src/ControlMotor.cpp:1961:25:[m[K [01;31m[Kerror: [m[Kâ€˜[01m[Klogger_[m[Kâ€™ was not declared in this scope
 1961 |             RCLCPP_WARN([01;31m[Klogger_[m[K, "%s", response.str().c_str());
      |                         [01;31m[K^~~~~~~[m[K
[01m[K/home/ubuntu/Desktop/AK8064_ws_Jun/src/motor_driver/src/ControlMotor.cpp:1961:13:[m[K [01;31m[Kerror: [m[Ktemplate argument 1 is invalid
 1961 |             [01;31m[KRCLCPP_WARN[m[K(logger_, "%s", response.str().c_str());
      |             [01;31m[K^~~~~~~~~~~[m[K
[01m[K/home/ubuntu/Desktop/AK8064_ws_Jun/src/motor_driver/src/ControlMotor.cpp:1961:13:[m[K [01;31m[Kerror: [m[Ktemplate argument 1 is invalid
 1961 |             [01;31m[KRCLCPP_WARN[m[K(logger_, "%s", response.str().c_str());
      |             [01;31m[K^~~~~~~~~~~[m[K
[01m[K/home/ubuntu/Desktop/AK8064_ws_Jun/src/motor_driver/src/ControlMotor.cpp:1961:13:[m[K [01;31m[Kerror: [m[Ktemplate argument 1 is invalid
 1961 |             [01;31m[KRCLCPP_WARN[m[K(logger_, "%s", response.str().c_str());
      |             [01;31m[K^~~~~~~~~~~[m[K
[01m[K/home/ubuntu/Desktop/AK8064_ws_Jun/src/motor_driver/src/ControlMotor.cpp:1962:13:[m[K [01;31m[Kerror: [m[Kâ€˜[01m[Kstate_publisher_[m[Kâ€™ was not declared in this scope; did you mean â€˜[01m[KStatePublisher[m[Kâ€™?
 1962 |             [01;31m[Kstate_publisher_[m[K.publishResponse(response.str());
      |             [01;31m[K^~~~~~~~~~~~~~~~[m[K
      |             [32m[KStatePublisher[m[K
[01m[K/home/ubuntu/Desktop/AK8064_ws_Jun/src/motor_driver/src/ControlMotor.cpp:[m[K In member function â€˜[01m[Kvirtual bool MotorController::isOriginSet() const[m[Kâ€™:
[01m[K/home/ubuntu/Desktop/AK8064_ws_Jun/src/motor_driver/src/ControlMotor.cpp:1966:48:[m[K [01;31m[Kerror: [m[Kâ€˜[01m[Kcontext_[m[Kâ€™ was not declared in this scope; did you mean â€˜[01m[Kucontext_t[m[Kâ€™?
 1966 |     bool isOriginSet() const override { return [01;31m[Kcontext_[m[K.is_origin_set; }
      |                                                [01;31m[K^~~~~~~~[m[K
      |                                                [32m[Kucontext_t[m[K
[01m[K/home/ubuntu/Desktop/AK8064_ws_Jun/src/motor_driver/src/ControlMotor.cpp:[m[K In member function â€˜[01m[Kvirtual bool MotorController::isTargetReached() const[m[Kâ€™:
[01m[K/home/ubuntu/Desktop/AK8064_ws_Jun/src/motor_driver/src/ControlMotor.cpp:1967:52:[m[K [01;31m[Kerror: [m[Kâ€˜[01m[Kcontext_[m[Kâ€™ was not declared in this scope; did you mean â€˜[01m[Kucontext_t[m[Kâ€™?
 1967 |     bool isTargetReached() const override { return [01;31m[Kcontext_[m[K.target_reached; }
      |                                                    [01;31m[K^~~~~~~~[m[K
      |                                                    [32m[Kucontext_t[m[K
[01m[K/home/ubuntu/Desktop/AK8064_ws_Jun/src/motor_driver/src/ControlMotor.cpp:[m[K In member function â€˜[01m[Kvirtual uint8_t MotorController::getMotorId() const[m[Kâ€™:
[01m[K/home/ubuntu/Desktop/AK8064_ws_Jun/src/motor_driver/src/ControlMotor.cpp:1968:50:[m[K [01;31m[Kerror: [m[Kâ€˜[01m[Kmotor_id_[m[Kâ€™ was not declared in this scope
 1968 |     uint8_t getMotorId() const override { return [01;31m[Kmotor_id_[m[K; }
      |                                                  [01;31m[K^~~~~~~~~[m[K
In file included from [01m[K/opt/ros/humble/include/rclcpp/rclcpp/client.hpp:40[m[K,
                 from [01m[K/opt/ros/humble/include/rclcpp/rclcpp/callback_group.hpp:24[m[K,
                 from [01m[K/opt/ros/humble/include/rclcpp/rclcpp/any_executable.hpp:20[m[K,
                 from [01m[K/opt/ros/humble/include/rclcpp/rclcpp/memory_strategy.hpp:25[m[K,
                 from [01m[K/opt/ros/humble/include/rclcpp/rclcpp/memory_strategies.hpp:18[m[K,
                 from [01m[K/opt/ros/humble/include/rclcpp/rclcpp/executor_options.hpp:20[m[K,
                 from [01m[K/opt/ros/humble/include/rclcpp/rclcpp/executor.hpp:37[m[K,
                 from [01m[K/opt/ros/humble/include/rclcpp/rclcpp/executors/multi_threaded_executor.hpp:25[m[K,
                 from [01m[K/opt/ros/humble/include/rclcpp/rclcpp/executors.hpp:21[m[K,
                 from [01m[K/opt/ros/humble/include/rclcpp/rclcpp/rclcpp.hpp:155[m[K,
                 from [01m[K/home/ubuntu/Desktop/AK8064_ws_Jun/src/motor_driver/src/ControlMotor.cpp:1521[m[K:
[01m[K/home/ubuntu/Desktop/AK8064_ws_Jun/src/motor_driver/src/ControlMotor.cpp:[m[K In member function â€˜[01m[Kvoid MotorController::logInfo(const char*, ...) const[m[Kâ€™:
[01m[K/home/ubuntu/Desktop/AK8064_ws_Jun/src/motor_driver/src/ControlMotor.cpp:1976:21:[m[K [01;31m[Kerror: [m[Kâ€˜[01m[Klogger_[m[Kâ€™ was not declared in this scope
 1976 |         RCLCPP_INFO([01;31m[Klogger_[m[K, "Motor 0x%02X: %s", motor_id_, buffer);
      |                     [01;31m[K^~~~~~~[m[K
[01m[K/home/ubuntu/Desktop/AK8064_ws_Jun/src/motor_driver/src/ControlMotor.cpp:1976:9:[m[K [01;31m[Kerror: [m[Ktemplate argument 1 is invalid
 1976 |         [01;31m[KRCLCPP_INFO[m[K(logger_, "Motor 0x%02X: %s", motor_id_, buffer);
      |         [01;31m[K^~~~~~~~~~~[m[K
[01m[K/home/ubuntu/Desktop/AK8064_ws_Jun/src/motor_driver/src/ControlMotor.cpp:1976:9:[m[K [01;31m[Kerror: [m[Ktemplate argument 1 is invalid
 1976 |         [01;31m[KRCLCPP_INFO[m[K(logger_, "Motor 0x%02X: %s", motor_id_, buffer);
      |         [01;31m[K^~~~~~~~~~~[m[K
[01m[K/home/ubuntu/Desktop/AK8064_ws_Jun/src/motor_driver/src/ControlMotor.cpp:1976:9:[m[K [01;31m[Kerror: [m[Ktemplate argument 1 is invalid
 1976 |         [01;31m[KRCLCPP_INFO[m[K(logger_, "Motor 0x%02X: %s", motor_id_, buffer);
      |         [01;31m[K^~~~~~~~~~~[m[K
In file included from [01m[K/opt/ros/humble/include/rclcpp/rclcpp/logging.hpp:24[m[K,
                 from [01m[K/opt/ros/humble/include/rclcpp/rclcpp/client.hpp:40[m[K,
                 from [01m[K/opt/ros/humble/include/rclcpp/rclcpp/callback_group.hpp:24[m[K,
                 from [01m[K/opt/ros/humble/include/rclcpp/rclcpp/any_executable.hpp:20[m[K,
                 from [01m[K/opt/ros/humble/include/rclcpp/rclcpp/memory_strategy.hpp:25[m[K,
                 from [01m[K/opt/ros/humble/include/rclcpp/rclcpp/memory_strategies.hpp:18[m[K,
                 from [01m[K/opt/ros/humble/include/rclcpp/rclcpp/executor_options.hpp:20[m[K,
                 from [01m[K/opt/ros/humble/include/rclcpp/rclcpp/executor.hpp:37[m[K,
                 from [01m[K/opt/ros/humble/include/rclcpp/rclcpp/executors/multi_threaded_executor.hpp:25[m[K,
                 from [01m[K/opt/ros/humble/include/rclcpp/rclcpp/executors.hpp:21[m[K,
                 from [01m[K/opt/ros/humble/include/rclcpp/rclcpp/rclcpp.hpp:155[m[K,
                 from [01m[K/home/ubuntu/Desktop/AK8064_ws_Jun/src/motor_driver/src/ControlMotor.cpp:1521[m[K:
[01m[K/home/ubuntu/Desktop/AK8064_ws_Jun/src/motor_driver/src/ControlMotor.cpp:1976:50:[m[K [01;31m[Kerror: [m[Kâ€˜[01m[Kmotor_id_[m[Kâ€™ was not declared in this scope
 1976 |         RCLCPP_INFO(logger_, "Motor 0x%02X: %s", [01;31m[Kmotor_id_[m[K, buffer);
      |                                                  [01;31m[K^~~~~~~~~[m[K
[01m[K/home/ubuntu/Desktop/AK8064_ws_Jun/src/motor_driver/src/ControlMotor.cpp:[m[K In member function â€˜[01m[Kbool MotorController::isSafe(const MotorData&) const[m[Kâ€™:
[01m[K/home/ubuntu/Desktop/AK8064_ws_Jun/src/motor_driver/src/ControlMotor.cpp:1980:16:[m[K [01;31m[Kerror: [m[Kâ€˜[01m[Ksafety_checker_[m[Kâ€™ was not declared in this scope; did you mean â€˜[01m[KSafetyChecker[m[Kâ€™?
 1980 |         return [01;31m[Ksafety_checker_[m[K.check(data, logger_);
      |                [01;31m[K^~~~~~~~~~~~~~~[m[K
      |                [32m[KSafetyChecker[m[K
[01m[K/home/ubuntu/Desktop/AK8064_ws_Jun/src/motor_driver/src/ControlMotor.cpp:1980:44:[m[K [01;31m[Kerror: [m[Kâ€˜[01m[Klogger_[m[Kâ€™ was not declared in this scope
 1980 |         return safety_checker_.check(data, [01;31m[Klogger_[m[K);
      |                                            [01;31m[K^~~~~~~[m[K
[01m[K/home/ubuntu/Desktop/AK8064_ws_Jun/src/motor_driver/src/ControlMotor.cpp:[m[K In member function â€˜[01m[Kvoid MotorController::sendPositionSpeed(const MotorContext&, float) const[m[Kâ€™:
[01m[K/home/ubuntu/Desktop/AK8064_ws_Jun/src/motor_driver/src/ControlMotor.cpp:1984:9:[m[K [01;31m[Kerror: [m[Kâ€˜[01m[Kcan_[m[Kâ€™ was not declared in this scope
 1984 |         [01;31m[Kcan_[m[K->setPositionSpeed(motor_id_, position, static_cast<int>(context.speed), static_cast<int>(context.accel));
      |         [01;31m[K^~~~[m[K
[01m[K/home/ubuntu/Desktop/AK8064_ws_Jun/src/motor_driver/src/ControlMotor.cpp:1984:32:[m[K [01;31m[Kerror: [m[Kâ€˜[01m[Kmotor_id_[m[Kâ€™ was not declared in this scope
 1984 |         can_->setPositionSpeed([01;31m[Kmotor_id_[m[K, position, static_cast<int>(context.speed), static_cast<int>(context.accel));
      |                                [01;31m[K^~~~~~~~~[m[K
[01m[K/home/ubuntu/Desktop/AK8064_ws_Jun/src/motor_driver/src/ControlMotor.cpp:[m[K In member function â€˜[01m[Kvoid MotorController::setState(std::unique_ptr<MotorState>)[m[Kâ€™:
[01m[K/home/ubuntu/Desktop/AK8064_ws_Jun/src/motor_driver/src/ControlMotor.cpp:1989:13:[m[K [01;31m[Kerror: [m[Kâ€˜[01m[Kcurrent_state_[m[Kâ€™ was not declared in this scope
 1989 |         if ([01;31m[Kcurrent_state_[m[K) {
      |             [01;31m[K^~~~~~~~~~~~~~[m[K
[01m[K/home/ubuntu/Desktop/AK8064_ws_Jun/src/motor_driver/src/ControlMotor.cpp:1990:41:[m[K [01;31m[Kerror: [m[Kâ€˜[01m[Kcontext_[m[Kâ€™ was not declared in this scope; did you mean â€˜[01m[Kucontext_t[m[Kâ€™?
 1990 |             current_state_->exit(*this, [01;31m[Kcontext_[m[K);
      |                                         [01;31m[K^~~~~~~~[m[K
      |                                         [32m[Kucontext_t[m[K
[01m[K/home/ubuntu/Desktop/AK8064_ws_Jun/src/motor_driver/src/ControlMotor.cpp:1993:9:[m[K [01;31m[Kerror: [m[Kâ€˜[01m[Kcurrent_state_[m[Kâ€™ was not declared in this scope
 1993 |         [01;31m[Kcurrent_state_[m[K = std::move(new_state);
      |         [01;31m[K^~~~~~~~~~~~~~[m[K
[01m[K/home/ubuntu/Desktop/AK8064_ws_Jun/src/motor_driver/src/ControlMotor.cpp:1994:38:[m[K [01;31m[Kerror: [m[Kâ€˜[01m[Kcontext_[m[Kâ€™ was not declared in this scope; did you mean â€˜[01m[Kucontext_t[m[Kâ€™?
 1994 |         current_state_->enter(*this, [01;31m[Kcontext_[m[K);
      |                                      [01;31m[K^~~~~~~~[m[K
      |                                      [32m[Kucontext_t[m[K
[01m[K/home/ubuntu/Desktop/AK8064_ws_Jun/src/motor_driver/src/ControlMotor.cpp:[m[K In member function â€˜[01m[Kvoid MotorController::initializeStates()[m[Kâ€™:
[01m[K/home/ubuntu/Desktop/AK8064_ws_Jun/src/motor_driver/src/ControlMotor.cpp:1998:9:[m[K [01;31m[Kerror: [m[Kâ€˜[01m[Kstates_[m[Kâ€™ was not declared in this scope
 1998 |         [01;31m[Kstates_[m[K["INITIALIZING"] = std::make_unique<InitializingState>();
      |         [01;31m[K^~~~~~~[m[K
[01m[K/home/ubuntu/Desktop/AK8064_ws_Jun/src/motor_driver/src/ControlMotor.cpp:[m[K In member function â€˜[01m[Kvoid MotorController::initializeTransitions()[m[Kâ€™:
[01m[K/home/ubuntu/Desktop/AK8064_ws_Jun/src/motor_driver/src/ControlMotor.cpp:2007:9:[m[K [01;31m[Kerror: [m[Kâ€˜[01m[Ktransitions_[m[Kâ€™ was not declared in this scope
 2007 |         [01;31m[Ktransitions_[m[K = {
      |         [01;31m[K^~~~~~~~~~~~[m[K
[01m[K/home/ubuntu/Desktop/AK8064_ws_Jun/src/motor_driver/src/ControlMotor.cpp:[m[K In lambda function:
[01m[K/home/ubuntu/Desktop/AK8064_ws_Jun/src/motor_driver/src/ControlMotor.cpp:2010:17:[m[K [01;31m[Kerror: [m[Kâ€˜[01m[Kcontext_[m[Kâ€™ was not declared in this scope; did you mean â€˜[01m[Kucontext_t[m[Kâ€™?
 2010 |                 [01;31m[Kcontext_[m[K.is_origin_set = true;
      |                 [01;31m[K^~~~~~~~[m[K
      |                 [32m[Kucontext_t[m[K
[01m[K/home/ubuntu/Desktop/AK8064_ws_Jun/src/motor_driver/src/ControlMotor.cpp:[m[K In lambda function:
[01m[K/home/ubuntu/Desktop/AK8064_ws_Jun/src/motor_driver/src/ControlMotor.cpp:2021:17:[m[K [01;31m[Kerror: [m[Kâ€˜[01m[Kcontext_[m[Kâ€™ was not declared in this scope; did you mean â€˜[01m[Kucontext_t[m[Kâ€™?
 2021 |                 [01;31m[Kcontext_[m[K.is_home = true;
      |                 [01;31m[K^~~~~~~~[m[K
      |                 [32m[Kucontext_t[m[K
[01m[K/home/ubuntu/Desktop/AK8064_ws_Jun/src/motor_driver/src/ControlMotor.cpp:[m[K In lambda function:
[01m[K/home/ubuntu/Desktop/AK8064_ws_Jun/src/motor_driver/src/ControlMotor.cpp:2033:17:[m[K [01;31m[Kerror: [m[Kâ€˜[01m[Kcontext_[m[Kâ€™ was not declared in this scope; did you mean â€˜[01m[Kucontext_t[m[Kâ€™?
 2033 |                 [01;31m[Kcontext_[m[K.target_position = context_.last_data.position + context_.step;
      |                 [01;31m[K^~~~~~~~[m[K
      |                 [32m[Kucontext_t[m[K
[01m[K/home/ubuntu/Desktop/AK8064_ws_Jun/src/motor_driver/src/ControlMotor.cpp:[m[K In lambda function:
[01m[K/home/ubuntu/Desktop/AK8064_ws_Jun/src/motor_driver/src/ControlMotor.cpp:2044:17:[m[K [01;31m[Kerror: [m[Kâ€˜[01m[Kcontext_[m[Kâ€™ was not declared in this scope; did you mean â€˜[01m[Kucontext_t[m[Kâ€™?
 2044 |                 [01;31m[Kcontext_[m[K.target_position = context_.last_data.position - context_.step;
      |                 [01;31m[K^~~~~~~~[m[K
      |                 [32m[Kucontext_t[m[K
[01m[K/home/ubuntu/Desktop/AK8064_ws_Jun/src/motor_driver/src/ControlMotor.cpp:[m[K In lambda function:
[01m[K/home/ubuntu/Desktop/AK8064_ws_Jun/src/motor_driver/src/ControlMotor.cpp:2055:17:[m[K [01;31m[Kerror: [m[Kâ€˜[01m[Kcontext_[m[Kâ€™ was not declared in this scope; did you mean â€˜[01m[Kucontext_t[m[Kâ€™?
 2055 |                 [01;31m[Kcontext_[m[K.pre_pause_command = context_.last_command;
      |                 [01;31m[K^~~~~~~~[m[K
      |                 [32m[Kucontext_t[m[K
[01m[K/home/ubuntu/Desktop/AK8064_ws_Jun/src/motor_driver/src/ControlMotor.cpp:[m[K In lambda function:
[01m[K/home/ubuntu/Desktop/AK8064_ws_Jun/src/motor_driver/src/ControlMotor.cpp:2062:21:[m[K [01;31m[Kerror: [m[Kâ€˜[01m[Kcontext_[m[Kâ€™ was not declared in this scope; did you mean â€˜[01m[Kucontext_t[m[Kâ€™?
 2062 |                 if ([01;31m[Kcontext_[m[K.mode == MotorContext::Mode::AUTO && !context_.target_positions.empty()) {
      |                     [01;31m[K^~~~~~~~[m[K
      |                     [32m[Kucontext_t[m[K
In file included from [01m[K/opt/ros/humble/include/rclcpp/rclcpp/client.hpp:40[m[K,
                 from [01m[K/opt/ros/humble/include/rclcpp/rclcpp/callback_group.hpp:24[m[K,
                 from [01m[K/opt/ros/humble/include/rclcpp/rclcpp/any_executable.hpp:20[m[K,
                 from [01m[K/opt/ros/humble/include/rclcpp/rclcpp/memory_strategy.hpp:25[m[K,
                 from [01m[K/opt/ros/humble/include/rclcpp/rclcpp/memory_strategies.hpp:18[m[K,
                 from [01m[K/opt/ros/humble/include/rclcpp/rclcpp/executor_options.hpp:20[m[K,
                 from [01m[K/opt/ros/humble/include/rclcpp/rclcpp/executor.hpp:37[m[K,
                 from [01m[K/opt/ros/humble/include/rclcpp/rclcpp/executors/multi_threaded_executor.hpp:25[m[K,
                 from [01m[K/opt/ros/humble/include/rclcpp/rclcpp/executors.hpp:21[m[K,
                 from [01m[K/opt/ros/humble/include/rclcpp/rclcpp/rclcpp.hpp:155[m[K,
                 from [01m[K/home/ubuntu/Desktop/AK8064_ws_Jun/src/motor_driver/src/ControlMotor.cpp:1521[m[K:
[01m[K/home/ubuntu/Desktop/AK8064_ws_Jun/src/motor_driver/src/ControlMotor.cpp:2070:33:[m[K [01;31m[Kerror: [m[Kâ€˜[01m[Klogger_[m[Kâ€™ was not declared in this scope
 2070 |                     RCLCPP_WARN([01;31m[Klogger_[m[K, "%s", response.str().c_str());
      |                                 [01;31m[K^~~~~~~[m[K
[01m[K/home/ubuntu/Desktop/AK8064_ws_Jun/src/motor_driver/src/ControlMotor.cpp:2070:21:[m[K [01;31m[Kerror: [m[Ktemplate argument 1 is invalid
 2070 |                     [01;31m[KRCLCPP_WARN[m[K(logger_, "%s", response.str().c_str());
      |                     [01;31m[K^~~~~~~~~~~[m[K
[01m[K/home/ubuntu/Desktop/AK8064_ws_Jun/src/motor_driver/src/ControlMotor.cpp:2070:21:[m[K [01;31m[Kerror: [m[Ktemplate argument 1 is invalid
 2070 |                     [01;31m[KRCLCPP_WARN[m[K(logger_, "%s", response.str().c_str());
      |                     [01;31m[K^~~~~~~~~~~[m[K
[01m[K/home/ubuntu/Desktop/AK8064_ws_Jun/src/motor_driver/src/ControlMotor.cpp:2070:21:[m[K [01;31m[Kerror: [m[Ktemplate argument 1 is invalid
 2070 |                     [01;31m[KRCLCPP_WARN[m[K(logger_, "%s", response.str().c_str());
      |                     [01;31m[K^~~~~~~~~~~[m[K
[01m[K/home/ubuntu/Desktop/AK8064_ws_Jun/src/motor_driver/src/ControlMotor.cpp:[m[K In lambda function:
[01m[K/home/ubuntu/Desktop/AK8064_ws_Jun/src/motor_driver/src/ControlMotor.cpp:2074:17:[m[K [01;31m[Kerror: [m[Kâ€˜[01m[Kcontext_[m[Kâ€™ was not declared in this scope; did you mean â€˜[01m[Kucontext_t[m[Kâ€™?
 2074 |                 [01;31m[Kcontext_[m[K.target_position = 0.0;
      |                 [01;31m[K^~~~~~~~[m[K
      |                 [32m[Kucontext_t[m[K
[01m[K/home/ubuntu/Desktop/AK8064_ws_Jun/src/motor_driver/src/ControlMotor.cpp:[m[K In lambda function:
[01m[K/home/ubuntu/Desktop/AK8064_ws_Jun/src/motor_driver/src/ControlMotor.cpp:2093:21:[m[K [01;31m[Kerror: [m[Kâ€˜[01m[Kcontext_[m[Kâ€™ was not declared in this scope; did you mean â€˜[01m[Kucontext_t[m[Kâ€™?
 2093 |                 if ([01;31m[Kcontext_[m[K.mode == MotorContext::Mode::AUTO && !context_.target_positions.empty()) {
      |                     [01;31m[K^~~~~~~~[m[K
      |                     [32m[Kucontext_t[m[K
In file included from [01m[K/opt/ros/humble/include/rclcpp/rclcpp/client.hpp:40[m[K,
                 from [01m[K/opt/ros/humble/include/rclcpp/rclcpp/callback_group.hpp:24[m[K,
                 from [01m[K/opt/ros/humble/include/rclcpp/rclcpp/any_executable.hpp:20[m[K,
                 from [01m[K/opt/ros/humble/include/rclcpp/rclcpp/memory_strategy.hpp:25[m[K,
                 from [01m[K/opt/ros/humble/include/rclcpp/rclcpp/memory_strategies.hpp:18[m[K,
                 from [01m[K/opt/ros/humble/include/rclcpp/rclcpp/executor_options.hpp:20[m[K,
                 from [01m[K/opt/ros/humble/include/rclcpp/rclcpp/executor.hpp:37[m[K,
                 from [01m[K/opt/ros/humble/include/rclcpp/rclcpp/executors/multi_threaded_executor.hpp:25[m[K,
                 from [01m[K/opt/ros/humble/include/rclcpp/rclcpp/executors.hpp:21[m[K,
                 from [01m[K/opt/ros/humble/include/rclcpp/rclcpp/rclcpp.hpp:155[m[K,
                 from [01m[K/home/ubuntu/Desktop/AK8064_ws_Jun/src/motor_driver/src/ControlMotor.cpp:1521[m[K:
[01m[K/home/ubuntu/Desktop/AK8064_ws_Jun/src/motor_driver/src/ControlMotor.cpp:2102:33:[m[K [01;31m[Kerror: [m[Kâ€˜[01m[Klogger_[m[Kâ€™ was not declared in this scope
 2102 |                     RCLCPP_WARN([01;31m[Klogger_[m[K, "%s", response.str().c_str());
      |                                 [01;31m[K^~~~~~~[m[K
[01m[K/home/ubuntu/Desktop/AK8064_ws_Jun/src/motor_driver/src/ControlMotor.cpp:2102:21:[m[K [01;31m[Kerror: [m[Ktemplate argument 1 is invalid
 2102 |                     [01;31m[KRCLCPP_WARN[m[K(logger_, "%s", response.str().c_str());
      |                     [01;31m[K^~~~~~~~~~~[m[K
[01m[K/home/ubuntu/Desktop/AK8064_ws_Jun/src/motor_driver/src/ControlMotor.cpp:2102:21:[m[K [01;31m[Kerror: [m[Ktemplate argument 1 is invalid
 2102 |                     [01;31m[KRCLCPP_WARN[m[K(logger_, "%s", response.str().c_str());
      |                     [01;31m[K^~~~~~~~~~~[m[K
[01m[K/home/ubuntu/Desktop/AK8064_ws_Jun/src/motor_driver/src/ControlMotor.cpp:2102:21:[m[K [01;31m[Kerror: [m[Ktemplate argument 1 is invalid
 2102 |                     [01;31m[KRCLCPP_WARN[m[K(logger_, "%s", response.str().c_str());
      |                     [01;31m[K^~~~~~~~~~~[m[K
[01m[K/home/ubuntu/Desktop/AK8064_ws_Jun/src/motor_driver/src/ControlMotor.cpp:[m[K In lambda function:
[01m[K/home/ubuntu/Desktop/AK8064_ws_Jun/src/motor_driver/src/ControlMotor.cpp:2106:17:[m[K [01;31m[Kerror: [m[Kâ€˜[01m[Kcontext_[m[Kâ€™ was not declared in this scope; did you mean â€˜[01m[Kucontext_t[m[Kâ€™?
 2106 |                 [01;31m[Kcontext_[m[K.target_position = 0.0;
      |                 [01;31m[K^~~~~~~~[m[K
      |                 [32m[Kucontext_t[m[K
[01m[K/home/ubuntu/Desktop/AK8064_ws_Jun/src/motor_driver/src/ControlMotor.cpp:[m[K In lambda function:
[01m[K/home/ubuntu/Desktop/AK8064_ws_Jun/src/motor_driver/src/ControlMotor.cpp:2121:17:[m[K [01;31m[Kerror: [m[Kâ€˜[01m[Kcontext_[m[Kâ€™ was not declared in this scope; did you mean â€˜[01m[Kucontext_t[m[Kâ€™?
 2121 |                 [01;31m[Kcontext_[m[K.target_position = context_.last_data.position + context_.step;
      |                 [01;31m[K^~~~~~~~[m[K
      |                 [32m[Kucontext_t[m[K
[01m[K/home/ubuntu/Desktop/AK8064_ws_Jun/src/motor_driver/src/ControlMotor.cpp:[m[K In lambda function:
[01m[K/home/ubuntu/Desktop/AK8064_ws_Jun/src/motor_driver/src/ControlMotor.cpp:2132:17:[m[K [01;31m[Kerror: [m[Kâ€˜[01m[Kcontext_[m[Kâ€™ was not declared in this scope; did you mean â€˜[01m[Kucontext_t[m[Kâ€™?
 2132 |                 [01;31m[Kcontext_[m[K.target_position = context_.last_data.position - context_.step;
      |                 [01;31m[K^~~~~~~~[m[K
      |                 [32m[Kucontext_t[m[K
[01m[K/home/ubuntu/Desktop/AK8064_ws_Jun/src/motor_driver/src/ControlMotor.cpp:2135:59:[m[K [01;31m[Kerror: [m[Kâ€˜[01m[Kctx_[m[Kâ€™ was not declared in this scope
 2135 |                 response << "Moving DOWN to position " << [01;31m[Kctx_[m[K.target_position_;
      |                                                           [01;31m[K^~~~[m[K
[01m[K/home/ubuntu/Desktop/AK8064_ws_Jun/src/motor_driver/src/ControlMotor.cpp:[m[K In member function â€˜[01m[Kvoid MotorController::initializeTransitions()[m[Kâ€™:
[01m[K/home/ubuntu/Desktop/AK8064_ws_Jun/src/motor_driver/src/ControlMotor.cpp:2137:13:[m[K [01;31m[Kerror: [m[Kexpected primary-expression before â€˜[01m[K{[m[Kâ€™ token
 2137 |             [01;31m[K{[m[K{"STOPPED", "PAUSE"}, [this](MotorController& controller, std::stringstream& response) {
      |             [01;31m[K^[m[K
[01m[K/home/ubuntu/Desktop/AK8064_ws_Jun/src/motor_driver/src/ControlMotor.cpp:2143:15:[m[K [01;31m[Kerror: [m[Kexpected primary-expression before â€˜[01m[K,[m[Kâ€™ token
 2143 |             }}[01;31m[K,[m[K
      |               [01;31m[K^[m[K
[01m[K/home/ubuntu/Desktop/AK8064_ws_Jun/src/motor_driver/src/ControlMotor.cpp:2144:13:[m[K [01;31m[Kerror: [m[Kexpected primary-expression before â€˜[01m[K{[m[Kâ€™ token
 2144 |             [01;31m[K{[m[K{"STOPPED", "RUN"}, [this](MotorController& controller, std::stringstream& response) {
      |             [01;31m[K^[m[K
[01m[K/home/ubuntu/Desktop/AK8064_ws_Jun/src/motor_driver/src/ControlMotor.cpp:2156:15:[m[K [01;31m[Kerror: [m[Kexpected primary-expression before â€˜[01m[K,[m[Kâ€™ token
 2156 |             }}[01;31m[K,[m[K
      |               [01;31m[K^[m[K
[01m[K/home/ubuntu/Desktop/AK8064_ws_Jun/src/motor_driver/src/ControlMotor.cpp:2157:13:[m[K [01;31m[Kerror: [m[Kexpected primary-expression before â€˜[01m[K{[m[Kâ€™ token
 2157 |             [01;31m[K{[m[K{"STOPPED", "HOME"}, [this](MotorController& controller, std::stringstream& response) {
      |             [01;31m[K^[m[K
[01m[K/home/ubuntu/Desktop/AK8064_ws_Jun/src/motor_driver/src/ControlMotor.cpp:2166:15:[m[K [01;31m[Kerror: [m[Kexpected primary-expression before â€˜[01m[K,[m[Kâ€™ token
 2166 |             }}[01;31m[K,[m[K
      |               [01;31m[K^[m[K
[01m[K/home/ubuntu/Desktop/AK8064_ws_Jun/src/motor_driver/src/ControlMotor.cpp:2167:13:[m[K [01;31m[Kerror: [m[Kexpected primary-expression before â€˜[01m[K{[m[Kâ€™ token
 2167 |             [01;31m[K{[m[K{"STOPPED", "SAFETY_ERROR"}, [this](MotorController& controller, std::stringstream& response) {
      |             [01;31m[K^[m[K
[01m[K/home/ubuntu/Desktop/AK8064_ws_Jun/src/motor_driver/src/ControlMotor.cpp:2170:15:[m[K [01;31m[Kerror: [m[Kexpected primary-expression before â€˜[01m[K,[m[Kâ€™ token
 2170 |             }}[01;31m[K,[m[K
      |               [01;31m[K^[m[K
[01m[K/home/ubuntu/Desktop/AK8064_ws_Jun/src/motor_driver/src/ControlMotor.cpp:2173:13:[m[K [01;31m[Kerror: [m[Kexpected primary-expression before â€˜[01m[K{[m[Kâ€™ token
 2173 |             [01;31m[K{[m[K{"ERROR", "ORIGIN_SET"}, [this](MotorController& controller, std::stringstream& response) {
      |             [01;31m[K^[m[K
[01m[K/home/ubuntu/Desktop/AK8064_ws_Jun/src/motor_driver/src/ControlMotor.cpp:[m[K In function â€˜[01m[Kvoid handleParametersUpdate(const std::vector<rcl_interfaces::msg::Parameter_<std::allocator<void> >, std::allocator<rcl_interfaces::msg::Parameter_<std::allocator<void> > > >&)[m[Kâ€™:
[01m[K/home/ubuntu/Desktop/AK8064_ws_Jun/src/motor_driver/src/ControlMotor.cpp:2184:27:[m[K [01;31m[Kerror: [m[Kâ€˜[01m[Kcontext_[m[Kâ€™ was not declared in this scope; did you mean â€˜[01m[Kucontext_t[m[Kâ€™?
 2184 |         float new_speed = [01;31m[Kcontext_[m[K.speed;
      |                           [01;31m[K^~~~~~~~[m[K
      |                           [32m[Kucontext_t[m[K
In file included from [01m[K/opt/ros/humble/include/rclcpp/rclcpp/client.hpp:40[m[K,
                 from [01m[K/opt/ros/humble/include/rclcpp/rclcpp/callback_group.hpp:24[m[K,
                 from [01m[K/opt/ros/humble/include/rclcpp/rclcpp/any_executable.hpp:20[m[K,
                 from [01m[K/opt/ros/humble/include/rclcpp/rclcpp/memory_strategy.hpp:25[m[K,
                 from [01m[K/opt/ros/humble/include/rclcpp/rclcpp/memory_strategies.hpp:18[m[K,
                 from [01m[K/opt/ros/humble/include/rclcpp/rclcpp/executor_options.hpp:20[m[K,
                 from [01m[K/opt/ros/humble/include/rclcpp/rclcpp/executor.hpp:37[m[K,
                 from [01m[K/opt/ros/humble/include/rclcpp/rclcpp/executors/multi_threaded_executor.hpp:25[m[K,
                 from [01m[K/opt/ros/humble/include/rclcpp/rclcpp/executors.hpp:21[m[K,
                 from [01m[K/opt/ros/humble/include/rclcpp/rclcpp/rclcpp.hpp:155[m[K,
                 from [01m[K/home/ubuntu/Desktop/AK8064_ws_Jun/src/motor_driver/src/ControlMotor.cpp:1521[m[K:
[01m[K/home/ubuntu/Desktop/AK8064_ws_Jun/src/motor_driver/src/ControlMotor.cpp:2193:34:[m[K [01;31m[Kerror: [m[Kâ€˜[01m[Klogger_[m[Kâ€™ was not declared in this scope
 2193 |                     RCLCPP_ERROR([01;31m[Klogger_[m[K, "Motor 0x%02X: Empty target_positions received!", motor_id_);
      |                                  [01;31m[K^~~~~~~[m[K
[01m[K/home/ubuntu/Desktop/AK8064_ws_Jun/src/motor_driver/src/ControlMotor.cpp:2193:21:[m[K [01;31m[Kerror: [m[Ktemplate argument 1 is invalid
 2193 |                     [01;31m[KRCLCPP_ERROR[m[K(logger_, "Motor 0x%02X: Empty target_positions received!", motor_id_);
      |                     [01;31m[K^~~~~~~~~~~~[m[K
[01m[K/home/ubuntu/Desktop/AK8064_ws_Jun/src/motor_driver/src/ControlMotor.cpp:2193:21:[m[K [01;31m[Kerror: [m[Ktemplate argument 1 is invalid
 2193 |                     [01;31m[KRCLCPP_ERROR[m[K(logger_, "Motor 0x%02X: Empty target_positions received!", motor_id_);
      |                     [01;31m[K^~~~~~~~~~~~[m[K
[01m[K/home/ubuntu/Desktop/AK8064_ws_Jun/src/motor_driver/src/ControlMotor.cpp:2193:21:[m[K [01;31m[Kerror: [m[Ktemplate argument 1 is invalid
 2193 |                     [01;31m[KRCLCPP_ERROR[m[K(logger_, "Motor 0x%02X: Empty target_positions received!", motor_id_);
      |                     [01;31m[K^~~~~~~~~~~~[m[K
In file included from [01m[K/opt/ros/humble/include/rclcpp/rclcpp/logging.hpp:24[m[K,
                 from [01m[K/opt/ros/humble/include/rclcpp/rclcpp/client.hpp:40[m[K,
                 from [01m[K/opt/ros/humble/include/rclcpp/rclcpp/callback_group.hpp:24[m[K,
                 from [01m[K/opt/ros/humble/include/rclcpp/rclcpp/any_executable.hpp:20[m[K,
                 from [01m[K/opt/ros/humble/include/rclcpp/rclcpp/memory_strategy.hpp:25[m[K,
                 from [01m[K/opt/ros/humble/include/rclcpp/rclcpp/memory_strategies.hpp:18[m[K,
                 from [01m[K/opt/ros/humble/include/rclcpp/rclcpp/executor_options.hpp:20[m[K,
                 from [01m[K/opt/ros/humble/include/rclcpp/rclcpp/executor.hpp:37[m[K,
                 from [01m[K/opt/ros/humble/include/rclcpp/rclcpp/executors/multi_threaded_executor.hpp:25[m[K,
                 from [01m[K/opt/ros/humble/include/rclcpp/rclcpp/executors.hpp:21[m[K,
                 from [01m[K/opt/ros/humble/include/rclcpp/rclcpp/rclcpp.hpp:155[m[K,
                 from [01m[K/home/ubuntu/Desktop/AK8064_ws_Jun/src/motor_driver/src/ControlMotor.cpp:1521[m[K:
[01m[K/home/ubuntu/Desktop/AK8064_ws_Jun/src/motor_driver/src/ControlMotor.cpp:2193:93:[m[K [01;31m[Kerror: [m[Kâ€˜[01m[Kmotor_id_[m[Kâ€™ was not declared in this scope
 2193 | (logger_, "Motor 0x%02X: Empty target_positions received!", [01;31m[Kmotor_id_[m[K);
      |                                                             [01;31m[K^~~~~~~~~[m[K

[01m[K/home/ubuntu/Desktop/AK8064_ws_Jun/src/motor_driver/src/ControlMotor.cpp:2196:17:[m[K [01;31m[Kerror: [m[Kâ€˜[01m[KvalidatePositions[m[Kâ€™ was not declared in this scope
 2196 |                 [01;31m[KvalidatePositions[m[K(temp_positions);
      |                 [01;31m[K^~~~~~~~~~~~~~~~~[m[K
In file included from [01m[K/opt/ros/humble/include/rclcpp/rclcpp/client.hpp:40[m[K,
                 from [01m[K/opt/ros/humble/include/rclcpp/rclcpp/callback_group.hpp:24[m[K,
                 from [01m[K/opt/ros/humble/include/rclcpp/rclcpp/any_executable.hpp:20[m[K,
                 from [01m[K/opt/ros/humble/include/rclcpp/rclcpp/memory_strategy.hpp:25[m[K,
                 from [01m[K/opt/ros/humble/include/rclcpp/rclcpp/memory_strategies.hpp:18[m[K,
                 from [01m[K/opt/ros/humble/include/rclcpp/rclcpp/executor_options.hpp:20[m[K,
                 from [01m[K/opt/ros/humble/include/rclcpp/rclcpp/executor.hpp:37[m[K,
                 from [01m[K/opt/ros/humble/include/rclcpp/rclcpp/executors/multi_threaded_executor.hpp:25[m[K,
                 from [01m[K/opt/ros/humble/include/rclcpp/rclcpp/executors.hpp:21[m[K,
                 from [01m[K/opt/ros/humble/include/rclcpp/rclcpp/rclcpp.hpp:155[m[K,
                 from [01m[K/home/ubuntu/Desktop/AK8064_ws_Jun/src/motor_driver/src/ControlMotor.cpp:1521[m[K:
[01m[K/home/ubuntu/Desktop/AK8064_ws_Jun/src/motor_driver/src/ControlMotor.cpp:2223:30:[m[K [01;31m[Kerror: [m[Kâ€˜[01m[Klogger_[m[Kâ€™ was not declared in this scope
 2223 |                 RCLCPP_ERROR([01;31m[Klogger_[m[K, "Motor %02X: Repeated target_positions is empty!", motor_id_);
      |                              [01;31m[K^~~~~~~[m[K
[01m[K/home/ubuntu/Desktop/AK8064_ws_Jun/src/motor_driver/src/ControlMotor.cpp:2223:17:[m[K [01;31m[Kerror: [m[Ktemplate argument 1 is invalid
 2223 |                 [01;31m[KRCLCPP_ERROR[m[K(logger_, "Motor %02X: Repeated target_positions is empty!", motor_id_);
      |                 [01;31m[K^~~~~~~~~~~~[m[K
[01m[K/home/ubuntu/Desktop/AK8064_ws_Jun/src/motor_driver/src/ControlMotor.cpp:2223:17:[m[K [01;31m[Kerror: [m[Ktemplate argument 1 is invalid
 2223 |                 [01;31m[KRCLCPP_ERROR[m[K(logger_, "Motor %02X: Repeated target_positions is empty!", motor_id_);
      |                 [01;31m[K^~~~~~~~~~~~[m[K
[01m[K/home/ubuntu/Desktop/AK8064_ws_Jun/src/motor_driver/src/ControlMotor.cpp:2223:17:[m[K [01;31m[Kerror: [m[Ktemplate argument 1 is invalid
 2223 |                 [01;31m[KRCLCPP_ERROR[m[K(logger_, "Motor %02X: Repeated target_positions is empty!", motor_id_);
      |                 [01;31m[K^~~~~~~~~~~~[m[K
In file included from [01m[K/opt/ros/humble/include/rclcpp/rclcpp/logging.hpp:24[m[K,
                 from [01m[K/opt/ros/humble/include/rclcpp/rclcpp/client.hpp:40[m[K,
                 from [01m[K/opt/ros/humble/include/rclcpp/rclcpp/callback_group.hpp:24[m[K,
                 from [01m[K/opt/ros/humble/include/rclcpp/rclcpp/any_executable.hpp:20[m[K,
                 from [01m[K/opt/ros/humble/include/rclcpp/rclcpp/memory_strategy.hpp:25[m[K,
                 from [01m[K/opt/ros/humble/include/rclcpp/rclcpp/memory_strategies.hpp:18[m[K,
                 from [01m[K/opt/ros/humble/include/rclcpp/rclcpp/executor_options.hpp:20[m[K,
                 from [01m[K/opt/ros/humble/include/rclcpp/rclcpp/executor.hpp:37[m[K,
                 from [01m[K/opt/ros/humble/include/rclcpp/rclcpp/executors/multi_threaded_executor.hpp:25[m[K,
                 from [01m[K/opt/ros/humble/include/rclcpp/rclcpp/executors.hpp:21[m[K,
                 from [01m[K/opt/ros/humble/include/rclcpp/rclcpp/rclcpp.hpp:155[m[K,
                 from [01m[K/home/ubuntu/Desktop/AK8064_ws_Jun/src/motor_driver/src/ControlMotor.cpp:1521[m[K:
[01m[K/home/ubuntu/Desktop/AK8064_ws_Jun/src/motor_driver/src/ControlMotor.cpp:2223:90:[m[K [01;31m[Kerror: [m[Kâ€˜[01m[Kmotor_id_[m[Kâ€™ was not declared in this scope
 2223 | logger_, "Motor %02X: Repeated target_positions is empty!", [01;31m[Kmotor_id_[m[K);
      |                                                             [01;31m[K^~~~~~~~~[m[K

[01m[K/home/ubuntu/Desktop/AK8064_ws_Jun/src/motor_driver/src/ControlMotor.cpp:2229:13:[m[K [01;31m[Kerror: [m[Kâ€˜[01m[KlogInfo[m[Kâ€™ was not declared in this scope; did you mean â€˜[01m[Klogf[m[Kâ€™?
 2229 |             [01;31m[KlogInfo[m[K("Updated target_positions: %ld targets (repeated %d times)",
      |             [01;31m[K^~~~~~~[m[K
      |             [32m[Klogf[m[K
[01m[K/home/ubuntu/Desktop/AK8064_ws_Jun/src/motor_driver/src/ControlMotor.cpp:2231:17:[m[K [01;31m[Kerror: [m[Kâ€˜[01m[Kcurrent_state_[m[Kâ€™ was not declared in this scope
 2231 |             if ([01;31m[Kcurrent_state_[m[K->name() == "PAUSED" || context_.last_command.empty()) {
      |                 [01;31m[K^~~~~~~~~~~~~~[m[K
[01m[K/home/ubuntu/Desktop/AK8064_ws_Jun/src/motor_driver/src/ControlMotor.cpp:2232:17:[m[K [01;31m[Kerror: [m[Kâ€˜[01m[KsetState[m[Kâ€™ was not declared in this scope; did you mean â€˜[01m[Ksetstate[m[Kâ€™?
 2232 |                 [01;31m[KsetState[m[K(std::make_unique<MovingState>());
      |                 [01;31m[K^~~~~~~~[m[K
      |                 [32m[Ksetstate[m[K
[01m[K/home/ubuntu/Desktop/AK8064_ws_Jun/src/motor_driver/src/ControlMotor.cpp:2236:9:[m[K [01;31m[Kerror: [m[Kâ€˜[01m[KvalidateSpeed[m[Kâ€™ was not declared in this scope
 2236 |         [01;31m[KvalidateSpeed[m[K();
      |         [01;31m[K^~~~~~~~~~~~~[m[K
[01m[K/home/ubuntu/Desktop/AK8064_ws_Jun/src/motor_driver/src/ControlMotor.cpp:2237:9:[m[K [01;31m[Kerror: [m[Kâ€˜[01m[KvalidateAccel[m[Kâ€™ was not declared in this scope
 2237 |         [01;31m[KvalidateAccel[m[K();
      |         [01;31m[K^~~~~~~~~~~~~[m[K
[01m[K/home/ubuntu/Desktop/AK8064_ws_Jun/src/motor_driver/src/ControlMotor.cpp:2238:9:[m[K [01;31m[Kerror: [m[Kâ€˜[01m[KvalidateStep[m[Kâ€™ was not declared in this scope
 2238 |         [01;31m[KvalidateStep[m[K();
      |         [01;31m[K^~~~~~~~~~~~[m[K
[01m[K/home/ubuntu/Desktop/AK8064_ws_Jun/src/motor_driver/src/ControlMotor.cpp:2239:9:[m[K [01;31m[Kerror: [m[Kâ€˜[01m[KvalidateRepeat[m[Kâ€™ was not declared in this scope
 2239 |         [01;31m[KvalidateRepeat[m[K();
      |         [01;31m[K^~~~~~~~~~~~~~[m[K
[01m[K/home/ubuntu/Desktop/AK8064_ws_Jun/src/motor_driver/src/ControlMotor.cpp:[m[K In function â€˜[01m[Kvoid validatePositions(const std::vector<double, std::allocator<double> >&)[m[Kâ€™:
[01m[K/home/ubuntu/Desktop/AK8064_ws_Jun/src/motor_driver/src/ControlMotor.cpp:2244:23:[m[K [01;31m[Kerror: [m[Kâ€˜[01m[Kcontext_[m[Kâ€™ was not declared in this scope; did you mean â€˜[01m[Kucontext_t[m[Kâ€™?
 2244 |             if (pos < [01;31m[Kcontext_[m[K.min_angle || pos > context_.max_angle) {
      |                       [01;31m[K^~~~~~~~[m[K
      |                       [32m[Kucontext_t[m[K
In file included from [01m[K/opt/ros/humble/include/rclcpp/rclcpp/client.hpp:40[m[K,
                 from [01m[K/opt/ros/humble/include/rclcpp/rclcpp/callback_group.hpp:24[m[K,
                 from [01m[K/opt/ros/humble/include/rclcpp/rclcpp/any_executable.hpp:20[m[K,
                 from [01m[K/opt/ros/humble/include/rclcpp/rclcpp/memory_strategy.hpp:25[m[K,
                 from [01m[K/opt/ros/humble/include/rclcpp/rclcpp/memory_strategies.hpp:18[m[K,
                 from [01m[K/opt/ros/humble/include/rclcpp/rclcpp/executor_options.hpp:20[m[K,
                 from [01m[K/opt/ros/humble/include/rclcpp/rclcpp/executor.hpp:37[m[K,
                 from [01m[K/opt/ros/humble/include/rclcpp/rclcpp/executors/multi_threaded_executor.hpp:25[m[K,
                 from [01m[K/opt/ros/humble/include/rclcpp/rclcpp/executors.hpp:21[m[K,
                 from [01m[K/opt/ros/humble/include/rclcpp/rclcpp/rclcpp.hpp:155[m[K,
                 from [01m[K/home/ubuntu/Desktop/AK8064_ws_Jun/src/motor_driver/src/ControlMotor.cpp:1521[m[K:
[01m[K/home/ubuntu/Desktop/AK8064_ws_Jun/src/motor_driver/src/ControlMotor.cpp:2245:30:[m[K [01;31m[Kerror: [m[Kâ€˜[01m[Klogger_[m[Kâ€™ was not declared in this scope
 2245 |                 RCLCPP_ERROR([01;31m[Klogger_[m[K, "Motor 0x%02X: Target position %.2f out of bounds [%.2f, %.2f]",
      |                              [01;31m[K^~~~~~~[m[K
[01m[K/home/ubuntu/Desktop/AK8064_ws_Jun/src/motor_driver/src/ControlMotor.cpp:2245:17:[m[K [01;31m[Kerror: [m[Ktemplate argument 1 is invalid
 2245 |                 [01;31m[KRCLCPP_ERROR[m[K(logger_, "Motor 0x%02X: Target position %.2f out of bounds [%.2f, %.2f]",
      |                 [01;31m[K^~~~~~~~~~~~[m[K
[01m[K/home/ubuntu/Desktop/AK8064_ws_Jun/src/motor_driver/src/ControlMotor.cpp:2245:17:[m[K [01;31m[Kerror: [m[Ktemplate argument 1 is invalid
 2245 |                 [01;31m[KRCLCPP_ERROR[m[K(logger_, "Motor 0x%02X: Target position %.2f out of bounds [%.2f, %.2f]",
      |                 [01;31m[K^~~~~~~~~~~~[m[K
[01m[K/home/ubuntu/Desktop/AK8064_ws_Jun/src/motor_driver/src/ControlMotor.cpp:2245:17:[m[K [01;31m[Kerror: [m[Ktemplate argument 1 is invalid
 2245 |                 [01;31m[KRCLCPP_ERROR[m[K(logger_, "Motor 0x%02X: Target position %.2f out of bounds [%.2f, %.2f]",
      |                 [01;31m[K^~~~~~~~~~~~[m[K
In file included from [01m[K/opt/ros/humble/include/rclcpp/rclcpp/logging.hpp:24[m[K,
                 from [01m[K/opt/ros/humble/include/rclcpp/rclcpp/client.hpp:40[m[K,
                 from [01m[K/opt/ros/humble/include/rclcpp/rclcpp/callback_group.hpp:24[m[K,
                 from [01m[K/opt/ros/humble/include/rclcpp/rclcpp/any_executable.hpp:20[m[K,
                 from [01m[K/opt/ros/humble/include/rclcpp/rclcpp/memory_strategy.hpp:25[m[K,
                 from [01m[K/opt/ros/humble/include/rclcpp/rclcpp/memory_strategies.hpp:18[m[K,
                 from [01m[K/opt/ros/humble/include/rclcpp/rclcpp/executor_options.hpp:20[m[K,
                 from [01m[K/opt/ros/humble/include/rclcpp/rclcpp/executor.hpp:37[m[K,
                 from [01m[K/opt/ros/humble/include/rclcpp/rclcpp/executors/multi_threaded_executor.hpp:25[m[K,
                 from [01m[K/opt/ros/humble/include/rclcpp/rclcpp/executors.hpp:21[m[K,
                 from [01m[K/opt/ros/humble/include/rclcpp/rclcpp/rclcpp.hpp:155[m[K,
                 from [01m[K/home/ubuntu/Desktop/AK8064_ws_Jun/src/motor_driver/src/ControlMotor.cpp:1521[m[K:
[01m[K/home/ubuntu/Desktop/AK8064_ws_Jun/src/motor_driver/src/ControlMotor.cpp:2246:30:[m[K [01;31m[Kerror: [m[Kâ€˜[01m[Kmotor_id_[m[Kâ€™ was not declared in this scope
 2246 |                              [01;31m[Kmotor_id_[m[K, pos, context_.min_angle, context_.max_angle);
      |                              [01;31m[K^~~~~~~~~[m[K
[01m[K/home/ubuntu/Desktop/AK8064_ws_Jun/src/motor_driver/src/ControlMotor.cpp:[m[K In function â€˜[01m[Kvoid validateSpeed()[m[Kâ€™:
[01m[K/home/ubuntu/Desktop/AK8064_ws_Jun/src/motor_driver/src/ControlMotor.cpp:2253:13:[m[K [01;31m[Kerror: [m[Kâ€˜[01m[Kcontext_[m[Kâ€™ was not declared in this scope; did you mean â€˜[01m[Kucontext_t[m[Kâ€™?
 2253 |         if ([01;31m[Kcontext_[m[K.speed <= 0.0 || context_.speed > 50000.0) {
      |             [01;31m[K^~~~~~~~[m[K
      |             [32m[Kucontext_t[m[K
In file included from [01m[K/opt/ros/humble/include/rclcpp/rclcpp/client.hpp:40[m[K,
                 from [01m[K/opt/ros/humble/include/rclcpp/rclcpp/callback_group.hpp:24[m[K,
                 from [01m[K/opt/ros/humble/include/rclcpp/rclcpp/any_executable.hpp:20[m[K,
                 from [01m[K/opt/ros/humble/include/rclcpp/rclcpp/memory_strategy.hpp:25[m[K,
                 from [01m[K/opt/ros/humble/include/rclcpp/rclcpp/memory_strategies.hpp:18[m[K,
                 from [01m[K/opt/ros/humble/include/rclcpp/rclcpp/executor_options.hpp:20[m[K,
                 from [01m[K/opt/ros/humble/include/rclcpp/rclcpp/executor.hpp:37[m[K,
                 from [01m[K/opt/ros/humble/include/rclcpp/rclcpp/executors/multi_threaded_executor.hpp:25[m[K,
                 from [01m[K/opt/ros/humble/include/rclcpp/rclcpp/executors.hpp:21[m[K,
                 from [01m[K/opt/ros/humble/include/rclcpp/rclcpp/rclcpp.hpp:155[m[K,
                 from [01m[K/home/ubuntu/Desktop/AK8064_ws_Jun/src/motor_driver/src/ControlMotor.cpp:1521[m[K:
[01m[K/home/ubuntu/Desktop/AK8064_ws_Jun/src/motor_driver/src/ControlMotor.cpp:2254:26:[m[K [01;31m[Kerror: [m[Kâ€˜[01m[Klogger_[m[Kâ€™ was not declared in this scope
 2254 |             RCLCPP_ERROR([01;31m[Klogger_[m[K, "Motor 0x%02X: Speed %.2f out of bounds [1.0, 50000.0]", motor_id_, context_.speed);
      |                          [01;31m[K^~~~~~~[m[K
[01m[K/home/ubuntu/Desktop/AK8064_ws_Jun/src/motor_driver/src/ControlMotor.cpp:2254:13:[m[K [01;31m[Kerror: [m[Ktemplate argument 1 is invalid
 2254 |             [01;31m[KRCLCPP_ERROR[m[K(logger_, "Motor 0x%02X: Speed %.2f out of bounds [1.0, 50000.0]", motor_id_, context_.speed);
      |             [01;31m[K^~~~~~~~~~~~[m[K
[01m[K/home/ubuntu/Desktop/AK8064_ws_Jun/src/motor_driver/src/ControlMotor.cpp:2254:13:[m[K [01;31m[Kerror: [m[Ktemplate argument 1 is invalid
 2254 |             [01;31m[KRCLCPP_ERROR[m[K(logger_, "Motor 0x%02X: Speed %.2f out of bounds [1.0, 50000.0]", motor_id_, context_.speed);
      |             [01;31m[K^~~~~~~~~~~~[m[K
[01m[K/home/ubuntu/Desktop/AK8064_ws_Jun/src/motor_driver/src/ControlMotor.cpp:2254:13:[m[K [01;31m[Kerror: [m[Ktemplate argument 1 is invalid
 2254 |             [01;31m[KRCLCPP_ERROR[m[K(logger_, "Motor 0x%02X: Speed %.2f out of bounds [1.0, 50000.0]", motor_id_, context_.speed);
      |             [01;31m[K^~~~~~~~~~~~[m[K
In file included from [01m[K/opt/ros/humble/include/rclcpp/rclcpp/logging.hpp:24[m[K,
                 from [01m[K/opt/ros/humble/include/rclcpp/rclcpp/client.hpp:40[m[K,
                 from [01m[K/opt/ros/humble/include/rclcpp/rclcpp/callback_group.hpp:24[m[K,
                 from [01m[K/opt/ros/humble/include/rclcpp/rclcpp/any_executable.hpp:20[m[K,
                 from [01m[K/opt/ros/humble/include/rclcpp/rclcpp/memory_strategy.hpp:25[m[K,
                 from [01m[K/opt/ros/humble/include/rclcpp/rclcpp/memory_strategies.hpp:18[m[K,
                 from [01m[K/opt/ros/humble/include/rclcpp/rclcpp/executor_options.hpp:20[m[K,
                 from [01m[K/opt/ros/humble/include/rclcpp/rclcpp/executor.hpp:37[m[K,
                 from [01m[K/opt/ros/humble/include/rclcpp/rclcpp/executors/multi_threaded_executor.hpp:25[m[K,
                 from [01m[K/opt/ros/humble/include/rclcpp/rclcpp/executors.hpp:21[m[K,
                 from [01m[K/opt/ros/humble/include/rclcpp/rclcpp/rclcpp.hpp:155[m[K,
                 from [01m[K/home/ubuntu/Desktop/AK8064_ws_Jun/src/motor_driver/src/ControlMotor.cpp:1521[m[K:
[01m[K/home/ubuntu/Desktop/AK8064_ws_Jun/src/motor_driver/src/ControlMotor.cpp:2254:92:[m[K [01;31m[Kerror: [m[Kâ€˜[01m[Kmotor_id_[m[Kâ€™ was not declared in this scope
 2254 | _, "Motor 0x%02X: Speed %.2f out of bounds [1.0, 50000.0]", [01;31m[Kmotor_id_[m[K, context_.speed);
      |                                                             [01;31m[K^~~~~~~~~[m[K

[01m[K/home/ubuntu/Desktop/AK8064_ws_Jun/src/motor_driver/src/ControlMotor.cpp:2257:9:[m[K [01;31m[Kerror: [m[Kâ€˜[01m[Kcontext_[m[Kâ€™ was not declared in this scope; did you mean â€˜[01m[Kucontext_t[m[Kâ€™?
 2257 |         [01;31m[Kcontext_[m[K.speed = std::round(context_.speed * 100.0) / 100.0;
      |         [01;31m[K^~~~~~~~[m[K
      |         [32m[Kucontext_t[m[K
[01m[K/home/ubuntu/Desktop/AK8064_ws_Jun/src/motor_driver/src/ControlMotor.cpp:[m[K In function â€˜[01m[Kvoid validateAccel()[m[Kâ€™:
[01m[K/home/ubuntu/Desktop/AK8064_ws_Jun/src/motor_driver/src/ControlMotor.cpp:2261:13:[m[K [01;31m[Kerror: [m[Kâ€˜[01m[Kcontext_[m[Kâ€™ was not declared in this scope; did you mean â€˜[01m[Kucontext_t[m[Kâ€™?
 2261 |         if ([01;31m[Kcontext_[m[K.accel <= 0.0 || context_.accel > 10000.0) {
      |             [01;31m[K^~~~~~~~[m[K
      |             [32m[Kucontext_t[m[K
In file included from [01m[K/opt/ros/humble/include/rclcpp/rclcpp/client.hpp:40[m[K,
                 from [01m[K/opt/ros/humble/include/rclcpp/rclcpp/callback_group.hpp:24[m[K,
                 from [01m[K/opt/ros/humble/include/rclcpp/rclcpp/any_executable.hpp:20[m[K,
                 from [01m[K/opt/ros/humble/include/rclcpp/rclcpp/memory_strategy.hpp:25[m[K,
                 from [01m[K/opt/ros/humble/include/rclcpp/rclcpp/memory_strategies.hpp:18[m[K,
                 from [01m[K/opt/ros/humble/include/rclcpp/rclcpp/executor_options.hpp:20[m[K,
                 from [01m[K/opt/ros/humble/include/rclcpp/rclcpp/executor.hpp:37[m[K,
                 from [01m[K/opt/ros/humble/include/rclcpp/rclcpp/executors/multi_threaded_executor.hpp:25[m[K,
                 from [01m[K/opt/ros/humble/include/rclcpp/rclcpp/executors.hpp:21[m[K,
                 from [01m[K/opt/ros/humble/include/rclcpp/rclcpp/rclcpp.hpp:155[m[K,
                 from [01m[K/home/ubuntu/Desktop/AK8064_ws_Jun/src/motor_driver/src/ControlMotor.cpp:1521[m[K:
[01m[K/home/ubuntu/Desktop/AK8064_ws_Jun/src/motor_driver/src/ControlMotor.cpp:2262:26:[m[K [01;31m[Kerror: [m[Kâ€˜[01m[Klogger_[m[Kâ€™ was not declared in this scope
 2262 |             RCLCPP_ERROR([01;31m[Klogger_[m[K, "Motor 0x%02X: Accel %.2f out of bounds [1.0, 10000.0]", motor_id_, context_.accel);
      |                          [01;31m[K^~~~~~~[m[K
[01m[K/home/ubuntu/Desktop/AK8064_ws_Jun/src/motor_driver/src/ControlMotor.cpp:2262:13:[m[K [01;31m[Kerror: [m[Ktemplate argument 1 is invalid
 2262 |             [01;31m[KRCLCPP_ERROR[m[K(logger_, "Motor 0x%02X: Accel %.2f out of bounds [1.0, 10000.0]", motor_id_, context_.accel);
      |             [01;31m[K^~~~~~~~~~~~[m[K
[01m[K/home/ubuntu/Desktop/AK8064_ws_Jun/src/motor_driver/src/ControlMotor.cpp:2262:13:[m[K [01;31m[Kerror: [m[Ktemplate argument 1 is invalid
 2262 |             [01;31m[KRCLCPP_ERROR[m[K(logger_, "Motor 0x%02X: Accel %.2f out of bounds [1.0, 10000.0]", motor_id_, context_.accel);
      |             [01;31m[K^~~~~~~~~~~~[m[K
[01m[K/home/ubuntu/Desktop/AK8064_ws_Jun/src/motor_driver/src/ControlMotor.cpp:2262:13:[m[K [01;31m[Kerror: [m[Ktemplate argument 1 is invalid
 2262 |             [01;31m[KRCLCPP_ERROR[m[K(logger_, "Motor 0x%02X: Accel %.2f out of bounds [1.0, 10000.0]", motor_id_, context_.accel);
      |             [01;31m[K^~~~~~~~~~~~[m[K
In file included from [01m[K/opt/ros/humble/include/rclcpp/rclcpp/logging.hpp:24[m[K,
                 from [01m[K/opt/ros/humble/include/rclcpp/rclcpp/client.hpp:40[m[K,
                 from [01m[K/opt/ros/humble/include/rclcpp/rclcpp/callback_group.hpp:24[m[K,
                 from [01m[K/opt/ros/humble/include/rclcpp/rclcpp/any_executable.hpp:20[m[K,
                 from [01m[K/opt/ros/humble/include/rclcpp/rclcpp/memory_strategy.hpp:25[m[K,
                 from [01m[K/opt/ros/humble/include/rclcpp/rclcpp/memory_strategies.hpp:18[m[K,
                 from [01m[K/opt/ros/humble/include/rclcpp/rclcpp/executor_options.hpp:20[m[K,
                 from [01m[K/opt/ros/humble/include/rclcpp/rclcpp/executor.hpp:37[m[K,
                 from [01m[K/opt/ros/humble/include/rclcpp/rclcpp/executors/multi_threaded_executor.hpp:25[m[K,
                 from [01m[K/opt/ros/humble/include/rclcpp/rclcpp/executors.hpp:21[m[K,
                 from [01m[K/opt/ros/humble/include/rclcpp/rclcpp/rclcpp.hpp:155[m[K,
                 from [01m[K/home/ubuntu/Desktop/AK8064_ws_Jun/src/motor_driver/src/ControlMotor.cpp:1521[m[K:
[01m[K/home/ubuntu/Desktop/AK8064_ws_Jun/src/motor_driver/src/ControlMotor.cpp:2262:92:[m[K [01;31m[Kerror: [m[Kâ€˜[01m[Kmotor_id_[m[Kâ€™ was not declared in this scope
 2262 | _, "Motor 0x%02X: Accel %.2f out of bounds [1.0, 10000.0]", [01;31m[Kmotor_id_[m[K, context_.accel);
      |                                                             [01;31m[K^~~~~~~~~[m[K

[01m[K/home/ubuntu/Desktop/AK8064_ws_Jun/src/motor_driver/src/ControlMotor.cpp:2265:9:[m[K [01;31m[Kerror: [m[Kâ€˜[01m[Kcontext_[m[Kâ€™ was not declared in this scope; did you mean â€˜[01m[Kucontext_t[m[Kâ€™?
 2265 |         [01;31m[Kcontext_[m[K.accel = std::round(context_.accel * 100.0) / 100.0;
      |         [01;31m[K^~~~~~~~[m[K
      |         [32m[Kucontext_t[m[K
[01m[K/home/ubuntu/Desktop/AK8064_ws_Jun/src/motor_driver/src/ControlMotor.cpp:[m[K In function â€˜[01m[Kvoid validateStep()[m[Kâ€™:
[01m[K/home/ubuntu/Desktop/AK8064_ws_Jun/src/motor_driver/src/ControlMotor.cpp:2269:13:[m[K [01;31m[Kerror: [m[Kâ€˜[01m[Kcontext_[m[Kâ€™ was not declared in this scope; did you mean â€˜[01m[Kucontext_t[m[Kâ€™?
 2269 |         if ([01;31m[Kcontext_[m[K.step <= 0 || context_.step > 90) {
      |             [01;31m[K^~~~~~~~[m[K
      |             [32m[Kucontext_t[m[K
In file included from [01m[K/opt/ros/humble/include/rclcpp/rclcpp/client.hpp:40[m[K,
                 from [01m[K/opt/ros/humble/include/rclcpp/rclcpp/callback_group.hpp:24[m[K,
                 from [01m[K/opt/ros/humble/include/rclcpp/rclcpp/any_executable.hpp:20[m[K,
                 from [01m[K/opt/ros/humble/include/rclcpp/rclcpp/memory_strategy.hpp:25[m[K,
                 from [01m[K/opt/ros/humble/include/rclcpp/rclcpp/memory_strategies.hpp:18[m[K,
                 from [01m[K/opt/ros/humble/include/rclcpp/rclcpp/executor_options.hpp:20[m[K,
                 from [01m[K/opt/ros/humble/include/rclcpp/rclcpp/executor.hpp:37[m[K,
                 from [01m[K/opt/ros/humble/include/rclcpp/rclcpp/executors/multi_threaded_executor.hpp:25[m[K,
                 from [01m[K/opt/ros/humble/include/rclcpp/rclcpp/executors.hpp:21[m[K,
                 from [01m[K/opt/ros/humble/include/rclcpp/rclcpp/rclcpp.hpp:155[m[K,
                 from [01m[K/home/ubuntu/Desktop/AK8064_ws_Jun/src/motor_driver/src/ControlMotor.cpp:1521[m[K:
[01m[K/home/ubuntu/Desktop/AK8064_ws_Jun/src/motor_driver/src/ControlMotor.cpp:2270:26:[m[K [01;31m[Kerror: [m[Kâ€˜[01m[Klogger_[m[Kâ€™ was not declared in this scope
 2270 |             RCLCPP_ERROR([01;31m[Klogger_[m[K, "Motor 0x%02X: Step %d out of bounds [1, 90]", motor_id_, context_.step);
      |                          [01;31m[K^~~~~~~[m[K
[01m[K/home/ubuntu/Desktop/AK8064_ws_Jun/src/motor_driver/src/ControlMotor.cpp:2270:13:[m[K [01;31m[Kerror: [m[Ktemplate argument 1 is invalid
 2270 |             [01;31m[KRCLCPP_ERROR[m[K(logger_, "Motor 0x%02X: Step %d out of bounds [1, 90]", motor_id_, context_.step);
      |             [01;31m[K^~~~~~~~~~~~[m[K
[01m[K/home/ubuntu/Desktop/AK8064_ws_Jun/src/motor_driver/src/ControlMotor.cpp:2270:13:[m[K [01;31m[Kerror: [m[Ktemplate argument 1 is invalid
 2270 |             [01;31m[KRCLCPP_ERROR[m[K(logger_, "Motor 0x%02X: Step %d out of bounds [1, 90]", motor_id_, context_.step);
      |             [01;31m[K^~~~~~~~~~~~[m[K
[01m[K/home/ubuntu/Desktop/AK8064_ws_Jun/src/motor_driver/src/ControlMotor.cpp:2270:13:[m[K [01;31m[Kerror: [m[Ktemplate argument 1 is invalid
 2270 |             [01;31m[KRCLCPP_ERROR[m[K(logger_, "Motor 0x%02X: Step %d out of bounds [1, 90]", motor_id_, context_.step);
      |             [01;31m[K^~~~~~~~~~~~[m[K
In file included from [01m[K/opt/ros/humble/include/rclcpp/rclcpp/logging.hpp:24[m[K,
                 from [01m[K/opt/ros/humble/include/rclcpp/rclcpp/client.hpp:40[m[K,
                 from [01m[K/opt/ros/humble/include/rclcpp/rclcpp/callback_group.hpp:24[m[K,
                 from [01m[K/opt/ros/humble/include/rclcpp/rclcpp/any_executable.hpp:20[m[K,
                 from [01m[K/opt/ros/humble/include/rclcpp/rclcpp/memory_strategy.hpp:25[m[K,
                 from [01m[K/opt/ros/humble/include/rclcpp/rclcpp/memory_strategies.hpp:18[m[K,
                 from [01m[K/opt/ros/humble/include/rclcpp/rclcpp/executor_options.hpp:20[m[K,
                 from [01m[K/opt/ros/humble/include/rclcpp/rclcpp/executor.hpp:37[m[K,
                 from [01m[K/opt/ros/humble/include/rclcpp/rclcpp/executors/multi_threaded_executor.hpp:25[m[K,
                 from [01m[K/opt/ros/humble/include/rclcpp/rclcpp/executors.hpp:21[m[K,
                 from [01m[K/opt/ros/humble/include/rclcpp/rclcpp/rclcpp.hpp:155[m[K,
                 from [01m[K/home/ubuntu/Desktop/AK8064_ws_Jun/src/motor_driver/src/ControlMotor.cpp:1521[m[K:
[01m[K/home/ubuntu/Desktop/AK8064_ws_Jun/src/motor_driver/src/ControlMotor.cpp:2270:82:[m[K [01;31m[Kerror: [m[Kâ€˜[01m[Kmotor_id_[m[Kâ€™ was not declared in this scope
 2270 | ROR(logger_, "Motor 0x%02X: Step %d out of bounds [1, 90]", [01;31m[Kmotor_id_[m[K, context_.step);
      |                                                             [01;31m[K^~~~~~~~~[m[K

[01m[K/home/ubuntu/Desktop/AK8064_ws_Jun/src/motor_driver/src/ControlMotor.cpp:[m[K In function â€˜[01m[Kvoid validateRepeat()[m[Kâ€™:
[01m[K/home/ubuntu/Desktop/AK8064_ws_Jun/src/motor_driver/src/ControlMotor.cpp:2276:13:[m[K [01;31m[Kerror: [m[Kâ€˜[01m[Kcontext_[m[Kâ€™ was not declared in this scope; did you mean â€˜[01m[Kucontext_t[m[Kâ€™?
 2276 |         if ([01;31m[Kcontext_[m[K.repeat < 0) {
      |             [01;31m[K^~~~~~~~[m[K
      |             [32m[Kucontext_t[m[K
In file included from [01m[K/opt/ros/humble/include/rclcpp/rclcpp/client.hpp:40[m[K,
                 from [01m[K/opt/ros/humble/include/rclcpp/rclcpp/callback_group.hpp:24[m[K,
                 from [01m[K/opt/ros/humble/include/rclcpp/rclcpp/any_executable.hpp:20[m[K,
                 from [01m[K/opt/ros/humble/include/rclcpp/rclcpp/memory_strategy.hpp:25[m[K,
                 from [01m[K/opt/ros/humble/include/rclcpp/rclcpp/memory_strategies.hpp:18[m[K,
                 from [01m[K/opt/ros/humble/include/rclcpp/rclcpp/executor_options.hpp:20[m[K,
                 from [01m[K/opt/ros/humble/include/rclcpp/rclcpp/executor.hpp:37[m[K,
                 from [01m[K/opt/ros/humble/include/rclcpp/rclcpp/executors/multi_threaded_executor.hpp:25[m[K,
                 from [01m[K/opt/ros/humble/include/rclcpp/rclcpp/executors.hpp:21[m[K,
                 from [01m[K/opt/ros/humble/include/rclcpp/rclcpp/rclcpp.hpp:155[m[K,
                 from [01m[K/home/ubuntu/Desktop/AK8064_ws_Jun/src/motor_driver/src/ControlMotor.cpp:1521[m[K:
[01m[K/home/ubuntu/Desktop/AK8064_ws_Jun/src/motor_driver/src/ControlMotor.cpp:2277:26:[m[K [01;31m[Kerror: [m[Kâ€˜[01m[Klogger_[m[Kâ€™ was not declared in this scope
 2277 |             RCLCPP_ERROR([01;31m[Klogger_[m[K, "Motor 0x%02X: Repeat %d out of bounds [0, 10]", motor_id_, context_.repeat);
      |                          [01;31m[K^~~~~~~[m[K
[01m[K/home/ubuntu/Desktop/AK8064_ws_Jun/src/motor_driver/src/ControlMotor.cpp:2277:13:[m[K [01;31m[Kerror: [m[Ktemplate argument 1 is invalid
 2277 |             [01;31m[KRCLCPP_ERROR[m[K(logger_, "Motor 0x%02X: Repeat %d out of bounds [0, 10]", motor_id_, context_.repeat);
      |             [01;31m[K^~~~~~~~~~~~[m[K
[01m[K/home/ubuntu/Desktop/AK8064_ws_Jun/src/motor_driver/src/ControlMotor.cpp:2277:13:[m[K [01;31m[Kerror: [m[Ktemplate argument 1 is invalid
 2277 |             [01;31m[KRCLCPP_ERROR[m[K(logger_, "Motor 0x%02X: Repeat %d out of bounds [0, 10]", motor_id_, context_.repeat);
      |             [01;31m[K^~~~~~~~~~~~[m[K
[01m[K/home/ubuntu/Desktop/AK8064_ws_Jun/src/motor_driver/src/ControlMotor.cpp:2277:13:[m[K [01;31m[Kerror: [m[Ktemplate argument 1 is invalid
 2277 |             [01;31m[KRCLCPP_ERROR[m[K(logger_, "Motor 0x%02X: Repeat %d out of bounds [0, 10]", motor_id_, context_.repeat);
      |             [01;31m[K^~~~~~~~~~~~[m[K
In file included from [01m[K/opt/ros/humble/include/rclcpp/rclcpp/logging.hpp:24[m[K,
                 from [01m[K/opt/ros/humble/include/rclcpp/rclcpp/client.hpp:40[m[K,
                 from [01m[K/opt/ros/humble/include/rclcpp/rclcpp/callback_group.hpp:24[m[K,
                 from [01m[K/opt/ros/humble/include/rclcpp/rclcpp/any_executable.hpp:20[m[K,
                 from [01m[K/opt/ros/humble/include/rclcpp/rclcpp/memory_strategy.hpp:25[m[K,
                 from [01m[K/opt/ros/humble/include/rclcpp/rclcpp/memory_strategies.hpp:18[m[K,
                 from [01m[K/opt/ros/humble/include/rclcpp/rclcpp/executor_options.hpp:20[m[K,
                 from [01m[K/opt/ros/humble/include/rclcpp/rclcpp/executor.hpp:37[m[K,
                 from [01m[K/opt/ros/humble/include/rclcpp/rclcpp/executors/multi_threaded_executor.hpp:25[m[K,
                 from [01m[K/opt/ros/humble/include/rclcpp/rclcpp/executors.hpp:21[m[K,
                 from [01m[K/opt/ros/humble/include/rclcpp/rclcpp/rclcpp.hpp:155[m[K,
                 from [01m[K/home/ubuntu/Desktop/AK8064_ws_Jun/src/motor_driver/src/ControlMotor.cpp:1521[m[K:
[01m[K/home/ubuntu/Desktop/AK8064_ws_Jun/src/motor_driver/src/ControlMotor.cpp:2277:84:[m[K [01;31m[Kerror: [m[Kâ€˜[01m[Kmotor_id_[m[Kâ€™ was not declared in this scope
 2277 | R(logger_, "Motor 0x%02X: Repeat %d out of bounds [0, 10]", [01;31m[Kmotor_id_[m[K, context_.repeat);
      |                                                             [01;31m[K^~~~~~~~~[m[K

[01m[K/home/ubuntu/Desktop/AK8064_ws_Jun/src/motor_driver/src/ControlMotor.cpp:[m[K In function â€˜[01m[Kvoid setOrigin()[m[Kâ€™:
[01m[K/home/ubuntu/Desktop/AK8064_ws_Jun/src/motor_driver/src/ControlMotor.cpp:2284:13:[m[K [01;31m[Kerror: [m[Kâ€˜[01m[KlogInfo[m[Kâ€™ was not declared in this scope; did you mean â€˜[01m[Klogf[m[Kâ€™?
 2284 |             [01;31m[KlogInfo[m[K("Setting motor origin...");
      |             [01;31m[K^~~~~~~[m[K
      |             [32m[Klogf[m[K
[01m[K/home/ubuntu/Desktop/AK8064_ws_Jun/src/motor_driver/src/ControlMotor.cpp:2285:18:[m[K [01;31m[Kerror: [m[Kâ€˜[01m[Kcan_[m[Kâ€™ was not declared in this scope
 2285 |             if (![01;31m[Kcan_[m[K->setOrigin(motor_id_, 0)) {
      |                  [01;31m[K^~~~[m[K
[01m[K/home/ubuntu/Desktop/AK8064_ws_Jun/src/motor_driver/src/ControlMotor.cpp:2285:34:[m[K [01;31m[Kerror: [m[Kâ€˜[01m[Kmotor_id_[m[Kâ€™ was not declared in this scope
 2285 |             if (!can_->setOrigin([01;31m[Kmotor_id_[m[K, 0)) {
      |                                  [01;31m[K^~~~~~~~~[m[K
In file included from [01m[K/opt/ros/humble/include/rclcpp/rclcpp/client.hpp:40[m[K,
                 from [01m[K/opt/ros/humble/include/rclcpp/rclcpp/callback_group.hpp:24[m[K,
                 from [01m[K/opt/ros/humble/include/rclcpp/rclcpp/any_executable.hpp:20[m[K,
                 from [01m[K/opt/ros/humble/include/rclcpp/rclcpp/memory_strategy.hpp:25[m[K,
                 from [01m[K/opt/ros/humble/include/rclcpp/rclcpp/memory_strategies.hpp:18[m[K,
                 from [01m[K/opt/ros/humble/include/rclcpp/rclcpp/executor_options.hpp:20[m[K,
                 from [01m[K/opt/ros/humble/include/rclcpp/rclcpp/executor.hpp:37[m[K,
                 from [01m[K/opt/ros/humble/include/rclcpp/rclcpp/executors/multi_threaded_executor.hpp:25[m[K,
                 from [01m[K/opt/ros/humble/include/rclcpp/rclcpp/executors.hpp:21[m[K,
                 from [01m[K/opt/ros/humble/include/rclcpp/rclcpp/rclcpp.hpp:155[m[K,
                 from [01m[K/home/ubuntu/Desktop/AK8064_ws_Jun/src/motor_driver/src/ControlMotor.cpp:1521[m[K:
[01m[K/home/ubuntu/Desktop/AK8064_ws_Jun/src/motor_driver/src/ControlMotor.cpp:2290:26:[m[K [01;31m[Kerror: [m[Kâ€˜[01m[Klogger_[m[Kâ€™ was not declared in this scope
 2290 |             RCLCPP_ERROR([01;31m[Klogger_[m[K, "Motor 0x%02X: SetOrigin failed: %s", motor_id_, e.what());
      |                          [01;31m[K^~~~~~~[m[K
[01m[K/home/ubuntu/Desktop/AK8064_ws_Jun/src/motor_driver/src/ControlMotor.cpp:2290:13:[m[K [01;31m[Kerror: [m[Ktemplate argument 1 is invalid
 2290 |             [01;31m[KRCLCPP_ERROR[m[K(logger_, "Motor 0x%02X: SetOrigin failed: %s", motor_id_, e.what());
      |             [01;31m[K^~~~~~~~~~~~[m[K
[01m[K/home/ubuntu/Desktop/AK8064_ws_Jun/src/motor_driver/src/ControlMotor.cpp:2290:13:[m[K [01;31m[Kerror: [m[Ktemplate argument 1 is invalid
 2290 |             [01;31m[KRCLCPP_ERROR[m[K(logger_, "Motor 0x%02X: SetOrigin failed: %s", motor_id_, e.what());
      |             [01;31m[K^~~~~~~~~~~~[m[K
[01m[K/home/ubuntu/Desktop/AK8064_ws_Jun/src/motor_driver/src/ControlMotor.cpp:2290:13:[m[K [01;31m[Kerror: [m[Ktemplate argument 1 is invalid
 2290 |             [01;31m[KRCLCPP_ERROR[m[K(logger_, "Motor 0x%02X: SetOrigin failed: %s", motor_id_, e.what());
      |             [01;31m[K^~~~~~~~~~~~[m[K
In file included from [01m[K/opt/ros/humble/include/rclcpp/rclcpp/logging.hpp:24[m[K,
                 from [01m[K/opt/ros/humble/include/rclcpp/rclcpp/client.hpp:40[m[K,
                 from [01m[K/opt/ros/humble/include/rclcpp/rclcpp/callback_group.hpp:24[m[K,
                 from [01m[K/opt/ros/humble/include/rclcpp/rclcpp/any_executable.hpp:20[m[K,
                 from [01m[K/opt/ros/humble/include/rclcpp/rclcpp/memory_strategy.hpp:25[m[K,
                 from [01m[K/opt/ros/humble/include/rclcpp/rclcpp/memory_strategies.hpp:18[m[K,
                 from [01m[K/opt/ros/humble/include/rclcpp/rclcpp/executor_options.hpp:20[m[K,
                 from [01m[K/opt/ros/humble/include/rclcpp/rclcpp/executor.hpp:37[m[K,
                 from [01m[K/opt/ros/humble/include/rclcpp/rclcpp/executors/multi_threaded_executor.hpp:25[m[K,
                 from [01m[K/opt/ros/humble/include/rclcpp/rclcpp/executors.hpp:21[m[K,
                 from [01m[K/opt/ros/humble/include/rclcpp/rclcpp/rclcpp.hpp:155[m[K,
                 from [01m[K/home/ubuntu/Desktop/AK8064_ws_Jun/src/motor_driver/src/ControlMotor.cpp:1521[m[K:
[01m[K/home/ubuntu/Desktop/AK8064_ws_Jun/src/motor_driver/src/ControlMotor.cpp:2290:73:[m[K [01;31m[Kerror: [m[Kâ€˜[01m[Kmotor_id_[m[Kâ€™ was not declared in this scope
 2290 | RCLCPP_ERROR(logger_, "Motor 0x%02X: SetOrigin failed: %s", [01;31m[Kmotor_id_[m[K, e.what());
      |                                                             [01;31m[K^~~~~~~~~[m[K

[01m[K/home/ubuntu/Desktop/AK8064_ws_Jun/src/motor_driver/src/ControlMotor.cpp:2291:13:[m[K [01;31m[Kerror: [m[Kâ€˜[01m[KhandleEvent[m[Kâ€™ was not declared in this scope
 2291 |             [01;31m[KhandleEvent[m[K("SAFETY_ERROR");
      |             [01;31m[K^~~~~~~~~~~[m[K
[01m[K/home/ubuntu/Desktop/AK8064_ws_Jun/src/motor_driver/src/ControlMotor.cpp:[m[K In function â€˜[01m[Kvoid initializeParameters()[m[Kâ€™:
[01m[K/home/ubuntu/Desktop/AK8064_ws_Jun/src/motor_driver/src/ControlMotor.cpp:2297:9:[m[K [01;31m[Kerror: [m[Kâ€˜[01m[Knode_[m[Kâ€™ was not declared in this scope; did you mean â€˜[01m[Kmode_t[m[Kâ€™?
 2297 |         [01;31m[Knode_[m[K->declare_parameter(param_prefix_ + "target_positions", std::vector<double>{0.0});
      |         [01;31m[K^~~~~[m[K
      |         [32m[Kmode_t[m[K
[01m[K/home/ubuntu/Desktop/AK8064_ws_Jun/src/motor_driver/src/ControlMotor.cpp:2297:34:[m[K [01;31m[Kerror: [m[Kâ€˜[01m[Kparam_prefix_[m[Kâ€™ was not declared in this scope
 2297 |         node_->declare_parameter([01;31m[Kparam_prefix_[m[K + "target_positions", std::vector<double>{0.0});
      |                                  [01;31m[K^~~~~~~~~~~~~[m[K
[01m[K/home/ubuntu/Desktop/AK8064_ws_Jun/src/motor_driver/src/ControlMotor.cpp:2309:55:[m[K [01;31m[Kerror: [m[Kâ€˜[01m[Kcontext_[m[Kâ€™ was not declared in this scope; did you mean â€˜[01m[Kucontext_t[m[Kâ€™?
 2309 |         node_->get_parameter(param_prefix_ + "speed", [01;31m[Kcontext_[m[K.speed);
      |                                                       [01;31m[K^~~~~~~~[m[K
      |                                                       [32m[Kucontext_t[m[K
In file included from [01m[K/opt/ros/humble/include/rclcpp/rclcpp/client.hpp:40[m[K,
                 from [01m[K/opt/ros/humble/include/rclcpp/rclcpp/callback_group.hpp:24[m[K,
                 from [01m[K/opt/ros/humble/include/rclcpp/rclcpp/any_executable.hpp:20[m[K,
                 from [01m[K/opt/ros/humble/include/rclcpp/rclcpp/memory_strategy.hpp:25[m[K,
                 from [01m[K/opt/ros/humble/include/rclcpp/rclcpp/memory_strategies.hpp:18[m[K,
                 from [01m[K/opt/ros/humble/include/rclcpp/rclcpp/executor_options.hpp:20[m[K,
                 from [01m[K/opt/ros/humble/include/rclcpp/rclcpp/executor.hpp:37[m[K,
                 from [01m[K/opt/ros/humble/include/rclcpp/rclcpp/executors/multi_threaded_executor.hpp:25[m[K,
                 from [01m[K/opt/ros/humble/include/rclcpp/rclcpp/executors.hpp:21[m[K,
                 from [01m[K/opt/ros/humble/include/rclcpp/rclcpp/rclcpp.hpp:155[m[K,
                 from [01m[K/home/ubuntu/Desktop/AK8064_ws_Jun/src/motor_driver/src/ControlMotor.cpp:1521[m[K:
[01m[K/home/ubuntu/Desktop/AK8064_ws_Jun/src/motor_driver/src/ControlMotor.cpp:2318:25:[m[K [01;31m[Kerror: [m[Kâ€˜[01m[Klogger_[m[Kâ€™ was not declared in this scope
 2318 |             RCLCPP_WARN([01;31m[Klogger_[m[K, "Motor 0x%02X: No target positions provided. Using HOME (0).", motor_id_);
      |                         [01;31m[K^~~~~~~[m[K
[01m[K/home/ubuntu/Desktop/AK8064_ws_Jun/src/motor_driver/src/ControlMotor.cpp:2318:13:[m[K [01;31m[Kerror: [m[Ktemplate argument 1 is invalid
 2318 |             [01;31m[KRCLCPP_WARN[m[K(logger_, "Motor 0x%02X: No target positions provided. Using HOME (0).", motor_id_);
      |             [01;31m[K^~~~~~~~~~~[m[K
[01m[K/home/ubuntu/Desktop/AK8064_ws_Jun/src/motor_driver/src/ControlMotor.cpp:2318:13:[m[K [01;31m[Kerror: [m[Ktemplate argument 1 is invalid
 2318 |             [01;31m[KRCLCPP_WARN[m[K(logger_, "Motor 0x%02X: No target positions provided. Using HOME (0).", motor_id_);
      |             [01;31m[K^~~~~~~~~~~[m[K
[01m[K/home/ubuntu/Desktop/AK8064_ws_Jun/src/motor_driver/src/ControlMotor.cpp:2318:13:[m[K [01;31m[Kerror: [m[Ktemplate argument 1 is invalid
 2318 |             [01;31m[KRCLCPP_WARN[m[K(logger_, "Motor 0x%02X: No target positions provided. Using HOME (0).", motor_id_);
      |             [01;31m[K^~~~~~~~~~~[m[K
In file included from [01m[K/opt/ros/humble/include/rclcpp/rclcpp/logging.hpp:24[m[K,
                 from [01m[K/opt/ros/humble/include/rclcpp/rclcpp/client.hpp:40[m[K,
                 from [01m[K/opt/ros/humble/include/rclcpp/rclcpp/callback_group.hpp:24[m[K,
                 from [01m[K/opt/ros/humble/include/rclcpp/rclcpp/any_executable.hpp:20[m[K,
                 from [01m[K/opt/ros/humble/include/rclcpp/rclcpp/memory_strategy.hpp:25[m[K,
                 from [01m[K/opt/ros/humble/include/rclcpp/rclcpp/memory_strategies.hpp:18[m[K,
                 from [01m[K/opt/ros/humble/include/rclcpp/rclcpp/executor_options.hpp:20[m[K,
                 from [01m[K/opt/ros/humble/include/rclcpp/rclcpp/executor.hpp:37[m[K,
                 from [01m[K/opt/ros/humble/include/rclcpp/rclcpp/executors/multi_threaded_executor.hpp:25[m[K,
                 from [01m[K/opt/ros/humble/include/rclcpp/rclcpp/executors.hpp:21[m[K,
                 from [01m[K/opt/ros/humble/include/rclcpp/rclcpp/rclcpp.hpp:155[m[K,
                 from [01m[K/home/ubuntu/Desktop/AK8064_ws_Jun/src/motor_driver/src/ControlMotor.cpp:1521[m[K:
[01m[K/home/ubuntu/Desktop/AK8064_ws_Jun/src/motor_driver/src/ControlMotor.cpp:2318:97:[m[K [01;31m[Kerror: [m[Kâ€˜[01m[Kmotor_id_[m[Kâ€™ was not declared in this scope
 2318 | tor 0x%02X: No target positions provided. Using HOME (0).", [01;31m[Kmotor_id_[m[K);
      |                                                             [01;31m[K^~~~~~~~~[m[K

[01m[K/home/ubuntu/Desktop/AK8064_ws_Jun/src/motor_driver/src/ControlMotor.cpp:[m[K At global scope:
[01m[K/home/ubuntu/Desktop/AK8064_ws_Jun/src/motor_driver/src/ControlMotor.cpp:2336:1:[m[K [01;31m[Kerror: [m[Kexpected unqualified-id before â€˜[01m[Kpublic[m[Kâ€™
 2336 | [01;31m[Kpublic[m[K:
      | [01;31m[K^~~~~~[m[K
[01m[K/home/ubuntu/Desktop/AK8064_ws_Jun/src/motor_driver/src/ControlMotor.cpp:2340:1:[m[K [01;31m[Kerror: [m[Kexpected unqualified-id before â€˜[01m[Kprivate[m[Kâ€™
 2340 | [01;31m[Kprivate[m[K:
      | [01;31m[K^~~~~~~[m[K
[01m[K/home/ubuntu/Desktop/AK8064_ws_Jun/src/motor_driver/src/ControlMotor.cpp:2347:20:[m[K [01;31m[Kerror: [m[Kâ€˜[01m[Krclcpp::Logger::Logger()[m[Kâ€™ is private within this context
 2347 |     rclcpp::Logger [01;31m[Klogger_[m[K;
      |                    [01;31m[K^~~~~~~[m[K
In file included from [01m[K/opt/ros/humble/include/rclcpp/rclcpp/logging.hpp:23[m[K,
                 from [01m[K/opt/ros/humble/include/rclcpp/rclcpp/client.hpp:40[m[K,
                 from [01m[K/opt/ros/humble/include/rclcpp/rclcpp/callback_group.hpp:24[m[K,
                 from [01m[K/opt/ros/humble/include/rclcpp/rclcpp/any_executable.hpp:20[m[K,
                 from [01m[K/opt/ros/humble/include/rclcpp/rclcpp/memory_strategy.hpp:25[m[K,
                 from [01m[K/opt/ros/humble/include/rclcpp/rclcpp/memory_strategies.hpp:18[m[K,
                 from [01m[K/opt/ros/humble/include/rclcpp/rclcpp/executor_options.hpp:20[m[K,
                 from [01m[K/opt/ros/humble/include/rclcpp/rclcpp/executor.hpp:37[m[K,
                 from [01m[K/opt/ros/humble/include/rclcpp/rclcpp/executors/multi_threaded_executor.hpp:25[m[K,
                 from [01m[K/opt/ros/humble/include/rclcpp/rclcpp/executors.hpp:21[m[K,
                 from [01m[K/opt/ros/humble/include/rclcpp/rclcpp/rclcpp.hpp:155[m[K,
                 from [01m[K/home/ubuntu/Desktop/AK8064_ws_Jun/src/motor_driver/src/ControlMotor.cpp:1521[m[K:
[01m[K/opt/ros/humble/include/rclcpp/rclcpp/logger.hpp:114:3:[m[K [01;36m[Knote: [m[Kdeclared private here
  114 |   [01;36m[KLogger[m[K()
      |   [01;36m[K^~~~~~[m[K
[01m[K/home/ubuntu/Desktop/AK8064_ws_Jun/src/motor_driver/src/ControlMotor.cpp:2349:19:[m[K [01;31m[Kerror: [m[Kno matching function for call to â€˜[01m[KSafetyChecker::SafetyChecker()[m[Kâ€™
 2349 |     SafetyChecker [01;31m[Ksafety_checker_[m[K;
      |                   [01;31m[K^~~~~~~~~~~~~~~[m[K
[01m[K/home/ubuntu/Desktop/AK8064_ws_Jun/src/motor_driver/src/ControlMotor.cpp:1635:5:[m[K [01;36m[Knote: [m[Kcandidate: â€˜[01m[KSafetyChecker::SafetyChecker(float, float, int)[m[Kâ€™
 1635 |     [01;36m[KSafetyChecker[m[K(float min_angle, float max_angle, int max_temperature)
      |     [01;36m[K^~~~~~~~~~~~~[m[K
[01m[K/home/ubuntu/Desktop/AK8064_ws_Jun/src/motor_driver/src/ControlMotor.cpp:1635:5:[m[K [01;36m[Knote: [m[K  candidate expects 3 arguments, 0 provided
[01m[K/home/ubuntu/Desktop/AK8064_ws_Jun/src/motor_driver/src/ControlMotor.cpp:1633:7:[m[K [01;36m[Knote: [m[Kcandidate: â€˜[01m[Kconstexpr SafetyChecker::SafetyChecker(const SafetyChecker&)[m[Kâ€™
 1633 | class [01;36m[KSafetyChecker[m[K {
      |       [01;36m[K^~~~~~~~~~~~~[m[K
[01m[K/home/ubuntu/Desktop/AK8064_ws_Jun/src/motor_driver/src/ControlMotor.cpp:1633:7:[m[K [01;36m[Knote: [m[K  candidate expects 1 argument, 0 provided
[01m[K/home/ubuntu/Desktop/AK8064_ws_Jun/src/motor_driver/src/ControlMotor.cpp:1633:7:[m[K [01;36m[Knote: [m[Kcandidate: â€˜[01m[Kconstexpr SafetyChecker::SafetyChecker(SafetyChecker&&)[m[Kâ€™
[01m[K/home/ubuntu/Desktop/AK8064_ws_Jun/src/motor_driver/src/ControlMotor.cpp:1633:7:[m[K [01;36m[Knote: [m[K  candidate expects 1 argument, 0 provided
[01m[K/home/ubuntu/Desktop/AK8064_ws_Jun/src/motor_driver/src/ControlMotor.cpp:2350:20:[m[K [01;31m[Kerror: [m[Kno matching function for call to â€˜[01m[KStatePublisher::StatePublisher()[m[Kâ€™
 2350 |     StatePublisher [01;31m[Kstate_publisher_[m[K;
      |                    [01;31m[K^~~~~~~~~~~~~~~~[m[K
[01m[K/home/ubuntu/Desktop/AK8064_ws_Jun/src/motor_driver/src/ControlMotor.cpp:1660:5:[m[K [01;36m[Knote: [m[Kcandidate: â€˜[01m[KStatePublisher::StatePublisher(rclcpp::Node*, const string&)[m[Kâ€™
 1660 |     [01;36m[KStatePublisher[m[K(rclcpp::Node* node, const std::string& name)
      |     [01;36m[K^~~~~~~~~~~~~~[m[K
[01m[K/home/ubuntu/Desktop/AK8064_ws_Jun/src/motor_driver/src/ControlMotor.cpp:1660:5:[m[K [01;36m[Knote: [m[K  candidate expects 2 arguments, 0 provided
[01m[K/home/ubuntu/Desktop/AK8064_ws_Jun/src/motor_driver/src/ControlMotor.cpp:1658:7:[m[K [01;36m[Knote: [m[Kcandidate: â€˜[01m[KStatePublisher::StatePublisher(const StatePublisher&)[m[Kâ€™
 1658 | class [01;36m[KStatePublisher[m[K {
      |       [01;36m[K^~~~~~~~~~~~~~[m[K
[01m[K/home/ubuntu/Desktop/AK8064_ws_Jun/src/motor_driver/src/ControlMotor.cpp:1658:7:[m[K [01;36m[Knote: [m[K  candidate expects 1 argument, 0 provided
[01m[K/home/ubuntu/Desktop/AK8064_ws_Jun/src/motor_driver/src/ControlMotor.cpp:1658:7:[m[K [01;36m[Knote: [m[Kcandidate: â€˜[01m[KStatePublisher::StatePublisher(StatePublisher&&)[m[Kâ€™
[01m[K/home/ubuntu/Desktop/AK8064_ws_Jun/src/motor_driver/src/ControlMotor.cpp:1658:7:[m[K [01;36m[Knote: [m[K  candidate expects 1 argument, 0 provided
[01m[K/home/ubuntu/Desktop/AK8064_ws_Jun/src/motor_driver/src/ControlMotor.cpp:2355:1:[m[K [01;31m[Kerror: [m[Kexpected declaration before â€˜[01m[K}[m[Kâ€™ token
 2355 | [01;31m[K}[m[K;
      | [01;31m[K^[m[K
[01m[K/home/ubuntu/Desktop/AK8064_ws_Jun/src/motor_driver/src/ControlMotor.cpp:[m[K In constructor â€˜[01m[KMotorControlNode::MotorControlNode()[m[Kâ€™:
[01m[K/home/ubuntu/Desktop/AK8064_ws_Jun/src/motor_driver/src/ControlMotor.cpp:2377:79:[m[K [01;31m[Kerror: [m[Kno matching function for call to â€˜[01m[KMotorControlNode::create_service<rcl_interfaces::srv::SetParameters>(const char [36], MotorControlNode::MotorControlNode()::<lambda(std::shared_ptr<rcl_interfaces::srv::SetParameters_Request_<std::allocator<void> > >, std::shared_ptr<rcl_interfaces::srv::SetParameters_Response_<std::allocator<void> > >, size_t)>, int)[m[Kâ€™
 2377 | services_.push_back([01;31m[Kcreate_service<rcl_interfaces::srv::SetParameters>([m[K
      |                     [01;31m[K~~~~~~~~~~~~~~~~~~~~~~~~~~~~~~~~~~~~~~~~~~~~~~~~~~^[m[K

 2378 | [01;31m[K    "/motor1_control_node/set_parameters",[m[K
      |     [01;31m[K~~~~~~~~~~~~~~~~~~~~~~~~~~~~~~~~~~~~~~[m[K                             

 2379 | [01;31m[K    [this](const std::shared_ptr<rcl_interfaces::srv::SetParameters::Request> request,[m[K
      |     [01;31m[K~~~~~~~~~~~~~~~~~~~~~~~~~~~~~~~~~~~~~~~~~~~~~~~~~~~~~~~~~~~~~~~~~~~~~~~~~~~~~~~~~~[m[K

 2380 | [01;31m[K                  std::shared_ptr<rcl_interfaces::srv::SetParameters::Response> response,[m[K
      |                   [01;31m[K~~~~~~~~~~~~~~~~~~~~~~~~~~~~~~~~~~~~~~~~~~~~~~~~~~~~~~~~~~~~~~~~~~~~~~~[m[K

 2381 | [01;31m[K                  size_t index) { setParametersCallback(request, response, index); }, 0)[m[K);
      |                   [01;31m[K~~~~~~~~~~~~~~~~~~~~~~~~~~~~~~~~~~~~~~~~~~~~~~~~~~~~~~~~~~~~~~~~~~~~~~[m[K

In file included from [01m[K/opt/ros/humble/include/rclcpp/rclcpp/executors/single_threaded_executor.hpp:28[m[K,
                 from [01m[K/opt/ros/humble/include/rclcpp/rclcpp/executors.hpp:22[m[K,
                 from [01m[K/opt/ros/humble/include/rclcpp/rclcpp/rclcpp.hpp:155[m[K,
                 from [01m[K/home/ubuntu/Desktop/AK8064_ws_Jun/src/motor_driver/src/ControlMotor.cpp:1521[m[K:
[01m[K/opt/ros/humble/include/rclcpp/rclcpp/node.hpp:267:3:[m[K [01;36m[Knote: [m[Kcandidate: â€˜[01m[Ktemplate<class ServiceT, class CallbackT> typename rclcpp::Service<ServiceT>::SharedPtr rclcpp::Node::create_service(const string&, CallbackT&&, const rmw_qos_profile_t&, rclcpp::CallbackGroup::SharedPtr)[m[Kâ€™
  267 |   [01;36m[Kcreate_service[m[K(
      |   [01;36m[K^~~~~~~~~~~~~~[m[K
[01m[K/opt/ros/humble/include/rclcpp/rclcpp/node.hpp:267:3:[m[K [01;36m[Knote: [m[K  template argument deduction/substitution failed:
[01m[K/home/ubuntu/Desktop/AK8064_ws_Jun/src/motor_driver/src/ControlMotor.cpp:2381:95:[m[K [01;36m[Knote: [m[K  cannot convert â€˜[01m[K0[m[Kâ€™ (type â€˜[01m[Kint[m[Kâ€™) to type â€˜[01m[Kconst rmw_qos_profile_t&[m[Kâ€™ {aka â€˜[01m[Kconst rmw_qos_profile_s&[m[Kâ€™}
 2381 | ize_t index) { setParametersCallback(request, response, index); }, [01;36m[K0[m[K));
      |                                                                    [01;36m[K^[m[K

[01m[K/home/ubuntu/Desktop/AK8064_ws_Jun/src/motor_driver/src/ControlMotor.cpp:2382:79:[m[K [01;31m[Kerror: [m[Kno matching function for call to â€˜[01m[KMotorControlNode::create_service<rcl_interfaces::srv::SetParameters>(const char [36], MotorControlNode::MotorControlNode()::<lambda(std::shared_ptr<rcl_interfaces::srv::SetParameters_Request_<std::allocator<void> > >, std::shared_ptr<rcl_interfaces::srv::SetParameters_Response_<std::allocator<void> > >, size_t)>, int)[m[Kâ€™
 2382 | services_.push_back([01;31m[Kcreate_service<rcl_interfaces::srv::SetParameters>([m[K
      |                     [01;31m[K~~~~~~~~~~~~~~~~~~~~~~~~~~~~~~~~~~~~~~~~~~~~~~~~~~^[m[K

 2383 | [01;31m[K    "/motor2_control_node/set_parameters",[m[K
      |     [01;31m[K~~~~~~~~~~~~~~~~~~~~~~~~~~~~~~~~~~~~~~[m[K                             

 2384 | [01;31m[K    [this](std::shared_ptr<rcl_interfaces::srv::SetParameters::Request> request,[m[K
      |     [01;31m[K~~~~~~~~~~~~~~~~~~~~~~~~~~~~~~~~~~~~~~~~~~~~~~~~~~~~~~~~~~~~~~~~~~~~~~~~~~~~[m[K

 2385 | [01;31m[K                 std::shared_ptr<rcl_interfaces::srv::SetParameters::Response> response,[m[K
      |                  [01;31m[K~~~~~~~~~~~~~~~~~~~~~~~~~~~~~~~~~~~~~~~~~~~~~~~~~~~~~~~~~~~~~~~~~~~~~~~[m[K

 2386 | [01;31m[K                 size_t index) { setParametersCallback(request, response, index); }, 1)[m[K);
      |                  [01;31m[K~~~~~~~~~~~~~~~~~~~~~~~~~~~~~~~~~~~~~~~~~~~~~~~~~~~~~~~~~~~~~~~~~~~~~~[m[K

In file included from [01m[K/opt/ros/humble/include/rclcpp/rclcpp/executors/single_threaded_executor.hpp:28[m[K,
                 from [01m[K/opt/ros/humble/include/rclcpp/rclcpp/executors.hpp:22[m[K,
                 from [01m[K/opt/ros/humble/include/rclcpp/rclcpp/rclcpp.hpp:155[m[K,
                 from [01m[K/home/ubuntu/Desktop/AK8064_ws_Jun/src/motor_driver/src/ControlMotor.cpp:1521[m[K:
[01m[K/opt/ros/humble/include/rclcpp/rclcpp/node.hpp:267:3:[m[K [01;36m[Knote: [m[Kcandidate: â€˜[01m[Ktemplate<class ServiceT, class CallbackT> typename rclcpp::Service<ServiceT>::SharedPtr rclcpp::Node::create_service(const string&, CallbackT&&, const rmw_qos_profile_t&, rclcpp::CallbackGroup::SharedPtr)[m[Kâ€™
  267 |   [01;36m[Kcreate_service[m[K(
      |   [01;36m[K^~~~~~~~~~~~~~[m[K
[01m[K/opt/ros/humble/include/rclcpp/rclcpp/node.hpp:267:3:[m[K [01;36m[Knote: [m[K  template argument deduction/substitution failed:
[01m[K/home/ubuntu/Desktop/AK8064_ws_Jun/src/motor_driver/src/ControlMotor.cpp:2386:94:[m[K [01;36m[Knote: [m[K  cannot convert â€˜[01m[K1[m[Kâ€™ (type â€˜[01m[Kint[m[Kâ€™) to type â€˜[01m[Kconst rmw_qos_profile_t&[m[Kâ€™ {aka â€˜[01m[Kconst rmw_qos_profile_s&[m[Kâ€™}
 2386 | ize_t index) { setParametersCallback(request, response, index); }, [01;36m[K1[m[K));
      |                                                                    [01;36m[K^[m[K

[01m[K/home/ubuntu/Desktop/AK8064_ws_Jun/src/motor_driver/src/ControlMotor.cpp:[m[K In member function â€˜[01m[Kvoid MotorControlNode::controlLoop()[m[Kâ€™:
[01m[K/home/ubuntu/Desktop/AK8064_ws_Jun/src/motor_driver/src/ControlMotor.cpp:2412:92:[m[K [01;31m[Kerror: [m[Kâ€˜[01m[Kstruct MotorData[m[Kâ€™ has no member named â€˜[01m[Kcurrent_data[m[Kâ€™
 2412 | ecodeMotorData(raw_data, data.position, data.velocity, data.[01;31m[Kcurrent_data[m[K,
      |                                                             [01;31m[K^~~~~~~~~~~~[m[K

[01m[K/home/ubuntu/Desktop/AK8064_ws_Jun/src/motor_driver/src/ControlMotor.cpp:2414:59:[m[K [01;31m[Kerror: [m[Kâ€˜[01m[KVELOCITY_CONVERSION_FACTOR[m[Kâ€™ is not a member of â€˜[01m[KMotorController[m[Kâ€™
 2414 |                         data.velocity *= MotorController::[01;31m[KVELOCITY_CONVERSION_FACTOR[m[K;
      |                                                           [01;31m[K^~~~~~~~~~~~~~~~~~~~~~~~~~[m[K
gmake[2]: *** [CMakeFiles/ControlMotor.dir/build.make:76: CMakeFiles/ControlMotor.dir/src/ControlMotor.cpp.o] Error 1
gmake[1]: *** [CMakeFiles/Makefile2:137: CMakeFiles/ControlMotor.dir/all] Error 2
gmake: *** [Makefile:146: all] Error 2
