[01m[K/home/ubuntu/Desktop/AK8064_ws_Jun/src/motor_driver/src/ControlMotor.cpp:1668:6:[m[K [01;31m[Kerror: [m[Kexpected â€˜[01m[K;[m[Kâ€™ after class definition
 1668 |     }
      |      [01;31m[K^[m[K
      |      [32m[K;[m[K
[01m[K/home/ubuntu/Desktop/AK8064_ws_Jun/src/motor_driver/src/ControlMotor.cpp:[m[K In constructor â€˜[01m[KMotorController::MotorController(uint8_t, std::shared_ptr<ICANInterface>, rclcpp::Node*, const string&)[m[Kâ€™:
[01m[K/home/ubuntu/Desktop/AK8064_ws_Jun/src/motor_driver/src/ControlMotor.cpp:1168:11:[m[K [01;31m[Kerror: [m[Kclass â€˜[01m[KMotorController[m[Kâ€™ does not have any field named â€˜[01m[Kmotor_id_[m[Kâ€™
 1168 |         : [01;31m[Kmotor_id_[m[K(motor_id), can_(can), node_(node), logger_(node->get_logger()),
      |           [01;31m[K^~~~~~~~~[m[K
[01m[K/home/ubuntu/Desktop/AK8064_ws_Jun/src/motor_driver/src/ControlMotor.cpp:1168:32:[m[K [01;31m[Kerror: [m[Kclass â€˜[01m[KMotorController[m[Kâ€™ does not have any field named â€˜[01m[Kcan_[m[Kâ€™
 1168 |         : motor_id_(motor_id), [01;31m[Kcan_[m[K(can), node_(node), logger_(node->get_logger()),
      |                                [01;31m[K^~~~[m[K
[01m[K/home/ubuntu/Desktop/AK8064_ws_Jun/src/motor_driver/src/ControlMotor.cpp:1168:43:[m[K [01;31m[Kerror: [m[Kclass â€˜[01m[KMotorController[m[Kâ€™ does not have any field named â€˜[01m[Knode_[m[Kâ€™
 1168 |         : motor_id_(motor_id), can_(can), [01;31m[Knode_[m[K(node), logger_(node->get_logger()),
      |                                           [01;31m[K^~~~~[m[K
[01m[K/home/ubuntu/Desktop/AK8064_ws_Jun/src/motor_driver/src/ControlMotor.cpp:1168:56:[m[K [01;31m[Kerror: [m[Kclass â€˜[01m[KMotorController[m[Kâ€™ does not have any field named â€˜[01m[Klogger_[m[Kâ€™
 1168 |         : motor_id_(motor_id), can_(can), node_(node), [01;31m[Klogger_[m[K(node->get_logger()),
      |                                                        [01;31m[K^~~~~~~[m[K
[01m[K/home/ubuntu/Desktop/AK8064_ws_Jun/src/motor_driver/src/ControlMotor.cpp:1169:11:[m[K [01;31m[Kerror: [m[Kclass â€˜[01m[KMotorController[m[Kâ€™ does not have any field named â€˜[01m[Kstate_[m[Kâ€™
 1169 |           [01;31m[Kstate_[m[K(State::INITIALIZING), mode_(Mode::MANUAL), is_origin_set_(false),
      |           [01;31m[K^~~~~~[m[K
[01m[K/home/ubuntu/Desktop/AK8064_ws_Jun/src/motor_driver/src/ControlMotor.cpp:1169:40:[m[K [01;31m[Kerror: [m[Kclass â€˜[01m[KMotorController[m[Kâ€™ does not have any field named â€˜[01m[Kmode_[m[Kâ€™
 1169 |           state_(State::INITIALIZING), [01;31m[Kmode_[m[K(Mode::MANUAL), is_origin_set_(false),
      |                                        [01;31m[K^~~~~[m[K
[01m[K/home/ubuntu/Desktop/AK8064_ws_Jun/src/motor_driver/src/ControlMotor.cpp:1169:61:[m[K [01;31m[Kerror: [m[Kclass â€˜[01m[KMotorController[m[Kâ€™ does not have any field named â€˜[01m[Kis_origin_set_[m[Kâ€™
 1169 |           state_(State::INITIALIZING), mode_(Mode::MANUAL), [01;31m[Kis_origin_set_[m[K(false),
      |                                                             [01;31m[K^~~~~~~~~~~~~~[m[K
[01m[K/home/ubuntu/Desktop/AK8064_ws_Jun/src/motor_driver/src/ControlMotor.cpp:1170:11:[m[K [01;31m[Kerror: [m[Kclass â€˜[01m[KMotorController[m[Kâ€™ does not have any field named â€˜[01m[Kis_home_[m[Kâ€™
 1170 |           [01;31m[Kis_home_[m[K(false), current_target_index_(0), reach_counter_(0),
      |           [01;31m[K^~~~~~~~[m[K
[01m[K/home/ubuntu/Desktop/AK8064_ws_Jun/src/motor_driver/src/ControlMotor.cpp:1170:28:[m[K [01;31m[Kerror: [m[Kclass â€˜[01m[KMotorController[m[Kâ€™ does not have any field named â€˜[01m[Kcurrent_target_index_[m[Kâ€™
 1170 |           is_home_(false), [01;31m[Kcurrent_target_index_[m[K(0), reach_counter_(0),
      |                            [01;31m[K^~~~~~~~~~~~~~~~~~~~~[m[K
[01m[K/home/ubuntu/Desktop/AK8064_ws_Jun/src/motor_driver/src/ControlMotor.cpp:1170:54:[m[K [01;31m[Kerror: [m[Kclass â€˜[01m[KMotorController[m[Kâ€™ does not have any field named â€˜[01m[Kreach_counter_[m[Kâ€™
 1170 |           is_home_(false), current_target_index_(0), [01;31m[Kreach_counter_[m[K(0),
      |                                                      [01;31m[K^~~~~~~~~~~~~~[m[K
[01m[K/home/ubuntu/Desktop/AK8064_ws_Jun/src/motor_driver/src/ControlMotor.cpp:1171:11:[m[K [01;31m[Kerror: [m[Kclass â€˜[01m[KMotorController[m[Kâ€™ does not have any field named â€˜[01m[Ktarget_reached_[m[Kâ€™
 1171 |           [01;31m[Ktarget_reached_[m[K(true), speed_(10000.0), accel_(1000.0), min_angle_(-20.0),
      |           [01;31m[K^~~~~~~~~~~~~~~[m[K
[01m[K/home/ubuntu/Desktop/AK8064_ws_Jun/src/motor_driver/src/ControlMotor.cpp:1171:34:[m[K [01;31m[Kerror: [m[Kclass â€˜[01m[KMotorController[m[Kâ€™ does not have any field named â€˜[01m[Kspeed_[m[Kâ€™
 1171 |           target_reached_(true), [01;31m[Kspeed_[m[K(10000.0), accel_(1000.0), min_angle_(-20.0),
      |                                  [01;31m[K^~~~~~[m[K
[01m[K/home/ubuntu/Desktop/AK8064_ws_Jun/src/motor_driver/src/ControlMotor.cpp:1171:51:[m[K [01;31m[Kerror: [m[Kclass â€˜[01m[KMotorController[m[Kâ€™ does not have any field named â€˜[01m[Kaccel_[m[Kâ€™
 1171 |           target_reached_(true), speed_(10000.0), [01;31m[Kaccel_[m[K(1000.0), min_angle_(-20.0),
      |                                                   [01;31m[K^~~~~~[m[K
[01m[K/home/ubuntu/Desktop/AK8064_ws_Jun/src/motor_driver/src/ControlMotor.cpp:1171:67:[m[K [01;31m[Kerror: [m[Kclass â€˜[01m[KMotorController[m[Kâ€™ does not have any field named â€˜[01m[Kmin_angle_[m[Kâ€™
 1171 |           target_reached_(true), speed_(10000.0), accel_(1000.0), [01;31m[Kmin_angle_[m[K(-20.0),
      |                                                                   [01;31m[K^~~~~~~~~~[m[K
[01m[K/home/ubuntu/Desktop/AK8064_ws_Jun/src/motor_driver/src/ControlMotor.cpp:1172:11:[m[K [01;31m[Kerror: [m[Kclass â€˜[01m[KMotorController[m[Kâ€™ does not have any field named â€˜[01m[Kmax_angle_[m[Kâ€™
 1172 |           [01;31m[Kmax_angle_[m[K(90.0), step_(5), target_position_(0.0), pause_position_(0.0),
      |           [01;31m[K^~~~~~~~~~[m[K
[01m[K/home/ubuntu/Desktop/AK8064_ws_Jun/src/motor_driver/src/ControlMotor.cpp:1172:29:[m[K [01;31m[Kerror: [m[Kclass â€˜[01m[KMotorController[m[Kâ€™ does not have any field named â€˜[01m[Kstep_[m[Kâ€™
 1172 |           max_angle_(90.0), [01;31m[Kstep_[m[K(5), target_position_(0.0), pause_position_(0.0),
      |                             [01;31m[K^~~~~[m[K
[01m[K/home/ubuntu/Desktop/AK8064_ws_Jun/src/motor_driver/src/ControlMotor.cpp:1172:39:[m[K [01;31m[Kerror: [m[Kclass â€˜[01m[KMotorController[m[Kâ€™ does not have any field named â€˜[01m[Ktarget_position_[m[Kâ€™
 1172 |           max_angle_(90.0), step_(5), [01;31m[Ktarget_position_[m[K(0.0), pause_position_(0.0),
      |                                       [01;31m[K^~~~~~~~~~~~~~~~[m[K
[01m[K/home/ubuntu/Desktop/AK8064_ws_Jun/src/motor_driver/src/ControlMotor.cpp:1172:62:[m[K [01;31m[Kerror: [m[Kclass â€˜[01m[KMotorController[m[Kâ€™ does not have any field named â€˜[01m[Kpause_position_[m[Kâ€™
 1172 |           max_angle_(90.0), step_(5), target_position_(0.0), [01;31m[Kpause_position_[m[K(0.0),
      |                                                              [01;31m[K^~~~~~~~~~~~~~~[m[K
[01m[K/home/ubuntu/Desktop/AK8064_ws_Jun/src/motor_driver/src/ControlMotor.cpp:1173:11:[m[K [01;31m[Kerror: [m[Kclass â€˜[01m[KMotorController[m[Kâ€™ does not have any field named â€˜[01m[Kreach_count_max_[m[Kâ€™
 1173 |           [01;31m[Kreach_count_max_[m[K(100), safety_checker_(min_angle_, max_angle_, MAX_MOTOR_TEMPERATURE),
      |           [01;31m[K^~~~~~~~~~~~~~~~[m[K
[01m[K/home/ubuntu/Desktop/AK8064_ws_Jun/src/motor_driver/src/ControlMotor.cpp:1173:34:[m[K [01;31m[Kerror: [m[Kclass â€˜[01m[KMotorController[m[Kâ€™ does not have any field named â€˜[01m[Ksafety_checker_[m[Kâ€™
 1173 |           reach_count_max_(100), [01;31m[Ksafety_checker_[m[K(min_angle_, max_angle_, MAX_MOTOR_TEMPERATURE),
      |                                  [01;31m[K^~~~~~~~~~~~~~~[m[K
[01m[K/home/ubuntu/Desktop/AK8064_ws_Jun/src/motor_driver/src/ControlMotor.cpp:1173:50:[m[K [01;31m[Kerror: [m[Kâ€˜[01m[Kmin_angle_[m[Kâ€™ was not declared in this scope
 1173 |           reach_count_max_(100), safety_checker_([01;31m[Kmin_angle_[m[K, max_angle_, MAX_MOTOR_TEMPERATURE),
      |                                                  [01;31m[K^~~~~~~~~~[m[K
[01m[K/home/ubuntu/Desktop/AK8064_ws_Jun/src/motor_driver/src/ControlMotor.cpp:1173:62:[m[K [01;31m[Kerror: [m[Kâ€˜[01m[Kmax_angle_[m[Kâ€™ was not declared in this scope
 1173 |           reach_count_max_(100), safety_checker_(min_angle_, [01;31m[Kmax_angle_[m[K, MAX_MOTOR_TEMPERATURE),
      |                                                              [01;31m[K^~~~~~~~~~[m[K
[01m[K/home/ubuntu/Desktop/AK8064_ws_Jun/src/motor_driver/src/ControlMotor.cpp:1173:74:[m[K [01;31m[Kerror: [m[Kâ€˜[01m[KMAX_MOTOR_TEMPERATURE[m[Kâ€™ was not declared in this scope
 1173 |           reach_count_max_(100), safety_checker_(min_angle_, max_angle_, [01;31m[KMAX_MOTOR_TEMPERATURE[m[K),
      |                                                                          [01;31m[K^~~~~~~~~~~~~~~~~~~~~[m[K
[01m[K/home/ubuntu/Desktop/AK8064_ws_Jun/src/motor_driver/src/ControlMotor.cpp:1174:11:[m[K [01;31m[Kerror: [m[Kclass â€˜[01m[KMotorController[m[Kâ€™ does not have any field named â€˜[01m[Kstate_publisher_[m[Kâ€™
 1174 |           [01;31m[Kstate_publisher_[m[K(node, name), param_prefix_(name + "."),
      |           [01;31m[K^~~~~~~~~~~~~~~~[m[K
[01m[K/home/ubuntu/Desktop/AK8064_ws_Jun/src/motor_driver/src/ControlMotor.cpp:1174:41:[m[K [01;31m[Kerror: [m[Kclass â€˜[01m[KMotorController[m[Kâ€™ does not have any field named â€˜[01m[Kparam_prefix_[m[Kâ€™
 1174 |           state_publisher_(node, name), [01;31m[Kparam_prefix_[m[K(name + "."),
      |                                         [01;31m[K^~~~~~~~~~~~~[m[K
[01m[K/home/ubuntu/Desktop/AK8064_ws_Jun/src/motor_driver/src/ControlMotor.cpp:1175:11:[m[K [01;31m[Kerror: [m[Kclass â€˜[01m[KMotorController[m[Kâ€™ does not have any field named â€˜[01m[Klast_command_[m[Kâ€™
 1175 |           [01;31m[Klast_command_[m[K(), pre_pause_command_(), last_command_time_(node_->now()),
      |           [01;31m[K^~~~~~~~~~~~~[m[K
[01m[K/home/ubuntu/Desktop/AK8064_ws_Jun/src/motor_driver/src/ControlMotor.cpp:1175:28:[m[K [01;31m[Kerror: [m[Kclass â€˜[01m[KMotorController[m[Kâ€™ does not have any field named â€˜[01m[Kpre_pause_command_[m[Kâ€™
 1175 |           last_command_(), [01;31m[Kpre_pause_command_[m[K(), last_command_time_(node_->now()),
      |                            [01;31m[K^~~~~~~~~~~~~~~~~~[m[K
[01m[K/home/ubuntu/Desktop/AK8064_ws_Jun/src/motor_driver/src/ControlMotor.cpp:1175:50:[m[K [01;31m[Kerror: [m[Kclass â€˜[01m[KMotorController[m[Kâ€™ does not have any field named â€˜[01m[Klast_command_time_[m[Kâ€™
 1175 |           last_command_(), pre_pause_command_(), [01;31m[Klast_command_time_[m[K(node_->now()),
      |                                                  [01;31m[K^~~~~~~~~~~~~~~~~~[m[K
[01m[K/home/ubuntu/Desktop/AK8064_ws_Jun/src/motor_driver/src/ControlMotor.cpp:1175:69:[m[K [01;31m[Kerror: [m[Kâ€˜[01m[Knode_[m[Kâ€™ was not declared in this scope; did you mean â€˜[01m[Knode[m[Kâ€™?
 1175 |           last_command_(), pre_pause_command_(), last_command_time_([01;31m[Knode_[m[K->now()),
      |                                                                     [01;31m[K^~~~~[m[K
      |                                                                     [32m[Knode[m[K
[01m[K/home/ubuntu/Desktop/AK8064_ws_Jun/src/motor_driver/src/ControlMotor.cpp:1176:11:[m[K [01;31m[Kerror: [m[Kclass â€˜[01m[KMotorController[m[Kâ€™ does not have any field named â€˜[01m[Krepeat_[m[Kâ€™
 1176 |           [01;31m[Krepeat_[m[K(1) {
      |           [01;31m[K^~~~~~~[m[K
[01m[K/home/ubuntu/Desktop/AK8064_ws_Jun/src/motor_driver/src/ControlMotor.cpp:1177:9:[m[K [01;31m[Kerror: [m[Kâ€˜[01m[KinitializeParameters[m[Kâ€™ was not declared in this scope
 1177 |         [01;31m[KinitializeParameters[m[K();
      |         [01;31m[K^~~~~~~~~~~~~~~~~~~~[m[K
[01m[K/home/ubuntu/Desktop/AK8064_ws_Jun/src/motor_driver/src/ControlMotor.cpp:1178:9:[m[K [01;31m[Kerror: [m[Kâ€˜[01m[KsetOrigin[m[Kâ€™ was not declared in this scope; did you mean â€˜[01m[Ksetregid[m[Kâ€™?
 1178 |         [01;31m[KsetOrigin[m[K();
      |         [01;31m[K^~~~~~~~~[m[K
      |         [32m[Ksetregid[m[K
[01m[K/home/ubuntu/Desktop/AK8064_ws_Jun/src/motor_driver/src/ControlMotor.cpp:[m[K In member function â€˜[01m[Kvirtual void MotorController::handleCommand(const string&)[m[Kâ€™:
[01m[K/home/ubuntu/Desktop/AK8064_ws_Jun/src/motor_driver/src/ControlMotor.cpp:1184:64:[m[K [01;31m[Kerror: [m[Kâ€˜[01m[Kmotor_id_[m[Kâ€™ was not declared in this scope; did you mean â€˜[01m[KmotorId[m[Kâ€™?
 1184 |         response << "Motor 0x" << std::hex << static_cast<int>([01;31m[Kmotor_id_[m[K) << ": ";
      |                                                                [01;31m[K^~~~~~~~~[m[K
      |                                                                [32m[KmotorId[m[K
[01m[K/home/ubuntu/Desktop/AK8064_ws_Jun/src/motor_driver/src/ControlMotor.cpp:1186:14:[m[K [01;31m[Kerror: [m[Kâ€˜[01m[Kis_origin_set_[m[Kâ€™ was not declared in this scope; did you mean â€˜[01m[KisOriginSet[m[Kâ€™?
 1186 |         if (![01;31m[Kis_origin_set_[m[K) {
      |              [01;31m[K^~~~~~~~~~~~~~[m[K
      |              [32m[KisOriginSet[m[K
In file included from [01m[K/opt/ros/humble/include/rclcpp/rclcpp/client.hpp:40[m[K,
                 from [01m[K/opt/ros/humble/include/rclcpp/rclcpp/callback_group.hpp:24[m[K,
                 from [01m[K/opt/ros/humble/include/rclcpp/rclcpp/any_executable.hpp:20[m[K,
                 from [01m[K/opt/ros/humble/include/rclcpp/rclcpp/memory_strategy.hpp:25[m[K,
                 from [01m[K/opt/ros/humble/include/rclcpp/rclcpp/memory_strategies.hpp:18[m[K,
                 from [01m[K/opt/ros/humble/include/rclcpp/rclcpp/executor_options.hpp:20[m[K,
                 from [01m[K/opt/ros/humble/include/rclcpp/rclcpp/executor.hpp:37[m[K,
                 from [01m[K/opt/ros/humble/include/rclcpp/rclcpp/executors/multi_threaded_executor.hpp:25[m[K,
                 from [01m[K/opt/ros/humble/include/rclcpp/rclcpp/executors.hpp:21[m[K,
                 from [01m[K/opt/ros/humble/include/rclcpp/rclcpp/rclcpp.hpp:155[m[K,
                 from [01m[K/home/ubuntu/Desktop/AK8064_ws_Jun/src/motor_driver/src/ControlMotor.cpp:958[m[K:
[01m[K/home/ubuntu/Desktop/AK8064_ws_Jun/src/motor_driver/src/ControlMotor.cpp:1188:25:[m[K [01;31m[Kerror: [m[Kâ€˜[01m[Klogger_[m[Kâ€™ was not declared in this scope
 1188 |             RCLCPP_WARN([01;31m[Klogger_[m[K, "%s", response.str().c_str());
      |                         [01;31m[K^~~~~~~[m[K
[01m[K/home/ubuntu/Desktop/AK8064_ws_Jun/src/motor_driver/src/ControlMotor.cpp:1188:13:[m[K [01;31m[Kerror: [m[Ktemplate argument 1 is invalid
 1188 |             [01;31m[KRCLCPP_WARN[m[K(logger_, "%s", response.str().c_str());
      |             [01;31m[K^~~~~~~~~~~[m[K
[01m[K/home/ubuntu/Desktop/AK8064_ws_Jun/src/motor_driver/src/ControlMotor.cpp:1188:13:[m[K [01;31m[Kerror: [m[Ktemplate argument 1 is invalid
 1188 |             [01;31m[KRCLCPP_WARN[m[K(logger_, "%s", response.str().c_str());
      |             [01;31m[K^~~~~~~~~~~[m[K
[01m[K/home/ubuntu/Desktop/AK8064_ws_Jun/src/motor_driver/src/ControlMotor.cpp:1188:13:[m[K [01;31m[Kerror: [m[Ktemplate argument 1 is invalid
 1188 |             [01;31m[KRCLCPP_WARN[m[K(logger_, "%s", response.str().c_str());
      |             [01;31m[K^~~~~~~~~~~[m[K
[01m[K/home/ubuntu/Desktop/AK8064_ws_Jun/src/motor_driver/src/ControlMotor.cpp:1189:13:[m[K [01;31m[Kerror: [m[Kâ€˜[01m[Kstate_publisher_[m[Kâ€™ was not declared in this scope; did you mean â€˜[01m[KStatePublisher[m[Kâ€™?
 1189 |             [01;31m[Kstate_publisher_[m[K.publishResponse(response.str());
      |             [01;31m[K^~~~~~~~~~~~~~~~[m[K
      |             [32m[KStatePublisher[m[K
[01m[K/home/ubuntu/Desktop/AK8064_ws_Jun/src/motor_driver/src/ControlMotor.cpp:1193:14:[m[K [01;31m[Kerror: [m[Kâ€˜[01m[Kis_home_[m[Kâ€™ was not declared in this scope
 1193 |         if (![01;31m[Kis_home_[m[K && last_data_.position == 0.0) {
      |              [01;31m[K^~~~~~~~[m[K
[01m[K/home/ubuntu/Desktop/AK8064_ws_Jun/src/motor_driver/src/ControlMotor.cpp:1193:26:[m[K [01;31m[Kerror: [m[Kâ€˜[01m[Klast_data_[m[Kâ€™ was not declared in this scope
 1193 |         if (!is_home_ && [01;31m[Klast_data_[m[K.position == 0.0) {
      |                          [01;31m[K^~~~~~~~~~[m[K
In file included from [01m[K/opt/ros/humble/include/rclcpp/rclcpp/client.hpp:40[m[K,
                 from [01m[K/opt/ros/humble/include/rclcpp/rclcpp/callback_group.hpp:24[m[K,
                 from [01m[K/opt/ros/humble/include/rclcpp/rclcpp/any_executable.hpp:20[m[K,
                 from [01m[K/opt/ros/humble/include/rclcpp/rclcpp/memory_strategy.hpp:25[m[K,
                 from [01m[K/opt/ros/humble/include/rclcpp/rclcpp/memory_strategies.hpp:18[m[K,
                 from [01m[K/opt/ros/humble/include/rclcpp/rclcpp/executor_options.hpp:20[m[K,
                 from [01m[K/opt/ros/humble/include/rclcpp/rclcpp/executor.hpp:37[m[K,
                 from [01m[K/opt/ros/humble/include/rclcpp/rclcpp/executors/multi_threaded_executor.hpp:25[m[K,
                 from [01m[K/opt/ros/humble/include/rclcpp/rclcpp/executors.hpp:21[m[K,
                 from [01m[K/opt/ros/humble/include/rclcpp/rclcpp/rclcpp.hpp:155[m[K,
                 from [01m[K/home/ubuntu/Desktop/AK8064_ws_Jun/src/motor_driver/src/ControlMotor.cpp:958[m[K:
[01m[K/home/ubuntu/Desktop/AK8064_ws_Jun/src/motor_driver/src/ControlMotor.cpp:1195:25:[m[K [01;31m[Kerror: [m[Kâ€˜[01m[Klogger_[m[Kâ€™ was not declared in this scope
 1195 |             RCLCPP_WARN([01;31m[Klogger_[m[K, "%s", response.str().c_str());
      |                         [01;31m[K^~~~~~~[m[K
[01m[K/home/ubuntu/Desktop/AK8064_ws_Jun/src/motor_driver/src/ControlMotor.cpp:1195:13:[m[K [01;31m[Kerror: [m[Ktemplate argument 1 is invalid
 1195 |             [01;31m[KRCLCPP_WARN[m[K(logger_, "%s", response.str().c_str());
      |             [01;31m[K^~~~~~~~~~~[m[K
[01m[K/home/ubuntu/Desktop/AK8064_ws_Jun/src/motor_driver/src/ControlMotor.cpp:1195:13:[m[K [01;31m[Kerror: [m[Ktemplate argument 1 is invalid
 1195 |             [01;31m[KRCLCPP_WARN[m[K(logger_, "%s", response.str().c_str());
      |             [01;31m[K^~~~~~~~~~~[m[K
[01m[K/home/ubuntu/Desktop/AK8064_ws_Jun/src/motor_driver/src/ControlMotor.cpp:1195:13:[m[K [01;31m[Kerror: [m[Ktemplate argument 1 is invalid
 1195 |             [01;31m[KRCLCPP_WARN[m[K(logger_, "%s", response.str().c_str());
      |             [01;31m[K^~~~~~~~~~~[m[K
[01m[K/home/ubuntu/Desktop/AK8064_ws_Jun/src/motor_driver/src/ControlMotor.cpp:1196:13:[m[K [01;31m[Kerror: [m[Kâ€˜[01m[Kstate_publisher_[m[Kâ€™ was not declared in this scope; did you mean â€˜[01m[KStatePublisher[m[Kâ€™?
 1196 |             [01;31m[Kstate_publisher_[m[K.publishResponse(response.str());
      |             [01;31m[K^~~~~~~~~~~~~~~~[m[K
      |             [32m[KStatePublisher[m[K
[01m[K/home/ubuntu/Desktop/AK8064_ws_Jun/src/motor_driver/src/ControlMotor.cpp:1201:17:[m[K [01;31m[Kerror: [m[Kâ€˜[01m[Klast_data_[m[Kâ€™ was not declared in this scope
 1201 |             if ([01;31m[Klast_data_[m[K.position < 0.0 || last_data_.position > 90.0) {
      |                 [01;31m[K^~~~~~~~~~[m[K
In file included from [01m[K/opt/ros/humble/include/rclcpp/rclcpp/client.hpp:40[m[K,
                 from [01m[K/opt/ros/humble/include/rclcpp/rclcpp/callback_group.hpp:24[m[K,
                 from [01m[K/opt/ros/humble/include/rclcpp/rclcpp/any_executable.hpp:20[m[K,
                 from [01m[K/opt/ros/humble/include/rclcpp/rclcpp/memory_strategy.hpp:25[m[K,
                 from [01m[K/opt/ros/humble/include/rclcpp/rclcpp/memory_strategies.hpp:18[m[K,
                 from [01m[K/opt/ros/humble/include/rclcpp/rclcpp/executor_options.hpp:20[m[K,
                 from [01m[K/opt/ros/humble/include/rclcpp/rclcpp/executor.hpp:37[m[K,
                 from [01m[K/opt/ros/humble/include/rclcpp/rclcpp/executors/multi_threaded_executor.hpp:25[m[K,
                 from [01m[K/opt/ros/humble/include/rclcpp/rclcpp/executors.hpp:21[m[K,
                 from [01m[K/opt/ros/humble/include/rclcpp/rclcpp/rclcpp.hpp:155[m[K,
                 from [01m[K/home/ubuntu/Desktop/AK8064_ws_Jun/src/motor_driver/src/ControlMotor.cpp:958[m[K:
[01m[K/home/ubuntu/Desktop/AK8064_ws_Jun/src/motor_driver/src/ControlMotor.cpp:1203:30:[m[K [01;31m[Kerror: [m[Kâ€˜[01m[Klogger_[m[Kâ€™ was not declared in this scope
 1203 |                 RCLCPP_ERROR([01;31m[Klogger_[m[K, "%s", response.str().c_str());
      |                              [01;31m[K^~~~~~~[m[K
[01m[K/home/ubuntu/Desktop/AK8064_ws_Jun/src/motor_driver/src/ControlMotor.cpp:1203:17:[m[K [01;31m[Kerror: [m[Ktemplate argument 1 is invalid
 1203 |                 [01;31m[KRCLCPP_ERROR[m[K(logger_, "%s", response.str().c_str());
      |                 [01;31m[K^~~~~~~~~~~~[m[K
[01m[K/home/ubuntu/Desktop/AK8064_ws_Jun/src/motor_driver/src/ControlMotor.cpp:1203:17:[m[K [01;31m[Kerror: [m[Ktemplate argument 1 is invalid
 1203 |                 [01;31m[KRCLCPP_ERROR[m[K(logger_, "%s", response.str().c_str());
      |                 [01;31m[K^~~~~~~~~~~~[m[K
[01m[K/home/ubuntu/Desktop/AK8064_ws_Jun/src/motor_driver/src/ControlMotor.cpp:1203:17:[m[K [01;31m[Kerror: [m[Ktemplate argument 1 is invalid
 1203 |                 [01;31m[KRCLCPP_ERROR[m[K(logger_, "%s", response.str().c_str());
      |                 [01;31m[K^~~~~~~~~~~~[m[K
[01m[K/home/ubuntu/Desktop/AK8064_ws_Jun/src/motor_driver/src/ControlMotor.cpp:1204:17:[m[K [01;31m[Kerror: [m[Kâ€˜[01m[Kstate_publisher_[m[Kâ€™ was not declared in this scope; did you mean â€˜[01m[KStatePublisher[m[Kâ€™?
 1204 |                 [01;31m[Kstate_publisher_[m[K.publishResponse(response.str());
      |                 [01;31m[K^~~~~~~~~~~~~~~~[m[K
      |                 [32m[KStatePublisher[m[K
[01m[K/home/ubuntu/Desktop/AK8064_ws_Jun/src/motor_driver/src/ControlMotor.cpp:1206:17:[m[K [01;31m[Kerror: [m[Kâ€˜[01m[KtransitionTo[m[Kâ€™ was not declared in this scope
 1206 |                 [01;31m[KtransitionTo[m[K(State::STOPPED);
      |                 [01;31m[K^~~~~~~~~~~~[m[K
[01m[K/home/ubuntu/Desktop/AK8064_ws_Jun/src/motor_driver/src/ControlMotor.cpp:1209:13:[m[K [01;31m[Kerror: [m[Kâ€˜[01m[Kmode_[m[Kâ€™ was not declared in this scope; did you mean â€˜[01m[Kmode_t[m[Kâ€™?
 1209 |             [01;31m[Kmode_[m[K = Mode::MANUAL;
      |             [01;31m[K^~~~~[m[K
      |             [32m[Kmode_t[m[K
[01m[K/home/ubuntu/Desktop/AK8064_ws_Jun/src/motor_driver/src/ControlMotor.cpp:1212:9:[m[K [01;31m[Kerror: [m[Kâ€˜[01m[Klast_command_time_[m[Kâ€™ was not declared in this scope
 1212 |         [01;31m[Klast_command_time_[m[K = node_->now();
      |         [01;31m[K^~~~~~~~~~~~~~~~~~[m[K
[01m[K/home/ubuntu/Desktop/AK8064_ws_Jun/src/motor_driver/src/ControlMotor.cpp:1212:30:[m[K [01;31m[Kerror: [m[Kâ€˜[01m[Knode_[m[Kâ€™ was not declared in this scope; did you mean â€˜[01m[Kmode_t[m[Kâ€™?
 1212 |         last_command_time_ = [01;31m[Knode_[m[K->now();
      |                              [01;31m[K^~~~~[m[K
      |                              [32m[Kmode_t[m[K
[01m[K/home/ubuntu/Desktop/AK8064_ws_Jun/src/motor_driver/src/ControlMotor.cpp:1214:19:[m[K [01;31m[Kerror: [m[Kâ€˜[01m[Kcommand_map_[m[Kâ€™ was not declared in this scope
 1214 |         auto it = [01;31m[Kcommand_map_[m[K.find(command);
      |                   [01;31m[K^~~~~~~~~~~~[m[K
In file included from [01m[K/opt/ros/humble/include/rclcpp/rclcpp/client.hpp:40[m[K,
                 from [01m[K/opt/ros/humble/include/rclcpp/rclcpp/callback_group.hpp:24[m[K,
                 from [01m[K/opt/ros/humble/include/rclcpp/rclcpp/any_executable.hpp:20[m[K,
                 from [01m[K/opt/ros/humble/include/rclcpp/rclcpp/memory_strategy.hpp:25[m[K,
                 from [01m[K/opt/ros/humble/include/rclcpp/rclcpp/memory_strategies.hpp:18[m[K,
                 from [01m[K/opt/ros/humble/include/rclcpp/rclcpp/executor_options.hpp:20[m[K,
                 from [01m[K/opt/ros/humble/include/rclcpp/rclcpp/executor.hpp:37[m[K,
                 from [01m[K/opt/ros/humble/include/rclcpp/rclcpp/executors/multi_threaded_executor.hpp:25[m[K,
                 from [01m[K/opt/ros/humble/include/rclcpp/rclcpp/executors.hpp:21[m[K,
                 from [01m[K/opt/ros/humble/include/rclcpp/rclcpp/rclcpp.hpp:155[m[K,
                 from [01m[K/home/ubuntu/Desktop/AK8064_ws_Jun/src/motor_driver/src/ControlMotor.cpp:958[m[K:
[01m[K/home/ubuntu/Desktop/AK8064_ws_Jun/src/motor_driver/src/ControlMotor.cpp:1219:25:[m[K [01;31m[Kerror: [m[Kâ€˜[01m[Klogger_[m[Kâ€™ was not declared in this scope
 1219 |             RCLCPP_WARN([01;31m[Klogger_[m[K, "%s", response.str().c_str());
      |                         [01;31m[K^~~~~~~[m[K
[01m[K/home/ubuntu/Desktop/AK8064_ws_Jun/src/motor_driver/src/ControlMotor.cpp:1219:13:[m[K [01;31m[Kerror: [m[Ktemplate argument 1 is invalid
 1219 |             [01;31m[KRCLCPP_WARN[m[K(logger_, "%s", response.str().c_str());
      |             [01;31m[K^~~~~~~~~~~[m[K
[01m[K/home/ubuntu/Desktop/AK8064_ws_Jun/src/motor_driver/src/ControlMotor.cpp:1219:13:[m[K [01;31m[Kerror: [m[Ktemplate argument 1 is invalid
 1219 |             [01;31m[KRCLCPP_WARN[m[K(logger_, "%s", response.str().c_str());
      |             [01;31m[K^~~~~~~~~~~[m[K
[01m[K/home/ubuntu/Desktop/AK8064_ws_Jun/src/motor_driver/src/ControlMotor.cpp:1219:13:[m[K [01;31m[Kerror: [m[Ktemplate argument 1 is invalid
 1219 |             [01;31m[KRCLCPP_WARN[m[K(logger_, "%s", response.str().c_str());
      |             [01;31m[K^~~~~~~~~~~[m[K
[01m[K/home/ubuntu/Desktop/AK8064_ws_Jun/src/motor_driver/src/ControlMotor.cpp:1220:13:[m[K [01;31m[Kerror: [m[Kâ€˜[01m[Kstate_publisher_[m[Kâ€™ was not declared in this scope; did you mean â€˜[01m[KStatePublisher[m[Kâ€™?
 1220 |             [01;31m[Kstate_publisher_[m[K.publishResponse(response.str());
      |             [01;31m[K^~~~~~~~~~~~~~~~[m[K
      |             [32m[KStatePublisher[m[K
[01m[K/home/ubuntu/Desktop/AK8064_ws_Jun/src/motor_driver/src/ControlMotor.cpp:[m[K In member function â€˜[01m[Kvirtual void MotorController::control(const MotorData&)[m[Kâ€™:
[01m[K/home/ubuntu/Desktop/AK8064_ws_Jun/src/motor_driver/src/ControlMotor.cpp:1225:9:[m[K [01;31m[Kerror: [m[Kâ€˜[01m[Klast_data_[m[Kâ€™ was not declared in this scope
 1225 |         [01;31m[Klast_data_[m[K = data;
      |         [01;31m[K^~~~~~~~~~[m[K
[01m[K/home/ubuntu/Desktop/AK8064_ws_Jun/src/motor_driver/src/ControlMotor.cpp:1226:42:[m[K [01;31m[Kerror: [m[Kâ€˜[01m[Kstate_[m[Kâ€™ was not declared in this scope; did you mean â€˜[01m[KState[m[Kâ€™?
 1226 |         last_data_.state = stateToString([01;31m[Kstate_[m[K);
      |                                          [01;31m[K^~~~~~[m[K
      |                                          [32m[KState[m[K
[01m[K/home/ubuntu/Desktop/AK8064_ws_Jun/src/motor_driver/src/ControlMotor.cpp:1228:14:[m[K [01;31m[Kerror: [m[Kâ€˜[01m[Ksafety_checker_[m[Kâ€™ was not declared in this scope; did you mean â€˜[01m[KSafetyChecker[m[Kâ€™?
 1228 |         if (![01;31m[Ksafety_checker_[m[K.check(data, logger_)) {
      |              [01;31m[K^~~~~~~~~~~~~~~[m[K
      |              [32m[KSafetyChecker[m[K
[01m[K/home/ubuntu/Desktop/AK8064_ws_Jun/src/motor_driver/src/ControlMotor.cpp:1228:42:[m[K [01;31m[Kerror: [m[Kâ€˜[01m[Klogger_[m[Kâ€™ was not declared in this scope
 1228 |         if (!safety_checker_.check(data, [01;31m[Klogger_[m[K)) {
      |                                          [01;31m[K^~~~~~~[m[K
[01m[K/home/ubuntu/Desktop/AK8064_ws_Jun/src/motor_driver/src/ControlMotor.cpp:1230:13:[m[K [01;31m[Kerror: [m[Kâ€˜[01m[KtransitionTo[m[Kâ€™ was not declared in this scope
 1230 |             [01;31m[KtransitionTo[m[K(State::ERROR);
      |             [01;31m[K^~~~~~~~~~~~[m[K
[01m[K/home/ubuntu/Desktop/AK8064_ws_Jun/src/motor_driver/src/ControlMotor.cpp:1234:9:[m[K [01;31m[Kerror: [m[Kâ€˜[01m[Kstate_publisher_[m[Kâ€™ was not declared in this scope; did you mean â€˜[01m[KStatePublisher[m[Kâ€™?
 1234 |         [01;31m[Kstate_publisher_[m[K.publish(last_data_, target_reached_);
      |         [01;31m[K^~~~~~~~~~~~~~~~[m[K
      |         [32m[KStatePublisher[m[K
[01m[K/home/ubuntu/Desktop/AK8064_ws_Jun/src/motor_driver/src/ControlMotor.cpp:1234:46:[m[K [01;31m[Kerror: [m[Kâ€˜[01m[Ktarget_reached_[m[Kâ€™ was not declared in this scope; did you mean â€˜[01m[KisTargetReached[m[Kâ€™?
 1234 |         state_publisher_.publish(last_data_, [01;31m[Ktarget_reached_[m[K);
      |                                              [01;31m[K^~~~~~~~~~~~~~~[m[K
      |                                              [32m[KisTargetReached[m[K
In file included from [01m[K/opt/ros/humble/include/rclcpp/rclcpp/client.hpp:40[m[K,
                 from [01m[K/opt/ros/humble/include/rclcpp/rclcpp/callback_group.hpp:24[m[K,
                 from [01m[K/opt/ros/humble/include/rclcpp/rclcpp/any_executable.hpp:20[m[K,
                 from [01m[K/opt/ros/humble/include/rclcpp/rclcpp/memory_strategy.hpp:25[m[K,
                 from [01m[K/opt/ros/humble/include/rclcpp/rclcpp/memory_strategies.hpp:18[m[K,
                 from [01m[K/opt/ros/humble/include/rclcpp/rclcpp/executor_options.hpp:20[m[K,
                 from [01m[K/opt/ros/humble/include/rclcpp/rclcpp/executor.hpp:37[m[K,
                 from [01m[K/opt/ros/humble/include/rclcpp/rclcpp/executors/multi_threaded_executor.hpp:25[m[K,
                 from [01m[K/opt/ros/humble/include/rclcpp/rclcpp/executors.hpp:21[m[K,
                 from [01m[K/opt/ros/humble/include/rclcpp/rclcpp/rclcpp.hpp:155[m[K,
                 from [01m[K/home/ubuntu/Desktop/AK8064_ws_Jun/src/motor_driver/src/ControlMotor.cpp:958[m[K:
[01m[K/home/ubuntu/Desktop/AK8064_ws_Jun/src/motor_driver/src/ControlMotor.cpp:[m[K In member function â€˜[01m[Kvirtual void MotorController::setParameters(const std::vector<rcl_interfaces::msg::Parameter_<std::allocator<void> >, std::allocator<rcl_interfaces::msg::Parameter_<std::allocator<void> > > >&)[m[Kâ€™:
[01m[K/home/ubuntu/Desktop/AK8064_ws_Jun/src/motor_driver/src/ControlMotor.cpp:1259:21:[m[K [01;31m[Kerror: [m[Kâ€˜[01m[Klogger_[m[Kâ€™ was not declared in this scope
 1259 |         RCLCPP_INFO([01;31m[Klogger_[m[K, "Motor 0x%02X: Received set_parameters request with %zu parameters",
      |                     [01;31m[K^~~~~~~[m[K
[01m[K/home/ubuntu/Desktop/AK8064_ws_Jun/src/motor_driver/src/ControlMotor.cpp:1259:9:[m[K [01;31m[Kerror: [m[Ktemplate argument 1 is invalid
 1259 |         [01;31m[KRCLCPP_INFO[m[K(logger_, "Motor 0x%02X: Received set_parameters request with %zu parameters",
      |         [01;31m[K^~~~~~~~~~~[m[K
[01m[K/home/ubuntu/Desktop/AK8064_ws_Jun/src/motor_driver/src/ControlMotor.cpp:1259:9:[m[K [01;31m[Kerror: [m[Ktemplate argument 1 is invalid
 1259 |         [01;31m[KRCLCPP_INFO[m[K(logger_, "Motor 0x%02X: Received set_parameters request with %zu parameters",
      |         [01;31m[K^~~~~~~~~~~[m[K
[01m[K/home/ubuntu/Desktop/AK8064_ws_Jun/src/motor_driver/src/ControlMotor.cpp:1259:9:[m[K [01;31m[Kerror: [m[Ktemplate argument 1 is invalid
 1259 |         [01;31m[KRCLCPP_INFO[m[K(logger_, "Motor 0x%02X: Received set_parameters request with %zu parameters",
      |         [01;31m[K^~~~~~~~~~~[m[K
In file included from [01m[K/opt/ros/humble/include/rclcpp/rclcpp/logging.hpp:24[m[K,
                 from [01m[K/opt/ros/humble/include/rclcpp/rclcpp/client.hpp:40[m[K,
                 from [01m[K/opt/ros/humble/include/rclcpp/rclcpp/callback_group.hpp:24[m[K,
                 from [01m[K/opt/ros/humble/include/rclcpp/rclcpp/any_executable.hpp:20[m[K,
                 from [01m[K/opt/ros/humble/include/rclcpp/rclcpp/memory_strategy.hpp:25[m[K,
                 from [01m[K/opt/ros/humble/include/rclcpp/rclcpp/memory_strategies.hpp:18[m[K,
                 from [01m[K/opt/ros/humble/include/rclcpp/rclcpp/executor_options.hpp:20[m[K,
                 from [01m[K/opt/ros/humble/include/rclcpp/rclcpp/executor.hpp:37[m[K,
                 from [01m[K/opt/ros/humble/include/rclcpp/rclcpp/executors/multi_threaded_executor.hpp:25[m[K,
                 from [01m[K/opt/ros/humble/include/rclcpp/rclcpp/executors.hpp:21[m[K,
                 from [01m[K/opt/ros/humble/include/rclcpp/rclcpp/rclcpp.hpp:155[m[K,
                 from [01m[K/home/ubuntu/Desktop/AK8064_ws_Jun/src/motor_driver/src/ControlMotor.cpp:958[m[K:
[01m[K/home/ubuntu/Desktop/AK8064_ws_Jun/src/motor_driver/src/ControlMotor.cpp:1260:21:[m[K [01;31m[Kerror: [m[Kâ€˜[01m[Kmotor_id_[m[Kâ€™ was not declared in this scope; did you mean â€˜[01m[KmotorId[m[Kâ€™?
 1260 |                     [01;31m[Kmotor_id_[m[K, parameters.size());
      |                     [01;31m[K^~~~~~~~~[m[K
[01m[K/home/ubuntu/Desktop/AK8064_ws_Jun/src/motor_driver/src/ControlMotor.cpp:1261:14:[m[K [01;31m[Kerror: [m[Kâ€˜[01m[Kis_origin_set_[m[Kâ€™ was not declared in this scope; did you mean â€˜[01m[KisOriginSet[m[Kâ€™?
 1261 |         if (![01;31m[Kis_origin_set_[m[K) {
      |              [01;31m[K^~~~~~~~~~~~~~[m[K
      |              [32m[KisOriginSet[m[K
In file included from [01m[K/opt/ros/humble/include/rclcpp/rclcpp/client.hpp:40[m[K,
                 from [01m[K/opt/ros/humble/include/rclcpp/rclcpp/callback_group.hpp:24[m[K,
                 from [01m[K/opt/ros/humble/include/rclcpp/rclcpp/any_executable.hpp:20[m[K,
                 from [01m[K/opt/ros/humble/include/rclcpp/rclcpp/memory_strategy.hpp:25[m[K,
                 from [01m[K/opt/ros/humble/include/rclcpp/rclcpp/memory_strategies.hpp:18[m[K,
                 from [01m[K/opt/ros/humble/include/rclcpp/rclcpp/executor_options.hpp:20[m[K,
                 from [01m[K/opt/ros/humble/include/rclcpp/rclcpp/executor.hpp:37[m[K,
                 from [01m[K/opt/ros/humble/include/rclcpp/rclcpp/executors/multi_threaded_executor.hpp:25[m[K,
                 from [01m[K/opt/ros/humble/include/rclcpp/rclcpp/executors.hpp:21[m[K,
                 from [01m[K/opt/ros/humble/include/rclcpp/rclcpp/rclcpp.hpp:155[m[K,
                 from [01m[K/home/ubuntu/Desktop/AK8064_ws_Jun/src/motor_driver/src/ControlMotor.cpp:958[m[K:
[01m[K/home/ubuntu/Desktop/AK8064_ws_Jun/src/motor_driver/src/ControlMotor.cpp:1262:25:[m[K [01;31m[Kerror: [m[Kâ€˜[01m[Klogger_[m[Kâ€™ was not declared in this scope
 1262 |             RCLCPP_WARN([01;31m[Klogger_[m[K, "Motor 0x%02X: Cannot update parameters until origin is set!", motor_id_);
      |                         [01;31m[K^~~~~~~[m[K
[01m[K/home/ubuntu/Desktop/AK8064_ws_Jun/src/motor_driver/src/ControlMotor.cpp:1262:13:[m[K [01;31m[Kerror: [m[Ktemplate argument 1 is invalid
 1262 |             [01;31m[KRCLCPP_WARN[m[K(logger_, "Motor 0x%02X: Cannot update parameters until origin is set!", motor_id_);
      |             [01;31m[K^~~~~~~~~~~[m[K
[01m[K/home/ubuntu/Desktop/AK8064_ws_Jun/src/motor_driver/src/ControlMotor.cpp:1262:13:[m[K [01;31m[Kerror: [m[Ktemplate argument 1 is invalid
 1262 |             [01;31m[KRCLCPP_WARN[m[K(logger_, "Motor 0x%02X: Cannot update parameters until origin is set!", motor_id_);
      |             [01;31m[K^~~~~~~~~~~[m[K
[01m[K/home/ubuntu/Desktop/AK8064_ws_Jun/src/motor_driver/src/ControlMotor.cpp:1262:13:[m[K [01;31m[Kerror: [m[Ktemplate argument 1 is invalid
 1262 |             [01;31m[KRCLCPP_WARN[m[K(logger_, "Motor 0x%02X: Cannot update parameters until origin is set!", motor_id_);
      |             [01;31m[K^~~~~~~~~~~[m[K
In file included from [01m[K/opt/ros/humble/include/rclcpp/rclcpp/logging.hpp:24[m[K,
                 from [01m[K/opt/ros/humble/include/rclcpp/rclcpp/client.hpp:40[m[K,
                 from [01m[K/opt/ros/humble/include/rclcpp/rclcpp/callback_group.hpp:24[m[K,
                 from [01m[K/opt/ros/humble/include/rclcpp/rclcpp/any_executable.hpp:20[m[K,
                 from [01m[K/opt/ros/humble/include/rclcpp/rclcpp/memory_strategy.hpp:25[m[K,
                 from [01m[K/opt/ros/humble/include/rclcpp/rclcpp/memory_strategies.hpp:18[m[K,
                 from [01m[K/opt/ros/humble/include/rclcpp/rclcpp/executor_options.hpp:20[m[K,
                 from [01m[K/opt/ros/humble/include/rclcpp/rclcpp/executor.hpp:37[m[K,
                 from [01m[K/opt/ros/humble/include/rclcpp/rclcpp/executors/multi_threaded_executor.hpp:25[m[K,
                 from [01m[K/opt/ros/humble/include/rclcpp/rclcpp/executors.hpp:21[m[K,
                 from [01m[K/opt/ros/humble/include/rclcpp/rclcpp/rclcpp.hpp:155[m[K,
                 from [01m[K/home/ubuntu/Desktop/AK8064_ws_Jun/src/motor_driver/src/ControlMotor.cpp:958[m[K:
[01m[K/home/ubuntu/Desktop/AK8064_ws_Jun/src/motor_driver/src/ControlMotor.cpp:1262:97:[m[K [01;31m[Kerror: [m[Kâ€˜[01m[Kmotor_id_[m[Kâ€™ was not declared in this scope; did you mean â€˜[01m[KmotorId[m[Kâ€™?
 1262 | CPP_WARN(logger_, "Motor 0x%02X: Cannot update parameters until origin is set!", [01;31m[Kmotor_id_[m[K);
      |                                                                                  [01;31m[K^~~~~~~~~[m[K

[01m[K/home/ubuntu/Desktop/AK8064_ws_Jun/src/motor_driver/src/ControlMotor.cpp:1268:27:[m[K [01;31m[Kerror: [m[Kâ€˜[01m[Kspeed_[m[Kâ€™ was not declared in this scope
 1268 |         float new_speed = [01;31m[Kspeed_[m[K;
      |                           [01;31m[K^~~~~~[m[K
[01m[K/home/ubuntu/Desktop/AK8064_ws_Jun/src/motor_driver/src/ControlMotor.cpp:1269:27:[m[K [01;31m[Kerror: [m[Kâ€˜[01m[Kaccel_[m[Kâ€™ was not declared in this scope; did you mean â€˜[01m[Kaccess[m[Kâ€™?
 1269 |         float new_accel = [01;31m[Kaccel_[m[K;
      |                           [01;31m[K^~~~~~[m[K
      |                           [32m[Kaccess[m[K
[01m[K/home/ubuntu/Desktop/AK8064_ws_Jun/src/motor_driver/src/ControlMotor.cpp:1270:24:[m[K [01;31m[Kerror: [m[Kâ€˜[01m[Kstep_[m[Kâ€™ was not declared in this scope
 1270 |         int new_step = [01;31m[Kstep_[m[K;
      |                        [01;31m[K^~~~~[m[K
[01m[K/home/ubuntu/Desktop/AK8064_ws_Jun/src/motor_driver/src/ControlMotor.cpp:1271:26:[m[K [01;31m[Kerror: [m[Kâ€˜[01m[Krepeat_[m[Kâ€™ was not declared in this scope
 1271 |         int new_repeat = [01;31m[Krepeat_[m[K;
      |                          [01;31m[K^~~~~~~[m[K
In file included from [01m[K/opt/ros/humble/include/rclcpp/rclcpp/client.hpp:40[m[K,
                 from [01m[K/opt/ros/humble/include/rclcpp/rclcpp/callback_group.hpp:24[m[K,
                 from [01m[K/opt/ros/humble/include/rclcpp/rclcpp/any_executable.hpp:20[m[K,
                 from [01m[K/opt/ros/humble/include/rclcpp/rclcpp/memory_strategy.hpp:25[m[K,
                 from [01m[K/opt/ros/humble/include/rclcpp/rclcpp/memory_strategies.hpp:18[m[K,
                 from [01m[K/opt/ros/humble/include/rclcpp/rclcpp/executor_options.hpp:20[m[K,
                 from [01m[K/opt/ros/humble/include/rclcpp/rclcpp/executor.hpp:37[m[K,
                 from [01m[K/opt/ros/humble/include/rclcpp/rclcpp/executors/multi_threaded_executor.hpp:25[m[K,
                 from [01m[K/opt/ros/humble/include/rclcpp/rclcpp/executors.hpp:21[m[K,
                 from [01m[K/opt/ros/humble/include/rclcpp/rclcpp/rclcpp.hpp:155[m[K,
                 from [01m[K/home/ubuntu/Desktop/AK8064_ws_Jun/src/motor_driver/src/ControlMotor.cpp:958[m[K:
[01m[K/home/ubuntu/Desktop/AK8064_ws_Jun/src/motor_driver/src/ControlMotor.cpp:1274:25:[m[K [01;31m[Kerror: [m[Kâ€˜[01m[Klogger_[m[Kâ€™ was not declared in this scope
 1274 |             RCLCPP_INFO([01;31m[Klogger_[m[K, "Motor 0x%02X: Processing parameter: %s", motor_id_, param.name.c_str());
      |                         [01;31m[K^~~~~~~[m[K
[01m[K/home/ubuntu/Desktop/AK8064_ws_Jun/src/motor_driver/src/ControlMotor.cpp:1274:13:[m[K [01;31m[Kerror: [m[Ktemplate argument 1 is invalid
 1274 |             [01;31m[KRCLCPP_INFO[m[K(logger_, "Motor 0x%02X: Processing parameter: %s", motor_id_, param.name.c_str());
      |             [01;31m[K^~~~~~~~~~~[m[K
[01m[K/home/ubuntu/Desktop/AK8064_ws_Jun/src/motor_driver/src/ControlMotor.cpp:1274:13:[m[K [01;31m[Kerror: [m[Ktemplate argument 1 is invalid
 1274 |             [01;31m[KRCLCPP_INFO[m[K(logger_, "Motor 0x%02X: Processing parameter: %s", motor_id_, param.name.c_str());
      |             [01;31m[K^~~~~~~~~~~[m[K
[01m[K/home/ubuntu/Desktop/AK8064_ws_Jun/src/motor_driver/src/ControlMotor.cpp:1274:13:[m[K [01;31m[Kerror: [m[Ktemplate argument 1 is invalid
 1274 |             [01;31m[KRCLCPP_INFO[m[K(logger_, "Motor 0x%02X: Processing parameter: %s", motor_id_, param.name.c_str());
      |             [01;31m[K^~~~~~~~~~~[m[K
In file included from [01m[K/opt/ros/humble/include/rclcpp/rclcpp/logging.hpp:24[m[K,
                 from [01m[K/opt/ros/humble/include/rclcpp/rclcpp/client.hpp:40[m[K,
                 from [01m[K/opt/ros/humble/include/rclcpp/rclcpp/callback_group.hpp:24[m[K,
                 from [01m[K/opt/ros/humble/include/rclcpp/rclcpp/any_executable.hpp:20[m[K,
                 from [01m[K/opt/ros/humble/include/rclcpp/rclcpp/memory_strategy.hpp:25[m[K,
                 from [01m[K/opt/ros/humble/include/rclcpp/rclcpp/memory_strategies.hpp:18[m[K,
                 from [01m[K/opt/ros/humble/include/rclcpp/rclcpp/executor_options.hpp:20[m[K,
                 from [01m[K/opt/ros/humble/include/rclcpp/rclcpp/executor.hpp:37[m[K,
                 from [01m[K/opt/ros/humble/include/rclcpp/rclcpp/executors/multi_threaded_executor.hpp:25[m[K,
                 from [01m[K/opt/ros/humble/include/rclcpp/rclcpp/executors.hpp:21[m[K,
                 from [01m[K/opt/ros/humble/include/rclcpp/rclcpp/rclcpp.hpp:155[m[K,
                 from [01m[K/home/ubuntu/Desktop/AK8064_ws_Jun/src/motor_driver/src/ControlMotor.cpp:958[m[K:
[01m[K/home/ubuntu/Desktop/AK8064_ws_Jun/src/motor_driver/src/ControlMotor.cpp:1274:76:[m[K [01;31m[Kerror: [m[Kâ€˜[01m[Kmotor_id_[m[Kâ€™ was not declared in this scope; did you mean â€˜[01m[KmotorId[m[Kâ€™?
 1274 |             RCLCPP_INFO(logger_, "Motor 0x%02X: Processing parameter: %s", [01;31m[Kmotor_id_[m[K, param.name.c_str());
      |                                                                            [01;31m[K^~~~~~~~~[m[K
In file included from [01m[K/opt/ros/humble/include/rclcpp/rclcpp/client.hpp:40[m[K,
                 from [01m[K/opt/ros/humble/include/rclcpp/rclcpp/callback_group.hpp:24[m[K,
                 from [01m[K/opt/ros/humble/include/rclcpp/rclcpp/any_executable.hpp:20[m[K,
                 from [01m[K/opt/ros/humble/include/rclcpp/rclcpp/memory_strategy.hpp:25[m[K,
                 from [01m[K/opt/ros/humble/include/rclcpp/rclcpp/memory_strategies.hpp:18[m[K,
                 from [01m[K/opt/ros/humble/include/rclcpp/rclcpp/executor_options.hpp:20[m[K,
                 from [01m[K/opt/ros/humble/include/rclcpp/rclcpp/executor.hpp:37[m[K,
                 from [01m[K/opt/ros/humble/include/rclcpp/rclcpp/executors/multi_threaded_executor.hpp:25[m[K,
                 from [01m[K/opt/ros/humble/include/rclcpp/rclcpp/executors.hpp:21[m[K,
                 from [01m[K/opt/ros/humble/include/rclcpp/rclcpp/rclcpp.hpp:155[m[K,
                 from [01m[K/home/ubuntu/Desktop/AK8064_ws_Jun/src/motor_driver/src/ControlMotor.cpp:958[m[K:
[01m[K/home/ubuntu/Desktop/AK8064_ws_Jun/src/motor_driver/src/ControlMotor.cpp:1278:34:[m[K [01;31m[Kerror: [m[Kâ€˜[01m[Klogger_[m[Kâ€™ was not declared in this scope
 1278 |                     RCLCPP_ERROR([01;31m[Klogger_[m[K, "Motor 0x%02X: Empty target_positions received!", motor_id_);
      |                                  [01;31m[K^~~~~~~[m[K
[01m[K/home/ubuntu/Desktop/AK8064_ws_Jun/src/motor_driver/src/ControlMotor.cpp:1278:21:[m[K [01;31m[Kerror: [m[Ktemplate argument 1 is invalid
 1278 |                     [01;31m[KRCLCPP_ERROR[m[K(logger_, "Motor 0x%02X: Empty target_positions received!", motor_id_);
      |                     [01;31m[K^~~~~~~~~~~~[m[K
[01m[K/home/ubuntu/Desktop/AK8064_ws_Jun/src/motor_driver/src/ControlMotor.cpp:1278:21:[m[K [01;31m[Kerror: [m[Ktemplate argument 1 is invalid
 1278 |                     [01;31m[KRCLCPP_ERROR[m[K(logger_, "Motor 0x%02X: Empty target_positions received!", motor_id_);
      |                     [01;31m[K^~~~~~~~~~~~[m[K
[01m[K/home/ubuntu/Desktop/AK8064_ws_Jun/src/motor_driver/src/ControlMotor.cpp:1278:21:[m[K [01;31m[Kerror: [m[Ktemplate argument 1 is invalid
 1278 |                     [01;31m[KRCLCPP_ERROR[m[K(logger_, "Motor 0x%02X: Empty target_positions received!", motor_id_);
      |                     [01;31m[K^~~~~~~~~~~~[m[K
In file included from [01m[K/opt/ros/humble/include/rclcpp/rclcpp/logging.hpp:24[m[K,
                 from [01m[K/opt/ros/humble/include/rclcpp/rclcpp/client.hpp:40[m[K,
                 from [01m[K/opt/ros/humble/include/rclcpp/rclcpp/callback_group.hpp:24[m[K,
                 from [01m[K/opt/ros/humble/include/rclcpp/rclcpp/any_executable.hpp:20[m[K,
                 from [01m[K/opt/ros/humble/include/rclcpp/rclcpp/memory_strategy.hpp:25[m[K,
                 from [01m[K/opt/ros/humble/include/rclcpp/rclcpp/memory_strategies.hpp:18[m[K,
                 from [01m[K/opt/ros/humble/include/rclcpp/rclcpp/executor_options.hpp:20[m[K,
                 from [01m[K/opt/ros/humble/include/rclcpp/rclcpp/executor.hpp:37[m[K,
                 from [01m[K/opt/ros/humble/include/rclcpp/rclcpp/executors/multi_threaded_executor.hpp:25[m[K,
                 from [01m[K/opt/ros/humble/include/rclcpp/rclcpp/executors.hpp:21[m[K,
                 from [01m[K/opt/ros/humble/include/rclcpp/rclcpp/rclcpp.hpp:155[m[K,
                 from [01m[K/home/ubuntu/Desktop/AK8064_ws_Jun/src/motor_driver/src/ControlMotor.cpp:958[m[K:
[01m[K/home/ubuntu/Desktop/AK8064_ws_Jun/src/motor_driver/src/ControlMotor.cpp:1278:93:[m[K [01;31m[Kerror: [m[Kâ€˜[01m[Kmotor_id_[m[Kâ€™ was not declared in this scope; did you mean â€˜[01m[KmotorId[m[Kâ€™?
 1278 |          RCLCPP_ERROR(logger_, "Motor 0x%02X: Empty target_positions received!", [01;31m[Kmotor_id_[m[K);
      |                                                                                  [01;31m[K^~~~~~~~~[m[K

[01m[K/home/ubuntu/Desktop/AK8064_ws_Jun/src/motor_driver/src/ControlMotor.cpp:1283:17:[m[K [01;31m[Kerror: [m[Kâ€˜[01m[Kmode_[m[Kâ€™ was not declared in this scope; did you mean â€˜[01m[Kmode_t[m[Kâ€™?
 1283 |                 [01;31m[Kmode_[m[K = Mode::AUTO;
      |                 [01;31m[K^~~~~[m[K
      |                 [32m[Kmode_t[m[K
In file included from [01m[K/opt/ros/humble/include/rclcpp/rclcpp/client.hpp:40[m[K,
                 from [01m[K/opt/ros/humble/include/rclcpp/rclcpp/callback_group.hpp:24[m[K,
                 from [01m[K/opt/ros/humble/include/rclcpp/rclcpp/any_executable.hpp:20[m[K,
                 from [01m[K/opt/ros/humble/include/rclcpp/rclcpp/memory_strategy.hpp:25[m[K,
                 from [01m[K/opt/ros/humble/include/rclcpp/rclcpp/memory_strategies.hpp:18[m[K,
                 from [01m[K/opt/ros/humble/include/rclcpp/rclcpp/executor_options.hpp:20[m[K,
                 from [01m[K/opt/ros/humble/include/rclcpp/rclcpp/executor.hpp:37[m[K,
                 from [01m[K/opt/ros/humble/include/rclcpp/rclcpp/executors/multi_threaded_executor.hpp:25[m[K,
                 from [01m[K/opt/ros/humble/include/rclcpp/rclcpp/executors.hpp:21[m[K,
                 from [01m[K/opt/ros/humble/include/rclcpp/rclcpp/rclcpp.hpp:155[m[K,
                 from [01m[K/home/ubuntu/Desktop/AK8064_ws_Jun/src/motor_driver/src/ControlMotor.cpp:958[m[K:
[01m[K/home/ubuntu/Desktop/AK8064_ws_Jun/src/motor_driver/src/ControlMotor.cpp:1286:29:[m[K [01;31m[Kerror: [m[Kâ€˜[01m[Klogger_[m[Kâ€™ was not declared in this scope
 1286 |                 RCLCPP_INFO([01;31m[Klogger_[m[K, "Motor 0x%02X: Updated speed: %.2f", motor_id_, new_speed);
      |                             [01;31m[K^~~~~~~[m[K
[01m[K/home/ubuntu/Desktop/AK8064_ws_Jun/src/motor_driver/src/ControlMotor.cpp:1286:17:[m[K [01;31m[Kerror: [m[Ktemplate argument 1 is invalid
 1286 |                 [01;31m[KRCLCPP_INFO[m[K(logger_, "Motor 0x%02X: Updated speed: %.2f", motor_id_, new_speed);
      |                 [01;31m[K^~~~~~~~~~~[m[K
[01m[K/home/ubuntu/Desktop/AK8064_ws_Jun/src/motor_driver/src/ControlMotor.cpp:1286:17:[m[K [01;31m[Kerror: [m[Ktemplate argument 1 is invalid
 1286 |                 [01;31m[KRCLCPP_INFO[m[K(logger_, "Motor 0x%02X: Updated speed: %.2f", motor_id_, new_speed);
      |                 [01;31m[K^~~~~~~~~~~[m[K
[01m[K/home/ubuntu/Desktop/AK8064_ws_Jun/src/motor_driver/src/ControlMotor.cpp:1286:17:[m[K [01;31m[Kerror: [m[Ktemplate argument 1 is invalid
 1286 |                 [01;31m[KRCLCPP_INFO[m[K(logger_, "Motor 0x%02X: Updated speed: %.2f", motor_id_, new_speed);
      |                 [01;31m[K^~~~~~~~~~~[m[K
In file included from [01m[K/opt/ros/humble/include/rclcpp/rclcpp/logging.hpp:24[m[K,
                 from [01m[K/opt/ros/humble/include/rclcpp/rclcpp/client.hpp:40[m[K,
                 from [01m[K/opt/ros/humble/include/rclcpp/rclcpp/callback_group.hpp:24[m[K,
                 from [01m[K/opt/ros/humble/include/rclcpp/rclcpp/any_executable.hpp:20[m[K,
                 from [01m[K/opt/ros/humble/include/rclcpp/rclcpp/memory_strategy.hpp:25[m[K,
                 from [01m[K/opt/ros/humble/include/rclcpp/rclcpp/memory_strategies.hpp:18[m[K,
                 from [01m[K/opt/ros/humble/include/rclcpp/rclcpp/executor_options.hpp:20[m[K,
                 from [01m[K/opt/ros/humble/include/rclcpp/rclcpp/executor.hpp:37[m[K,
                 from [01m[K/opt/ros/humble/include/rclcpp/rclcpp/executors/multi_threaded_executor.hpp:25[m[K,
                 from [01m[K/opt/ros/humble/include/rclcpp/rclcpp/executors.hpp:21[m[K,
                 from [01m[K/opt/ros/humble/include/rclcpp/rclcpp/rclcpp.hpp:155[m[K,
                 from [01m[K/home/ubuntu/Desktop/AK8064_ws_Jun/src/motor_driver/src/ControlMotor.cpp:958[m[K:
[01m[K/home/ubuntu/Desktop/AK8064_ws_Jun/src/motor_driver/src/ControlMotor.cpp:1286:75:[m[K [01;31m[Kerror: [m[Kâ€˜[01m[Kmotor_id_[m[Kâ€™ was not declared in this scope; did you mean â€˜[01m[KmotorId[m[Kâ€™?
 1286 |                 RCLCPP_INFO(logger_, "Motor 0x%02X: Updated speed: %.2f", [01;31m[Kmotor_id_[m[K, new_speed);
      |                                                                           [01;31m[K^~~~~~~~~[m[K
In file included from [01m[K/opt/ros/humble/include/rclcpp/rclcpp/client.hpp:40[m[K,
                 from [01m[K/opt/ros/humble/include/rclcpp/rclcpp/callback_group.hpp:24[m[K,
                 from [01m[K/opt/ros/humble/include/rclcpp/rclcpp/any_executable.hpp:20[m[K,
                 from [01m[K/opt/ros/humble/include/rclcpp/rclcpp/memory_strategy.hpp:25[m[K,
                 from [01m[K/opt/ros/humble/include/rclcpp/rclcpp/memory_strategies.hpp:18[m[K,
                 from [01m[K/opt/ros/humble/include/rclcpp/rclcpp/executor_options.hpp:20[m[K,
                 from [01m[K/opt/ros/humble/include/rclcpp/rclcpp/executor.hpp:37[m[K,
                 from [01m[K/opt/ros/humble/include/rclcpp/rclcpp/executors/multi_threaded_executor.hpp:25[m[K,
                 from [01m[K/opt/ros/humble/include/rclcpp/rclcpp/executors.hpp:21[m[K,
                 from [01m[K/opt/ros/humble/include/rclcpp/rclcpp/rclcpp.hpp:155[m[K,
                 from [01m[K/home/ubuntu/Desktop/AK8064_ws_Jun/src/motor_driver/src/ControlMotor.cpp:958[m[K:
[01m[K/home/ubuntu/Desktop/AK8064_ws_Jun/src/motor_driver/src/ControlMotor.cpp:1289:29:[m[K [01;31m[Kerror: [m[Kâ€˜[01m[Klogger_[m[Kâ€™ was not declared in this scope
 1289 |                 RCLCPP_INFO([01;31m[Klogger_[m[K, "Motor 0x%02X: Updated accel: %.2f", motor_id_, new_accel);
      |                             [01;31m[K^~~~~~~[m[K
[01m[K/home/ubuntu/Desktop/AK8064_ws_Jun/src/motor_driver/src/ControlMotor.cpp:1289:17:[m[K [01;31m[Kerror: [m[Ktemplate argument 1 is invalid
 1289 |                 [01;31m[KRCLCPP_INFO[m[K(logger_, "Motor 0x%02X: Updated accel: %.2f", motor_id_, new_accel);
      |                 [01;31m[K^~~~~~~~~~~[m[K
[01m[K/home/ubuntu/Desktop/AK8064_ws_Jun/src/motor_driver/src/ControlMotor.cpp:1289:17:[m[K [01;31m[Kerror: [m[Ktemplate argument 1 is invalid
 1289 |                 [01;31m[KRCLCPP_INFO[m[K(logger_, "Motor 0x%02X: Updated accel: %.2f", motor_id_, new_accel);
      |                 [01;31m[K^~~~~~~~~~~[m[K
[01m[K/home/ubuntu/Desktop/AK8064_ws_Jun/src/motor_driver/src/ControlMotor.cpp:1289:17:[m[K [01;31m[Kerror: [m[Ktemplate argument 1 is invalid
 1289 |                 [01;31m[KRCLCPP_INFO[m[K(logger_, "Motor 0x%02X: Updated accel: %.2f", motor_id_, new_accel);
      |                 [01;31m[K^~~~~~~~~~~[m[K
In file included from [01m[K/opt/ros/humble/include/rclcpp/rclcpp/logging.hpp:24[m[K,
                 from [01m[K/opt/ros/humble/include/rclcpp/rclcpp/client.hpp:40[m[K,
                 from [01m[K/opt/ros/humble/include/rclcpp/rclcpp/callback_group.hpp:24[m[K,
                 from [01m[K/opt/ros/humble/include/rclcpp/rclcpp/any_executable.hpp:20[m[K,
                 from [01m[K/opt/ros/humble/include/rclcpp/rclcpp/memory_strategy.hpp:25[m[K,
                 from [01m[K/opt/ros/humble/include/rclcpp/rclcpp/memory_strategies.hpp:18[m[K,
                 from [01m[K/opt/ros/humble/include/rclcpp/rclcpp/executor_options.hpp:20[m[K,
                 from [01m[K/opt/ros/humble/include/rclcpp/rclcpp/executor.hpp:37[m[K,
                 from [01m[K/opt/ros/humble/include/rclcpp/rclcpp/executors/multi_threaded_executor.hpp:25[m[K,
                 from [01m[K/opt/ros/humble/include/rclcpp/rclcpp/executors.hpp:21[m[K,
                 from [01m[K/opt/ros/humble/include/rclcpp/rclcpp/rclcpp.hpp:155[m[K,
                 from [01m[K/home/ubuntu/Desktop/AK8064_ws_Jun/src/motor_driver/src/ControlMotor.cpp:958[m[K:
[01m[K/home/ubuntu/Desktop/AK8064_ws_Jun/src/motor_driver/src/ControlMotor.cpp:1289:75:[m[K [01;31m[Kerror: [m[Kâ€˜[01m[Kmotor_id_[m[Kâ€™ was not declared in this scope; did you mean â€˜[01m[KmotorId[m[Kâ€™?
 1289 |                 RCLCPP_INFO(logger_, "Motor 0x%02X: Updated accel: %.2f", [01;31m[Kmotor_id_[m[K, new_accel);
      |                                                                           [01;31m[K^~~~~~~~~[m[K
In file included from [01m[K/opt/ros/humble/include/rclcpp/rclcpp/client.hpp:40[m[K,
                 from [01m[K/opt/ros/humble/include/rclcpp/rclcpp/callback_group.hpp:24[m[K,
                 from [01m[K/opt/ros/humble/include/rclcpp/rclcpp/any_executable.hpp:20[m[K,
                 from [01m[K/opt/ros/humble/include/rclcpp/rclcpp/memory_strategy.hpp:25[m[K,
                 from [01m[K/opt/ros/humble/include/rclcpp/rclcpp/memory_strategies.hpp:18[m[K,
                 from [01m[K/opt/ros/humble/include/rclcpp/rclcpp/executor_options.hpp:20[m[K,
                 from [01m[K/opt/ros/humble/include/rclcpp/rclcpp/executor.hpp:37[m[K,
                 from [01m[K/opt/ros/humble/include/rclcpp/rclcpp/executors/multi_threaded_executor.hpp:25[m[K,
                 from [01m[K/opt/ros/humble/include/rclcpp/rclcpp/executors.hpp:21[m[K,
                 from [01m[K/opt/ros/humble/include/rclcpp/rclcpp/rclcpp.hpp:155[m[K,
                 from [01m[K/home/ubuntu/Desktop/AK8064_ws_Jun/src/motor_driver/src/ControlMotor.cpp:958[m[K:
[01m[K/home/ubuntu/Desktop/AK8064_ws_Jun/src/motor_driver/src/ControlMotor.cpp:1292:29:[m[K [01;31m[Kerror: [m[Kâ€˜[01m[Klogger_[m[Kâ€™ was not declared in this scope
 1292 |                 RCLCPP_INFO([01;31m[Klogger_[m[K, "Motor 0x%02X: Updated step: %d", motor_id_, new_step);
      |                             [01;31m[K^~~~~~~[m[K
[01m[K/home/ubuntu/Desktop/AK8064_ws_Jun/src/motor_driver/src/ControlMotor.cpp:1292:17:[m[K [01;31m[Kerror: [m[Ktemplate argument 1 is invalid
 1292 |                 [01;31m[KRCLCPP_INFO[m[K(logger_, "Motor 0x%02X: Updated step: %d", motor_id_, new_step);
      |                 [01;31m[K^~~~~~~~~~~[m[K
[01m[K/home/ubuntu/Desktop/AK8064_ws_Jun/src/motor_driver/src/ControlMotor.cpp:1292:17:[m[K [01;31m[Kerror: [m[Ktemplate argument 1 is invalid
 1292 |                 [01;31m[KRCLCPP_INFO[m[K(logger_, "Motor 0x%02X: Updated step: %d", motor_id_, new_step);
      |                 [01;31m[K^~~~~~~~~~~[m[K
[01m[K/home/ubuntu/Desktop/AK8064_ws_Jun/src/motor_driver/src/ControlMotor.cpp:1292:17:[m[K [01;31m[Kerror: [m[Ktemplate argument 1 is invalid
 1292 |                 [01;31m[KRCLCPP_INFO[m[K(logger_, "Motor 0x%02X: Updated step: %d", motor_id_, new_step);
      |                 [01;31m[K^~~~~~~~~~~[m[K
In file included from [01m[K/opt/ros/humble/include/rclcpp/rclcpp/logging.hpp:24[m[K,
                 from [01m[K/opt/ros/humble/include/rclcpp/rclcpp/client.hpp:40[m[K,
                 from [01m[K/opt/ros/humble/include/rclcpp/rclcpp/callback_group.hpp:24[m[K,
                 from [01m[K/opt/ros/humble/include/rclcpp/rclcpp/any_executable.hpp:20[m[K,
                 from [01m[K/opt/ros/humble/include/rclcpp/rclcpp/memory_strategy.hpp:25[m[K,
                 from [01m[K/opt/ros/humble/include/rclcpp/rclcpp/memory_strategies.hpp:18[m[K,
                 from [01m[K/opt/ros/humble/include/rclcpp/rclcpp/executor_options.hpp:20[m[K,
                 from [01m[K/opt/ros/humble/include/rclcpp/rclcpp/executor.hpp:37[m[K,
                 from [01m[K/opt/ros/humble/include/rclcpp/rclcpp/executors/multi_threaded_executor.hpp:25[m[K,
                 from [01m[K/opt/ros/humble/include/rclcpp/rclcpp/executors.hpp:21[m[K,
                 from [01m[K/opt/ros/humble/include/rclcpp/rclcpp/rclcpp.hpp:155[m[K,
                 from [01m[K/home/ubuntu/Desktop/AK8064_ws_Jun/src/motor_driver/src/ControlMotor.cpp:958[m[K:
[01m[K/home/ubuntu/Desktop/AK8064_ws_Jun/src/motor_driver/src/ControlMotor.cpp:1292:72:[m[K [01;31m[Kerror: [m[Kâ€˜[01m[Kmotor_id_[m[Kâ€™ was not declared in this scope; did you mean â€˜[01m[KmotorId[m[Kâ€™?
 1292 |                 RCLCPP_INFO(logger_, "Motor 0x%02X: Updated step: %d", [01;31m[Kmotor_id_[m[K, new_step);
      |                                                                        [01;31m[K^~~~~~~~~[m[K
In file included from [01m[K/opt/ros/humble/include/rclcpp/rclcpp/client.hpp:40[m[K,
                 from [01m[K/opt/ros/humble/include/rclcpp/rclcpp/callback_group.hpp:24[m[K,
                 from [01m[K/opt/ros/humble/include/rclcpp/rclcpp/any_executable.hpp:20[m[K,
                 from [01m[K/opt/ros/humble/include/rclcpp/rclcpp/memory_strategy.hpp:25[m[K,
                 from [01m[K/opt/ros/humble/include/rclcpp/rclcpp/memory_strategies.hpp:18[m[K,
                 from [01m[K/opt/ros/humble/include/rclcpp/rclcpp/executor_options.hpp:20[m[K,
                 from [01m[K/opt/ros/humble/include/rclcpp/rclcpp/executor.hpp:37[m[K,
                 from [01m[K/opt/ros/humble/include/rclcpp/rclcpp/executors/multi_threaded_executor.hpp:25[m[K,
                 from [01m[K/opt/ros/humble/include/rclcpp/rclcpp/executors.hpp:21[m[K,
                 from [01m[K/opt/ros/humble/include/rclcpp/rclcpp/rclcpp.hpp:155[m[K,
                 from [01m[K/home/ubuntu/Desktop/AK8064_ws_Jun/src/motor_driver/src/ControlMotor.cpp:958[m[K:
[01m[K/home/ubuntu/Desktop/AK8064_ws_Jun/src/motor_driver/src/ControlMotor.cpp:1295:29:[m[K [01;31m[Kerror: [m[Kâ€˜[01m[Klogger_[m[Kâ€™ was not declared in this scope
 1295 |                 RCLCPP_INFO([01;31m[Klogger_[m[K, "Motor 0x%02X: Updated repeat: %d", motor_id_, new_repeat);
      |                             [01;31m[K^~~~~~~[m[K
[01m[K/home/ubuntu/Desktop/AK8064_ws_Jun/src/motor_driver/src/ControlMotor.cpp:1295:17:[m[K [01;31m[Kerror: [m[Ktemplate argument 1 is invalid
 1295 |                 [01;31m[KRCLCPP_INFO[m[K(logger_, "Motor 0x%02X: Updated repeat: %d", motor_id_, new_repeat);
      |                 [01;31m[K^~~~~~~~~~~[m[K
[01m[K/home/ubuntu/Desktop/AK8064_ws_Jun/src/motor_driver/src/ControlMotor.cpp:1295:17:[m[K [01;31m[Kerror: [m[Ktemplate argument 1 is invalid
 1295 |                 [01;31m[KRCLCPP_INFO[m[K(logger_, "Motor 0x%02X: Updated repeat: %d", motor_id_, new_repeat);
      |                 [01;31m[K^~~~~~~~~~~[m[K
[01m[K/home/ubuntu/Desktop/AK8064_ws_Jun/src/motor_driver/src/ControlMotor.cpp:1295:17:[m[K [01;31m[Kerror: [m[Ktemplate argument 1 is invalid
 1295 |                 [01;31m[KRCLCPP_INFO[m[K(logger_, "Motor 0x%02X: Updated repeat: %d", motor_id_, new_repeat);
      |                 [01;31m[K^~~~~~~~~~~[m[K
In file included from [01m[K/opt/ros/humble/include/rclcpp/rclcpp/logging.hpp:24[m[K,
                 from [01m[K/opt/ros/humble/include/rclcpp/rclcpp/client.hpp:40[m[K,
                 from [01m[K/opt/ros/humble/include/rclcpp/rclcpp/callback_group.hpp:24[m[K,
                 from [01m[K/opt/ros/humble/include/rclcpp/rclcpp/any_executable.hpp:20[m[K,
                 from [01m[K/opt/ros/humble/include/rclcpp/rclcpp/memory_strategy.hpp:25[m[K,
                 from [01m[K/opt/ros/humble/include/rclcpp/rclcpp/memory_strategies.hpp:18[m[K,
                 from [01m[K/opt/ros/humble/include/rclcpp/rclcpp/executor_options.hpp:20[m[K,
                 from [01m[K/opt/ros/humble/include/rclcpp/rclcpp/executor.hpp:37[m[K,
                 from [01m[K/opt/ros/humble/include/rclcpp/rclcpp/executors/multi_threaded_executor.hpp:25[m[K,
                 from [01m[K/opt/ros/humble/include/rclcpp/rclcpp/executors.hpp:21[m[K,
                 from [01m[K/opt/ros/humble/include/rclcpp/rclcpp/rclcpp.hpp:155[m[K,
                 from [01m[K/home/ubuntu/Desktop/AK8064_ws_Jun/src/motor_driver/src/ControlMotor.cpp:958[m[K:
[01m[K/home/ubuntu/Desktop/AK8064_ws_Jun/src/motor_driver/src/ControlMotor.cpp:1295:74:[m[K [01;31m[Kerror: [m[Kâ€˜[01m[Kmotor_id_[m[Kâ€™ was not declared in this scope; did you mean â€˜[01m[KmotorId[m[Kâ€™?
 1295 |                 RCLCPP_INFO(logger_, "Motor 0x%02X: Updated repeat: %d", [01;31m[Kmotor_id_[m[K, new_repeat);
      |                                                                          [01;31m[K^~~~~~~~~[m[K
In file included from [01m[K/opt/ros/humble/include/rclcpp/rclcpp/client.hpp:40[m[K,
                 from [01m[K/opt/ros/humble/include/rclcpp/rclcpp/callback_group.hpp:24[m[K,
                 from [01m[K/opt/ros/humble/include/rclcpp/rclcpp/any_executable.hpp:20[m[K,
                 from [01m[K/opt/ros/humble/include/rclcpp/rclcpp/memory_strategy.hpp:25[m[K,
                 from [01m[K/opt/ros/humble/include/rclcpp/rclcpp/memory_strategies.hpp:18[m[K,
                 from [01m[K/opt/ros/humble/include/rclcpp/rclcpp/executor_options.hpp:20[m[K,
                 from [01m[K/opt/ros/humble/include/rclcpp/rclcpp/executor.hpp:37[m[K,
                 from [01m[K/opt/ros/humble/include/rclcpp/rclcpp/executors/multi_threaded_executor.hpp:25[m[K,
                 from [01m[K/opt/ros/humble/include/rclcpp/rclcpp/executors.hpp:21[m[K,
                 from [01m[K/opt/ros/humble/include/rclcpp/rclcpp/rclcpp.hpp:155[m[K,
                 from [01m[K/home/ubuntu/Desktop/AK8064_ws_Jun/src/motor_driver/src/ControlMotor.cpp:958[m[K:
[01m[K/home/ubuntu/Desktop/AK8064_ws_Jun/src/motor_driver/src/ControlMotor.cpp:1297:29:[m[K [01;31m[Kerror: [m[Kâ€˜[01m[Klogger_[m[Kâ€™ was not declared in this scope
 1297 |                 RCLCPP_WARN([01;31m[Klogger_[m[K, "Motor 0x%02X: Unknown parameter: %s", motor_id_, param.name.c_str());
      |                             [01;31m[K^~~~~~~[m[K
[01m[K/home/ubuntu/Desktop/AK8064_ws_Jun/src/motor_driver/src/ControlMotor.cpp:1297:17:[m[K [01;31m[Kerror: [m[Ktemplate argument 1 is invalid
 1297 |                 [01;31m[KRCLCPP_WARN[m[K(logger_, "Motor 0x%02X: Unknown parameter: %s", motor_id_, param.name.c_str());
      |                 [01;31m[K^~~~~~~~~~~[m[K
[01m[K/home/ubuntu/Desktop/AK8064_ws_Jun/src/motor_driver/src/ControlMotor.cpp:1297:17:[m[K [01;31m[Kerror: [m[Ktemplate argument 1 is invalid
 1297 |                 [01;31m[KRCLCPP_WARN[m[K(logger_, "Motor 0x%02X: Unknown parameter: %s", motor_id_, param.name.c_str());
      |                 [01;31m[K^~~~~~~~~~~[m[K
[01m[K/home/ubuntu/Desktop/AK8064_ws_Jun/src/motor_driver/src/ControlMotor.cpp:1297:17:[m[K [01;31m[Kerror: [m[Ktemplate argument 1 is invalid
 1297 |                 [01;31m[KRCLCPP_WARN[m[K(logger_, "Motor 0x%02X: Unknown parameter: %s", motor_id_, param.name.c_str());
      |                 [01;31m[K^~~~~~~~~~~[m[K
In file included from [01m[K/opt/ros/humble/include/rclcpp/rclcpp/logging.hpp:24[m[K,
                 from [01m[K/opt/ros/humble/include/rclcpp/rclcpp/client.hpp:40[m[K,
                 from [01m[K/opt/ros/humble/include/rclcpp/rclcpp/callback_group.hpp:24[m[K,
                 from [01m[K/opt/ros/humble/include/rclcpp/rclcpp/any_executable.hpp:20[m[K,
                 from [01m[K/opt/ros/humble/include/rclcpp/rclcpp/memory_strategy.hpp:25[m[K,
                 from [01m[K/opt/ros/humble/include/rclcpp/rclcpp/memory_strategies.hpp:18[m[K,
                 from [01m[K/opt/ros/humble/include/rclcpp/rclcpp/executor_options.hpp:20[m[K,
                 from [01m[K/opt/ros/humble/include/rclcpp/rclcpp/executor.hpp:37[m[K,
                 from [01m[K/opt/ros/humble/include/rclcpp/rclcpp/executors/multi_threaded_executor.hpp:25[m[K,
                 from [01m[K/opt/ros/humble/include/rclcpp/rclcpp/executors.hpp:21[m[K,
                 from [01m[K/opt/ros/humble/include/rclcpp/rclcpp/rclcpp.hpp:155[m[K,
                 from [01m[K/home/ubuntu/Desktop/AK8064_ws_Jun/src/motor_driver/src/ControlMotor.cpp:958[m[K:
[01m[K/home/ubuntu/Desktop/AK8064_ws_Jun/src/motor_driver/src/ControlMotor.cpp:1297:77:[m[K [01;31m[Kerror: [m[Kâ€˜[01m[Kmotor_id_[m[Kâ€™ was not declared in this scope; did you mean â€˜[01m[KmotorId[m[Kâ€™?
 1297 |                 RCLCPP_WARN(logger_, "Motor 0x%02X: Unknown parameter: %s", [01;31m[Kmotor_id_[m[K, param.name.c_str());
      |                                                                             [01;31m[K^~~~~~~~~[m[K
In file included from [01m[K/opt/ros/humble/include/rclcpp/rclcpp/client.hpp:40[m[K,
                 from [01m[K/opt/ros/humble/include/rclcpp/rclcpp/callback_group.hpp:24[m[K,
                 from [01m[K/opt/ros/humble/include/rclcpp/rclcpp/any_executable.hpp:20[m[K,
                 from [01m[K/opt/ros/humble/include/rclcpp/rclcpp/memory_strategy.hpp:25[m[K,
                 from [01m[K/opt/ros/humble/include/rclcpp/rclcpp/memory_strategies.hpp:18[m[K,
                 from [01m[K/opt/ros/humble/include/rclcpp/rclcpp/executor_options.hpp:20[m[K,
                 from [01m[K/opt/ros/humble/include/rclcpp/rclcpp/executor.hpp:37[m[K,
                 from [01m[K/opt/ros/humble/include/rclcpp/rclcpp/executors/multi_threaded_executor.hpp:25[m[K,
                 from [01m[K/opt/ros/humble/include/rclcpp/rclcpp/executors.hpp:21[m[K,
                 from [01m[K/opt/ros/humble/include/rclcpp/rclcpp/rclcpp.hpp:155[m[K,
                 from [01m[K/home/ubuntu/Desktop/AK8064_ws_Jun/src/motor_driver/src/ControlMotor.cpp:958[m[K:
[01m[K/home/ubuntu/Desktop/AK8064_ws_Jun/src/motor_driver/src/ControlMotor.cpp:1314:30:[m[K [01;31m[Kerror: [m[Kâ€˜[01m[Klogger_[m[Kâ€™ was not declared in this scope
 1314 |                 RCLCPP_ERROR([01;31m[Klogger_[m[K, "Motor 0x%02X: Repeated target_positions is empty!", motor_id_);
      |                              [01;31m[K^~~~~~~[m[K
[01m[K/home/ubuntu/Desktop/AK8064_ws_Jun/src/motor_driver/src/ControlMotor.cpp:1314:17:[m[K [01;31m[Kerror: [m[Ktemplate argument 1 is invalid
 1314 |                 [01;31m[KRCLCPP_ERROR[m[K(logger_, "Motor 0x%02X: Repeated target_positions is empty!", motor_id_);
      |                 [01;31m[K^~~~~~~~~~~~[m[K
[01m[K/home/ubuntu/Desktop/AK8064_ws_Jun/src/motor_driver/src/ControlMotor.cpp:1314:17:[m[K [01;31m[Kerror: [m[Ktemplate argument 1 is invalid
 1314 |                 [01;31m[KRCLCPP_ERROR[m[K(logger_, "Motor 0x%02X: Repeated target_positions is empty!", motor_id_);
      |                 [01;31m[K^~~~~~~~~~~~[m[K
[01m[K/home/ubuntu/Desktop/AK8064_ws_Jun/src/motor_driver/src/ControlMotor.cpp:1314:17:[m[K [01;31m[Kerror: [m[Ktemplate argument 1 is invalid
 1314 |                 [01;31m[KRCLCPP_ERROR[m[K(logger_, "Motor 0x%02X: Repeated target_positions is empty!", motor_id_);
      |                 [01;31m[K^~~~~~~~~~~~[m[K
In file included from [01m[K/opt/ros/humble/include/rclcpp/rclcpp/logging.hpp:24[m[K,
                 from [01m[K/opt/ros/humble/include/rclcpp/rclcpp/client.hpp:40[m[K,
                 from [01m[K/opt/ros/humble/include/rclcpp/rclcpp/callback_group.hpp:24[m[K,
                 from [01m[K/opt/ros/humble/include/rclcpp/rclcpp/any_executable.hpp:20[m[K,
                 from [01m[K/opt/ros/humble/include/rclcpp/rclcpp/memory_strategy.hpp:25[m[K,
                 from [01m[K/opt/ros/humble/include/rclcpp/rclcpp/memory_strategies.hpp:18[m[K,
                 from [01m[K/opt/ros/humble/include/rclcpp/rclcpp/executor_options.hpp:20[m[K,
                 from [01m[K/opt/ros/humble/include/rclcpp/rclcpp/executor.hpp:37[m[K,
                 from [01m[K/opt/ros/humble/include/rclcpp/rclcpp/executors/multi_threaded_executor.hpp:25[m[K,
                 from [01m[K/opt/ros/humble/include/rclcpp/rclcpp/executors.hpp:21[m[K,
                 from [01m[K/opt/ros/humble/include/rclcpp/rclcpp/rclcpp.hpp:155[m[K,
                 from [01m[K/home/ubuntu/Desktop/AK8064_ws_Jun/src/motor_driver/src/ControlMotor.cpp:958[m[K:
[01m[K/home/ubuntu/Desktop/AK8064_ws_Jun/src/motor_driver/src/ControlMotor.cpp:1314:92:[m[K [01;31m[Kerror: [m[Kâ€˜[01m[Kmotor_id_[m[Kâ€™ was not declared in this scope; did you mean â€˜[01m[KmotorId[m[Kâ€™?
 1314 |       RCLCPP_ERROR(logger_, "Motor 0x%02X: Repeated target_positions is empty!", [01;31m[Kmotor_id_[m[K);
      |                                                                                  [01;31m[K^~~~~~~~~[m[K

[01m[K/home/ubuntu/Desktop/AK8064_ws_Jun/src/motor_driver/src/ControlMotor.cpp:1317:13:[m[K [01;31m[Kerror: [m[Kâ€˜[01m[Ktarget_positions_[m[Kâ€™ was not declared in this scope; did you mean â€˜[01m[KgetTargetPositions[m[Kâ€™?
 1317 |             [01;31m[Ktarget_positions_[m[K = repeated_positions;
      |             [01;31m[K^~~~~~~~~~~~~~~~~[m[K
      |             [32m[KgetTargetPositions[m[K
[01m[K/home/ubuntu/Desktop/AK8064_ws_Jun/src/motor_driver/src/ControlMotor.cpp:1318:13:[m[K [01;31m[Kerror: [m[Kâ€˜[01m[Ktarget_reached_[m[Kâ€™ was not declared in this scope; did you mean â€˜[01m[KisTargetReached[m[Kâ€™?
 1318 |             [01;31m[Ktarget_reached_[m[K = false;
      |             [01;31m[K^~~~~~~~~~~~~~~[m[K
      |             [32m[KisTargetReached[m[K
[01m[K/home/ubuntu/Desktop/AK8064_ws_Jun/src/motor_driver/src/ControlMotor.cpp:1319:13:[m[K [01;31m[Kerror: [m[Kâ€˜[01m[Kcurrent_target_index_[m[Kâ€™ was not declared in this scope
 1319 |             [01;31m[Kcurrent_target_index_[m[K = 0;
      |             [01;31m[K^~~~~~~~~~~~~~~~~~~~~[m[K
In file included from [01m[K/opt/ros/humble/include/rclcpp/rclcpp/client.hpp:40[m[K,
                 from [01m[K/opt/ros/humble/include/rclcpp/rclcpp/callback_group.hpp:24[m[K,
                 from [01m[K/opt/ros/humble/include/rclcpp/rclcpp/any_executable.hpp:20[m[K,
                 from [01m[K/opt/ros/humble/include/rclcpp/rclcpp/memory_strategy.hpp:25[m[K,
                 from [01m[K/opt/ros/humble/include/rclcpp/rclcpp/memory_strategies.hpp:18[m[K,
                 from [01m[K/opt/ros/humble/include/rclcpp/rclcpp/executor_options.hpp:20[m[K,
                 from [01m[K/opt/ros/humble/include/rclcpp/rclcpp/executor.hpp:37[m[K,
                 from [01m[K/opt/ros/humble/include/rclcpp/rclcpp/executors/multi_threaded_executor.hpp:25[m[K,
                 from [01m[K/opt/ros/humble/include/rclcpp/rclcpp/executors.hpp:21[m[K,
                 from [01m[K/opt/ros/humble/include/rclcpp/rclcpp/rclcpp.hpp:155[m[K,
                 from [01m[K/home/ubuntu/Desktop/AK8064_ws_Jun/src/motor_driver/src/ControlMotor.cpp:958[m[K:
[01m[K/home/ubuntu/Desktop/AK8064_ws_Jun/src/motor_driver/src/ControlMotor.cpp:1320:25:[m[K [01;31m[Kerror: [m[Kâ€˜[01m[Klogger_[m[Kâ€™ was not declared in this scope
 1320 |             RCLCPP_INFO([01;31m[Klogger_[m[K, "Motor 0x%02X: Updated target_positions: %ld targets (repeated %d times)",
      |                         [01;31m[K^~~~~~~[m[K
[01m[K/home/ubuntu/Desktop/AK8064_ws_Jun/src/motor_driver/src/ControlMotor.cpp:1320:13:[m[K [01;31m[Kerror: [m[Ktemplate argument 1 is invalid
 1320 |             [01;31m[KRCLCPP_INFO[m[K(logger_, "Motor 0x%02X: Updated target_positions: %ld targets (repeated %d times)",
      |             [01;31m[K^~~~~~~~~~~[m[K
[01m[K/home/ubuntu/Desktop/AK8064_ws_Jun/src/motor_driver/src/ControlMotor.cpp:1320:13:[m[K [01;31m[Kerror: [m[Ktemplate argument 1 is invalid
 1320 |             [01;31m[KRCLCPP_INFO[m[K(logger_, "Motor 0x%02X: Updated target_positions: %ld targets (repeated %d times)",
      |             [01;31m[K^~~~~~~~~~~[m[K
[01m[K/home/ubuntu/Desktop/AK8064_ws_Jun/src/motor_driver/src/ControlMotor.cpp:1320:13:[m[K [01;31m[Kerror: [m[Ktemplate argument 1 is invalid
 1320 |             [01;31m[KRCLCPP_INFO[m[K(logger_, "Motor 0x%02X: Updated target_positions: %ld targets (repeated %d times)",
      |             [01;31m[K^~~~~~~~~~~[m[K
In file included from [01m[K/opt/ros/humble/include/rclcpp/rclcpp/logging.hpp:24[m[K,
                 from [01m[K/opt/ros/humble/include/rclcpp/rclcpp/client.hpp:40[m[K,
                 from [01m[K/opt/ros/humble/include/rclcpp/rclcpp/callback_group.hpp:24[m[K,
                 from [01m[K/opt/ros/humble/include/rclcpp/rclcpp/any_executable.hpp:20[m[K,
                 from [01m[K/opt/ros/humble/include/rclcpp/rclcpp/memory_strategy.hpp:25[m[K,
                 from [01m[K/opt/ros/humble/include/rclcpp/rclcpp/memory_strategies.hpp:18[m[K,
                 from [01m[K/opt/ros/humble/include/rclcpp/rclcpp/executor_options.hpp:20[m[K,
                 from [01m[K/opt/ros/humble/include/rclcpp/rclcpp/executor.hpp:37[m[K,
                 from [01m[K/opt/ros/humble/include/rclcpp/rclcpp/executors/multi_threaded_executor.hpp:25[m[K,
                 from [01m[K/opt/ros/humble/include/rclcpp/rclcpp/executors.hpp:21[m[K,
                 from [01m[K/opt/ros/humble/include/rclcpp/rclcpp/rclcpp.hpp:155[m[K,
                 from [01m[K/home/ubuntu/Desktop/AK8064_ws_Jun/src/motor_driver/src/ControlMotor.cpp:958[m[K:
[01m[K/home/ubuntu/Desktop/AK8064_ws_Jun/src/motor_driver/src/ControlMotor.cpp:1321:25:[m[K [01;31m[Kerror: [m[Kâ€˜[01m[Kmotor_id_[m[Kâ€™ was not declared in this scope; did you mean â€˜[01m[KmotorId[m[Kâ€™?
 1321 |                         [01;31m[Kmotor_id_[m[K, target_positions_.size(), repeat_);
      |                         [01;31m[K^~~~~~~~~[m[K
[01m[K/home/ubuntu/Desktop/AK8064_ws_Jun/src/motor_driver/src/ControlMotor.cpp:1322:13:[m[K [01;31m[Kerror: [m[Kâ€˜[01m[KtransitionTo[m[Kâ€™ was not declared in this scope
 1322 |             [01;31m[KtransitionTo[m[K(State::MOVING); // Start moving to new targets
      |             [01;31m[K^~~~~~~~~~~~[m[K
[01m[K/home/ubuntu/Desktop/AK8064_ws_Jun/src/motor_driver/src/ControlMotor.cpp:1328:9:[m[K [01;31m[Kerror: [m[Kâ€˜[01m[KvalidateRepeat[m[Kâ€™ was not declared in this scope; did you mean â€˜[01m[KvalidateSpeed[m[Kâ€™?
 1328 |         [01;31m[KvalidateRepeat[m[K();
      |         [01;31m[K^~~~~~~~~~~~~~[m[K
      |         [32m[KvalidateSpeed[m[K
[01m[K/home/ubuntu/Desktop/AK8064_ws_Jun/src/motor_driver/src/ControlMotor.cpp:[m[K In member function â€˜[01m[Kvirtual bool MotorController::isOriginSet() const[m[Kâ€™:
[01m[K/home/ubuntu/Desktop/AK8064_ws_Jun/src/motor_driver/src/ControlMotor.cpp:1331:48:[m[K [01;31m[Kerror: [m[Kâ€˜[01m[Kis_origin_set_[m[Kâ€™ was not declared in this scope; did you mean â€˜[01m[KisOriginSet[m[Kâ€™?
 1331 |     bool isOriginSet() const override { return [01;31m[Kis_origin_set_[m[K; }
      |                                                [01;31m[K^~~~~~~~~~~~~~[m[K
      |                                                [32m[KisOriginSet[m[K
[01m[K/home/ubuntu/Desktop/AK8064_ws_Jun/src/motor_driver/src/ControlMotor.cpp:[m[K In member function â€˜[01m[Kvirtual bool MotorController::isTargetReached() const[m[Kâ€™:
[01m[K/home/ubuntu/Desktop/AK8064_ws_Jun/src/motor_driver/src/ControlMotor.cpp:1332:52:[m[K [01;31m[Kerror: [m[Kâ€˜[01m[Ktarget_reached_[m[Kâ€™ was not declared in this scope; did you mean â€˜[01m[KisTargetReached[m[Kâ€™?
 1332 |     bool isTargetReached() const override { return [01;31m[Ktarget_reached_[m[K; }
      |                                                    [01;31m[K^~~~~~~~~~~~~~~[m[K
      |                                                    [32m[KisTargetReached[m[K
[01m[K/home/ubuntu/Desktop/AK8064_ws_Jun/src/motor_driver/src/ControlMotor.cpp:[m[K In member function â€˜[01m[Kvirtual uint8_t MotorController::motorId() const[m[Kâ€™:
[01m[K/home/ubuntu/Desktop/AK8064_ws_Jun/src/motor_driver/src/ControlMotor.cpp:1333:47:[m[K [01;31m[Kerror: [m[Kâ€˜[01m[Kmotor_id_[m[Kâ€™ was not declared in this scope; did you mean â€˜[01m[KmotorId[m[Kâ€™?
 1333 |     uint8_t motorId() const override { return [01;31m[Kmotor_id_[m[K; }
      |                                               [01;31m[K^~~~~~~~~[m[K
      |                                               [32m[KmotorId[m[K
[01m[K/home/ubuntu/Desktop/AK8064_ws_Jun/src/motor_driver/src/ControlMotor.cpp:[m[K In member function â€˜[01m[Kvirtual const std::vector<float>& MotorController::getTargetPositions() const[m[Kâ€™:
[01m[K/home/ubuntu/Desktop/AK8064_ws_Jun/src/motor_driver/src/ControlMotor.cpp:1334:76:[m[K [01;31m[Kerror: [m[Kâ€˜[01m[Ktarget_positions_[m[Kâ€™ was not declared in this scope; did you mean â€˜[01m[KgetTargetPositions[m[Kâ€™?
 1334 |     const std::vector<float>& getTargetPositions() const override { return [01;31m[Ktarget_positions_[m[K; } // Added accessor
      |                                                                            [01;31m[K^~~~~~~~~~~~~~~~~[m[K
      |                                                                            [32m[KgetTargetPositions[m[K
[01m[K/home/ubuntu/Desktop/AK8064_ws_Jun/src/motor_driver/src/ControlMotor.cpp:[m[K In member function â€˜[01m[Kvirtual void MotorController::stop()[m[Kâ€™:
[01m[K/home/ubuntu/Desktop/AK8064_ws_Jun/src/motor_driver/src/ControlMotor.cpp:1338:18:[m[K [01;31m[Kerror: [m[Kâ€˜[01m[Klast_command_[m[Kâ€™ was not declared in this scope
 1338 |             if (([01;31m[Klast_command_[m[K == "UP" || last_command_ == "DOWN" ||
      |                  [01;31m[K^~~~~~~~~~~~~[m[K
[01m[K/home/ubuntu/Desktop/AK8064_ws_Jun/src/motor_driver/src/ControlMotor.cpp:1339:19:[m[K [01;31m[Kerror: [m[Kâ€˜[01m[Kmode_[m[Kâ€™ was not declared in this scope; did you mean â€˜[01m[Kmode_t[m[Kâ€™?
 1339 |                  ([01;31m[Kmode_[m[K == Mode::MANUAL && !target_positions_cmd_.empty())) &&
      |                   [01;31m[K^~~~~[m[K
      |                   [32m[Kmode_t[m[K
[01m[K/home/ubuntu/Desktop/AK8064_ws_Jun/src/motor_driver/src/ControlMotor.cpp:1339:45:[m[K [01;31m[Kerror: [m[Kâ€˜[01m[Ktarget_positions_cmd_[m[Kâ€™ was not declared in this scope
 1339 |                  (mode_ == Mode::MANUAL && ![01;31m[Ktarget_positions_cmd_[m[K.empty())) &&
      |                                             [01;31m[K^~~~~~~~~~~~~~~~~~~~~[m[K
[01m[K/home/ubuntu/Desktop/AK8064_ws_Jun/src/motor_driver/src/ControlMotor.cpp:1340:18:[m[K [01;31m[Kerror: [m[Kâ€˜[01m[Kcan_[m[Kâ€™ was not declared in this scope
 1340 |                 ![01;31m[Kcan_[m[K->setCurrentBrake(motor_id_, 300)) {
      |                  [01;31m[K^~~~[m[K
[01m[K/home/ubuntu/Desktop/AK8064_ws_Jun/src/motor_driver/src/ControlMotor.cpp:1340:40:[m[K [01;31m[Kerror: [m[Kâ€˜[01m[Kmotor_id_[m[Kâ€™ was not declared in this scope; did you mean â€˜[01m[KmotorId[m[Kâ€™?
 1340 |                 !can_->setCurrentBrake([01;31m[Kmotor_id_[m[K, 300)) {
      |                                        [01;31m[K^~~~~~~~~[m[K
      |                                        [32m[KmotorId[m[K
In file included from [01m[K/opt/ros/humble/include/rclcpp/rclcpp/client.hpp:40[m[K,
                 from [01m[K/opt/ros/humble/include/rclcpp/rclcpp/callback_group.hpp:24[m[K,
                 from [01m[K/opt/ros/humble/include/rclcpp/rclcpp/any_executable.hpp:20[m[K,
                 from [01m[K/opt/ros/humble/include/rclcpp/rclcpp/memory_strategy.hpp:25[m[K,
                 from [01m[K/opt/ros/humble/include/rclcpp/rclcpp/memory_strategies.hpp:18[m[K,
                 from [01m[K/opt/ros/humble/include/rclcpp/rclcpp/executor_options.hpp:20[m[K,
                 from [01m[K/opt/ros/humble/include/rclcpp/rclcpp/executor.hpp:37[m[K,
                 from [01m[K/opt/ros/humble/include/rclcpp/rclcpp/executors/multi_threaded_executor.hpp:25[m[K,
                 from [01m[K/opt/ros/humble/include/rclcpp/rclcpp/executors.hpp:21[m[K,
                 from [01m[K/opt/ros/humble/include/rclcpp/rclcpp/rclcpp.hpp:155[m[K,
                 from [01m[K/home/ubuntu/Desktop/AK8064_ws_Jun/src/motor_driver/src/ControlMotor.cpp:958[m[K:
[01m[K/home/ubuntu/Desktop/AK8064_ws_Jun/src/motor_driver/src/ControlMotor.cpp:1341:30:[m[K [01;31m[Kerror: [m[Kâ€˜[01m[Klogger_[m[Kâ€™ was not declared in this scope
 1341 |                 RCLCPP_ERROR([01;31m[Klogger_[m[K, "Motor 0x%02X: Brake failed", motor_id_);
      |                              [01;31m[K^~~~~~~[m[K
[01m[K/home/ubuntu/Desktop/AK8064_ws_Jun/src/motor_driver/src/ControlMotor.cpp:1341:17:[m[K [01;31m[Kerror: [m[Ktemplate argument 1 is invalid
 1341 |                 [01;31m[KRCLCPP_ERROR[m[K(logger_, "Motor 0x%02X: Brake failed", motor_id_);
      |                 [01;31m[K^~~~~~~~~~~~[m[K
[01m[K/home/ubuntu/Desktop/AK8064_ws_Jun/src/motor_driver/src/ControlMotor.cpp:1341:17:[m[K [01;31m[Kerror: [m[Ktemplate argument 1 is invalid
 1341 |                 [01;31m[KRCLCPP_ERROR[m[K(logger_, "Motor 0x%02X: Brake failed", motor_id_);
      |                 [01;31m[K^~~~~~~~~~~~[m[K
[01m[K/home/ubuntu/Desktop/AK8064_ws_Jun/src/motor_driver/src/ControlMotor.cpp:1341:17:[m[K [01;31m[Kerror: [m[Ktemplate argument 1 is invalid
 1341 |                 [01;31m[KRCLCPP_ERROR[m[K(logger_, "Motor 0x%02X: Brake failed", motor_id_);
      |                 [01;31m[K^~~~~~~~~~~~[m[K
[01m[K/home/ubuntu/Desktop/AK8064_ws_Jun/src/motor_driver/src/ControlMotor.cpp:1342:17:[m[K [01;31m[Kerror: [m[Kâ€˜[01m[KtransitionTo[m[Kâ€™ was not declared in this scope
 1342 |                 [01;31m[KtransitionTo[m[K(State::ERROR);
      |                 [01;31m[K^~~~~~~~~~~~[m[K
[01m[K/home/ubuntu/Desktop/AK8064_ws_Jun/src/motor_driver/src/ControlMotor.cpp:1345:13:[m[K [01;31m[Kerror: [m[Kâ€˜[01m[Kcan_[m[Kâ€™ was not declared in this scope
 1345 |             [01;31m[Kcan_[m[K->setPositionSpeed(motor_id_, last_data_.position, 1000, 1000);
      |             [01;31m[K^~~~[m[K
[01m[K/home/ubuntu/Desktop/AK8064_ws_Jun/src/motor_driver/src/ControlMotor.cpp:1345:36:[m[K [01;31m[Kerror: [m[Kâ€˜[01m[Kmotor_id_[m[Kâ€™ was not declared in this scope; did you mean â€˜[01m[KmotorId[m[Kâ€™?
 1345 |             can_->setPositionSpeed([01;31m[Kmotor_id_[m[K, last_data_.position, 1000, 1000);
      |                                    [01;31m[K^~~~~~~~~[m[K
      |                                    [32m[KmotorId[m[K
[01m[K/home/ubuntu/Desktop/AK8064_ws_Jun/src/motor_driver/src/ControlMotor.cpp:1345:47:[m[K [01;31m[Kerror: [m[Kâ€˜[01m[Klast_data_[m[Kâ€™ was not declared in this scope
 1345 |             can_->setPositionSpeed(motor_id_, [01;31m[Klast_data_[m[K.position, 1000, 1000);
      |                                               [01;31m[K^~~~~~~~~~[m[K
[01m[K/home/ubuntu/Desktop/AK8064_ws_Jun/src/motor_driver/src/ControlMotor.cpp:1346:13:[m[K [01;31m[Kerror: [m[Kâ€˜[01m[Ktarget_position_[m[Kâ€™ was not declared in this scope; did you mean â€˜[01m[KgetTargetPositions[m[Kâ€™?
 1346 |             [01;31m[Ktarget_position_[m[K = last_data_.position;
      |             [01;31m[K^~~~~~~~~~~~~~~~[m[K
      |             [32m[KgetTargetPositions[m[K
[01m[K/home/ubuntu/Desktop/AK8064_ws_Jun/src/motor_driver/src/ControlMotor.cpp:1347:13:[m[K [01;31m[Kerror: [m[Kâ€˜[01m[KtransitionTo[m[Kâ€™ was not declared in this scope
 1347 |             [01;31m[KtransitionTo[m[K(State::STOPPED);
      |             [01;31m[K^~~~~~~~~~~~[m[K
[01m[K/home/ubuntu/Desktop/AK8064_ws_Jun/src/motor_driver/src/ControlMotor.cpp:1348:13:[m[K [01;31m[Kerror: [m[Kâ€˜[01m[Kstate_publisher_[m[Kâ€™ was not declared in this scope; did you mean â€˜[01m[KStatePublisher[m[Kâ€™?
 1348 |             [01;31m[Kstate_publisher_[m[K.publishResponse("Motor 0x" + std::to_string(motor_id_) +
      |             [01;31m[K^~~~~~~~~~~~~~~~[m[K
      |             [32m[KStatePublisher[m[K
In file included from [01m[K/opt/ros/humble/include/rclcpp/rclcpp/client.hpp:40[m[K,
                 from [01m[K/opt/ros/humble/include/rclcpp/rclcpp/callback_group.hpp:24[m[K,
                 from [01m[K/opt/ros/humble/include/rclcpp/rclcpp/any_executable.hpp:20[m[K,
                 from [01m[K/opt/ros/humble/include/rclcpp/rclcpp/memory_strategy.hpp:25[m[K,
                 from [01m[K/opt/ros/humble/include/rclcpp/rclcpp/memory_strategies.hpp:18[m[K,
                 from [01m[K/opt/ros/humble/include/rclcpp/rclcpp/executor_options.hpp:20[m[K,
                 from [01m[K/opt/ros/humble/include/rclcpp/rclcpp/executor.hpp:37[m[K,
                 from [01m[K/opt/ros/humble/include/rclcpp/rclcpp/executors/multi_threaded_executor.hpp:25[m[K,
                 from [01m[K/opt/ros/humble/include/rclcpp/rclcpp/executors.hpp:21[m[K,
                 from [01m[K/opt/ros/humble/include/rclcpp/rclcpp/rclcpp.hpp:155[m[K,
                 from [01m[K/home/ubuntu/Desktop/AK8064_ws_Jun/src/motor_driver/src/ControlMotor.cpp:958[m[K:
[01m[K/home/ubuntu/Desktop/AK8064_ws_Jun/src/motor_driver/src/ControlMotor.cpp:1351:26:[m[K [01;31m[Kerror: [m[Kâ€˜[01m[Klogger_[m[Kâ€™ was not declared in this scope
 1351 |             RCLCPP_ERROR([01;31m[Klogger_[m[K, "Motor 0x%02X: Stop failed: %s", motor_id_, e.what());
      |                          [01;31m[K^~~~~~~[m[K
[01m[K/home/ubuntu/Desktop/AK8064_ws_Jun/src/motor_driver/src/ControlMotor.cpp:1351:13:[m[K [01;31m[Kerror: [m[Ktemplate argument 1 is invalid
 1351 |             [01;31m[KRCLCPP_ERROR[m[K(logger_, "Motor 0x%02X: Stop failed: %s", motor_id_, e.what());
      |             [01;31m[K^~~~~~~~~~~~[m[K
[01m[K/home/ubuntu/Desktop/AK8064_ws_Jun/src/motor_driver/src/ControlMotor.cpp:1351:13:[m[K [01;31m[Kerror: [m[Ktemplate argument 1 is invalid
 1351 |             [01;31m[KRCLCPP_ERROR[m[K(logger_, "Motor 0x%02X: Stop failed: %s", motor_id_, e.what());
      |             [01;31m[K^~~~~~~~~~~~[m[K
[01m[K/home/ubuntu/Desktop/AK8064_ws_Jun/src/motor_driver/src/ControlMotor.cpp:1351:13:[m[K [01;31m[Kerror: [m[Ktemplate argument 1 is invalid
 1351 |             [01;31m[KRCLCPP_ERROR[m[K(logger_, "Motor 0x%02X: Stop failed: %s", motor_id_, e.what());
      |             [01;31m[K^~~~~~~~~~~~[m[K
In file included from [01m[K/opt/ros/humble/include/rclcpp/rclcpp/logging.hpp:24[m[K,
                 from [01m[K/opt/ros/humble/include/rclcpp/rclcpp/client.hpp:40[m[K,
                 from [01m[K/opt/ros/humble/include/rclcpp/rclcpp/callback_group.hpp:24[m[K,
                 from [01m[K/opt/ros/humble/include/rclcpp/rclcpp/any_executable.hpp:20[m[K,
                 from [01m[K/opt/ros/humble/include/rclcpp/rclcpp/memory_strategy.hpp:25[m[K,
                 from [01m[K/opt/ros/humble/include/rclcpp/rclcpp/memory_strategies.hpp:18[m[K,
                 from [01m[K/opt/ros/humble/include/rclcpp/rclcpp/executor_options.hpp:20[m[K,
                 from [01m[K/opt/ros/humble/include/rclcpp/rclcpp/executor.hpp:37[m[K,
                 from [01m[K/opt/ros/humble/include/rclcpp/rclcpp/executors/multi_threaded_executor.hpp:25[m[K,
                 from [01m[K/opt/ros/humble/include/rclcpp/rclcpp/executors.hpp:21[m[K,
                 from [01m[K/opt/ros/humble/include/rclcpp/rclcpp/rclcpp.hpp:155[m[K,
                 from [01m[K/home/ubuntu/Desktop/AK8064_ws_Jun/src/motor_driver/src/ControlMotor.cpp:958[m[K:
[01m[K/home/ubuntu/Desktop/AK8064_ws_Jun/src/motor_driver/src/ControlMotor.cpp:1351:68:[m[K [01;31m[Kerror: [m[Kâ€˜[01m[Kmotor_id_[m[Kâ€™ was not declared in this scope; did you mean â€˜[01m[KmotorId[m[Kâ€™?
 1351 |             RCLCPP_ERROR(logger_, "Motor 0x%02X: Stop failed: %s", [01;31m[Kmotor_id_[m[K, e.what());
      |                                                                    [01;31m[K^~~~~~~~~[m[K
[01m[K/home/ubuntu/Desktop/AK8064_ws_Jun/src/motor_driver/src/ControlMotor.cpp:1352:13:[m[K [01;31m[Kerror: [m[Kâ€˜[01m[KtransitionTo[m[Kâ€™ was not declared in this scope
 1352 |             [01;31m[KtransitionTo[m[K(State::ERROR);
      |             [01;31m[K^~~~~~~~~~~~[m[K
[01m[K/home/ubuntu/Desktop/AK8064_ws_Jun/src/motor_driver/src/ControlMotor.cpp:[m[K In member function â€˜[01m[Kvoid MotorController::handleInitializing(const MotorData&)[m[Kâ€™:
[01m[K/home/ubuntu/Desktop/AK8064_ws_Jun/src/motor_driver/src/ControlMotor.cpp:1370:39:[m[K [01;31m[Kerror: [m[Kâ€˜[01m[KPOSITION_TOLERANCE[m[Kâ€™ was not declared in this scope
 1370 |         if (std::abs(data.position) < [01;31m[KPOSITION_TOLERANCE[m[K &&
      |                                       [01;31m[K^~~~~~~~~~~~~~~~~~[m[K
[01m[K/home/ubuntu/Desktop/AK8064_ws_Jun/src/motor_driver/src/ControlMotor.cpp:1371:39:[m[K [01;31m[Kerror: [m[Kâ€˜[01m[KVELOCITY_TOLERANCE[m[Kâ€™ was not declared in this scope
 1371 |             std::abs(data.velocity) < [01;31m[KVELOCITY_TOLERANCE[m[K) {
      |                                       [01;31m[K^~~~~~~~~~~~~~~~~~[m[K
[01m[K/home/ubuntu/Desktop/AK8064_ws_Jun/src/motor_driver/src/ControlMotor.cpp:1372:13:[m[K [01;31m[Kerror: [m[Kâ€˜[01m[Kis_origin_set_[m[Kâ€™ was not declared in this scope; did you mean â€˜[01m[KisOriginSet[m[Kâ€™?
 1372 |             [01;31m[Kis_origin_set_[m[K = true;
      |             [01;31m[K^~~~~~~~~~~~~~[m[K
      |             [32m[KisOriginSet[m[K
[01m[K/home/ubuntu/Desktop/AK8064_ws_Jun/src/motor_driver/src/ControlMotor.cpp:1373:13:[m[K [01;31m[Kerror: [m[Kâ€˜[01m[KtransitionTo[m[Kâ€™ was not declared in this scope
 1373 |             [01;31m[KtransitionTo[m[K(State::HOMING);
      |             [01;31m[K^~~~~~~~~~~~[m[K
[01m[K/home/ubuntu/Desktop/AK8064_ws_Jun/src/motor_driver/src/ControlMotor.cpp:[m[K In member function â€˜[01m[Kvoid MotorController::handleHoming(const MotorData&)[m[Kâ€™:
[01m[K/home/ubuntu/Desktop/AK8064_ws_Jun/src/motor_driver/src/ControlMotor.cpp:1378:9:[m[K [01;31m[Kerror: [m[Kâ€˜[01m[Kcan_[m[Kâ€™ was not declared in this scope
 1378 |         [01;31m[Kcan_[m[K->setPositionSpeed(motor_id_, 0.0, static_cast<int>(speed_), static_cast<int>(accel_));
      |         [01;31m[K^~~~[m[K
[01m[K/home/ubuntu/Desktop/AK8064_ws_Jun/src/motor_driver/src/ControlMotor.cpp:1378:32:[m[K [01;31m[Kerror: [m[Kâ€˜[01m[Kmotor_id_[m[Kâ€™ was not declared in this scope; did you mean â€˜[01m[KmotorId[m[Kâ€™?
 1378 |         can_->setPositionSpeed([01;31m[Kmotor_id_[m[K, 0.0, static_cast<int>(speed_), static_cast<int>(accel_));
      |                                [01;31m[K^~~~~~~~~[m[K
      |                                [32m[KmotorId[m[K
[01m[K/home/ubuntu/Desktop/AK8064_ws_Jun/src/motor_driver/src/ControlMotor.cpp:1378:65:[m[K [01;31m[Kerror: [m[Kâ€˜[01m[Kspeed_[m[Kâ€™ was not declared in this scope
 1378 |         can_->setPositionSpeed(motor_id_, 0.0, static_cast<int>([01;31m[Kspeed_[m[K), static_cast<int>(accel_));
      |                                                                 [01;31m[K^~~~~~[m[K
[01m[K/home/ubuntu/Desktop/AK8064_ws_Jun/src/motor_driver/src/ControlMotor.cpp:1378:91:[m[K [01;31m[Kerror: [m[Kâ€˜[01m[Kaccel_[m[Kâ€™ was not declared in this scope; did you mean â€˜[01m[Kaccess[m[Kâ€™?
 1378 |  can_->setPositionSpeed(motor_id_, 0.0, static_cast<int>(speed_), static_cast<int>([01;31m[Kaccel_[m[K));
      |                                                                                    [01;31m[K^~~~~~[m[K
      |                                                                                    [32m[Kaccess[m[K
[01m[K/home/ubuntu/Desktop/AK8064_ws_Jun/src/motor_driver/src/ControlMotor.cpp:1379:39:[m[K [01;31m[Kerror: [m[Kâ€˜[01m[KPOSITION_TOLERANCE[m[Kâ€™ was not declared in this scope
 1379 |         if (std::abs(data.position) < [01;31m[KPOSITION_TOLERANCE[m[K &&
      |                                       [01;31m[K^~~~~~~~~~~~~~~~~~[m[K
[01m[K/home/ubuntu/Desktop/AK8064_ws_Jun/src/motor_driver/src/ControlMotor.cpp:1380:39:[m[K [01;31m[Kerror: [m[Kâ€˜[01m[KVELOCITY_TOLERANCE[m[Kâ€™ was not declared in this scope
 1380 |             std::abs(data.velocity) < [01;31m[KVELOCITY_TOLERANCE[m[K) {
      |                                       [01;31m[K^~~~~~~~~~~~~~~~~~[m[K
[01m[K/home/ubuntu/Desktop/AK8064_ws_Jun/src/motor_driver/src/ControlMotor.cpp:1381:13:[m[K [01;31m[Kerror: [m[Kâ€˜[01m[Kis_home_[m[Kâ€™ was not declared in this scope
 1381 |             [01;31m[Kis_home_[m[K = true;
      |             [01;31m[K^~~~~~~~[m[K
[01m[K/home/ubuntu/Desktop/AK8064_ws_Jun/src/motor_driver/src/ControlMotor.cpp:1382:13:[m[K [01;31m[Kerror: [m[Kâ€˜[01m[Ktarget_reached_[m[Kâ€™ was not declared in this scope; did you mean â€˜[01m[KisTargetReached[m[Kâ€™?
 1382 |             [01;31m[Ktarget_reached_[m[K = true;
      |             [01;31m[K^~~~~~~~~~~~~~~[m[K
      |             [32m[KisTargetReached[m[K
In file included from [01m[K/opt/ros/humble/include/rclcpp/rclcpp/client.hpp:40[m[K,
                 from [01m[K/opt/ros/humble/include/rclcpp/rclcpp/callback_group.hpp:24[m[K,
                 from [01m[K/opt/ros/humble/include/rclcpp/rclcpp/any_executable.hpp:20[m[K,
                 from [01m[K/opt/ros/humble/include/rclcpp/rclcpp/memory_strategy.hpp:25[m[K,
                 from [01m[K/opt/ros/humble/include/rclcpp/rclcpp/memory_strategies.hpp:18[m[K,
                 from [01m[K/opt/ros/humble/include/rclcpp/rclcpp/executor_options.hpp:20[m[K,
                 from [01m[K/opt/ros/humble/include/rclcpp/rclcpp/executor.hpp:37[m[K,
                 from [01m[K/opt/ros/humble/include/rclcpp/rclcpp/executors/multi_threaded_executor.hpp:25[m[K,
                 from [01m[K/opt/ros/humble/include/rclcpp/rclcpp/executors.hpp:21[m[K,
                 from [01m[K/opt/ros/humble/include/rclcpp/rclcpp/rclcpp.hpp:155[m[K,
                 from [01m[K/home/ubuntu/Desktop/AK8064_ws_Jun/src/motor_driver/src/ControlMotor.cpp:958[m[K:
[01m[K/home/ubuntu/Desktop/AK8064_ws_Jun/src/motor_driver/src/ControlMotor.cpp:1383:25:[m[K [01;31m[Kerror: [m[Kâ€˜[01m[Klogger_[m[Kâ€™ was not declared in this scope
 1383 |             RCLCPP_INFO([01;31m[Klogger_[m[K, "Motor 0x%02X reached Home Position!", motor_id_);
      |                         [01;31m[K^~~~~~~[m[K
[01m[K/home/ubuntu/Desktop/AK8064_ws_Jun/src/motor_driver/src/ControlMotor.cpp:1383:13:[m[K [01;31m[Kerror: [m[Ktemplate argument 1 is invalid
 1383 |             [01;31m[KRCLCPP_INFO[m[K(logger_, "Motor 0x%02X reached Home Position!", motor_id_);
      |             [01;31m[K^~~~~~~~~~~[m[K
[01m[K/home/ubuntu/Desktop/AK8064_ws_Jun/src/motor_driver/src/ControlMotor.cpp:1383:13:[m[K [01;31m[Kerror: [m[Ktemplate argument 1 is invalid
 1383 |             [01;31m[KRCLCPP_INFO[m[K(logger_, "Motor 0x%02X reached Home Position!", motor_id_);
      |             [01;31m[K^~~~~~~~~~~[m[K
[01m[K/home/ubuntu/Desktop/AK8064_ws_Jun/src/motor_driver/src/ControlMotor.cpp:1383:13:[m[K [01;31m[Kerror: [m[Ktemplate argument 1 is invalid
 1383 |             [01;31m[KRCLCPP_INFO[m[K(logger_, "Motor 0x%02X reached Home Position!", motor_id_);
      |             [01;31m[K^~~~~~~~~~~[m[K
[01m[K/home/ubuntu/Desktop/AK8064_ws_Jun/src/motor_driver/src/ControlMotor.cpp:1384:13:[m[K [01;31m[Kerror: [m[Kâ€˜[01m[KtransitionTo[m[Kâ€™ was not declared in this scope
 1384 |             [01;31m[KtransitionTo[m[K(State::STOPPED); // Transition to STOPPED after homing
      |             [01;31m[K^~~~~~~~~~~~[m[K
[01m[K/home/ubuntu/Desktop/AK8064_ws_Jun/src/motor_driver/src/ControlMotor.cpp:[m[K In member function â€˜[01m[Kvoid MotorController::handleMoving(const MotorData&)[m[Kâ€™:
[01m[K/home/ubuntu/Desktop/AK8064_ws_Jun/src/motor_driver/src/ControlMotor.cpp:1389:13:[m[K [01;31m[Kerror: [m[Kâ€˜[01m[Kmode_[m[Kâ€™ was not declared in this scope; did you mean â€˜[01m[Kmode_t[m[Kâ€™?
 1389 |         if ([01;31m[Kmode_[m[K == Mode::MANUAL && !last_command_.empty()) {
      |             [01;31m[K^~~~~[m[K
      |             [32m[Kmode_t[m[K
[01m[K/home/ubuntu/Desktop/AK8064_ws_Jun/src/motor_driver/src/ControlMotor.cpp:1389:39:[m[K [01;31m[Kerror: [m[Kâ€˜[01m[Klast_command_[m[Kâ€™ was not declared in this scope
 1389 |         if (mode_ == Mode::MANUAL && ![01;31m[Klast_command_[m[K.empty()) {
      |                                       [01;31m[K^~~~~~~~~~~~~[m[K
[01m[K/home/ubuntu/Desktop/AK8064_ws_Jun/src/motor_driver/src/ControlMotor.cpp:1390:13:[m[K [01;31m[Kerror: [m[Kâ€˜[01m[Kcan_[m[Kâ€™ was not declared in this scope
 1390 |             [01;31m[Kcan_[m[K->setPositionSpeed(motor_id_, target_position_, static_cast<int>(speed_/3), static_cast<int>(accel_/3));
      |             [01;31m[K^~~~[m[K
[01m[K/home/ubuntu/Desktop/AK8064_ws_Jun/src/motor_driver/src/ControlMotor.cpp:1390:36:[m[K [01;31m[Kerror: [m[Kâ€˜[01m[Kmotor_id_[m[Kâ€™ was not declared in this scope; did you mean â€˜[01m[KmotorId[m[Kâ€™?
 1390 |             can_->setPositionSpeed([01;31m[Kmotor_id_[m[K, target_position_, static_cast<int>(speed_/3), static_cast<int>(accel_/3));
      |                                    [01;31m[K^~~~~~~~~[m[K
      |                                    [32m[KmotorId[m[K
[01m[K/home/ubuntu/Desktop/AK8064_ws_Jun/src/motor_driver/src/ControlMotor.cpp:1390:47:[m[K [01;31m[Kerror: [m[Kâ€˜[01m[Ktarget_position_[m[Kâ€™ was not declared in this scope; did you mean â€˜[01m[KgetTargetPositions[m[Kâ€™?
 1390 |             can_->setPositionSpeed(motor_id_, [01;31m[Ktarget_position_[m[K, static_cast<int>(speed_/3), static_cast<int>(accel_/3));
      |                                               [01;31m[K^~~~~~~~~~~~~~~~[m[K
      |                                               [32m[KgetTargetPositions[m[K
[01m[K/home/ubuntu/Desktop/AK8064_ws_Jun/src/motor_driver/src/ControlMotor.cpp:1390:82:[m[K [01;31m[Kerror: [m[Kâ€˜[01m[Kspeed_[m[Kâ€™ was not declared in this scope
 1390 |             can_->setPositionSpeed(motor_id_, target_position_, static_cast<int>([01;31m[Kspeed_[m[K/3), static_cast<int>(accel_/3));
      |                                                                                  [01;31m[K^~~~~~[m[K
[01m[K/home/ubuntu/Desktop/AK8064_ws_Jun/src/motor_driver/src/ControlMotor.cpp:1390:110:[m[K [01;31m[Kerror: [m[Kâ€˜[01m[Kaccel_[m[Kâ€™ was not declared in this scope; did you mean â€˜[01m[Kaccess[m[Kâ€™?
 1390 | nSpeed(motor_id_, target_position_, static_cast<int>(speed_/3), static_cast<int>([01;31m[Kaccel_[m[K/3));
      |                                                                                  [01;31m[K^~~~~~[m[K
      |                                                                                  [32m[Kaccess[m[K
[01m[K/home/ubuntu/Desktop/AK8064_ws_Jun/src/motor_driver/src/ControlMotor.cpp:1391:62:[m[K [01;31m[Kerror: [m[Kâ€˜[01m[KPOSITION_TOLERANCE[m[Kâ€™ was not declared in this scope
 1391 |             if (std::abs(data.position - target_position_) < [01;31m[KPOSITION_TOLERANCE[m[K) {
      |                                                              [01;31m[K^~~~~~~~~~~~~~~~~~[m[K
[01m[K/home/ubuntu/Desktop/AK8064_ws_Jun/src/motor_driver/src/ControlMotor.cpp:1392:17:[m[K [01;31m[Kerror: [m[Kâ€˜[01m[Kreach_counter_[m[Kâ€™ was not declared in this scope
 1392 |                 [01;31m[Kreach_counter_[m[K++;
      |                 [01;31m[K^~~~~~~~~~~~~~[m[K
[01m[K/home/ubuntu/Desktop/AK8064_ws_Jun/src/motor_driver/src/ControlMotor.cpp:1393:39:[m[K [01;31m[Kerror: [m[Kâ€˜[01m[Kreach_count_max_[m[Kâ€™ was not declared in this scope
 1393 |                 if (reach_counter_ >= [01;31m[Kreach_count_max_[m[K) {
      |                                       [01;31m[K^~~~~~~~~~~~~~~~[m[K
[01m[K/home/ubuntu/Desktop/AK8064_ws_Jun/src/motor_driver/src/ControlMotor.cpp:1395:21:[m[K [01;31m[Kerror: [m[Kâ€˜[01m[Ktarget_reached_[m[Kâ€™ was not declared in this scope; did you mean â€˜[01m[KisTargetReached[m[Kâ€™?
 1395 |                     [01;31m[Ktarget_reached_[m[K = true;
      |                     [01;31m[K^~~~~~~~~~~~~~~[m[K
      |                     [32m[KisTargetReached[m[K
In file included from [01m[K/opt/ros/humble/include/rclcpp/rclcpp/client.hpp:40[m[K,
                 from [01m[K/opt/ros/humble/include/rclcpp/rclcpp/callback_group.hpp:24[m[K,
                 from [01m[K/opt/ros/humble/include/rclcpp/rclcpp/any_executable.hpp:20[m[K,
                 from [01m[K/opt/ros/humble/include/rclcpp/rclcpp/memory_strategy.hpp:25[m[K,
                 from [01m[K/opt/ros/humble/include/rclcpp/rclcpp/memory_strategies.hpp:18[m[K,
                 from [01m[K/opt/ros/humble/include/rclcpp/rclcpp/executor_options.hpp:20[m[K,
                 from [01m[K/opt/ros/humble/include/rclcpp/rclcpp/executor.hpp:37[m[K,
                 from [01m[K/opt/ros/humble/include/rclcpp/rclcpp/executors/multi_threaded_executor.hpp:25[m[K,
                 from [01m[K/opt/ros/humble/include/rclcpp/rclcpp/executors.hpp:21[m[K,
                 from [01m[K/opt/ros/humble/include/rclcpp/rclcpp/rclcpp.hpp:155[m[K,
                 from [01m[K/home/ubuntu/Desktop/AK8064_ws_Jun/src/motor_driver/src/ControlMotor.cpp:958[m[K:
[01m[K/home/ubuntu/Desktop/AK8064_ws_Jun/src/motor_driver/src/ControlMotor.cpp:1396:33:[m[K [01;31m[Kerror: [m[Kâ€˜[01m[Klogger_[m[Kâ€™ was not declared in this scope
 1396 |                     RCLCPP_INFO([01;31m[Klogger_[m[K, "Motor 0x%02X: Reached target position %.2f",
      |                                 [01;31m[K^~~~~~~[m[K
[01m[K/home/ubuntu/Desktop/AK8064_ws_Jun/src/motor_driver/src/ControlMotor.cpp:1396:21:[m[K [01;31m[Kerror: [m[Ktemplate argument 1 is invalid
 1396 |                     [01;31m[KRCLCPP_INFO[m[K(logger_, "Motor 0x%02X: Reached target position %.2f",
      |                     [01;31m[K^~~~~~~~~~~[m[K
[01m[K/home/ubuntu/Desktop/AK8064_ws_Jun/src/motor_driver/src/ControlMotor.cpp:1396:21:[m[K [01;31m[Kerror: [m[Ktemplate argument 1 is invalid
 1396 |                     [01;31m[KRCLCPP_INFO[m[K(logger_, "Motor 0x%02X: Reached target position %.2f",
      |                     [01;31m[K^~~~~~~~~~~[m[K
[01m[K/home/ubuntu/Desktop/AK8064_ws_Jun/src/motor_driver/src/ControlMotor.cpp:1396:21:[m[K [01;31m[Kerror: [m[Ktemplate argument 1 is invalid
 1396 |                     [01;31m[KRCLCPP_INFO[m[K(logger_, "Motor 0x%02X: Reached target position %.2f",
      |                     [01;31m[K^~~~~~~~~~~[m[K
[01m[K/home/ubuntu/Desktop/AK8064_ws_Jun/src/motor_driver/src/ControlMotor.cpp:1398:21:[m[K [01;31m[Kerror: [m[Kâ€˜[01m[KtransitionTo[m[Kâ€™ was not declared in this scope
 1398 |                     [01;31m[KtransitionTo[m[K(State::STOPPED); // Stop after reaching target
      |                     [01;31m[K^~~~~~~~~~~~[m[K
[01m[K/home/ubuntu/Desktop/AK8064_ws_Jun/src/motor_driver/src/ControlMotor.cpp:1401:17:[m[K [01;31m[Kerror: [m[Kâ€˜[01m[Kreach_counter_[m[Kâ€™ was not declared in this scope
 1401 |                 [01;31m[Kreach_counter_[m[K = 0;
      |                 [01;31m[K^~~~~~~~~~~~~~[m[K
[01m[K/home/ubuntu/Desktop/AK8064_ws_Jun/src/motor_driver/src/ControlMotor.cpp:1402:17:[m[K [01;31m[Kerror: [m[Kâ€˜[01m[Ktarget_reached_[m[Kâ€™ was not declared in this scope; did you mean â€˜[01m[KisTargetReached[m[Kâ€™?
 1402 |                 [01;31m[Ktarget_reached_[m[K = false;
      |                 [01;31m[K^~~~~~~~~~~~~~~[m[K
      |                 [32m[KisTargetReached[m[K
[01m[K/home/ubuntu/Desktop/AK8064_ws_Jun/src/motor_driver/src/ControlMotor.cpp:1404:44:[m[K [01;31m[Kerror: [m[Kâ€˜[01m[Ktarget_positions_[m[Kâ€™ was not declared in this scope; did you mean â€˜[01m[KgetTargetPositions[m[Kâ€™?
 1404 |         } else if (mode_ == Mode::AUTO && ![01;31m[Ktarget_positions_[m[K.empty()) {
      |                                            [01;31m[K^~~~~~~~~~~~~~~~~[m[K
      |                                            [32m[KgetTargetPositions[m[K
[01m[K/home/ubuntu/Desktop/AK8064_ws_Jun/src/motor_driver/src/ControlMotor.cpp:1405:46:[m[K [01;31m[Kerror: [m[Kâ€˜[01m[Kcurrent_target_index_[m[Kâ€™ was not declared in this scope
 1405 |             float target = target_positions_[[01;31m[Kcurrent_target_index_[m[K];
      |                                              [01;31m[K^~~~~~~~~~~~~~~~~~~~~[m[K
[01m[K/home/ubuntu/Desktop/AK8064_ws_Jun/src/motor_driver/src/ControlMotor.cpp:1406:13:[m[K [01;31m[Kerror: [m[Kâ€˜[01m[Kcan_[m[Kâ€™ was not declared in this scope
 1406 |             [01;31m[Kcan_[m[K->setPositionSpeed(motor_id_, target, static_cast<int>(speed_/3), static_cast<int>(accel_/3));
      |             [01;31m[K^~~~[m[K
[01m[K/home/ubuntu/Desktop/AK8064_ws_Jun/src/motor_driver/src/ControlMotor.cpp:1406:36:[m[K [01;31m[Kerror: [m[Kâ€˜[01m[Kmotor_id_[m[Kâ€™ was not declared in this scope; did you mean â€˜[01m[KmotorId[m[Kâ€™?
 1406 |             can_->setPositionSpeed([01;31m[Kmotor_id_[m[K, target, static_cast<int>(speed_/3), static_cast<int>(accel_/3));
      |                                    [01;31m[K^~~~~~~~~[m[K
      |                                    [32m[KmotorId[m[K
[01m[K/home/ubuntu/Desktop/AK8064_ws_Jun/src/motor_driver/src/ControlMotor.cpp:1406:72:[m[K [01;31m[Kerror: [m[Kâ€˜[01m[Kspeed_[m[Kâ€™ was not declared in this scope
 1406 |             can_->setPositionSpeed(motor_id_, target, static_cast<int>([01;31m[Kspeed_[m[K/3), static_cast<int>(accel_/3));
      |                                                                        [01;31m[K^~~~~~[m[K
[01m[K/home/ubuntu/Desktop/AK8064_ws_Jun/src/motor_driver/src/ControlMotor.cpp:1406:100:[m[K [01;31m[Kerror: [m[Kâ€˜[01m[Kaccel_[m[Kâ€™ was not declared in this scope; did you mean â€˜[01m[Kaccess[m[Kâ€™?
 1406 | setPositionSpeed(motor_id_, target, static_cast<int>(speed_/3), static_cast<int>([01;31m[Kaccel_[m[K/3));
      |                                                                                  [01;31m[K^~~~~~[m[K
      |                                                                                  [32m[Kaccess[m[K
[01m[K/home/ubuntu/Desktop/AK8064_ws_Jun/src/motor_driver/src/ControlMotor.cpp:1407:52:[m[K [01;31m[Kerror: [m[Kâ€˜[01m[KPOSITION_TOLERANCE[m[Kâ€™ was not declared in this scope
 1407 |             if (std::abs(data.position - target) < [01;31m[KPOSITION_TOLERANCE[m[K) {
      |                                                    [01;31m[K^~~~~~~~~~~~~~~~~~[m[K
[01m[K/home/ubuntu/Desktop/AK8064_ws_Jun/src/motor_driver/src/ControlMotor.cpp:1408:17:[m[K [01;31m[Kerror: [m[Kâ€˜[01m[Kreach_counter_[m[Kâ€™ was not declared in this scope
 1408 |                 [01;31m[Kreach_counter_[m[K++;
      |                 [01;31m[K^~~~~~~~~~~~~~[m[K
[01m[K/home/ubuntu/Desktop/AK8064_ws_Jun/src/motor_driver/src/ControlMotor.cpp:1409:39:[m[K [01;31m[Kerror: [m[Kâ€˜[01m[Kreach_count_max_[m[Kâ€™ was not declared in this scope
 1409 |                 if (reach_counter_ >= [01;31m[Kreach_count_max_[m[K) {
      |                                       [01;31m[K^~~~~~~~~~~~~~~~[m[K
[01m[K/home/ubuntu/Desktop/AK8064_ws_Jun/src/motor_driver/src/ControlMotor.cpp:1411:21:[m[K [01;31m[Kerror: [m[Kâ€˜[01m[Ktarget_reached_[m[Kâ€™ was not declared in this scope; did you mean â€˜[01m[KisTargetReached[m[Kâ€™?
 1411 |                     [01;31m[Ktarget_reached_[m[K = true;
      |                     [01;31m[K^~~~~~~~~~~~~~~[m[K
      |                     [32m[KisTargetReached[m[K
In file included from [01m[K/opt/ros/humble/include/rclcpp/rclcpp/client.hpp:40[m[K,
                 from [01m[K/opt/ros/humble/include/rclcpp/rclcpp/callback_group.hpp:24[m[K,
                 from [01m[K/opt/ros/humble/include/rclcpp/rclcpp/any_executable.hpp:20[m[K,
                 from [01m[K/opt/ros/humble/include/rclcpp/rclcpp/memory_strategy.hpp:25[m[K,
                 from [01m[K/opt/ros/humble/include/rclcpp/rclcpp/memory_strategies.hpp:18[m[K,
                 from [01m[K/opt/ros/humble/include/rclcpp/rclcpp/executor_options.hpp:20[m[K,
                 from [01m[K/opt/ros/humble/include/rclcpp/rclcpp/executor.hpp:37[m[K,
                 from [01m[K/opt/ros/humble/include/rclcpp/rclcpp/executors/multi_threaded_executor.hpp:25[m[K,
                 from [01m[K/opt/ros/humble/include/rclcpp/rclcpp/executors.hpp:21[m[K,
                 from [01m[K/opt/ros/humble/include/rclcpp/rclcpp/rclcpp.hpp:155[m[K,
                 from [01m[K/home/ubuntu/Desktop/AK8064_ws_Jun/src/motor_driver/src/ControlMotor.cpp:958[m[K:
[01m[K/home/ubuntu/Desktop/AK8064_ws_Jun/src/motor_driver/src/ControlMotor.cpp:1414:37:[m[K [01;31m[Kerror: [m[Kâ€˜[01m[Klogger_[m[Kâ€™ was not declared in this scope
 1414 |                         RCLCPP_INFO([01;31m[Klogger_[m[K, "Motor 0x%02X: All targets reached.", motor_id_);
      |                                     [01;31m[K^~~~~~~[m[K
[01m[K/home/ubuntu/Desktop/AK8064_ws_Jun/src/motor_driver/src/ControlMotor.cpp:1414:25:[m[K [01;31m[Kerror: [m[Ktemplate argument 1 is invalid
 1414 |                         [01;31m[KRCLCPP_INFO[m[K(logger_, "Motor 0x%02X: All targets reached.", motor_id_);
      |                         [01;31m[K^~~~~~~~~~~[m[K
[01m[K/home/ubuntu/Desktop/AK8064_ws_Jun/src/motor_driver/src/ControlMotor.cpp:1414:25:[m[K [01;31m[Kerror: [m[Ktemplate argument 1 is invalid
 1414 |                         [01;31m[KRCLCPP_INFO[m[K(logger_, "Motor 0x%02X: All targets reached.", motor_id_);
      |                         [01;31m[K^~~~~~~~~~~[m[K
[01m[K/home/ubuntu/Desktop/AK8064_ws_Jun/src/motor_driver/src/ControlMotor.cpp:1414:25:[m[K [01;31m[Kerror: [m[Ktemplate argument 1 is invalid
 1414 |                         [01;31m[KRCLCPP_INFO[m[K(logger_, "Motor 0x%02X: All targets reached.", motor_id_);
      |                         [01;31m[K^~~~~~~~~~~[m[K
[01m[K/home/ubuntu/Desktop/AK8064_ws_Jun/src/motor_driver/src/ControlMotor.cpp:1416:25:[m[K [01;31m[Kerror: [m[Kâ€˜[01m[KtransitionTo[m[Kâ€™ was not declared in this scope
 1416 |                         [01;31m[KtransitionTo[m[K(State::STOPPED); // Stop after all targets
      |                         [01;31m[K^~~~~~~~~~~~[m[K
[01m[K/home/ubuntu/Desktop/AK8064_ws_Jun/src/motor_driver/src/ControlMotor.cpp:1420:17:[m[K [01;31m[Kerror: [m[Kâ€˜[01m[Kreach_counter_[m[Kâ€™ was not declared in this scope
 1420 |                 [01;31m[Kreach_counter_[m[K = 0;
      |                 [01;31m[K^~~~~~~~~~~~~~[m[K
[01m[K/home/ubuntu/Desktop/AK8064_ws_Jun/src/motor_driver/src/ControlMotor.cpp:1421:17:[m[K [01;31m[Kerror: [m[Kâ€˜[01m[Ktarget_reached_[m[Kâ€™ was not declared in this scope; did you mean â€˜[01m[KisTargetReached[m[Kâ€™?
 1421 |                 [01;31m[Ktarget_reached_[m[K = false;
      |                 [01;31m[K^~~~~~~~~~~~~~~[m[K
      |                 [32m[KisTargetReached[m[K
In file included from [01m[K/opt/ros/humble/include/rclcpp/rclcpp/client.hpp:40[m[K,
                 from [01m[K/opt/ros/humble/include/rclcpp/rclcpp/callback_group.hpp:24[m[K,
                 from [01m[K/opt/ros/humble/include/rclcpp/rclcpp/any_executable.hpp:20[m[K,
                 from [01m[K/opt/ros/humble/include/rclcpp/rclcpp/memory_strategy.hpp:25[m[K,
                 from [01m[K/opt/ros/humble/include/rclcpp/rclcpp/memory_strategies.hpp:18[m[K,
                 from [01m[K/opt/ros/humble/include/rclcpp/rclcpp/executor_options.hpp:20[m[K,
                 from [01m[K/opt/ros/humble/include/rclcpp/rclcpp/executor.hpp:37[m[K,
                 from [01m[K/opt/ros/humble/include/rclcpp/rclcpp/executors/multi_threaded_executor.hpp:25[m[K,
                 from [01m[K/opt/ros/humble/include/rclcpp/rclcpp/executors.hpp:21[m[K,
                 from [01m[K/opt/ros/humble/include/rclcpp/rclcpp/rclcpp.hpp:155[m[K,
                 from [01m[K/home/ubuntu/Desktop/AK8064_ws_Jun/src/motor_driver/src/ControlMotor.cpp:958[m[K:
[01m[K/home/ubuntu/Desktop/AK8064_ws_Jun/src/motor_driver/src/ControlMotor.cpp:1424:26:[m[K [01;31m[Kerror: [m[Kâ€˜[01m[Klogger_[m[Kâ€™ was not declared in this scope
 1424 |             RCLCPP_ERROR([01;31m[Klogger_[m[K, "Motor 0x%02X: No target positions or command!", motor_id_);
      |                          [01;31m[K^~~~~~~[m[K
[01m[K/home/ubuntu/Desktop/AK8064_ws_Jun/src/motor_driver/src/ControlMotor.cpp:1424:13:[m[K [01;31m[Kerror: [m[Ktemplate argument 1 is invalid
 1424 |             [01;31m[KRCLCPP_ERROR[m[K(logger_, "Motor 0x%02X: No target positions or command!", motor_id_);
      |             [01;31m[K^~~~~~~~~~~~[m[K
[01m[K/home/ubuntu/Desktop/AK8064_ws_Jun/src/motor_driver/src/ControlMotor.cpp:1424:13:[m[K [01;31m[Kerror: [m[Ktemplate argument 1 is invalid
 1424 |             [01;31m[KRCLCPP_ERROR[m[K(logger_, "Motor 0x%02X: No target positions or command!", motor_id_);
      |             [01;31m[K^~~~~~~~~~~~[m[K
[01m[K/home/ubuntu/Desktop/AK8064_ws_Jun/src/motor_driver/src/ControlMotor.cpp:1424:13:[m[K [01;31m[Kerror: [m[Ktemplate argument 1 is invalid
 1424 |             [01;31m[KRCLCPP_ERROR[m[K(logger_, "Motor 0x%02X: No target positions or command!", motor_id_);
      |             [01;31m[K^~~~~~~~~~~~[m[K
In file included from [01m[K/opt/ros/humble/include/rclcpp/rclcpp/logging.hpp:24[m[K,
                 from [01m[K/opt/ros/humble/include/rclcpp/rclcpp/client.hpp:40[m[K,
                 from [01m[K/opt/ros/humble/include/rclcpp/rclcpp/callback_group.hpp:24[m[K,
                 from [01m[K/opt/ros/humble/include/rclcpp/rclcpp/any_executable.hpp:20[m[K,
                 from [01m[K/opt/ros/humble/include/rclcpp/rclcpp/memory_strategy.hpp:25[m[K,
                 from [01m[K/opt/ros/humble/include/rclcpp/rclcpp/memory_strategies.hpp:18[m[K,
                 from [01m[K/opt/ros/humble/include/rclcpp/rclcpp/executor_options.hpp:20[m[K,
                 from [01m[K/opt/ros/humble/include/rclcpp/rclcpp/executor.hpp:37[m[K,
                 from [01m[K/opt/ros/humble/include/rclcpp/rclcpp/executors/multi_threaded_executor.hpp:25[m[K,
                 from [01m[K/opt/ros/humble/include/rclcpp/rclcpp/executors.hpp:21[m[K,
                 from [01m[K/opt/ros/humble/include/rclcpp/rclcpp/rclcpp.hpp:155[m[K,
                 from [01m[K/home/ubuntu/Desktop/AK8064_ws_Jun/src/motor_driver/src/ControlMotor.cpp:958[m[K:
[01m[K/home/ubuntu/Desktop/AK8064_ws_Jun/src/motor_driver/src/ControlMotor.cpp:1424:84:[m[K [01;31m[Kerror: [m[Kâ€˜[01m[Kmotor_id_[m[Kâ€™ was not declared in this scope; did you mean â€˜[01m[KmotorId[m[Kâ€™?
 1424 |           RCLCPP_ERROR(logger_, "Motor 0x%02X: No target positions or command!", [01;31m[Kmotor_id_[m[K);
      |                                                                                  [01;31m[K^~~~~~~~~[m[K

[01m[K/home/ubuntu/Desktop/AK8064_ws_Jun/src/motor_driver/src/ControlMotor.cpp:1426:13:[m[K [01;31m[Kerror: [m[Kâ€˜[01m[KtransitionTo[m[Kâ€™ was not declared in this scope
 1426 |             [01;31m[KtransitionTo[m[K(State::STOPPED);
      |             [01;31m[K^~~~~~~~~~~~[m[K
[01m[K/home/ubuntu/Desktop/AK8064_ws_Jun/src/motor_driver/src/ControlMotor.cpp:[m[K In member function â€˜[01m[Kvoid MotorController::handlePaused(const MotorData&)[m[Kâ€™:
[01m[K/home/ubuntu/Desktop/AK8064_ws_Jun/src/motor_driver/src/ControlMotor.cpp:1432:17:[m[K [01;31m[Kerror: [m[Kâ€˜[01m[Klast_command_[m[Kâ€™ was not declared in this scope
 1432 |             if ([01;31m[Klast_command_[m[K == "PAUSE" &&
      |                 [01;31m[K^~~~~~~~~~~~~[m[K
[01m[K/home/ubuntu/Desktop/AK8064_ws_Jun/src/motor_driver/src/ControlMotor.cpp:1433:18:[m[K [01;31m[Kerror: [m[Kâ€˜[01m[Knode_[m[Kâ€™ was not declared in this scope; did you mean â€˜[01m[Kmode_t[m[Kâ€™?
 1433 |                 ([01;31m[Knode_[m[K->now() - last_command_time_) < rclcpp::Duration::from_seconds(0.3)) {
      |                  [01;31m[K^~~~~[m[K
      |                  [32m[Kmode_t[m[K
[01m[K/home/ubuntu/Desktop/AK8064_ws_Jun/src/motor_driver/src/ControlMotor.cpp:1433:33:[m[K [01;31m[Kerror: [m[Kâ€˜[01m[Klast_command_time_[m[Kâ€™ was not declared in this scope
 1433 |                 (node_->now() - [01;31m[Klast_command_time_[m[K) < rclcpp::Duration::from_seconds(0.3)) {
      |                                 [01;31m[K^~~~~~~~~~~~~~~~~~[m[K
[01m[K/home/ubuntu/Desktop/AK8064_ws_Jun/src/motor_driver/src/ControlMotor.cpp:1434:21:[m[K [01;31m[Kerror: [m[Kâ€˜[01m[Kcan_[m[Kâ€™ was not declared in this scope
 1434 |                 if ([01;31m[Kcan_[m[K->setRPM(motor_id_, 0.0)) {
      |                     [01;31m[K^~~~[m[K
[01m[K/home/ubuntu/Desktop/AK8064_ws_Jun/src/motor_driver/src/ControlMotor.cpp:1434:34:[m[K [01;31m[Kerror: [m[Kâ€˜[01m[Kmotor_id_[m[Kâ€™ was not declared in this scope; did you mean â€˜[01m[KmotorId[m[Kâ€™?
 1434 |                 if (can_->setRPM([01;31m[Kmotor_id_[m[K, 0.0)) {
      |                                  [01;31m[K^~~~~~~~~[m[K
      |                                  [32m[KmotorId[m[K
In file included from [01m[K/opt/ros/humble/include/rclcpp/rclcpp/client.hpp:40[m[K,
                 from [01m[K/opt/ros/humble/include/rclcpp/rclcpp/callback_group.hpp:24[m[K,
                 from [01m[K/opt/ros/humble/include/rclcpp/rclcpp/any_executable.hpp:20[m[K,
                 from [01m[K/opt/ros/humble/include/rclcpp/rclcpp/memory_strategy.hpp:25[m[K,
                 from [01m[K/opt/ros/humble/include/rclcpp/rclcpp/memory_strategies.hpp:18[m[K,
                 from [01m[K/opt/ros/humble/include/rclcpp/rclcpp/executor_options.hpp:20[m[K,
                 from [01m[K/opt/ros/humble/include/rclcpp/rclcpp/executor.hpp:37[m[K,
                 from [01m[K/opt/ros/humble/include/rclcpp/rclcpp/executors/multi_threaded_executor.hpp:25[m[K,
                 from [01m[K/opt/ros/humble/include/rclcpp/rclcpp/executors.hpp:21[m[K,
                 from [01m[K/opt/ros/humble/include/rclcpp/rclcpp/rclcpp.hpp:155[m[K,
                 from [01m[K/home/ubuntu/Desktop/AK8064_ws_Jun/src/motor_driver/src/ControlMotor.cpp:958[m[K:
[01m[K/home/ubuntu/Desktop/AK8064_ws_Jun/src/motor_driver/src/ControlMotor.cpp:1435:33:[m[K [01;31m[Kerror: [m[Kâ€˜[01m[Klogger_[m[Kâ€™ was not declared in this scope
 1435 |                     RCLCPP_INFO([01;31m[Klogger_[m[K, "Motor 0x%02X: Reducing velocity to 0, current velocity: %.2f",
      |                                 [01;31m[K^~~~~~~[m[K
[01m[K/home/ubuntu/Desktop/AK8064_ws_Jun/src/motor_driver/src/ControlMotor.cpp:1435:21:[m[K [01;31m[Kerror: [m[Ktemplate argument 1 is invalid
 1435 |                     [01;31m[KRCLCPP_INFO[m[K(logger_, "Motor 0x%02X: Reducing velocity to 0, current velocity: %.2f",
      |                     [01;31m[K^~~~~~~~~~~[m[K
[01m[K/home/ubuntu/Desktop/AK8064_ws_Jun/src/motor_driver/src/ControlMotor.cpp:1435:21:[m[K [01;31m[Kerror: [m[Ktemplate argument 1 is invalid
 1435 |                     [01;31m[KRCLCPP_INFO[m[K(logger_, "Motor 0x%02X: Reducing velocity to 0, current velocity: %.2f",
      |                     [01;31m[K^~~~~~~~~~~[m[K
[01m[K/home/ubuntu/Desktop/AK8064_ws_Jun/src/motor_driver/src/ControlMotor.cpp:1435:21:[m[K [01;31m[Kerror: [m[Ktemplate argument 1 is invalid
 1435 |                     [01;31m[KRCLCPP_INFO[m[K(logger_, "Motor 0x%02X: Reducing velocity to 0, current velocity: %.2f",
      |                     [01;31m[K^~~~~~~~~~~[m[K
[01m[K/home/ubuntu/Desktop/AK8064_ws_Jun/src/motor_driver/src/ControlMotor.cpp:1438:34:[m[K [01;31m[Kerror: [m[Kâ€˜[01m[Klogger_[m[Kâ€™ was not declared in this scope
 1438 |                     RCLCPP_ERROR([01;31m[Klogger_[m[K, "Motor 0x%02X: Failed to set zero velocity", motor_id_);
      |                                  [01;31m[K^~~~~~~[m[K
[01m[K/home/ubuntu/Desktop/AK8064_ws_Jun/src/motor_driver/src/ControlMotor.cpp:1438:21:[m[K [01;31m[Kerror: [m[Ktemplate argument 1 is invalid
 1438 |                     [01;31m[KRCLCPP_ERROR[m[K(logger_, "Motor 0x%02X: Failed to set zero velocity", motor_id_);
      |                     [01;31m[K^~~~~~~~~~~~[m[K
[01m[K/home/ubuntu/Desktop/AK8064_ws_Jun/src/motor_driver/src/ControlMotor.cpp:1438:21:[m[K [01;31m[Kerror: [m[Ktemplate argument 1 is invalid
 1438 |                     [01;31m[KRCLCPP_ERROR[m[K(logger_, "Motor 0x%02X: Failed to set zero velocity", motor_id_);
      |                     [01;31m[K^~~~~~~~~~~~[m[K
[01m[K/home/ubuntu/Desktop/AK8064_ws_Jun/src/motor_driver/src/ControlMotor.cpp:1438:21:[m[K [01;31m[Kerror: [m[Ktemplate argument 1 is invalid
 1438 |                     [01;31m[KRCLCPP_ERROR[m[K(logger_, "Motor 0x%02X: Failed to set zero velocity", motor_id_);
      |                     [01;31m[K^~~~~~~~~~~~[m[K
[01m[K/home/ubuntu/Desktop/AK8064_ws_Jun/src/motor_driver/src/ControlMotor.cpp:1439:21:[m[K [01;31m[Kerror: [m[Kâ€˜[01m[KtransitionTo[m[Kâ€™ was not declared in this scope
 1439 |                     [01;31m[KtransitionTo[m[K(State::ERROR);
      |                     [01;31m[K^~~~~~~~~~~~[m[K
[01m[K/home/ubuntu/Desktop/AK8064_ws_Jun/src/motor_driver/src/ControlMotor.cpp:1443:36:[m[K [01;31m[Kerror: [m[Kâ€˜[01m[Kpause_position_[m[Kâ€™ was not declared in this scope
 1443 |                 float target_pos = [01;31m[Kpause_position_[m[K;
      |                                    [01;31m[K^~~~~~~~~~~~~~~[m[K
[01m[K/home/ubuntu/Desktop/AK8064_ws_Jun/src/motor_driver/src/ControlMotor.cpp:1444:53:[m[K [01;31m[Kerror: [m[Kâ€˜[01m[Kmin_angle_[m[Kâ€™ was not declared in this scope
 1444 |                 target_pos = std::clamp(target_pos, [01;31m[Kmin_angle_[m[K, max_angle_);
      |                                                     [01;31m[K^~~~~~~~~~[m[K
[01m[K/home/ubuntu/Desktop/AK8064_ws_Jun/src/motor_driver/src/ControlMotor.cpp:1444:65:[m[K [01;31m[Kerror: [m[Kâ€˜[01m[Kmax_angle_[m[Kâ€™ was not declared in this scope
 1444 |                 target_pos = std::clamp(target_pos, min_angle_, [01;31m[Kmax_angle_[m[K);
      |                                                                 [01;31m[K^~~~~~~~~~[m[K
[01m[K/home/ubuntu/Desktop/AK8064_ws_Jun/src/motor_driver/src/ControlMotor.cpp:1446:47:[m[K [01;31m[Kerror: [m[Kâ€˜[01m[KVELOCITY_TOLERANCE[m[Kâ€™ was not declared in this scope
 1446 |                 if (std::abs(data.velocity) > [01;31m[KVELOCITY_TOLERANCE[m[K) {
      |                                               [01;31m[K^~~~~~~~~~~~~~~~~~[m[K
[01m[K/home/ubuntu/Desktop/AK8064_ws_Jun/src/motor_driver/src/ControlMotor.cpp:1447:25:[m[K [01;31m[Kerror: [m[Kâ€˜[01m[Kcan_[m[Kâ€™ was not declared in this scope
 1447 |                     if ([01;31m[Kcan_[m[K->setRPM(motor_id_, 0.0)) {
      |                         [01;31m[K^~~~[m[K
[01m[K/home/ubuntu/Desktop/AK8064_ws_Jun/src/motor_driver/src/ControlMotor.cpp:1447:38:[m[K [01;31m[Kerror: [m[Kâ€˜[01m[Kmotor_id_[m[Kâ€™ was not declared in this scope; did you mean â€˜[01m[KmotorId[m[Kâ€™?
 1447 |                     if (can_->setRPM([01;31m[Kmotor_id_[m[K, 0.0)) {
      |                                      [01;31m[K^~~~~~~~~[m[K
      |                                      [32m[KmotorId[m[K
In file included from [01m[K/opt/ros/humble/include/rclcpp/rclcpp/client.hpp:40[m[K,
                 from [01m[K/opt/ros/humble/include/rclcpp/rclcpp/callback_group.hpp:24[m[K,
                 from [01m[K/opt/ros/humble/include/rclcpp/rclcpp/any_executable.hpp:20[m[K,
                 from [01m[K/opt/ros/humble/include/rclcpp/rclcpp/memory_strategy.hpp:25[m[K,
                 from [01m[K/opt/ros/humble/include/rclcpp/rclcpp/memory_strategies.hpp:18[m[K,
                 from [01m[K/opt/ros/humble/include/rclcpp/rclcpp/executor_options.hpp:20[m[K,
                 from [01m[K/opt/ros/humble/include/rclcpp/rclcpp/executor.hpp:37[m[K,
                 from [01m[K/opt/ros/humble/include/rclcpp/rclcpp/executors/multi_threaded_executor.hpp:25[m[K,
                 from [01m[K/opt/ros/humble/include/rclcpp/rclcpp/executors.hpp:21[m[K,
                 from [01m[K/opt/ros/humble/include/rclcpp/rclcpp/rclcpp.hpp:155[m[K,
                 from [01m[K/home/ubuntu/Desktop/AK8064_ws_Jun/src/motor_driver/src/ControlMotor.cpp:958[m[K:
[01m[K/home/ubuntu/Desktop/AK8064_ws_Jun/src/motor_driver/src/ControlMotor.cpp:1448:37:[m[K [01;31m[Kerror: [m[Kâ€˜[01m[Klogger_[m[Kâ€™ was not declared in this scope
 1448 |                         RCLCPP_INFO([01;31m[Klogger_[m[K, "Motor 0x%02X: Stabilizing velocity to 0, current velocity: %.2f}",
      |                                     [01;31m[K^~~~~~~[m[K
[01m[K/home/ubuntu/Desktop/AK8064_ws_Jun/src/motor_driver/src/ControlMotor.cpp:1448:25:[m[K [01;31m[Kerror: [m[Ktemplate argument 1 is invalid
 1448 |                         [01;31m[KRCLCPP_INFO[m[K(logger_, "Motor 0x%02X: Stabilizing velocity to 0, current velocity: %.2f}",
      |                         [01;31m[K^~~~~~~~~~~[m[K
[01m[K/home/ubuntu/Desktop/AK8064_ws_Jun/src/motor_driver/src/ControlMotor.cpp:1448:25:[m[K [01;31m[Kerror: [m[Ktemplate argument 1 is invalid
 1448 |                         [01;31m[KRCLCPP_INFO[m[K(logger_, "Motor 0x%02X: Stabilizing velocity to 0, current velocity: %.2f}",
      |                         [01;31m[K^~~~~~~~~~~[m[K
[01m[K/home/ubuntu/Desktop/AK8064_ws_Jun/src/motor_driver/src/ControlMotor.cpp:1448:25:[m[K [01;31m[Kerror: [m[Ktemplate argument 1 is invalid
 1448 |                         [01;31m[KRCLCPP_INFO[m[K(logger_, "Motor 0x%02X: Stabilizing velocity to 0, current velocity: %.2f}",
      |                         [01;31m[K^~~~~~~~~~~[m[K
[01m[K/home/ubuntu/Desktop/AK8064_ws_Jun/src/motor_driver/src/ControlMotor.cpp:1451:38:[m[K [01;31m[Kerror: [m[Kâ€˜[01m[Klogger_[m[Kâ€™ was not declared in this scope
 1451 |                         RCLCPP_ERROR([01;31m[Klogger_[m[K, "Motor 0x%02X: Failed to stabilize velocity", motor_id_);
      |                                      [01;31m[K^~~~~~~[m[K
[01m[K/home/ubuntu/Desktop/AK8064_ws_Jun/src/motor_driver/src/ControlMotor.cpp:1451:25:[m[K [01;31m[Kerror: [m[Ktemplate argument 1 is invalid
 1451 |                         [01;31m[KRCLCPP_ERROR[m[K(logger_, "Motor 0x%02X: Failed to stabilize velocity", motor_id_);
      |                         [01;31m[K^~~~~~~~~~~~[m[K
[01m[K/home/ubuntu/Desktop/AK8064_ws_Jun/src/motor_driver/src/ControlMotor.cpp:1451:25:[m[K [01;31m[Kerror: [m[Ktemplate argument 1 is invalid
 1451 |                         [01;31m[KRCLCPP_ERROR[m[K(logger_, "Motor 0x%02X: Failed to stabilize velocity", motor_id_);
      |                         [01;31m[K^~~~~~~~~~~~[m[K
[01m[K/home/ubuntu/Desktop/AK8064_ws_Jun/src/motor_driver/src/ControlMotor.cpp:1451:25:[m[K [01;31m[Kerror: [m[Ktemplate argument 1 is invalid
 1451 |                         [01;31m[KRCLCPP_ERROR[m[K(logger_, "Motor 0x%02X: Failed to stabilize velocity", motor_id_);
      |                         [01;31m[K^~~~~~~~~~~~[m[K
[01m[K/home/ubuntu/Desktop/AK8064_ws_Jun/src/motor_driver/src/ControlMotor.cpp:1452:25:[m[K [01;31m[Kerror: [m[Kâ€˜[01m[KtransitionTo[m[Kâ€™ was not declared in this scope
 1452 |                         [01;31m[KtransitionTo[m[K(State::ERROR);
      |                         [01;31m[K^~~~~~~~~~~~[m[K
[01m[K/home/ubuntu/Desktop/AK8064_ws_Jun/src/motor_driver/src/ControlMotor.cpp:1456:25:[m[K [01;31m[Kerror: [m[Kâ€˜[01m[Kcan_[m[Kâ€™ was not declared in this scope
 1456 |                     if ([01;31m[Kcan_[m[K->setPositionSpeed(motor_id_, target_pos.data(), 2000, 2000)) {
      |                         [01;31m[K^~~~[m[K
[01m[K/home/ubuntu/Desktop/AK8064_ws_Jun/src/motor_driver/src/ControlMotor.cpp:1456:48:[m[K [01;31m[Kerror: [m[Kâ€˜[01m[Kmotor_id_[m[Kâ€™ was not declared in this scope; did you mean â€˜[01m[KmotorId[m[Kâ€™?
 1456 |                     if (can_->setPositionSpeed([01;31m[Kmotor_id_[m[K, target_pos.data(), 2000, 2000)) {
      |                                                [01;31m[K^~~~~~~~~[m[K
      |                                                [32m[KmotorId[m[K
[01m[K/home/ubuntu/Desktop/AK8064_ws_Jun/src/motor_driver/src/ControlMotor.cpp:1456:70:[m[K [01;31m[Kerror: [m[Krequest for member â€˜[01m[Kdata[m[Kâ€™ in â€˜[01m[Ktarget_pos[m[Kâ€™, which is of non-class type â€˜[01m[Kfloat[m[Kâ€™
 1456 |                     if (can_->setPositionSpeed(motor_id_, target_pos.[01;31m[Kdata[m[K(), 2000, 2000)) {
      |                                                                      [01;31m[K^~~~[m[K
[01m[K/home/ubuntu/Desktop/AK8064_ws_Jun/src/motor_driver/src/ControlMotor.cpp:1457:25:[m[K [01;31m[Kerror: [m[Kâ€˜[01m[Ktarget_reached_[m[Kâ€™ was not declared in this scope; did you mean â€˜[01m[KisTargetReached[m[Kâ€™?
 1457 |                         [01;31m[Ktarget_reached_[m[K = true;
      |                         [01;31m[K^~~~~~~~~~~~~~~[m[K
      |                         [32m[KisTargetReached[m[K
In file included from [01m[K/opt/ros/humble/include/rclcpp/rclcpp/client.hpp:40[m[K,
                 from [01m[K/opt/ros/humble/include/rclcpp/rclcpp/callback_group.hpp:24[m[K,
                 from [01m[K/opt/ros/humble/include/rclcpp/rclcpp/any_executable.hpp:20[m[K,
                 from [01m[K/opt/ros/humble/include/rclcpp/rclcpp/memory_strategy.hpp:25[m[K,
                 from [01m[K/opt/ros/humble/include/rclcpp/rclcpp/memory_strategies.hpp:18[m[K,
                 from [01m[K/opt/ros/humble/include/rclcpp/rclcpp/executor_options.hpp:20[m[K,
                 from [01m[K/opt/ros/humble/include/rclcpp/rclcpp/executor.hpp:37[m[K,
                 from [01m[K/opt/ros/humble/include/rclcpp/rclcpp/executors/multi_threaded_executor.hpp:25[m[K,
                 from [01m[K/opt/ros/humble/include/rclcpp/rclcpp/executors.hpp:21[m[K,
                 from [01m[K/opt/ros/humble/include/rclcpp/rclcpp/rclcpp.hpp:155[m[K,
                 from [01m[K/home/ubuntu/Desktop/AK8064_ws_Jun/src/motor_driver/src/ControlMotor.cpp:958[m[K:
[01m[K/home/ubuntu/Desktop/AK8064_ws_Jun/src/motor_driver/src/ControlMotor.cpp:1458:37:[m[K [01;31m[Kerror: [m[Kâ€˜[01m[Klogger_[m[Kâ€™ was not declared in this scope
 1458 |                         RCLCPP_INFO([01;31m[Klogger_[m[K, "Motor %02x: Holding at %.2f, velocity: %.2f}",
      |                                     [01;31m[K^~~~~~~[m[K
[01m[K/home/ubuntu/Desktop/AK8064_ws_Jun/src/motor_driver/src/ControlMotor.cpp:1458:25:[m[K [01;31m[Kerror: [m[Ktemplate argument 1 is invalid
 1458 |                         [01;31m[KRCLCPP_INFO[m[K(logger_, "Motor %02x: Holding at %.2f, velocity: %.2f}",
      |                         [01;31m[K^~~~~~~~~~~[m[K
[01m[K/home/ubuntu/Desktop/AK8064_ws_Jun/src/motor_driver/src/ControlMotor.cpp:1458:25:[m[K [01;31m[Kerror: [m[Ktemplate argument 1 is invalid
 1458 |                         [01;31m[KRCLCPP_INFO[m[K(logger_, "Motor %02x: Holding at %.2f, velocity: %.2f}",
      |                         [01;31m[K^~~~~~~~~~~[m[K
[01m[K/home/ubuntu/Desktop/AK8064_ws_Jun/src/motor_driver/src/ControlMotor.cpp:1458:25:[m[K [01;31m[Kerror: [m[Ktemplate argument 1 is invalid
 1458 |                         [01;31m[KRCLCPP_INFO[m[K(logger_, "Motor %02x: Holding at %.2f, velocity: %.2f}",
      |                         [01;31m[K^~~~~~~~~~~[m[K
[01m[K/home/ubuntu/Desktop/AK8064_ws_Jun/src/motor_driver/src/ControlMotor.cpp:1461:38:[m[K [01;31m[Kerror: [m[Kâ€˜[01m[Klogger_[m[Kâ€™ was not declared in this scope
 1461 |                         RCLCPP_ERROR([01;31m[Klogger_[m[K, "Motor %02x: Failed to hold position", motor_id_);
      |                                      [01;31m[K^~~~~~~[m[K
[01m[K/home/ubuntu/Desktop/AK8064_ws_Jun/src/motor_driver/src/ControlMotor.cpp:1461:25:[m[K [01;31m[Kerror: [m[Ktemplate argument 1 is invalid
 1461 |                         [01;31m[KRCLCPP_ERROR[m[K(logger_, "Motor %02x: Failed to hold position", motor_id_);
      |                         [01;31m[K^~~~~~~~~~~~[m[K
[01m[K/home/ubuntu/Desktop/AK8064_ws_Jun/src/motor_driver/src/ControlMotor.cpp:1461:25:[m[K [01;31m[Kerror: [m[Ktemplate argument 1 is invalid
 1461 |                         [01;31m[KRCLCPP_ERROR[m[K(logger_, "Motor %02x: Failed to hold position", motor_id_);
      |                         [01;31m[K^~~~~~~~~~~~[m[K
[01m[K/home/ubuntu/Desktop/AK8064_ws_Jun/src/motor_driver/src/ControlMotor.cpp:1461:25:[m[K [01;31m[Kerror: [m[Ktemplate argument 1 is invalid
 1461 |                         [01;31m[KRCLCPP_ERROR[m[K(logger_, "Motor %02x: Failed to hold position", motor_id_);
      |                         [01;31m[K^~~~~~~~~~~~[m[K
[01m[K/home/ubuntu/Desktop/AK8064_ws_Jun/src/motor_driver/src/ControlMotor.cpp:1462:25:[m[K [01;31m[Kerror: [m[Kâ€˜[01m[KtransitionTo[m[Kâ€™ was not declared in this scope
 1462 |                         [01;31m[KtransitionTo[m[K(State::ERROR);
      |                         [01;31m[K^~~~~~~~~~~~[m[K
In file included from [01m[K/opt/ros/humble/include/rclcpp/rclcpp/client.hpp:40[m[K,
                 from [01m[K/opt/ros/humble/include/rclcpp/rclcpp/callback_group.hpp:24[m[K,
                 from [01m[K/opt/ros/humble/include/rclcpp/rclcpp/any_executable.hpp:20[m[K,
                 from [01m[K/opt/ros/humble/include/rclcpp/rclcpp/memory_strategy.hpp:25[m[K,
                 from [01m[K/opt/ros/humble/include/rclcpp/rclcpp/memory_strategies.hpp:18[m[K,
                 from [01m[K/opt/ros/humble/include/rclcpp/rclcpp/executor_options.hpp:20[m[K,
                 from [01m[K/opt/ros/humble/include/rclcpp/rclcpp/executor.hpp:37[m[K,
                 from [01m[K/opt/ros/humble/include/rclcpp/rclcpp/executors/multi_threaded_executor.hpp:25[m[K,
                 from [01m[K/opt/ros/humble/include/rclcpp/rclcpp/executors.hpp:21[m[K,
                 from [01m[K/opt/ros/humble/include/rclcpp/rclcpp/rclcpp.hpp:155[m[K,
                 from [01m[K/home/ubuntu/Desktop/AK8064_ws_Jun/src/motor_driver/src/ControlMotor.cpp:958[m[K:
[01m[K/home/ubuntu/Desktop/AK8064_ws_Jun/src/motor_driver/src/ControlMotor.cpp:1468:26:[m[K [01;31m[Kerror: [m[Kâ€˜[01m[Klogger_[m[Kâ€™ was not declared in this scope
 1468 |             RCLCPP_ERROR([01;31m[Klogger_[m[K, "Motor %02x: PAUSED failed: %s", motor_id_, e.what());
      |                          [01;31m[K^~~~~~~[m[K
[01m[K/home/ubuntu/Desktop/AK8064_ws_Jun/src/motor_driver/src/ControlMotor.cpp:1468:13:[m[K [01;31m[Kerror: [m[Ktemplate argument 1 is invalid
 1468 |             [01;31m[KRCLCPP_ERROR[m[K(logger_, "Motor %02x: PAUSED failed: %s", motor_id_, e.what());
      |             [01;31m[K^~~~~~~~~~~~[m[K
[01m[K/home/ubuntu/Desktop/AK8064_ws_Jun/src/motor_driver/src/ControlMotor.cpp:1468:13:[m[K [01;31m[Kerror: [m[Ktemplate argument 1 is invalid
 1468 |             [01;31m[KRCLCPP_ERROR[m[K(logger_, "Motor %02x: PAUSED failed: %s", motor_id_, e.what());
      |             [01;31m[K^~~~~~~~~~~~[m[K
[01m[K/home/ubuntu/Desktop/AK8064_ws_Jun/src/motor_driver/src/ControlMotor.cpp:1468:13:[m[K [01;31m[Kerror: [m[Ktemplate argument 1 is invalid
 1468 |             [01;31m[KRCLCPP_ERROR[m[K(logger_, "Motor %02x: PAUSED failed: %s", motor_id_, e.what());
      |             [01;31m[K^~~~~~~~~~~~[m[K
In file included from [01m[K/opt/ros/humble/include/rclcpp/rclcpp/logging.hpp:24[m[K,
                 from [01m[K/opt/ros/humble/include/rclcpp/rclcpp/client.hpp:40[m[K,
                 from [01m[K/opt/ros/humble/include/rclcpp/rclcpp/callback_group.hpp:24[m[K,
                 from [01m[K/opt/ros/humble/include/rclcpp/rclcpp/any_executable.hpp:20[m[K,
                 from [01m[K/opt/ros/humble/include/rclcpp/rclcpp/memory_strategy.hpp:25[m[K,
                 from [01m[K/opt/ros/humble/include/rclcpp/rclcpp/memory_strategies.hpp:18[m[K,
                 from [01m[K/opt/ros/humble/include/rclcpp/rclcpp/executor_options.hpp:20[m[K,
                 from [01m[K/opt/ros/humble/include/rclcpp/rclcpp/executor.hpp:37[m[K,
                 from [01m[K/opt/ros/humble/include/rclcpp/rclcpp/executors/multi_threaded_executor.hpp:25[m[K,
                 from [01m[K/opt/ros/humble/include/rclcpp/rclcpp/executors.hpp:21[m[K,
                 from [01m[K/opt/ros/humble/include/rclcpp/rclcpp/rclcpp.hpp:155[m[K,
                 from [01m[K/home/ubuntu/Desktop/AK8064_ws_Jun/src/motor_driver/src/ControlMotor.cpp:958[m[K:
[01m[K/home/ubuntu/Desktop/AK8064_ws_Jun/src/motor_driver/src/ControlMotor.cpp:1468:68:[m[K [01;31m[Kerror: [m[Kâ€˜[01m[Kmotor_id_[m[Kâ€™ was not declared in this scope; did you mean â€˜[01m[KmotorId[m[Kâ€™?
 1468 |             RCLCPP_ERROR(logger_, "Motor %02x: PAUSED failed: %s", [01;31m[Kmotor_id_[m[K, e.what());
      |                                                                    [01;31m[K^~~~~~~~~[m[K
[01m[K/home/ubuntu/Desktop/AK8064_ws_Jun/src/motor_driver/src/ControlMotor.cpp:1469:13:[m[K [01;31m[Kerror: [m[Kâ€˜[01m[KtransitionTo[m[Kâ€™ was not declared in this scope
 1469 |             [01;31m[KtransitionTo[m[K(State::ERROR);
      |             [01;31m[K^~~~~~~~~~~~[m[K
[01m[K/home/ubuntu/Desktop/AK8064_ws_Jun/src/motor_driver/src/ControlMotor.cpp:[m[K In member function â€˜[01m[Kvoid MotorController::handleStopped(const MotorData&)[m[Kâ€™:
[01m[K/home/ubuntu/Desktop/AK8064_ws_Jun/src/motor_driver/src/ControlMotor.cpp:1474:9:[m[K [01;31m[Kerror: [m[Kâ€˜[01m[Kcan_[m[Kâ€™ was not declared in this scope
 1474 |         [01;31m[Kcan_[m[K->setPositionSpeed(motor_id_, data.position, static_cast<int>(speed_/2), static_cast<int>(accel_/2));
      |         [01;31m[K^~~~[m[K
[01m[K/home/ubuntu/Desktop/AK8064_ws_Jun/src/motor_driver/src/ControlMotor.cpp:1474:32:[m[K [01;31m[Kerror: [m[Kâ€˜[01m[Kmotor_id_[m[Kâ€™ was not declared in this scope; did you mean â€˜[01m[KmotorId[m[Kâ€™?
 1474 |         can_->setPositionSpeed([01;31m[Kmotor_id_[m[K, data.position, static_cast<int>(speed_/2), static_cast<int>(accel_/2));
      |                                [01;31m[K^~~~~~~~~[m[K
      |                                [32m[KmotorId[m[K
[01m[K/home/ubuntu/Desktop/AK8064_ws_Jun/src/motor_driver/src/ControlMotor.cpp:1474:75:[m[K [01;31m[Kerror: [m[Kâ€˜[01m[Kspeed_[m[Kâ€™ was not declared in this scope
 1474 |         can_->setPositionSpeed(motor_id_, data.position, static_cast<int>([01;31m[Kspeed_[m[K/2), static_cast<int>(accel_/2));
      |                                                                           [01;31m[K^~~~~~[m[K
[01m[K/home/ubuntu/Desktop/AK8064_ws_Jun/src/motor_driver/src/ControlMotor.cpp:1474:103:[m[K [01;31m[Kerror: [m[Kâ€˜[01m[Kaccel_[m[Kâ€™ was not declared in this scope; did you mean â€˜[01m[Kaccess[m[Kâ€™?
 1474 | tionSpeed(motor_id_, data.position, static_cast<int>(speed_/2), static_cast<int>([01;31m[Kaccel_[m[K/2));
      |                                                                                  [01;31m[K^~~~~~[m[K
      |                                                                                  [32m[Kaccess[m[K
[01m[K/home/ubuntu/Desktop/AK8064_ws_Jun/src/motor_driver/src/ControlMotor.cpp:[m[K In member function â€˜[01m[Kvoid MotorController::handleError(const MotorData&)[m[Kâ€™:
[01m[K/home/ubuntu/Desktop/AK8064_ws_Jun/src/motor_driver/src/ControlMotor.cpp:1480:52:[m[K [01;31m[Kerror: [m[Kâ€˜[01m[Knode_[m[Kâ€™ was not declared in this scope; did you mean â€˜[01m[Kmode_t[m[Kâ€™?
 1480 |             static rclcpp::Time error_start_time = [01;31m[Knode_[m[K->now();
      |                                                    [01;31m[K^~~~~[m[K
      |                                                    [32m[Kmode_t[m[K
[01m[K/home/ubuntu/Desktop/AK8064_ws_Jun/src/motor_driver/src/ControlMotor.cpp:1483:21:[m[K [01;31m[Kerror: [m[Kâ€˜[01m[Kcan_[m[Kâ€™ was not declared in this scope
 1483 |                 if ([01;31m[Kcan_[m[K->setCurrentBrake(motor_id_, 100.0) && std::abs(data.velocity) < VELOCITY_TOLERANCE) {
      |                     [01;31m[K^~~~[m[K
[01m[K/home/ubuntu/Desktop/AK8064_ws_Jun/src/motor_driver/src/ControlMotor.cpp:1483:43:[m[K [01;31m[Kerror: [m[Kâ€˜[01m[Kmotor_id_[m[Kâ€™ was not declared in this scope; did you mean â€˜[01m[KmotorId[m[Kâ€™?
 1483 |                 if (can_->setCurrentBrake([01;31m[Kmotor_id_[m[K, 100.0) && std::abs(data.velocity) < VELOCITY_TOLERANCE) {
      |                                           [01;31m[K^~~~~~~~~[m[K
      |                                           [32m[KmotorId[m[K
[01m[K/home/ubuntu/Desktop/AK8064_ws_Jun/src/motor_driver/src/ControlMotor.cpp:1483:90:[m[K [01;31m[Kerror: [m[Kâ€˜[01m[KVELOCITY_TOLERANCE[m[Kâ€™ was not declared in this scope
 1483 |         if (can_->setCurrentBrake(motor_id_, 100.0) && std::abs(data.velocity) < [01;31m[KVELOCITY_TOLERANCE[m[K) {
      |                                                                                  [01;31m[K^~~~~~~~~~~~~~~~~~[m[K

[01m[K/home/ubuntu/Desktop/AK8064_ws_Jun/src/motor_driver/src/ControlMotor.cpp:1488:47:[m[K [01;31m[Kerror: [m[Kâ€˜[01m[KPOSITION_TTLERANCE[m[Kâ€™ was not declared in this scope
 1488 |                 if (std::abs(data.position) < [01;31m[KPOSITION_TTLERANCE[m[K) {
      |                                               [01;31m[K^~~~~~~~~~~~~~~~~~[m[K
[01m[K/home/ubuntu/Desktop/AK8064_ws_Jun/src/motor_driver/src/ControlMotor.cpp:1489:21:[m[K [01;31m[Kerror: [m[Kâ€˜[01m[Kcan_[m[Kâ€™ was not declared in this scope
 1489 |                     [01;31m[Kcan_[m[K->setCurrent(motor_id_, 0.0);
      |                     [01;31m[K^~~~[m[K
[01m[K/home/ubuntu/Desktop/AK8064_ws_Jun/src/motor_driver/src/ControlMotor.cpp:1489:38:[m[K [01;31m[Kerror: [m[Kâ€˜[01m[Kmotor_id_[m[Kâ€™ was not declared in this scope; did you mean â€˜[01m[KmotorId[m[Kâ€™?
 1489 |                     can_->setCurrent([01;31m[Kmotor_id_[m[K, 0.0);
      |                                      [01;31m[K^~~~~~~~~[m[K
      |                                      [32m[KmotorId[m[K
[01m[K/home/ubuntu/Desktop/AK8064_ws_Jun/src/motor_driver/src/ControlMotor.cpp:1490:21:[m[K [01;31m[Kerror: [m[Kâ€˜[01m[Ktarget_reached_[m[Kâ€™ was not declared in this scope; did you mean â€˜[01m[KisTargetReached[m[Kâ€™?
 1490 |                     [01;31m[Ktarget_reached_[m[K = true;
      |                     [01;31m[K^~~~~~~~~~~~~~~[m[K
      |                     [32m[KisTargetReached[m[K
[01m[K/home/ubuntu/Desktop/AK8064_ws_Jun/src/motor_driver/src/ControlMotor.cpp:1492:21:[m[K [01;31m[Kerror: [m[Kâ€˜[01m[Kcan_[m[Kâ€™ was not declared in this scope
 1492 |                     [01;31m[Kcan_[m[K->set_position_speed(motor_id_, 0.0, static_cast<int>(speed_/3), static_cast<int>(accel_/3));
      |                     [01;31m[K^~~~[m[K
[01m[K/home/ubuntu/Desktop/AK8064_ws_Jun/src/motor_driver/src/ControlMotor.cpp:1492:46:[m[K [01;31m[Kerror: [m[Kâ€˜[01m[Kmotor_id_[m[Kâ€™ was not declared in this scope; did you mean â€˜[01m[KmotorId[m[Kâ€™?
 1492 |                     can_->set_position_speed([01;31m[Kmotor_id_[m[K, 0.0, static_cast<int>(speed_/3), static_cast<int>(accel_/3));
      |                                              [01;31m[K^~~~~~~~~[m[K
      |                                              [32m[KmotorId[m[K
[01m[K/home/ubuntu/Desktop/AK8064_ws_Jun/src/motor_driver/src/ControlMotor.cpp:1492:79:[m[K [01;31m[Kerror: [m[Kâ€˜[01m[Kspeed_[m[Kâ€™ was not declared in this scope
 1492 |                     can_->set_position_speed(motor_id_, 0.0, static_cast<int>([01;31m[Kspeed_[m[K/3), static_cast<int>(accel_/3));
      |                                                                               [01;31m[K^~~~~~[m[K
[01m[K/home/ubuntu/Desktop/AK8064_ws_Jun/src/motor_driver/src/ControlMotor.cpp:1492:107:[m[K [01;31m[Kerror: [m[Kâ€˜[01m[Kaccel_[m[Kâ€™ was not declared in this scope; did you mean â€˜[01m[Kaccess[m[Kâ€™?
 1492 | >set_position_speed(motor_id_, 0.0, static_cast<int>(speed_/3), static_cast<int>([01;31m[Kaccel_[m[K/3));
      |                                                                                  [01;31m[K^~~~~~[m[K
      |                                                                                  [32m[Kaccess[m[K
[01m[K/home/ubuntu/Desktop/AK8064_ws_Jun/src/motor_driver/src/ControlMotor.cpp:1493:21:[m[K [01;31m[Kerror: [m[Kâ€˜[01m[Ktarget_reached_[m[Kâ€™ was not declared in this scope; did you mean â€˜[01m[KisTargetReached[m[Kâ€™?
 1493 |                     [01;31m[Ktarget_reached_[m[K = false;
      |                     [01;31m[K^~~~~~~~~~~~~~~[m[K
      |                     [32m[KisTargetReached[m[K
[01m[K/home/ubuntu/Desktop/AK8064_ws_Jun/src/motor_driver/src/ControlMotor.cpp:1497:13:[m[K [01;31m[Kerror: [m[Kâ€˜[01m[Kcan_[m[Kâ€™ was not declared in this scope
 1497 |             [01;31m[Kcan_[m[K->setCurrent(motor_id_, 0.0);
      |             [01;31m[K^~~~[m[K
[01m[K/home/ubuntu/Desktop/AK8064_ws_Jun/src/motor_driver/src/ControlMotor.cpp:1497:30:[m[K [01;31m[Kerror: [m[Kâ€˜[01m[Kmotor_id_[m[Kâ€™ was not declared in this scope; did you mean â€˜[01m[KmotorId[m[Kâ€™?
 1497 |             can_->setCurrent([01;31m[Kmotor_id_[m[K, 0.0);
      |                              [01;31m[K^~~~~~~~~[m[K
      |                              [32m[KmotorId[m[K
[01m[K/home/ubuntu/Desktop/AK8064_ws_Jun/src/motor_driver/src/ControlMotor.cpp:[m[K In member function â€˜[01m[Kvoid MotorController::initializeCommandMap()[m[Kâ€™:
[01m[K/home/ubuntu/Desktop/AK8064_ws_Jun/src/motor_driver/src/ControlMotor.cpp:1502:9:[m[K [01;31m[Kerror: [m[Kâ€˜[01m[Kcommand_map_[m[Kâ€™ was not declared in this scope
 1502 |         [01;31m[Kcommand_map_[m[K = {
      |         [01;31m[K^~~~~~~~~~~~[m[K
[01m[K/home/ubuntu/Desktop/AK8064_ws_Jun/src/motor_driver/src/ControlMotor.cpp:[m[K In lambda function:
[01m[K/home/ubuntu/Desktop/AK8064_ws_Jun/src/motor_driver/src/ControlMotor.cpp:1505:47:[m[K [01;31m[Kerror: [m[Kâ€˜[01m[Kmotor_id_[m[Kâ€™ was not declared in this scope; did you mean â€˜[01m[KmotorId[m[Kâ€™?
 1505 |                 response << "Motor 0x%02X: ", [01;31m[Kmotor_id_[m[K);
      |                                               [01;31m[K^~~~~~~~~[m[K
      |                                               [32m[KmotorId[m[K
[01m[K/home/ubuntu/Desktop/AK8064_ws_Jun/src/motor_driver/src/ControlMotor.cpp:1506:17:[m[K [01;31m[Kerror: [m[Kâ€˜[01m[Ktarget_position_[m[Kâ€™ was not declared in this scope; did you mean â€˜[01m[KgetTargetPositions[m[Kâ€™?
 1506 |                 [01;31m[Ktarget_position_[m[K = last_data_.position + step_;
      |                 [01;31m[K^~~~~~~~~~~~~~~~[m[K
      |                 [32m[KgetTargetPositions[m[K
[01m[K/home/ubuntu/Desktop/AK8064_ws_Jun/src/motor_driver/src/ControlMotor.cpp:1506:36:[m[K [01;31m[Kerror: [m[Kâ€˜[01m[Klast_data_[m[Kâ€™ was not declared in this scope
 1506 |                 target_position_ = [01;31m[Klast_data_[m[K.position + step_;
      |                                    [01;31m[K^~~~~~~~~~[m[K
[01m[K/home/ubuntu/Desktop/AK8064_ws_Jun/src/motor_driver/src/ControlMotor.cpp:1506:58:[m[K [01;31m[Kerror: [m[Kâ€˜[01m[Kstep_[m[Kâ€™ was not declared in this scope
 1506 |                 target_position_ = last_data_.position + [01;31m[Kstep_[m[K;
      |                                                          [01;31m[K^~~~~[m[K
[01m[K/home/ubuntu/Desktop/AK8064_ws_Jun/src/motor_driver/src/ControlMotor.cpp:1507:41:[m[K [01;31m[Kerror: [m[Kâ€˜[01m[Kmax_angle_[m[Kâ€™ was not declared in this scope
 1507 |                 if (target_position_ >= [01;31m[Kmax_angle_[m[K) target_position_ = max_angle_;
      |                                         [01;31m[K^~~~~~~~~~[m[K
[01m[K/home/ubuntu/Desktop/AK8064_ws_Jun/src/motor_driver/src/ControlMotor.cpp:1508:17:[m[K [01;31m[Kerror: [m[Kâ€˜[01m[Klast_command_[m[Kâ€™ was not declared in this scope
 1508 |                 [01;31m[Klast_command_[m[K = "UP";
      |                 [01;31m[K^~~~~~~~~~~~~[m[K
[01m[K/home/ubuntu/Desktop/AK8064_ws_Jun/src/motor_driver/src/ControlMotor.cpp:1509:17:[m[K [01;31m[Kerror: [m[Kâ€˜[01m[Kmode_[m[Kâ€™ was not declared in this scope; did you mean â€˜[01m[Kmode_t[m[Kâ€™?
 1509 |                 [01;31m[Kmode_[m[K = Mode::MANUAL;
      |                 [01;31m[K^~~~~[m[K
      |                 [32m[Kmode_t[m[K
[01m[K/home/ubuntu/Desktop/AK8064_ws_Jun/src/motor_driver/src/ControlMotor.cpp:1510:21:[m[K [01;31m[Kerror: [m[Kâ€˜[01m[Kcan_[m[Kâ€™ was not declared in this scope
 1510 |                 if ([01;31m[Kcan_[m[K->setPositionSpeed(motor_id_, target_position_, static_cast<int>(speed_), static_cast<int>(accel_))) {
      |                     [01;31m[K^~~~[m[K
[01m[K/home/ubuntu/Desktop/AK8064_ws_Jun/src/motor_driver/src/ControlMotor.cpp:1510:90:[m[K [01;31m[Kerror: [m[Kâ€˜[01m[Kspeed_[m[Kâ€™ was not declared in this scope
 1510 |         if (can_->setPositionSpeed(motor_id_, target_position_, static_cast<int>([01;31m[Kspeed_[m[K), static_cast<int>(accel_))) {
      |                                                                                  [01;31m[K^~~~~~[m[K

[01m[K/home/ubuntu/Desktop/AK8064_ws_Jun/src/motor_driver/src/ControlMotor.cpp:1510:116:[m[K [01;31m[Kerror: [m[Kâ€˜[01m[Kaccel_[m[Kâ€™ was not declared in this scope; did you mean â€˜[01m[Kaccess[m[Kâ€™?
 1510 | ionSpeed(motor_id_, target_position_, static_cast<int>(speed_), static_cast<int>([01;31m[Kaccel_[m[K))) {
      |                                                                                  [01;31m[K^~~~~~[m[K
      |                                                                                  [32m[Kaccess[m[K
[01m[K/home/ubuntu/Desktop/AK8064_ws_Jun/src/motor_driver/src/ControlMotor.cpp:1512:21:[m[K [01;31m[Kerror: [m[Kâ€˜[01m[Ktarget_positions_cmd_[m[Kâ€™ was not declared in this scope
 1512 |                     [01;31m[Ktarget_positions_cmd_[m[K.clear();
      |                     [01;31m[K^~~~~~~~~~~~~~~~~~~~~[m[K
[01m[K/home/ubuntu/Desktop/AK8064_ws_Jun/src/motor_driver/src/ControlMotor.cpp:1514:21:[m[K [01;31m[Kerror: [m[Kâ€˜[01m[Kcurrent_target_index_[m[Kâ€™ was not declared in this scope
 1514 |                     [01;31m[Kcurrent_target_index_[m[K = target_position_;
      |                     [01;31m[K^~~~~~~~~~~~~~~~~~~~~[m[K
[01m[K/home/ubuntu/Desktop/AK8064_ws_Jun/src/motor_driver/src/ControlMotor.cpp:1515:21:[m[K [01;31m[Kerror: [m[Kâ€˜[01m[Ktarget_reached_[m[Kâ€™ was not declared in this scope; did you mean â€˜[01m[KisTargetReached[m[Kâ€™?
 1515 |                     [01;31m[Ktarget_reached_[m[K = false;
      |                     [01;31m[K^~~~~~~~~~~~~~~[m[K
      |                     [32m[KisTargetReached[m[K
In file included from [01m[K/opt/ros/humble/include/rclcpp/rclcpp/client.hpp:40[m[K,
                 from [01m[K/opt/ros/humble/include/rclcpp/rclcpp/callback_group.hpp:24[m[K,
                 from [01m[K/opt/ros/humble/include/rclcpp/rclcpp/any_executable.hpp:20[m[K,
                 from [01m[K/opt/ros/humble/include/rclcpp/rclcpp/memory_strategy.hpp:25[m[K,
                 from [01m[K/opt/ros/humble/include/rclcpp/rclcpp/memory_strategies.hpp:18[m[K,
                 from [01m[K/opt/ros/humble/include/rclcpp/rclcpp/executor_options.hpp:20[m[K,
                 from [01m[K/opt/ros/humble/include/rclcpp/rclcpp/executor.hpp:37[m[K,
                 from [01m[K/opt/ros/humble/include/rclcpp/rclcpp/executors/multi_threaded_executor.hpp:25[m[K,
                 from [01m[K/opt/ros/humble/include/rclcpp/rclcpp/executors.hpp:21[m[K,
                 from [01m[K/opt/ros/humble/include/rclcpp/rclcpp/rclcpp.hpp:155[m[K,
                 from [01m[K/home/ubuntu/Desktop/AK8064_ws_Jun/src/motor_driver/src/ControlMotor.cpp:958[m[K:
[01m[K/home/ubuntu/Desktop/AK8064_ws_Jun/src/motor_driver/src/ControlMotor.cpp:1516:33:[m[K [01;31m[Kerror: [m[Kâ€˜[01m[Klogger_[m[Kâ€™ was not declared in this scope
 1516 |                     RCLCPP_INFO([01;31m[Klogger_[m[K, "%s", response.str().c_str());
      |                                 [01;31m[K^~~~~~~[m[K
[01m[K/home/ubuntu/Desktop/AK8064_ws_Jun/src/motor_driver/src/ControlMotor.cpp:1516:21:[m[K [01;31m[Kerror: [m[Ktemplate argument 1 is invalid
 1516 |                     [01;31m[KRCLCPP_INFO[m[K(logger_, "%s", response.str().c_str());
      |                     [01;31m[K^~~~~~~~~~~[m[K
[01m[K/home/ubuntu/Desktop/AK8064_ws_Jun/src/motor_driver/src/ControlMotor.cpp:1516:21:[m[K [01;31m[Kerror: [m[Ktemplate argument 1 is invalid
 1516 |                     [01;31m[KRCLCPP_INFO[m[K(logger_, "%s", response.str().c_str());
      |                     [01;31m[K^~~~~~~~~~~[m[K
[01m[K/home/ubuntu/Desktop/AK8064_ws_Jun/src/motor_driver/src/ControlMotor.cpp:1516:21:[m[K [01;31m[Kerror: [m[Ktemplate argument 1 is invalid
 1516 |                     [01;31m[KRCLCPP_INFO[m[K(logger_, "%s", response.str().c_str());
      |                     [01;31m[K^~~~~~~~~~~[m[K
[01m[K/home/ubuntu/Desktop/AK8064_ws_Jun/src/motor_driver/src/ControlMotor.cpp:1517:21:[m[K [01;31m[Kerror: [m[Kâ€˜[01m[Kstate_publisher_[m[Kâ€™ was not declared in this scope; did you mean â€˜[01m[KStatePublisher[m[Kâ€™?
 1517 |                     [01;31m[Kstate_publisher_[m[K.publishResponse(response.str());
      |                     [01;31m[K^~~~~~~~~~~~~~~~[m[K
      |                     [32m[KStatePublisher[m[K
[01m[K/home/ubuntu/Desktop/AK8064_ws_Jun/src/motor_driver/src/ControlMotor.cpp:1518:21:[m[K [01;31m[Kerror: [m[Kâ€˜[01m[KtransitionTo[m[Kâ€™ was not declared in this scope
 1518 |                     [01;31m[KtransitionTo[m[K(State::MOVING);
      |                     [01;31m[K^~~~~~~~~~~~[m[K
In file included from [01m[K/opt/ros/humble/include/rclcpp/rclcpp/client.hpp:40[m[K,
                 from [01m[K/opt/ros/humble/include/rclcpp/rclcpp/callback_group.hpp:24[m[K,
                 from [01m[K/opt/ros/humble/include/rclcpp/rclcpp/any_executable.hpp:20[m[K,
                 from [01m[K/opt/ros/humble/include/rclcpp/rclcpp/memory_strategy.hpp:25[m[K,
                 from [01m[K/opt/ros/humble/include/rclcpp/rclcpp/memory_strategies.hpp:18[m[K,
                 from [01m[K/opt/ros/humble/include/rclcpp/rclcpp/executor_options.hpp:20[m[K,
                 from [01m[K/opt/ros/humble/include/rclcpp/rclcpp/executor.hpp:37[m[K,
                 from [01m[K/opt/ros/humble/include/rclcpp/rclcpp/executors/multi_threaded_executor.hpp:25[m[K,
                 from [01m[K/opt/ros/humble/include/rclcpp/rclcpp/executors.hpp:21[m[K,
                 from [01m[K/opt/ros/humble/include/rclcpp/rclcpp/rclcpp.hpp:155[m[K,
                 from [01m[K/home/ubuntu/Desktop/AK8064_ws_Jun/src/motor_driver/src/ControlMotor.cpp:958[m[K:
[01m[K/home/ubuntu/Desktop/AK8064_ws_Jun/src/motor_driver/src/ControlMotor.cpp:1521:34:[m[K [01;31m[Kerror: [m[Kâ€˜[01m[Klogger_[m[Kâ€™ was not declared in this scope
 1521 |                     RCLCPP_ERROR([01;31m[Klogger_[m[K, "%s", response.str().c_str());
      |                                  [01;31m[K^~~~~~~[m[K
[01m[K/home/ubuntu/Desktop/AK8064_ws_Jun/src/motor_driver/src/ControlMotor.cpp:1521:21:[m[K [01;31m[Kerror: [m[Ktemplate argument 1 is invalid
 1521 |                     [01;31m[KRCLCPP_ERROR[m[K(logger_, "%s", response.str().c_str());
      |                     [01;31m[K^~~~~~~~~~~~[m[K
[01m[K/home/ubuntu/Desktop/AK8064_ws_Jun/src/motor_driver/src/ControlMotor.cpp:1521:21:[m[K [01;31m[Kerror: [m[Ktemplate argument 1 is invalid
 1521 |                     [01;31m[KRCLCPP_ERROR[m[K(logger_, "%s", response.str().c_str());
      |                     [01;31m[K^~~~~~~~~~~~[m[K
[01m[K/home/ubuntu/Desktop/AK8064_ws_Jun/src/motor_driver/src/ControlMotor.cpp:1521:21:[m[K [01;31m[Kerror: [m[Ktemplate argument 1 is invalid
 1521 |                     [01;31m[KRCLCPP_ERROR[m[K(logger_, "%s", response.str().c_str());
      |                     [01;31m[K^~~~~~~~~~~~[m[K
[01m[K/home/ubuntu/Desktop/AK8064_ws_Jun/src/motor_driver/src/ControlMotor.cpp:1522:21:[m[K [01;31m[Kerror: [m[Kâ€˜[01m[Kstate_publisher_[m[Kâ€™ was not declared in this scope; did you mean â€˜[01m[KStatePublisher[m[Kâ€™?
 1522 |                     [01;31m[Kstate_publisher_[m[K.publishResponse(response.str());
      |                     [01;31m[K^~~~~~~~~~~~~~~~[m[K
      |                     [32m[KStatePublisher[m[K
[01m[K/home/ubuntu/Desktop/AK8064_ws_Jun/src/motor_driver/src/ControlMotor.cpp:[m[K In lambda function:
[01m[K/home/ubuntu/Desktop/AK8064_ws_Jun/src/motor_driver/src/ControlMotor.cpp:1527:47:[m[K [01;31m[Kerror: [m[Kâ€˜[01m[Kmotor_id_[m[Kâ€™ was not declared in this scope; did you mean â€˜[01m[KmotorId[m[Kâ€™?
 1527 |                 response << "Motor 0x%02X: ", [01;31m[Kmotor_id_[m[K;
      |                                               [01;31m[K^~~~~~~~~[m[K
      |                                               [32m[KmotorId[m[K
[01m[K/home/ubuntu/Desktop/AK8064_ws_Jun/src/motor_driver/src/ControlMotor.cpp:1528:17:[m[K [01;31m[Kerror: [m[Kâ€˜[01m[Ktarget_position_[m[Kâ€™ was not declared in this scope; did you mean â€˜[01m[KgetTargetPositions[m[Kâ€™?
 1528 |                 [01;31m[Ktarget_position_[m[K = last_data_.position - step_;
      |                 [01;31m[K^~~~~~~~~~~~~~~~[m[K
      |                 [32m[KgetTargetPositions[m[K
[01m[K/home/ubuntu/Desktop/AK8064_ws_Jun/src/motor_driver/src/ControlMotor.cpp:1528:36:[m[K [01;31m[Kerror: [m[Kâ€˜[01m[Klast_data_[m[Kâ€™ was not declared in this scope
 1528 |                 target_position_ = [01;31m[Klast_data_[m[K.position - step_;
      |                                    [01;31m[K^~~~~~~~~~[m[K
[01m[K/home/ubuntu/Desktop/AK8064_ws_Jun/src/motor_driver/src/ControlMotor.cpp:1528:58:[m[K [01;31m[Kerror: [m[Kâ€˜[01m[Kstep_[m[Kâ€™ was not declared in this scope
 1528 |                 target_position_ = last_data_.position - [01;31m[Kstep_[m[K;
      |                                                          [01;31m[K^~~~~[m[K
[01m[K/home/ubuntu/Desktop/AK8064_ws_Jun/src/motor_driver/src/ControlMotor.cpp:1529:40:[m[K [01;31m[Kerror: [m[Kâ€˜[01m[Kmin_angle_[m[Kâ€™ was not declared in this scope
 1529 |                 if (target_position_ < [01;31m[Kmin_angle_[m[K) target_position_ = min_angle_;
      |                                        [01;31m[K^~~~~~~~~~[m[K
[01m[K/home/ubuntu/Desktop/AK8064_ws_Jun/src/motor_driver/src/ControlMotor.cpp:1530:17:[m[K [01;31m[Kerror: [m[Kâ€˜[01m[Klast_command_[m[Kâ€™ was not declared in this scope
 1530 |                 [01;31m[Klast_command_[m[K = "DOWN";
      |                 [01;31m[K^~~~~~~~~~~~~[m[K
[01m[K/home/ubuntu/Desktop/AK8064_ws_Jun/src/motor_driver/src/ControlMotor.cpp:1531:17:[m[K [01;31m[Kerror: [m[Kâ€˜[01m[Kmode_[m[Kâ€™ was not declared in this scope; did you mean â€˜[01m[Kmode_t[m[Kâ€™?
 1531 |                 [01;31m[Kmode_[m[K = Mode::MANUAL;
      |                 [01;31m[K^~~~~[m[K
      |                 [32m[Kmode_t[m[K
[01m[K/home/ubuntu/Desktop/AK8064_ws_Jun/src/motor_driver/src/ControlMotor.cpp:1532:21:[m[K [01;31m[Kerror: [m[Kâ€˜[01m[Kcan_[m[Kâ€™ was not declared in this scope
 1532 |                 if ([01;31m[Kcan_[m[K->setPositionSpeed(motor_id_, target_position_, static_cast<int>(speed_), static_cast<int>(accel_))) {
      |                     [01;31m[K^~~~[m[K
[01m[K/home/ubuntu/Desktop/AK8064_ws_Jun/src/motor_driver/src/ControlMotor.cpp:1532:90:[m[K [01;31m[Kerror: [m[Kâ€˜[01m[Kspeed_[m[Kâ€™ was not declared in this scope
 1532 |         if (can_->setPositionSpeed(motor_id_, target_position_, static_cast<int>([01;31m[Kspeed_[m[K), static_cast<int>(accel_))) {
      |                                                                                  [01;31m[K^~~~~~[m[K

[01m[K/home/ubuntu/Desktop/AK8064_ws_Jun/src/motor_driver/src/ControlMotor.cpp:1532:116:[m[K [01;31m[Kerror: [m[Kâ€˜[01m[Kaccel_[m[Kâ€™ was not declared in this scope; did you mean â€˜[01m[Kaccess[m[Kâ€™?
 1532 | ionSpeed(motor_id_, target_position_, static_cast<int>(speed_), static_cast<int>([01;31m[Kaccel_[m[K))) {
      |                                                                                  [01;31m[K^~~~~~[m[K
      |                                                                                  [32m[Kaccess[m[K
[01m[K/home/ubuntu/Desktop/AK8064_ws_Jun/src/motor_driver/src/ControlMotor.cpp:1534:21:[m[K [01;31m[Kerror: [m[Kâ€˜[01m[Ktarget_positions_cmd_[m[Kâ€™ was not declared in this scope
 1534 |                     [01;31m[Ktarget_positions_cmd_[m[K.clear();
      |                     [01;31m[K^~~~~~~~~~~~~~~~~~~~~[m[K
[01m[K/home/ubuntu/Desktop/AK8064_ws_Jun/src/motor_driver/src/ControlMotor.cpp:1536:21:[m[K [01;31m[Kerror: [m[Kâ€˜[01m[Kcurrent_target_index_[m[Kâ€™ was not declared in this scope
 1536 |                     [01;31m[Kcurrent_target_index_[m[K = target_;
      |                     [01;31m[K^~~~~~~~~~~~~~~~~~~~~[m[K
[01m[K/home/ubuntu/Desktop/AK8064_ws_Jun/src/motor_driver/src/ControlMotor.cpp:1536:45:[m[K [01;31m[Kerror: [m[Kâ€˜[01m[Ktarget_[m[Kâ€™ was not declared in this scope
 1536 |                     current_target_index_ = [01;31m[Ktarget_[m[K;
      |                                             [01;31m[K^~~~~~~[m[K
[01m[K/home/ubuntu/Desktop/AK8064_ws_Jun/src/motor_driver/src/ControlMotor.cpp:1537:21:[m[K [01;31m[Kerror: [m[Kâ€˜[01m[Ktarget_reached_[m[Kâ€™ was not declared in this scope; did you mean â€˜[01m[KisTargetReached[m[Kâ€™?
 1537 |                     [01;31m[Ktarget_reached_[m[K = false;
      |                     [01;31m[K^~~~~~~~~~~~~~~[m[K
      |                     [32m[KisTargetReached[m[K
In file included from [01m[K/opt/ros/humble/include/rclcpp/rclcpp/client.hpp:40[m[K,
                 from [01m[K/opt/ros/humble/include/rclcpp/rclcpp/callback_group.hpp:24[m[K,
                 from [01m[K/opt/ros/humble/include/rclcpp/rclcpp/any_executable.hpp:20[m[K,
                 from [01m[K/opt/ros/humble/include/rclcpp/rclcpp/memory_strategy.hpp:25[m[K,
                 from [01m[K/opt/ros/humble/include/rclcpp/rclcpp/memory_strategies.hpp:18[m[K,
                 from [01m[K/opt/ros/humble/include/rclcpp/rclcpp/executor_options.hpp:20[m[K,
                 from [01m[K/opt/ros/humble/include/rclcpp/rclcpp/executor.hpp:37[m[K,
                 from [01m[K/opt/ros/humble/include/rclcpp/rclcpp/executors/multi_threaded_executor.hpp:25[m[K,
                 from [01m[K/opt/ros/humble/include/rclcpp/rclcpp/executors.hpp:21[m[K,
                 from [01m[K/opt/ros/humble/include/rclcpp/rclcpp/rclcpp.hpp:155[m[K,
                 from [01m[K/home/ubuntu/Desktop/AK8064_ws_Jun/src/motor_driver/src/ControlMotor.cpp:958[m[K:
[01m[K/home/ubuntu/Desktop/AK8064_ws_Jun/src/motor_driver/src/ControlMotor.cpp:1538:33:[m[K [01;31m[Kerror: [m[Kâ€˜[01m[Klogger_[m[Kâ€™ was not declared in this scope
 1538 |                     RCLCPP_INFO([01;31m[Klogger_[m[K, "%s", response.str().c_str());
      |                                 [01;31m[K^~~~~~~[m[K
[01m[K/home/ubuntu/Desktop/AK8064_ws_Jun/src/motor_driver/src/ControlMotor.cpp:1538:21:[m[K [01;31m[Kerror: [m[Ktemplate argument 1 is invalid
 1538 |                     [01;31m[KRCLCPP_INFO[m[K(logger_, "%s", response.str().c_str());
      |                     [01;31m[K^~~~~~~~~~~[m[K
[01m[K/home/ubuntu/Desktop/AK8064_ws_Jun/src/motor_driver/src/ControlMotor.cpp:1538:21:[m[K [01;31m[Kerror: [m[Ktemplate argument 1 is invalid
 1538 |                     [01;31m[KRCLCPP_INFO[m[K(logger_, "%s", response.str().c_str());
      |                     [01;31m[K^~~~~~~~~~~[m[K
[01m[K/home/ubuntu/Desktop/AK8064_ws_Jun/src/motor_driver/src/ControlMotor.cpp:1538:21:[m[K [01;31m[Kerror: [m[Ktemplate argument 1 is invalid
 1538 |                     [01;31m[KRCLCPP_INFO[m[K(logger_, "%s", response.str().c_str());
      |                     [01;31m[K^~~~~~~~~~~[m[K
[01m[K/home/ubuntu/Desktop/AK8064_ws_Jun/src/motor_driver/src/ControlMotor.cpp:1539:21:[m[K [01;31m[Kerror: [m[Kâ€˜[01m[KtransitionTo[m[Kâ€™ was not declared in this scope
 1539 |                     [01;31m[KtransitionTo[m[K(State::MOVING);
      |                     [01;31m[K^~~~~~~~~~~~[m[K
[01m[K/home/ubuntu/Desktop/AK8064_ws_Jun/src/motor_driver/src/ControlMotor.cpp:1540:21:[m[K [01;31m[Kerror: [m[Kâ€˜[01m[Kstate_publisher_[m[Kâ€™ was not declared in this scope; did you mean â€˜[01m[KStatePublisher[m[Kâ€™?
 1540 |                     [01;31m[Kstate_publisher_[m[K.publishResponse(response.str());
      |                     [01;31m[K^~~~~~~~~~~~~~~~[m[K
      |                     [32m[KStatePublisher[m[K
In file included from [01m[K/opt/ros/humble/include/rclcpp/rclcpp/client.hpp:40[m[K,
                 from [01m[K/opt/ros/humble/include/rclcpp/rclcpp/callback_group.hpp:24[m[K,
                 from [01m[K/opt/ros/humble/include/rclcpp/rclcpp/any_executable.hpp:20[m[K,
                 from [01m[K/opt/ros/humble/include/rclcpp/rclcpp/memory_strategy.hpp:25[m[K,
                 from [01m[K/opt/ros/humble/include/rclcpp/rclcpp/memory_strategies.hpp:18[m[K,
                 from [01m[K/opt/ros/humble/include/rclcpp/rclcpp/executor_options.hpp:20[m[K,
                 from [01m[K/opt/ros/humble/include/rclcpp/rclcpp/executor.hpp:37[m[K,
                 from [01m[K/opt/ros/humble/include/rclcpp/rclcpp/executors/multi_threaded_executor.hpp:25[m[K,
                 from [01m[K/opt/ros/humble/include/rclcpp/rclcpp/executors.hpp:21[m[K,
                 from [01m[K/opt/ros/humble/include/rclcpp/rclcpp/rclcpp.hpp:155[m[K,
                 from [01m[K/home/ubuntu/Desktop/AK8064_ws_Jun/src/motor_driver/src/ControlMotor.cpp:958[m[K:
[01m[K/home/ubuntu/Desktop/AK8064_ws_Jun/src/motor_driver/src/ControlMotor.cpp:1543:34:[m[K [01;31m[Kerror: [m[Kâ€˜[01m[Klogger_[m[Kâ€™ was not declared in this scope
 1543 |                     RCLCPP_ERROR([01;31m[Klogger_[m[K, "%s", response.str().c_str());
      |                                  [01;31m[K^~~~~~~[m[K
[01m[K/home/ubuntu/Desktop/AK8064_ws_Jun/src/motor_driver/src/ControlMotor.cpp:1543:21:[m[K [01;31m[Kerror: [m[Ktemplate argument 1 is invalid
 1543 |                     [01;31m[KRCLCPP_ERROR[m[K(logger_, "%s", response.str().c_str());
      |                     [01;31m[K^~~~~~~~~~~~[m[K
[01m[K/home/ubuntu/Desktop/AK8064_ws_Jun/src/motor_driver/src/ControlMotor.cpp:1543:21:[m[K [01;31m[Kerror: [m[Ktemplate argument 1 is invalid
 1543 |                     [01;31m[KRCLCPP_ERROR[m[K(logger_, "%s", response.str().c_str());
      |                     [01;31m[K^~~~~~~~~~~~[m[K
[01m[K/home/ubuntu/Desktop/AK8064_ws_Jun/src/motor_driver/src/ControlMotor.cpp:1543:21:[m[K [01;31m[Kerror: [m[Ktemplate argument 1 is invalid
 1543 |                     [01;31m[KRCLCPP_ERROR[m[K(logger_, "%s", response.str().c_str());
      |                     [01;31m[K^~~~~~~~~~~~[m[K
[01m[K/home/ubuntu/Desktop/AK8064_ws_Jun/src/motor_driver/src/ControlMotor.cpp:1544:21:[m[K [01;31m[Kerror: [m[Kâ€˜[01m[Kstate_publisher_[m[Kâ€™ was not declared in this scope; did you mean â€˜[01m[KStatePublisher[m[Kâ€™?
 1544 |                     [01;31m[Kstate_publisher_[m[K.publishResponse(response.str());
      |                     [01;31m[K^~~~~~~~~~~~~~~~[m[K
      |                     [32m[KStatePublisher[m[K
[01m[K/home/ubuntu/Desktop/AK8064_ws_Jun/src/motor_driver/src/ControlMotor.cpp:[m[K In lambda function:
[01m[K/home/ubuntu/Desktop/AK8064_ws_Jun/src/motor_driver/src/ControlMotor.cpp:1549:47:[m[K [01;31m[Kerror: [m[Kâ€˜[01m[Kmotor_id_[m[Kâ€™ was not declared in this scope; did you mean â€˜[01m[KmotorId[m[Kâ€™?
 1549 |                 response << "Motor 0x%02x: ", [01;31m[Kmotor_id_[m[K);
      |                                               [01;31m[K^~~~~~~~~[m[K
      |                                               [32m[KmotorId[m[K
[01m[K/home/ubuntu/Desktop/AK8064_ws_Jun/src/motor_driver/src/ControlMotor.cpp:1550:22:[m[K [01;31m[Kerror: [m[Kâ€˜[01m[Kis_origin_set_[m[Kâ€™ was not declared in this scope; did you mean â€˜[01m[KisOriginSet[m[Kâ€™?
 1550 |                 if (![01;31m[Kis_origin_set_[m[K) {
      |                      [01;31m[K^~~~~~~~~~~~~~[m[K
      |                      [32m[KisOriginSet[m[K
[01m[K/home/ubuntu/Desktop/AK8064_ws_Jun/src/motor_driver/src/ControlMotor.cpp:1552:37:[m[K [01;31m[Kerror: [m[Kâ€˜[01m[Klogger_[m[Kâ€™ was not declared in this scope
 1552 |                     RCLCPP_LOG_WARN([01;31m[Klogger_[m[K, "INFO: s%", response.str().c_str());
      |                                     [01;31m[K^~~~~~~[m[K
[01m[K/home/ubuntu/Desktop/AK8064_ws_Jun/src/motor_driver/src/ControlMotor.cpp:1552:21:[m[K [01;31m[Kerror: [m[Kâ€˜[01m[KRCLCPP_LOG_WARN[m[Kâ€™ was not declared in this scope; did you mean â€˜[01m[KRCLCPP_WARN[m[Kâ€™?
 1552 |                     [01;31m[KRCLCPP_LOG_WARN[m[K(logger_, "INFO: s%", response.str().c_str());
      |                     [01;31m[K^~~~~~~~~~~~~~~[m[K
      |                     [32m[KRCLCPP_WARN[m[K
[01m[K/home/ubuntu/Desktop/AK8064_ws_Jun/src/motor_driver/src/ControlMotor.cpp:1553:21:[m[K [01;31m[Kerror: [m[Kâ€˜[01m[Kstate_publisher_[m[Kâ€™ was not declared in this scope; did you mean â€˜[01m[KStatePublisher[m[Kâ€™?
 1553 |                     [01;31m[Kstate_publisher_[m[K.publishResponse(response.str());
      |                     [01;31m[K^~~~~~~~~~~~~~~~[m[K
      |                     [32m[KStatePublisher[m[K
[01m[K/home/ubuntu/Desktop/AK8064_ws_Jun/src/motor_driver/src/ControlMotor.cpp:1557:21:[m[K [01;31m[Kerror: [m[Kâ€˜[01m[Kpause_position_[m[Kâ€™ was not declared in this scope
 1557 |                     [01;31m[Kpause_position_[m[K = last_data_.position;
      |                     [01;31m[K^~~~~~~~~~~~~~~[m[K
[01m[K/home/ubuntu/Desktop/AK8064_ws_Jun/src/motor_driver/src/ControlMotor.cpp:1557:39:[m[K [01;31m[Kerror: [m[Kâ€˜[01m[Klast_data_[m[Kâ€™ was not declared in this scope
 1557 |                     pause_position_ = [01;31m[Klast_data_[m[K.position;
      |                                       [01;31m[K^~~~~~~~~~[m[K
[01m[K/home/ubuntu/Desktop/AK8064_ws_Jun/src/motor_driver/src/ControlMotor.cpp:1558:21:[m[K [01;31m[Kerror: [m[Kâ€˜[01m[Kpre_pause_command_[m[Kâ€™ was not declared in this scope
 1558 |                     [01;31m[Kpre_pause_command_[m[K = last_command_;
      |                     [01;31m[K^~~~~~~~~~~~~~~~~~[m[K
[01m[K/home/ubuntu/Desktop/AK8064_ws_Jun/src/motor_driver/src/ControlMotor.cpp:1558:42:[m[K [01;31m[Kerror: [m[Kâ€˜[01m[Klast_command_[m[Kâ€™ was not declared in this scope
 1558 |                     pre_pause_command_ = [01;31m[Klast_command_[m[K;
      |                                          [01;31m[K^~~~~~~~~~~~~[m[K
[01m[K/home/ubuntu/Desktop/AK8064_ws_Jun/src/motor_driver/src/ControlMotor.cpp:1560:21:[m[K [01;31m[Kerror: [m[Kâ€˜[01m[Klast_command_time_[m[Kâ€™ was not declared in this scope
 1560 |                     [01;31m[Klast_command_time_[m[K = node_->now();
      |                     [01;31m[K^~~~~~~~~~~~~~~~~~[m[K
[01m[K/home/ubuntu/Desktop/AK8064_ws_Jun/src/motor_driver/src/ControlMotor.cpp:1560:42:[m[K [01;31m[Kerror: [m[Kâ€˜[01m[Knode_[m[Kâ€™ was not declared in this scope; did you mean â€˜[01m[Kmode_t[m[Kâ€™?
 1560 |                     last_command_time_ = [01;31m[Knode_[m[K->now();
      |                                          [01;31m[K^~~~~[m[K
      |                                          [32m[Kmode_t[m[K
[01m[K/home/ubuntu/Desktop/AK8064_ws_Jun/src/motor_driver/src/ControlMotor.cpp:1561:21:[m[K [01;31m[Kerror: [m[Kâ€˜[01m[Ktarget_reached_[m[Kâ€™ was not declared in this scope; did you mean â€˜[01m[KisTargetReached[m[Kâ€™?
 1561 |                     [01;31m[Ktarget_reached_[m[K = false;
      |                     [01;31m[K^~~~~~~~~~~~~~~[m[K
      |                     [32m[KisTargetReached[m[K
[01m[K/home/ubuntu/Desktop/AK8064_ws_Jun/src/motor_driver/src/ControlMotor.cpp:1563:37:[m[K [01;31m[Kerror: [m[Kâ€˜[01m[Klogger_[m[Kâ€™ was not declared in this scope
 1563 |                     RCLCPP_LOG_INFO([01;31m[Klogger_[m[K, "INFO: s%", response.str().c_str());
      |                                     [01;31m[K^~~~~~~[m[K
[01m[K/home/ubuntu/Desktop/AK8064_ws_Jun/src/motor_driver/src/ControlMotor.cpp:1563:21:[m[K [01;31m[Kerror: [m[Kâ€˜[01m[KRCLCPP_LOG_INFO[m[Kâ€™ was not declared in this scope; did you mean â€˜[01m[KRCLCPP_INFO[m[Kâ€™?
 1563 |                     [01;31m[KRCLCPP_LOG_INFO[m[K(logger_, "INFO: s%", response.str().c_str());
      |                     [01;31m[K^~~~~~~~~~~~~~~[m[K
      |                     [32m[KRCLCPP_INFO[m[K
[01m[K/home/ubuntu/Desktop/AK8064_ws_Jun/src/motor_driver/src/ControlMotor.cpp:1564:21:[m[K [01;31m[Kerror: [m[Kâ€˜[01m[Kstate_publisher_[m[Kâ€™ was not declared in this scope; did you mean â€˜[01m[KStatePublisher[m[Kâ€™?
 1564 |                     [01;31m[Kstate_publisher_[m[K.publishResponse(response.str());
      |                     [01;31m[K^~~~~~~~~~~~~~~~[m[K
      |                     [32m[KStatePublisher[m[K
[01m[K/home/ubuntu/Desktop/AK8064_ws_Jun/src/motor_driver/src/ControlMotor.cpp:1565:21:[m[K [01;31m[Kerror: [m[Kâ€˜[01m[KtransitionTo[m[Kâ€™ was not declared in this scope
 1565 |                     [01;31m[KtransitionTo[m[K(State::PAUSED);
      |                     [01;31m[K^~~~~~~~~~~~[m[K
[01m[K/home/ubuntu/Desktop/AK8064_ws_Jun/src/motor_driver/src/ControlMotor.cpp:1568:38:[m[K [01;31m[Kerror: [m[Kâ€˜[01m[Klogger_[m[Kâ€™ was not declared in this scope
 1568 |                     RCLCPP_LOG_ERROR([01;31m[Klogger_[m[K, "ERROR: s%", response.str().c_str());
      |                                      [01;31m[K^~~~~~~[m[K
[01m[K/home/ubuntu/Desktop/AK8064_ws_Jun/src/motor_driver/src/ControlMotor.cpp:1568:21:[m[K [01;31m[Kerror: [m[Kâ€˜[01m[KRCLCPP_LOG_ERROR[m[Kâ€™ was not declared in this scope; did you mean â€˜[01m[KRCLCPP_ERROR[m[Kâ€™?
 1568 |                     [01;31m[KRCLCPP_LOG_ERROR[m[K(logger_, "ERROR: s%", response.str().c_str());
      |                     [01;31m[K^~~~~~~~~~~~~~~~[m[K
      |                     [32m[KRCLCPP_ERROR[m[K
[01m[K/home/ubuntu/Desktop/AK8064_ws_Jun/src/motor_driver/src/ControlMotor.cpp:1569:21:[m[K [01;31m[Kerror: [m[Kâ€˜[01m[Kstate_publisher_[m[Kâ€™ was not declared in this scope; did you mean â€˜[01m[KStatePublisher[m[Kâ€™?
 1569 |                     [01;31m[Kstate_publisher_[m[K.publishResponse(response.str());
      |                     [01;31m[K^~~~~~~~~~~~~~~~[m[K
      |                     [32m[KStatePublisher[m[K
[01m[K/home/ubuntu/Desktop/AK8064_ws_Jun/src/motor_driver/src/ControlMotor.cpp:1570:21:[m[K [01;31m[Kerror: [m[Kâ€˜[01m[KtransitionTo[m[Kâ€™ was not declared in this scope
 1570 |                     [01;31m[KtransitionTo[m[K(State::ERROR);
      |                     [01;31m[K^~~~~~~~~~~~[m[K
[01m[K/home/ubuntu/Desktop/AK8064_ws_Jun/src/motor_driver/src/ControlMotor.cpp:[m[K In lambda function:
[01m[K/home/ubuntu/Desktop/AK8064_ws_Jun/src/motor_driver/src/ControlMotor.cpp:1575:47:[m[K [01;31m[Kerror: [m[Kâ€˜[01m[Kmotor_id_[m[Kâ€™ was not declared in this scope; did you mean â€˜[01m[KmotorId[m[Kâ€™?
 1575 |                 response << "Motor 0x%02x: ", [01;31m[Kmotor_id_[m[K;
      |                                               [01;31m[K^~~~~~~~~[m[K
      |                                               [32m[KmotorId[m[K
[01m[K/home/ubuntu/Desktop/AK8064_ws_Jun/src/motor_driver/src/ControlMotor.cpp:1576:21:[m[K [01;31m[Kerror: [m[Kâ€˜[01m[Kmode_[m[Kâ€™ was not declared in this scope; did you mean â€˜[01m[Kmode_t[m[Kâ€™?
 1576 |                 if ([01;31m[Kmode_[m[K == Mode::AUT && !target_positions_.empty()) {
      |                     [01;31m[K^~~~~[m[K
      |                     [32m[Kmode_t[m[K
[01m[K/home/ubuntu/Desktop/AK8064_ws_Jun/src/motor_driver/src/ControlMotor.cpp:1576:36:[m[K [01;31m[Kerror: [m[Kâ€˜[01m[KAUT[m[Kâ€™ is not a member of â€˜[01m[KMotorController::Mode[m[Kâ€™; did you mean â€˜[01m[KAUTO[m[Kâ€™?
 1576 |                 if (mode_ == Mode::[01;31m[KAUT[m[K && !target_positions_.empty()) {
      |                                    [01;31m[K^~~[m[K
      |                                    [32m[KAUTO[m[K
[01m[K/home/ubuntu/Desktop/AK8064_ws_Jun/src/motor_driver/src/ControlMotor.cpp:1576:44:[m[K [01;31m[Kerror: [m[Kâ€˜[01m[Ktarget_positions_[m[Kâ€™ was not declared in this scope; did you mean â€˜[01m[KgetTargetPositions[m[Kâ€™?
 1576 |                 if (mode_ == Mode::AUT && ![01;31m[Ktarget_positions_[m[K.empty()) {
      |                                            [01;31m[K^~~~~~~~~~~~~~~~~[m[K
      |                                            [32m[KgetTargetPositions[m[K
[01m[K/home/ubuntu/Desktop/AK8064_ws_Jun/src/motor_driver/src/ControlMotor.cpp:1577:21:[m[K [01;31m[Kerror: [m[Kâ€˜[01m[Kcurrent_target_index_[m[Kâ€™ was not declared in this scope
 1577 |                     [01;31m[Kcurrent_target_index_[m[K = std::min(current_target_index_, static_cast<int>(target_positions_.size() - 1));
      |                     [01;31m[K^~~~~~~~~~~~~~~~~~~~~[m[K
[01m[K/home/ubuntu/Desktop/AK8064_ws_Jun/src/motor_driver/src/ControlMotor.cpp:1578:21:[m[K [01;31m[Kerror: [m[Kâ€˜[01m[Ktarget_position_[m[Kâ€™ was not declared in this scope; did you mean â€˜[01m[KgetTargetPositions[m[Kâ€™?
 1578 |                     [01;31m[Ktarget_position_[m[K = target_positions_.position;
      |                     [01;31m[K^~~~~~~~~~~~~~~~[m[K
      |                     [32m[KgetTargetPositions[m[K
[01m[K/home/ubuntu/Desktop/AK8064_ws_Jun/src/motor_driver/src/ControlMotor.cpp:1580:21:[m[K [01;31m[Kerror: [m[Kâ€˜[01m[Ktarget_reached_[m[Kâ€™ was not declared in this scope; did you mean â€˜[01m[KisTargetReached[m[Kâ€™?
 1580 |                     [01;31m[Ktarget_reached_[m[K = false;
      |                     [01;31m[K^~~~~~~~~~~~~~~[m[K
      |                     [32m[KisTargetReached[m[K
[01m[K/home/ubuntu/Desktop/AK8064_ws_Jun/src/motor_driver/src/ControlMotor.cpp:1581:21:[m[K [01;31m[Kerror: [m[Kâ€˜[01m[KtransitionTo[m[Kâ€™ was not declared in this scope
 1581 |                     [01;31m[KtransitionTo[m[K(State::MOVING);
      |                     [01;31m[K^~~~~~~~~~~~[m[K
[01m[K/home/ubuntu/Desktop/AK8064_ws_Jun/src/motor_driver/src/ControlMotor.cpp:1582:54:[m[K [01;31m[Kerror: [m[Kâ€˜[01m[Kpre_pause_command_[m[Kâ€™ was not declared in this scope
 1582 |                 } else if (mode_ == Mode::MANUAL && ![01;31m[Kpre_pause_command_[m[K.empty()) {
      |                                                      [01;31m[K^~~~~~~~~~~~~~~~~~[m[K
[01m[K/home/ubuntu/Desktop/AK8064_ws_Jun/src/motor_driver/src/ControlMotor.cpp:1588:37:[m[K [01;31m[Kerror: [m[Kâ€˜[01m[Klogger_[m[Kâ€™ was not declared in this scope
 1588 |                     RCLCPP_LOG_WARN([01;31m[Klogger_[m[K, "INFO: %s", response.str().c_str());
      |                                     [01;31m[K^~~~~~~[m[K
[01m[K/home/ubuntu/Desktop/AK8064_ws_Jun/src/motor_driver/src/ControlMotor.cpp:1588:21:[m[K [01;31m[Kerror: [m[Kâ€˜[01m[KRCLCPP_LOG_WARN[m[Kâ€™ was not declared in this scope; did you mean â€˜[01m[KRCLCPP_WARN[m[Kâ€™?
 1588 |                     [01;31m[KRCLCPP_LOG_WARN[m[K(logger_, "INFO: %s", response.str().c_str());
      |                     [01;31m[K^~~~~~~~~~~~~~~[m[K
      |                     [32m[KRCLCPP_WARN[m[K
[01m[K/home/ubuntu/Desktop/AK8064_ws_Jun/src/motor_driver/src/ControlMotor.cpp:1589:21:[m[K [01;31m[Kerror: [m[Kâ€˜[01m[Kstate_publisher_[m[Kâ€™ was not declared in this scope; did you mean â€˜[01m[KStatePublisher[m[Kâ€™?
 1589 |                     [01;31m[Kstate_publisher_[m[K.publishResponse(response.str());
      |                     [01;31m[K^~~~~~~~~~~~~~~~[m[K
      |                     [32m[KStatePublisher[m[K
[01m[K/home/ubuntu/Desktop/AK8064_ws_Jun/src/motor_driver/src/ControlMotor.cpp:1592:33:[m[K [01;31m[Kerror: [m[Kâ€˜[01m[Klogger_[m[Kâ€™ was not declared in this scope
 1592 |                 RCLCPP_LOG_INFO([01;31m[Klogger_[m[K, "%s", response.str().c_str());
      |                                 [01;31m[K^~~~~~~[m[K
[01m[K/home/ubuntu/Desktop/AK8064_ws_Jun/src/motor_driver/src/ControlMotor.cpp:1592:17:[m[K [01;31m[Kerror: [m[Kâ€˜[01m[KRCLCPP_LOG_INFO[m[Kâ€™ was not declared in this scope; did you mean â€˜[01m[KRCLCPP_INFO[m[Kâ€™?
 1592 |                 [01;31m[KRCLCPP_LOG_INFO[m[K(logger_, "%s", response.str().c_str());
      |                 [01;31m[K^~~~~~~~~~~~~~~[m[K
      |                 [32m[KRCLCPP_INFO[m[K
[01m[K/home/ubuntu/Desktop/AK8064_ws_Jun/src/motor_driver/src/ControlMotor.cpp:1593:17:[m[K [01;31m[Kerror: [m[Kâ€˜[01m[Kstate_publisher_[m[Kâ€™ was not declared in this scope; did you mean â€˜[01m[KStatePublisher[m[Kâ€™?
 1593 |                 [01;31m[Kstate_publisher_[m[K.publishResponse(response.str());
      |                 [01;31m[K^~~~~~~~~~~~~~~~[m[K
      |                 [32m[KStatePublisher[m[K
[01m[K/home/ubuntu/Desktop/AK8064_ws_Jun/src/motor_driver/src/ControlMotor.cpp:[m[K In lambda function:
[01m[K/home/ubuntu/Desktop/AK8064_ws_Jun/src/motor_driver/src/ControlMotor.cpp:1597:47:[m[K [01;31m[Kerror: [m[Kâ€˜[01m[Kmotor_id_[m[Kâ€™ was not declared in this scope; did you mean â€˜[01m[KmotorId[m[Kâ€™?
 1597 |                 response << "Motor 0x%02x: ", [01;31m[Kmotor_id_[m[K;
      |                                               [01;31m[K^~~~~~~~~[m[K
      |                                               [32m[KmotorId[m[K
[01m[K/home/ubuntu/Desktop/AK8064_ws_Jun/src/motor_driver/src/ControlMotor.cpp:1598:17:[m[K [01;31m[Kerror: [m[Kâ€˜[01m[Ktarget_position_[m[Kâ€™ was not declared in this scope; did you mean â€˜[01m[KgetTargetPositions[m[Kâ€™?
 1598 |                 [01;31m[Ktarget_position_[m[K = target;
      |                 [01;31m[K^~~~~~~~~~~~~~~~[m[K
      |                 [32m[KgetTargetPositions[m[K
[01m[K/home/ubuntu/Desktop/AK8064_ws_Jun/src/motor_driver/src/ControlMotor.cpp:1598:36:[m[K [01;31m[Kerror: [m[Kâ€˜[01m[Ktarget[m[Kâ€™ was not declared in this scope
 1598 |                 target_position_ = [01;31m[Ktarget[m[K;
      |                                    [01;31m[K^~~~~~[m[K
[01m[K/home/ubuntu/Desktop/AK8064_ws_Jun/src/motor_driver/src/ControlMotor.cpp:1599:17:[m[K [01;31m[Kerror: [m[Kâ€˜[01m[Ktarget_positions_[m[Kâ€™ was not declared in this scope; did you mean â€˜[01m[KgetTargetPositions[m[Kâ€™?
 1599 |                 [01;31m[Ktarget_positions_[m[K.clear();
      |                 [01;31m[K^~~~~~~~~~~~~~~~~[m[K
      |                 [32m[KgetTargetPositions[m[K
[01m[K/home/ubuntu/Desktop/AK8064_ws_Jun/src/motor_driver/src/ControlMotor.cpp:1601:17:[m[K [01;31m[Kerror: [m[Kâ€˜[01m[Kcurrent_target_index_[m[Kâ€™ was not declared in this scope
 1601 |                 [01;31m[Kcurrent_target_index_[m[K = target_;
      |                 [01;31m[K^~~~~~~~~~~~~~~~~~~~~[m[K
[01m[K/home/ubuntu/Desktop/AK8064_ws_Jun/src/motor_driver/src/ControlMotor.cpp:1601:41:[m[K [01;31m[Kerror: [m[Kâ€˜[01m[Ktarget_[m[Kâ€™ was not declared in this scope
 1601 |                 current_target_index_ = [01;31m[Ktarget_[m[K;
      |                                         [01;31m[K^~~~~~~[m[K
[01m[K/home/ubuntu/Desktop/AK8064_ws_Jun/src/motor_driver/src/ControlMotor.cpp:1602:17:[m[K [01;31m[Kerror: [m[Kâ€˜[01m[Ktarget_reached_[m[Kâ€™ was not declared in this scope; did you mean â€˜[01m[KisTargetReached[m[Kâ€™?
 1602 |                 [01;31m[Ktarget_reached_[m[K = false;
      |                 [01;31m[K^~~~~~~~~~~~~~~[m[K
      |                 [32m[KisTargetReached[m[K
[01m[K/home/ubuntu/Desktop/AK8064_ws_Jun/src/motor_driver/src/ControlMotor.cpp:1604:33:[m[K [01;31m[Kerror: [m[Kâ€˜[01m[Klogger_[m[Kâ€™ was not declared in this scope
 1604 |                 RCLCPP_LOG_INFO([01;31m[Klogger_[m[K, "INFO: s%", response.str());
      |                                 [01;31m[K^~~~~~~[m[K
[01m[K/home/ubuntu/Desktop/AK8064_ws_Jun/src/motor_driver/src/ControlMotor.cpp:1604:17:[m[K [01;31m[Kerror: [m[Kâ€˜[01m[KRCLCPP_LOG_INFO[m[Kâ€™ was not declared in this scope; did you mean â€˜[01m[KRCLCPP_INFO[m[Kâ€™?
 1604 |                 [01;31m[KRCLCPP_LOG_INFO[m[K(logger_, "INFO: s%", response.str());
      |                 [01;31m[K^~~~~~~~~~~~~~~[m[K
      |                 [32m[KRCLCPP_INFO[m[K
[01m[K/home/ubuntu/Desktop/AK8064_ws_Jun/src/motor_driver/src/ControlMotor.cpp:1605:30:[m[K [01;31m[Kerror: [m[Kâ€˜[01m[Kstate_publisher_[m[Kâ€™ was not declared in this scope; did you mean â€˜[01m[KStatePublisher[m[Kâ€™?
 1605 |                 transitionTo([01;31m[Kstate_publisher_[m[K.publishResponse(response.str());
      |                              [01;31m[K^~~~~~~~~~~~~~~~[m[K
      |                              [32m[KStatePublisher[m[K
[01m[K/home/ubuntu/Desktop/AK8064_ws_Jun/src/motor_driver/src/ControlMotor.cpp:1606:17:[m[K [01;31m[Kerror: [m[Kâ€˜[01m[Kstate[m[Kâ€™ has not been declared
 1606 |                 [01;31m[Kstate[m[K::RCLCPP_HOME
      |                 [01;31m[K^~~~~[m[K
[01m[K/home/ubuntu/Desktop/AK8064_ws_Jun/src/motor_driver/src/ControlMotor.cpp:[m[K In member function â€˜[01m[Kvoid MotorController::initializeCommandMap()[m[Kâ€™:
[01m[K/home/ubuntu/Desktop/AK8064_ws_Jun/src/motor_driver/src/ControlMotor.cpp:1609:13:[m[K [01;31m[Kerror: [m[Kexpected â€˜[01m[K}[m[Kâ€™ before â€˜[01m[K{[m[Kâ€™ token
 1609 |             [01;31m[K{[m[K"ERROR", "%s", [this]() {
      |             [01;31m[K^[m[K
[01m[K/home/ubuntu/Desktop/AK8064_ws_Jun/src/motor_driver/src/ControlMotor.cpp:1595:13:[m[K [01;36m[Knote: [m[Kto match this â€˜[01m[K{[m[Kâ€™
 1595 |             [01;36m[K{[m[K"HOME", [this]() {
      |             [01;36m[K^[m[K
[01m[K/home/ubuntu/Desktop/AK8064_ws_Jun/src/motor_driver/src/ControlMotor.cpp:1609:13:[m[K [01;31m[Kerror: [m[Kexpected â€˜[01m[K}[m[Kâ€™ before â€˜[01m[K{[m[Kâ€™ token
 1609 |             [01;31m[K{[m[K"ERROR", "%s", [this]() {
      |             [01;31m[K^[m[K
[01m[K/home/ubuntu/Desktop/AK8064_ws_Jun/src/motor_driver/src/ControlMotor.cpp:1502:24:[m[K [01;36m[Knote: [m[Kto match this â€˜[01m[K{[m[Kâ€™
 1502 |         command_map_ = [01;36m[K{[m[K
      |                        [01;36m[K^[m[K
[01m[K/home/ubuntu/Desktop/AK8064_ws_Jun/src/motor_driver/src/ControlMotor.cpp:[m[K In member function â€˜[01m[Kvoid MotorController::validatePositions(const std::vector<double, std::allocator<double> >&)[m[Kâ€™:
[01m[K/home/ubuntu/Desktop/AK8064_ws_Jun/src/motor_driver/src/ControlMotor.cpp:1632:23:[m[K [01;31m[Kerror: [m[Kâ€˜[01m[Kmin_angle_[m[Kâ€™ was not declared in this scope
 1632 |             if (pos < [01;31m[Kmin_angle_[m[K || pos > max_angle_) {
      |                       [01;31m[K^~~~~~~~~~[m[K
[01m[K/home/ubuntu/Desktop/AK8064_ws_Jun/src/motor_driver/src/ControlMotor.cpp:1632:43:[m[K [01;31m[Kerror: [m[Kâ€˜[01m[Kmax_angle_[m[Kâ€™ was not declared in this scope
 1632 |             if (pos < min_angle_ || pos > [01;31m[Kmax_angle_[m[K) {
      |                                           [01;31m[K^~~~~~~~~~[m[K
In file included from [01m[K/opt/ros/humble/include/rclcpp/rclcpp/client.hpp:40[m[K,
                 from [01m[K/opt/ros/humble/include/rclcpp/rclcpp/callback_group.hpp:24[m[K,
                 from [01m[K/opt/ros/humble/include/rclcpp/rclcpp/any_executable.hpp:20[m[K,
                 from [01m[K/opt/ros/humble/include/rclcpp/rclcpp/memory_strategy.hpp:25[m[K,
                 from [01m[K/opt/ros/humble/include/rclcpp/rclcpp/memory_strategies.hpp:18[m[K,
                 from [01m[K/opt/ros/humble/include/rclcpp/rclcpp/executor_options.hpp:20[m[K,
                 from [01m[K/opt/ros/humble/include/rclcpp/rclcpp/executor.hpp:37[m[K,
                 from [01m[K/opt/ros/humble/include/rclcpp/rclcpp/executors/multi_threaded_executor.hpp:25[m[K,
                 from [01m[K/opt/ros/humble/include/rclcpp/rclcpp/executors.hpp:21[m[K,
                 from [01m[K/opt/ros/humble/include/rclcpp/rclcpp/rclcpp.hpp:155[m[K,
                 from [01m[K/home/ubuntu/Desktop/AK8064_ws_Jun/src/motor_driver/src/ControlMotor.cpp:958[m[K:
[01m[K/home/ubuntu/Desktop/AK8064_ws_Jun/src/motor_driver/src/ControlMotor.cpp:1633:30:[m[K [01;31m[Kerror: [m[Kâ€˜[01m[Klogger_[m[Kâ€™ was not declared in this scope
 1633 |                 RCLCPP_ERROR([01;31m[Klogger_[m[K, "Motor 0x%02x: %Target position %.2f out of bounds [%.2f, %.2f]",
      |                              [01;31m[K^~~~~~~[m[K
[01m[K/home/ubuntu/Desktop/AK8064_ws_Jun/src/motor_driver/src/ControlMotor.cpp:1633:17:[m[K [01;31m[Kerror: [m[Ktemplate argument 1 is invalid
 1633 |                 [01;31m[KRCLCPP_ERROR[m[K(logger_, "Motor 0x%02x: %Target position %.2f out of bounds [%.2f, %.2f]",
      |                 [01;31m[K^~~~~~~~~~~~[m[K
[01m[K/home/ubuntu/Desktop/AK8064_ws_Jun/src/motor_driver/src/ControlMotor.cpp:1633:17:[m[K [01;31m[Kerror: [m[Ktemplate argument 1 is invalid
 1633 |                 [01;31m[KRCLCPP_ERROR[m[K(logger_, "Motor 0x%02x: %Target position %.2f out of bounds [%.2f, %.2f]",
      |                 [01;31m[K^~~~~~~~~~~~[m[K
[01m[K/home/ubuntu/Desktop/AK8064_ws_Jun/src/motor_driver/src/ControlMotor.cpp:1633:17:[m[K [01;31m[Kerror: [m[Ktemplate argument 1 is invalid
 1633 |                 [01;31m[KRCLCPP_ERROR[m[K(logger_, "Motor 0x%02x: %Target position %.2f out of bounds [%.2f, %.2f]",
      |                 [01;31m[K^~~~~~~~~~~~[m[K
In file included from [01m[K/opt/ros/humble/include/rclcpp/rclcpp/logging.hpp:24[m[K,
                 from [01m[K/opt/ros/humble/include/rclcpp/rclcpp/client.hpp:40[m[K,
                 from [01m[K/opt/ros/humble/include/rclcpp/rclcpp/callback_group.hpp:24[m[K,
                 from [01m[K/opt/ros/humble/include/rclcpp/rclcpp/any_executable.hpp:20[m[K,
                 from [01m[K/opt/ros/humble/include/rclcpp/rclcpp/memory_strategy.hpp:25[m[K,
                 from [01m[K/opt/ros/humble/include/rclcpp/rclcpp/memory_strategies.hpp:18[m[K,
                 from [01m[K/opt/ros/humble/include/rclcpp/rclcpp/executor_options.hpp:20[m[K,
                 from [01m[K/opt/ros/humble/include/rclcpp/rclcpp/executor.hpp:37[m[K,
                 from [01m[K/opt/ros/humble/include/rclcpp/rclcpp/executors/multi_threaded_executor.hpp:25[m[K,
                 from [01m[K/opt/ros/humble/include/rclcpp/rclcpp/executors.hpp:21[m[K,
                 from [01m[K/opt/ros/humble/include/rclcpp/rclcpp/rclcpp.hpp:155[m[K,
                 from [01m[K/home/ubuntu/Desktop/AK8064_ws_Jun/src/motor_driver/src/ControlMotor.cpp:958[m[K:
[01m[K/home/ubuntu/Desktop/AK8064_ws_Jun/src/motor_driver/src/ControlMotor.cpp:1634:29:[m[K [01;31m[Kerror: [m[Kâ€˜[01m[Kmotor_id_[m[Kâ€™ was not declared in this scope; did you mean â€˜[01m[KmotorId[m[Kâ€™?
 1634 |                             [01;31m[Kmotor_id_[m[K, pos, min_angle_, max_angle_);
      |                             [01;31m[K^~~~~~~~~[m[K
[01m[K/home/ubuntu/Desktop/AK8064_ws_Jun/src/motor_driver/src/ControlMotor.cpp:[m[K In member function â€˜[01m[Kvoid MotorController::validateSpeed()[m[Kâ€™:
[01m[K/home/ubuntu/Desktop/AK8064_ws_Jun/src/motor_driver/src/ControlMotor.cpp:1641:13:[m[K [01;31m[Kerror: [m[Kâ€˜[01m[Kspeed_[m[Kâ€™ was not declared in this scope
 1641 |         if ([01;31m[Kspeed_[m[K <= speed || speed_ <= speed0.0 || speed_ > speed5) {
      |             [01;31m[K^~~~~~[m[K
[01m[K/home/ubuntu/Desktop/AK8064_ws_Jun/src/motor_driver/src/ControlMotor.cpp:1641:23:[m[K [01;31m[Kerror: [m[Kâ€˜[01m[Kspeed[m[Kâ€™ was not declared in this scope
 1641 |         if (speed_ <= [01;31m[Kspeed[m[K || speed_ <= speed0.0 || speed_ > speed5) {
      |                       [01;31m[K^~~~~[m[K
[01m[K/home/ubuntu/Desktop/AK8064_ws_Jun/src/motor_driver/src/ControlMotor.cpp:1641:42:[m[K [01;31m[Kerror: [m[Kâ€˜[01m[Kspeed0[m[Kâ€™ was not declared in this scope
 1641 |         if (speed_ <= speed || speed_ <= [01;31m[Kspeed0[m[K.0 || speed_ > speed5) {
      |                                          [01;31m[K^~~~~~[m[K
[01m[K/home/ubuntu/Desktop/AK8064_ws_Jun/src/motor_driver/src/ControlMotor.cpp:1641:48:[m[K [01;31m[Kerror: [m[Kexpected â€˜[01m[K)[m[Kâ€™ before numeric constant
 1641 |         if (speed_ <= speed || speed_ <= speed0[01;31m[K.0[m[K || speed_ > speed5) {
      |                                                [01;31m[K^~[m[K
[01m[K/home/ubuntu/Desktop/AK8064_ws_Jun/src/motor_driver/src/ControlMotor.cpp:1641:12:[m[K [01;36m[Knote: [m[Kto match this â€˜[01m[K([m[Kâ€™
 1641 |         if [01;36m[K([m[Kspeed_ <= speed || speed_ <= speed0.0 || speed_ > speed5) {
      |            [01;36m[K^[m[K
[01m[K/home/ubuntu/Desktop/AK8064_ws_Jun/src/motor_driver/src/ControlMotor.cpp:1642:30:[m[K [01;31m[Kerror: [m[Kâ€˜[01m[Klogger_[m[Kâ€™ was not declared in this scope
 1642 |             RCLCPP_LOG_ERROR([01;31m[Klogger_[m[K, "Motor::0x%02x: Speed %.2f out of bounds [1.0, 50000.0]", motor_id_,
      |                              [01;31m[K^~~~~~~[m[K
[01m[K/home/ubuntu/Desktop/AK8064_ws_Jun/src/motor_driver/src/ControlMotor.cpp:1642:97:[m[K [01;31m[Kerror: [m[Kâ€˜[01m[Kmotor_id_[m[Kâ€™ was not declared in this scope; did you mean â€˜[01m[KmotorId[m[Kâ€™?
 1642 | LCPP_LOG_ERROR(logger_, "Motor::0x%02x: Speed %.2f out of bounds [1.0, 50000.0]", [01;31m[Kmotor_id_[m[K,
      |                                                                                   [01;31m[K^~~~~~~~~[m[K
      |                                                                                   [32m[KmotorId[m[K
[01m[K/home/ubuntu/Desktop/AK8064_ws_Jun/src/motor_driver/src/ControlMotor.cpp:1642:13:[m[K [01;31m[Kerror: [m[Kâ€˜[01m[KRCLCPP_LOG_ERROR[m[Kâ€™ was not declared in this scope; did you mean â€˜[01m[KRCLCPP_ERROR[m[Kâ€™?
 1642 |             [01;31m[KRCLCPP_LOG_ERROR[m[K(logger_, "Motor::0x%02x: Speed %.2f out of bounds [1.0, 50000.0]", motor_id_,
      |             [01;31m[K^~~~~~~~~~~~~~~~[m[K
      |             [32m[KRCLCPP_ERROR[m[K
[01m[K/home/ubuntu/Desktop/AK8064_ws_Jun/src/motor_driver/src/ControlMotor.cpp:1647:9:[m[K [01;31m[Kerror: [m[Kâ€˜[01m[Kspeed_[m[Kâ€™ was not declared in this scope
 1647 |         [01;31m[Kspeed_[m[K = std::speed_(speed_ * std::round(100.0) * 100.0 / 100.0);
      |         [01;31m[K^~~~~~[m[K
[01m[K/home/ubuntu/Desktop/AK8064_ws_Jun/src/motor_driver/src/ControlMotor.cpp:1647:23:[m[K [01;31m[Kerror: [m[Kâ€˜[01m[Kspeed_[m[Kâ€™ is not a member of â€˜[01m[Kstd[m[Kâ€™
 1647 |         speed_ = std::[01;31m[Kspeed_[m[K(speed_ * std::round(100.0) * 100.0 / 100.0);
      |                       [01;31m[K^~~~~~[m[K
[01m[K/home/ubuntu/Desktop/AK8064_ws_Jun/src/motor_driver/src/ControlMotor.cpp:[m[K In member function â€˜[01m[Kvoid MotorController::validateAccel()[m[Kâ€™:
[01m[K/home/ubuntu/Desktop/AK8064_ws_Jun/src/motor_driver/src/ControlMotor.cpp:1651:13:[m[K [01;31m[Kerror: [m[Kâ€˜[01m[Kaccel_[m[Kâ€™ was not declared in this scope; did you mean â€˜[01m[Kaccess[m[Kâ€™?
 1651 |         if ([01;31m[Kaccel_[m[K <= accel_0.0 || accel_ > accel_acc0.0 {
      |             [01;31m[K^~~~~~[m[K
      |             [32m[Kaccess[m[K
[01m[K/home/ubuntu/Desktop/AK8064_ws_Jun/src/motor_driver/src/ControlMotor.cpp:1651:23:[m[K [01;31m[Kerror: [m[Kâ€˜[01m[Kaccel_0[m[Kâ€™ was not declared in this scope
 1651 |         if (accel_ <= [01;31m[Kaccel_0[m[K.0 || accel_ > accel_acc0.0 {
      |                       [01;31m[K^~~~~~~[m[K
[01m[K/home/ubuntu/Desktop/AK8064_ws_Jun/src/motor_driver/src/ControlMotor.cpp:1657:23:[m[K [01;31m[Kerror: [m[Kâ€˜[01m[Kacc[m[Kâ€™ is not a member of â€˜[01m[Kstd[m[Kâ€™
 1657 |         accel_ = std::[01;31m[Kacc[m[K(accel_ * acc_.accel_ * 100 / 100.0 / 100.0);
      |                       [01;31m[K^~~[m[K
[01m[K/home/ubuntu/Desktop/AK8064_ws_Jun/src/motor_driver/src/ControlMotor.cpp:1657:36:[m[K [01;31m[Kerror: [m[Kâ€˜[01m[Kacc_[m[Kâ€™ was not declared in this scope; did you mean â€˜[01m[Kacct[m[Kâ€™?
 1657 |         accel_ = std::acc(accel_ * [01;31m[Kacc_[m[K.accel_ * 100 / 100.0 / 100.0);
      |                                    [01;31m[K^~~~[m[K
      |                                    [32m[Kacct[m[K
[01m[K/home/ubuntu/Desktop/AK8064_ws_Jun/src/motor_driver/src/ControlMotor.cpp:1657:70:[m[K [01;31m[Kerror: [m[Kexpected â€˜[01m[K)[m[Kâ€™ before â€˜[01m[K;[m[Kâ€™ token
 1657 |         accel_ = std::acc(accel_ * acc_.accel_ * 100 / 100.0 / 100.0)[01;31m[K;[m[K
      |                                                                      [01;31m[K^[m[K
[01m[K/home/ubuntu/Desktop/AK8064_ws_Jun/src/motor_driver/src/ControlMotor.cpp:1651:12:[m[K [01;36m[Knote: [m[Kto match this â€˜[01m[K([m[Kâ€™
 1651 |         if [01;36m[K([m[Kaccel_ <= accel_0.0 || accel_ > accel_acc0.0 {
      |            [01;36m[K^[m[K
[01m[K/home/ubuntu/Desktop/AK8064_ws_Jun/src/motor_driver/src/ControlMotor.cpp:[m[K In member function â€˜[01m[Kvoid MotorController::validateStep()[m[Kâ€™:
[01m[K/home/ubuntu/Desktop/AK8064_ws_Jun/src/motor_driver/src/ControlMotor.cpp:1661:13:[m[K [01;31m[Kerror: [m[Kâ€˜[01m[Kstep_[m[Kâ€™ was not declared in this scope
 1661 |         if ([01;31m[Kstep_[m[K <= step || step_0 || step_ > step90) {
      |             [01;31m[K^~~~~[m[K
[01m[K/home/ubuntu/Desktop/AK8064_ws_Jun/src/motor_driver/src/ControlMotor.cpp:1661:22:[m[K [01;31m[Kerror: [m[Kâ€˜[01m[Kstep[m[Kâ€™ was not declared in this scope; did you mean â€˜[01m[Kstop[m[Kâ€™?
 1661 |         if (step_ <= [01;31m[Kstep[m[K || step_0 || step_ > step90) {
      |                      [01;31m[K^~~~[m[K
      |                      [32m[Kstop[m[K
[01m[K/home/ubuntu/Desktop/AK8064_ws_Jun/src/motor_driver/src/ControlMotor.cpp:1661:30:[m[K [01;31m[Kerror: [m[Kâ€˜[01m[Kstep_0[m[Kâ€™ was not declared in this scope
 1661 |         if (step_ <= step || [01;31m[Kstep_0[m[K || step_ > step90) {
      |                              [01;31m[K^~~~~~[m[K
[01m[K/home/ubuntu/Desktop/AK8064_ws_Jun/src/motor_driver/src/ControlMotor.cpp:1661:48:[m[K [01;31m[Kerror: [m[Kâ€˜[01m[Kstep90[m[Kâ€™ was not declared in this scope
 1661 |         if (step_ <= step || step_0 || step_ > [01;31m[Kstep90[m[K) {
      |                                                [01;31m[K^~~~~~[m[K
[01m[K/home/ubuntu/Desktop/AK8064_ws_Jun/src/motor_driver/src/ControlMotor.cpp:1662:30:[m[K [01;31m[Kerror: [m[Kâ€˜[01m[Klogger_[m[Kâ€™ was not declared in this scope
 1662 |             RCLCPP_LOG_ERROR([01;31m[Klogger_[m[K, "Motor::%d out of bounds [1,0 %d]", motor_id_,
      |                              [01;31m[K^~~~~~~[m[K
[01m[K/home/ubuntu/Desktop/AK8064_ws_Jun/src/motor_driver/src/ControlMotor.cpp:1662:75:[m[K [01;31m[Kerror: [m[Kâ€˜[01m[Kmotor_id_[m[Kâ€™ was not declared in this scope; did you mean â€˜[01m[KmotorId[m[Kâ€™?
 1662 |             RCLCPP_LOG_ERROR(logger_, "Motor::%d out of bounds [1,0 %d]", [01;31m[Kmotor_id_[m[K,
      |                                                                           [01;31m[K^~~~~~~~~[m[K
      |                                                                           [32m[KmotorId[m[K
[01m[K/home/ubuntu/Desktop/AK8064_ws_Jun/src/motor_driver/src/ControlMotor.cpp:1662:13:[m[K [01;31m[Kerror: [m[Kâ€˜[01m[KRCLCPP_LOG_ERROR[m[Kâ€™ was not declared in this scope; did you mean â€˜[01m[KRCLCPP_ERROR[m[Kâ€™?
 1662 |             [01;31m[KRCLCPP_LOG_ERROR[m[K(logger_, "Motor::%d out of bounds [1,0 %d]", motor_id_,
      |             [01;31m[K^~~~~~~~~~~~~~~~[m[K
      |             [32m[KRCLCPP_ERROR[m[K
[01m[K/home/ubuntu/Desktop/AK8064_ws_Jun/src/motor_driver/src/ControlMotor.cpp:1664:19:[m[K [01;31m[Kerror: [m[Kâ€˜[01m[Kstep[m[Kâ€™ is not a class, namespace, or enumeration
 1664 |             throw [01;31m[Kstep[m[K::runtime_error("Step out of bounds");
      |                   [01;31m[K^~~~[m[K
[01m[K/home/ubuntu/Desktop/AK8064_ws_Jun/src/motor_driver/src/ControlMotor.cpp:1665:18:[m[K [01;31m[Kerror: [m[Kexpected â€˜[01m[K;[m[Kâ€™ before â€˜[01m[K)[m[Kâ€™ token
 1665 |             step_[01;31m[K)[m[K;
      |                  [01;31m[K^[m[K
[01m[K/home/ubuntu/Desktop/AK8064_ws_Jun/src/motor_driver/src/ControlMotor.cpp:[m[K In function â€˜[01m[Kvoid validateRepeat()[m[Kâ€™:
[01m[K/home/ubuntu/Desktop/AK8064_ws_Jun/src/motor_driver/src/ControlMotor.cpp:1671:13:[m[K [01;31m[Kerror: [m[Kâ€˜[01m[Krepeat_[m[Kâ€™ was not declared in this scope
 1671 |         if ([01;31m[Krepeat_[m[K < repeat_0) {
      |             [01;31m[K^~~~~~~[m[K
[01m[K/home/ubuntu/Desktop/AK8064_ws_Jun/src/motor_driver/src/ControlMotor.cpp:1671:23:[m[K [01;31m[Kerror: [m[Kâ€˜[01m[Krepeat_0[m[Kâ€™ was not declared in this scope
 1671 |         if (repeat_ < [01;31m[Krepeat_0[m[K) {
      |                       [01;31m[K^~~~~~~~[m[K
[01m[K/home/ubuntu/Desktop/AK8064_ws_Jun/src/motor_driver/src/ControlMotor.cpp:1672:56:[m[K [01;31m[Kerror: [m[Kâ€˜[01m[Kmotor_id_[m[Kâ€™ was not declared in this scope
 1672 |             RCLCPP_LOG_ERROR(repeat_, "Motor %0x%02x", [01;31m[Kmotor_id_[m[K, motor_id_);
      |                                                        [01;31m[K^~~~~~~~~[m[K
[01m[K/home/ubuntu/Desktop/AK8064_ws_Jun/src/motor_driver/src/ControlMotor.cpp:1672:13:[m[K [01;31m[Kerror: [m[Kâ€˜[01m[KRCLCPP_LOG_ERROR[m[Kâ€™ was not declared in this scope; did you mean â€˜[01m[KRCLCPP_ERROR[m[Kâ€™?
 1672 |             [01;31m[KRCLCPP_LOG_ERROR[m[K(repeat_, "Motor %0x%02x", motor_id_, motor_id_);
      |             [01;31m[K^~~~~~~~~~~~~~~~[m[K
      |             [32m[KRCLCPP_ERROR[m[K
[01m[K/home/ubuntu/Desktop/AK8064_ws_Jun/src/motor_driver/src/ControlMotor.cpp:1674:20:[m[K [01;31m[Kerror: [m[Kexpected â€˜[01m[K;[m[Kâ€™ before â€˜[01m[K)[m[Kâ€™ token
 1674 |             repeat_[01;31m[K)[m[K;
      |                    [01;31m[K^[m[K
      |                    [32m[K;[m[K
[01m[K/home/ubuntu/Desktop/AK8064_ws_Jun/src/motor_driver/src/ControlMotor.cpp:[m[K At global scope:
[01m[K/home/ubuntu/Desktop/AK8064_ws_Jun/src/motor_driver/src/ControlMotor.cpp:1677:9:[m[K [01;31m[Kerror: [m[Kexpected declaration before â€˜[01m[K}[m[Kâ€™ token
 1677 |         [01;31m[K}[m[K
      |         [01;31m[K^[m[K
[01m[K/home/ubuntu/Desktop/AK8064_ws_Jun/src/motor_driver/src/ControlMotor.cpp:1679:10:[m[K [01;31m[Kerror: [m[Kvariable or field â€˜[01m[KtransitionTo[m[Kâ€™ declared void
 1679 |     void [01;31m[KtransitionTo[m[K(State new_state) {
      |          [01;31m[K^~~~~~~~~~~~[m[K
[01m[K/home/ubuntu/Desktop/AK8064_ws_Jun/src/motor_driver/src/ControlMotor.cpp:1679:23:[m[K [01;31m[Kerror: [m[Kâ€˜[01m[KState[m[Kâ€™ was not declared in this scope; did you mean â€˜[01m[K_xstate[m[Kâ€™?
 1679 |     void transitionTo([01;31m[KState[m[K new_state) {
      |                       [01;31m[K^~~~~[m[K
      |                       [32m[K_xstate[m[K
[01m[K/home/ubuntu/Desktop/AK8064_ws_Jun/src/motor_driver/src/ControlMotor.cpp:[m[K In function â€˜[01m[Kvoid setOrigin(const string&)[m[Kâ€™:
[01m[K/home/ubuntu/Desktop/AK8064_ws_Jun/src/motor_driver/src/ControlMotor.cpp:1689:29:[m[K [01;31m[Kerror: [m[Kâ€˜[01m[Klogger_[m[Kâ€™ was not declared in this scope
 1689 |             RCLCPP_LOG_INFO([01;31m[Klogger_[m[K, "Motor %0x: %02x: Setting motor origin to %s...", motor_id_);
      |                             [01;31m[K^~~~~~~[m[K
[01m[K/home/ubuntu/Desktop/AK8064_ws_Jun/src/motor_driver/src/ControlMotor.cpp:1689:88:[m[K [01;31m[Kerror: [m[Kâ€˜[01m[Kmotor_id_[m[Kâ€™ was not declared in this scope
 1689 |       RCLCPP_LOG_INFO(logger_, "Motor %0x: %02x: Setting motor origin to %s...", [01;31m[Kmotor_id_[m[K);
      |                                                                                  [01;31m[K^~~~~~~~~[m[K

[01m[K/home/ubuntu/Desktop/AK8064_ws_Jun/src/motor_driver/src/ControlMotor.cpp:1689:13:[m[K [01;31m[Kerror: [m[Kâ€˜[01m[KRCLCPP_LOG_INFO[m[Kâ€™ was not declared in this scope; did you mean â€˜[01m[KRCLCPP_INFO[m[Kâ€™?
 1689 |             [01;31m[KRCLCPP_LOG_INFO[m[K(logger_, "Motor %0x: %02x: Setting motor origin to %s...", motor_id_);
      |             [01;31m[K^~~~~~~~~~~~~~~[m[K
      |             [32m[KRCLCPP_INFO[m[K
[01m[K/home/ubuntu/Desktop/AK8064_ws_Jun/src/motor_driver/src/ControlMotor.cpp:1690:18:[m[K [01;31m[Kerror: [m[Kâ€˜[01m[Kcan_[m[Kâ€™ was not declared in this scope
 1690 |             if (![01;31m[Kcan_[m[K->setOrigin(motor_id_, 0)) {
      |                  [01;31m[K^~~~[m[K
[01m[K/home/ubuntu/Desktop/AK8064_ws_Jun/src/motor_driver/src/ControlMotor.cpp:1693:20:[m[K [01;31m[Kerror: [m[Kexpected â€˜[01m[Kcatch[m[Kâ€™ before â€˜[01m[K{[m[Kâ€™ token
 1693 |             } else [01;31m[K{[m[K
      |                    [01;31m[K^[m[K
[01m[K/home/ubuntu/Desktop/AK8064_ws_Jun/src/motor_driver/src/ControlMotor.cpp:1693:20:[m[K [01;31m[Kerror: [m[Kexpected â€˜[01m[K([m[Kâ€™ before â€˜[01m[K{[m[Kâ€™ token
 1693 |             } else [01;31m[K{[m[K
      |                    [01;31m[K^[m[K
      |                    [32m[K([m[K
[01m[K/home/ubuntu/Desktop/AK8064_ws_Jun/src/motor_driver/src/ControlMotor.cpp:1693:20:[m[K [01;31m[Kerror: [m[Kexpected type-specifier before â€˜[01m[K{[m[Kâ€™ token
[01m[K/home/ubuntu/Desktop/AK8064_ws_Jun/src/motor_driver/src/ControlMotor.cpp:1693:19:[m[K [01;31m[Kerror: [m[Kexpected â€˜[01m[K)[m[Kâ€™ before â€˜[01m[K{[m[Kâ€™ token
 1693 |             } else[01;31m[K [m[K[32m[K{[m[K
      |                   [01;31m[K^[m[K[32m[K~[m[K
      |                   [32m[K)[m[K
[01m[K/home/ubuntu/Desktop/AK8064_ws_Jun/src/motor_driver/src/ControlMotor.cpp:1694:33:[m[K [01;31m[Kerror: [m[Kâ€˜[01m[Klogger_[m[Kâ€™ was not declared in this scope
 1694 |                 RCLCPP_LOG_INFO([01;31m[Klogger_[m[K, "Motor 0x%02x: %SetOrigin completed.", motor_id_);
      |                                 [01;31m[K^~~~~~~[m[K
[01m[K/home/ubuntu/Desktop/AK8064_ws_Jun/src/motor_driver/src/ControlMotor.cpp:1694:81:[m[K [01;31m[Kerror: [m[Kâ€˜[01m[Kmotor_id_[m[Kâ€™ was not declared in this scope
 1694 |                 RCLCPP_LOG_INFO(logger_, "Motor 0x%02x: %SetOrigin completed.", [01;31m[Kmotor_id_[m[K);
      |                                                                                 [01;31m[K^~~~~~~~~[m[K
[01m[K/home/ubuntu/Desktop/AK8064_ws_Jun/src/motor_driver/src/ControlMotor.cpp:1694:17:[m[K [01;31m[Kerror: [m[Kâ€˜[01m[KRCLCPP_LOG_INFO[m[Kâ€™ was not declared in this scope; did you mean â€˜[01m[KRCLCPP_INFO[m[Kâ€™?
 1694 |                 [01;31m[KRCLCPP_LOG_INFO[m[K(logger_, "Motor 0x%02x: %SetOrigin completed.", motor_id_);
      |                 [01;31m[K^~~~~~~~~~~~~~~[m[K
      |                 [32m[KRCLCPP_INFO[m[K
[01m[K/home/ubuntu/Desktop/AK8064_ws_Jun/src/motor_driver/src/ControlMotor.cpp:[m[K At global scope:
[01m[K/home/ubuntu/Desktop/AK8064_ws_Jun/src/motor_driver/src/ControlMotor.cpp:1696:11:[m[K [01;31m[Kerror: [m[Kexpected unqualified-id before â€˜[01m[Kcatch[m[Kâ€™
 1696 |         } [01;31m[Kcatch[m[K (const std::exception & e) {
      |           [01;31m[K^~~~~[m[K
[01m[K/home/ubuntu/Desktop/AK8064_ws_Jun/src/motor_driver/src/ControlMotor.cpp:1700:9:[m[K [01;31m[Kerror: [m[Kexpected declaration before â€˜[01m[K}[m[Kâ€™ token
 1700 |         [01;31m[K}[m[K
      |         [01;31m[K^[m[K
[01m[K/home/ubuntu/Desktop/AK8064_ws_Jun/src/motor_driver/src/ControlMotor.cpp:1701:5:[m[K [01;31m[Kerror: [m[Kexpected declaration before â€˜[01m[K}[m[Kâ€™ token
 1701 |     [01;31m[K}[m[K
      |     [01;31m[K^[m[K
[01m[K/home/ubuntu/Desktop/AK8064_ws_Jun/src/motor_driver/src/ControlMotor.cpp:[m[K In function â€˜[01m[Kvoid initializeParameters()[m[Kâ€™:
[01m[K/home/ubuntu/Desktop/AK8064_ws_Jun/src/motor_driver/src/ControlMotor.cpp:1704:9:[m[K [01;31m[Kerror: [m[Kâ€˜[01m[Knode_[m[Kâ€™ was not declared in this scope; did you mean â€˜[01m[Kmode_t[m[Kâ€™?
 1704 |         [01;31m[Knode_[m[K->declare_parameter(param_prefix_ + "target_positions", std::vector<double>{});
      |         [01;31m[K^~~~~[m[K
      |         [32m[Kmode_t[m[K
[01m[K/home/ubuntu/Desktop/AK8064_ws_Jun/src/motor_driver/src/ControlMotor.cpp:1704:34:[m[K [01;31m[Kerror: [m[Kâ€˜[01m[Kparam_prefix_[m[Kâ€™ was not declared in this scope
 1704 |         node_->declare_parameter([01;31m[Kparam_prefix_[m[K + "target_positions", std::vector<double>{});
      |                                  [01;31m[K^~~~~~~~~~~~~[m[K
[01m[K/home/ubuntu/Desktop/AK8064_ws_Jun/src/motor_driver/src/ControlMotor.cpp:1716:55:[m[K [01;31m[Kerror: [m[Kâ€˜[01m[Kspeed_[m[Kâ€™ was not declared in this scope
 1716 |         node_->get_parameter(param_prefix_ + "speed", [01;31m[Kspeed_[m[K);
      |                                                       [01;31m[K^~~~~~[m[K
[01m[K/home/ubuntu/Desktop/AK8064_ws_Jun/src/motor_driver/src/ControlMotor.cpp:1717:55:[m[K [01;31m[Kerror: [m[Kâ€˜[01m[Kaccel_[m[Kâ€™ was not declared in this scope; did you mean â€˜[01m[Kaccess[m[Kâ€™?
 1717 |         node_->get_parameter(param_prefix_ + "accel", [01;31m[Kaccel_[m[K);
      |                                                       [01;31m[K^~~~~~[m[K
      |                                                       [32m[Kaccess[m[K
[01m[K/home/ubuntu/Desktop/AK8064_ws_Jun/src/motor_driver/src/ControlMotor.cpp:1718:59:[m[K [01;31m[Kerror: [m[Kâ€˜[01m[Kmin_angle_[m[Kâ€™ was not declared in this scope
 1718 |         node_->get_parameter(param_prefix_ + "min_angle", [01;31m[Kmin_angle_[m[K);
      |                                                           [01;31m[K^~~~~~~~~~[m[K
[01m[K/home/ubuntu/Desktop/AK8064_ws_Jun/src/motor_driver/src/ControlMotor.cpp:1719:59:[m[K [01;31m[Kerror: [m[Kâ€˜[01m[Kmax_angle_[m[Kâ€™ was not declared in this scope
 1719 |         node_->get_parameter(param_prefix_ + "max_angle", [01;31m[Kmax_angle_[m[K);
      |                                                           [01;31m[K^~~~~~~~~~[m[K
[01m[K/home/ubuntu/Desktop/AK8064_ws_Jun/src/motor_driver/src/ControlMotor.cpp:1720:54:[m[K [01;31m[Kerror: [m[Kâ€˜[01m[Kstep_[m[Kâ€™ was not declared in this scope
 1720 |         node_->get_parameter(param_prefix_ + "step", [01;31m[Kstep_[m[K);
      |                                                      [01;31m[K^~~~~[m[K
[01m[K/home/ubuntu/Desktop/AK8064_ws_Jun/src/motor_driver/src/ControlMotor.cpp:1721:65:[m[K [01;31m[Kerror: [m[Kâ€˜[01m[Kreach_count_max_[m[Kâ€™ was not declared in this scope
 1721 |         node_->get_parameter(param_prefix_ + "reach_count_max", [01;31m[Kreach_count_max_[m[K);
      |                                                                 [01;31m[K^~~~~~~~~~~~~~~~[m[K
[01m[K/home/ubuntu/Desktop/AK8064_ws_Jun/src/motor_driver/src/ControlMotor.cpp:1722:56:[m[K [01;31m[Kerror: [m[Kâ€˜[01m[Krepeat_[m[Kâ€™ was not declared in this scope
 1722 |         node_->get_parameter(param_prefix_ + "repeat", [01;31m[Krepeat_[m[K);
      |                                                        [01;31m[K^~~~~~~[m[K
In file included from [01m[K/opt/ros/humble/include/rclcpp/rclcpp/client.hpp:40[m[K,
                 from [01m[K/opt/ros/humble/include/rclcpp/rclcpp/callback_group.hpp:24[m[K,
                 from [01m[K/opt/ros/humble/include/rclcpp/rclcpp/any_executable.hpp:20[m[K,
                 from [01m[K/opt/ros/humble/include/rclcpp/rclcpp/memory_strategy.hpp:25[m[K,
                 from [01m[K/opt/ros/humble/include/rclcpp/rclcpp/memory_strategies.hpp:18[m[K,
                 from [01m[K/opt/ros/humble/include/rclcpp/rclcpp/executor_options.hpp:20[m[K,
                 from [01m[K/opt/ros/humble/include/rclcpp/rclcpp/executor.hpp:37[m[K,
                 from [01m[K/opt/ros/humble/include/rclcpp/rclcpp/executors/multi_threaded_executor.hpp:25[m[K,
                 from [01m[K/opt/ros/humble/include/rclcpp/rclcpp/executors.hpp:21[m[K,
                 from [01m[K/opt/ros/humble/include/rclcpp/rclcpp/rclcpp.hpp:155[m[K,
                 from [01m[K/home/ubuntu/Desktop/AK8064_ws_Jun/src/motor_driver/src/ControlMotor.cpp:958[m[K:
[01m[K/home/ubuntu/Desktop/AK8064_ws_Jun/src/motor_driver/src/ControlMotor.cpp:1725:25:[m[K [01;31m[Kerror: [m[Kâ€˜[01m[Klogger_[m[Kâ€™ was not declared in this scope
 1725 |             RCLCPP_WARN([01;31m[Klogger_[m[K, "Motor 0x%02X: No target positions provided. Disabling AUTO mode.", motor_id_);
      |                         [01;31m[K^~~~~~~[m[K
[01m[K/home/ubuntu/Desktop/AK8064_ws_Jun/src/motor_driver/src/ControlMotor.cpp:1725:13:[m[K [01;31m[Kerror: [m[Ktemplate argument 1 is invalid
 1725 |             [01;31m[KRCLCPP_WARN[m[K(logger_, "Motor 0x%02X: No target positions provided. Disabling AUTO mode.", motor_id_);
      |             [01;31m[K^~~~~~~~~~~[m[K
[01m[K/home/ubuntu/Desktop/AK8064_ws_Jun/src/motor_driver/src/ControlMotor.cpp:1725:13:[m[K [01;31m[Kerror: [m[Ktemplate argument 1 is invalid
 1725 |             [01;31m[KRCLCPP_WARN[m[K(logger_, "Motor 0x%02X: No target positions provided. Disabling AUTO mode.", motor_id_);
      |             [01;31m[K^~~~~~~~~~~[m[K
[01m[K/home/ubuntu/Desktop/AK8064_ws_Jun/src/motor_driver/src/ControlMotor.cpp:1725:13:[m[K [01;31m[Kerror: [m[Ktemplate argument 1 is invalid
 1725 |             [01;31m[KRCLCPP_WARN[m[K(logger_, "Motor 0x%02X: No target positions provided. Disabling AUTO mode.", motor_id_);
      |             [01;31m[K^~~~~~~~~~~[m[K
In file included from [01m[K/opt/ros/humble/include/rclcpp/rclcpp/logging.hpp:24[m[K,
                 from [01m[K/opt/ros/humble/include/rclcpp/rclcpp/client.hpp:40[m[K,
                 from [01m[K/opt/ros/humble/include/rclcpp/rclcpp/callback_group.hpp:24[m[K,
                 from [01m[K/opt/ros/humble/include/rclcpp/rclcpp/any_executable.hpp:20[m[K,
                 from [01m[K/opt/ros/humble/include/rclcpp/rclcpp/memory_strategy.hpp:25[m[K,
                 from [01m[K/opt/ros/humble/include/rclcpp/rclcpp/memory_strategies.hpp:18[m[K,
                 from [01m[K/opt/ros/humble/include/rclcpp/rclcpp/executor_options.hpp:20[m[K,
                 from [01m[K/opt/ros/humble/include/rclcpp/rclcpp/executor.hpp:37[m[K,
                 from [01m[K/opt/ros/humble/include/rclcpp/rclcpp/executors/multi_threaded_executor.hpp:25[m[K,
                 from [01m[K/opt/ros/humble/include/rclcpp/rclcpp/executors.hpp:21[m[K,
                 from [01m[K/opt/ros/humble/include/rclcpp/rclcpp/rclcpp.hpp:155[m[K,
                 from [01m[K/home/ubuntu/Desktop/AK8064_ws_Jun/src/motor_driver/src/ControlMotor.cpp:958[m[K:
[01m[K/home/ubuntu/Desktop/AK8064_ws_Jun/src/motor_driver/src/ControlMotor.cpp:1725:102:[m[K [01;31m[Kerror: [m[Kâ€˜[01m[Kmotor_id_[m[Kâ€™ was not declared in this scope
 1725 | ARN(logger_, "Motor 0x%02X: No target positions provided. Disabling AUTO mode.", [01;31m[Kmotor_id_[m[K);
      |                                                                                  [01;31m[K^~~~~~~~~[m[K

[01m[K/home/ubuntu/Desktop/AK8064_ws_Jun/src/motor_driver/src/ControlMotor.cpp:1726:13:[m[K [01;31m[Kerror: [m[Kâ€˜[01m[Kmode_[m[Kâ€™ was not declared in this scope; did you mean â€˜[01m[Kmode_t[m[Kâ€™?
 1726 |             [01;31m[Kmode_[m[K = Mode::MANUAL; // Default to MANUAL mode
      |             [01;31m[K^~~~~[m[K
      |             [32m[Kmode_t[m[K
[01m[K/home/ubuntu/Desktop/AK8064_ws_Jun/src/motor_driver/src/ControlMotor.cpp:1726:21:[m[K [01;31m[Kerror: [m[Kâ€˜[01m[KMode[m[Kâ€™ has not been declared
 1726 |             mode_ = [01;31m[KMode[m[K::MANUAL; // Default to MANUAL mode
      |                     [01;31m[K^~~~[m[K
[01m[K/home/ubuntu/Desktop/AK8064_ws_Jun/src/motor_driver/src/ControlMotor.cpp:1728:13:[m[K [01;31m[Kerror: [m[Kâ€˜[01m[KvalidatePositions[m[Kâ€™ was not declared in this scope
 1728 |             [01;31m[KvalidatePositions[m[K(temp_positions);
      |             [01;31m[K^~~~~~~~~~~~~~~~~[m[K
[01m[K/home/ubuntu/Desktop/AK8064_ws_Jun/src/motor_driver/src/ControlMotor.cpp:1729:13:[m[K [01;31m[Kerror: [m[Kâ€˜[01m[Ktarget_positions_[m[Kâ€™ was not declared in this scope; did you mean â€˜[01m[Ktemp_positions[m[Kâ€™?
 1729 |             [01;31m[Ktarget_positions_[m[K.resize(temp_positions.size() * repeat_);
      |             [01;31m[K^~~~~~~~~~~~~~~~~[m[K
      |             [32m[Ktemp_positions[m[K
[01m[K/home/ubuntu/Desktop/AK8064_ws_Jun/src/motor_driver/src/ControlMotor.cpp:1737:9:[m[K [01;31m[Kerror: [m[Kâ€˜[01m[KvalidateSpeed[m[Kâ€™ was not declared in this scope; did you mean â€˜[01m[KvalidateRepeat[m[Kâ€™?
 1737 |         [01;31m[KvalidateSpeed[m[K();
      |         [01;31m[K^~~~~~~~~~~~~[m[K
      |         [32m[KvalidateRepeat[m[K
[01m[K/home/ubuntu/Desktop/AK8064_ws_Jun/src/motor_driver/src/ControlMotor.cpp:1738:9:[m[K [01;31m[Kerror: [m[Kâ€˜[01m[KvalidateAccel[m[Kâ€™ was not declared in this scope
 1738 |         [01;31m[KvalidateAccel[m[K();
      |         [01;31m[K^~~~~~~~~~~~~[m[K
[01m[K/home/ubuntu/Desktop/AK8064_ws_Jun/src/motor_driver/src/ControlMotor.cpp:1739:9:[m[K [01;31m[Kerror: [m[Kâ€˜[01m[KvalidateStep[m[Kâ€™ was not declared in this scope; did you mean â€˜[01m[KvalidateRepeat[m[Kâ€™?
 1739 |         [01;31m[KvalidateStep[m[K();
      |         [01;31m[K^~~~~~~~~~~~[m[K
      |         [32m[KvalidateRepeat[m[K
[01m[K/home/ubuntu/Desktop/AK8064_ws_Jun/src/motor_driver/src/ControlMotor.cpp:[m[K At global scope:
[01m[K/home/ubuntu/Desktop/AK8064_ws_Jun/src/motor_driver/src/ControlMotor.cpp:1743:1:[m[K [01;31m[Kerror: [m[Kexpected unqualified-id before â€˜[01m[Kpublic[m[Kâ€™
 1743 | [01;31m[Kpublic[m[K:
      | [01;31m[K^~~~~~[m[K
[01m[K/home/ubuntu/Desktop/AK8064_ws_Jun/src/motor_driver/src/ControlMotor.cpp:1746:1:[m[K [01;31m[Kerror: [m[Kexpected unqualified-id before â€˜[01m[Kprivate[m[Kâ€™
 1746 | [01;31m[Kprivate[m[K:
      | [01;31m[K^~~~~~~[m[K
[01m[K/home/ubuntu/Desktop/AK8064_ws_Jun/src/motor_driver/src/ControlMotor.cpp:1754:20:[m[K [01;31m[Kerror: [m[Kâ€˜[01m[Krclcpp::Logger::Logger()[m[Kâ€™ is private within this context
 1754 |     rclcpp::Logger [01;31m[Klogger_[m[K;
      |                    [01;31m[K^~~~~~~[m[K
In file included from [01m[K/opt/ros/humble/include/rclcpp/rclcpp/logging.hpp:23[m[K,
                 from [01m[K/opt/ros/humble/include/rclcpp/rclcpp/client.hpp:40[m[K,
                 from [01m[K/opt/ros/humble/include/rclcpp/rclcpp/callback_group.hpp:24[m[K,
                 from [01m[K/opt/ros/humble/include/rclcpp/rclcpp/any_executable.hpp:20[m[K,
                 from [01m[K/opt/ros/humble/include/rclcpp/rclcpp/memory_strategy.hpp:25[m[K,
                 from [01m[K/opt/ros/humble/include/rclcpp/rclcpp/memory_strategies.hpp:18[m[K,
                 from [01m[K/opt/ros/humble/include/rclcpp/rclcpp/executor_options.hpp:20[m[K,
                 from [01m[K/opt/ros/humble/include/rclcpp/rclcpp/executor.hpp:37[m[K,
                 from [01m[K/opt/ros/humble/include/rclcpp/rclcpp/executors/multi_threaded_executor.hpp:25[m[K,
                 from [01m[K/opt/ros/humble/include/rclcpp/rclcpp/executors.hpp:21[m[K,
                 from [01m[K/opt/ros/humble/include/rclcpp/rclcpp/rclcpp.hpp:155[m[K,
                 from [01m[K/home/ubuntu/Desktop/AK8064_ws_Jun/src/motor_driver/src/ControlMotor.cpp:958[m[K:
[01m[K/opt/ros/humble/include/rclcpp/rclcpp/logger.hpp:114:3:[m[K [01;36m[Knote: [m[Kdeclared private here
  114 |   [01;36m[KLogger[m[K()
      |   [01;36m[K^~~~~~[m[K
[01m[K/home/ubuntu/Desktop/AK8064_ws_Jun/src/motor_driver/src/ControlMotor.cpp:1755:5:[m[K [01;31m[Kerror: [m[Kâ€˜[01m[KState[m[Kâ€™ does not name a type; did you mean â€˜[01m[K_xstate[m[Kâ€™?
 1755 |     [01;31m[KState[m[K state_;
      |     [01;31m[K^~~~~[m[K
      |     [32m[K_xstate[m[K
[01m[K/home/ubuntu/Desktop/AK8064_ws_Jun/src/motor_driver/src/ControlMotor.cpp:1756:5:[m[K [01;31m[Kerror: [m[Kâ€˜[01m[KMode[m[Kâ€™ does not name a type; did you mean â€˜[01m[Kmode_t[m[Kâ€™?
 1756 |     [01;31m[KMode[m[K mode_;
      |     [01;31m[K^~~~[m[K
      |     [32m[Kmode_t[m[K
[01m[K/home/ubuntu/Desktop/AK8064_ws_Jun/src/motor_driver/src/ControlMotor.cpp:1772:19:[m[K [01;31m[Kerror: [m[Kno matching function for call to â€˜[01m[KSafetyChecker::SafetyChecker()[m[Kâ€™
 1772 |     SafetyChecker [01;31m[Ksafety_checker_[m[K;
      |                   [01;31m[K^~~~~~~~~~~~~~~[m[K
[01m[K/home/ubuntu/Desktop/AK8064_ws_Jun/src/motor_driver/src/ControlMotor.cpp:1083:5:[m[K [01;36m[Knote: [m[Kcandidate: â€˜[01m[KSafetyChecker::SafetyChecker(float, float, int)[m[Kâ€™
 1083 |     [01;36m[KSafetyChecker[m[K(float min_angle, float max_angle, int max_temperature)
      |     [01;36m[K^~~~~~~~~~~~~[m[K
[01m[K/home/ubuntu/Desktop/AK8064_ws_Jun/src/motor_driver/src/ControlMotor.cpp:1083:5:[m[K [01;36m[Knote: [m[K  candidate expects 3 arguments, 0 provided
[01m[K/home/ubuntu/Desktop/AK8064_ws_Jun/src/motor_driver/src/ControlMotor.cpp:1081:7:[m[K [01;36m[Knote: [m[Kcandidate: â€˜[01m[Kconstexpr SafetyChecker::SafetyChecker(const SafetyChecker&)[m[Kâ€™
 1081 | class [01;36m[KSafetyChecker[m[K {
      |       [01;36m[K^~~~~~~~~~~~~[m[K
[01m[K/home/ubuntu/Desktop/AK8064_ws_Jun/src/motor_driver/src/ControlMotor.cpp:1081:7:[m[K [01;36m[Knote: [m[K  candidate expects 1 argument, 0 provided
[01m[K/home/ubuntu/Desktop/AK8064_ws_Jun/src/motor_driver/src/ControlMotor.cpp:1081:7:[m[K [01;36m[Knote: [m[Kcandidate: â€˜[01m[Kconstexpr SafetyChecker::SafetyChecker(SafetyChecker&&)[m[Kâ€™
[01m[K/home/ubuntu/Desktop/AK8064_ws_Jun/src/motor_driver/src/ControlMotor.cpp:1081:7:[m[K [01;36m[Knote: [m[K  candidate expects 1 argument, 0 provided
[01m[K/home/ubuntu/Desktop/AK8064_ws_Jun/src/motor_driver/src/ControlMotor.cpp:1773:20:[m[K [01;31m[Kerror: [m[Kno matching function for call to â€˜[01m[KStatePublisher::StatePublisher()[m[Kâ€™
 1773 |     StatePublisher [01;31m[Kstate_publisher_[m[K;
      |                    [01;31m[K^~~~~~~~~~~~~~~~[m[K
[01m[K/home/ubuntu/Desktop/AK8064_ws_Jun/src/motor_driver/src/ControlMotor.cpp:1108:5:[m[K [01;36m[Knote: [m[Kcandidate: â€˜[01m[KStatePublisher::StatePublisher(rclcpp::Node*, const string&)[m[Kâ€™
 1108 |     [01;36m[KStatePublisher[m[K(rclcpp::Node* node, const std::string& name)
      |     [01;36m[K^~~~~~~~~~~~~~[m[K
[01m[K/home/ubuntu/Desktop/AK8064_ws_Jun/src/motor_driver/src/ControlMotor.cpp:1108:5:[m[K [01;36m[Knote: [m[K  candidate expects 2 arguments, 0 provided
[01m[K/home/ubuntu/Desktop/AK8064_ws_Jun/src/motor_driver/src/ControlMotor.cpp:1106:7:[m[K [01;36m[Knote: [m[Kcandidate: â€˜[01m[KStatePublisher::StatePublisher(const StatePublisher&)[m[Kâ€™
 1106 | class [01;36m[KStatePublisher[m[K {
      |       [01;36m[K^~~~~~~~~~~~~~[m[K
[01m[K/home/ubuntu/Desktop/AK8064_ws_Jun/src/motor_driver/src/ControlMotor.cpp:1106:7:[m[K [01;36m[Knote: [m[K  candidate expects 1 argument, 0 provided
[01m[K/home/ubuntu/Desktop/AK8064_ws_Jun/src/motor_driver/src/ControlMotor.cpp:1106:7:[m[K [01;36m[Knote: [m[Kcandidate: â€˜[01m[KStatePublisher::StatePublisher(StatePublisher&&)[m[Kâ€™
[01m[K/home/ubuntu/Desktop/AK8064_ws_Jun/src/motor_driver/src/ControlMotor.cpp:1106:7:[m[K [01;36m[Knote: [m[K  candidate expects 1 argument, 0 provided
[01m[K/home/ubuntu/Desktop/AK8064_ws_Jun/src/motor_driver/src/ControlMotor.cpp:1781:1:[m[K [01;31m[Kerror: [m[Kexpected declaration before â€˜[01m[K}[m[Kâ€™ token
 1781 | [01;31m[K}[m[K;
      | [01;31m[K^[m[K
[01m[K/home/ubuntu/Desktop/AK8064_ws_Jun/src/motor_driver/src/ControlMotor.cpp:[m[K In member function â€˜[01m[Kvoid MotorControlNode::controlLoop()[m[Kâ€™:
[01m[K/home/ubuntu/Desktop/AK8064_ws_Jun/src/motor_driver/src/ControlMotor.cpp:2018:59:[m[K [01;31m[Kerror: [m[Kâ€˜[01m[KVELOCITY_CONVERSION_FACTOR[m[Kâ€™ is not a member of â€˜[01m[KMotorController[m[Kâ€™
 2018 |                         data.velocity *= MotorController::[01;31m[KVELOCITY_CONVERSION_FACTOR[m[K;
      |                                                           [01;31m[K^~~~~~~~~~~~~~~~~~~~~~~~~~[m[K
gmake[2]: *** [CMakeFiles/ControlMotor.dir/build.make:76: CMakeFiles/ControlMotor.dir/src/ControlMotor.cpp.o] Error 1
gmake[1]: *** [CMakeFiles/Makefile2:137: CMakeFiles/ControlMotor.dir/all] Error 2
gmake: *** [Makefile:146: all] Error 2
